0.00000000E+00    0.00000000
0.51595430E+56    0.25000000
0.20551392E+57    0.50000000
0.46026694E+57    0.75000000
0.81408359E+57    1.00000000
0.12648672E+58    1.25000000
0.18101523E+58    1.50000000
0.24470656E+58    1.75000000
0.31722962E+58    2.00000000
0.39820823E+58    2.25000000
0.48722208E+58    2.50000000
0.58381065E+58    2.75000000
0.68748063E+58    3.00000000
0.79771671E+58    3.25000000
0.91399538E+58    3.50000000
0.10358003E+59    3.75000000
0.11626373E+59    4.00000000
0.12940475E+59    4.25000000
0.14296156E+59    4.50000000
0.17875108E+59    4.75000000
0.25575100E+59    5.00000000
0.28479649E+59    5.25000000
0.30597047E+59    5.50000000
0.32665829E+59    5.75000000
0.35470265E+59    6.00000000
0.42191652E+59    6.25000000
0.43815292E+59    6.50000000
0.45174774E+59    6.75000000
0.46347848E+59    7.00000000
0.47358979E+59    7.25000000
0.48183285E+59    7.50000000
0.48778447E+59    7.75000000
0.49258552E+59    8.00000000
0.49644239E+59    8.25000000
0.49942151E+59    8.50000000
0.50165733E+59    8.75000000
0.50324497E+59    9.00000000
0.50568836E+59    9.25000000
0.50827755E+59    9.50000000
0.51001896E+59    9.75000000
0.51148323E+59   10.00000000
0.51036024E+59   10.25000000
0.51350134E+59   10.50000000
0.51122899E+59   10.75000000
0.50827786E+59   11.00000000
0.50511084E+59   11.25000000
0.50149792E+59   11.50000000
0.49784503E+59   11.75000000
0.49385510E+59   12.00000000
0.48948007E+59   12.25000000
0.48513671E+59   12.50000000
0.48040030E+59   12.75000000
0.47572511E+59   13.00000000
0.47064771E+59   13.25000000
0.46540399E+59   13.50000000
0.45999683E+59   13.75000000
0.45442884E+59   14.00000000
0.44870017E+59   14.25000000
0.44280974E+59   14.50000000
0.43660795E+59   14.75000000
0.43041694E+59   15.00000000
0.42406586E+59   15.25000000
0.41755770E+59   15.50000000
0.41085350E+59   15.75000000
0.40408026E+59   16.00000000
0.39717472E+59   16.25000000
0.39017385E+59   16.50000000
0.38307486E+59   16.75000000
0.37593814E+59   17.00000000
0.36869603E+59   17.25000000
0.36139147E+59   17.50000000
0.35411133E+59   17.75000000
0.34672330E+59   18.00000000
0.33939482E+59   18.25000000
0.33196185E+59   18.50000000
0.32461982E+59   18.75000000
0.31717938E+59   19.00000000
0.30985776E+59   19.25000000
0.30244569E+59   19.50000000
0.29505911E+59   19.75000000
0.28782721E+59   20.00000000
0.28051916E+59   20.25000000
0.27338605E+59   20.50000000
0.26618635E+59   20.75000000
0.25905044E+59   21.00000000
0.25198480E+59   21.25000000
0.24499551E+59   21.50000000
0.23808816E+59   21.75000000
0.23126796E+59   22.00000000
0.22453970E+59   22.25000000
0.21790779E+59   22.50000000
0.21123889E+59   22.75000000
0.20481006E+59   23.00000000
0.19834794E+59   23.25000000
0.19213569E+59   23.50000000
0.18603704E+59   23.75000000
0.17990828E+59   24.00000000
0.17404297E+59   24.25000000
0.16829850E+59   24.50000000
0.16267674E+59   24.75000000
0.15702750E+59   25.00000000
0.15165513E+59   25.25000000
0.14640975E+59   25.50000000
0.14129216E+59   25.75000000
0.13630286E+59   26.00000000
0.13144211E+59   26.25000000
0.12670989E+59   26.50000000
0.12195579E+59   26.75000000
0.11748096E+59   27.00000000
0.11313325E+59   27.25000000
0.10891159E+59   27.50000000
0.10481472E+59   27.75000000
0.10084115E+59   28.00000000
0.96989215E+58   28.25000000
0.93257071E+58   28.50000000
0.89642732E+58   28.75000000
0.86144082E+58   29.00000000
0.82758894E+58   29.25000000
0.79611441E+58   29.50000000
0.76443713E+58   29.75000000
0.73382317E+58   30.00000000
0.70424777E+58   30.25000000
0.67568593E+58   30.50000000
0.64811253E+58   30.75000000
0.62150243E+58   31.00000000
0.59692738E+58   31.25000000
0.57214622E+58   31.50000000
0.54825409E+58   31.75000000
0.52522665E+58   32.00000000
0.50303995E+58   32.25000000
0.48265139E+58   32.50000000
0.46205334E+58   32.75000000
0.44222639E+58   33.00000000
0.42405938E+58   33.25000000
0.40568525E+58   33.50000000
0.38801610E+58   33.75000000
0.37103074E+58   34.00000000
0.35552724E+58   34.25000000
0.33982448E+58   34.50000000
0.32474407E+58   34.75000000
0.31101595E+58   35.00000000
0.29709859E+58   35.25000000
0.28444970E+58   35.50000000
0.27161963E+58   35.75000000
0.25931677E+58   36.00000000
0.24816135E+58   36.25000000
0.22971681E+58   36.50000000
0.21539712E+58   36.75000000
0.20303314E+58   37.00000000
0.19183750E+58   37.25000000
0.18065286E+58   37.50000000
0.17003035E+58   37.75000000
0.16098194E+58   38.00000000
0.15183647E+58   38.25000000
0.14410636E+58   38.50000000
0.13587330E+58   38.75000000
0.12888963E+58   39.00000000
0.12182062E+58   39.25000000
0.11506804E+58   39.50000000
0.10867883E+58   39.75000000
0.10298087E+58   40.00000000
0.97197495E+57   40.25000000
0.92052319E+57   40.50000000
0.87158874E+57   40.75000000
0.82180624E+57   41.00000000
0.78102318E+57   41.25000000
0.73593244E+57   41.50000000
0.69834860E+57   41.75000000
0.65752925E+57   42.00000000
0.62155000E+57   42.25000000
0.58738660E+57   42.50000000
0.55239770E+57   42.75000000
0.52344726E+57   43.00000000
0.49428381E+57   43.25000000
0.46655571E+57   43.50000000
0.44174360E+57   43.75000000
0.41457141E+57   44.00000000
0.39093183E+57   44.25000000
0.36778260E+57   44.50000000
0.34847586E+57   44.75000000
0.32829751E+57   45.00000000
0.30845581E+57   45.25000000
0.29037082E+57   45.50000000
0.27584294E+57   45.75000000
0.25791324E+57   46.00000000
0.24254168E+57   46.25000000
0.22881920E+57   46.50000000
0.21359330E+57   46.75000000
0.20266242E+57   47.00000000
0.19030719E+57   47.25000000
0.17929116E+57   47.50000000
0.16701064E+57   47.75000000
0.15720787E+57   48.00000000
0.14843057E+57   48.25000000
0.13855309E+57   48.50000000
0.12977319E+57   48.75000000
0.12196491E+57   49.00000000
0.11413669E+57   49.25000000
0.10627693E+57   49.50000000
0.10015828E+57   49.75000000
0.93970307E+56   50.00000000
0.87771499E+56   50.25000000
0.82272322E+56   50.50000000
0.76046438E+56   50.75000000
0.71197547E+56   51.00000000
0.66342103E+56   51.25000000
0.62044657E+56   51.50000000
0.57399004E+56   51.75000000
0.53369926E+56   52.00000000
0.49813096E+56   52.25000000
0.46250453E+56   52.50000000
0.43108763E+56   52.75000000
0.39037715E+56   53.00000000
0.36307393E+56   53.25000000
0.33324874E+56   53.50000000
0.29963644E+56   53.75000000
0.26219660E+56   54.00000000
0.22235223E+56   54.25000000
0.21142979E+56   54.50000000
0.20104340E+56   54.75000000
0.18995386E+56   55.00000000
0.18061895E+56   55.25000000
0.17174241E+56   55.50000000
0.16227641E+56   55.75000000
0.15429856E+56   56.00000000
0.14580368E+56   56.25000000
0.13863336E+56   56.50000000
0.13181543E+56   56.75000000
0.12456540E+56   57.00000000
0.11843753E+56   57.25000000
0.11261092E+56   57.50000000
0.10642382E+56   57.75000000
0.10118684E+56   58.00000000
0.96207422E+55   58.25000000
0.90927760E+55   58.50000000
0.86452108E+55   58.75000000
0.82196645E+55   59.00000000
0.77691567E+55   59.25000000
0.73866490E+55   59.50000000
0.70229650E+55   59.75000000
0.66385668E+55   60.00000000
