0.00000000E+00    0.00000000
0.91264208E+57    0.50000000
0.35593361E+58    1.00000000
0.77750521E+58    1.50000000
0.13359290E+59    2.00000000
0.20085764E+59    2.50000000
0.27717399E+59    3.00000000
0.36018701E+59    3.50000000
0.44759615E+59    4.00000000
0.53712971E+59    4.50000000
0.62652420E+59    5.00000000
0.71355452E+59    5.50000000
0.79611202E+59    6.00000000
0.87230178E+59    6.50000000
0.94053075E+59    7.00000000
0.32655881E+59    7.50000000
0.35846930E+59    8.00000000
0.38976194E+59    8.50000000
0.41999357E+59    9.00000000
0.44872775E+59    9.50000000
0.47555405E+59   10.00000000
0.50010391E+59   10.50000000
0.52206299E+59   11.00000000
0.54117968E+59   11.50000000
0.55726999E+59   12.00000000
0.57021887E+59   12.50000000
0.57997848E+59   13.00000000
0.58656388E+59   13.50000000
0.59004668E+59   14.00000000
0.59054742E+59   14.50000000
0.58822724E+59   15.00000000
0.58327935E+59   15.50000000
0.57592074E+59   16.00000000
0.56638448E+59   16.50000000
0.55491276E+59   17.00000000
0.54175075E+59   17.50000000
0.52714145E+59   18.00000000
0.51132135E+59   18.50000000
0.49451701E+59   19.00000000
0.47694239E+59   19.50000000
0.45879691E+59   20.00000000
0.44026410E+59   20.50000000
0.42151087E+59   21.00000000
0.40268716E+59   21.50000000
0.38392606E+59   22.00000000
0.36534420E+59   22.50000000
0.34704237E+59   23.00000000
0.32910639E+59   23.50000000
0.31160806E+59   24.00000000
0.29460624E+59   24.50000000
0.27814794E+59   25.00000000
0.26226948E+59   25.50000000
0.24699758E+59   26.00000000
0.23235044E+59   26.50000000
0.21833881E+59   27.00000000
0.20496695E+59   27.50000000
0.19223354E+59   28.00000000
0.18013252E+59   28.50000000
0.16865388E+59   29.00000000
0.15778431E+59   29.50000000
0.14750786E+59   30.00000000
0.13780647E+59   30.50000000
0.12866046E+59   31.00000000
0.12004895E+59   31.50000000
0.11195026E+59   32.00000000
0.10434217E+59   32.50000000
0.97202251E+58   33.00000000
0.90508035E+58   33.50000000
0.84237253E+58   34.00000000
0.78367965E+58   34.50000000
0.72878696E+58   35.00000000
0.67748538E+58   35.50000000
0.62957225E+58   36.00000000
0.58485199E+58   36.50000000
0.54313650E+58   37.00000000
0.50424544E+58   37.50000000
0.46800644E+58   38.00000000
0.43425515E+58   38.50000000
0.40283524E+58   39.00000000
0.37359832E+58   39.50000000
0.34640380E+58   40.00000000
0.32111872E+58   40.50000000
0.29761752E+58   41.00000000
0.27578182E+58   41.50000000
0.25550014E+58   42.00000000
0.23666765E+58   42.50000000
0.21918586E+58   43.00000000
0.20296233E+58   43.50000000
0.18791043E+58   44.00000000
0.17394898E+58   44.50000000
0.16100201E+58   45.00000000
0.14899847E+58   45.50000000
0.13787199E+58   46.00000000
0.12756054E+58   46.50000000
0.11800626E+58   47.00000000
0.10915517E+58   47.50000000
0.10095694E+58   48.00000000
0.93364668E+57   48.50000000
0.86334693E+57   49.00000000
0.79826353E+57   49.50000000
0.73801814E+57   50.00000000
0.68225886E+57   50.50000000
0.63065847E+57   51.00000000
0.58291283E+57   51.50000000
0.53873937E+57   52.00000000
0.49787557E+57   52.50000000
0.46007769E+57   53.00000000
0.42511945E+57   53.50000000
0.39279085E+57   54.00000000
0.36289702E+57   54.50000000
0.33525723E+57   55.00000000
0.30970384E+57   55.50000000
0.28608143E+57   56.00000000
0.26424593E+57   56.50000000
0.24406380E+57   57.00000000
0.22541131E+57   57.50000000
0.20817381E+57   58.00000000
0.19224512E+57   58.50000000
0.17752689E+57   59.00000000
0.16392804E+57   59.50000000
0.15136425E+57   60.00000000
