0.00000000E+00    0.00000000
0.27997329E+58    0.50000000
0.10695396E+59    1.00000000
0.22851963E+59    1.50000000
0.38346605E+59    2.00000000
0.56201088E+59    2.50000000
0.75423307E+59    3.00000000
0.95053985E+59    3.50000000
0.11421313E+60    4.00000000
0.13214058E+60    4.50000000
0.14822570E+60    5.00000000
0.16202348E+60    5.50000000
0.17325625E+60    6.00000000
0.18180272E+60    6.50000000
0.18767745E+60    7.00000000
0.19100461E+60    7.50000000
0.19198962E+60    8.00000000
0.19089178E+60    8.50000000
0.18799992E+60    9.00000000
0.18361227E+60    9.50000000
0.17802089E+60   10.00000000
0.17150040E+60   10.50000000
0.16430067E+60   11.00000000
0.15664253E+60   11.50000000
0.14871595E+60   12.00000000
0.14067989E+60   12.50000000
0.13266335E+60   13.00000000
0.12476707E+60   13.50000000
0.11706555E+60   14.00000000
0.10960935E+60   14.50000000
0.10242747E+60   15.00000000
0.95530143E+59   15.50000000
0.88912232E+59   16.00000000
0.82557744E+59   16.50000000
0.76445596E+59   17.00000000
0.70556455E+59   17.50000000
0.64879536E+59   18.00000000
0.59417554E+59   18.50000000
0.54187891E+59   19.00000000
0.49219160E+59   19.50000000
0.44544194E+59   20.00000000
0.40192089E+59   20.50000000
0.36182034E+59   21.00000000
0.32520488E+59   21.50000000
0.29201601E+59   22.00000000
0.26209742E+59   22.50000000
0.23522803E+59   23.00000000
0.21115292E+59   23.50000000
0.18960745E+59   24.00000000
0.17033356E+59   24.50000000
0.15308931E+59   25.00000000
0.13765362E+59   25.50000000
0.12382766E+59   26.00000000
0.11143434E+59   26.50000000
0.10031681E+59   27.00000000
0.90336511E+58   27.50000000
0.81371103E+58   28.00000000
0.73312523E+58   28.50000000
0.66065189E+58   29.00000000
0.59544409E+58   29.50000000
0.53675006E+58   30.00000000
0.48390114E+58   30.50000000
0.43630154E+58   31.00000000
0.39341947E+58   31.50000000
0.35477955E+58   32.00000000
0.31995622E+58   32.50000000
0.28856807E+58   33.00000000
0.26027289E+58   33.50000000
0.23476342E+58   34.00000000
0.21176348E+58   34.50000000
0.19102475E+58   35.00000000
0.17232382E+58   35.50000000
0.15545958E+58   36.00000000
0.14025094E+58   36.50000000
0.12653482E+58   37.00000000
0.11416428E+58   37.50000000
0.10300692E+58   38.00000000
0.92943426E+57   38.50000000
0.83866255E+57   39.00000000
0.75678469E+57   39.50000000
0.68292682E+57   40.00000000
0.61630115E+57   40.50000000
0.55619744E+57   41.00000000
0.50197538E+57   41.50000000
0.45305763E+57   42.00000000
0.40892367E+57   42.50000000
0.36910417E+57   43.00000000
0.33317595E+57   43.50000000
0.30075746E+57   44.00000000
0.27150465E+57   44.50000000
0.24510730E+57   45.00000000
0.22128566E+57   45.50000000
0.19978750E+57   46.00000000
0.18038534E+57   46.50000000
0.16287407E+57   47.00000000
0.14706870E+57   47.50000000
0.13280243E+57   48.00000000
0.11992480E+57   48.50000000
0.10830013E+57   49.00000000
0.97806050E+56   49.50000000
0.88332173E+56   50.00000000
0.79778945E+56   50.50000000
0.72056562E+56   51.00000000
0.65084014E+56   51.50000000
0.58788223E+56   52.00000000
0.53103263E+56   52.50000000
0.47969654E+56   53.00000000
0.43333734E+56   53.50000000
0.39147083E+56   54.00000000
0.35366012E+56   54.50000000
0.31951097E+56   55.00000000
0.28866762E+56   55.50000000
0.26080901E+56   56.00000000
0.23564538E+56   56.50000000
0.21291522E+56   57.00000000
0.19238248E+56   57.50000000
0.17383410E+56   58.00000000
0.15707775E+56   58.50000000
0.14193981E+56   59.00000000
0.12826354E+56   59.50000000
0.11590743E+56   60.00000000
