0.00000000E+00    0.00000000
0.91264208E+57    0.50000000
0.35593361E+58    1.00000000
0.77750521E+58    1.50000000
0.13359290E+59    2.00000000
0.20085764E+59    2.50000000
0.27717399E+59    3.00000000
0.36018701E+59    3.50000000
0.44759615E+59    4.00000000
0.53712971E+59    4.50000000
0.62652420E+59    5.00000000
0.71355452E+59    5.50000000
0.79611202E+59    6.00000000
0.87230178E+59    6.50000000
0.94053075E+59    7.00000000
0.99956959E+59    7.50000000
0.10485820E+60    8.00000000
0.10871229E+60    8.50000000
0.11151106E+60    9.00000000
0.11327814E+60    9.50000000
0.11406331E+60   10.00000000
0.11393647E+60   10.50000000
0.11298177E+60   11.00000000
0.11129224E+60   11.50000000
0.10896514E+60   12.00000000
0.10609808E+60   12.50000000
0.10278605E+60   13.00000000
0.99119063E+59   13.50000000
0.95180665E+59   14.00000000
0.91046865E+59   14.50000000
0.86785628E+59   15.00000000
0.82456719E+59   15.50000000
0.78111845E+59   16.00000000
0.73794998E+59   16.50000000
0.69542956E+59   17.00000000
0.65385871E+59   17.50000000
0.61347901E+59   18.00000000
0.57447863E+59   18.50000000
0.53699885E+59   19.00000000
0.50114012E+59   19.50000000
0.46696796E+59   20.00000000
0.43451821E+59   20.50000000
0.40380197E+59   21.00000000
0.37480983E+59   21.50000000
0.34751581E+59   22.00000000
0.32188065E+59   22.50000000
0.29785479E+59   23.00000000
0.27538083E+59   23.50000000
0.25439567E+59   24.00000000
0.23483234E+59   24.50000000
0.21662148E+59   25.00000000
0.19969257E+59   25.50000000
0.18397497E+59   26.00000000
0.16939875E+59   26.50000000
0.15589529E+59   27.00000000
0.14339783E+59   27.50000000
0.13184183E+59   28.00000000
0.12116526E+59   28.50000000
0.11130880E+59   29.00000000
0.10221596E+59   29.50000000
0.93833141E+58   30.00000000
0.86109658E+58   30.50000000
0.78997731E+58   31.00000000
0.72452428E+58   31.50000000
0.66431598E+58   32.00000000
0.60895778E+58   32.50000000
0.55808100E+58   33.00000000
0.51134170E+58   33.50000000
0.46841960E+58   34.00000000
0.42901685E+58   34.50000000
0.39285680E+58   35.00000000
0.35968285E+58   35.50000000
0.32925719E+58   36.00000000
0.30135970E+58   36.50000000
0.27578681E+58   37.00000000
0.25235038E+58   37.50000000
0.23087674E+58   38.00000000
0.21120562E+58   38.50000000
0.19318926E+58   39.00000000
0.17669150E+58   39.50000000
0.16158695E+58   40.00000000
0.14776022E+58   40.50000000
0.13510513E+58   41.00000000
0.12352406E+58   41.50000000
0.11292729E+58   42.00000000
0.10323238E+58   42.50000000
0.94363634E+57   43.00000000
0.86251551E+57   43.50000000
0.78832348E+57   44.00000000
0.72047508E+57   44.50000000
0.65843361E+57   45.00000000
0.60170695E+57   45.50000000
0.54984398E+57   46.00000000
0.50243127E+57   46.50000000
0.45909002E+57   47.00000000
0.41947320E+57   47.50000000
0.38326299E+57   48.00000000
0.35016838E+57   48.50000000
0.31992290E+57   49.00000000
0.29228266E+57   49.50000000
0.26702442E+57   50.00000000
0.24394390E+57   50.50000000
0.22285419E+57   51.00000000
0.20358429E+57   51.50000000
0.18597777E+57   52.00000000
0.16989155E+57   52.50000000
0.15519480E+57   53.00000000
0.14176786E+57   53.50000000
0.12950131E+57   54.00000000
0.11829512E+57   54.50000000
0.10805785E+57   55.00000000
0.98705893E+56   55.50000000
0.90162830E+56   56.00000000
0.82358817E+56   56.50000000
0.75230017E+56   57.00000000
0.68718089E+56   57.50000000
0.62769718E+56   58.00000000
0.57336182E+56   58.50000000
0.52372965E+56   59.00000000
0.47839387E+56   59.50000000
0.43698282E+56   60.00000000
