0.00000000E+00    0.00000000
0.15553400E+57    0.50000000
0.60211297E+57    1.00000000
0.13098777E+58    1.50000000
0.22493556E+58    2.00000000
0.33916463E+58    2.50000000
0.47085978E+58    3.00000000
0.61729709E+58    3.50000000
0.77585897E+58    4.00000000
0.49269453E+59    4.50000000
0.56594822E+59    5.00000000
0.63590508E+59    5.50000000
0.70143267E+59    6.00000000
0.76164788E+59    6.50000000
0.81589962E+59    7.00000000
0.86374813E+59    7.50000000
0.90494194E+59    8.00000000
0.93939378E+59    8.50000000
0.96715618E+59    9.00000000
0.98839784E+59    9.50000000
0.10033810E+60   10.00000000
0.10124409E+60   10.50000000
0.10159665E+60   11.00000000
0.10143842E+60   11.50000000
0.10081433E+60   12.00000000
0.99770337E+59   12.50000000
0.98352443E+59   13.00000000
0.96605837E+59   13.50000000
0.94574245E+59   14.00000000
0.92299422E+59   14.50000000
0.89820785E+59   15.00000000
0.87175161E+59   15.50000000
0.84396630E+59   16.00000000
0.81516452E+59   16.50000000
0.78563057E+59   17.00000000
0.75562090E+59   17.50000000
0.72536492E+59   18.00000000
0.69506618E+59   18.50000000
0.66490368E+59   19.00000000
0.63503341E+59   19.50000000
0.60558993E+59   20.00000000
0.57668799E+59   20.50000000
0.54842420E+59   21.00000000
0.52087859E+59   21.50000000
0.49411623E+59   22.00000000
0.46818865E+59   22.50000000
0.44313534E+59   23.00000000
0.41898500E+59   23.50000000
0.39575686E+59   24.00000000
0.37346179E+59   24.50000000
0.35210335E+59   25.00000000
0.33167883E+59   25.50000000
0.31218006E+59   26.00000000
0.29359426E+59   26.50000000
0.27590477E+59   27.00000000
0.25909169E+59   27.50000000
0.24313247E+59   28.00000000
0.22800242E+59   28.50000000
0.21367521E+59   29.00000000
0.20012322E+59   29.50000000
0.18731797E+59   30.00000000
0.17523036E+59   30.50000000
0.16383101E+59   31.00000000
0.15309045E+59   31.50000000
0.14297933E+59   32.00000000
0.13346861E+59   32.50000000
0.12452969E+59   33.00000000
0.11613452E+59   33.50000000
0.10825573E+59   34.00000000
0.10086670E+59   34.50000000
0.93941581E+58   35.00000000
0.87455411E+58   35.50000000
0.81384108E+58   36.00000000
0.75704504E+58   36.50000000
0.70394364E+58   37.00000000
0.65432389E+58   37.50000000
0.60798216E+58   38.00000000
0.56472410E+58   38.50000000
0.52436457E+58   39.00000000
0.48672740E+58   39.50000000
0.45164526E+58   40.00000000
0.41895939E+58   40.50000000
0.38851938E+58   41.00000000
0.36018288E+58   41.50000000
0.33381533E+58   42.00000000
0.30928966E+58   42.50000000
0.28648600E+58   43.00000000
0.26529140E+58   43.50000000
0.24559948E+58   44.00000000
0.22731019E+58   44.50000000
0.21032945E+58   45.00000000
0.19456894E+58   45.50000000
0.17994573E+58   46.00000000
0.16638207E+58   46.50000000
0.15380507E+58   47.00000000
0.14214649E+58   47.50000000
0.13134242E+58   48.00000000
0.12133312E+58   48.50000000
0.11206272E+58   49.00000000
0.10347900E+58   49.50000000
0.95533231E+57   50.00000000
0.88179908E+57   50.50000000
0.81376590E+57   51.00000000
0.75083703E+57   51.50000000
0.69264364E+57   52.00000000
0.63884218E+57   52.50000000
0.58911272E+57   53.00000000
0.54315754E+57   53.50000000
0.50069960E+57   54.00000000
0.46148132E+57   54.50000000
0.42526321E+57   55.00000000
0.39182275E+57   55.50000000
0.36095321E+57   56.00000000
0.33246266E+57   56.50000000
0.30617290E+57   57.00000000
0.28191861E+57   57.50000000
0.25954640E+57   58.00000000
0.23891405E+57   58.50000000
0.21988969E+57   59.00000000
0.20235113E+57   59.50000000
0.18618515E+57   60.00000000
