0.00000000E+00    0.00000000
0.15553400E+57    0.50000000
0.60211297E+57    1.00000000
0.13098777E+58    1.50000000
0.22493556E+58    2.00000000
0.33916463E+58    2.50000000
0.47085978E+58    3.00000000
0.61729709E+58    3.50000000
0.77585897E+58    4.00000000
0.94404755E+58    4.50000000
0.11194963E+59    5.00000000
0.12999800E+59    5.50000000
0.14834221E+59    6.00000000
0.16679012E+59    6.50000000
0.18516543E+59    7.00000000
0.20706232E+60    7.50000000
0.20712371E+60    8.00000000
0.20521811E+60    8.50000000
0.20161847E+60    9.00000000
0.19659604E+60    9.50000000
0.19041132E+60   10.00000000
0.18330772E+60   10.50000000
0.17550765E+60   11.00000000
0.16721025E+60   11.50000000
0.15859069E+60   12.00000000
0.14980047E+60   12.50000000
0.14096837E+60   13.00000000
0.13220206E+60   13.50000000
0.12358978E+60   14.00000000
0.11520240E+60   14.50000000
0.10709532E+60   15.00000000
0.99310455E+59   15.50000000
0.91878032E+59   16.00000000
0.84818347E+59   16.50000000
0.78143303E+59   17.00000000
0.71857827E+59   17.50000000
0.65961123E+59   18.00000000
0.60447769E+59   18.50000000
0.55308683E+59   19.00000000
0.50531943E+59   19.50000000
0.46103501E+59   20.00000000
0.42007775E+59   20.50000000
0.38228156E+59   21.00000000
0.34747422E+59   21.50000000
0.31548081E+59   22.00000000
0.28612648E+59   22.50000000
0.25923870E+59   23.00000000
0.23464897E+59   23.50000000
0.21219415E+59   24.00000000
0.19171751E+59   24.50000000
0.17306938E+59   25.00000000
0.15610765E+59   25.50000000
0.14069804E+59   26.00000000
0.12671422E+59   26.50000000
0.11403780E+59   27.00000000
0.10255820E+59   27.50000000
0.92172502E+58   28.00000000
0.82785133E+58   28.50000000
0.74307623E+58   29.00000000
0.66658250E+58   29.50000000
0.59761700E+58   30.00000000
0.53548708E+58   30.50000000
0.47955688E+58   31.00000000
0.42924378E+58   31.50000000
0.38401477E+58   32.00000000
0.34338301E+58   32.50000000
0.30690450E+58   33.00000000
0.27417482E+58   33.50000000
0.24482612E+58   34.00000000
0.21852419E+58   34.50000000
0.19496578E+58   35.00000000
0.17387597E+58   35.50000000
0.15500584E+58   36.00000000
0.13813022E+58   36.50000000
0.12304559E+58   37.00000000
0.10956821E+58   37.50000000
0.97532291E+57   38.00000000
0.86788411E+57   38.50000000
0.77201971E+57   39.00000000
0.68651833E+57   39.50000000
0.61029046E+57   40.00000000
0.54235695E+57   40.50000000
0.48183834E+57   41.00000000
0.42794527E+57   41.50000000
0.37996970E+57   42.00000000
0.33727685E+57   42.50000000
0.29929800E+57   43.00000000
0.26552390E+57   43.50000000
0.23549876E+57   44.00000000
0.20881487E+57   44.50000000
0.18510772E+57   45.00000000
0.16405157E+57   45.50000000
0.14535545E+57   46.00000000
0.12875959E+57   46.50000000
0.11403218E+57   47.00000000
0.10096642E+57   47.50000000
0.89377915E+56   48.00000000
0.79102319E+56   48.50000000
0.69993206E+56   49.00000000
0.61920165E+56   49.50000000
0.54767092E+56   50.00000000
0.48430661E+56   50.50000000
0.42818945E+56   51.00000000
0.37850186E+56   51.50000000
0.33451701E+56   52.00000000
0.29558887E+56   52.50000000
0.26114346E+56   53.00000000
0.23067096E+56   53.50000000
0.20371867E+56   54.00000000
0.17988471E+56   54.50000000
0.15881246E+56   55.00000000
0.14018550E+56   55.50000000
0.12372320E+56   56.00000000
0.10917669E+56   56.50000000
0.96325364E+55   57.00000000
0.84973709E+55   57.50000000
0.74948476E+55   58.00000000
0.66096199E+55   58.50000000
0.58280962E+55   59.00000000
0.51382420E+55   59.50000000
0.45294040E+55   60.00000000
