0.00000000E+00    0.00000000
0.15553400E+57    0.50000000
0.60211297E+57    1.00000000
0.13098777E+58    1.50000000
0.22493556E+58    2.00000000
0.33916463E+58    2.50000000
0.47085978E+58    3.00000000
0.61729709E+58    3.50000000
0.77585897E+58    4.00000000
0.94404755E+58    4.50000000
0.11194963E+59    5.00000000
0.12999800E+59    5.50000000
0.14834221E+59    6.00000000
0.16679012E+59    6.50000000
0.18516543E+59    7.00000000
0.20330794E+59    7.50000000
0.22107352E+59    8.00000000
0.23833402E+59    8.50000000
0.25497690E+59    9.00000000
0.27090486E+59    9.50000000
0.28603524E+59   10.00000000
0.30029939E+59   10.50000000
0.31364188E+59   11.00000000
0.32601975E+59   11.50000000
0.33740161E+59   12.00000000
0.34776678E+59   12.50000000
0.35710434E+59   13.00000000
0.36541227E+59   13.50000000
0.37269651E+59   14.00000000
0.37897009E+59   14.50000000
0.38425227E+59   15.00000000
0.38856771E+59   15.50000000
0.39194572E+59   16.00000000
0.39441949E+59   16.50000000
0.39602540E+59   17.00000000
0.39680241E+59   17.50000000
0.39679147E+59   18.00000000
0.39603497E+59   18.50000000
0.39457626E+59   19.00000000
0.39245922E+59   19.50000000
0.38972788E+59   20.00000000
0.38642607E+59   20.50000000
0.38259715E+59   21.00000000
0.37828370E+59   21.50000000
0.37352736E+59   22.00000000
0.36836860E+59   22.50000000
0.36284661E+59   23.00000000
0.35699914E+59   23.50000000
0.35086244E+59   24.00000000
0.34447115E+59   24.50000000
0.33785828E+59   25.00000000
0.33105515E+59   25.50000000
0.32409142E+59   26.00000000
0.31699503E+59   26.50000000
0.30979227E+59   27.00000000
0.30250773E+59   27.50000000
0.29516441E+59   28.00000000
0.28778371E+59   28.50000000
0.28038549E+59   29.00000000
0.27298809E+59   29.50000000
0.26560845E+59   30.00000000
0.25826209E+59   30.50000000
0.25096323E+59   31.00000000
0.24372481E+59   31.50000000
0.23655857E+59   32.00000000
0.22947510E+59   32.50000000
0.22248391E+59   33.00000000
0.21559351E+59   33.50000000
0.20881142E+59   34.00000000
0.20214425E+59   34.50000000
0.19559780E+59   35.00000000
0.18917703E+59   35.50000000
0.18288619E+59   36.00000000
0.17672884E+59   36.50000000
0.17070789E+59   37.00000000
0.16482565E+59   37.50000000
0.15908391E+59   38.00000000
0.15348391E+59   38.50000000
0.14802647E+59   39.00000000
0.14271197E+59   39.50000000
0.13754037E+59   40.00000000
0.13251133E+59   40.50000000
0.12762413E+59   41.00000000
0.12287780E+59   41.50000000
0.11827109E+59   42.00000000
0.11380251E+59   42.50000000
0.10947037E+59   43.00000000
0.10527278E+59   43.50000000
0.10120769E+59   44.00000000
0.97272906E+58   44.50000000
0.93466103E+58   45.00000000
0.89784851E+58   45.50000000
0.86226625E+58   46.00000000
0.82788824E+58   46.50000000
0.79468783E+58   47.00000000
0.76263787E+58   47.50000000
0.73171081E+58   48.00000000
0.70187881E+58   48.50000000
0.67311387E+58   49.00000000
0.64538789E+58   49.50000000
0.61867274E+58   50.00000000
0.59294038E+58   50.50000000
0.56816287E+58   51.00000000
0.54431249E+58   51.50000000
0.52136176E+58   52.00000000
0.49928347E+58   52.50000000
0.47805078E+58   53.00000000
0.45763719E+58   53.50000000
0.43801665E+58   54.00000000
0.41916351E+58   54.50000000
0.40105262E+58   55.00000000
0.38365927E+58   55.50000000
0.36695930E+58   56.00000000
0.35092904E+58   56.50000000
0.33554536E+58   57.00000000
0.32078568E+58   57.50000000
0.30662795E+58   58.00000000
0.29305069E+58   58.50000000
0.28003298E+58   59.00000000
0.26755444E+58   59.50000000
0.25559527E+58   60.00000000
