  0.1  0.
  0.2  0.
  0.3  0.
  0.4  0.
  0.5  0.
  0.6  0.
  0.7  0.
  0.8  0.
  0.9  0.
  1.  0.
  1.1  0.
  1.2  0.
  1.3  0.
  1.4  0.
  1.5  0.
  1.6  0.
  1.7  0.
  1.8  0.
  1.9  0.
  2.  0.
  2.1  0.
  2.2  0.
  2.3  0.
  2.4  0.
  2.5  0.
  2.6  0.
  2.7  0.
  2.8  0.
  2.9  0.
  3.  0.
  3.1  0.
  3.2  0.
  3.3  0.
  3.4  0.
  3.5  0.
  3.6  0.
  3.7  0.
  3.8  0.
  3.9  0.
  4.  0.
  4.1  0.
  4.2  0.
  4.3  0.
  4.4  0.
  4.5  0.
  4.6  0.
  4.7  0.
  4.8  0.
  4.9  0.
  5.  0.
  5.1  0.
  5.2  0.
  5.3  0.
  5.4  0.
  5.5  0.
  5.6  0.
  5.7  0.
  5.8  0.
  5.9  0.
  6.  0.
  6.1  0.
  6.2  0.
  6.3  0.
  6.4  0.
  6.5  0.
  6.6  0.
  6.7  0.
  6.8  0.
  6.9  0.
  7.  0.
  7.1  0.
  7.2  0.
  7.3  0.
  7.4  0.
  7.5  0.
  7.6  0.
  7.7  0.
  7.8  0.
  7.9  0.
  8.  0.
  8.1  0.
  8.2  0.
  8.3  0.
  8.4  0.
  8.5  0.
  8.6  0.
  8.7  0.
  8.8  0.
  8.9  0.
  9.  0.
  9.1  0.
  9.2  0.
  9.3  0.
  9.4  0.
  9.5  0.
  9.6  0.
  9.7  0.
  9.8  0.
  9.9  0.
  10.  0.
  10.1  0.
  10.2  0.
  10.3  0.
  10.4  0.
  10.5  0.
  10.6  0.
  10.7  0.
  10.8  0.
  10.9  0.
  11.  0.
  11.1  0.
  11.2  0.
  11.3  0.
  11.4  0.
  11.5  0.
  11.6  0.
  11.7  0.
  11.8  0.
  11.9  0.
  12.  0.
  12.1  0.
  12.2  0.
  12.3  0.
  12.4  0.
  12.5  0.
  12.6  0.
  12.7  0.
  12.8  0.
  12.9  0.
  13.  0.
  13.1  0.
  13.2  0.
  13.3  0.
  13.4  0.
  13.5  0.
  13.6  0.
  13.7  0.
  13.8  0.
  13.9  0.
  14.  0.
  14.1  0.
  14.2  0.
  14.3  0.
  14.4  0.
  14.5  0.
  14.6  0.
  14.7  0.
  14.8  0.
  14.9  0.
  15.  0.
  15.1  3.68619855E-56
  15.2  5.89791767E-55
  15.3  2.98582082E-54
  15.4  9.43666828E-54
  15.5  2.30387409E-53
  15.6  4.77731332E-53
  15.7  8.85056271E-53
  15.8  1.50986692E-52
  15.9  2.41851487E-52
  16.  3.68619855E-52
  16.1  5.39696329E-52
  16.2  7.64370131E-52
  16.3  1.05281517E-51
  16.4  1.41609003E-51
  16.5  1.86613801E-51
  16.6  2.41578708E-51
  16.7  3.07874989E-51
  16.8  3.86962379E-51
  16.9  4.80389081E-51
  17.  5.89791767E-51
  17.1  7.1689558E-51
  17.2  8.63514127E-51
  17.3  1.03154949E-50
  17.4  1.22299221E-50
  17.5  1.43992131E-50
  17.6  1.68450427E-50
  17.7  1.95899704E-50
  17.8  2.26574405E-50
  17.9  2.60717819E-50
  18.  2.98582082E-50
  18.1  3.40428177E-50
  18.2  3.86525933E-50
  18.3  4.37154027E-50
  18.4  4.92599982E-50
  18.5  5.53160169E-50
  18.6  6.19139806E-50
  18.7  6.90852955E-50
  18.8  7.68622529E-50
  18.9  8.52780285E-50
  19.  9.43666828E-50
  19.1  1.04163161E-49
  19.2  1.14703293E-49
  19.3  1.26023793E-49
  19.4  1.3816226E-49
  19.5  1.51157179E-49
  19.6  1.65047918E-49
  19.7  1.7987473E-49
  19.8  1.95678753E-49
  19.9  2.12502011E-49
  20.  2.30387409E-49
  20.1  2.49378741E-49
  20.2  2.69520683E-49
  20.3  2.90858796E-49
  20.4  3.13439527E-49
  20.5  3.37310206E-49
  20.6  3.62519049E-49
  20.7  3.89115155E-49
  20.8  4.17148511E-49
  20.9  4.46669985E-49
  21.  4.77731332E-49
  21.1  5.1038519E-49
  21.2  5.44685083E-49
  21.3  5.80685419E-49
  21.4  6.18441492E-49
  21.5  6.58009479E-49
  21.6  6.99446443E-49
  21.7  7.42810329E-49
  21.8  7.88159971E-49
  21.9  8.35555085E-49
  22.  8.85056271E-49
  22.1  9.36725016E-49
  22.2  9.90623689E-49
  22.3  1.04681555E-48
  22.4  1.10536473E-48
  22.5  1.16633626E-48
  22.6  1.22979605E-48
  22.7  1.29581089E-48
  22.8  1.36444846E-48
  22.9  1.43577732E-48
  23.  1.50986692E-48
  23.1  1.5867876E-48
  23.2  1.66661057E-48
  23.3  1.74940794E-48
  23.4  1.83525268E-48
  23.5  1.92421868E-48
  23.6  2.01638068E-48
  23.7  2.11181434E-48
  23.8  2.21059616E-48
  23.9  2.31280358E-48
  24.  2.41851487E-48
  24.1  2.52780922E-48
  24.2  2.64076669E-48
  24.3  2.75746823E-48
  24.4  2.87799568E-48
  24.5  3.00243175E-48
  24.6  3.13086006E-48
  24.7  3.26336507E-48
  24.8  3.40003217E-48
  24.9  3.54094762E-48
  25.  3.68619855E-48
  25.1  3.83587299E-48
  25.2  3.99005985E-48
  25.3  4.14884894E-48
  25.4  4.31233092E-48
  25.5  4.48059737E-48
  25.6  4.65374074E-48
  25.7  4.83185435E-48
  25.8  5.01503243E-48
  25.9  5.20337008E-48
  26.  5.39696329E-48
  26.1  5.59590894E-48
  26.2  5.80030478E-48
  26.3  6.01024945E-48
  26.4  6.22584249E-48
  26.5  6.4471843E-48
  26.6  6.67437618E-48
  26.7  6.90752031E-48
  26.8  7.14671976E-48
  26.9  7.39207848E-48
  27.  7.64370131E-48
  27.1  7.90169396E-48
  27.2  8.16616304E-48
  27.3  8.43721603E-48
  27.4  8.71496133E-48
  27.5  8.99950817E-48
  27.6  9.29096671E-48
  27.7  9.58944798E-48
  27.8  9.89506388E-48
  27.9  1.02079272E-47
  28.  1.05281517E-47
  28.1  1.08558518E-47
  28.2  1.11911431E-47
  28.3  1.15341418E-47
  28.4  1.18849653E-47
  28.5  1.22437315E-47
  28.6  1.26105595E-47
  28.7  1.29855692E-47
  28.8  1.33688814E-47
  28.9  1.37606175E-47
  29.  1.41609003E-47
  29.1  1.45698531E-47
  29.2  1.49876003E-47
  29.3  1.54142669E-47
  29.4  1.5849979E-47
  29.5  1.62948637E-47
  29.6  1.67490488E-47
  29.7  1.72126629E-47
  29.8  1.76858357E-47
  29.9  1.81686976E-47
  30.  1.86613801E-47
  30.1  1.91640155E-47
  30.2  1.96767367E-47
  30.3  2.0199678E-47
  30.4  2.07329742E-47
  30.5  2.1276761E-47
  30.6  2.18311753E-47
  30.7  2.23963545E-47
  30.8  2.29724371E-47
  30.9  2.35595625E-47
  31.  2.41578708E-47
  31.1  2.47675032E-47
  31.2  2.53886017E-47
  31.3  2.60213091E-47
  31.4  2.66657692E-47
  31.5  2.73221267E-47
  31.6  2.7990527E-47
  31.7  2.86711167E-47
  31.8  2.93640429E-47
  31.9  3.0069454E-47
  32.  3.07874989E-47
  32.1  3.15183276E-47
  32.2  3.22620909E-47
  32.3  3.30189407E-47
  32.4  3.37890294E-47
  32.5  3.45725106E-47
  32.6  3.53695386E-47
  32.7  3.61802688E-47
  32.8  3.70048572E-47
  32.9  3.78434609E-47
  33.  3.86962379E-47
  33.1  3.95633468E-47
  33.2  4.04449475E-47
  33.3  4.13412004E-47
  33.4  4.2252267E-47
  33.5  4.31783097E-47
  33.6  4.41194917E-47
  33.7  4.50759771E-47
  33.8  4.60479309E-47
  33.9  4.7035519E-47
  34.  4.80389081E-47
  34.1  4.90582659E-47
  34.2  5.00937609E-47
  34.3  5.11455625E-47
  34.4  5.22138411E-47
  34.5  5.32987678E-47
  34.6  5.44005147E-47
  34.7  5.55192548E-47
  34.8  5.66551619E-47
  34.9  5.78084106E-47
  35.  5.89791767E-47
  35.1  6.01676367E-47
  35.2  6.13739678E-47
  35.3  6.25983484E-47
  35.4  6.38409577E-47
  35.5  6.51019756E-47
  35.6  6.6381583E-47
  35.7  6.76799619E-47
  35.8  6.89972948E-47
  35.9  7.03337653E-47
  36.  7.1689558E-47
  36.1  7.3064858E-47
  36.2  7.44598518E-47
  36.3  7.58747263E-47
  36.4  7.73096696E-47
  36.5  7.87648705E-47
  36.6  8.02405188E-47
  36.7  8.17368052E-47
  36.8  8.32539213E-47
  36.9  8.47920593E-47
  37.  8.63514127E-47
  37.1  8.79321756E-47
  37.2  8.9534543E-47
  37.3  9.1158711E-47
  37.4  9.28048764E-47
  37.5  9.4473237E-47
  37.6  9.61639912E-47
  37.7  9.78773387E-47
  37.8  9.96134798E-47
  37.9  1.01372616E-46
  38.  1.03154949E-46
  38.1  1.04960682E-46
  38.2  1.06790019E-46
  38.3  1.08643165E-46
  38.4  1.10520325E-46
  38.5  1.12421706E-46
  38.6  1.14347516E-46
  38.7  1.16297963E-46
  38.8  1.18273256E-46
  38.9  1.20273605E-46
  39.  1.22299221E-46
  39.1  1.24350316E-46
  39.2  1.26427103E-46
  39.3  1.28529796E-46
  39.4  1.30658609E-46
  39.5  1.32813757E-46
  39.6  1.34995457E-46
  39.7  1.37203925E-46
  39.8  1.39439381E-46
  39.9  1.41702043E-46
  40.  1.43992131E-46
  40.1  1.46309865E-46
  40.2  1.48655467E-46
  40.3  1.5102916E-46
  40.4  1.53431168E-46
  40.5  1.55861713E-46
  40.6  1.58321022E-46
  40.7  1.60809321E-46
  40.8  1.63326835E-46
  40.9  1.65873795E-46
  41.  1.68450427E-46
  41.1  1.71056961E-46
  41.2  1.73693629E-46
  41.3  1.76360661E-46
  41.4  1.79058289E-46
  41.5  1.81786747E-46
  41.6  1.84546269E-46
  41.7  1.8733709E-46
  41.8  1.90159444E-46
  41.9  1.9301357E-46
  42.  1.95899704E-46
  42.1  1.98818085E-46
  42.2  2.01768953E-46
  42.3  2.04752546E-46
  42.4  2.07769108E-46
  42.5  2.10818879E-46
  42.6  2.13902102E-46
  42.7  2.17019021E-46
  42.8  2.20169881E-46
  42.9  2.23354927E-46
  43.  2.26574405E-46
  43.1  2.29828564E-46
  43.2  2.3311765E-46
  43.3  2.36441914E-46
  43.4  2.39801604E-46
  43.5  2.43196972E-46
  43.6  2.4662827E-46
  43.7  2.50095749E-46
  43.8  2.53599664E-46
  43.9  2.57140269E-46
  44.  2.60717819E-46
  44.1  2.64332571E-46
  44.2  2.6798478E-46
  44.3  2.71674706E-46
  44.4  2.75402606E-46
  44.5  2.79168741E-46
  44.6  2.82973371E-46
  44.7  2.86816757E-46
  44.8  2.90699162E-46
  44.9  2.94620849E-46
  45.  2.98582082E-46
  45.1  3.02583126E-46
  45.2  3.06624247E-46
  45.3  3.10705712E-46
  45.4  3.14827788E-46
  45.5  3.18990744E-46
  45.6  3.23194848E-46
  45.7  3.27440372E-46
  45.8  3.31727587E-46
  45.9  3.36056764E-46
  46.  3.40428177E-46
  46.1  3.44842099E-46
  46.2  3.49298805E-46
  46.3  3.5379857E-46
  46.4  3.58341672E-46
  46.5  3.62928387E-46
  46.6  3.67558994E-46
  46.7  3.72233771E-46
  46.8  3.76953E-46
  46.9  3.81716959E-46
  47.  3.86525933E-46
  47.1  3.91380202E-46
  47.2  3.96280051E-46
  47.3  4.01225764E-46
  47.4  4.06217627E-46
  47.5  4.11255925E-46
  47.6  4.16340945E-46
  47.7  4.21472976E-46
  47.8  4.26652307E-46
  47.9  4.31879227E-46
  48.  4.37154027E-46
  48.1  4.42476998E-46
  48.2  4.47848432E-46
  48.3  4.53268624E-46
  48.4  4.58737867E-46
  48.5  4.64256456E-46
  48.6  4.69824687E-46
  48.7  4.75442857E-46
  48.8  4.81111264E-46
  48.9  4.86830206E-46
  49.  4.92599982E-46
  49.1  4.98420894E-46
  49.2  5.04293241E-46
  49.3  5.10217328E-46
  49.4  5.16193455E-46
  49.5  5.22221928E-46
  49.6  5.28303051E-46
  49.7  5.3443713E-46
  49.8  5.4062447E-46
  49.9  5.46865381E-46
  50.  5.53160169E-46
  50.1  5.59509145E-46
  50.2  5.65912618E-46
  50.3  5.72370899E-46
  50.4  5.78884301E-46
  50.5  5.85453135E-46
  50.6  5.92077715E-46
  50.7  5.98758357E-46
  50.8  6.05495375E-46
  50.9  6.12289085E-46
  51.  6.19139806E-46
  51.1  6.26047854E-46
  51.2  6.33013549E-46
  51.3  6.4003721E-46
  51.4  6.47119159E-46
  51.5  6.54259717E-46
  51.6  6.61459206E-46
  51.7  6.6871795E-46
  51.8  6.76036272E-46
  51.9  6.83414499E-46
  52.  6.90852955E-46
  52.1  6.98351969E-46
  52.2  7.05911867E-46
  52.3  7.13532979E-46
  52.4  7.21215634E-46
  52.5  7.28960162E-46
  52.6  7.36766894E-46
  52.7  7.44636164E-46
  52.8  7.52568304E-46
  52.9  7.60563647E-46
  53.  7.68622529E-46
  53.1  7.76745286E-46
  53.2  7.84932254E-46
  53.3  7.9318377E-46
  53.4  8.01500174E-46
  53.5  8.09881804E-46
  53.6  8.18329E-46
  53.7  8.26842104E-46
  53.8  8.35421458E-46
  53.9  8.44067403E-46
  54.  8.52780285E-46
  54.1  8.61560447E-46
  54.2  8.70408236E-46
  54.3  8.79323996E-46
  54.4  8.88308077E-46
  54.5  8.97360825E-46
  54.6  9.0648259E-46
  54.7  9.15673721E-46
  54.8  9.2493457E-46
  54.9  9.34265488E-46
  55.  9.43666828E-46
  55.1  9.53138943E-46
  55.2  9.62682187E-46
  55.3  9.72296916E-46
  55.4  9.81983485E-46
  55.5  9.91742252E-46
  55.6  1.00157358E-45
  55.7  1.01147781E-45
  55.8  1.02145532E-45
  55.9  1.03150647E-45
  56.  1.04163161E-45
  56.1  1.05183111E-45
  56.2  1.06210533E-45
  56.3  1.07245463E-45
  56.4  1.08287939E-45
  56.5  1.09337996E-45
  56.6  1.10395672E-45
  56.7  1.11461002E-45
  56.8  1.12534025E-45
  56.9  1.13614776E-45
  57.  1.14703293E-45
  57.1  1.15799613E-45
  57.2  1.16903773E-45
  57.3  1.1801581E-45
  57.4  1.19135763E-45
  57.5  1.20263668E-45
  57.6  1.21399562E-45
  57.7  1.22543484E-45
  57.8  1.23695471E-45
  57.9  1.24855562E-45
  58.  1.26023793E-45
  58.1  1.27200203E-45
  58.2  1.2838483E-45
  58.3  1.29577713E-45
  58.4  1.30778888E-45
  58.5  1.31988396E-45
  58.6  1.33206274E-45
  58.7  1.34432561E-45
  58.8  1.35667295E-45
  58.9  1.36910515E-45
  59.  1.3816226E-45
  59.1  1.39422569E-45
  59.2  1.40691481E-45
  59.3  1.41969034E-45
  59.4  1.43255269E-45
  59.5  1.44550223E-45
  59.6  1.45853938E-45
  59.7  1.47166451E-45
  59.8  1.48487802E-45
  59.9  1.49818032E-45
  60.  1.51157179E-45
  60.1  1.52505284E-45
  60.2  1.53862386E-45
  60.3  1.55228525E-45
  60.4  1.56603742E-45
  60.5  1.57988076E-45
  60.6  1.59381568E-45
  60.7  1.60784257E-45
  60.8  1.62196185E-45
  60.9  1.63617392E-45
  61.  1.65047918E-45
  61.1  1.66487804E-45
  61.2  1.67937091E-45
  61.3  1.69395819E-45
  61.4  1.7086403E-45
  61.5  1.72341765E-45
  61.6  1.73829063E-45
  61.7  1.75325968E-45
  61.8  1.7683252E-45
  61.9  1.7834876E-45
  62.  1.7987473E-45
  62.1  1.81410471E-45
  62.2  1.82956026E-45
  62.3  1.84511435E-45
  62.4  1.86076741E-45
  62.5  1.87651985E-45
  62.6  1.89237209E-45
  62.7  1.90832456E-45
  62.8  1.92437768E-45
  62.9  1.94053186E-45
  63.  1.95678753E-45
  63.1  1.97314513E-45
  63.2  1.98960506E-45
  63.3  2.00616776E-45
  63.4  2.02283365E-45
  63.5  2.03960317E-45
  63.6  2.05647673E-45
  63.7  2.07345478E-45
  63.8  2.09053774E-45
  63.9  2.10772604E-45
  64.  2.12502011E-45
  64.1  2.14242039E-45
  64.2  2.1599273E-45
  64.3  2.1775413E-45
  64.4  2.19526281E-45
  64.5  2.21309226E-45
  64.6  2.2310301E-45
  64.7  2.24907676E-45
  64.8  2.26723269E-45
  64.9  2.28549832E-45
  65.  2.30387409E-45
  65.1  2.32236045E-45
  65.2  2.34095784E-45
  65.3  2.3596667E-45
  65.4  2.37848748E-45
  65.5  2.39742062E-45
  65.6  2.41646657E-45
  65.7  2.43562577E-45
  65.8  2.45489868E-45
  65.9  2.47428574E-45
  66.  2.49378741E-45
  66.1  2.51340413E-45
  66.2  2.53313635E-45
  66.3  2.55298453E-45
  66.4  2.57294913E-45
  66.5  2.59303059E-45
  66.6  2.61322937E-45
  66.7  2.63354592E-45
  66.8  2.65398071E-45
  66.9  2.6745342E-45
  67.  2.69520683E-45
  67.1  2.71599907E-45
  67.2  2.73691138E-45
  67.3  2.75794422E-45
  67.4  2.77909806E-45
  67.5  2.80037336E-45
  67.6  2.82177057E-45
  67.7  2.84329018E-45
  67.8  2.86493263E-45
  67.9  2.8866984E-45
  68.  2.90858796E-45
  68.1  2.93060177E-45
  68.2  2.95274031E-45
  68.3  2.97500404E-45
  68.4  2.99739343E-45
  68.5  3.01990897E-45
  68.6  3.04255111E-45
  68.7  3.06532034E-45
  68.8  3.08821712E-45
  68.9  3.11124194E-45
  69.  3.13439527E-45
  69.1  3.15767758E-45
  69.2  3.18108936E-45
  69.3  3.20463109E-45
  69.4  3.22830324E-45
  69.5  3.2521063E-45
  69.6  3.27604074E-45
  69.7  3.30010706E-45
  69.8  3.32430572E-45
  69.9  3.34863723E-45
  70.  3.37310206E-45
  70.1  3.39770069E-45
  70.2  3.42243363E-45
  70.3  3.44730134E-45
  70.4  3.47230433E-45
  70.5  3.49744309E-45
  70.6  3.52271809E-45
  70.7  3.54812984E-45
  70.8  3.57367883E-45
  70.9  3.59936555E-45
  71.  3.62519049E-45
  71.1  3.65115415E-45
  71.2  3.67725702E-45
  71.3  3.70349961E-45
  71.4  3.7298824E-45
  71.5  3.75640591E-45
  71.6  3.78307062E-45
  71.7  3.80987704E-45
  71.8  3.83682566E-45
  71.9  3.863917E-45
  72.  3.89115155E-45
  72.1  3.91852982E-45
  72.2  3.94605232E-45
  72.3  3.97371954E-45
  72.4  4.00153199E-45
  72.5  4.02949019E-45
  72.6  4.05759463E-45
  72.7  4.08584584E-45
  72.8  4.11424431E-45
  72.9  4.14279056E-45
  73.  4.17148511E-45
  73.1  4.20032846E-45
  73.2  4.22932113E-45
  73.3  4.25846363E-45
  73.4  4.28775648E-45
  73.5  4.31720019E-45
  73.6  4.34679529E-45
  73.7  4.37654228E-45
  73.8  4.40644169E-45
  73.9  4.43649404E-45
  74.  4.46669985E-45
  74.1  4.49705964E-45
  74.2  4.52757393E-45
  74.3  4.55824324E-45
  74.4  4.58906811E-45
  74.5  4.62004905E-45
  74.6  4.65118659E-45
  74.7  4.68248126E-45
  74.8  4.71393359E-45
  74.9  4.74554409E-45
  75.  4.77731332E-45
  75.1  4.80924178E-45
  75.2  4.84133002E-45
  75.3  4.87357857E-45
  75.4  4.90598796E-45
  75.5  4.93855872E-45
  75.6  4.97129139E-45
  75.7  5.00418651E-45
  75.8  5.03724461E-45
  75.9  5.07046622E-45
  76.  5.1038519E-45
  76.1  5.13740217E-45
  76.2  5.17111757E-45
  76.3  5.20499865E-45
  76.4  5.23904596E-45
  76.5  5.27326002E-45
  76.6  5.30764139E-45
  76.7  5.34219061E-45
  76.8  5.37690823E-45
  76.9  5.41179478E-45
  77.  5.44685083E-45
  77.1  5.48207691E-45
  77.2  5.51747358E-45
  77.3  5.55304139E-45
  77.4  5.58878088E-45
  77.5  5.62469261E-45
  77.6  5.66077713E-45
  77.7  5.69703499E-45
  77.8  5.73346675E-45
  77.9  5.77007297E-45
  78.  5.80685419E-45
  78.1  5.84381099E-45
  78.2  5.8809439E-45
  78.3  5.9182535E-45
  78.4  5.95574034E-45
  78.5  5.99340498E-45
  78.6  6.03124799E-45
  78.7  6.06926993E-45
  78.8  6.10747135E-45
  78.9  6.14585283E-45
  79.  6.18441492E-45
  79.1  6.2231582E-45
  79.2  6.26208323E-45
  79.3  6.30119058E-45
  79.4  6.34048082E-45
  79.5  6.37995451E-45
  79.6  6.41961223E-45
  79.7  6.45945454E-45
  79.8  6.49948203E-45
  79.9  6.53969525E-45
  80.  6.58009479E-45
  80.1  6.62068123E-45
  80.2  6.66145512E-45
  80.3  6.70241706E-45
  80.4  6.74356762E-45
  80.5  6.78490738E-45
  80.6  6.82643691E-45
  80.7  6.8681568E-45
  80.8  6.91006763E-45
  80.9  6.95216998E-45
  81.  6.99446443E-45
  81.1  7.03695156E-45
  81.2  7.07963196E-45
  81.3  7.12250622E-45
  81.4  7.16557492E-45
  81.5  7.20883864E-45
  81.6  7.25229798E-45
  81.7  7.29595353E-45
  81.8  7.33980587E-45
  81.9  7.38385559E-45
  82.  7.42810329E-45
  82.1  7.47254956E-45
  82.2  7.51719499E-45
  82.3  7.56204018E-45
  82.4  7.60708571E-45
  82.5  7.65233219E-45
  82.6  7.69778022E-45
  82.7  7.74343038E-45
  82.8  7.78928329E-45
  82.9  7.83533953E-45
  83.  7.88159971E-45
  83.1  7.92806443E-45
  83.2  7.9747343E-45
  83.3  8.02160991E-45
  83.4  8.06869186E-45
  83.5  8.11598077E-45
  83.6  8.16347724E-45
  83.7  8.21118188E-45
  83.8  8.25909528E-45
  83.9  8.30721807E-45
  84.  8.35555085E-45
  84.1  8.40409423E-45
  84.2  8.45284881E-45
  84.3  8.50181523E-45
  84.4  8.55099407E-45
  84.5  8.60038597E-45
  84.6  8.64999153E-45
  84.7  8.69981136E-45
  84.8  8.74984609E-45
  84.9  8.80009634E-45
  85.  8.85056271E-45
  85.1  8.90124583E-45
  85.2  8.95214632E-45
  85.3  9.0032648E-45
  85.4  9.05460189E-45
  85.5  9.10615821E-45
  85.6  9.15793439E-45
  85.7  9.20993105E-45
  85.8  9.26214881E-45
  85.9  9.3145883E-45
  86.  9.36725016E-45
  86.1  9.42013499E-45
  86.2  9.47324345E-45
  86.3  9.52657614E-45
  86.4  9.58013371E-45
  86.5  9.63391679E-45
  86.6  9.687926E-45
  86.7  9.74216198E-45
  86.8  9.79662537E-45
  86.9  9.85131679E-45
  87.  9.90623689E-45
  87.1  9.9613863E-45
  87.2  1.00167657E-44
  87.3  1.00723756E-44
  87.4  1.01282168E-44
  87.5  1.01842898E-44
  87.6  1.02405954E-44
  87.7  1.02971341E-44
  87.8  1.03539065E-44
  87.9  1.04109135E-44
  88.  1.04681555E-44
  88.1  1.05256332E-44
  88.2  1.05833473E-44
  88.3  1.06412984E-44
  88.4  1.06994872E-44
  88.5  1.07579143E-44
  88.6  1.08165804E-44
  88.7  1.0875486E-44
  88.8  1.0934632E-44
  88.9  1.09940188E-44
  89.  1.10536473E-44
  89.1  1.1113518E-44
  89.2  1.11736315E-44
  89.3  1.12339886E-44
  89.4  1.12945899E-44
  89.5  1.1355436E-44
  89.6  1.14165277E-44
  89.7  1.14778655E-44
  89.8  1.15394501E-44
  89.9  1.16012823E-44
  90.  1.16633626E-44
  90.1  1.17256917E-44
  90.2  1.17882703E-44
  90.3  1.18510991E-44
  90.4  1.19141786E-44
  90.5  1.19775097E-44
  90.6  1.20410929E-44
  90.7  1.21049289E-44
  90.8  1.21690184E-44
  90.9  1.2233362E-44
  91.  1.22979605E-44
  91.1  1.23628144E-44
  91.2  1.24279246E-44
  91.3  1.24932916E-44
  91.4  1.25589161E-44
  91.5  1.26247988E-44
  91.6  1.26909403E-44
  91.7  1.27573414E-44
  91.8  1.28240028E-44
  91.9  1.2890925E-44
  92.  1.29581089E-44
  92.1  1.3025555E-44
  92.2  1.3093264E-44
  92.3  1.31612367E-44
  92.4  1.32294737E-44
  92.5  1.32979757E-44
  92.6  1.33667433E-44
  92.7  1.34357774E-44
  92.8  1.35050785E-44
  92.9  1.35746473E-44
  93.  1.36444846E-44
  93.1  1.3714591E-44
  93.2  1.37849672E-44
  93.3  1.38556139E-44
  93.4  1.39265318E-44
  93.5  1.39977216E-44
  93.6  1.40691839E-44
  93.7  1.41409196E-44
  93.8  1.42129292E-44
  93.9  1.42852135E-44
  94.  1.43577732E-44
  94.1  1.44306089E-44
  94.2  1.45037214E-44
  94.3  1.45771114E-44
  94.4  1.46507795E-44
  94.5  1.47247265E-44
  94.6  1.47989531E-44
  94.7  1.487346E-44
  94.8  1.49482478E-44
  94.9  1.50233173E-44
  95.  1.50986692E-44
  95.1  1.51743043E-44
  95.2  1.52502231E-44
  95.3  1.53264264E-44
  95.4  1.5402915E-44
  95.5  1.54796895E-44
  95.6  1.55567507E-44
  95.7  1.56340992E-44
  95.8  1.57117358E-44
  95.9  1.57896611E-44
  96.  1.5867876E-44
  96.1  1.59463812E-44
  96.2  1.60251772E-44
  96.3  1.61042649E-44
  96.4  1.6183645E-44
  96.5  1.62633182E-44
  96.6  1.63432852E-44
  96.7  1.64235467E-44
  96.8  1.65041035E-44
  96.9  1.65849563E-44
  97.  1.66661057E-44
  97.1  1.67475527E-44
  97.2  1.68292977E-44
  97.3  1.69113417E-44
  97.4  1.69936853E-44
  97.5  1.70763292E-44
  97.6  1.71592741E-44
  97.7  1.72425209E-44
  97.8  1.73260702E-44
  97.9  1.74099228E-44
  98.  1.74940794E-44
  98.1  1.75785407E-44
  98.2  1.76633075E-44
  98.3  1.77483804E-44
  98.4  1.78337603E-44
  98.5  1.79194479E-44
  98.6  1.80054439E-44
  98.7  1.80917491E-44
  98.8  1.81783641E-44
  98.9  1.82652898E-44
  99.  1.83525268E-44
  99.1  1.8440076E-44
  99.2  1.8527938E-44
  99.3  1.86161137E-44
  99.4  1.87046037E-44
  99.5  1.87934087E-44
  99.6  1.88825297E-44
  99.7  1.89719672E-44
  99.8  1.90617221E-44
  99.9  1.9151795E-44
  100.  1.92421868E-44
  100.1  1.93328982E-44
  100.2  1.94239299E-44
  100.3  1.95152828E-44
  100.4  1.96069574E-44
  100.5  1.96989547E-44
  100.6  1.97912754E-44
  100.7  1.98839202E-44
  100.8  1.99768898E-44
  100.9  2.00701851E-44
  101.  2.01638068E-44
  101.1  2.02577557E-44
  101.2  2.03520325E-44
  101.3  2.04466379E-44
  101.4  2.05415728E-44
  101.5  2.06368379E-44
  101.6  2.0732434E-44
  101.7  2.08283618E-44
  101.8  2.09246221E-44
  101.9  2.10212157E-44
  102.  2.11181434E-44
  102.1  2.12154058E-44
  102.2  2.13130038E-44
  102.3  2.14109382E-44
  102.4  2.15092097E-44
  102.5  2.16078191E-44
  102.6  2.17067672E-44
  102.7  2.18060547E-44
  102.8  2.19056824E-44
  102.9  2.20056511E-44
  103.  2.21059616E-44
  103.1  2.22066147E-44
  103.2  2.23076111E-44
  103.3  2.24089516E-44
  103.4  2.25106369E-44
  103.5  2.2612668E-44
  103.6  2.27150455E-44
  103.7  2.28177702E-44
  103.8  2.2920843E-44
  103.9  2.30242646E-44
  104.  2.31280358E-44
  104.1  2.32321573E-44
  104.2  2.333663E-44
  104.3  2.34414547E-44
  104.4  2.35466321E-44
  104.5  2.36521631E-44
  104.6  2.37580484E-44
  104.7  2.38642888E-44
  104.8  2.39708851E-44
  104.9  2.40778381E-44
  105.  2.41851487E-44
  105.1  2.42928175E-44
  105.2  2.44008454E-44
  105.3  2.45092332E-44
  105.4  2.46179818E-44
  105.5  2.47270918E-44
  105.6  2.4836564E-44
  105.7  2.49463994E-44
  105.8  2.50565987E-44
  105.9  2.51671627E-44
  106.  2.52780922E-44
  106.1  2.53893879E-44
  106.2  2.55010508E-44
  106.3  2.56130816E-44
  106.4  2.57254812E-44
  106.5  2.58382502E-44
  106.6  2.59513896E-44
  106.7  2.60649002E-44
  106.8  2.61787827E-44
  106.9  2.6293038E-44
  107.  2.64076669E-44
  107.1  2.65226702E-44
  107.2  2.66380487E-44
  107.3  2.67538032E-44
  107.4  2.68699345E-44
  107.5  2.69864436E-44
  107.6  2.71033311E-44
  107.7  2.72205979E-44
  107.8  2.73382448E-44
  107.9  2.74562727E-44
  108.  2.75746823E-44
  108.1  2.76934745E-44
  108.2  2.78126502E-44
  108.3  2.793221E-44
  108.4  2.80521549E-44
  108.5  2.81724857E-44
  108.6  2.82932032E-44
  108.7  2.84143082E-44
  108.8  2.85358016E-44
  108.9  2.86576842E-44
  109.  2.87799568E-44
  109.1  2.89026203E-44
  109.2  2.90256754E-44
  109.3  2.91491231E-44
  109.4  2.92729641E-44
  109.5  2.93971994E-44
  109.6  2.95218296E-44
  109.7  2.96468557E-44
  109.8  2.97722785E-44
  109.9  2.98980988E-44
  110.  3.00243175E-44
  110.1  3.01509355E-44
  110.2  3.02779535E-44
  110.3  3.04053723E-44
  110.4  3.0533193E-44
  110.5  3.06614162E-44
  110.6  3.07900428E-44
  110.7  3.09190737E-44
  110.8  3.10485097E-44
  110.9  3.11783517E-44
  111.  3.13086006E-44
  111.1  3.1439257E-44
  111.2  3.1570322E-44
  111.3  3.17017964E-44
  111.4  3.18336809E-44
  111.5  3.19659766E-44
  111.6  3.20986841E-44
  111.7  3.22318045E-44
  111.8  3.23653384E-44
  111.9  3.24992869E-44
  112.  3.26336507E-44
  112.1  3.27684307E-44
  112.2  3.29036278E-44
  112.3  3.30392427E-44
  112.4  3.31752765E-44
  112.5  3.33117299E-44
  112.6  3.34486038E-44
  112.7  3.35858991E-44
  112.8  3.37236166E-44
  112.9  3.38617572E-44
  113.  3.40003217E-44
  113.1  3.41393111E-44
  113.2  3.42787262E-44
  113.3  3.44185678E-44
  113.4  3.45588369E-44
  113.5  3.46995342E-44
  113.6  3.48406608E-44
  113.7  3.49822174E-44
  113.8  3.51242049E-44
  113.9  3.52666242E-44
  114.  3.54094762E-44
  114.1  3.55527617E-44
  114.2  3.56964816E-44
  114.3  3.58406368E-44
  114.4  3.59852282E-44
  114.5  3.61302566E-44
  114.6  3.6275723E-44
  114.7  3.64216282E-44
  114.8  3.65679731E-44
  114.9  3.67147585E-44
  115.  3.68619855E-44
  115.1  3.70096547E-44
  115.2  3.71577672E-44
  115.3  3.73063238E-44
  115.4  3.74553254E-44
  115.5  3.76047729E-44
  115.6  3.77546672E-44
  115.7  3.79050091E-44
  115.8  3.80557996E-44
  115.9  3.82070396E-44
  116.  3.83587299E-44
  116.1  3.85108714E-44
  116.2  3.86634651E-44
  116.3  3.88165118E-44
  116.4  3.89700124E-44
  116.5  3.91239678E-44
  116.6  3.92783789E-44
  116.7  3.94332467E-44
  116.8  3.95885719E-44
  116.9  3.97443556E-44
  117.  3.99005985E-44
  117.1  4.00573017E-44
  117.2  4.02144661E-44
  117.3  4.03720924E-44
  117.4  4.05301816E-44
  117.5  4.06887347E-44
  117.6  4.08477526E-44
  117.7  4.1007236E-44
  117.8  4.11671861E-44
  117.9  4.13276035E-44
  118.  4.14884894E-44
  118.1  4.16498445E-44
  118.2  4.18116699E-44
  118.3  4.19739663E-44
  118.4  4.21367348E-44
  118.5  4.22999762E-44
  118.6  4.24636914E-44
  118.7  4.26278814E-44
  118.8  4.27925471E-44
  118.9  4.29576894E-44
  119.  4.31233092E-44
  119.1  4.32894075E-44
  119.2  4.34559851E-44
  119.3  4.3623043E-44
  119.4  4.37905821E-44
  119.5  4.39586033E-44
  119.6  4.41271076E-44
  119.7  4.42960959E-44
  119.8  4.4465569E-44
  119.9  4.4635528E-44
  120.  4.48059737E-44
  120.1  4.49769071E-44
  120.2  4.51483292E-44
  120.3  4.53202408E-44
  120.4  4.54926428E-44
  120.5  4.56655363E-44
  120.6  4.58389221E-44
  120.7  4.60128011E-44
  120.8  4.61871744E-44
  120.9  4.63620428E-44
  121.  4.65374074E-44
  121.1  4.67132689E-44
  121.2  4.68896284E-44
  121.3  4.70664867E-44
  121.4  4.72438449E-44
  121.5  4.74217039E-44
  121.6  4.76000646E-44
  121.7  4.7778928E-44
  121.8  4.79582949E-44
  121.9  4.81381665E-44
  122.  4.83185435E-44
  122.1  4.84994269E-44
  122.2  4.86808177E-44
  122.3  4.88627169E-44
  122.4  4.90451254E-44
  122.5  4.92280441E-44
  122.6  4.94114739E-44
  122.7  4.95954159E-44
  122.8  4.9779871E-44
  122.9  4.99648401E-44
  123.  5.01503243E-44
  123.1  5.03363243E-44
  123.2  5.05228413E-44
  123.3  5.07098762E-44
  123.4  5.08974298E-44
  123.5  5.10855033E-44
  123.6  5.12740975E-44
  123.7  5.14632133E-44
  123.8  5.16528519E-44
  123.9  5.1843014E-44
  124.  5.20337008E-44
  124.1  5.22249131E-44
  124.2  5.24166519E-44
  124.3  5.26089182E-44
  124.4  5.28017129E-44
  124.5  5.29950371E-44
  124.6  5.31888916E-44
  124.7  5.33832775E-44
  124.8  5.35781957E-44
  124.9  5.37736472E-44
  125.  5.39696329E-44
  125.1  5.41661539E-44
  125.2  5.43632111E-44
  125.3  5.45608055E-44
  125.4  5.4758938E-44
  125.5  5.49576097E-44
  125.6  5.51568215E-44
  125.7  5.53565744E-44
  125.8  5.55568694E-44
  125.9  5.57577074E-44
  126.  5.59590894E-44
  126.1  5.61610164E-44
  126.2  5.63634895E-44
  126.3  5.65665095E-44
  126.4  5.67700775E-44
  126.5  5.69741944E-44
  126.6  5.71788613E-44
  126.7  5.7384079E-44
  126.8  5.75898487E-44
  126.9  5.77961713E-44
  127.  5.80030478E-44
  127.1  5.82104791E-44
  127.2  5.84184663E-44
  127.3  5.86270104E-44
  127.4  5.88361123E-44
  127.5  5.90457731E-44
  127.6  5.92559937E-44
  127.7  5.94667752E-44
  127.8  5.96781185E-44
  127.9  5.98900246E-44
  128.  6.01024945E-44
  128.1  6.03155293E-44
  128.2  6.05291299E-44
  128.3  6.07432973E-44
  128.4  6.09580326E-44
  128.5  6.11733367E-44
  128.6  6.13892106E-44
  128.7  6.16056554E-44
  128.8  6.1822672E-44
  128.9  6.20402615E-44
  129.  6.22584249E-44
  129.1  6.24771631E-44
  129.2  6.26964772E-44
  129.3  6.29163682E-44
  129.4  6.31368371E-44
  129.5  6.33578848E-44
  129.6  6.35795126E-44
  129.7  6.38017212E-44
  129.8  6.40245118E-44
  129.9  6.42478854E-44
  130.  6.4471843E-44
  130.1  6.46963855E-44
  130.2  6.49215141E-44
  130.3  6.51472297E-44
  130.4  6.53735334E-44
  130.5  6.56004261E-44
  130.6  6.5827909E-44
  130.7  6.60559829E-44
  130.8  6.6284649E-44
  130.9  6.65139083E-44
  131.  6.67437618E-44
  131.1  6.69742105E-44
  131.2  6.72052554E-44
  131.3  6.74368976E-44
  131.4  6.76691381E-44
  131.5  6.79019779E-44
  131.6  6.81354181E-44
  131.7  6.83694597E-44
  131.8  6.86041037E-44
  131.9  6.88393511E-44
  132.  6.90752031E-44
  132.1  6.93116606E-44
  132.2  6.95487246E-44
  132.3  6.97863962E-44
  132.4  7.00246765E-44
  132.5  7.02635664E-44
  132.6  7.05030671E-44
  132.7  7.07431795E-44
  132.8  7.09839047E-44
  132.9  7.12252437E-44
  133.  7.14671976E-44
  133.1  7.17097674E-44
  133.2  7.19529542E-44
  133.3  7.2196759E-44
  133.4  7.24411829E-44
  133.5  7.26862268E-44
  133.6  7.29318919E-44
  133.7  7.31781792E-44
  133.8  7.34250898E-44
  133.9  7.36726246E-44
  134.  7.39207848E-44
  134.1  7.41695714E-44
  134.2  7.44189855E-44
  134.3  7.4669028E-44
  134.4  7.49197002E-44
  134.5  7.51710029E-44
  134.6  7.54229374E-44
  134.7  7.56755045E-44
  134.8  7.59287055E-44
  134.9  7.61825413E-44
  135.  7.64370131E-44
  135.1  7.66921218E-44
  135.2  7.69478685E-44
  135.3  7.72042544E-44
  135.4  7.74612804E-44
  135.5  7.77189476E-44
  135.6  7.79772571E-44
  135.7  7.823621E-44
  135.8  7.84958074E-44
  135.9  7.87560502E-44
  136.  7.90169396E-44
  136.1  7.92784766E-44
  136.2  7.95406623E-44
  136.3  7.98034978E-44
  136.4  8.00669842E-44
  136.5  8.03311224E-44
  136.6  8.05959137E-44
  136.7  8.08613591E-44
  136.8  8.11274596E-44
  136.9  8.13942163E-44
  137.  8.16616304E-44
  137.1  8.19297028E-44
  137.2  8.21984347E-44
  137.3  8.24678271E-44
  137.4  8.27378812E-44
  137.5  8.30085979E-44
  137.6  8.32799785E-44
  137.7  8.35520239E-44
  137.8  8.38247353E-44
  137.9  8.40981138E-44
  138.  8.43721603E-44
  138.1  8.46468761E-44
  138.2  8.49222623E-44
  138.3  8.51983198E-44
  138.4  8.54750498E-44
  138.5  8.57524534E-44
  138.6  8.60305316E-44
  138.7  8.63092856E-44
  138.8  8.65887165E-44
  138.9  8.68688254E-44
  139.  8.71496133E-44
  139.1  8.74310813E-44
  139.2  8.77132306E-44
  139.3  8.79960622E-44
  139.4  8.82795773E-44
  139.5  8.85637769E-44
  139.6  8.88486622E-44
  139.7  8.91342342E-44
  139.8  8.9420494E-44
  139.9  8.97074428E-44
  140.  8.99950817E-44
  140.1  9.02834117E-44
  140.2  9.0572434E-44
  140.3  9.08621497E-44
  140.4  9.11525599E-44
  140.5  9.14436656E-44
  140.6  9.17354681E-44
  140.7  9.20279683E-44
  140.8  9.23211675E-44
  140.9  9.26150667E-44
  141.  9.29096671E-44
  141.1  9.32049698E-44
  141.2  9.35009758E-44
  141.3  9.37976863E-44
  141.4  9.40951024E-44
  141.5  9.43932253E-44
  141.6  9.4692056E-44
  141.7  9.49915957E-44
  141.8  9.52918455E-44
  141.9  9.55928064E-44
  142.  9.58944798E-44
  142.1  9.61968665E-44
  142.2  9.64999679E-44
  142.3  9.68037849E-44
  142.4  9.71083188E-44
  142.5  9.74135707E-44
  142.6  9.77195416E-44
  142.7  9.80262328E-44
  142.8  9.83336452E-44
  142.9  9.86417802E-44
  143.  9.89506388E-44
  143.1  9.92602221E-44
  143.2  9.95705313E-44
  143.3  9.98815674E-44
  143.4  1.00193332E-43
  143.5  1.00505825E-43
  143.6  1.00819049E-43
  143.7  1.01133005E-43
  143.8  1.01447693E-43
  143.9  1.01763115E-43
  144.  1.02079272E-43
  144.1  1.02396165E-43
  144.2  1.02713796E-43
  144.3  1.03032164E-43
  144.4  1.03351273E-43
  144.5  1.03671122E-43
  144.6  1.03991712E-43
  144.7  1.04313046E-43
  144.8  1.04635124E-43
  144.9  1.04957947E-43
  145.  1.05281517E-43
  145.1  1.05605834E-43
  145.2  1.059309E-43
  145.3  1.06256715E-43
  145.4  1.06583282E-43
  145.5  1.06910601E-43
  145.6  1.07238673E-43
  145.7  1.075675E-43
  145.8  1.07897082E-43
  145.9  1.08227421E-43
  146.  1.08558518E-43
  146.1  1.08890374E-43
  146.2  1.09222991E-43
  146.3  1.09556368E-43
  146.4  1.09890509E-43
  146.5  1.10225413E-43
  146.6  1.10561082E-43
  146.7  1.10897517E-43
  146.8  1.1123472E-43
  146.9  1.1157269E-43
  147.  1.11911431E-43
  147.1  1.12250942E-43
  147.2  1.12591225E-43
  147.3  1.12932281E-43
  147.4  1.13274111E-43
  147.5  1.13616717E-43
  147.6  1.139601E-43
  147.7  1.1430426E-43
  147.8  1.14649199E-43
  147.9  1.14994918E-43
  148.  1.15341418E-43
  148.1  1.15688701E-43
  148.2  1.16036768E-43
  148.3  1.16385619E-43
  148.4  1.16735256E-43
  148.5  1.17085681E-43
  148.6  1.17436894E-43
  148.7  1.17788896E-43
  148.8  1.1814169E-43
  148.9  1.18495275E-43
  149.  1.18849653E-43
  149.1  1.19204825E-43
  149.2  1.19560793E-43
  149.3  1.19917558E-43
  149.4  1.2027512E-43
  149.5  1.20633481E-43
  149.6  1.20992643E-43
  149.7  1.21352606E-43
  149.8  1.21713371E-43
  149.9  1.22074941E-43
  150.  1.22437315E-43
  150.1  1.22800496E-43
  150.2  1.23164484E-43
  150.3  1.2352928E-43
  150.4  1.23894886E-43
  150.5  1.24261303E-43
  150.6  1.24628533E-43
  150.7  1.24996575E-43
  150.8  1.25365433E-43
  150.9  1.25735105E-43
  151.  1.26105595E-43
  151.1  1.26476904E-43
  151.2  1.26849031E-43
  151.3  1.27221979E-43
  151.4  1.27595749E-43
  151.5  1.27970342E-43
  151.6  1.28345759E-43
  151.7  1.28722001E-43
  151.8  1.2909907E-43
  151.9  1.29476967E-43
  152.  1.29855692E-43
  152.1  1.30235248E-43
  152.2  1.30615636E-43
  152.3  1.30996856E-43
  152.4  1.3137891E-43
  152.5  1.31761799E-43
  152.6  1.32145525E-43
  152.7  1.32530087E-43
  152.8  1.32915489E-43
  152.9  1.33301731E-43
  153.  1.33688814E-43
  153.1  1.34076739E-43
  153.2  1.34465508E-43
  153.3  1.34855121E-43
  153.4  1.35245581E-43
  153.5  1.35636888E-43
  153.6  1.36029044E-43
  153.7  1.36422049E-43
  153.8  1.36815905E-43
  153.9  1.37210614E-43
  154.  1.37606175E-43
  154.1  1.38002592E-43
  154.2  1.38399864E-43
  154.3  1.38797994E-43
  154.4  1.39196982E-43
  154.5  1.39596829E-43
  154.6  1.39997538E-43
  154.7  1.40399108E-43
  154.8  1.40801541E-43
  154.9  1.4120484E-43
  155.  1.41609003E-43
  155.1  1.42014034E-43
  155.2  1.42419933E-43
  155.3  1.42826702E-43
  155.4  1.43234341E-43
  155.5  1.43642852E-43
  155.6  1.44052237E-43
  155.7  1.44462496E-43
  155.8  1.4487363E-43
  155.9  1.45285642E-43
  156.  1.45698531E-43
  156.1  1.461123E-43
  156.2  1.4652695E-43
  156.3  1.46942482E-43
  156.4  1.47358897E-43
  156.5  1.47776196E-43
  156.6  1.48194381E-43
  156.7  1.48613453E-43
  156.8  1.49033413E-43
  156.9  1.49454262E-43
  157.  1.49876003E-43
  157.1  1.50298635E-43
  157.2  1.5072216E-43
  157.3  1.5114658E-43
  157.4  1.51571895E-43
  157.5  1.51998108E-43
  157.6  1.52425218E-43
  157.7  1.52853228E-43
  157.8  1.53282139E-43
  157.9  1.53711952E-43
  158.  1.54142669E-43
  158.1  1.54574289E-43
  158.2  1.55006816E-43
  158.3  1.5544025E-43
  158.4  1.55874592E-43
  158.5  1.56309843E-43
  158.6  1.56746006E-43
  158.7  1.57183081E-43
  158.8  1.57621069E-43
  158.9  1.58059971E-43
  159.  1.5849979E-43
  159.1  1.58940526E-43
  159.2  1.59382181E-43
  159.3  1.59824755E-43
  159.4  1.60268251E-43
  159.5  1.60712668E-43
  159.6  1.6115801E-43
  159.7  1.61604276E-43
  159.8  1.62051469E-43
  159.9  1.62499588E-43
  160.  1.62948637E-43
  160.1  1.63398616E-43
  160.2  1.63849526E-43
  160.3  1.64301368E-43
  160.4  1.64754145E-43
  160.5  1.65207857E-43
  160.6  1.65662505E-43
  160.7  1.66118091E-43
  160.8  1.66574616E-43
  160.9  1.67032081E-43
  161.  1.67490488E-43
  161.1  1.67949837E-43
  161.2  1.68410131E-43
  161.3  1.68871371E-43
  161.4  1.69333557E-43
  161.5  1.69796691E-43
  161.6  1.70260775E-43
  161.7  1.70725809E-43
  161.8  1.71191795E-43
  161.9  1.71658735E-43
  162.  1.72126629E-43
  162.1  1.72595479E-43
  162.2  1.73065286E-43
  162.3  1.73536051E-43
  162.4  1.74007777E-43
  162.5  1.74480463E-43
  162.6  1.74954112E-43
  162.7  1.75428724E-43
  162.8  1.75904302E-43
  162.9  1.76380845E-43
  163.  1.76858357E-43
  163.1  1.77336837E-43
  163.2  1.77816287E-43
  163.3  1.78296709E-43
  163.4  1.78778104E-43
  163.5  1.79260473E-43
  163.6  1.79743818E-43
  163.7  1.80228139E-43
  163.8  1.80713438E-43
  163.9  1.81199717E-43
  164.  1.81686976E-43
  164.1  1.82175218E-43
  164.2  1.82664443E-43
  164.3  1.83154652E-43
  164.4  1.83645848E-43
  164.5  1.84138031E-43
  164.6  1.84631202E-43
  164.7  1.85125364E-43
  164.8  1.85620517E-43
  164.9  1.86116662E-43
  165.  1.86613801E-43
  165.1  1.87111936E-43
  165.2  1.87611067E-43
  165.3  1.88111197E-43
  165.4  1.88612325E-43
  165.5  1.89114454E-43
  165.6  1.89617585E-43
  165.7  1.90121719E-43
  165.8  1.90626858E-43
  165.9  1.91133003E-43
  166.  1.91640155E-43
  166.1  1.92148315E-43
  166.2  1.92657486E-43
  166.3  1.93167667E-43
  166.4  1.93678862E-43
  166.5  1.9419107E-43
  166.6  1.94704294E-43
  166.7  1.95218534E-43
  166.8  1.95733792E-43
  166.9  1.96250069E-43
  167.  1.96767367E-43
  167.1  1.97285688E-43
  167.2  1.97805031E-43
  167.3  1.98325399E-43
  167.4  1.98846793E-43
  167.5  1.99369215E-43
  167.6  1.99892665E-43
  167.7  2.00417145E-43
  167.8  2.00942657E-43
  167.9  2.01469202E-43
  168.  2.0199678E-43
  168.1  2.02525394E-43
  168.2  2.03055045E-43
  168.3  2.03585734E-43
  168.4  2.04117463E-43
  168.5  2.04650233E-43
  168.6  2.05184045E-43
  168.7  2.057189E-43
  168.8  2.06254801E-43
  168.9  2.06791747E-43
  169.  2.07329742E-43
  169.1  2.07868785E-43
  169.2  2.08408879E-43
  169.3  2.08950025E-43
  169.4  2.09492224E-43
  169.5  2.10035478E-43
  169.6  2.10579787E-43
  169.7  2.11125154E-43
  169.8  2.11671579E-43
  169.9  2.12219064E-43
  170.  2.1276761E-43
