  0.1  0.
  0.2  0.
  0.3  0.
  0.4  0.
  0.5  0.
  0.6  0.
  0.7  0.
  0.8  0.
  0.9  0.
  1.  0.
  1.1  0.
  1.2  0.
  1.3  0.
  1.4  0.
  1.5  0.
  1.6  0.
  1.7  0.
  1.8  0.
  1.9  0.
  2.  0.
  2.1  0.
  2.2  0.
  2.3  0.
  2.4  0.
  2.5  0.
  2.6  0.
  2.7  0.
  2.8  0.
  2.9  0.
  3.  0.
  3.1  0.
  3.2  0.
  3.3  0.
  3.4  0.
  3.5  0.
  3.6  0.
  3.7  0.
  3.8  0.
  3.9  0.
  4.  0.
  4.1  0.
  4.2  0.
  4.3  0.
  4.4  0.
  4.5  0.
  4.6  0.
  4.7  0.
  4.8  0.
  4.9  0.
  5.  0.
  5.1  0.
  5.2  0.
  5.3  0.
  5.4  0.
  5.5  0.
  5.6  0.
  5.7  0.
  5.8  0.
  5.9  0.
  6.  0.
  6.1  0.
  6.2  0.
  6.3  0.
  6.4  0.
  6.5  0.
  6.6  0.
  6.7  0.
  6.8  0.
  6.9  0.
  7.  0.
  7.1  0.
  7.2  0.
  7.3  0.
  7.4  0.
  7.5  0.
  7.6  0.
  7.7  0.
  7.8  0.
  7.9  0.
  8.  0.
  8.1  0.
  8.2  0.
  8.3  0.
  8.4  0.
  8.5  0.
  8.6  0.
  8.7  0.
  8.8  0.
  8.9  0.
  9.  0.
  9.1  0.
  9.2  0.
  9.3  0.
  9.4  0.
  9.5  0.
  9.6  0.
  9.7  0.
  9.8  0.
  9.9  0.
  10.  0.
  10.1  0.
  10.2  0.
  10.3  0.
  10.4  0.
  10.5  0.
  10.6  0.
  10.7  0.
  10.8  0.
  10.9  0.
  11.  0.
  11.1  4.90165762E-47
  11.2  5.30116197E-47
  11.3  5.72953275E-47
  11.4  6.18835505E-47
  11.5  6.67923889E-47
  11.6  7.20381118E-47
  11.7  7.76370648E-47
  11.8  8.36055659E-47
  11.9  8.99597879E-47
  12.  9.67156281E-47
  12.1  1.03888564E-46
  12.2  1.11493498E-46
  12.3  1.19544582E-46
  12.4  1.28055038E-46
  12.5  1.37036957E-46
  12.6  1.46501092E-46
  12.7  1.56456636E-46
  12.8  1.66910994E-46
  12.9  1.77869537E-46
  13.  1.89335363E-46
  13.1  2.01309043E-46
  13.2  2.13788365E-46
  13.3  2.26768089E-46
  13.4  2.40239688E-46
  13.5  2.54191116E-46
  13.6  2.68606568E-46
  13.7  2.8346627E-46
  13.8  2.98746279E-46
  13.9  3.1441831E-46
  14.  3.30449586E-46
  14.1  3.46802731E-46
  14.2  3.63435688E-46
  14.3  3.80301688E-46
  14.4  3.97349259E-46
  14.5  4.14522287E-46
  14.6  4.31760137E-46
  14.7  4.48997817E-46
  14.8  4.6616622E-46
  14.9  4.83192414E-46
  15.  5.E-46
  15.1  5.16883703E-46
  15.2  5.34193182E-46
  15.3  5.51931819E-46
  15.4  5.70102619E-46
  15.5  5.88708188E-46
  15.6  6.07750712E-46
  15.7  6.2723193E-46
  15.8  6.47153116E-46
  15.9  6.67515052E-46
  16.  6.88318009E-46
  16.1  7.09561718E-46
  16.2  7.31245352E-46
  16.3  7.53367503E-46
  16.4  7.75926155E-46
  16.5  7.98918665E-46
  16.6  8.22341741E-46
  16.7  8.46191419E-46
  16.8  8.70463041E-46
  16.9  8.95151236E-46
  17.  9.202499E-46
  17.1  9.45752175E-46
  17.2  9.71650434E-46
  17.3  9.97936259E-46
  17.4  1.02460043E-45
  17.5  1.05163289E-45
  17.6  1.07902278E-45
  17.7  1.10675836E-45
  17.8  1.13482705E-45
  17.9  1.16321538E-45
  18.  1.19190903E-45
  18.1  1.22089278E-45
  18.2  1.2501505E-45
  18.3  1.2796652E-45
  18.4  1.30941896E-45
  18.5  1.339393E-45
  18.6  1.36956761E-45
  18.7  1.39992223E-45
  18.8  1.43043537E-45
  18.9  1.46108471E-45
  19.  1.49184704E-45
  19.1  1.52269833E-45
  19.2  1.55361368E-45
  19.3  1.58456741E-45
  19.4  1.61553303E-45
  19.5  1.64648328E-45
  19.6  1.67739018E-45
  19.7  1.70822501E-45
  19.8  1.73895839E-45
  19.9  1.76956027E-45
  20.  1.8E-45
  20.1  1.83065398E-45
  20.2  1.86192171E-45
  20.3  1.89380652E-45
  20.4  1.92631137E-45
  20.5  1.95943881E-45
  20.6  1.99319095E-45
  20.7  2.02756944E-45
  20.8  2.06257547E-45
  20.9  2.09820967E-45
  21.  2.13447217E-45
  21.1  2.17136248E-45
  21.2  2.20887953E-45
  21.3  2.24702161E-45
  21.4  2.28578634E-45
  21.5  2.32517063E-45
  21.6  2.36517066E-45
  21.7  2.40578185E-45
  21.8  2.44699883E-45
  21.9  2.48881537E-45
  22.  2.53122441E-45
  22.1  2.57421796E-45
  22.2  2.61778713E-45
  22.3  2.66192204E-45
  22.4  2.70661183E-45
  22.5  2.75184462E-45
  22.6  2.79760746E-45
  22.7  2.84388629E-45
  22.8  2.89066597E-45
  22.9  2.93793017E-45
  23.  2.98566141E-45
  23.1  3.03384099E-45
  23.2  3.08244897E-45
  23.3  3.13146415E-45
  23.4  3.18086406E-45
  23.5  3.23062492E-45
  23.6  3.2807216E-45
  23.7  3.33112767E-45
  23.8  3.38181529E-45
  23.9  3.43275528E-45
  24.  3.48391705E-45
  24.1  3.53526861E-45
  24.2  3.58677658E-45
  24.3  3.63840616E-45
  24.4  3.69012113E-45
  24.5  3.74188389E-45
  24.6  3.7936554E-45
  24.7  3.84539525E-45
  24.8  3.89706164E-45
  24.9  3.94861139E-45
  25.  4.E-45
  25.1  4.05162499E-45
  25.2  4.10391457E-45
  25.3  4.15686896E-45
  25.4  4.2104881E-45
  25.5  4.26477158E-45
  25.6  4.31971864E-45
  25.7  4.37532819E-45
  25.8  4.43159874E-45
  25.9  4.48852845E-45
  26.  4.54611505E-45
  26.1  4.60435592E-45
  26.2  4.66324795E-45
  26.3  4.72278767E-45
  26.4  4.7829711E-45
  26.5  4.84379385E-45
  26.6  4.90525104E-45
  26.7  4.9673373E-45
  26.8  5.03004677E-45
  26.9  5.09337307E-45
  27.  5.15730932E-45
  27.1  5.22184808E-45
  27.2  5.28698137E-45
  27.3  5.35270065E-45
  27.4  5.41899678E-45
  27.5  5.48586008E-45
  27.6  5.55328022E-45
  27.7  5.6212463E-45
  27.8  5.68974676E-45
  27.9  5.75876943E-45
  28.  5.82830148E-45
  28.1  5.89832943E-45
  28.2  5.96883911E-45
  28.3  6.03981569E-45
  28.4  6.11124365E-45
  28.5  6.18310676E-45
  28.6  6.25538808E-45
  28.7  6.32806995E-45
  28.8  6.40113401E-45
  28.9  6.47456113E-45
  29.  6.54833145E-45
  29.1  6.62242437E-45
  29.2  6.69681852E-45
  29.3  6.77149179E-45
  29.4  6.84642128E-45
  29.5  6.92158334E-45
  29.6  6.99695354E-45
  29.7  7.07250668E-45
  29.8  7.14821677E-45
  29.9  7.22405706E-45
  30.  7.3E-45
  30.1  7.3763164E-45
  30.2  7.45329421E-45
  30.3  7.53093083E-45
  30.4  7.60922339E-45
  30.5  7.68816875E-45
  30.6  7.76776346E-45
  30.7  7.84800381E-45
  30.8  7.92888579E-45
  30.9  8.01040506E-45
  31.  8.09255701E-45
  31.1  8.17533669E-45
  31.2  8.25873884E-45
  31.3  8.34275787E-45
  31.4  8.42738785E-45
  31.5  8.51262253E-45
  31.6  8.5984553E-45
  31.7  8.6848792E-45
  31.8  8.77188692E-45
  31.9  8.85947079E-45
  32.  8.94762277E-45
  32.1  9.03633444E-45
  32.2  9.125597E-45
  32.3  9.21540128E-45
  32.4  9.30573772E-45
  32.5  9.39659634E-45
  32.6  9.48796679E-45
  32.7  9.57983829E-45
  32.8  9.67219968E-45
  32.9  9.76503934E-45
  33.  9.85834528E-45
  33.1  9.95210505E-45
  33.2  1.00463058E-44
  33.3  1.01409342E-44
  33.4  1.02359766E-44
  33.5  1.03314187E-44
  33.6  1.04272459E-44
  33.7  1.05234433E-44
  33.8  1.06199952E-44
  33.9  1.07168857E-44
  34.  1.08140984E-44
  34.1  1.09116163E-44
  34.2  1.10094222E-44
  34.3  1.11074982E-44
  34.4  1.12058261E-44
  34.5  1.13043871E-44
  34.6  1.14031619E-44
  34.7  1.15021311E-44
  34.8  1.16012743E-44
  34.9  1.17005709E-44
  35.  1.18E-44
  35.1  1.1899779E-44
  35.2  1.20001356E-44
  35.3  1.21010633E-44
  35.4  1.22025553E-44
  35.5  1.23046044E-44
  35.6  1.24072033E-44
  35.7  1.25103445E-44
  35.8  1.26140199E-44
  35.9  1.27182213E-44
  36.  1.28229404E-44
  36.1  1.29281682E-44
  36.2  1.30338958E-44
  36.3  1.31401137E-44
  36.4  1.32468123E-44
  36.5  1.33539816E-44
  36.6  1.34616112E-44
  36.7  1.35696906E-44
  36.8  1.36782089E-44
  36.9  1.37871549E-44
  37.  1.38965169E-44
  37.1  1.40062832E-44
  37.2  1.41164415E-44
  37.3  1.42269793E-44
  37.4  1.43378837E-44
  37.5  1.44491417E-44
  37.6  1.45607396E-44
  37.7  1.46726636E-44
  37.8  1.47848996E-44
  37.9  1.48974331E-44
  38.  1.50102491E-44
  38.1  1.51233325E-44
  38.2  1.52366677E-44
  38.3  1.53502389E-44
  38.4  1.54640299E-44
  38.5  1.5578024E-44
  38.6  1.56922044E-44
  38.7  1.58065538E-44
  38.8  1.59210547E-44
  38.9  1.6035689E-44
  39.  1.61504385E-44
  39.1  1.62652846E-44
  39.2  1.63802082E-44
  39.3  1.64951901E-44
  39.4  1.66102106E-44
  39.5  1.67252497E-44
  39.6  1.6840287E-44
  39.7  1.69553019E-44
  39.8  1.70702733E-44
  39.9  1.71851799E-44
  40.  1.73E-44
  40.1  1.74149897E-44
  40.2  1.75304152E-44
  40.3  1.76462694E-44
  40.4  1.7762545E-44
  40.5  1.78792346E-44
  40.6  1.79963306E-44
  40.7  1.8113825E-44
  40.8  1.823171E-44
  40.9  1.83499773E-44
  41.  1.84686185E-44
  41.1  1.85876251E-44
  41.2  1.87069882E-44
  41.3  1.8826699E-44
  41.4  1.89467481E-44
  41.5  1.90671264E-44
  41.6  1.91878241E-44
  41.7  1.93088316E-44
  41.8  1.9430139E-44
  41.9  1.95517359E-44
  42.  1.96736121E-44
  42.1  1.97957571E-44
  42.2  1.991816E-44
  42.3  2.00408099E-44
  42.4  2.01636956E-44
  42.5  2.02868057E-44
  42.6  2.04101287E-44
  42.7  2.05336528E-44
  42.8  2.0657366E-44
  42.9  2.0781256E-44
  43.  2.09053104E-44
  43.1  2.10295168E-44
  43.2  2.11538621E-44
  43.3  2.12783335E-44
  43.4  2.14029176E-44
  43.5  2.1527601E-44
  43.6  2.16523701E-44
  43.7  2.1777211E-44
  43.8  2.19021097E-44
  43.9  2.20270518E-44
  44.  2.2152023E-44
  44.1  2.22770085E-44
  44.2  2.24019934E-44
  44.3  2.25269627E-44
  44.4  2.2651901E-44
  44.5  2.2776793E-44
  44.6  2.29016228E-44
  44.7  2.30263746E-44
  44.8  2.31510323E-44
  44.9  2.32755796E-44
  45.  2.34E-44
  45.1  2.35245647E-44
  45.2  2.36495497E-44
  45.3  2.37749451E-44
  45.4  2.3900741E-44
  45.5  2.40269272E-44
  45.6  2.41534933E-44
  45.7  2.42804288E-44
  45.8  2.44077227E-44
  45.9  2.45353641E-44
  46.  2.46633415E-44
  46.1  2.47916437E-44
  46.2  2.49202587E-44
  46.3  2.50491747E-44
  46.4  2.51783795E-44
  46.5  2.53078606E-44
  46.6  2.54376055E-44
  46.7  2.55676011E-44
  46.8  2.56978345E-44
  46.9  2.58282923E-44
  47.  2.59589609E-44
  47.1  2.60898265E-44
  47.2  2.62208751E-44
  47.3  2.63520922E-44
  47.4  2.64834636E-44
  47.5  2.66149743E-44
  47.6  2.67466094E-44
  47.7  2.68783537E-44
  47.8  2.70101916E-44
  47.9  2.71421075E-44
  48.  2.72740854E-44
  48.1  2.74061091E-44
  48.2  2.75381622E-44
  48.3  2.7670228E-44
  48.4  2.78022897E-44
  48.5  2.793433E-44
  48.6  2.80663316E-44
  48.7  2.81982769E-44
  48.8  2.83301481E-44
  48.9  2.84619269E-44
  49.  2.85935952E-44
  49.1  2.87251344E-44
  49.2  2.88565256E-44
  49.3  2.89877499E-44
  49.4  2.9118788E-44
  49.5  2.92496204E-44
  49.6  2.93802274E-44
  49.7  2.95105892E-44
  49.8  2.96406855E-44
  49.9  2.97704959E-44
  50.  2.99E-44
  50.1  3.00294811E-44
  50.2  3.01592308E-44
  50.3  3.02892404E-44
  50.4  3.04195012E-44
  50.5  3.05500041E-44
  50.6  3.06807401E-44
  50.7  3.08116998E-44
  50.8  3.0942874E-44
  50.9  3.10742531E-44
  51.  3.12058275E-44
  51.1  3.13375872E-44
  51.2  3.14695224E-44
  51.3  3.1601623E-44
  51.4  3.17338787E-44
  51.5  3.18662791E-44
  51.6  3.19988137E-44
  51.7  3.21314718E-44
  51.8  3.22642426E-44
  51.9  3.23971151E-44
  52.  3.25300783E-44
  52.1  3.26631207E-44
  52.2  3.27962311E-44
  52.3  3.29293978E-44
  52.4  3.30626092E-44
  52.5  3.31958534E-44
  52.6  3.33291185E-44
  52.7  3.34623922E-44
  52.8  3.35956623E-44
  52.9  3.37289163E-44
  53.  3.38621418E-44
  53.1  3.39953259E-44
  53.2  3.41284557E-44
  53.3  3.42615184E-44
  53.4  3.43945007E-44
  53.5  3.45273893E-44
  53.6  3.46601708E-44
  53.7  3.47928315E-44
  53.8  3.49253579E-44
  53.9  3.50577359E-44
  54.  3.51899516E-44
  54.1  3.53219908E-44
  54.2  3.54538393E-44
  54.3  3.55854826E-44
  54.4  3.57169061E-44
  54.5  3.58480952E-44
  54.6  3.5979035E-44
  54.7  3.61097106E-44
  54.8  3.62401068E-44
  54.9  3.63702084E-44
  55.  3.65E-44
  55.1  3.66297467E-44
  55.2  3.6759719E-44
  55.3  3.68899097E-44
  55.4  3.70203115E-44
  55.5  3.71509171E-44
  55.6  3.7281719E-44
  55.7  3.74127096E-44
  55.8  3.75438811E-44
  55.9  3.7675226E-44
  56.  3.78067362E-44
  56.1  3.79384038E-44
  56.2  3.80702207E-44
  56.3  3.82021788E-44
  56.4  3.83342698E-44
  56.5  3.84664852E-44
  56.6  3.85988168E-44
  56.7  3.87312558E-44
  56.8  3.88637935E-44
  56.9  3.89964214E-44
  57.  3.91291303E-44
  57.1  3.92619115E-44
  57.2  3.93947557E-44
  57.3  3.95276539E-44
  57.4  3.96605967E-44
  57.5  3.97935748E-44
  57.6  3.99265787E-44
  57.7  4.00595988E-44
  57.8  4.01926254E-44
  57.9  4.03256487E-44
  58.  4.0458659E-44
  58.1  4.05916461E-44
  58.2  4.07246E-44
  58.3  4.08575105E-44
  58.4  4.09903673E-44
  58.5  4.11231601E-44
  58.6  4.12558783E-44
  58.7  4.13885114E-44
  58.8  4.15210487E-44
  58.9  4.16534794E-44
  59.  4.17857926E-44
  59.1  4.19179773E-44
  59.2  4.20500226E-44
  59.3  4.21819171E-44
  59.4  4.23136496E-44
  59.5  4.24452088E-44
  59.6  4.25765832E-44
  59.7  4.27077612E-44
  59.8  4.28387312E-44
  59.9  4.29694814E-44
  60.  4.31E-44
  60.1  4.32304901E-44
  60.2  4.33611584E-44
  60.3  4.34919985E-44
  60.4  4.36230039E-44
  60.5  4.37541682E-44
  60.6  4.38854845E-44
  60.7  4.40169463E-44
  60.8  4.41485468E-44
  60.9  4.4280279E-44
  61.  4.44121361E-44
  61.1  4.4544111E-44
  61.2  4.46761968E-44
  61.3  4.48083861E-44
  61.4  4.49406718E-44
  61.5  4.50730467E-44
  61.6  4.52055032E-44
  61.7  4.5338034E-44
  61.8  4.54706315E-44
  61.9  4.56032881E-44
  62.  4.57359962E-44
  62.1  4.5868748E-44
  62.2  4.60015356E-44
  62.3  4.61343512E-44
  62.4  4.62671867E-44
  62.5  4.64000342E-44
  62.6  4.65328854E-44
  62.7  4.66657323E-44
  62.8  4.67985664E-44
  62.9  4.69313795E-44
  63.  4.70641631E-44
  63.1  4.71969087E-44
  63.2  4.73296077E-44
  63.3  4.74622515E-44
  63.4  4.75948313E-44
  63.5  4.77273383E-44
  63.6  4.78597638E-44
  63.7  4.79920986E-44
  63.8  4.81243338E-44
  63.9  4.82564602E-44
  64.  4.83884688E-44
  64.1  4.85203502E-44
  64.2  4.86520952E-44
  64.3  4.87836943E-44
  64.4  4.89151381E-44
  64.5  4.9046417E-44
  64.6  4.91775215E-44
  64.7  4.93084418E-44
  64.8  4.94391682E-44
  64.9  4.95696909E-44
  65.  4.97E-44
  65.1  4.98302459E-44
  65.2  4.99605818E-44
  65.3  5.00910022E-44
  65.4  5.02215013E-44
  65.5  5.03520733E-44
  65.6  5.04827125E-44
  65.7  5.06134131E-44
  65.8  5.0744169E-44
  65.9  5.08749744E-44
  66.  5.10058232E-44
  66.1  5.11367094E-44
  66.2  5.12676268E-44
  66.3  5.13985694E-44
  66.4  5.15295308E-44
  66.5  5.16605048E-44
  66.6  5.17914852E-44
  66.7  5.19224654E-44
  66.8  5.20534391E-44
  66.9  5.21843998E-44
  67.  5.23153409E-44
  67.1  5.2446256E-44
  67.2  5.25771383E-44
  67.3  5.27079811E-44
  67.4  5.28387778E-44
  67.5  5.29695216E-44
  67.6  5.31002055E-44
  67.7  5.32308227E-44
  67.8  5.33613663E-44
  67.9  5.34918293E-44
  68.  5.36222045E-44
  68.1  5.3752485E-44
  68.2  5.38826636E-44
  68.3  5.4012733E-44
  68.4  5.41426861E-44
  68.5  5.42725155E-44
  68.6  5.44022139E-44
  68.7  5.45317738E-44
  68.8  5.46611879E-44
  68.9  5.47904486E-44
  69.  5.49195483E-44
  69.1  5.50484796E-44
  69.2  5.51772347E-44
  69.3  5.53058059E-44
  69.4  5.54341855E-44
  69.5  5.55623658E-44
  69.6  5.56903388E-44
  69.7  5.58180966E-44
  69.8  5.59456315E-44
  69.9  5.60729353E-44
  70.  5.62E-44
  70.1  5.63269563E-44
  70.2  5.64539377E-44
  70.3  5.65809404E-44
  70.4  5.67079609E-44
  70.5  5.68349952E-44
  70.6  5.69620396E-44
  70.7  5.70890904E-44
  70.8  5.72161436E-44
  70.9  5.73431955E-44
  71.  5.74702421E-44
  71.1  5.75972794E-44
  71.2  5.77243037E-44
  71.3  5.78513109E-44
  71.4  5.7978297E-44
  71.5  5.8105258E-44
  71.6  5.82321899E-44
  71.7  5.83590886E-44
  71.8  5.84859499E-44
  71.9  5.86127699E-44
  72.  5.87395443E-44
  72.1  5.8866269E-44
  72.2  5.89929397E-44
  72.3  5.91195523E-44
  72.4  5.92461025E-44
  72.5  5.93725861E-44
  72.6  5.94989987E-44
  72.7  5.96253359E-44
  72.8  5.97515936E-44
  72.9  5.98777672E-44
  73.  6.00038525E-44
  73.1  6.01298449E-44
  73.2  6.025574E-44
  73.3  6.03815334E-44
  73.4  6.05072205E-44
  73.5  6.06327969E-44
  73.6  6.07582579E-44
  73.7  6.08835991E-44
  73.8  6.10088157E-44
  73.9  6.11339033E-44
  74.  6.12588571E-44
  74.1  6.13836725E-44
  74.2  6.15083447E-44
  74.3  6.16328692E-44
  74.4  6.17572411E-44
  74.5  6.18814556E-44
  74.6  6.2005508E-44
  74.7  6.21293935E-44
  74.8  6.22531073E-44
  74.9  6.23766444E-44
  75.  6.25E-44
  75.1  6.26232641E-44
  75.2  6.27465281E-44
  75.3  6.28697888E-44
  75.4  6.29930433E-44
  75.5  6.31162886E-44
  75.6  6.32395215E-44
  75.7  6.3362739E-44
  75.8  6.34859381E-44
  75.9  6.36091155E-44
  76.  6.37322682E-44
  76.1  6.3855393E-44
  76.2  6.39784868E-44
  76.3  6.41015463E-44
  76.4  6.42245684E-44
  76.5  6.43475499E-44
  76.6  6.44704875E-44
  76.7  6.45933779E-44
  76.8  6.4716218E-44
  76.9  6.48390043E-44
  77.  6.49617336E-44
  77.1  6.50844026E-44
  77.2  6.52070079E-44
  77.3  6.53295462E-44
  77.4  6.54520141E-44
  77.5  6.55744082E-44
  77.6  6.56967251E-44
  77.7  6.58189613E-44
  77.8  6.59411135E-44
  77.9  6.60631781E-44
  78.  6.61851517E-44
  78.1  6.63070308E-44
  78.2  6.64288118E-44
  78.3  6.65504912E-44
  78.4  6.66720656E-44
  78.5  6.67935312E-44
  78.6  6.69148846E-44
  78.7  6.70361222E-44
  78.8  6.71572402E-44
  78.9  6.72782352E-44
  79.  6.73991034E-44
  79.1  6.75198412E-44
  79.2  6.76404449E-44
  79.3  6.77609108E-44
  79.4  6.78812352E-44
  79.5  6.80014144E-44
  79.6  6.81214445E-44
  79.7  6.8241322E-44
  79.8  6.83610429E-44
  79.9  6.84806035E-44
  80.  6.86E-44
  80.1  6.87192798E-44
  80.2  6.88384905E-44
  80.3  6.89576282E-44
  80.4  6.9076689E-44
  80.5  6.91956692E-44
  80.6  6.93145648E-44
  80.7  6.9433372E-44
  80.8  6.95520868E-44
  80.9  6.96707053E-44
  81.  6.97892235E-44
  81.1  6.99076376E-44
  81.2  7.00259433E-44
  81.3  7.01441369E-44
  81.4  7.02622142E-44
  81.5  7.03801711E-44
  81.6  7.04980037E-44
  81.7  7.06157078E-44
  81.8  7.07332793E-44
  81.9  7.0850714E-44
  82.  7.09680079E-44
  82.1  7.10851568E-44
  82.2  7.12021564E-44
  82.3  7.13190026E-44
  82.4  7.14356912E-44
  82.5  7.15522179E-44
  82.6  7.16685784E-44
  82.7  7.17847686E-44
  82.8  7.1900784E-44
  82.9  7.20166203E-44
  83.  7.21322733E-44
  83.1  7.22477386E-44
  83.2  7.23630118E-44
  83.3  7.24780885E-44
  83.4  7.25929644E-44
  83.5  7.27076349E-44
  83.6  7.28220958E-44
  83.7  7.29363424E-44
  83.8  7.30503704E-44
  83.9  7.31641752E-44
  84.  7.32777524E-44
  84.1  7.33910974E-44
  84.2  7.35042057E-44
  84.3  7.36170727E-44
  84.4  7.37296939E-44
  84.5  7.38420646E-44
  84.6  7.39541803E-44
  84.7  7.40660363E-44
  84.8  7.41776281E-44
  84.9  7.42889508E-44
  85.  7.44E-44
  85.1  7.45108201E-44
  85.2  7.46214581E-44
  85.3  7.4731913E-44
  85.4  7.4842184E-44
  85.5  7.49522701E-44
  85.6  7.50621704E-44
  85.7  7.51718838E-44
  85.8  7.52814095E-44
  85.9  7.53907466E-44
  86.  7.5499894E-44
  86.1  7.56088509E-44
  86.2  7.57176164E-44
  86.3  7.58261895E-44
  86.4  7.59345693E-44
  86.5  7.60427549E-44
  86.6  7.61507454E-44
  86.7  7.62585398E-44
  86.8  7.63661374E-44
  86.9  7.6473537E-44
  87.  7.65807379E-44
  87.1  7.66877392E-44
  87.2  7.679454E-44
  87.3  7.69011393E-44
  87.4  7.70075362E-44
  87.5  7.711373E-44
  87.6  7.72197197E-44
  87.7  7.73255044E-44
  87.8  7.74310832E-44
  87.9  7.75364553E-44
  88.  7.76416198E-44
  88.1  7.77465759E-44
  88.2  7.78513226E-44
  88.3  7.79558591E-44
  88.4  7.80601846E-44
  88.5  7.81642981E-44
  88.6  7.82681989E-44
  88.7  7.83718861E-44
  88.8  7.84753588E-44
  88.9  7.85786162E-44
  89.  7.86816575E-44
  89.1  7.87844818E-44
  89.2  7.88870883E-44
  89.3  7.89894761E-44
  89.4  7.90916445E-44
  89.5  7.91935926E-44
  89.6  7.92953195E-44
  89.7  7.93968246E-44
  89.8  7.94981069E-44
  89.9  7.95991656E-44
  90.  7.97E-44
  90.1  7.98006498E-44
  90.2  7.99011534E-44
  90.3  8.00015084E-44
  90.4  8.01017119E-44
  90.5  8.02017614E-44
  90.6  8.03016542E-44
  90.7  8.04013876E-44
  90.8  8.0500959E-44
  90.9  8.06003656E-44
  91.  8.06996049E-44
  91.1  8.07986739E-44
  91.2  8.08975702E-44
  91.3  8.09962908E-44
  91.4  8.10948332E-44
  91.5  8.11931946E-44
  91.6  8.12913722E-44
  91.7  8.13893632E-44
  91.8  8.1487165E-44
  91.9  8.15847748E-44
  92.  8.16821897E-44
  92.1  8.17794071E-44
  92.2  8.1876424E-44
  92.3  8.19732378E-44
  92.4  8.20698456E-44
  92.5  8.21662446E-44
  92.6  8.2262432E-44
  92.7  8.2358405E-44
  92.8  8.24541607E-44
  92.9  8.25496963E-44
  93.  8.26450089E-44
  93.1  8.27400957E-44
  93.2  8.28349539E-44
  93.3  8.29295805E-44
  93.4  8.30239728E-44
  93.5  8.31181277E-44
  93.6  8.32120425E-44
  93.7  8.33057142E-44
  93.8  8.33991399E-44
  93.9  8.34923168E-44
  94.  8.35852419E-44
  94.1  8.36779123E-44
  94.2  8.37703251E-44
  94.3  8.38624773E-44
  94.4  8.3954366E-44
  94.5  8.40459883E-44
  94.6  8.41373413E-44
  94.7  8.42284218E-44
  94.8  8.43192271E-44
  94.9  8.44097542E-44
  95.  8.45E-44
  95.1  8.45899616E-44
  95.2  8.4679636E-44
  95.3  8.47690203E-44
  95.4  8.48581114E-44
  95.5  8.49469063E-44
  95.6  8.50354021E-44
  95.7  8.51235957E-44
  95.8  8.52114842E-44
  95.9  8.52990644E-44
  96.  8.53863335E-44
  96.1  8.54732883E-44
  96.2  8.55599258E-44
  96.3  8.56462431E-44
  96.4  8.5732237E-44
  96.5  8.58179045E-44
  96.6  8.59032426E-44
  96.7  8.59882482E-44
  96.8  8.60729183E-44
  96.9  8.61572499E-44
  97.  8.62412397E-44
  97.1  8.63248849E-44
  97.2  8.64081823E-44
  97.3  8.64911288E-44
  97.4  8.65737214E-44
  97.5  8.66559571E-44
  97.6  8.67378326E-44
  97.7  8.6819345E-44
  97.8  8.69004911E-44
  97.9  8.69812679E-44
  98.  8.70616723E-44
  98.1  8.71417011E-44
  98.2  8.72213513E-44
  98.3  8.73006198E-44
  98.4  8.73795035E-44
  98.5  8.74579993E-44
  98.6  8.7536104E-44
  98.7  8.76138146E-44
  98.8  8.7691128E-44
  98.9  8.7768041E-44
  99.  8.78445505E-44
  99.1  8.79206535E-44
  99.2  8.79963468E-44
  99.3  8.80716273E-44
  99.4  8.81464919E-44
  99.5  8.82209375E-44
  99.6  8.82949609E-44
  99.7  8.8368559E-44
  99.8  8.84417288E-44
  99.9  8.85144671E-44
  100.  8.85867707E-44
  100.1  8.86586366E-44
  100.2  8.87300617E-44
  100.3  8.88010428E-44
  100.4  8.88715768E-44
  100.5  8.89416605E-44
  100.6  8.9011291E-44
  100.7  8.9080465E-44
  100.8  8.91491795E-44
  100.9  8.92174312E-44
  101.  8.92852172E-44
  101.1  8.93525343E-44
  101.2  8.94193794E-44
  101.3  8.94857494E-44
  101.4  8.95516411E-44
  101.5  8.96170515E-44
  101.6  8.96819775E-44
  101.7  8.9746416E-44
  101.8  8.98103638E-44
  101.9  8.98738179E-44
  102.  8.99367751E-44
  102.1  8.99992324E-44
  102.2  9.00611867E-44
  102.3  9.0122635E-44
  102.4  9.0183574E-44
  102.5  9.02440008E-44
  102.6  9.03039122E-44
  102.7  9.03633052E-44
  102.8  9.04221768E-44
  102.9  9.04805238E-44
  103.  9.05383432E-44
  103.1  9.05956319E-44
  103.2  9.06523869E-44
  103.3  9.07086051E-44
  103.4  9.07642836E-44
  103.5  9.08194191E-44
  103.6  9.08740088E-44
  103.7  9.09280495E-44
  103.8  9.09815383E-44
  103.9  9.10344722E-44
  104.  9.1086848E-44
  104.1  9.11386629E-44
  104.2  9.11899138E-44
  104.3  9.12405976E-44
  104.4  9.12907115E-44
  104.5  9.13402524E-44
  104.6  9.13892174E-44
  104.7  9.14376035E-44
  104.8  9.14854077E-44
  104.9  9.1532627E-44
  105.  9.15792585E-44
  105.1  9.16252993E-44
  105.2  9.16707464E-44
  105.3  9.1715597E-44
  105.4  9.1759848E-44
  105.5  9.18034965E-44
  105.6  9.18465397E-44
  105.7  9.18889746E-44
  105.8  9.19307985E-44
  105.9  9.19720083E-44
  106.  9.20126012E-44
  106.1  9.20525743E-44
  106.2  9.20919249E-44
  106.3  9.21306499E-44
  106.4  9.21687467E-44
  106.5  9.22062124E-44
  106.6  9.22430442E-44
  106.7  9.22792392E-44
  106.8  9.23147946E-44
  106.9  9.23497078E-44
  107.  9.23839758E-44
  107.1  9.24175959E-44
  107.2  9.24505655E-44
  107.3  9.24828816E-44
  107.4  9.25145416E-44
  107.5  9.25455429E-44
  107.6  9.25758825E-44
  107.7  9.26055579E-44
  107.8  9.26345664E-44
  107.9  9.26629053E-44
  108.  9.26905719E-44
  108.1  9.27175636E-44
  108.2  9.27438777E-44
  108.3  9.27695116E-44
  108.4  9.27944627E-44
  108.5  9.28187284E-44
  108.6  9.28423061E-44
  108.7  9.28651932E-44
  108.8  9.28873872E-44
  108.9  9.29088854E-44
  109.  9.29296855E-44
  109.1  9.29497848E-44
  109.2  9.29691808E-44
  109.3  9.29878711E-44
  109.4  9.30058532E-44
  109.5  9.30231245E-44
  109.6  9.30396827E-44
  109.7  9.30555254E-44
  109.8  9.307065E-44
  109.9  9.30850542E-44
  110.  9.30987357E-44
  110.1  9.3111692E-44
  110.2  9.31239207E-44
  110.3  9.31354196E-44
  110.4  9.31461863E-44
  110.5  9.31562185E-44
  110.6  9.31655139E-44
  110.7  9.31740702E-44
  110.8  9.31818852E-44
  110.9  9.31889566E-44
  111.  9.31952823E-44
  111.1  9.32008599E-44
  111.2  9.32056873E-44
  111.3  9.32097624E-44
  111.4  9.32130829E-44
  111.5  9.32156467E-44
  111.6  9.32174518E-44
  111.7  9.3218496E-44
  111.8  9.32187773E-44
  111.9  9.32182935E-44
  112.  9.32170426E-44
  112.1  9.32150226E-44
  112.2  9.32122316E-44
  112.3  9.32086674E-44
  112.4  9.32043282E-44
  112.5  9.3199212E-44
  112.6  9.31933168E-44
  112.7  9.31866408E-44
  112.8  9.31791821E-44
  112.9  9.31709387E-44
  113.  9.31619089E-44
  113.1  9.31520909E-44
  113.2  9.31414827E-44
  113.3  9.31300828E-44
  113.4  9.31178891E-44
  113.5  9.31049001E-44
  113.6  9.30911141E-44
  113.7  9.30765292E-44
  113.8  9.30611439E-44
  113.9  9.30449564E-44
  114.  9.30279652E-44
  114.1  9.30101687E-44
  114.2  9.29915652E-44
  114.3  9.29721531E-44
  114.4  9.29519311E-44
  114.5  9.29308974E-44
  114.6  9.29090506E-44
  114.7  9.28863894E-44
  114.8  9.28629121E-44
  114.9  9.28386174E-44
  115.  9.28135038E-44
  115.1  9.27875701E-44
  115.2  9.27608147E-44
  115.3  9.27332365E-44
  115.4  9.27048341E-44
  115.5  9.26756062E-44
  115.6  9.26455516E-44
  115.7  9.2614669E-44
  115.8  9.25829572E-44
  115.9  9.2550415E-44
  116.  9.25170414E-44
  116.1  9.2482835E-44
  116.2  9.24477949E-44
  116.3  9.241192E-44
  116.4  9.23752092E-44
  116.5  9.23376614E-44
  116.6  9.22992757E-44
  116.7  9.22600511E-44
  116.8  9.22199866E-44
  116.9  9.21790814E-44
  117.  9.21373345E-44
  117.1  9.2094745E-44
  117.2  9.20513121E-44
  117.3  9.2007035E-44
  117.4  9.19619128E-44
  117.5  9.19159449E-44
  117.6  9.18691305E-44
  117.7  9.18214689E-44
  117.8  9.17729594E-44
  117.9  9.17236013E-44
  118.  9.16733941E-44
  118.1  9.1622337E-44
  118.2  9.15704296E-44
  118.3  9.15176714E-44
  118.4  9.14640617E-44
  118.5  9.14096002E-44
  118.6  9.13542863E-44
  118.7  9.12981196E-44
  118.8  9.12410998E-44
  118.9  9.11832265E-44
  119.  9.11244992E-44
  119.1  9.10649178E-44
  119.2  9.10044819E-44
  119.3  9.09431913E-44
  119.4  9.08810457E-44
  119.5  9.0818045E-44
  119.6  9.0754189E-44
  119.7  9.06894776E-44
  119.8  9.06239106E-44
  119.9  9.0557488E-44
  120.  9.04902097E-44
  120.1  9.04220757E-44
  120.2  9.03530861E-44
  120.3  9.02832408E-44
  120.4  9.021254E-44
  120.5  9.01409838E-44
  120.6  9.00685723E-44
  120.7  8.99953056E-44
  120.8  8.9921184E-44
  120.9  8.98462077E-44
  121.  8.97703769E-44
  121.1  8.9693692E-44
  121.2  8.96161533E-44
  121.3  8.9537761E-44
  121.4  8.94585157E-44
  121.5  8.93784177E-44
  121.6  8.92974675E-44
  121.7  8.92156655E-44
  121.8  8.91330122E-44
  121.9  8.90495083E-44
  122.  8.89651542E-44
  122.1  8.88799506E-44
  122.2  8.8793898E-44
  122.3  8.87069973E-44
  122.4  8.8619249E-44
  122.5  8.8530654E-44
  122.6  8.84412129E-44
  122.7  8.83509265E-44
  122.8  8.82597958E-44
  122.9  8.81678215E-44
  123.  8.80750045E-44
  123.1  8.79813458E-44
  123.2  8.78868463E-44
  123.3  8.77915071E-44
  123.4  8.7695329E-44
  123.5  8.75983132E-44
  123.6  8.75004608E-44
  123.7  8.74017728E-44
  123.8  8.73022505E-44
  123.9  8.7201895E-44
  124.  8.71007075E-44
  124.1  8.69986892E-44
  124.2  8.68958415E-44
  124.3  8.67921657E-44
  124.4  8.6687663E-44
  124.5  8.6582335E-44
  124.6  8.64761829E-44
  124.7  8.63692082E-44
  124.8  8.62614124E-44
  124.9  8.6152797E-44
  125.  8.60433636E-44
  125.1  8.59331137E-44
  125.2  8.58220488E-44
  125.3  8.57101708E-44
  125.4  8.55974811E-44
  125.5  8.54839815E-44
  125.6  8.53696738E-44
  125.7  8.52545597E-44
  125.8  8.51386411E-44
  125.9  8.50219196E-44
  126.  8.49043973E-44
  126.1  8.47860759E-44
  126.2  8.46669575E-44
  126.3  8.4547044E-44
  126.4  8.44263373E-44
  126.5  8.43048395E-44
  126.6  8.41825527E-44
  126.7  8.4059479E-44
  126.8  8.39356204E-44
  126.9  8.38109791E-44
  127.  8.36855573E-44
  127.1  8.35593573E-44
  127.2  8.34323812E-44
  127.3  8.33046313E-44
  127.4  8.317611E-44
  127.5  8.30468196E-44
  127.6  8.29167625E-44
  127.7  8.27859411E-44
  127.8  8.26543578E-44
  127.9  8.25220151E-44
  128.  8.23889155E-44
  128.1  8.22550615E-44
  128.2  8.21204558E-44
  128.3  8.19851008E-44
  128.4  8.18489992E-44
  128.5  8.17121538E-44
  128.6  8.15745671E-44
  128.7  8.14362419E-44
  128.8  8.12971809E-44
  128.9  8.1157387E-44
  129.  8.10168629E-44
  129.1  8.08756114E-44
  129.2  8.07336356E-44
  129.3  8.05909382E-44
  129.4  8.04475222E-44
  129.5  8.03033905E-44
  129.6  8.01585462E-44
  129.7  8.00129923E-44
  129.8  7.98667319E-44
  129.9  7.97197679E-44
  130.  7.95721036E-44
  130.1  7.94237421E-44
  130.2  7.92746866E-44
  130.3  7.91249402E-44
  130.4  7.89745062E-44
  130.5  7.88233879E-44
  130.6  7.86715885E-44
  130.7  7.85191113E-44
  130.8  7.83659598E-44
  130.9  7.82121373E-44
  131.  7.80576472E-44
  131.1  7.79024929E-44
  131.2  7.77466779E-44
  131.3  7.75902057E-44
  131.4  7.74330798E-44
  131.5  7.72753037E-44
  131.6  7.71168811E-44
  131.7  7.69578155E-44
  131.8  7.67981105E-44
  131.9  7.66377699E-44
  132.  7.64767972E-44
  132.1  7.63151963E-44
  132.2  7.61529707E-44
  132.3  7.59901244E-44
  132.4  7.58266611E-44
  132.5  7.56625845E-44
  132.6  7.54978986E-44
  132.7  7.53326072E-44
  132.8  7.51667142E-44
  132.9  7.50002236E-44
  133.  7.48331392E-44
  133.1  7.4665465E-44
  133.2  7.44972051E-44
  133.3  7.43283634E-44
  133.4  7.41589439E-44
  133.5  7.39889509E-44
  133.6  7.38183883E-44
  133.7  7.36472602E-44
  133.8  7.34755709E-44
  133.9  7.33033244E-44
  134.  7.3130525E-44
  134.1  7.29571768E-44
  134.2  7.27832841E-44
  134.3  7.26088512E-44
  134.4  7.24338823E-44
  134.5  7.22583818E-44
  134.6  7.20823538E-44
  134.7  7.19058029E-44
  134.8  7.17287334E-44
  134.9  7.15511496E-44
  135.  7.13730559E-44
  135.1  7.11944569E-44
  135.2  7.10153569E-44
  135.3  7.08357604E-44
  135.4  7.0655672E-44
  135.5  7.0475096E-44
  135.6  7.02940371E-44
  135.7  7.01124998E-44
  135.8  6.99304887E-44
  135.9  6.97480084E-44
  136.  6.95650635E-44
  136.1  6.93816585E-44
  136.2  6.91977982E-44
  136.3  6.90134873E-44
  136.4  6.88287304E-44
  136.5  6.86435322E-44
  136.6  6.84578974E-44
  136.7  6.82718308E-44
  136.8  6.80853371E-44
  136.9  6.78984211E-44
  137.  6.77110876E-44
  137.1  6.75233415E-44
  137.2  6.73351874E-44
  137.3  6.71466302E-44
  137.4  6.69576749E-44
  137.5  6.67683263E-44
  137.6  6.65785891E-44
  137.7  6.63884685E-44
  137.8  6.61979692E-44
  137.9  6.60070962E-44
  138.  6.58158544E-44
  138.1  6.56242488E-44
  138.2  6.54322844E-44
  138.3  6.52399661E-44
  138.4  6.50472989E-44
  138.5  6.48542879E-44
  138.6  6.4660938E-44
  138.7  6.44672543E-44
  138.8  6.42732418E-44
  138.9  6.40789056E-44
  139.  6.38842507E-44
  139.1  6.36892823E-44
  139.2  6.34940054E-44
  139.3  6.32984251E-44
  139.4  6.31025465E-44
  139.5  6.29063747E-44
  139.6  6.27099149E-44
  139.7  6.25131723E-44
  139.8  6.23161518E-44
  139.9  6.21188588E-44
  140.  6.19212983E-44
  140.1  6.17234756E-44
  140.2  6.15253958E-44
  140.3  6.13270641E-44
  140.4  6.11284857E-44
  140.5  6.09296658E-44
  140.6  6.07306096E-44
  140.7  6.05313224E-44
  140.8  6.03318093E-44
  140.9  6.01320756E-44
  141.  5.99321264E-44
  141.1  5.97319672E-44
  141.2  5.9531603E-44
  141.3  5.93310391E-44
  141.4  5.91302809E-44
  141.5  5.89293335E-44
  141.6  5.87282021E-44
  141.7  5.85268922E-44
  141.8  5.83254089E-44
  141.9  5.81237575E-44
  142.  5.79219433E-44
  142.1  5.77199715E-44
  142.2  5.75178474E-44
  142.3  5.73155764E-44
  142.4  5.71131636E-44
  142.5  5.69106144E-44
  142.6  5.67079341E-44
  142.7  5.65051279E-44
  142.8  5.6302201E-44
  142.9  5.60991589E-44
  143.  5.58960068E-44
  143.1  5.56927499E-44
  143.2  5.54893935E-44
  143.3  5.5285943E-44
  143.4  5.50824035E-44
  143.5  5.48787804E-44
  143.6  5.4675079E-44
  143.7  5.44713044E-44
  143.8  5.42674621E-44
  143.9  5.40635571E-44
  144.  5.38595949E-44
  144.1  5.36555806E-44
  144.2  5.34515196E-44
  144.3  5.3247417E-44
  144.4  5.30432781E-44
  144.5  5.28391081E-44
  144.6  5.26349123E-44
  144.7  5.2430696E-44
  144.8  5.22264642E-44
  144.9  5.20222223E-44
  145.  5.18179755E-44
  145.1  5.16137289E-44
  145.2  5.14094878E-44
  145.3  5.12052573E-44
  145.4  5.10010427E-44
  145.5  5.07968491E-44
  145.6  5.05926816E-44
  145.7  5.03885454E-44
  145.8  5.01844458E-44
  145.9  4.99803877E-44
  146.  4.97763764E-44
  146.1  4.9572417E-44
  146.2  4.93685145E-44
  146.3  4.91646741E-44
  146.4  4.89609009E-44
  146.5  4.87571999E-44
  146.6  4.85535762E-44
  146.7  4.83500349E-44
  146.8  4.8146581E-44
  146.9  4.79432196E-44
  147.  4.77399556E-44
  147.1  4.75367941E-44
  147.2  4.73337401E-44
  147.3  4.71307985E-44
  147.4  4.69279744E-44
  147.5  4.67252726E-44
  147.6  4.65226982E-44
  147.7  4.6320256E-44
  147.8  4.6117951E-44
  147.9  4.5915788E-44
  148.  4.5713772E-44
  148.1  4.55119078E-44
  148.2  4.53102003E-44
  148.3  4.51086543E-44
  148.4  4.49072746E-44
  148.5  4.47060661E-44
  148.6  4.45050335E-44
  148.7  4.43041815E-44
  148.8  4.41035151E-44
  148.9  4.39030388E-44
  149.  4.37027574E-44
  149.1  4.35026756E-44
  149.2  4.33027981E-44
  149.3  4.31031296E-44
  149.4  4.29036746E-44
  149.5  4.2704438E-44
  149.6  4.25054241E-44
  149.7  4.23066377E-44
  149.8  4.21080833E-44
  149.9  4.19097654E-44
  150.  4.17116886E-44
  150.1  4.15138574E-44
  150.2  4.13162763E-44
  150.3  4.11189498E-44
  150.4  4.09218822E-44
  150.5  4.07250781E-44
  150.6  4.05285418E-44
  150.7  4.03322777E-44
  150.8  4.01362902E-44
  150.9  3.99405837E-44
  151.  3.97451623E-44
  151.1  3.95500305E-44
  151.2  3.93551925E-44
  151.3  3.91606525E-44
  151.4  3.89664148E-44
  151.5  3.87724836E-44
  151.6  3.85788631E-44
  151.7  3.83855573E-44
  151.8  3.81925705E-44
  151.9  3.79999068E-44
  152.  3.78075702E-44
  152.1  3.76155648E-44
  152.2  3.74238946E-44
  152.3  3.72325636E-44
  152.4  3.70415759E-44
  152.5  3.68509353E-44
  152.6  3.66606458E-44
  152.7  3.64707113E-44
  152.8  3.62811358E-44
  152.9  3.60919229E-44
  153.  3.59030767E-44
  153.1  3.57146008E-44
  153.2  3.55264991E-44
  153.3  3.53387752E-44
  153.4  3.5151433E-44
  153.5  3.49644761E-44
  153.6  3.47779081E-44
  153.7  3.45917328E-44
  153.8  3.44059537E-44
  153.9  3.42205744E-44
  154.  3.40355985E-44
  154.1  3.38510295E-44
  154.2  3.36668709E-44
  154.3  3.34831261E-44
  154.4  3.32997986E-44
  154.5  3.31168919E-44
  154.6  3.29344093E-44
  154.7  3.27523541E-44
  154.8  3.25707297E-44
  154.9  3.23895394E-44
  155.  3.22087865E-44
  155.1  3.20284741E-44
  155.2  3.18486056E-44
  155.3  3.1669184E-44
  155.4  3.14902126E-44
  155.5  3.13116944E-44
  155.6  3.11336326E-44
  155.7  3.09560301E-44
  155.8  3.07788901E-44
  155.9  3.06022156E-44
  156.  3.04260094E-44
  156.1  3.02502746E-44
  156.2  3.0075014E-44
  156.3  2.99002306E-44
  156.4  2.97259271E-44
  156.5  2.95521064E-44
  156.6  2.93787712E-44
  156.7  2.92059244E-44
  156.8  2.90335687E-44
  156.9  2.88617066E-44
  157.  2.8690341E-44
  157.1  2.85194744E-44
  157.2  2.83491094E-44
  157.3  2.81792486E-44
  157.4  2.80098945E-44
  157.5  2.78410496E-44
  157.6  2.76727164E-44
  157.7  2.75048973E-44
  157.8  2.73375948E-44
  157.9  2.71708111E-44
  158.  2.70045488E-44
  158.1  2.68388099E-44
  158.2  2.6673597E-44
  158.3  2.65089121E-44
  158.4  2.63447575E-44
  158.5  2.61811353E-44
  158.6  2.60180478E-44
  158.7  2.58554971E-44
  158.8  2.56934852E-44
  158.9  2.55320142E-44
  159.  2.53710861E-44
  159.1  2.52107028E-44
  159.2  2.50508665E-44
  159.3  2.48915789E-44
  159.4  2.4732842E-44
  159.5  2.45746576E-44
  159.6  2.44170276E-44
  159.7  2.42599537E-44
  159.8  2.41034377E-44
  159.9  2.39474814E-44
  160.  2.37920864E-44
  160.1  2.36372545E-44
  160.2  2.34829872E-44
  160.3  2.33292861E-44
  160.4  2.31761528E-44
  160.5  2.30235889E-44
  160.6  2.28715958E-44
  160.7  2.27201751E-44
  160.8  2.25693281E-44
  160.9  2.24190563E-44
  161.  2.2269361E-44
  161.1  2.21202436E-44
  161.2  2.19717055E-44
  161.3  2.18237478E-44
  161.4  2.16763718E-44
  161.5  2.15295788E-44
  161.6  2.13833699E-44
  161.7  2.12377463E-44
  161.8  2.10927091E-44
  161.9  2.09482593E-44
  162.  2.08043981E-44
  162.1  2.06611265E-44
  162.2  2.05184455E-44
  162.3  2.03763559E-44
  162.4  2.02348588E-44
  162.5  2.00939551E-44
  162.6  1.99536456E-44
  162.7  1.98139312E-44
  162.8  1.96748126E-44
  162.9  1.95362906E-44
  163.  1.9398366E-44
  163.1  1.92610395E-44
  163.2  1.91243118E-44
  163.3  1.89881835E-44
  163.4  1.88526553E-44
  163.5  1.87177277E-44
  163.6  1.85834013E-44
  163.7  1.84496766E-44
  163.8  1.83165541E-44
  163.9  1.81840343E-44
  164.  1.80521176E-44
  164.1  1.79208045E-44
  164.2  1.77900953E-44
  164.3  1.76599903E-44
  164.4  1.75304899E-44
  164.5  1.74015944E-44
  164.6  1.7273304E-44
  164.7  1.7145619E-44
  164.8  1.70185395E-44
  164.9  1.68920658E-44
  165.  1.6766198E-44
  165.1  1.66409361E-44
  165.2  1.65162803E-44
  165.3  1.63922307E-44
  165.4  1.62687872E-44
  165.5  1.61459498E-44
  165.6  1.60237187E-44
  165.7  1.59020935E-44
  165.8  1.57810744E-44
  165.9  1.56606612E-44
  166.  1.55408537E-44
  166.1  1.54216518E-44
  166.2  1.53030553E-44
  166.3  1.5185064E-44
  166.4  1.50676775E-44
  166.5  1.49508958E-44
  166.6  1.48347183E-44
  166.7  1.47191449E-44
  166.8  1.46041751E-44
  166.9  1.44898086E-44
  167.  1.4376045E-44
  167.1  1.42628838E-44
  167.2  1.41503246E-44
  167.3  1.40383669E-44
  167.4  1.39270101E-44
  167.5  1.38162538E-44
  167.6  1.37060975E-44
  167.7  1.35965404E-44
  167.8  1.3487582E-44
  167.9  1.33792216E-44
  168.  1.32714587E-44
  168.1  1.31642924E-44
  168.2  1.30577222E-44
  168.3  1.29517472E-44
  168.4  1.28463668E-44
  168.5  1.27415801E-44
  168.6  1.26373864E-44
  168.7  1.25337847E-44
  168.8  1.24307743E-44
  168.9  1.23283543E-44
  169.  1.22265238E-44
  169.1  1.21252819E-44
  169.2  1.20246276E-44
  169.3  1.192456E-44
  169.4  1.18250781E-44
  169.5  1.17261809E-44
  169.6  1.16278673E-44
  169.7  1.15301363E-44
  169.8  1.14329869E-44
  169.9  1.13364179E-44
  170.  1.12404283E-44
