  0.1  1.60115608E-50
  0.2  4.43215409E-50
  0.3  7.63839447E-50
  0.4  1.10337668E-49
  0.5  1.45496536E-49
  0.6  1.81508463E-49
  0.7  2.18157622E-49
  0.8  2.55298732E-49
  0.9  2.92828596E-49
  1.  3.30671296E-49
  1.1  3.68769538E-49
  1.2  4.0707921E-49
  1.3  4.45565773E-49
  1.4  4.84201799E-49
  1.5  5.22965228E-49
  1.6  5.6183812E-49
  1.7  6.0080574E-49
  1.8  6.39855874E-49
  1.9  6.78978311E-49
  2.  7.18164454E-49
  2.1  7.57407012E-49
  2.2  7.96699762E-49
  2.3  8.36037362E-49
  2.4  8.75415197E-49
  2.5  9.14829267E-49
  2.6  9.54276079E-49
  2.7  9.93752579E-49
  2.8  1.03325608E-48
  2.9  1.0727842E-48
  3.  1.11233484E-48
  3.1  1.15190612E-48
  3.2  1.19149639E-48
  3.3  1.23110413E-48
  3.4  1.27072802E-48
  3.5  1.31036684E-48
  3.6  1.3500195E-48
  3.7  1.38968501E-48
  3.8  1.42936248E-48
  3.9  1.46905109E-48
  4.  1.5087501E-48
  4.1  1.54845883E-48
  4.2  1.58817667E-48
  4.3  1.62790304E-48
  4.4  1.66763743E-48
  4.5  1.70737934E-48
  4.6  1.74712834E-48
  4.7  1.78688402E-48
  4.8  1.826646E-48
  4.9  1.86641393E-48
  5.  1.90618749E-48
  5.1  1.94596638E-48
  5.2  1.9857503E-48
  5.3  2.02553901E-48
  5.4  2.06533227E-48
  5.5  2.10512983E-48
  5.6  2.1449315E-48
  5.7  2.18473707E-48
  5.8  2.22454635E-48
  5.9  2.26435918E-48
  6.  2.30417538E-48
  6.1  2.34399481E-48
  6.2  2.38381732E-48
  6.3  2.42364278E-48
  6.4  2.46347105E-48
  6.5  2.50330202E-48
  6.6  2.54313557E-48
  6.7  2.58297159E-48
  6.8  2.62280998E-48
  6.9  2.66265065E-48
  7.  2.70249351E-48
  7.1  2.74233847E-48
  7.2  2.78218544E-48
  7.3  2.82203435E-48
  7.4  2.86188512E-48
  7.5  2.90173769E-48
  7.6  2.94159199E-48
  7.7  2.98144796E-48
  7.8  3.02130553E-48
  7.9  3.06116465E-48
  8.  3.10102526E-48
  8.1  3.14088731E-48
  8.2  3.18075076E-48
  8.3  3.22061555E-48
  8.4  3.26048163E-48
  8.5  3.30034898E-48
  8.6  3.34021753E-48
  8.7  3.38008726E-48
  8.8  3.41995813E-48
  8.9  3.4598301E-48
  9.  3.49970313E-48
  9.1  3.53957719E-48
  9.2  3.57945226E-48
  9.3  3.61932829E-48
  9.4  3.65920526E-48
  9.5  3.69908315E-48
  9.6  3.73896192E-48
  9.7  3.77884155E-48
  9.8  3.81872201E-48
  9.9  3.85860328E-48
  10.  3.89848534E-48
  10.1  3.93836816E-48
  10.2  3.97825172E-48
  10.3  4.01813601E-48
  10.4  4.058021E-48
  10.5  4.09790667E-48
  10.6  4.137793E-48
  10.7  4.17767998E-48
  10.8  4.2175676E-48
  10.9  4.25745582E-48
  11.  4.29734464E-48
  11.1  4.33723404E-48
  11.2  4.37712401E-48
  11.3  4.41701453E-48
  11.4  4.45690559E-48
  11.5  4.49679718E-48
  11.6  4.53668927E-48
  11.7  4.57658187E-48
  11.8  4.61647495E-48
  11.9  4.65636851E-48
  12.  4.69626253E-48
  12.1  4.736157E-48
  12.2  4.77605192E-48
  12.3  4.81594726E-48
  12.4  4.85584303E-48
  12.5  4.89573921E-48
  12.6  4.93563579E-48
  12.7  4.97553277E-48
  12.8  5.01543013E-48
  12.9  5.05532786E-48
  13.  5.09522597E-48
  13.1  5.13512443E-48
  13.2  5.17502324E-48
  13.3  5.2149224E-48
  13.4  5.25482189E-48
  13.5  5.29472172E-48
  13.6  5.33462186E-48
  13.7  5.37452232E-48
  13.8  5.41442309E-48
  13.9  5.45432416E-48
  14.  5.49422553E-48
  14.1  5.53412718E-48
  14.2  5.57402912E-48
  14.3  5.61393134E-48
  14.4  5.65383383E-48
  14.5  5.69373659E-48
  14.6  5.73363961E-48
  14.7  5.77354289E-48
  14.8  5.81344642E-48
  14.9  5.85335019E-48
  15.  5.89325421E-48
  15.1  5.93315847E-48
  15.2  5.97306295E-48
  15.3  6.01296767E-48
  15.4  6.05287261E-48
  15.5  6.09277777E-48
  15.6  6.13268314E-48
  15.7  6.17258873E-48
  15.8  6.21249452E-48
  15.9  6.25240052E-48
  16.  6.29230672E-48
  16.1  6.33221312E-48
  16.2  6.37211971E-48
  16.3  6.41202648E-48
  16.4  6.45193345E-48
  16.5  6.4918406E-48
  16.6  6.53174792E-48
  16.7  6.57165543E-48
  16.8  6.61156311E-48
  16.9  6.65147095E-48
  17.  6.69137897E-48
  17.1  6.73128715E-48
  17.2  6.77119549E-48
  17.3  6.811104E-48
  17.4  6.85101265E-48
  17.5  6.89092147E-48
  17.6  6.93083043E-48
  17.7  6.97073954E-48
  17.8  7.0106488E-48
  17.9  7.05055821E-48
  18.  7.09046775E-48
  18.1  7.13037744E-48
  18.2  7.17028726E-48
  18.3  7.21019722E-48
  18.4  7.25010731E-48
  18.5  7.29001753E-48
  18.6  7.32992788E-48
  18.7  7.36983836E-48
  18.8  7.40974896E-48
  18.9  7.44965968E-48
  19.  7.48957053E-48
  19.1  7.52948149E-48
  19.2  7.56939257E-48
  19.3  7.60930377E-48
  19.4  7.64921508E-48
  19.5  7.6891265E-48
  19.6  7.72903804E-48
  19.7  7.76894968E-48
  19.8  7.80886143E-48
  19.9  7.84877328E-48
  20.  7.88868524E-48
  20.1  7.9285973E-48
  20.2  7.96850946E-48
  20.3  8.00842173E-48
  20.4  8.04833409E-48
  20.5  8.08824654E-48
  20.6  8.12815909E-48
  20.7  8.16807174E-48
  20.8  8.20798448E-48
  20.9  8.24789731E-48
  21.  8.28781023E-48
  21.1  8.32772324E-48
  21.2  8.36763633E-48
  21.3  8.40754952E-48
  21.4  8.44746279E-48
  21.5  8.48737614E-48
  21.6  8.52728957E-48
  21.7  8.56720309E-48
  21.8  8.60711669E-48
  21.9  8.64703036E-48
  22.  8.68694412E-48
  22.1  8.72685795E-48
  22.2  8.76677186E-48
  22.3  8.80668585E-48
  22.4  8.84659991E-48
  22.5  8.88651404E-48
  22.6  8.92642825E-48
  22.7  8.96634252E-48
  22.8  9.00625687E-48
  22.9  9.04617129E-48
  23.  9.08608578E-48
  23.1  9.12600033E-48
  23.2  9.16591495E-48
  23.3  9.20582964E-48
  23.4  9.2457444E-48
  23.5  9.28565921E-48
  23.6  9.3255741E-48
  23.7  9.36548904E-48
  23.8  9.40540405E-48
  23.9  9.44531912E-48
  24.  9.48523425E-48
  24.1  9.52514944E-48
  24.2  9.56506469E-48
  24.3  9.60497999E-48
  24.4  9.64489536E-48
  24.5  9.68481078E-48
  24.6  9.72472626E-48
  24.7  9.7646418E-48
  24.8  9.80455739E-48
  24.9  9.84447303E-48
  25.  9.88438873E-48
  25.1  9.92430448E-48
  25.2  9.96422029E-48
  25.3  1.00041361E-47
  25.4  1.00440521E-47
  25.5  1.0083968E-47
  25.6  1.0123884E-47
  25.7  1.01638001E-47
  25.8  1.02037162E-47
  25.9  1.02436323E-47
  26.  1.02835485E-47
  26.1  1.03234648E-47
  26.2  1.03633811E-47
  26.3  1.04032974E-47
  26.4  1.04432138E-47
  26.5  1.04831303E-47
  26.6  1.05230467E-47
  26.7  1.05629633E-47
  26.8  1.06028798E-47
  26.9  1.06427965E-47
  27.  1.06827131E-47
  27.1  1.07226298E-47
  27.2  1.07625465E-47
  27.3  1.08024633E-47
  27.4  1.08423802E-47
  27.5  1.0882297E-47
  27.6  1.09222139E-47
  27.7  1.09621309E-47
  27.8  1.10020478E-47
  27.9  1.10419649E-47
  28.  1.10818819E-47
  28.1  1.1121799E-47
  28.2  1.11617162E-47
  28.3  1.12016333E-47
  28.4  1.12415505E-47
  28.5  1.12814678E-47
  28.6  1.13213851E-47
  28.7  1.13613024E-47
  28.8  1.14012197E-47
  28.9  1.14411371E-47
  29.  1.14810546E-47
  29.1  1.1520972E-47
  29.2  1.15608895E-47
  29.3  1.1600807E-47
  29.4  1.16407246E-47
  29.5  1.16806422E-47
  29.6  1.17205598E-47
  29.7  1.17604775E-47
  29.8  1.18003952E-47
  29.9  1.18403129E-47
  30.  1.18802306E-47
  30.1  1.19201484E-47
  30.2  1.19600662E-47
  30.3  1.19999841E-47
  30.4  1.20399019E-47
  30.5  1.20798198E-47
  30.6  1.21197378E-47
  30.7  1.21596557E-47
  30.8  1.21995737E-47
  30.9  1.22394918E-47
  31.  1.22794098E-47
  31.1  1.23193279E-47
  31.2  1.2359246E-47
  31.3  1.23991641E-47
  31.4  1.24390823E-47
  31.5  1.24790005E-47
  31.6  1.25189187E-47
  31.7  1.25588369E-47
  31.8  1.25987552E-47
  31.9  1.26386735E-47
  32.  1.26785918E-47
  32.1  1.27185102E-47
  32.2  1.27584285E-47
  32.3  1.27983469E-47
  32.4  1.28382654E-47
  32.5  1.28781838E-47
  32.6  1.29181023E-47
  32.7  1.29580208E-47
  32.8  1.29979393E-47
  32.9  1.30378578E-47
  33.  1.30777764E-47
  33.1  1.3117695E-47
  33.2  1.31576136E-47
  33.3  1.31975322E-47
  33.4  1.32374509E-47
  33.5  1.32773696E-47
  33.6  1.33172883E-47
  33.7  1.3357207E-47
  33.8  1.33971258E-47
  33.9  1.34370445E-47
  34.  1.34769633E-47
  34.1  1.35168822E-47
  34.2  1.3556801E-47
  34.3  1.35967198E-47
  34.4  1.36366387E-47
  34.5  1.36765576E-47
  34.6  1.37164765E-47
  34.7  1.37563955E-47
  34.8  1.37963144E-47
  34.9  1.38362334E-47
  35.  1.38761524E-47
  35.1  1.39160714E-47
  35.2  1.39559905E-47
  35.3  1.39959095E-47
  35.4  1.40358286E-47
  35.5  1.40757477E-47
  35.6  1.41156668E-47
  35.7  1.4155586E-47
  35.8  1.41955051E-47
  35.9  1.42354243E-47
  36.  1.42753435E-47
  36.1  1.43152627E-47
  36.2  1.43551819E-47
  36.3  1.43951012E-47
  36.4  1.44350204E-47
  36.5  1.44749397E-47
  36.6  1.4514859E-47
  36.7  1.45547783E-47
  36.8  1.45946976E-47
  36.9  1.4634617E-47
  37.  1.46745363E-47
  37.1  1.47144557E-47
  37.2  1.47543751E-47
  37.3  1.47942945E-47
  37.4  1.4834214E-47
  37.5  1.48741334E-47
  37.6  1.49140529E-47
  37.7  1.49539724E-47
  37.8  1.49938919E-47
  37.9  1.50338114E-47
  38.  1.50737309E-47
  38.1  1.51136504E-47
  38.2  1.515357E-47
  38.3  1.51934896E-47
  38.4  1.52334091E-47
  38.5  1.52733288E-47
  38.6  1.53132484E-47
  38.7  1.5353168E-47
  38.8  1.53930876E-47
  38.9  1.54330073E-47
  39.  1.5472927E-47
  39.1  1.55128467E-47
  39.2  1.55527664E-47
  39.3  1.55926861E-47
  39.4  1.56326058E-47
  39.5  1.56725256E-47
  39.6  1.57124453E-47
  39.7  1.57523651E-47
  39.8  1.57922849E-47
  39.9  1.58322047E-47
  40.  1.58721245E-47
  40.1  1.59120443E-47
  40.2  1.59519642E-47
  40.3  1.5991884E-47
  40.4  1.60318039E-47
  40.5  1.60717238E-47
  40.6  1.61116437E-47
  40.7  1.61515636E-47
  40.8  1.61914835E-47
  40.9  1.62314034E-47
  41.  1.62713234E-47
  41.1  1.63112433E-47
  41.2  1.63511633E-47
  41.3  1.63910833E-47
  41.4  1.64310033E-47
  41.5  1.64709233E-47
  41.6  1.65108433E-47
  41.7  1.65507633E-47
  41.8  1.65906833E-47
  41.9  1.66306034E-47
  42.  1.66705234E-47
  42.1  1.67104435E-47
  42.2  1.67503636E-47
  42.3  1.67902837E-47
  42.4  1.68302038E-47
  42.5  1.68701239E-47
  42.6  1.69100441E-47
  42.7  1.69499642E-47
  42.8  1.69898844E-47
  42.9  1.70298045E-47
  43.  1.70697247E-47
  43.1  1.71096449E-47
  43.2  1.71495651E-47
  43.3  1.71894853E-47
  43.4  1.72294055E-47
  43.5  1.72693257E-47
  43.6  1.73092459E-47
  43.7  1.73491662E-47
  43.8  1.73890865E-47
  43.9  1.74290067E-47
  44.  1.7468927E-47
  44.1  1.75088473E-47
  44.2  1.75487676E-47
  44.3  1.75886879E-47
  44.4  1.76286082E-47
  44.5  1.76685285E-47
  44.6  1.77084489E-47
  44.7  1.77483692E-47
  44.8  1.77882896E-47
  44.9  1.78282099E-47
  45.  1.78681303E-47
  45.1  1.79080507E-47
  45.2  1.79479711E-47
  45.3  1.79878915E-47
  45.4  1.80278119E-47
  45.5  1.80677323E-47
  45.6  1.81076527E-47
  45.7  1.81475732E-47
  45.8  1.81874936E-47
  45.9  1.82274141E-47
  46.  1.82673346E-47
  46.1  1.8307255E-47
  46.2  1.83471755E-47
  46.3  1.8387096E-47
  46.4  1.84270165E-47
  46.5  1.8466937E-47
  46.6  1.85068575E-47
  46.7  1.85467781E-47
  46.8  1.85866986E-47
  46.9  1.86266191E-47
  47.  1.86665397E-47
  47.1  1.87064602E-47
  47.2  1.87463808E-47
  47.3  1.87863014E-47
  47.4  1.8826222E-47
  47.5  1.88661426E-47
  47.6  1.89060632E-47
  47.7  1.89459838E-47
  47.8  1.89859044E-47
  47.9  1.9025825E-47
  48.  1.90657456E-47
  48.1  1.91056663E-47
  48.2  1.91455869E-47
  48.3  1.91855076E-47
  48.4  1.92254282E-47
  48.5  1.92653489E-47
  48.6  1.93052696E-47
  48.7  1.93451903E-47
  48.8  1.93851109E-47
  48.9  1.94250316E-47
  49.  1.94649523E-47
  49.1  1.95048731E-47
  49.2  1.95447938E-47
  49.3  1.95847145E-47
  49.4  1.96246352E-47
  49.5  1.9664556E-47
  49.6  1.97044767E-47
  49.7  1.97443975E-47
  49.8  1.97843183E-47
  49.9  1.9824239E-47
  50.  1.98641598E-47
  50.1  1.99040806E-47
  50.2  1.99440014E-47
  50.3  1.99839222E-47
  50.4  2.0023843E-47
  50.5  2.00637638E-47
  50.6  2.01036846E-47
  50.7  2.01436054E-47
  50.8  2.01835263E-47
  50.9  2.02234471E-47
  51.  2.02633679E-47
  51.1  2.03032888E-47
  51.2  2.03432096E-47
  51.3  2.03831305E-47
  51.4  2.04230514E-47
  51.5  2.04629722E-47
  51.6  2.05028931E-47
  51.7  2.0542814E-47
  51.8  2.05827349E-47
  51.9  2.06226558E-47
  52.  2.06625767E-47
  52.1  2.07024976E-47
  52.2  2.07424185E-47
  52.3  2.07823395E-47
  52.4  2.08222604E-47
  52.5  2.08621813E-47
  52.6  2.09021023E-47
  52.7  2.09420232E-47
  52.8  2.09819442E-47
  52.9  2.10218651E-47
  53.  2.10617861E-47
  53.1  2.11017071E-47
  53.2  2.1141628E-47
  53.3  2.1181549E-47
  53.4  2.122147E-47
  53.5  2.1261391E-47
  53.6  2.1301312E-47
  53.7  2.1341233E-47
  53.8  2.1381154E-47
  53.9  2.1421075E-47
  54.  2.14609961E-47
  54.1  2.15009171E-47
  54.2  2.15408381E-47
  54.3  2.15807592E-47
  54.4  2.16206802E-47
  54.5  2.16606013E-47
  54.6  2.17005223E-47
  54.7  2.17404434E-47
  54.8  2.17803644E-47
  54.9  2.18202855E-47
  55.  2.18602066E-47
  55.1  2.19001277E-47
  55.2  2.19400487E-47
  55.3  2.19799698E-47
  55.4  2.20198909E-47
  55.5  2.2059812E-47
  55.6  2.20997331E-47
  55.7  2.21396542E-47
  55.8  2.21795754E-47
  55.9  2.22194965E-47
  56.  2.22594176E-47
  56.1  2.22993387E-47
  56.2  2.23392599E-47
  56.3  2.2379181E-47
  56.4  2.24191022E-47
  56.5  2.24590233E-47
  56.6  2.24989445E-47
  56.7  2.25388656E-47
  56.8  2.25787868E-47
  56.9  2.26187079E-47
  57.  2.26586291E-47
  57.1  2.26985503E-47
  57.2  2.27384715E-47
  57.3  2.27783927E-47
  57.4  2.28183139E-47
  57.5  2.28582351E-47
  57.6  2.28981563E-47
  57.7  2.29380775E-47
  57.8  2.29779987E-47
  57.9  2.30179199E-47
  58.  2.30578411E-47
  58.1  2.30977623E-47
  58.2  2.31376835E-47
  58.3  2.31776048E-47
  58.4  2.3217526E-47
  58.5  2.32574473E-47
  58.6  2.32973685E-47
  58.7  2.33372897E-47
  58.8  2.3377211E-47
  58.9  2.34171323E-47
  59.  2.34570535E-47
  59.1  2.34969748E-47
  59.2  2.35368961E-47
  59.3  2.35768173E-47
  59.4  2.36167386E-47
  59.5  2.36566599E-47
  59.6  2.36965812E-47
  59.7  2.37365025E-47
  59.8  2.37764238E-47
  59.9  2.38163451E-47
  60.  2.38562664E-47
  60.1  2.38961877E-47
  60.2  2.3936109E-47
  60.3  2.39760303E-47
  60.4  2.40159516E-47
  60.5  2.40558729E-47
  60.6  2.40957943E-47
  60.7  2.41357156E-47
  60.8  2.41756369E-47
  60.9  2.42155583E-47
  61.  2.42554796E-47
  61.1  2.42954009E-47
  61.2  2.43353223E-47
  61.3  2.43752436E-47
  61.4  2.4415165E-47
  61.5  2.44550864E-47
  61.6  2.44950077E-47
  61.7  2.45349291E-47
  61.8  2.45748505E-47
  61.9  2.46147718E-47
  62.  2.46546932E-47
  62.1  2.46946146E-47
  62.2  2.4734536E-47
  62.3  2.47744574E-47
  62.4  2.48143788E-47
  62.5  2.48543002E-47
  62.6  2.48942216E-47
  62.7  2.4934143E-47
  62.8  2.49740644E-47
  62.9  2.50139858E-47
  63.  2.50539072E-47
  63.1  2.50938286E-47
  63.2  2.513375E-47
  63.3  2.51736714E-47
  63.4  2.52135929E-47
  63.5  2.52535143E-47
  63.6  2.52934357E-47
  63.7  2.53333572E-47
  63.8  2.53732786E-47
  63.9  2.54132001E-47
  64.  2.54531215E-47
  64.1  2.5493043E-47
  64.2  2.55329644E-47
  64.3  2.55728859E-47
  64.4  2.56128073E-47
  64.5  2.56527288E-47
  64.6  2.56926503E-47
  64.7  2.57325717E-47
  64.8  2.57724932E-47
  64.9  2.58124147E-47
  65.  2.58523362E-47
  65.1  2.58922576E-47
  65.2  2.59321791E-47
  65.3  2.59721006E-47
  65.4  2.60120221E-47
  65.5  2.60519436E-47
  65.6  2.60918651E-47
  65.7  2.61317866E-47
  65.8  2.61717081E-47
  65.9  2.62116296E-47
  66.  2.62515511E-47
  66.1  2.62914726E-47
  66.2  2.63313942E-47
  66.3  2.63713157E-47
  66.4  2.64112372E-47
  66.5  2.64511587E-47
  66.6  2.64910802E-47
  66.7  2.65310018E-47
  66.8  2.65709233E-47
  66.9  2.66108448E-47
  67.  2.66507664E-47
  67.1  2.66906879E-47
  67.2  2.67306095E-47
  67.3  2.6770531E-47
  67.4  2.68104526E-47
  67.5  2.68503741E-47
  67.6  2.68902957E-47
  67.7  2.69302172E-47
  67.8  2.69701388E-47
  67.9  2.70100604E-47
  68.  2.70499819E-47
  68.1  2.70899035E-47
  68.2  2.71298251E-47
  68.3  2.71697467E-47
  68.4  2.72096682E-47
  68.5  2.72495898E-47
  68.6  2.72895114E-47
  68.7  2.7329433E-47
  68.8  2.73693546E-47
  68.9  2.74092762E-47
  69.  2.74491978E-47
  69.1  2.74891194E-47
  69.2  2.7529041E-47
  69.3  2.75689626E-47
  69.4  2.76088842E-47
  69.5  2.76488058E-47
  69.6  2.76887274E-47
  69.7  2.7728649E-47
  69.8  2.77685706E-47
  69.9  2.78084922E-47
  70.  2.78484139E-47
  70.1  2.78883355E-47
  70.2  2.79282571E-47
  70.3  2.79681787E-47
  70.4  2.80081004E-47
  70.5  2.8048022E-47
  70.6  2.80879436E-47
  70.7  2.81278653E-47
  70.8  2.81677869E-47
  70.9  2.82077085E-47
  71.  2.82476302E-47
  71.1  2.82875518E-47
  71.2  2.83274735E-47
  71.3  2.83673951E-47
  71.4  2.84073168E-47
  71.5  2.84472385E-47
  71.6  2.84871601E-47
  71.7  2.85270818E-47
  71.8  2.85670034E-47
  71.9  2.86069251E-47
  72.  2.86468468E-47
  72.1  2.86867684E-47
  72.2  2.87266901E-47
  72.3  2.87666118E-47
  72.4  2.88065335E-47
  72.5  2.88464551E-47
  72.6  2.88863768E-47
  72.7  2.89262985E-47
  72.8  2.89662202E-47
  72.9  2.90061419E-47
  73.  2.90460636E-47
  73.1  2.90859853E-47
  73.2  2.9125907E-47
  73.3  2.91658287E-47
  73.4  2.92057504E-47
  73.5  2.92456721E-47
  73.6  2.92855938E-47
  73.7  2.93255155E-47
  73.8  2.93654372E-47
  73.9  2.94053589E-47
  74.  2.94452806E-47
  74.1  2.94852023E-47
  74.2  2.9525124E-47
  74.3  2.95650458E-47
  74.4  2.96049675E-47
  74.5  2.96448892E-47
  74.6  2.96848109E-47
  74.7  2.97247327E-47
  74.8  2.97646544E-47
  74.9  2.98045761E-47
  75.  2.98444979E-47
  75.1  2.98844196E-47
  75.2  2.99243413E-47
  75.3  2.99642631E-47
  75.4  3.00041848E-47
  75.5  3.00441066E-47
  75.6  3.00840283E-47
  75.7  3.01239501E-47
  75.8  3.01638718E-47
  75.9  3.02037936E-47
  76.  3.02437153E-47
  76.1  3.02836371E-47
  76.2  3.03235588E-47
  76.3  3.03634806E-47
  76.4  3.04034024E-47
  76.5  3.04433241E-47
  76.6  3.04832459E-47
  76.7  3.05231677E-47
  76.8  3.05630894E-47
  76.9  3.06030112E-47
  77.  3.0642933E-47
  77.1  3.06828547E-47
  77.2  3.07227765E-47
  77.3  3.07626983E-47
  77.4  3.08026201E-47
  77.5  3.08425419E-47
  77.6  3.08824636E-47
  77.7  3.09223854E-47
  77.8  3.09623072E-47
  77.9  3.1002229E-47
  78.  3.10421508E-47
  78.1  3.10820726E-47
  78.2  3.11219944E-47
  78.3  3.11619162E-47
  78.4  3.1201838E-47
  78.5  3.12417598E-47
  78.6  3.12816816E-47
  78.7  3.13216034E-47
  78.8  3.13615252E-47
  78.9  3.1401447E-47
  79.  3.14413688E-47
  79.1  3.14812906E-47
  79.2  3.15212125E-47
  79.3  3.15611343E-47
  79.4  3.16010561E-47
  79.5  3.16409779E-47
  79.6  3.16808997E-47
  79.7  3.17208215E-47
  79.8  3.17607434E-47
  79.9  3.18006652E-47
  80.  3.1840587E-47
  80.1  3.18805088E-47
  80.2  3.19204307E-47
  80.3  3.19603525E-47
  80.4  3.20002743E-47
  80.5  3.20401962E-47
  80.6  3.2080118E-47
  80.7  3.21200399E-47
  80.8  3.21599617E-47
  80.9  3.21998835E-47
  81.  3.22398054E-47
  81.1  3.22797272E-47
  81.2  3.23196491E-47
  81.3  3.23595709E-47
  81.4  3.23994928E-47
  81.5  3.24394146E-47
  81.6  3.24793365E-47
  81.7  3.25192583E-47
  81.8  3.25591802E-47
  81.9  3.25991021E-47
  82.  3.26390239E-47
  82.1  3.26789458E-47
  82.2  3.27188676E-47
  82.3  3.27587895E-47
  82.4  3.27987114E-47
  82.5  3.28386332E-47
  82.6  3.28785551E-47
  82.7  3.2918477E-47
  82.8  3.29583989E-47
  82.9  3.29983207E-47
  83.  3.30382426E-47
  83.1  3.30781645E-47
  83.2  3.31180864E-47
  83.3  3.31580082E-47
  83.4  3.31979301E-47
  83.5  3.3237852E-47
  83.6  3.32777739E-47
  83.7  3.33176958E-47
  83.8  3.33576177E-47
  83.9  3.33975395E-47
  84.  3.34374614E-47
  84.1  3.34773833E-47
  84.2  3.35173052E-47
  84.3  3.35572271E-47
  84.4  3.3597149E-47
  84.5  3.36370709E-47
  84.6  3.36769928E-47
  84.7  3.37169147E-47
  84.8  3.37568366E-47
  84.9  3.37967585E-47
  85.  3.38366804E-47
  85.1  3.38766023E-47
  85.2  3.39165242E-47
  85.3  3.39564461E-47
  85.4  3.39963681E-47
  85.5  3.403629E-47
  85.6  3.40762119E-47
  85.7  3.41161338E-47
  85.8  3.41560557E-47
  85.9  3.41959776E-47
  86.  3.42358995E-47
  86.1  3.42758215E-47
  86.2  3.43157434E-47
  86.3  3.43556653E-47
  86.4  3.43955872E-47
  86.5  3.44355092E-47
  86.6  3.44754311E-47
  86.7  3.4515353E-47
  86.8  3.45552749E-47
  86.9  3.45951969E-47
  87.  3.46351188E-47
  87.1  3.46750407E-47
  87.2  3.47149627E-47
  87.3  3.47548846E-47
  87.4  3.47948065E-47
  87.5  3.48347285E-47
  87.6  3.48746504E-47
  87.7  3.49145724E-47
  87.8  3.49544943E-47
  87.9  3.49944162E-47
  88.  3.50343382E-47
  88.1  3.50742601E-47
  88.2  3.51141821E-47
  88.3  3.5154104E-47
  88.4  3.5194026E-47
  88.5  3.52339479E-47
  88.6  3.52738699E-47
  88.7  3.53137918E-47
  88.8  3.53537138E-47
  88.9  3.53936358E-47
  89.  3.54335577E-47
  89.1  3.54734797E-47
  89.2  3.55134016E-47
  89.3  3.55533236E-47
  89.4  3.55932456E-47
  89.5  3.56331675E-47
  89.6  3.56730895E-47
  89.7  3.57130114E-47
  89.8  3.57529334E-47
  89.9  3.57928554E-47
  90.  3.58327774E-47
  90.1  3.58726993E-47
  90.2  3.59126213E-47
  90.3  3.59525433E-47
  90.4  3.59924652E-47
  90.5  3.60323872E-47
  90.6  3.60723092E-47
  90.7  3.61122312E-47
  90.8  3.61521532E-47
  90.9  3.61920751E-47
  91.  3.62319971E-47
  91.1  3.62719191E-47
  91.2  3.63118411E-47
  91.3  3.63517631E-47
  91.4  3.63916851E-47
  91.5  3.6431607E-47
  91.6  3.6471529E-47
  91.7  3.6511451E-47
  91.8  3.6551373E-47
  91.9  3.6591295E-47
  92.  3.6631217E-47
  92.1  3.6671139E-47
  92.2  3.6711061E-47
  92.3  3.6750983E-47
  92.4  3.6790905E-47
  92.5  3.6830827E-47
  92.6  3.6870749E-47
  92.7  3.6910671E-47
  92.8  3.6950593E-47
  92.9  3.6990515E-47
  93.  3.7030437E-47
  93.1  3.7070359E-47
  93.2  3.7110281E-47
  93.3  3.7150203E-47
  93.4  3.7190125E-47
  93.5  3.7230047E-47
  93.6  3.7269969E-47
  93.7  3.7309891E-47
  93.8  3.7349813E-47
  93.9  3.73897351E-47
  94.  3.74296571E-47
  94.1  3.74695791E-47
  94.2  3.75095011E-47
  94.3  3.75494231E-47
  94.4  3.75893451E-47
  94.5  3.76292672E-47
  94.6  3.76691892E-47
  94.7  3.77091112E-47
  94.8  3.77490332E-47
  94.9  3.77889552E-47
  95.  3.78288773E-47
  95.1  3.78687993E-47
  95.2  3.79087213E-47
  95.3  3.79486434E-47
  95.4  3.79885654E-47
  95.5  3.80284874E-47
  95.6  3.80684094E-47
  95.7  3.81083315E-47
  95.8  3.81482535E-47
  95.9  3.81881755E-47
  96.  3.82280976E-47
  96.1  3.82680196E-47
  96.2  3.83079416E-47
  96.3  3.83478637E-47
  96.4  3.83877857E-47
  96.5  3.84277078E-47
  96.6  3.84676298E-47
  96.7  3.85075518E-47
  96.8  3.85474739E-47
  96.9  3.85873959E-47
  97.  3.8627318E-47
  97.1  3.866724E-47
  97.2  3.87071621E-47
  97.3  3.87470841E-47
  97.4  3.87870062E-47
  97.5  3.88269282E-47
  97.6  3.88668503E-47
  97.7  3.89067723E-47
  97.8  3.89466944E-47
  97.9  3.89866164E-47
  98.  3.90265385E-47
  98.1  3.90664605E-47
  98.2  3.91063826E-47
  98.3  3.91463046E-47
  98.4  3.91862267E-47
  98.5  3.92261487E-47
  98.6  3.92660708E-47
  98.7  3.93059929E-47
  98.8  3.93459149E-47
  98.9  3.9385837E-47
  99.  3.94257591E-47
  99.1  3.94656811E-47
  99.2  3.95056032E-47
  99.3  3.95455252E-47
  99.4  3.95854473E-47
  99.5  3.96253694E-47
  99.6  3.96652914E-47
  99.7  3.97052135E-47
  99.8  3.97451356E-47
  99.9  3.97850577E-47
  100.  3.98249797E-47
  100.1  3.98649018E-47
  100.2  3.99048239E-47
  100.3  3.99447459E-47
  100.4  3.9984668E-47
  100.5  4.00245901E-47
  100.6  4.00645122E-47
  100.7  4.01044343E-47
  100.8  4.01443563E-47
  100.9  4.01842784E-47
  101.  4.02242005E-47
  101.1  4.02641226E-47
  101.2  4.03040447E-47
  101.3  4.03439667E-47
  101.4  4.03838888E-47
  101.5  4.04238109E-47
  101.6  4.0463733E-47
  101.7  4.05036551E-47
  101.8  4.05435772E-47
  101.9  4.05834992E-47
  102.  4.06234213E-47
  102.1  4.06633434E-47
  102.2  4.07032655E-47
  102.3  4.07431876E-47
  102.4  4.07831097E-47
  102.5  4.08230318E-47
  102.6  4.08629539E-47
  102.7  4.0902876E-47
  102.8  4.09427981E-47
  102.9  4.09827202E-47
  103.  4.10226423E-47
  103.1  4.10625644E-47
  103.2  4.11024865E-47
  103.3  4.11424086E-47
  103.4  4.11823307E-47
  103.5  4.12222528E-47
  103.6  4.12621749E-47
  103.7  4.1302097E-47
  103.8  4.13420191E-47
  103.9  4.13819412E-47
  104.  4.14218633E-47
  104.1  4.14617854E-47
  104.2  4.15017075E-47
  104.3  4.15416296E-47
  104.4  4.15815517E-47
  104.5  4.16214738E-47
  104.6  4.16613959E-47
  104.7  4.1701318E-47
  104.8  4.17412401E-47
  104.9  4.17811622E-47
  105.  4.18210844E-47
  105.1  4.18610065E-47
  105.2  4.19009286E-47
  105.3  4.19408507E-47
  105.4  4.19807728E-47
  105.5  4.20206949E-47
  105.6  4.2060617E-47
  105.7  4.21005392E-47
  105.8  4.21404613E-47
  105.9  4.21803834E-47
  106.  4.22203055E-47
  106.1  4.22602276E-47
  106.2  4.23001498E-47
  106.3  4.23400719E-47
  106.4  4.2379994E-47
  106.5  4.24199161E-47
  106.6  4.24598383E-47
  106.7  4.24997604E-47
  106.8  4.25396825E-47
  106.9  4.25796046E-47
  107.  4.26195268E-47
  107.1  4.26594489E-47
  107.2  4.2699371E-47
  107.3  4.27392931E-47
  107.4  4.27792153E-47
  107.5  4.28191374E-47
  107.6  4.28590595E-47
  107.7  4.28989817E-47
  107.8  4.29389038E-47
  107.9  4.29788259E-47
  108.  4.30187481E-47
  108.1  4.30586702E-47
  108.2  4.30985923E-47
  108.3  4.31385145E-47
  108.4  4.31784366E-47
  108.5  4.32183587E-47
  108.6  4.32582809E-47
  108.7  4.3298203E-47
  108.8  4.33381252E-47
  108.9  4.33780473E-47
  109.  4.34179694E-47
  109.1  4.34578916E-47
  109.2  4.34978137E-47
  109.3  4.35377359E-47
  109.4  4.3577658E-47
  109.5  4.36175801E-47
  109.6  4.36575023E-47
  109.7  4.36974244E-47
  109.8  4.37373466E-47
  109.9  4.37772687E-47
  110.  4.38171909E-47
  110.1  4.3857113E-47
  110.2  4.38970352E-47
  110.3  4.39369573E-47
  110.4  4.39768795E-47
  110.5  4.40168016E-47
  110.6  4.40567238E-47
  110.7  4.40966459E-47
  110.8  4.41365681E-47
  110.9  4.41764902E-47
  111.  4.42164124E-47
  111.1  4.42563345E-47
  111.2  4.42962567E-47
  111.3  4.43361788E-47
  111.4  4.4376101E-47
  111.5  4.44160232E-47
  111.6  4.44559453E-47
  111.7  4.44958675E-47
  111.8  4.45357896E-47
  111.9  4.45757118E-47
  112.  4.46156339E-47
  112.1  4.46555561E-47
  112.2  4.46954783E-47
  112.3  4.47354004E-47
  112.4  4.47753226E-47
  112.5  4.48152448E-47
  112.6  4.48551669E-47
  112.7  4.48950891E-47
  112.8  4.49350112E-47
  112.9  4.49749334E-47
  113.  4.50148556E-47
  113.1  4.50547777E-47
  113.2  4.50946999E-47
  113.3  4.51346221E-47
  113.4  4.51745442E-47
  113.5  4.52144664E-47
  113.6  4.52543886E-47
  113.7  4.52943108E-47
  113.8  4.53342329E-47
  113.9  4.53741551E-47
  114.  4.54140773E-47
  114.1  4.54539994E-47
  114.2  4.54939216E-47
  114.3  4.55338438E-47
  114.4  4.5573766E-47
  114.5  4.56136881E-47
  114.6  4.56536103E-47
  114.7  4.56935325E-47
  114.8  4.57334547E-47
  114.9  4.57733768E-47
  115.  4.5813299E-47
  115.1  4.58532212E-47
  115.2  4.58931434E-47
  115.3  4.59330656E-47
  115.4  4.59729877E-47
  115.5  4.60129099E-47
  115.6  4.60528321E-47
  115.7  4.60927543E-47
  115.8  4.61326765E-47
  115.9  4.61725986E-47
  116.  4.62125208E-47
  116.1  4.6252443E-47
  116.2  4.62923652E-47
  116.3  4.63322874E-47
  116.4  4.63722096E-47
  116.5  4.64121318E-47
  116.6  4.64520539E-47
  116.7  4.64919761E-47
  116.8  4.65318983E-47
  116.9  4.65718205E-47
  117.  4.66117427E-47
  117.1  4.66516649E-47
  117.2  4.66915871E-47
  117.3  4.67315093E-47
  117.4  4.67714315E-47
  117.5  4.68113536E-47
  117.6  4.68512758E-47
  117.7  4.6891198E-47
  117.8  4.69311202E-47
  117.9  4.69710424E-47
  118.  4.70109646E-47
  118.1  4.70508868E-47
  118.2  4.7090809E-47
  118.3  4.71307312E-47
  118.4  4.71706534E-47
  118.5  4.72105756E-47
  118.6  4.72504978E-47
  118.7  4.729042E-47
  118.8  4.73303422E-47
  118.9  4.73702644E-47
  119.  4.74101866E-47
  119.1  4.74501088E-47
  119.2  4.7490031E-47
  119.3  4.75299532E-47
  119.4  4.75698754E-47
  119.5  4.76097976E-47
  119.6  4.76497198E-47
  119.7  4.7689642E-47
  119.8  4.77295642E-47
  119.9  4.77694864E-47
  120.  4.78094086E-47
  120.1  4.78493308E-47
  120.2  4.7889253E-47
  120.3  4.79291752E-47
  120.4  4.79690974E-47
  120.5  4.80090196E-47
  120.6  4.80489418E-47
  120.7  4.8088864E-47
  120.8  4.81287863E-47
  120.9  4.81687085E-47
  121.  4.82086307E-47
  121.1  4.82485529E-47
  121.2  4.82884751E-47
  121.3  4.83283973E-47
  121.4  4.83683195E-47
  121.5  4.84082417E-47
  121.6  4.84481639E-47
  121.7  4.84880862E-47
  121.8  4.85280084E-47
  121.9  4.85679306E-47
  122.  4.86078528E-47
  122.1  4.8647775E-47
  122.2  4.86876972E-47
  122.3  4.87276194E-47
  122.4  4.87675417E-47
  122.5  4.88074639E-47
  122.6  4.88473861E-47
  122.7  4.88873083E-47
  122.8  4.89272305E-47
  122.9  4.89671527E-47
  123.  4.9007075E-47
  123.1  4.90469972E-47
  123.2  4.90869194E-47
  123.3  4.91268416E-47
  123.4  4.91667638E-47
  123.5  4.92066861E-47
  123.6  4.92466083E-47
  123.7  4.92865305E-47
  123.8  4.93264527E-47
  123.9  4.9366375E-47
  124.  4.94062972E-47
  124.1  4.94462194E-47
  124.2  4.94861416E-47
  124.3  4.95260639E-47
  124.4  4.95659861E-47
  124.5  4.96059083E-47
  124.6  4.96458305E-47
  124.7  4.96857528E-47
  124.8  4.9725675E-47
  124.9  4.97655972E-47
  125.  4.98055194E-47
  125.1  4.98454417E-47
  125.2  4.98853639E-47
  125.3  4.99252861E-47
  125.4  4.99652084E-47
  125.5  5.00051306E-47
  125.6  5.00450528E-47
  125.7  5.00849751E-47
  125.8  5.01248973E-47
  125.9  5.01648195E-47
  126.  5.02047418E-47
  126.1  5.0244664E-47
  126.2  5.02845862E-47
  126.3  5.03245085E-47
  126.4  5.03644307E-47
  126.5  5.04043529E-47
  126.6  5.04442752E-47
  126.7  5.04841974E-47
  126.8  5.05241196E-47
  126.9  5.05640419E-47
  127.  5.06039641E-47
  127.1  5.06438863E-47
  127.2  5.06838086E-47
  127.3  5.07237308E-47
  127.4  5.07636531E-47
  127.5  5.08035753E-47
  127.6  5.08434975E-47
  127.7  5.08834198E-47
  127.8  5.0923342E-47
  127.9  5.09632643E-47
  128.  5.10031865E-47
  128.1  5.10431087E-47
  128.2  5.1083031E-47
  128.3  5.11229532E-47
  128.4  5.11628755E-47
  128.5  5.12027977E-47
  128.6  5.12427199E-47
  128.7  5.12826422E-47
  128.8  5.13225644E-47
  128.9  5.13624867E-47
  129.  5.14024089E-47
  129.1  5.14423312E-47
  129.2  5.14822534E-47
  129.3  5.15221757E-47
  129.4  5.15620979E-47
  129.5  5.16020202E-47
  129.6  5.16419424E-47
  129.7  5.16818647E-47
  129.8  5.17217869E-47
  129.9  5.17617092E-47
  130.  5.18016314E-47
  130.1  5.18415537E-47
  130.2  5.18814759E-47
  130.3  5.19213982E-47
  130.4  5.19613204E-47
  130.5  5.20012427E-47
  130.6  5.20411649E-47
  130.7  5.20810872E-47
  130.8  5.21210094E-47
  130.9  5.21609317E-47
  131.  5.22008539E-47
  131.1  5.22407762E-47
  131.2  5.22806984E-47
  131.3  5.23206207E-47
  131.4  5.23605429E-47
  131.5  5.24004652E-47
  131.6  5.24403874E-47
  131.7  5.24803097E-47
  131.8  5.2520232E-47
  131.9  5.25601542E-47
  132.  5.26000765E-47
  132.1  5.26399987E-47
  132.2  5.2679921E-47
  132.3  5.27198432E-47
  132.4  5.27597655E-47
  132.5  5.27996878E-47
  132.6  5.283961E-47
  132.7  5.28795323E-47
  132.8  5.29194545E-47
  132.9  5.29593768E-47
  133.  5.29992991E-47
  133.1  5.30392213E-47
  133.2  5.30791436E-47
  133.3  5.31190658E-47
  133.4  5.31589881E-47
  133.5  5.31989104E-47
  133.6  5.32388326E-47
  133.7  5.32787549E-47
  133.8  5.33186772E-47
  133.9  5.33585994E-47
  134.  5.33985217E-47
  134.1  5.3438444E-47
  134.2  5.34783662E-47
  134.3  5.35182885E-47
  134.4  5.35582108E-47
  134.5  5.3598133E-47
  134.6  5.36380553E-47
  134.7  5.36779776E-47
  134.8  5.37178998E-47
  134.9  5.37578221E-47
  135.  5.37977444E-47
  135.1  5.38376666E-47
  135.2  5.38775889E-47
  135.3  5.39175112E-47
  135.4  5.39574334E-47
  135.5  5.39973557E-47
  135.6  5.4037278E-47
  135.7  5.40772002E-47
  135.8  5.41171225E-47
  135.9  5.41570448E-47
  136.  5.41969671E-47
  136.1  5.42368893E-47
  136.2  5.42768116E-47
  136.3  5.43167339E-47
  136.4  5.43566561E-47
  136.5  5.43965784E-47
  136.6  5.44365007E-47
  136.7  5.4476423E-47
  136.8  5.45163452E-47
  136.9  5.45562675E-47
  137.  5.45961898E-47
  137.1  5.46361121E-47
  137.2  5.46760343E-47
  137.3  5.47159566E-47
  137.4  5.47558789E-47
  137.5  5.47958012E-47
  137.6  5.48357234E-47
  137.7  5.48756457E-47
  137.8  5.4915568E-47
  137.9  5.49554903E-47
  138.  5.49954126E-47
  138.1  5.50353348E-47
  138.2  5.50752571E-47
  138.3  5.51151794E-47
  138.4  5.51551017E-47
  138.5  5.5195024E-47
  138.6  5.52349462E-47
  138.7  5.52748685E-47
  138.8  5.53147908E-47
  138.9  5.53547131E-47
  139.  5.53946354E-47
  139.1  5.54345576E-47
  139.2  5.54744799E-47
  139.3  5.55144022E-47
  139.4  5.55543245E-47
  139.5  5.55942468E-47
  139.6  5.56341691E-47
  139.7  5.56740913E-47
  139.8  5.57140136E-47
  139.9  5.57539359E-47
  140.  5.57938582E-47
  140.1  5.58337805E-47
  140.2  5.58737028E-47
  140.3  5.5913625E-47
  140.4  5.59535473E-47
  140.5  5.59934696E-47
  140.6  5.60333919E-47
  140.7  5.60733142E-47
  140.8  5.61132365E-47
  140.9  5.61531588E-47
  141.  5.61930811E-47
  141.1  5.62330033E-47
  141.2  5.62729256E-47
  141.3  5.63128479E-47
  141.4  5.63527702E-47
  141.5  5.63926925E-47
  141.6  5.64326148E-47
  141.7  5.64725371E-47
  141.8  5.65124594E-47
  141.9  5.65523817E-47
  142.  5.6592304E-47
  142.1  5.66322262E-47
  142.2  5.66721485E-47
  142.3  5.67120708E-47
  142.4  5.67519931E-47
  142.5  5.67919154E-47
  142.6  5.68318377E-47
  142.7  5.687176E-47
  142.8  5.69116823E-47
  142.9  5.69516046E-47
  143.  5.69915269E-47
  143.1  5.70314492E-47
  143.2  5.70713715E-47
  143.3  5.71112938E-47
  143.4  5.71512161E-47
  143.5  5.71911384E-47
  143.6  5.72310607E-47
  143.7  5.7270983E-47
  143.8  5.73109052E-47
  143.9  5.73508275E-47
  144.  5.73907498E-47
  144.1  5.74306721E-47
  144.2  5.74705944E-47
  144.3  5.75105167E-47
  144.4  5.7550439E-47
  144.5  5.75903613E-47
  144.6  5.76302836E-47
  144.7  5.76702059E-47
  144.8  5.77101282E-47
  144.9  5.77500505E-47
  145.  5.77899728E-47
  145.1  5.78298951E-47
  145.2  5.78698174E-47
  145.3  5.79097397E-47
  145.4  5.7949662E-47
  145.5  5.79895843E-47
  145.6  5.80295066E-47
  145.7  5.80694289E-47
  145.8  5.81093512E-47
  145.9  5.81492735E-47
  146.  5.81891958E-47
  146.1  5.82291181E-47
  146.2  5.82690404E-47
  146.3  5.83089628E-47
  146.4  5.83488851E-47
  146.5  5.83888074E-47
  146.6  5.84287297E-47
  146.7  5.8468652E-47
  146.8  5.85085743E-47
  146.9  5.85484966E-47
  147.  5.85884189E-47
  147.1  5.86283412E-47
  147.2  5.86682635E-47
  147.3  5.87081858E-47
  147.4  5.87481081E-47
  147.5  5.87880304E-47
  147.6  5.88279527E-47
  147.7  5.8867875E-47
  147.8  5.89077973E-47
  147.9  5.89477196E-47
  148.  5.8987642E-47
  148.1  5.90275643E-47
  148.2  5.90674866E-47
  148.3  5.91074089E-47
  148.4  5.91473312E-47
  148.5  5.91872535E-47
  148.6  5.92271758E-47
  148.7  5.92670981E-47
  148.8  5.93070204E-47
  148.9  5.93469427E-47
  149.  5.93868651E-47
  149.1  5.94267874E-47
  149.2  5.94667097E-47
  149.3  5.9506632E-47
  149.4  5.95465543E-47
  149.5  5.95864766E-47
  149.6  5.96263989E-47
  149.7  5.96663212E-47
  149.8  5.97062436E-47
  149.9  5.97461659E-47
  150.  5.97860882E-47
  150.1  5.98260105E-47
  150.2  5.98659328E-47
  150.3  5.99058551E-47
  150.4  5.99457774E-47
  150.5  5.99856997E-47
  150.6  6.00256221E-47
  150.7  6.00655444E-47
  150.8  6.01054667E-47
  150.9  6.0145389E-47
  151.  6.01853113E-47
  151.1  6.02252336E-47
  151.2  6.0265156E-47
  151.3  6.03050783E-47
  151.4  6.03450006E-47
  151.5  6.03849229E-47
  151.6  6.04248452E-47
  151.7  6.04647675E-47
  151.8  6.05046899E-47
  151.9  6.05446122E-47
  152.  6.05845345E-47
  152.1  6.06244568E-47
  152.2  6.06643791E-47
  152.3  6.07043015E-47
  152.4  6.07442238E-47
  152.5  6.07841461E-47
  152.6  6.08240684E-47
  152.7  6.08639907E-47
  152.8  6.09039131E-47
  152.9  6.09438354E-47
  153.  6.09837577E-47
  153.1  6.102368E-47
  153.2  6.10636023E-47
  153.3  6.11035247E-47
  153.4  6.1143447E-47
  153.5  6.11833693E-47
  153.6  6.12232916E-47
  153.7  6.1263214E-47
  153.8  6.13031363E-47
  153.9  6.13430586E-47
  154.  6.13829809E-47
  154.1  6.14229033E-47
  154.2  6.14628256E-47
  154.3  6.15027479E-47
  154.4  6.15426702E-47
  154.5  6.15825925E-47
  154.6  6.16225149E-47
  154.7  6.16624372E-47
  154.8  6.17023595E-47
  154.9  6.17422818E-47
  155.  6.17822042E-47
  155.1  6.18221265E-47
  155.2  6.18620488E-47
  155.3  6.19019712E-47
  155.4  6.19418935E-47
  155.5  6.19818158E-47
  155.6  6.20217381E-47
  155.7  6.20616605E-47
  155.8  6.21015828E-47
  155.9  6.21415051E-47
  156.  6.21814274E-47
  156.1  6.22213498E-47
  156.2  6.22612721E-47
  156.3  6.23011944E-47
  156.4  6.23411168E-47
  156.5  6.23810391E-47
  156.6  6.24209614E-47
  156.7  6.24608837E-47
  156.8  6.25008061E-47
  156.9  6.25407284E-47
  157.  6.25806507E-47
  157.1  6.26205731E-47
  157.2  6.26604954E-47
  157.3  6.27004177E-47
  157.4  6.27403401E-47
  157.5  6.27802624E-47
  157.6  6.28201847E-47
  157.7  6.28601071E-47
  157.8  6.29000294E-47
  157.9  6.29399517E-47
  158.  6.29798741E-47
  158.1  6.30197964E-47
  158.2  6.30597187E-47
  158.3  6.30996411E-47
  158.4  6.31395634E-47
  158.5  6.31794857E-47
  158.6  6.32194081E-47
  158.7  6.32593304E-47
  158.8  6.32992527E-47
  158.9  6.33391751E-47
  159.  6.33790974E-47
  159.1  6.34190197E-47
  159.2  6.34589421E-47
  159.3  6.34988644E-47
  159.4  6.35387867E-47
  159.5  6.35787091E-47
  159.6  6.36186314E-47
  159.7  6.36585537E-47
  159.8  6.36984761E-47
  159.9  6.37383984E-47
  160.  6.37783208E-47
  160.1  6.38182431E-47
  160.2  6.38581654E-47
  160.3  6.38980878E-47
  160.4  6.39380101E-47
  160.5  6.39779324E-47
  160.6  6.40178548E-47
  160.7  6.40577771E-47
  160.8  6.40976995E-47
  160.9  6.41376218E-47
  161.  6.41775441E-47
  161.1  6.42174665E-47
  161.2  6.42573888E-47
  161.3  6.42973112E-47
  161.4  6.43372335E-47
  161.5  6.43771558E-47
  161.6  6.44170782E-47
  161.7  6.44570005E-47
  161.8  6.44969229E-47
  161.9  6.45368452E-47
  162.  6.45767675E-47
  162.1  6.46166899E-47
  162.2  6.46566122E-47
  162.3  6.46965346E-47
  162.4  6.47364569E-47
  162.5  6.47763793E-47
  162.6  6.48163016E-47
  162.7  6.48562239E-47
  162.8  6.48961463E-47
  162.9  6.49360686E-47
  163.  6.4975991E-47
  163.1  6.50159133E-47
  163.2  6.50558357E-47
  163.3  6.5095758E-47
  163.4  6.51356803E-47
  163.5  6.51756027E-47
  163.6  6.5215525E-47
  163.7  6.52554474E-47
  163.8  6.52953697E-47
  163.9  6.53352921E-47
  164.  6.53752144E-47
  164.1  6.54151368E-47
  164.2  6.54550591E-47
  164.3  6.54949814E-47
  164.4  6.55349038E-47
  164.5  6.55748261E-47
  164.6  6.56147485E-47
  164.7  6.56546708E-47
  164.8  6.56945932E-47
  164.9  6.57345155E-47
  165.  6.57744379E-47
  165.1  6.58143602E-47
  165.2  6.58542826E-47
  165.3  6.58942049E-47
  165.4  6.59341273E-47
  165.5  6.59740496E-47
  165.6  6.6013972E-47
  165.7  6.60538943E-47
  165.8  6.60938167E-47
  165.9  6.6133739E-47
  166.  6.61736614E-47
  166.1  6.62135837E-47
  166.2  6.62535061E-47
  166.3  6.62934284E-47
  166.4  6.63333508E-47
  166.5  6.63732731E-47
  166.6  6.64131955E-47
  166.7  6.64531178E-47
  166.8  6.64930402E-47
  166.9  6.65329625E-47
  167.  6.65728849E-47
  167.1  6.66128072E-47
  167.2  6.66527296E-47
  167.3  6.66926519E-47
  167.4  6.67325743E-47
  167.5  6.67724966E-47
  167.6  6.6812419E-47
  167.7  6.68523413E-47
  167.8  6.68922637E-47
  167.9  6.6932186E-47
  168.  6.69721084E-47
  168.1  6.70120307E-47
  168.2  6.70519531E-47
  168.3  6.70918754E-47
  168.4  6.71317978E-47
  168.5  6.71717201E-47
  168.6  6.72116425E-47
  168.7  6.72515649E-47
  168.8  6.72914872E-47
  168.9  6.73314096E-47
  169.  6.73713319E-47
  169.1  6.74112543E-47
  169.2  6.74511766E-47
  169.3  6.7491099E-47
  169.4  6.75310213E-47
  169.5  6.75709437E-47
  169.6  6.76108661E-47
  169.7  6.76507884E-47
  169.8  6.76907108E-47
  169.9  6.77306331E-47
  170.  6.77705555E-47
