  0.1  0.
  0.2  0.
  0.3  0.
  0.4  0.
  0.5  0.
  0.6  0.
  0.7  0.
  0.8  0.
  0.9  0.
  1.  0.
  1.1  0.
  1.2  0.
  1.3  0.
  1.4  0.
  1.5  0.
  1.6  0.
  1.7  0.
  1.8  0.
  1.9  0.
  2.  0.
  2.1  0.
  2.2  0.
  2.3  0.
  2.4  0.
  2.5  0.
  2.6  0.
  2.7  0.
  2.8  0.
  2.9  0.
  3.  0.
  3.1  0.
  3.2  0.
  3.3  0.
  3.4  0.
  3.5  0.
  3.6  0.
  3.7  0.
  3.8  0.
  3.9  0.
  4.  0.
  4.1  0.
  4.2  0.
  4.3  0.
  4.4  0.
  4.5  0.
  4.6  0.
  4.7  0.
  4.8  0.
  4.9  0.
  5.  0.
  5.1  0.
  5.2  0.
  5.3  0.
  5.4  0.
  5.5  0.
  5.6  0.
  5.7  0.
  5.8  0.
  5.9  0.
  6.  0.
  6.1  0.
  6.2  0.
  6.3  0.
  6.4  0.
  6.5  0.
  6.6  0.
  6.7  0.
  6.8  0.
  6.9  0.
  7.  0.
  7.1  0.
  7.2  0.
  7.3  0.
  7.4  0.
  7.5  0.
  7.6  0.
  7.7  0.
  7.8  0.
  7.9  0.
  8.  0.
  8.1  0.
  8.2  0.
  8.3  0.
  8.4  0.
  8.5  0.
  8.6  0.
  8.7  0.
  8.8  0.
  8.9  0.
  9.  0.
  9.1  0.
  9.2  0.
  9.3  0.
  9.4  0.
  9.5  0.
  9.6  0.
  9.7  0.
  9.8  0.
  9.9  0.
  10.  0.
  10.1  0.
  10.2  0.
  10.3  0.
  10.4  0.
  10.5  0.
  10.6  0.
  10.7  0.
  10.8  0.
  10.9  0.
  11.  0.
  11.1  0.
  11.2  0.
  11.3  0.
  11.4  0.
  11.5  0.
  11.6  0.
  11.7  0.
  11.8  0.
  11.9  0.
  12.  0.
  12.1  0.
  12.2  0.
  12.3  0.
  12.4  0.
  12.5  0.
  12.6  0.
  12.7  0.
  12.8  0.
  12.9  0.
  13.  0.
  13.1  0.
  13.2  0.
  13.3  0.
  13.4  0.
  13.5  0.
  13.6  0.
  13.7  0.
  13.8  0.
  13.9  0.
  14.  0.
  14.1  0.
  14.2  0.
  14.3  0.
  14.4  0.
  14.5  0.
  14.6  0.
  14.7  0.
  14.8  0.
  14.9  0.
  15.  0.
  15.1  3.00653699E-56
  15.2  4.81045918E-55
  15.3  2.43529496E-54
  15.4  7.69673469E-54
  15.5  1.87908562E-53
  15.6  3.89647194E-53
  15.7  7.21869531E-53
  15.8  1.23147755E-52
  15.9  1.97258892E-52
  16.  3.00653699E-52
  16.1  4.40187081E-52
  16.2  6.2343551E-52
  16.3  8.5869703E-52
  16.4  1.15499125E-51
  16.5  1.52205935E-51
  16.6  1.97036408E-51
  16.7  2.51108976E-51
  16.8  3.15614227E-51
  16.9  3.91814907E-51
  17.  4.81045918E-51
  17.1  5.8471432E-51
  17.2  7.04299329E-51
  17.3  8.41352318E-51
  17.4  9.97496816E-51
  17.5  1.17442851E-50
  17.6  1.37391525E-50
  17.7  1.59779702E-50
  17.8  1.847986E-50
  17.9  2.12646649E-50
  18.  2.43529496E-50
  18.1  2.77660005E-50
  18.2  3.15258253E-50
  18.3  3.56551535E-50
  18.4  4.01774361E-50
  18.5  4.51168457E-50
  18.6  5.04982763E-50
  18.7  5.63473437E-50
  18.8  6.26903851E-50
  18.9  6.95544594E-50
  19.  7.69673469E-50
  19.1  8.49575497E-50
  19.2  9.35542912E-50
  19.3  1.02787517E-49
  19.4  1.12687893E-49
  19.5  1.23286807E-49
  19.6  1.34616371E-49
  19.7  1.46709414E-49
  19.8  1.59599491E-49
  19.9  1.73320874E-49
  20.  1.87908562E-49
  20.1  2.0339827E-49
  20.2  2.1982644E-49
  20.3  2.3723023E-49
  20.4  2.55647524E-49
  20.5  2.75116925E-49
  20.6  2.9567776E-49
  20.7  3.17370075E-49
  20.8  3.40234638E-49
  20.9  3.64312941E-49
  21.  3.89647194E-49
  21.1  4.16280331E-49
  21.2  4.44256007E-49
  21.3  4.73618599E-49
  21.4  5.04413205E-49
  21.5  5.36685643E-49
  21.6  5.70482456E-49
  21.7  6.05850907E-49
  21.8  6.42838978E-49
  21.9  6.81495377E-49
  22.  7.21869531E-49
  22.1  7.64011589E-49
  22.2  8.07972421E-49
  22.3  8.5380362E-49
  22.4  9.01557499E-49
  22.5  9.51287094E-49
  22.6  1.00304616E-48
  22.7  1.05688918E-48
  22.8  1.11287135E-48
  22.9  1.17104859E-48
  23.  1.23147755E-48
  23.1  1.29421559E-48
  23.2  1.3593208E-48
  23.3  1.42685198E-48
  23.4  1.49686866E-48
  23.5  1.5694311E-48
  23.6  1.64460027E-48
  23.7  1.72243786E-48
  23.8  1.80300628E-48
  23.9  1.88636868E-48
  24.  1.97258892E-48
  24.1  2.06173157E-48
  24.2  2.15386193E-48
  24.3  2.24904604E-48
  24.4  2.34735063E-48
  24.5  2.44884317E-48
  24.6  2.55359185E-48
  24.7  2.66166558E-48
  24.8  2.77313399E-48
  24.9  2.88806744E-48
  25.  3.00653699E-48
  25.1  3.12861445E-48
  25.2  3.25437233E-48
  25.3  3.38388387E-48
  25.4  3.51722303E-48
  25.5  3.6544645E-48
  25.6  3.79568368E-48
  25.7  3.94095669E-48
  25.8  4.09036038E-48
  25.9  4.24397232E-48
  26.  4.40187081E-48
  26.1  4.56413484E-48
  26.2  4.73084416E-48
  26.3  4.90207922E-48
  26.4  5.07792119E-48
  26.5  5.25845199E-48
  26.6  5.44375421E-48
  26.7  5.63391121E-48
  26.8  5.82900705E-48
  26.9  6.02912651E-48
  27.  6.2343551E-48
  27.1  6.44477905E-48
  27.2  6.6604853E-48
  27.3  6.88156153E-48
  27.4  7.10809612E-48
  27.5  7.3401782E-48
  27.6  7.57789759E-48
  27.7  7.82134486E-48
  27.8  8.07061128E-48
  27.9  8.32578885E-48
  28.  8.5869703E-48
  28.1  8.85424906E-48
  28.2  9.1277193E-48
  28.3  9.40747592E-48
  28.4  9.69361451E-48
  28.5  9.9862314E-48
  28.6  1.02854237E-47
  28.7  1.0591289E-47
  28.8  1.0903926E-47
  28.9  1.12234339E-47
  29.  1.15499125E-47
  29.1  1.18834626E-47
  29.2  1.22241854E-47
  29.3  1.25721832E-47
  29.4  1.29275587E-47
  29.5  1.32904156E-47
  29.6  1.36608579E-47
  29.7  1.40389908E-47
  29.8  1.442492E-47
  29.9  1.48187518E-47
  30.  1.52205935E-47
  30.1  1.56305529E-47
  30.2  1.60487386E-47
  30.3  1.64752599E-47
  30.4  1.69102269E-47
  30.5  1.73537503E-47
  30.6  1.78059416E-47
  30.7  1.8266913E-47
  30.8  1.87367775E-47
  30.9  1.92156486E-47
  31.  1.97036408E-47
  31.1  2.02008691E-47
  31.2  2.07074494E-47
  31.3  2.12234982E-47
  31.4  2.17491327E-47
  31.5  2.2284471E-47
  31.6  2.28296316E-47
  31.7  2.33847341E-47
  31.8  2.39498986E-47
  31.9  2.45252459E-47
  32.  2.51108976E-47
  32.1  2.5706976E-47
  32.2  2.63136043E-47
  32.3  2.6930906E-47
  32.4  2.75590057E-47
  32.5  2.81980286E-47
  32.6  2.88481005E-47
  32.7  2.95093482E-47
  32.8  3.01818989E-47
  32.9  3.08658808E-47
  33.  3.15614227E-47
  33.1  3.2268654E-47
  33.2  3.29877051E-47
  33.3  3.37187068E-47
  33.4  3.44617909E-47
  33.5  3.52170898E-47
  33.6  3.59847366E-47
  33.7  3.67648652E-47
  33.8  3.755761E-47
  33.9  3.83631065E-47
  34.  3.91814907E-47
  34.1  4.00128992E-47
  34.2  4.08574696E-47
  34.3  4.171534E-47
  34.4  4.25866493E-47
  34.5  4.34715371E-47
  34.6  4.43701439E-47
  34.7  4.52826105E-47
  34.8  4.6209079E-47
  34.9  4.71496917E-47
  35.  4.81045918E-47
  35.1  4.90739234E-47
  35.2  5.00578312E-47
  35.3  5.10564604E-47
  35.4  5.20699572E-47
  35.5  5.30984686E-47
  35.6  5.41421419E-47
  35.7  5.52011256E-47
  35.8  5.62755685E-47
  35.9  5.73656205E-47
  36.  5.8471432E-47
  36.1  5.95931542E-47
  36.2  6.07309389E-47
  36.3  6.18849387E-47
  36.4  6.3055307E-47
  36.5  6.42421979E-47
  36.6  6.54457661E-47
  36.7  6.66661671E-47
  36.8  6.79035572E-47
  36.9  6.91580932E-47
  37.  7.04299329E-47
  37.1  7.17192346E-47
  37.2  7.30261574E-47
  37.3  7.43508612E-47
  37.4  7.56935065E-47
  37.5  7.70542546E-47
  37.6  7.84332675E-47
  37.7  7.98307078E-47
  37.8  8.12467391E-47
  37.9  8.26815255E-47
  38.  8.41352318E-47
  38.1  8.56080236E-47
  38.2  8.71000674E-47
  38.3  8.861153E-47
  38.4  9.01425794E-47
  38.5  9.16933839E-47
  38.6  9.32641128E-47
  38.7  9.4854936E-47
  38.8  9.64660242E-47
  38.9  9.80975487E-47
  39.  9.97496816E-47
  39.1  1.01422596E-46
  39.2  1.03116465E-46
  39.3  1.04831463E-46
  39.4  1.06567765E-46
  39.5  1.08325547E-46
  39.6  1.10104984E-46
  39.7  1.11906256E-46
  39.8  1.13729538E-46
  39.9  1.1557501E-46
  40.  1.17442851E-46
  40.1  1.19333241E-46
  40.2  1.21246361E-46
  40.3  1.23182393E-46
  40.4  1.25141518E-46
  40.5  1.27123919E-46
  40.6  1.2912978E-46
  40.7  1.31159286E-46
  40.8  1.33212622E-46
  40.9  1.35289972E-46
  41.  1.37391525E-46
  41.1  1.39517466E-46
  41.2  1.41667985E-46
  41.3  1.43843269E-46
  41.4  1.46043509E-46
  41.5  1.48268894E-46
  41.6  1.50519615E-46
  41.7  1.52795863E-46
  41.8  1.55097832E-46
  41.9  1.57425714E-46
  42.  1.59779702E-46
  42.1  1.62159992E-46
  42.2  1.64566778E-46
  42.3  1.67000257E-46
  42.4  1.69460625E-46
  42.5  1.71948078E-46
  42.6  1.74462817E-46
  42.7  1.77005038E-46
  42.8  1.79574942E-46
  42.9  1.82172729E-46
  43.  1.847986E-46
  43.1  1.87452756E-46
  43.2  1.90135401E-46
  43.3  1.92846736E-46
  43.4  1.95586967E-46
  43.5  1.98356297E-46
  43.6  2.01154931E-46
  43.7  2.03983077E-46
  43.8  2.0684094E-46
  43.9  2.09728728E-46
  44.  2.12646649E-46
  44.1  2.15594912E-46
  44.2  2.18573727E-46
  44.3  2.21583303E-46
  44.4  2.24623853E-46
  44.5  2.27695588E-46
  44.6  2.3079872E-46
  44.7  2.33933462E-46
  44.8  2.37100029E-46
  44.9  2.40298635E-46
  45.  2.43529496E-46
  45.1  2.46792827E-46
  45.2  2.50088846E-46
  45.3  2.5341777E-46
  45.4  2.56779817E-46
  45.5  2.60175207E-46
  45.6  2.63604159E-46
  45.7  2.67066893E-46
  45.8  2.7056363E-46
  45.9  2.74094593E-46
  46.  2.77660005E-46
  46.1  2.81260087E-46
  46.2  2.84895066E-46
  46.3  2.88565164E-46
  46.4  2.92270608E-46
  46.5  2.96011625E-46
  46.6  2.9978844E-46
  46.7  3.03601281E-46
  46.8  3.07450378E-46
  46.9  3.11335959E-46
  47.  3.15258253E-46
  47.1  3.19217492E-46
  47.2  3.23213906E-46
  47.3  3.27247728E-46
  47.4  3.31319191E-46
  47.5  3.35428527E-46
  47.6  3.39575971E-46
  47.7  3.43761758E-46
  47.8  3.47986124E-46
  47.9  3.52249304E-46
  48.  3.56551535E-46
  48.1  3.60893057E-46
  48.2  3.65274106E-46
  48.3  3.69694922E-46
  48.4  3.74155745E-46
  48.5  3.78656817E-46
  48.6  3.83198377E-46
  48.7  3.87780668E-46
  48.8  3.92403934E-46
  48.9  3.97068417E-46
  49.  4.01774361E-46
  49.1  4.06522013E-46
  49.2  4.11311617E-46
  49.3  4.16143419E-46
  49.4  4.21017668E-46
  49.5  4.25934611E-46
  49.6  4.30894496E-46
  49.7  4.35897573E-46
  49.8  4.40944091E-46
  49.9  4.46034302E-46
  50.  4.51168457E-46
  50.1  4.56346808E-46
  50.2  4.61569608E-46
  50.3  4.66837111E-46
  50.4  4.72149571E-46
  50.5  4.77507243E-46
  50.6  4.82910383E-46
  50.7  4.88359247E-46
  50.8  4.93854093E-46
  50.9  4.99395179E-46
  51.  5.04982763E-46
  51.1  5.10617105E-46
  51.2  5.16298465E-46
  51.3  5.22027103E-46
  51.4  5.27803281E-46
  51.5  5.33627262E-46
  51.6  5.39499309E-46
  51.7  5.45419685E-46
  51.8  5.51388655E-46
  51.9  5.57406484E-46
  52.  5.63473437E-46
  52.1  5.69589782E-46
  52.2  5.75755786E-46
  52.3  5.81971716E-46
  52.4  5.88237843E-46
  52.5  5.94554434E-46
  52.6  6.00921761E-46
  52.7  6.07340094E-46
  52.8  6.13809705E-46
  52.9  6.20330866E-46
  53.  6.26903851E-46
  53.1  6.33528933E-46
  53.2  6.40206388E-46
  53.3  6.46936489E-46
  53.4  6.53719513E-46
  53.5  6.60555738E-46
  53.6  6.6744544E-46
  53.7  6.74388897E-46
  53.8  6.81386388E-46
  53.9  6.88438194E-46
  54.  6.95544594E-46
  54.1  7.02705869E-46
  54.2  7.09922302E-46
  54.3  7.17194174E-46
  54.4  7.24521769E-46
  54.5  7.3190537E-46
  54.6  7.39345264E-46
  54.7  7.46841734E-46
  54.8  7.54395067E-46
  54.9  7.62005549E-46
  55.  7.69673469E-46
  55.1  7.77399115E-46
  55.2  7.85182775E-46
  55.3  7.93024739E-46
  55.4  8.00925298E-46
  55.5  8.08884743E-46
  55.6  8.16903366E-46
  55.7  8.24981459E-46
  55.8  8.33119316E-46
  55.9  8.4131723E-46
  56.  8.49575497E-46
  56.1  8.57894412E-46
  56.2  8.6627427E-46
  56.3  8.7471537E-46
  56.4  8.83218009E-46
  56.5  8.91782485E-46
  56.6  9.00409096E-46
  56.7  9.09098144E-46
  56.8  9.17849928E-46
  56.9  9.26664751E-46
  57.  9.35542912E-46
  57.1  9.44484717E-46
  57.2  9.53490467E-46
  57.3  9.62560467E-46
  57.4  9.71695022E-46
  57.5  9.80894437E-46
  57.6  9.90159019E-46
  57.7  9.99489075E-46
  57.8  1.00888491E-45
  57.9  1.01834684E-45
  58.  1.02787517E-45
  58.1  1.0374702E-45
  58.2  1.04713226E-45
  58.3  1.05686164E-45
  58.4  1.06665867E-45
  58.5  1.07652366E-45
  58.6  1.08645691E-45
  58.7  1.09645875E-45
  58.8  1.10652949E-45
  58.9  1.11666944E-45
  59.  1.12687893E-45
  59.1  1.13715826E-45
  59.2  1.14750775E-45
  59.3  1.15792773E-45
  59.4  1.16841852E-45
  59.5  1.17898043E-45
  59.6  1.18961378E-45
  59.7  1.2003189E-45
  59.8  1.2110961E-45
  59.9  1.22194572E-45
  60.  1.23286807E-45
  60.1  1.24386349E-45
  60.2  1.25493228E-45
  60.3  1.26607478E-45
  60.4  1.27729133E-45
  60.5  1.28858223E-45
  60.6  1.29994783E-45
  60.7  1.31138844E-45
  60.8  1.32290441E-45
  60.9  1.33449605E-45
  61.  1.34616371E-45
  61.1  1.35790771E-45
  61.2  1.36972838E-45
  61.3  1.38162606E-45
  61.4  1.39360108E-45
  61.5  1.40565377E-45
  61.6  1.41778448E-45
  61.7  1.42999353E-45
  61.8  1.44228127E-45
  61.9  1.45464803E-45
  62.  1.46709414E-45
  62.1  1.47961996E-45
  62.2  1.4922258E-45
  62.3  1.50491203E-45
  62.4  1.51767898E-45
  62.5  1.53052698E-45
  62.6  1.54345639E-45
  62.7  1.55646754E-45
  62.8  1.56956078E-45
  62.9  1.58273645E-45
  63.  1.59599491E-45
  63.1  1.60933648E-45
  63.2  1.62276153E-45
  63.3  1.6362704E-45
  63.4  1.64986344E-45
  63.5  1.66354099E-45
  63.6  1.6773034E-45
  63.7  1.69115104E-45
  63.8  1.70508424E-45
  63.9  1.71910335E-45
  64.  1.73320874E-45
  64.1  1.74740076E-45
  64.2  1.76167975E-45
  64.3  1.77604608E-45
  64.4  1.79050009E-45
  64.5  1.80504215E-45
  64.6  1.81967261E-45
  64.7  1.83439182E-45
  64.8  1.84920016E-45
  64.9  1.86409797E-45
  65.  1.87908562E-45
  65.1  1.89416346E-45
  65.2  1.90933186E-45
  65.3  1.92459118E-45
  65.4  1.93994178E-45
  65.5  1.95538403E-45
  65.6  1.97091829E-45
  65.7  1.98654491E-45
  65.8  2.00226428E-45
  65.9  2.01807676E-45
  66.  2.0339827E-45
  66.1  2.04998249E-45
  66.2  2.06607649E-45
  66.3  2.08226506E-45
  66.4  2.09854858E-45
  66.5  2.11492742E-45
  66.6  2.13140195E-45
  66.7  2.14797253E-45
  66.8  2.16463956E-45
  66.9  2.18140338E-45
  67.  2.1982644E-45
  67.1  2.21522296E-45
  67.2  2.23227946E-45
  67.3  2.24943427E-45
  67.4  2.26668776E-45
  67.5  2.28404031E-45
  67.6  2.30149231E-45
  67.7  2.31904413E-45
  67.8  2.33669614E-45
  67.9  2.35444874E-45
  68.  2.3723023E-45
  68.1  2.3902572E-45
  68.2  2.40831383E-45
  68.3  2.42647258E-45
  68.4  2.44473381E-45
  68.5  2.46309793E-45
  68.6  2.48156531E-45
  68.7  2.50013635E-45
  68.8  2.51881142E-45
  68.9  2.53759092E-45
  69.  2.55647524E-45
  69.1  2.57546476E-45
  69.2  2.59455988E-45
  69.3  2.61376098E-45
  69.4  2.63306845E-45
  69.5  2.6524827E-45
  69.6  2.67200411E-45
  69.7  2.69163308E-45
  69.8  2.71136999E-45
  69.9  2.73121525E-45
  70.  2.75116925E-45
  70.1  2.77123239E-45
  70.2  2.79140507E-45
  70.3  2.81168767E-45
  70.4  2.83208061E-45
  70.5  2.85258427E-45
  70.6  2.87319907E-45
  70.7  2.8939254E-45
  70.8  2.91476367E-45
  70.9  2.93571426E-45
  71.  2.9567776E-45
  71.1  2.97795408E-45
  71.2  2.9992441E-45
  71.3  3.02064808E-45
  71.4  3.04216641E-45
  71.5  3.06379951E-45
  71.6  3.08554778E-45
  71.7  3.10741163E-45
  71.8  3.12939147E-45
  71.9  3.1514877E-45
  72.  3.17370075E-45
  72.1  3.19603101E-45
  72.2  3.2184789E-45
  72.3  3.24104484E-45
  72.4  3.26372923E-45
  72.5  3.28653249E-45
  72.6  3.30945504E-45
  72.7  3.33249728E-45
  72.8  3.35565964E-45
  72.9  3.37894254E-45
  73.  3.40234638E-45
  73.1  3.42587159E-45
  73.2  3.44951859E-45
  73.3  3.4732878E-45
  73.4  3.49717963E-45
  73.5  3.52119451E-45
  73.6  3.54533286E-45
  73.7  3.5695951E-45
  73.8  3.59398165E-45
  73.9  3.61849295E-45
  74.  3.64312941E-45
  74.1  3.66789145E-45
  74.2  3.69277952E-45
  74.3  3.71779402E-45
  74.4  3.7429354E-45
  74.5  3.76820407E-45
  74.6  3.79360047E-45
  74.7  3.81912502E-45
  74.8  3.84477817E-45
  74.9  3.87056033E-45
  75.  3.89647194E-45
  75.1  3.92251343E-45
  75.2  3.94868524E-45
  75.3  3.9749878E-45
  75.4  4.00142154E-45
  75.5  4.0279869E-45
  75.6  4.05468432E-45
  75.7  4.08151424E-45
  75.8  4.10847708E-45
  75.9  4.13557329E-45
  76.  4.16280331E-45
  76.1  4.19016758E-45
  76.2  4.21766654E-45
  76.3  4.24530062E-45
  76.4  4.27307028E-45
  76.5  4.30097595E-45
  76.6  4.32901808E-45
  76.7  4.35719712E-45
  76.8  4.38551349E-45
  76.9  4.41396767E-45
  77.  4.44256007E-45
  77.1  4.47129117E-45
  77.2  4.5001614E-45
  77.3  4.52917121E-45
  77.4  4.55832105E-45
  77.5  4.58761137E-45
  77.6  4.61704263E-45
  77.7  4.64661526E-45
  77.8  4.67632973E-45
  77.9  4.70618649E-45
  78.  4.73618599E-45
  78.1  4.76632869E-45
  78.2  4.79661504E-45
  78.3  4.82704549E-45
  78.4  4.8576205E-45
  78.5  4.88834054E-45
  78.6  4.91920605E-45
  78.7  4.95021749E-45
  78.8  4.98137534E-45
  78.9  5.01268003E-45
  79.  5.04413205E-45
  79.1  5.07573184E-45
  79.2  5.10747987E-45
  79.3  5.1393766E-45
  79.4  5.1714225E-45
  79.5  5.20361803E-45
  79.6  5.23596366E-45
  79.7  5.26845984E-45
  79.8  5.30110705E-45
  79.9  5.33390576E-45
  80.  5.36685643E-45
  80.1  5.39995954E-45
  80.2  5.43321554E-45
  80.3  5.46662492E-45
  80.4  5.50018813E-45
  80.5  5.53390566E-45
  80.6  5.56777798E-45
  80.7  5.60180555E-45
  80.8  5.63598886E-45
  80.9  5.67032837E-45
  81.  5.70482456E-45
  81.1  5.73947792E-45
  81.2  5.7742889E-45
  81.3  5.809258E-45
  81.4  5.84438569E-45
  81.5  5.87967245E-45
  81.6  5.91511875E-45
  81.7  5.95072509E-45
  81.8  5.98649193E-45
  81.9  6.02241976E-45
  82.  6.05850907E-45
  82.1  6.09476033E-45
  82.2  6.13117403E-45
  82.3  6.16775066E-45
  82.4  6.20449069E-45
  82.5  6.24139463E-45
  82.6  6.27846294E-45
  82.7  6.31569612E-45
  82.8  6.35309467E-45
  82.9  6.39065906E-45
  83.  6.42838978E-45
  83.1  6.46628734E-45
  83.2  6.50435221E-45
  83.3  6.54258489E-45
  83.4  6.58098587E-45
  83.5  6.61955565E-45
  83.6  6.65829471E-45
  83.7  6.69720356E-45
  83.8  6.73628269E-45
  83.9  6.7755326E-45
  84.  6.81495377E-45
  84.1  6.85454672E-45
  84.2  6.89431193E-45
  84.3  6.93424991E-45
  84.4  6.97436116E-45
  84.5  7.01464617E-45
  84.6  7.05510546E-45
  84.7  7.09573951E-45
  84.8  7.13654883E-45
  84.9  7.17753393E-45
  85.  7.21869531E-45
  85.1  7.26003348E-45
  85.2  7.30154893E-45
  85.3  7.34324218E-45
  85.4  7.38511373E-45
  85.5  7.4271641E-45
  85.6  7.46939378E-45
  85.7  7.51180329E-45
  85.8  7.55439314E-45
  85.9  7.59716383E-45
  86.  7.64011589E-45
  86.1  7.68324982E-45
  86.2  7.72656613E-45
  86.3  7.77006534E-45
  86.4  7.81374796E-45
  86.5  7.85761451E-45
  86.6  7.9016655E-45
  86.7  7.94590144E-45
  86.8  7.99032287E-45
  86.9  8.03493028E-45
  87.  8.07972421E-45
  87.1  8.12470517E-45
  87.2  8.16987368E-45
  87.3  8.21523026E-45
  87.4  8.26077543E-45
  87.5  8.30650972E-45
  87.6  8.35243364E-45
  87.7  8.39854773E-45
  87.8  8.4448525E-45
  87.9  8.49134848E-45
  88.  8.5380362E-45
  88.1  8.58491618E-45
  88.2  8.63198895E-45
  88.3  8.67925503E-45
  88.4  8.72671496E-45
  88.5  8.77436927E-45
  88.6  8.82221848E-45
  88.7  8.87026312E-45
  88.8  8.91850374E-45
  88.9  8.96694085E-45
  89.  9.01557499E-45
  89.1  9.0644067E-45
  89.2  9.11343651E-45
  89.3  9.16266496E-45
  89.4  9.21209257E-45
  89.5  9.26171989E-45
  89.6  9.31154746E-45
  89.7  9.36157581E-45
  89.8  9.41180548E-45
  89.9  9.46223701E-45
  90.  9.51287094E-45
  90.1  9.56370782E-45
  90.2  9.61474817E-45
  90.3  9.66599255E-45
  90.4  9.7174415E-45
  90.5  9.76909556E-45
  90.6  9.82095528E-45
  90.7  9.87302119E-45
  90.8  9.92529386E-45
  90.9  9.97777382E-45
  91.  1.00304616E-44
  91.1  1.00833578E-44
  91.2  1.01364629E-44
  91.3  1.01897775E-44
  91.4  1.02433022E-44
  91.5  1.02970374E-44
  91.6  1.03509838E-44
  91.7  1.04051419E-44
  91.8  1.04595122E-44
  91.9  1.05140953E-44
  92.  1.05688918E-44
  92.1  1.06239022E-44
  92.2  1.0679127E-44
  92.3  1.07345669E-44
  92.4  1.07902223E-44
  92.5  1.08460939E-44
  92.6  1.09021822E-44
  92.7  1.09584878E-44
  92.8  1.10150111E-44
  92.9  1.10717528E-44
  93.  1.11287135E-44
  93.1  1.11858937E-44
  93.2  1.12432939E-44
  93.3  1.13009148E-44
  93.4  1.13587568E-44
  93.5  1.14168206E-44
  93.6  1.14751068E-44
  93.7  1.15336158E-44
  93.8  1.15923483E-44
  93.9  1.16513048E-44
  94.  1.17104859E-44
  94.1  1.17698922E-44
  94.2  1.18295242E-44
  94.3  1.18893825E-44
  94.4  1.19494677E-44
  94.5  1.20097804E-44
  94.6  1.20703211E-44
  94.7  1.21310903E-44
  94.8  1.21920888E-44
  94.9  1.2253317E-44
  95.  1.23147755E-44
  95.1  1.23764649E-44
  95.2  1.24383858E-44
  95.3  1.25005388E-44
  95.4  1.25629244E-44
  95.5  1.26255432E-44
  95.6  1.26883958E-44
  95.7  1.27514828E-44
  95.8  1.28148048E-44
  95.9  1.28783623E-44
  96.  1.29421559E-44
  96.1  1.30061862E-44
  96.2  1.30704539E-44
  96.3  1.31349594E-44
  96.4  1.31997033E-44
  96.5  1.32646864E-44
  96.6  1.33299091E-44
  96.7  1.3395372E-44
  96.8  1.34610757E-44
  96.9  1.35270208E-44
  97.  1.3593208E-44
  97.1  1.36596377E-44
  97.2  1.37263106E-44
  97.3  1.37932273E-44
  97.4  1.38603883E-44
  97.5  1.39277943E-44
  97.6  1.39954459E-44
  97.7  1.40633437E-44
  97.8  1.41314881E-44
  97.9  1.419988E-44
  98.  1.42685198E-44
  98.1  1.43374081E-44
  98.2  1.44065455E-44
  98.3  1.44759328E-44
  98.4  1.45455703E-44
  98.5  1.46154588E-44
  98.6  1.46855989E-44
  98.7  1.47559911E-44
  98.8  1.4826636E-44
  98.9  1.48975343E-44
  99.  1.49686866E-44
  99.1  1.50400934E-44
  99.2  1.51117555E-44
  99.3  1.51836733E-44
  99.4  1.52558475E-44
  99.5  1.53282787E-44
  99.6  1.54009675E-44
  99.7  1.54739145E-44
  99.8  1.55471203E-44
  99.9  1.56205856E-44
  100.  1.5694311E-44
  100.1  1.5768297E-44
  100.2  1.58425443E-44
  100.3  1.59170535E-44
  100.4  1.59918252E-44
  100.5  1.606686E-44
  100.6  1.61421586E-44
  100.7  1.62177215E-44
  100.8  1.62935494E-44
  100.9  1.63696429E-44
  101.  1.64460027E-44
  101.1  1.65226292E-44
  101.2  1.65995232E-44
  101.3  1.66766853E-44
  101.4  1.67541161E-44
  101.5  1.68318162E-44
  101.6  1.69097863E-44
  101.7  1.69880269E-44
  101.8  1.70665388E-44
  101.9  1.71453224E-44
  102.  1.72243786E-44
  102.1  1.73037077E-44
  102.2  1.73833106E-44
  102.3  1.74631879E-44
  102.4  1.75433401E-44
  102.5  1.76237678E-44
  102.6  1.77044719E-44
  102.7  1.77854527E-44
  102.8  1.78667111E-44
  102.9  1.79482476E-44
  103.  1.80300628E-44
  103.1  1.81121575E-44
  103.2  1.81945321E-44
  103.3  1.82771874E-44
  103.4  1.83601241E-44
  103.5  1.84433426E-44
  103.6  1.85268438E-44
  103.7  1.86106281E-44
  103.8  1.86946963E-44
  103.9  1.8779049E-44
  104.  1.88636868E-44
  104.1  1.89486104E-44
  104.2  1.90338205E-44
  104.3  1.91193176E-44
  104.4  1.92051024E-44
  104.5  1.92911755E-44
  104.6  1.93775377E-44
  104.7  1.94641895E-44
  104.8  1.95511316E-44
  104.9  1.96383646E-44
  105.  1.97258892E-44
  105.1  1.9813706E-44
  105.2  1.99018158E-44
  105.3  1.9990219E-44
  105.4  2.00789165E-44
  105.5  2.01679088E-44
  105.6  2.02571966E-44
  105.7  2.03467805E-44
  105.8  2.04366612E-44
  105.9  2.05268394E-44
  106.  2.06173157E-44
  106.1  2.07080907E-44
  106.2  2.07991652E-44
  106.3  2.08905398E-44
  106.4  2.09822151E-44
  106.5  2.10741918E-44
  106.6  2.11664705E-44
  106.7  2.1259052E-44
  106.8  2.13519368E-44
  106.9  2.14451257E-44
  107.  2.15386193E-44
  107.1  2.16324183E-44
  107.2  2.17265233E-44
  107.3  2.1820935E-44
  107.4  2.1915654E-44
  107.5  2.20106811E-44
  107.6  2.21060169E-44
  107.7  2.22016621E-44
  107.8  2.22976172E-44
  107.9  2.23938831E-44
  108.  2.24904604E-44
  108.1  2.25873497E-44
  108.2  2.26845517E-44
  108.3  2.27820671E-44
  108.4  2.28798965E-44
  108.5  2.29780407E-44
  108.6  2.30765003E-44
  108.7  2.3175276E-44
  108.8  2.32743684E-44
  108.9  2.33737783E-44
  109.  2.34735063E-44
  109.1  2.3573553E-44
  109.2  2.36739193E-44
  109.3  2.37746057E-44
  109.4  2.38756129E-44
  109.5  2.39769416E-44
  109.6  2.40785925E-44
  109.7  2.41805663E-44
  109.8  2.42828636E-44
  109.9  2.43854852E-44
  110.  2.44884317E-44
  110.1  2.45917038E-44
  110.2  2.46953022E-44
  110.3  2.47992276E-44
  110.4  2.49034806E-44
  110.5  2.5008062E-44
  110.6  2.51129725E-44
  110.7  2.52182126E-44
  110.8  2.53237832E-44
  110.9  2.5429685E-44
  111.  2.55359185E-44
  111.1  2.56424845E-44
  111.2  2.57493837E-44
  111.3  2.58566168E-44
  111.4  2.59641845E-44
  111.5  2.60720875E-44
  111.6  2.61803264E-44
  111.7  2.6288902E-44
  111.8  2.6397815E-44
  111.9  2.6507066E-44
  112.  2.66166558E-44
  112.1  2.6726585E-44
  112.2  2.68368545E-44
  112.3  2.69474647E-44
  112.4  2.70584166E-44
  112.5  2.71697107E-44
  112.6  2.72813478E-44
  112.7  2.73933285E-44
  112.8  2.75056537E-44
  112.9  2.76183239E-44
  113.  2.77313399E-44
  113.1  2.78447024E-44
  113.2  2.79584121E-44
  113.3  2.80724698E-44
  113.4  2.8186876E-44
  113.5  2.83016316E-44
  113.6  2.84167372E-44
  113.7  2.85321936E-44
  113.8  2.86480014E-44
  113.9  2.87641614E-44
  114.  2.88806744E-44
  114.1  2.89975409E-44
  114.2  2.91147617E-44
  114.3  2.92323376E-44
  114.4  2.93502692E-44
  114.5  2.94685573E-44
  114.6  2.95872026E-44
  114.7  2.97062057E-44
  114.8  2.98255675E-44
  114.9  2.99452887E-44
  115.  3.00653699E-44
  115.1  3.01858119E-44
  115.2  3.03066154E-44
  115.3  3.04277811E-44
  115.4  3.05493098E-44
  115.5  3.06712021E-44
  115.6  3.07934589E-44
  115.7  3.09160808E-44
  115.8  3.10390685E-44
  115.9  3.11624228E-44
  116.  3.12861445E-44
  116.1  3.14102341E-44
  116.2  3.15346926E-44
  116.3  3.16595205E-44
  116.4  3.17847186E-44
  116.5  3.19102877E-44
  116.6  3.20362285E-44
  116.7  3.21625418E-44
  116.8  3.22892281E-44
  116.9  3.24162884E-44
  117.  3.25437233E-44
  117.1  3.26715335E-44
  117.2  3.27997199E-44
  117.3  3.2928283E-44
  117.4  3.30572238E-44
  117.5  3.31865428E-44
  117.6  3.3316241E-44
  117.7  3.34463189E-44
  117.8  3.35767773E-44
  117.9  3.3707617E-44
  118.  3.38388387E-44
  118.1  3.39704432E-44
  118.2  3.41024311E-44
  118.3  3.42348033E-44
  118.4  3.43675605E-44
  118.5  3.45007035E-44
  118.6  3.46342329E-44
  118.7  3.47681495E-44
  118.8  3.49024542E-44
  118.9  3.50371475E-44
  119.  3.51722303E-44
  119.1  3.53077034E-44
  119.2  3.54435674E-44
  119.3  3.55798231E-44
  119.4  3.57164714E-44
  119.5  3.58535128E-44
  119.6  3.59909483E-44
  119.7  3.61287785E-44
  119.8  3.62670041E-44
  119.9  3.64056261E-44
  120.  3.6544645E-44
  120.1  3.66840617E-44
  120.2  3.68238769E-44
  120.3  3.69640915E-44
  120.4  3.7104706E-44
  120.5  3.72457214E-44
  120.6  3.73871383E-44
  120.7  3.75289575E-44
  120.8  3.76711798E-44
  120.9  3.7813806E-44
  121.  3.79568368E-44
  121.1  3.81002729E-44
  121.2  3.82441153E-44
  121.3  3.83883645E-44
  121.4  3.85330214E-44
  121.5  3.86780867E-44
  121.6  3.88235612E-44
  121.7  3.89694458E-44
  121.8  3.9115741E-44
  121.9  3.92624478E-44
  122.  3.94095669E-44
  122.1  3.9557099E-44
  122.2  3.9705045E-44
  122.3  3.98534056E-44
  122.4  4.00021816E-44
  122.5  4.01513737E-44
  122.6  4.03009827E-44
  122.7  4.04510095E-44
  122.8  4.06014548E-44
  122.9  4.07523193E-44
  123.  4.09036038E-44
  123.1  4.10553092E-44
  123.2  4.12074362E-44
  123.3  4.13599855E-44
  123.4  4.1512958E-44
  123.5  4.16663545E-44
  123.6  4.18201756E-44
  123.7  4.19744223E-44
  123.8  4.21290953E-44
  123.9  4.22841953E-44
  124.  4.24397232E-44
  124.1  4.25956798E-44
  124.2  4.27520658E-44
  124.3  4.2908882E-44
  124.4  4.30661292E-44
  124.5  4.32238083E-44
  124.6  4.33819199E-44
  124.7  4.35404649E-44
  124.8  4.3699444E-44
  124.9  4.38588582E-44
  125.  4.40187081E-44
  125.1  4.41789945E-44
  125.2  4.43397183E-44
  125.3  4.45008802E-44
  125.4  4.4662481E-44
  125.5  4.48245216E-44
  125.6  4.49870027E-44
  125.7  4.51499252E-44
  125.8  4.53132897E-44
  125.9  4.54770972E-44
  126.  4.56413484E-44
  126.1  4.58060441E-44
  126.2  4.59711852E-44
  126.3  4.61367723E-44
  126.4  4.63028064E-44
  126.5  4.64692883E-44
  126.6  4.66362186E-44
  126.7  4.68035984E-44
  126.8  4.69714282E-44
  126.9  4.7139709E-44
  127.  4.73084416E-44
  127.1  4.74776267E-44
  127.2  4.76472652E-44
  127.3  4.78173579E-44
  127.4  4.79879056E-44
  127.5  4.81589091E-44
  127.6  4.83303693E-44
  127.7  4.85022868E-44
  127.8  4.86746626E-44
  127.9  4.88474975E-44
  128.  4.90207922E-44
  128.1  4.91945476E-44
  128.2  4.93687645E-44
  128.3  4.95434437E-44
  128.4  4.97185861E-44
  128.5  4.98941924E-44
  128.6  5.00702635E-44
  128.7  5.02468002E-44
  128.8  5.04238033E-44
  128.9  5.06012736E-44
  129.  5.07792119E-44
  129.1  5.09576192E-44
  129.2  5.11364961E-44
  129.3  5.13158436E-44
  129.4  5.14956624E-44
  129.5  5.16759534E-44
  129.6  5.18567174E-44
  129.7  5.20379552E-44
  129.8  5.22196677E-44
  129.9  5.24018556E-44
  130.  5.25845199E-44
  130.1  5.27676612E-44
  130.2  5.29512806E-44
  130.3  5.31353787E-44
  130.4  5.33199565E-44
  130.5  5.35050148E-44
  130.6  5.36905543E-44
  130.7  5.3876576E-44
  130.8  5.40630806E-44
  130.9  5.4250069E-44
  131.  5.44375421E-44
  131.1  5.46255006E-44
  131.2  5.48139455E-44
  131.3  5.50028775E-44
  131.4  5.51922975E-44
  131.5  5.53822063E-44
  131.6  5.55726047E-44
  131.7  5.57634937E-44
  131.8  5.5954874E-44
  131.9  5.61467466E-44
  132.  5.63391121E-44
  132.1  5.65319715E-44
  132.2  5.67253257E-44
  132.3  5.69191754E-44
  132.4  5.71135215E-44
  132.5  5.73083649E-44
  132.6  5.75037064E-44
  132.7  5.76995469E-44
  132.8  5.78958872E-44
  132.9  5.80927281E-44
  133.  5.82900705E-44
  133.1  5.84879153E-44
  133.2  5.86862633E-44
  133.3  5.88851153E-44
  133.4  5.90844723E-44
  133.5  5.9284335E-44
  133.6  5.94847044E-44
  133.7  5.96855812E-44
  133.8  5.98869663E-44
  133.9  6.00888607E-44
  134.  6.02912651E-44
  134.1  6.04941804E-44
  134.2  6.06976075E-44
  134.3  6.09015472E-44
  134.4  6.11060004E-44
  134.5  6.13109679E-44
  134.6  6.15164507E-44
  134.7  6.17224495E-44
  134.8  6.19289652E-44
  134.9  6.21359988E-44
  135.  6.2343551E-44
  135.1  6.25516228E-44
  135.2  6.27602149E-44
  135.3  6.29693283E-44
  135.4  6.31789638E-44
  135.5  6.33891224E-44
  135.6  6.35998048E-44
  135.7  6.38110119E-44
  135.8  6.40227447E-44
  135.9  6.42350039E-44
  136.  6.44477905E-44
  136.1  6.46611053E-44
  136.2  6.48749492E-44
  136.3  6.50893231E-44
  136.4  6.53042278E-44
  136.5  6.55196642E-44
  136.6  6.57356333E-44
  136.7  6.59521358E-44
  136.8  6.61691727E-44
  136.9  6.63867448E-44
  137.  6.6604853E-44
  137.1  6.68234982E-44
  137.2  6.70426813E-44
  137.3  6.72624031E-44
  137.4  6.74826646E-44
  137.5  6.77034666E-44
  137.6  6.792481E-44
  137.7  6.81466956E-44
  137.8  6.83691245E-44
  137.9  6.85920974E-44
  138.  6.88156153E-44
  138.1  6.90396789E-44
  138.2  6.92642893E-44
  138.3  6.94894473E-44
  138.4  6.97151538E-44
  138.5  6.99414097E-44
  138.6  7.01682159E-44
  138.7  7.03955732E-44
  138.8  7.06234826E-44
  138.9  7.0851945E-44
  139.  7.10809612E-44
  139.1  7.13105321E-44
  139.2  7.15406587E-44
  139.3  7.17713418E-44
  139.4  7.20025824E-44
  139.5  7.22343813E-44
  139.6  7.24667393E-44
  139.7  7.26996576E-44
  139.8  7.29331368E-44
  139.9  7.3167178E-44
  140.  7.3401782E-44
  140.1  7.36369497E-44
  140.2  7.3872682E-44
  140.3  7.41089799E-44
  140.4  7.43458442E-44
  140.5  7.45832759E-44
  140.6  7.48212758E-44
  140.7  7.50598448E-44
  140.8  7.52989839E-44
  140.9  7.5538694E-44
  141.  7.57789759E-44
  141.1  7.60198306E-44
  141.2  7.6261259E-44
  141.3  7.6503262E-44
  141.4  7.67458406E-44
  141.5  7.69889955E-44
  141.6  7.72327278E-44
  141.7  7.74770383E-44
  141.8  7.7721928E-44
  141.9  7.79673978E-44
  142.  7.82134486E-44
  142.1  7.84600813E-44
  142.2  7.87072968E-44
  142.3  7.8955096E-44
  142.4  7.92034799E-44
  142.5  7.94524494E-44
  142.6  7.97020054E-44
  142.7  7.99521488E-44
  142.8  8.02028806E-44
  142.9  8.04542016E-44
  143.  8.07061128E-44
  143.1  8.09586151E-44
  143.2  8.12117094E-44
  143.3  8.14653967E-44
  143.4  8.17196779E-44
  143.5  8.19745539E-44
  143.6  8.22300256E-44
  143.7  8.2486094E-44
  143.8  8.274276E-44
  143.9  8.30000245E-44
  144.  8.32578885E-44
  144.1  8.35163528E-44
  144.2  8.37754185E-44
  144.3  8.40350864E-44
  144.4  8.42953575E-44
  144.5  8.45562326E-44
  144.6  8.48177129E-44
  144.7  8.50797991E-44
  144.8  8.53424922E-44
  144.9  8.56057932E-44
  145.  8.5869703E-44
  145.1  8.61342224E-44
  145.2  8.63993526E-44
  145.3  8.66650944E-44
  145.4  8.69314487E-44
  145.5  8.71984164E-44
  145.6  8.74659986E-44
  145.7  8.77341962E-44
  145.8  8.80030101E-44
  145.9  8.82724412E-44
  146.  8.85424906E-44
  146.1  8.88131591E-44
  146.2  8.90844476E-44
  146.3  8.93563572E-44
  146.4  8.96288888E-44
  146.5  8.99020433E-44
  146.6  9.01758217E-44
  146.7  9.04502249E-44
  146.8  9.07252539E-44
  146.9  9.10009096E-44
  147.  9.1277193E-44
  147.1  9.15541051E-44
  147.2  9.18316467E-44
  147.3  9.21098188E-44
  147.4  9.23886225E-44
  147.5  9.26680586E-44
  147.6  9.2948128E-44
  147.7  9.32288319E-44
  147.8  9.35101711E-44
  147.9  9.37921465E-44
  148.  9.40747592E-44
  148.1  9.435801E-44
  148.2  9.46419E-44
  148.3  9.49264302E-44
  148.4  9.52116014E-44
  148.5  9.54974146E-44
  148.6  9.57838708E-44
  148.7  9.6070971E-44
  148.8  9.63587162E-44
  148.9  9.66471072E-44
  149.  9.69361451E-44
  149.1  9.72258308E-44
  149.2  9.75161653E-44
  149.3  9.78071495E-44
  149.4  9.80987845E-44
  149.5  9.83910712E-44
  149.6  9.86840105E-44
  149.7  9.89776035E-44
  149.8  9.92718511E-44
  149.9  9.95667543E-44
  150.  9.9862314E-44
  150.1  1.00158531E-43
  150.2  1.00455407E-43
  150.3  1.00752942E-43
  150.4  1.01051138E-43
  150.5  1.01349995E-43
  150.6  1.01649515E-43
  150.7  1.01949698E-43
  150.8  1.02250545E-43
  150.9  1.02552058E-43
  151.  1.02854237E-43
  151.1  1.03157083E-43
  151.2  1.03460597E-43
  151.3  1.03764781E-43
  151.4  1.04069635E-43
  151.5  1.04375161E-43
  151.6  1.04681358E-43
  151.7  1.04988229E-43
  151.8  1.05295774E-43
  151.9  1.05603994E-43
  152.  1.0591289E-43
  152.1  1.06222464E-43
  152.2  1.06532715E-43
  152.3  1.06843646E-43
  152.4  1.07155257E-43
  152.5  1.07467549E-43
  152.6  1.07780523E-43
  152.7  1.0809418E-43
  152.8  1.08408522E-43
  152.9  1.08723548E-43
  153.  1.0903926E-43
  153.1  1.0935566E-43
  153.2  1.09672748E-43
  153.3  1.09990524E-43
  153.4  1.10308991E-43
  153.5  1.10628149E-43
  153.6  1.10947999E-43
  153.7  1.11268542E-43
  153.8  1.11589779E-43
  153.9  1.11911711E-43
  154.  1.12234339E-43
  154.1  1.12557664E-43
  154.2  1.12881687E-43
  154.3  1.1320641E-43
  154.4  1.13531832E-43
  154.5  1.13857956E-43
  154.6  1.14184781E-43
  154.7  1.1451231E-43
  154.8  1.14840543E-43
  154.9  1.15169481E-43
  155.  1.15499125E-43
  155.1  1.15829476E-43
  155.2  1.16160536E-43
  155.3  1.16492304E-43
  155.4  1.16824783E-43
  155.5  1.17157973E-43
  155.6  1.17491875E-43
  155.7  1.1782649E-43
  155.8  1.1816182E-43
  155.9  1.18497864E-43
  156.  1.18834626E-43
  156.1  1.19172104E-43
  156.2  1.195103E-43
  156.3  1.19849216E-43
  156.4  1.20188853E-43
  156.5  1.2052921E-43
  156.6  1.2087029E-43
  156.7  1.21212094E-43
  156.8  1.21554621E-43
  156.9  1.21897875E-43
  157.  1.22241854E-43
  157.1  1.22586561E-43
  157.2  1.22931997E-43
  157.3  1.23278162E-43
  157.4  1.23625058E-43
  157.5  1.23972685E-43
  157.6  1.24321045E-43
  157.7  1.24670139E-43
  157.8  1.25019967E-43
  157.9  1.25370531E-43
  158.  1.25721832E-43
  158.1  1.26073871E-43
  158.2  1.26426648E-43
  158.3  1.26780165E-43
  158.4  1.27134423E-43
  158.5  1.27489423E-43
  158.6  1.27845166E-43
  158.7  1.28201653E-43
  158.8  1.28558885E-43
  158.9  1.28916862E-43
  159.  1.29275587E-43
  159.1  1.2963506E-43
  159.2  1.29995283E-43
  159.3  1.30356255E-43
  159.4  1.30717979E-43
  159.5  1.31080455E-43
  159.6  1.31443684E-43
  159.7  1.31807668E-43
  159.8  1.32172407E-43
  159.9  1.32537902E-43
  160.  1.32904156E-43
  160.1  1.33271167E-43
  160.2  1.33638938E-43
  160.3  1.3400747E-43
  160.4  1.34376764E-43
  160.5  1.3474682E-43
  160.6  1.3511764E-43
  160.7  1.35489225E-43
  160.8  1.35861576E-43
  160.9  1.36234693E-43
  161.  1.36608579E-43
  161.1  1.36983234E-43
  161.2  1.37358659E-43
  161.3  1.37734855E-43
  161.4  1.38111823E-43
  161.5  1.38489565E-43
  161.6  1.38868081E-43
  161.7  1.39247372E-43
  161.8  1.39627439E-43
  161.9  1.40008285E-43
  162.  1.40389908E-43
  162.1  1.40772312E-43
  162.2  1.41155496E-43
  162.3  1.41539461E-43
  162.4  1.4192421E-43
  162.5  1.42309742E-43
  162.6  1.4269606E-43
  162.7  1.43083163E-43
  162.8  1.43471054E-43
  162.9  1.43859732E-43
  163.  1.442492E-43
  163.1  1.44639458E-43
  163.2  1.45030507E-43
  163.3  1.45422349E-43
  163.4  1.45814984E-43
  163.5  1.46208414E-43
  163.6  1.46602639E-43
  163.7  1.46997661E-43
  163.8  1.47393481E-43
  163.9  1.477901E-43
  164.  1.48187518E-43
  164.1  1.48585738E-43
  164.2  1.48984759E-43
  164.3  1.49384584E-43
  164.4  1.49785213E-43
  164.5  1.50186647E-43
  164.6  1.50588888E-43
  164.7  1.50991936E-43
  164.8  1.51395792E-43
  164.9  1.51800458E-43
  165.  1.52205935E-43
  165.1  1.52612224E-43
  165.2  1.53019325E-43
  165.3  1.5342724E-43
  165.4  1.53835971E-43
  165.5  1.54245517E-43
  165.6  1.54655881E-43
  165.7  1.55067063E-43
  165.8  1.55479064E-43
  165.9  1.55891886E-43
  166.  1.56305529E-43
  166.1  1.56719995E-43
  166.2  1.57135284E-43
  166.3  1.57551399E-43
  166.4  1.57968339E-43
  166.5  1.58386106E-43
  166.6  1.58804702E-43
  166.7  1.59224126E-43
  166.8  1.59644381E-43
  166.9  1.60065467E-43
  167.  1.60487386E-43
  167.1  1.60910138E-43
  167.2  1.61333725E-43
  167.3  1.61758148E-43
  167.4  1.62183407E-43
  167.5  1.62609504E-43
  167.6  1.63036441E-43
  167.7  1.63464217E-43
  167.8  1.63892835E-43
  167.9  1.64322295E-43
  168.  1.64752599E-43
  168.1  1.65183747E-43
  168.2  1.65615741E-43
  168.3  1.66048582E-43
  168.4  1.6648227E-43
  168.5  1.66916808E-43
  168.6  1.67352195E-43
  168.7  1.67788434E-43
  168.8  1.68225525E-43
  168.9  1.6866347E-43
  169.  1.69102269E-43
  169.1  1.69541924E-43
  169.2  1.69982435E-43
  169.3  1.70423804E-43
  169.4  1.70866033E-43
  169.5  1.71309121E-43
  169.6  1.7175307E-43
  169.7  1.72197882E-43
  169.8  1.72643558E-43
  169.9  1.73090097E-43
  170.  1.73537503E-43
