  0.1  2.04168214E-50
  0.2  8.16390341E-50
  0.3  1.836243E-49
  0.4  3.26330332E-49
  0.5  5.09714896E-49
  0.6  7.33735811E-49
  0.7  9.98350945E-49
  0.8  1.30351822E-48
  0.9  1.64919561E-48
  1.  2.03534113E-48
  1.1  2.46191288E-48
  1.2  2.92886896E-48
  1.3  3.43616757E-48
  1.4  3.98376692E-48
  1.5  4.57162531E-48
  1.6  5.19970107E-48
  1.7  5.86795258E-48
  1.8  6.57633827E-48
  1.9  7.32481663E-48
  2.  8.11334621E-48
  2.1  8.94188557E-48
  2.2  9.81039338E-48
  2.3  1.07188283E-47
  2.4  1.16671491E-47
  2.5  1.26553145E-47
  2.6  1.36832835E-47
  2.7  1.47510148E-47
  2.8  1.58584674E-47
  2.9  1.70056004E-47
  3.  1.81923727E-47
  3.1  1.94187435E-47
  3.2  2.06846719E-47
  3.3  2.19901171E-47
  3.4  2.33350383E-47
  3.5  2.47193948E-47
  3.6  2.6143146E-47
  3.7  2.76062512E-47
  3.8  2.91086699E-47
  3.9  3.06503616E-47
  4.  3.22312858E-47
  4.1  3.38514022E-47
  4.2  3.55106703E-47
  4.3  3.72090498E-47
  4.4  3.89465005E-47
  4.5  4.07229822E-47
  4.6  4.25384547E-47
  4.7  4.43928778E-47
  4.8  4.62862116E-47
  4.9  4.82184159E-47
  5.  5.01894509E-47
  5.1  5.21992766E-47
  5.2  5.42478531E-47
  5.3  5.63351407E-47
  5.4  5.84610994E-47
  5.5  6.06256897E-47
  5.6  6.28288718E-47
  5.7  6.50706061E-47
  5.8  6.7350853E-47
  5.9  6.9669573E-47
  6.  7.20267266E-47
  6.1  7.44222744E-47
  6.2  7.68561769E-47
  6.3  7.93283948E-47
  6.4  8.18388889E-47
  6.5  8.43876199E-47
  6.6  8.69745486E-47
  6.7  8.95996358E-47
  6.8  9.22628424E-47
  6.9  9.49641294E-47
  7.  9.77034578E-47
  7.1  1.00480789E-46
  7.2  1.03296083E-46
  7.3  1.06149302E-46
  7.4  1.09040407E-46
  7.5  1.11969358E-46
  7.6  1.14936118E-46
  7.7  1.17940648E-46
  7.8  1.20982909E-46
  7.9  1.24062862E-46
  8.  1.27180469E-46
  8.1  1.30335691E-46
  8.2  1.33528491E-46
  8.3  1.36758829E-46
  8.4  1.40026667E-46
  8.5  1.43331966E-46
  8.6  1.4667469E-46
  8.7  1.50054799E-46
  8.8  1.53472255E-46
  8.9  1.56927021E-46
  9.  1.60419057E-46
  9.1  1.63948326E-46
  9.2  1.67514791E-46
  9.3  1.71118412E-46
  9.4  1.74759153E-46
  9.5  1.78436975E-46
  9.6  1.82151841E-46
  9.7  1.85903712E-46
  9.8  1.89692552E-46
  9.9  1.93518322E-46
  10.  1.97380985E-46
  10.1  2.01280503E-46
  10.2  2.05216839E-46
  10.3  2.09189955E-46
  10.4  2.13199814E-46
  10.5  2.17246378E-46
  10.6  2.2132961E-46
  10.7  2.25449473E-46
  10.8  2.2960593E-46
  10.9  2.33798943E-46
  11.  2.38028475E-46
  11.1  2.42294489E-46
  11.2  2.46596948E-46
  11.3  2.50935815E-46
  11.4  2.55311053E-46
  11.5  2.59722624E-46
  11.6  2.64170493E-46
  11.7  2.68654622E-46
  11.8  2.73174975E-46
  11.9  2.77731514E-46
  12.  2.82324203E-46
  12.1  2.86953005E-46
  12.2  2.91617884E-46
  12.3  2.96318803E-46
  12.4  3.01055725E-46
  12.5  3.05828614E-46
  12.6  3.10637434E-46
  12.7  3.15482148E-46
  12.8  3.2036272E-46
  12.9  3.25279113E-46
  13.  3.30231291E-46
  13.1  3.35219218E-46
  13.2  3.40242857E-46
  13.3  3.45302173E-46
  13.4  3.5039713E-46
  13.5  3.55527691E-46
  13.6  3.6069382E-46
  13.7  3.65895482E-46
  13.8  3.7113264E-46
  13.9  3.76405258E-46
  14.  3.81713301E-46
  14.1  3.87056733E-46
  14.2  3.92435518E-46
  14.3  3.97849621E-46
  14.4  4.03299005E-46
  14.5  4.08783635E-46
  14.6  4.14303475E-46
  14.7  4.19858491E-46
  14.8  4.25448646E-46
  14.9  4.31073905E-46
  15.  4.36734232E-46
  15.1  4.42429592E-46
  15.2  4.4815995E-46
  15.3  4.53925271E-46
  15.4  4.59725518E-46
  15.5  4.65560658E-46
  15.6  4.71430655E-46
  15.7  4.77335473E-46
  15.8  4.83275078E-46
  15.9  4.89249434E-46
  16.  4.95258507E-46
  16.1  5.01302262E-46
  16.2  5.07380663E-46
  16.3  5.13493676E-46
  16.4  5.19641266E-46
  16.5  5.25823398E-46
  16.6  5.32040038E-46
  16.7  5.3829115E-46
  16.8  5.445767E-46
  16.9  5.50896654E-46
  17.  5.57250976E-46
  17.1  5.63639633E-46
  17.2  5.70062589E-46
  17.3  5.7651981E-46
  17.4  5.83011263E-46
  17.5  5.89536912E-46
  17.6  5.96096723E-46
  17.7  6.02690661E-46
  17.8  6.09318694E-46
  17.9  6.15980785E-46
  18.  6.22676902E-46
  18.1  6.2940701E-46
  18.2  6.36171074E-46
  18.3  6.42969062E-46
  18.4  6.49800938E-46
  18.5  6.56666669E-46
  18.6  6.63566221E-46
  18.7  6.7049956E-46
  18.8  6.77466652E-46
  18.9  6.84467463E-46
  19.  6.9150196E-46
  19.1  6.98570109E-46
  19.2  7.05671876E-46
  19.3  7.12807227E-46
  19.4  7.19976129E-46
  19.5  7.27178548E-46
  19.6  7.34414451E-46
  19.7  7.41683805E-46
  19.8  7.48986575E-46
  19.9  7.56322728E-46
  20.  7.63692231E-46
  20.1  7.71095051E-46
  20.2  7.78531154E-46
  20.3  7.86000507E-46
  20.4  7.93503077E-46
  20.5  8.01038831E-46
  20.6  8.08607735E-46
  20.7  8.16209757E-46
  20.8  8.23844863E-46
  20.9  8.3151302E-46
  21.  8.39214195E-46
  21.1  8.46948356E-46
  21.2  8.54715469E-46
  21.3  8.62515502E-46
  21.4  8.70348421E-46
  21.5  8.78214194E-46
  21.6  8.86112789E-46
  21.7  8.94044172E-46
  21.8  9.02008311E-46
  21.9  9.10005173E-46
  22.  9.18034725E-46
  22.1  9.26096936E-46
  22.2  9.34191772E-46
  22.3  9.42319201E-46
  22.4  9.5047919E-46
  22.5  9.58671707E-46
  22.6  9.66896721E-46
  22.7  9.75154197E-46
  22.8  9.83444105E-46
  22.9  9.91766412E-46
  23.  1.00012108E-45
  23.1  1.00850809E-45
  23.2  1.0169274E-45
  23.3  1.02537898E-45
  23.4  1.0338628E-45
  23.5  1.04237883E-45
  23.6  1.05092702E-45
  23.7  1.05950736E-45
  23.8  1.06811982E-45
  23.9  1.07676434E-45
  24.  1.08544092E-45
  24.1  1.09414951E-45
  24.2  1.10289008E-45
  24.3  1.11166261E-45
  24.4  1.12046705E-45
  24.5  1.12930338E-45
  24.6  1.13817157E-45
  24.7  1.14707158E-45
  24.8  1.15600339E-45
  24.9  1.16496696E-45
  25.  1.17396225E-45
  25.1  1.18298925E-45
  25.2  1.19204791E-45
  25.3  1.20113821E-45
  25.4  1.21026012E-45
  25.5  1.21941359E-45
  25.6  1.22859861E-45
  25.7  1.23781514E-45
  25.8  1.24706315E-45
  25.9  1.25634261E-45
  26.  1.26565349E-45
  26.1  1.27499575E-45
  26.2  1.28436936E-45
  26.3  1.29377431E-45
  26.4  1.30321054E-45
  26.5  1.31267804E-45
  26.6  1.32217677E-45
  26.7  1.3317067E-45
  26.8  1.34126779E-45
  26.9  1.35086003E-45
  27.  1.36048338E-45
  27.1  1.3701378E-45
  27.2  1.37982327E-45
  27.3  1.38953976E-45
  27.4  1.39928723E-45
  27.5  1.40906566E-45
  27.6  1.41887502E-45
  27.7  1.42871526E-45
  27.8  1.43858637E-45
  27.9  1.44848832E-45
  28.  1.45842106E-45
  28.1  1.46838458E-45
  28.2  1.47837884E-45
  28.3  1.48840382E-45
  28.4  1.49845947E-45
  28.5  1.50854578E-45
  28.6  1.5186627E-45
  28.7  1.52881022E-45
  28.8  1.5389883E-45
  28.9  1.54919691E-45
  29.  1.55943602E-45
  29.1  1.56970561E-45
  29.2  1.58000563E-45
  29.3  1.59033606E-45
  29.4  1.60069688E-45
  29.5  1.61108804E-45
  29.6  1.62150953E-45
  29.7  1.63196131E-45
  29.8  1.64244335E-45
  29.9  1.65295562E-45
  30.  1.6634981E-45
  30.1  1.67407075E-45
  30.2  1.68467354E-45
  30.3  1.69530644E-45
  30.4  1.70596943E-45
  30.5  1.71666248E-45
  30.6  1.72738555E-45
  30.7  1.73813861E-45
  30.8  1.74892164E-45
  30.9  1.75973461E-45
  31.  1.77057748E-45
  31.1  1.78145023E-45
  31.2  1.79235283E-45
  31.3  1.80328525E-45
  31.4  1.81424747E-45
  31.5  1.82523944E-45
  31.6  1.83626114E-45
  31.7  1.84731255E-45
  31.8  1.85839363E-45
  31.9  1.86950436E-45
  32.  1.8806447E-45
  32.1  1.89181463E-45
  32.2  1.90301411E-45
  32.3  1.91424313E-45
  32.4  1.92550164E-45
  32.5  1.93678963E-45
  32.6  1.94810706E-45
  32.7  1.9594539E-45
  32.8  1.97083013E-45
  32.9  1.98223571E-45
  33.  1.99367062E-45
  33.1  2.00513483E-45
  33.2  2.01662831E-45
  33.3  2.02815103E-45
  33.4  2.03970297E-45
  33.5  2.05128409E-45
  33.6  2.06289436E-45
  33.7  2.07453376E-45
  33.8  2.08620227E-45
  33.9  2.09789984E-45
  34.  2.10962646E-45
  34.1  2.12138209E-45
  34.2  2.1331667E-45
  34.3  2.14498027E-45
  34.4  2.15682278E-45
  34.5  2.16869418E-45
  34.6  2.18059446E-45
  34.7  2.19252358E-45
  34.8  2.20448152E-45
  34.9  2.21646825E-45
  35.  2.22848374E-45
  35.1  2.24052796E-45
  35.2  2.25260089E-45
  35.3  2.26470249E-45
  35.4  2.27683274E-45
  35.5  2.28899162E-45
  35.6  2.30117908E-45
  35.7  2.31339512E-45
  35.8  2.32563969E-45
  35.9  2.33791277E-45
  36.  2.35021433E-45
  36.1  2.36254435E-45
  36.2  2.37490279E-45
  36.3  2.38728964E-45
  36.4  2.39970485E-45
  36.5  2.41214841E-45
  36.6  2.42462029E-45
  36.7  2.43712046E-45
  36.8  2.44964888E-45
  36.9  2.46220555E-45
  37.  2.47479042E-45
  37.1  2.48740347E-45
  37.2  2.50004467E-45
  37.3  2.51271399E-45
  37.4  2.52541142E-45
  37.5  2.53813691E-45
  37.6  2.55089045E-45
  37.7  2.56367201E-45
  37.8  2.57648155E-45
  37.9  2.58931905E-45
  38.  2.60218449E-45
  38.1  2.61507784E-45
  38.2  2.62799907E-45
  38.3  2.64094815E-45
  38.4  2.65392506E-45
  38.5  2.66692977E-45
  38.6  2.67996225E-45
  38.7  2.69302248E-45
  38.8  2.70611043E-45
  38.9  2.71922607E-45
  39.  2.73236938E-45
  39.1  2.74554032E-45
  39.2  2.75873888E-45
  39.3  2.77196502E-45
  39.4  2.78521872E-45
  39.5  2.79849996E-45
  39.6  2.8118087E-45
  39.7  2.82514492E-45
  39.8  2.83850859E-45
  39.9  2.85189969E-45
  40.  2.86531819E-45
  40.1  2.87876406E-45
  40.2  2.89223728E-45
  40.3  2.90573781E-45
  40.4  2.91926565E-45
  40.5  2.93282075E-45
  40.6  2.94640309E-45
  40.7  2.96001265E-45
  40.8  2.97364939E-45
  40.9  2.9873133E-45
  41.  3.00100435E-45
  41.1  3.01472251E-45
  41.2  3.02846775E-45
  41.3  3.04224005E-45
  41.4  3.05603938E-45
  41.5  3.06986572E-45
  41.6  3.08371903E-45
  41.7  3.09759931E-45
  41.8  3.11150651E-45
  41.9  3.12544061E-45
  42.  3.13940159E-45
  42.1  3.15338942E-45
  42.2  3.16740408E-45
  42.3  3.18144554E-45
  42.4  3.19551376E-45
  42.5  3.20960874E-45
  42.6  3.22373044E-45
  42.7  3.23787883E-45
  42.8  3.2520539E-45
  42.9  3.26625561E-45
  43.  3.28048394E-45
  43.1  3.29473887E-45
  43.2  3.30902036E-45
  43.3  3.32332839E-45
  43.4  3.33766295E-45
  43.5  3.35202399E-45
  43.6  3.3664115E-45
  43.7  3.38082546E-45
  43.8  3.39526583E-45
  43.9  3.40973259E-45
  44.  3.42422571E-45
  44.1  3.43874518E-45
  44.2  3.45329096E-45
  44.3  3.46786303E-45
  44.4  3.48246136E-45
  44.5  3.49708593E-45
  44.6  3.51173672E-45
  44.7  3.5264137E-45
  44.8  3.54111684E-45
  44.9  3.55584612E-45
  45.  3.57060151E-45
  45.1  3.58538299E-45
  45.2  3.60019054E-45
  45.3  3.61502412E-45
  45.4  3.62988372E-45
  45.5  3.64476931E-45
  45.6  3.65968086E-45
  45.7  3.67461835E-45
  45.8  3.68958176E-45
  45.9  3.70457106E-45
  46.  3.71958622E-45
  46.1  3.73462723E-45
  46.2  3.74969405E-45
  46.3  3.76478666E-45
  46.4  3.77990504E-45
  46.5  3.79504916E-45
  46.6  3.81021899E-45
  46.7  3.82541452E-45
  46.8  3.84063572E-45
  46.9  3.85588257E-45
  47.  3.87115503E-45
  47.1  3.88645309E-45
  47.2  3.90177672E-45
  47.3  3.91712589E-45
  47.4  3.93250059E-45
  47.5  3.94790078E-45
  47.6  3.96332645E-45
  47.7  3.97877757E-45
  47.8  3.99425411E-45
  47.9  4.00975605E-45
  48.  4.02528337E-45
  48.1  4.04083605E-45
  48.2  4.05641405E-45
  48.3  4.07201735E-45
  48.4  4.08764594E-45
  48.5  4.10329978E-45
  48.6  4.11897885E-45
  48.7  4.13468313E-45
  48.8  4.1504126E-45
  48.9  4.16616722E-45
  49.  4.18194699E-45
  49.1  4.19775186E-45
  49.2  4.21358182E-45
  49.3  4.22943685E-45
  49.4  4.24531692E-45
  49.5  4.261222E-45
  49.6  4.27715208E-45
  49.7  4.29310713E-45
  49.8  4.30908713E-45
  49.9  4.32509204E-45
  50.  4.34112186E-45
  50.1  4.35717655E-45
  50.2  4.37325609E-45
  50.3  4.38936046E-45
  50.4  4.40548963E-45
  50.5  4.42164359E-45
  50.6  4.4378223E-45
  50.7  4.45402575E-45
  50.8  4.4702539E-45
  50.9  4.48650675E-45
  51.  4.50278425E-45
  51.1  4.5190864E-45
  51.2  4.53541316E-45
  51.3  4.55176452E-45
  51.4  4.56814045E-45
  51.5  4.58454093E-45
  51.6  4.60096593E-45
  51.7  4.61741543E-45
  51.8  4.6338894E-45
  51.9  4.65038783E-45
  52.  4.6669107E-45
  52.1  4.68345797E-45
  52.2  4.70002962E-45
  52.3  4.71662564E-45
  52.4  4.733246E-45
  52.5  4.74989067E-45
  52.6  4.76655964E-45
  52.7  4.78325288E-45
  52.8  4.79997036E-45
  52.9  4.81671207E-45
  53.  4.83347798E-45
  53.1  4.85026806E-45
  53.2  4.86708231E-45
  53.3  4.88392068E-45
  53.4  4.90078317E-45
  53.5  4.91766974E-45
  53.6  4.93458038E-45
  53.7  4.95151506E-45
  53.8  4.96847376E-45
  53.9  4.98545646E-45
  54.  5.00246313E-45
  54.1  5.01949376E-45
  54.2  5.03654831E-45
  54.3  5.05362677E-45
  54.4  5.07072911E-45
  54.5  5.08785531E-45
  54.6  5.10500535E-45
  54.7  5.12217921E-45
  54.8  5.13937687E-45
  54.9  5.15659829E-45
  55.  5.17384346E-45
  55.1  5.19111237E-45
  55.2  5.20840497E-45
  55.3  5.22572126E-45
  55.4  5.24306121E-45
  55.5  5.2604248E-45
  55.6  5.277812E-45
  55.7  5.29522279E-45
  55.8  5.31265716E-45
  55.9  5.33011508E-45
  56.  5.34759652E-45
  56.1  5.36510147E-45
  56.2  5.3826299E-45
  56.3  5.40018179E-45
  56.4  5.41775712E-45
  56.5  5.43535587E-45
  56.6  5.45297801E-45
  56.7  5.47062353E-45
  56.8  5.48829239E-45
  56.9  5.50598459E-45
  57.  5.52370009E-45
  57.1  5.54143888E-45
  57.2  5.55920093E-45
  57.3  5.57698622E-45
  57.4  5.59479473E-45
  57.5  5.61262645E-45
  57.6  5.63048133E-45
  57.7  5.64835938E-45
  57.8  5.66626055E-45
  57.9  5.68418484E-45
  58.  5.70213222E-45
  58.1  5.72010266E-45
  58.2  5.73809615E-45
  58.3  5.75611267E-45
  58.4  5.77415219E-45
  58.5  5.79221469E-45
  58.6  5.81030015E-45
  58.7  5.82840855E-45
  58.8  5.84653987E-45
  58.9  5.86469409E-45
  59.  5.88287117E-45
  59.1  5.90107112E-45
  59.2  5.91929389E-45
  59.3  5.93753948E-45
  59.4  5.95580785E-45
  59.5  5.97409899E-45
  59.6  5.99241288E-45
  59.7  6.0107495E-45
  59.8  6.02910882E-45
  59.9  6.04749082E-45
  60.  6.06589549E-45
  60.1  6.08432279E-45
  60.2  6.10277272E-45
  60.3  6.12124524E-45
  60.4  6.13974034E-45
  60.5  6.158258E-45
  60.6  6.17679819E-45
  60.7  6.1953609E-45
  60.8  6.2139461E-45
  60.9  6.23255377E-45
  61.  6.2511839E-45
  61.1  6.26983646E-45
  61.2  6.28851142E-45
  61.3  6.30720878E-45
  61.4  6.3259285E-45
  61.5  6.34467057E-45
  61.6  6.36343496E-45
  61.7  6.38222167E-45
  61.8  6.40103065E-45
  61.9  6.41986191E-45
  62.  6.4387154E-45
  62.1  6.45759112E-45
  62.2  6.47648904E-45
  62.3  6.49540914E-45
  62.4  6.5143514E-45
  62.5  6.5333158E-45
  62.6  6.55230232E-45
  62.7  6.57131095E-45
  62.8  6.59034165E-45
  62.9  6.6093944E-45
  63.  6.6284692E-45
  63.1  6.64756601E-45
  63.2  6.66668482E-45
  63.3  6.68582561E-45
  63.4  6.70498835E-45
  63.5  6.72417303E-45
  63.6  6.74337962E-45
  63.7  6.76260811E-45
  63.8  6.78185847E-45
  63.9  6.80113069E-45
  64.  6.82042474E-45
  64.1  6.8397406E-45
  64.2  6.85907826E-45
  64.3  6.87843769E-45
  64.4  6.89781887E-45
  64.5  6.91722179E-45
  64.6  6.93664642E-45
  64.7  6.95609275E-45
  64.8  6.97556074E-45
  64.9  6.99505039E-45
  65.  7.01456167E-45
  65.1  7.03409457E-45
  65.2  7.05364905E-45
  65.3  7.07322511E-45
  65.4  7.09282272E-45
  65.5  7.11244187E-45
  65.6  7.13208253E-45
  65.7  7.15174468E-45
  65.8  7.1714283E-45
  65.9  7.19113338E-45
  66.  7.21085989E-45
  66.1  7.23060781E-45
  66.2  7.25037713E-45
  66.3  7.27016782E-45
  66.4  7.28997987E-45
  66.5  7.30981325E-45
  66.6  7.32966795E-45
  66.7  7.34954394E-45
  66.8  7.3694412E-45
  66.9  7.38935973E-45
  67.  7.40929948E-45
  67.1  7.42926046E-45
  67.2  7.44924263E-45
  67.3  7.46924598E-45
  67.4  7.48927049E-45
  67.5  7.50931614E-45
  67.6  7.52938291E-45
  67.7  7.54947077E-45
  67.8  7.56957972E-45
  67.9  7.58970973E-45
  68.  7.60986078E-45
  68.1  7.63003285E-45
  68.2  7.65022592E-45
  68.3  7.67043998E-45
  68.4  7.690675E-45
  68.5  7.71093096E-45
  68.6  7.73120785E-45
  68.7  7.75150565E-45
  68.8  7.77182434E-45
  68.9  7.79216389E-45
  69.  7.81252429E-45
  69.1  7.83290552E-45
  69.2  7.85330756E-45
  69.3  7.87373039E-45
  69.4  7.89417399E-45
  69.5  7.91463835E-45
  69.6  7.93512344E-45
  69.7  7.95562924E-45
  69.8  7.97615574E-45
  69.9  7.99670292E-45
  70.  8.01727076E-45
  70.1  8.03785923E-45
  70.2  8.05846832E-45
  70.3  8.07909802E-45
  70.4  8.09974829E-45
  70.5  8.12041913E-45
  70.6  8.14111052E-45
  70.7  8.16182243E-45
  70.8  8.18255485E-45
  70.9  8.20330775E-45
  71.  8.22408112E-45
  71.1  8.24487495E-45
  71.2  8.2656892E-45
  71.3  8.28652387E-45
  71.4  8.30737893E-45
  71.5  8.32825437E-45
  71.6  8.34915016E-45
  71.7  8.3700663E-45
  71.8  8.39100275E-45
  71.9  8.4119595E-45
  72.  8.43293654E-45
  72.1  8.45393383E-45
  72.2  8.47495138E-45
  72.3  8.49598915E-45
  72.4  8.51704713E-45
  72.5  8.5381253E-45
  72.6  8.55922364E-45
  72.7  8.58034213E-45
  72.8  8.60148076E-45
  72.9  8.6226395E-45
  73.  8.64381834E-45
  73.1  8.66501726E-45
  73.2  8.68623624E-45
  73.3  8.70747527E-45
  73.4  8.72873432E-45
  73.5  8.75001337E-45
  73.6  8.77131241E-45
  73.7  8.79263142E-45
  73.8  8.81397039E-45
  73.9  8.83532928E-45
  74.  8.85670809E-45
  74.1  8.8781068E-45
  74.2  8.89952539E-45
  74.3  8.92096383E-45
  74.4  8.94242212E-45
  74.5  8.96390023E-45
  74.6  8.98539815E-45
  74.7  9.00691586E-45
  74.8  9.02845334E-45
  74.9  9.05001056E-45
  75.  9.07158753E-45
  75.1  9.09318421E-45
  75.2  9.11480058E-45
  75.3  9.13643664E-45
  75.4  9.15809236E-45
  75.5  9.17976773E-45
  75.6  9.20146272E-45
  75.7  9.22317732E-45
  75.8  9.24491151E-45
  75.9  9.26666527E-45
  76.  9.28843859E-45
  76.1  9.31023145E-45
  76.2  9.33204382E-45
  76.3  9.3538757E-45
  76.4  9.37572706E-45
  76.5  9.39759789E-45
  76.6  9.41948816E-45
  76.7  9.44139787E-45
  76.8  9.46332699E-45
  76.9  9.48527551E-45
  77.  9.50724341E-45
  77.1  9.52923066E-45
  77.2  9.55123726E-45
  77.3  9.57326319E-45
  77.4  9.59530842E-45
  77.5  9.61737294E-45
  77.6  9.63945674E-45
  77.7  9.66155979E-45
  77.8  9.68368208E-45
  77.9  9.70582359E-45
  78.  9.7279843E-45
  78.1  9.7501642E-45
  78.2  9.77236327E-45
  78.3  9.79458148E-45
  78.4  9.81681883E-45
  78.5  9.8390753E-45
  78.6  9.86135087E-45
  78.7  9.88364552E-45
  78.8  9.90595923E-45
  78.9  9.92829199E-45
  79.  9.95064378E-45
  79.1  9.97301458E-45
  79.2  9.99540438E-45
  79.3  1.00178132E-44
  79.4  1.00402409E-44
  79.5  1.00626876E-44
  79.6  1.00851532E-44
  79.7  1.01076377E-44
  79.8  1.01301411E-44
  79.9  1.01526634E-44
  80.  1.01752045E-44
  80.1  1.01977645E-44
  80.2  1.02203433E-44
  80.3  1.02429409E-44
  80.4  1.02655573E-44
  80.5  1.02881925E-44
  80.6  1.03108465E-44
  80.7  1.03335191E-44
  80.8  1.03562105E-44
  80.9  1.03789206E-44
  81.  1.04016494E-44
  81.1  1.04243969E-44
  81.2  1.0447163E-44
  81.3  1.04699478E-44
  81.4  1.04927512E-44
  81.5  1.05155731E-44
  81.6  1.05384137E-44
  81.7  1.05612729E-44
  81.8  1.05841506E-44
  81.9  1.06070468E-44
  82.  1.06299615E-44
  82.1  1.06528948E-44
  82.2  1.06758466E-44
  82.3  1.06988168E-44
  82.4  1.07218054E-44
  82.5  1.07448126E-44
  82.6  1.07678381E-44
  82.7  1.0790882E-44
  82.8  1.08139444E-44
  82.9  1.0837025E-44
  83.  1.08601241E-44
  83.1  1.08832415E-44
  83.2  1.09063772E-44
  83.3  1.09295312E-44
  83.4  1.09527035E-44
  83.5  1.09758941E-44
  83.6  1.09991029E-44
  83.7  1.102233E-44
  83.8  1.10455753E-44
  83.9  1.10688388E-44
  84.  1.10921205E-44
  84.1  1.11154204E-44
  84.2  1.11387384E-44
  84.3  1.11620746E-44
  84.4  1.11854289E-44
  84.5  1.12088013E-44
  84.6  1.12321917E-44
  84.7  1.12556003E-44
  84.8  1.1279027E-44
  84.9  1.13024716E-44
  85.  1.13259343E-44
  85.1  1.1349415E-44
  85.2  1.13729138E-44
  85.3  1.13964304E-44
  85.4  1.14199651E-44
  85.5  1.14435177E-44
  85.6  1.14670882E-44
  85.7  1.14906767E-44
  85.8  1.1514283E-44
  85.9  1.15379073E-44
  86.  1.15615494E-44
  86.1  1.15852093E-44
  86.2  1.16088871E-44
  86.3  1.16325827E-44
  86.4  1.16562961E-44
  86.5  1.16800273E-44
  86.6  1.17037762E-44
  86.7  1.1727543E-44
  86.8  1.17513274E-44
  86.9  1.17751296E-44
  87.  1.17989495E-44
  87.1  1.18227871E-44
  87.2  1.18466423E-44
  87.3  1.18705152E-44
  87.4  1.18944058E-44
  87.5  1.1918314E-44
  87.6  1.19422398E-44
  87.7  1.19661832E-44
  87.8  1.19901442E-44
  87.9  1.20141227E-44
  88.  1.20381188E-44
  88.1  1.20621325E-44
  88.2  1.20861636E-44
  88.3  1.21102123E-44
  88.4  1.21342784E-44
  88.5  1.2158362E-44
  88.6  1.21824631E-44
  88.7  1.22065816E-44
  88.8  1.22307175E-44
  88.9  1.22548709E-44
  89.  1.22790416E-44
  89.1  1.23032297E-44
  89.2  1.23274352E-44
  89.3  1.23516581E-44
  89.4  1.23758982E-44
  89.5  1.24001557E-44
  89.6  1.24244305E-44
  89.7  1.24487226E-44
  89.8  1.24730319E-44
  89.9  1.24973585E-44
  90.  1.25217023E-44
  90.1  1.25460634E-44
  90.2  1.25704416E-44
  90.3  1.25948371E-44
  90.4  1.26192497E-44
  90.5  1.26436795E-44
  90.6  1.26681265E-44
  90.7  1.26925906E-44
  90.8  1.27170718E-44
  90.9  1.27415701E-44
  91.  1.27660855E-44
  91.1  1.27906179E-44
  91.2  1.28151675E-44
  91.3  1.2839734E-44
  91.4  1.28643176E-44
  91.5  1.28889182E-44
  91.6  1.29135358E-44
  91.7  1.29381704E-44
  91.8  1.29628219E-44
  91.9  1.29874904E-44
  92.  1.30121758E-44
  92.1  1.30368782E-44
  92.2  1.30615975E-44
  92.3  1.30863336E-44
  92.4  1.31110866E-44
  92.5  1.31358565E-44
  92.6  1.31606432E-44
  92.7  1.31854468E-44
  92.8  1.32102672E-44
  92.9  1.32351044E-44
  93.  1.32599583E-44
  93.1  1.32848291E-44
  93.2  1.33097166E-44
  93.3  1.33346208E-44
  93.4  1.33595418E-44
  93.5  1.33844794E-44
  93.6  1.34094338E-44
  93.7  1.34344049E-44
  93.8  1.34593926E-44
  93.9  1.3484397E-44
  94.  1.3509418E-44
  94.1  1.35344556E-44
  94.2  1.35595099E-44
  94.3  1.35845807E-44
  94.4  1.36096681E-44
  94.5  1.36347721E-44
  94.6  1.36598926E-44
  94.7  1.36850297E-44
  94.8  1.37101833E-44
  94.9  1.37353534E-44
  95.  1.376054E-44
  95.1  1.37857431E-44
  95.2  1.38109626E-44
  95.3  1.38361986E-44
  95.4  1.3861451E-44
  95.5  1.38867198E-44
  95.6  1.39120051E-44
  95.7  1.39373067E-44
  95.8  1.39626247E-44
  95.9  1.39879591E-44
  96.  1.40133098E-44
  96.1  1.40386768E-44
  96.2  1.40640602E-44
  96.3  1.40894598E-44
  96.4  1.41148758E-44
  96.5  1.4140308E-44
  96.6  1.41657565E-44
  96.7  1.41912213E-44
  96.8  1.42167022E-44
  96.9  1.42421994E-44
  97.  1.42677128E-44
  97.1  1.42932424E-44
  97.2  1.43187881E-44
  97.3  1.434435E-44
  97.4  1.43699281E-44
  97.5  1.43955223E-44
  97.6  1.44211326E-44
  97.7  1.4446759E-44
  97.8  1.44724015E-44
  97.9  1.44980601E-44
  98.  1.45237347E-44
  98.1  1.45494254E-44
  98.2  1.45751321E-44
  98.3  1.46008549E-44
  98.4  1.46265936E-44
  98.5  1.46523484E-44
  98.6  1.46781191E-44
  98.7  1.47039057E-44
  98.8  1.47297084E-44
  98.9  1.47555269E-44
  99.  1.47813614E-44
  99.1  1.48072118E-44
  99.2  1.48330781E-44
  99.3  1.48589602E-44
  99.4  1.48848582E-44
  99.5  1.49107721E-44
  99.6  1.49367018E-44
  99.7  1.49626474E-44
  99.8  1.49886087E-44
  99.9  1.50145858E-44
  100.  1.50405788E-44
  100.1  1.50665874E-44
  100.2  1.50926119E-44
  100.3  1.51186521E-44
  100.4  1.5144708E-44
  100.5  1.51707796E-44
  100.6  1.51968669E-44
  100.7  1.52229699E-44
  100.8  1.52490886E-44
  100.9  1.52752229E-44
  101.  1.53013729E-44
  101.1  1.53275385E-44
  101.2  1.53537197E-44
  101.3  1.53799165E-44
  101.4  1.54061289E-44
  101.5  1.54323569E-44
  101.6  1.54586005E-44
  101.7  1.54848596E-44
  101.8  1.55111342E-44
  101.9  1.55374243E-44
  102.  1.556373E-44
  102.1  1.55900512E-44
  102.2  1.56163878E-44
  102.3  1.56427399E-44
  102.4  1.56691074E-44
  102.5  1.56954904E-44
  102.6  1.57218889E-44
  102.7  1.57483027E-44
  102.8  1.57747319E-44
  102.9  1.58011765E-44
  103.  1.58276365E-44
  103.1  1.58541119E-44
  103.2  1.58806026E-44
  103.3  1.59071086E-44
  103.4  1.593363E-44
  103.5  1.59601666E-44
  103.6  1.59867185E-44
  103.7  1.60132858E-44
  103.8  1.60398683E-44
  103.9  1.6066466E-44
  104.  1.6093079E-44
  104.1  1.61197072E-44
  104.2  1.61463506E-44
  104.3  1.61730092E-44
  104.4  1.6199683E-44
  104.5  1.6226372E-44
  104.6  1.62530761E-44
  104.7  1.62797954E-44
  104.8  1.63065298E-44
  104.9  1.63332793E-44
  105.  1.6360044E-44
  105.1  1.63868237E-44
  105.2  1.64136185E-44
  105.3  1.64404284E-44
  105.4  1.64672533E-44
  105.5  1.64940933E-44
  105.6  1.65209483E-44
  105.7  1.65478183E-44
  105.8  1.65747033E-44
  105.9  1.66016033E-44
  106.  1.66285183E-44
  106.1  1.66554483E-44
  106.2  1.66823932E-44
  106.3  1.6709353E-44
  106.4  1.67363277E-44
  106.5  1.67633174E-44
  106.6  1.6790322E-44
  106.7  1.68173414E-44
  106.8  1.68443757E-44
  106.9  1.68714249E-44
  107.  1.68984889E-44
  107.1  1.69255678E-44
  107.2  1.69526615E-44
  107.3  1.697977E-44
  107.4  1.70068932E-44
  107.5  1.70340313E-44
  107.6  1.70611841E-44
  107.7  1.70883517E-44
  107.8  1.7115534E-44
  107.9  1.71427311E-44
  108.  1.71699429E-44
  108.1  1.71971694E-44
  108.2  1.72244105E-44
  108.3  1.72516664E-44
  108.4  1.72789369E-44
  108.5  1.73062221E-44
  108.6  1.73335219E-44
  108.7  1.73608364E-44
  108.8  1.73881654E-44
  108.9  1.74155091E-44
  109.  1.74428673E-44
  109.1  1.74702402E-44
  109.2  1.74976276E-44
  109.3  1.75250295E-44
  109.4  1.7552446E-44
  109.5  1.7579877E-44
  109.6  1.76073226E-44
  109.7  1.76347826E-44
  109.8  1.76622571E-44
  109.9  1.76897461E-44
  110.  1.77172496E-44
  110.1  1.77447675E-44
  110.2  1.77722999E-44
  110.3  1.77998467E-44
  110.4  1.78274079E-44
  110.5  1.78549835E-44
  110.6  1.78825735E-44
  110.7  1.79101779E-44
  110.8  1.79377966E-44
  110.9  1.79654297E-44
  111.  1.79930772E-44
  111.1  1.80207389E-44
  111.2  1.8048415E-44
  111.3  1.80761054E-44
  111.4  1.81038101E-44
  111.5  1.8131529E-44
  111.6  1.81592622E-44
  111.7  1.81870097E-44
  111.8  1.82147714E-44
  111.9  1.82425474E-44
  112.  1.82703375E-44
  112.1  1.82981419E-44
  112.2  1.83259605E-44
  112.3  1.83537932E-44
  112.4  1.83816401E-44
  112.5  1.84095012E-44
  112.6  1.84373764E-44
  112.7  1.84652657E-44
  112.8  1.84931692E-44
  112.9  1.85210868E-44
  113.  1.85490184E-44
  113.1  1.85769642E-44
  113.2  1.8604924E-44
  113.3  1.86328979E-44
  113.4  1.86608858E-44
  113.5  1.86888878E-44
  113.6  1.87169037E-44
  113.7  1.87449337E-44
  113.8  1.87729777E-44
  113.9  1.88010357E-44
  114.  1.88291077E-44
  114.1  1.88571936E-44
  114.2  1.88852934E-44
  114.3  1.89134072E-44
  114.4  1.8941535E-44
  114.5  1.89696766E-44
  114.6  1.89978322E-44
  114.7  1.90260016E-44
  114.8  1.90541849E-44
  114.9  1.90823821E-44
  115.  1.91105931E-44
  115.1  1.9138818E-44
  115.2  1.91670567E-44
  115.3  1.91953093E-44
  115.4  1.92235756E-44
  115.5  1.92518558E-44
  115.6  1.92801497E-44
  115.7  1.93084574E-44
  115.8  1.93367788E-44
  115.9  1.9365114E-44
  116.  1.9393463E-44
  116.1  1.94218256E-44
  116.2  1.9450202E-44
  116.3  1.94785921E-44
  116.4  1.95069959E-44
  116.5  1.95354133E-44
  116.6  1.95638444E-44
  116.7  1.95922892E-44
  116.8  1.96207476E-44
  116.9  1.96492196E-44
  117.  1.96777053E-44
  117.1  1.97062046E-44
  117.2  1.97347174E-44
  117.3  1.97632439E-44
  117.4  1.97917839E-44
  117.5  1.98203375E-44
  117.6  1.98489046E-44
  117.7  1.98774853E-44
  117.8  1.99060795E-44
  117.9  1.99346872E-44
  118.  1.99633084E-44
  118.1  1.99919431E-44
  118.2  2.00205913E-44
  118.3  2.0049253E-44
  118.4  2.00779281E-44
  118.5  2.01066166E-44
  118.6  2.01353186E-44
  118.7  2.0164034E-44
  118.8  2.01927629E-44
  118.9  2.02215051E-44
  119.  2.02502607E-44
  119.1  2.02790297E-44
  119.2  2.03078121E-44
  119.3  2.03366078E-44
  119.4  2.03654168E-44
  119.5  2.03942392E-44
  119.6  2.04230749E-44
  119.7  2.0451924E-44
  119.8  2.04807863E-44
  119.9  2.05096619E-44
  120.  2.05385508E-44
  120.1  2.05674529E-44
  120.2  2.05963683E-44
  120.3  2.06252969E-44
  120.4  2.06542388E-44
  120.5  2.06831939E-44
  120.6  2.07121621E-44
  120.7  2.07411436E-44
  120.8  2.07701383E-44
  120.9  2.07991461E-44
  121.  2.08281671E-44
  121.1  2.08572013E-44
  121.2  2.08862486E-44
  121.3  2.0915309E-44
  121.4  2.09443826E-44
  121.5  2.09734692E-44
  121.6  2.10025689E-44
  121.7  2.10316818E-44
  121.8  2.10608077E-44
  121.9  2.10899466E-44
  122.  2.11190986E-44
  122.1  2.11482637E-44
  122.2  2.11774418E-44
  122.3  2.12066329E-44
  122.4  2.1235837E-44
  122.5  2.12650541E-44
  122.6  2.12942841E-44
  122.7  2.13235272E-44
  122.8  2.13527832E-44
  122.9  2.13820522E-44
  123.  2.14113341E-44
  123.1  2.14406289E-44
  123.2  2.14699367E-44
  123.3  2.14992573E-44
  123.4  2.15285909E-44
  123.5  2.15579374E-44
  123.6  2.15872967E-44
  123.7  2.16166689E-44
  123.8  2.16460539E-44
  123.9  2.16754518E-44
  124.  2.17048625E-44
  124.1  2.1734286E-44
  124.2  2.17637223E-44
  124.3  2.17931715E-44
  124.4  2.18226334E-44
  124.5  2.18521081E-44
  124.6  2.18815956E-44
  124.7  2.19110958E-44
  124.8  2.19406088E-44
  124.9  2.19701345E-44
  125.  2.19996729E-44
  125.1  2.2029224E-44
  125.2  2.20587878E-44
  125.3  2.20883644E-44
  125.4  2.21179536E-44
  125.5  2.21475554E-44
  125.6  2.217717E-44
  125.7  2.22067971E-44
  125.8  2.2236437E-44
  125.9  2.22660894E-44
  126.  2.22957545E-44
  126.1  2.23254321E-44
  126.2  2.23551224E-44
  126.3  2.23848252E-44
  126.4  2.24145406E-44
  126.5  2.24442686E-44
  126.6  2.24740091E-44
  126.7  2.25037622E-44
  126.8  2.25335278E-44
  126.9  2.25633059E-44
  127.  2.25930965E-44
  127.1  2.26228996E-44
  127.2  2.26527153E-44
  127.3  2.26825434E-44
  127.4  2.27123839E-44
  127.5  2.27422369E-44
  127.6  2.27721024E-44
  127.7  2.28019803E-44
  127.8  2.28318706E-44
  127.9  2.28617733E-44
  128.  2.28916885E-44
  128.1  2.2921616E-44
  128.2  2.29515559E-44
  128.3  2.29815082E-44
  128.4  2.30114729E-44
  128.5  2.30414499E-44
  128.6  2.30714392E-44
  128.7  2.31014409E-44
  128.8  2.31314549E-44
  128.9  2.31614812E-44
  129.  2.31915198E-44
  129.1  2.32215707E-44
  129.2  2.32516339E-44
  129.3  2.32817093E-44
  129.4  2.3311797E-44
  129.5  2.3341897E-44
  129.6  2.33720091E-44
  129.7  2.34021336E-44
  129.8  2.34322702E-44
  129.9  2.3462419E-44
  130.  2.34925801E-44
  130.1  2.35227533E-44
  130.2  2.35529387E-44
  130.3  2.35831363E-44
  130.4  2.3613346E-44
  130.5  2.36435679E-44
  130.6  2.36738019E-44
  130.7  2.3704048E-44
  130.8  2.37343062E-44
  130.9  2.37645766E-44
  131.  2.3794859E-44
  131.1  2.38251536E-44
  131.2  2.38554602E-44
  131.3  2.38857788E-44
  131.4  2.39161096E-44
  131.5  2.39464523E-44
  131.6  2.39768071E-44
  131.7  2.40071739E-44
  131.8  2.40375528E-44
  131.9  2.40679436E-44
  132.  2.40983465E-44
  132.1  2.41287613E-44
  132.2  2.41591881E-44
  132.3  2.41896268E-44
  132.4  2.42200775E-44
  132.5  2.42505402E-44
  132.6  2.42810148E-44
  132.7  2.43115013E-44
  132.8  2.43419997E-44
  132.9  2.43725101E-44
  133.  2.44030323E-44
  133.1  2.44335664E-44
  133.2  2.44641124E-44
  133.3  2.44946702E-44
  133.4  2.45252399E-44
  133.5  2.45558214E-44
  133.6  2.45864148E-44
  133.7  2.461702E-44
  133.8  2.4647637E-44
  133.9  2.46782658E-44
  134.  2.47089065E-44
  134.1  2.47395589E-44
  134.2  2.4770223E-44
  134.3  2.4800899E-44
  134.4  2.48315867E-44
  134.5  2.48622861E-44
  134.6  2.48929973E-44
  134.7  2.49237202E-44
  134.8  2.49544548E-44
  134.9  2.49852011E-44
  135.  2.50159591E-44
  135.1  2.50467288E-44
  135.2  2.50775102E-44
  135.3  2.51083032E-44
  135.4  2.51391079E-44
  135.5  2.51699243E-44
  135.6  2.52007523E-44
  135.7  2.52315919E-44
  135.8  2.52624431E-44
  135.9  2.5293306E-44
  136.  2.53241804E-44
  136.1  2.53550665E-44
  136.2  2.53859641E-44
  136.3  2.54168732E-44
  136.4  2.5447794E-44
  136.5  2.54787263E-44
  136.6  2.55096701E-44
  136.7  2.55406255E-44
  136.8  2.55715924E-44
  136.9  2.56025708E-44
  137.  2.56335607E-44
  137.1  2.56645621E-44
  137.2  2.56955749E-44
  137.3  2.57265993E-44
  137.4  2.57576351E-44
  137.5  2.57886824E-44
  137.6  2.58197411E-44
  137.7  2.58508113E-44
  137.8  2.58818928E-44
  137.9  2.59129858E-44
  138.  2.59440902E-44
  138.1  2.5975206E-44
  138.2  2.60063332E-44
  138.3  2.60374718E-44
  138.4  2.60686217E-44
  138.5  2.6099783E-44
  138.6  2.61309557E-44
  138.7  2.61621397E-44
  138.8  2.6193335E-44
  138.9  2.62245416E-44
  139.  2.62557596E-44
  139.1  2.62869889E-44
  139.2  2.63182294E-44
  139.3  2.63494813E-44
  139.4  2.63807444E-44
  139.5  2.64120187E-44
  139.6  2.64433044E-44
  139.7  2.64746013E-44
  139.8  2.65059094E-44
  139.9  2.65372287E-44
  140.  2.65685593E-44
  140.1  2.65999011E-44
  140.2  2.66312541E-44
  140.3  2.66626182E-44
  140.4  2.66939936E-44
  140.5  2.67253801E-44
  140.6  2.67567778E-44
  140.7  2.67881867E-44
  140.8  2.68196067E-44
  140.9  2.68510378E-44
  141.  2.688248E-44
  141.1  2.69139334E-44
  141.2  2.69453979E-44
  141.3  2.69768735E-44
  141.4  2.70083601E-44
  141.5  2.70398579E-44
  141.6  2.70713667E-44
  141.7  2.71028866E-44
  141.8  2.71344175E-44
  141.9  2.71659595E-44
  142.  2.71975125E-44
  142.1  2.72290765E-44
  142.2  2.72606516E-44
  142.3  2.72922377E-44
  142.4  2.73238347E-44
  142.5  2.73554428E-44
  142.6  2.73870618E-44
  142.7  2.74186918E-44
  142.8  2.74503328E-44
  142.9  2.74819847E-44
  143.  2.75136475E-44
  143.1  2.75453213E-44
  143.2  2.75770061E-44
  143.3  2.76087017E-44
  143.4  2.76404082E-44
  143.5  2.76721257E-44
  143.6  2.7703854E-44
  143.7  2.77355932E-44
  143.8  2.77673433E-44
  143.9  2.77991043E-44
  144.  2.78308761E-44
  144.1  2.78626587E-44
  144.2  2.78944522E-44
  144.3  2.79262565E-44
  144.4  2.79580717E-44
  144.5  2.79898976E-44
  144.6  2.80217343E-44
  144.7  2.80535819E-44
  144.8  2.80854402E-44
  144.9  2.81173093E-44
  145.  2.81491891E-44
  145.1  2.81810797E-44
  145.2  2.82129811E-44
  145.3  2.82448932E-44
  145.4  2.8276816E-44
  145.5  2.83087495E-44
  145.6  2.83406938E-44
  145.7  2.83726487E-44
  145.8  2.84046144E-44
  145.9  2.84365907E-44
  146.  2.84685777E-44
  146.1  2.85005754E-44
  146.2  2.85325838E-44
  146.3  2.85646028E-44
  146.4  2.85966324E-44
  146.5  2.86286726E-44
  146.6  2.86607235E-44
  146.7  2.8692785E-44
  146.8  2.87248571E-44
  146.9  2.87569398E-44
  147.  2.87890331E-44
  147.1  2.8821137E-44
  147.2  2.88532515E-44
  147.3  2.88853765E-44
  147.4  2.8917512E-44
  147.5  2.89496581E-44
  147.6  2.89818148E-44
  147.7  2.9013982E-44
  147.8  2.90461596E-44
  147.9  2.90783478E-44
  148.  2.91105465E-44
  148.1  2.91427557E-44
  148.2  2.91749754E-44
  148.3  2.92072056E-44
  148.4  2.92394462E-44
  148.5  2.92716973E-44
  148.6  2.93039588E-44
  148.7  2.93362308E-44
  148.8  2.93685132E-44
  148.9  2.94008061E-44
  149.  2.94331093E-44
  149.1  2.9465423E-44
  149.2  2.9497747E-44
  149.3  2.95300815E-44
  149.4  2.95624263E-44
  149.5  2.95947815E-44
  149.6  2.96271471E-44
  149.7  2.9659523E-44
  149.8  2.96919093E-44
  149.9  2.97243059E-44
  150.  2.97567129E-44
  150.1  2.97891302E-44
  150.2  2.98215577E-44
  150.3  2.98539956E-44
  150.4  2.98864438E-44
  150.5  2.99189023E-44
  150.6  2.99513711E-44
  150.7  2.99838501E-44
  150.8  3.00163394E-44
  150.9  3.00488389E-44
  151.  3.00813487E-44
  151.1  3.01138688E-44
  151.2  3.0146399E-44
  151.3  3.01789395E-44
  151.4  3.02114902E-44
  151.5  3.02440511E-44
  151.6  3.02766222E-44
  151.7  3.03092035E-44
  151.8  3.0341795E-44
  151.9  3.03743966E-44
  152.  3.04070084E-44
  152.1  3.04396304E-44
  152.2  3.04722625E-44
  152.3  3.05049048E-44
  152.4  3.05375572E-44
  152.5  3.05702197E-44
  152.6  3.06028923E-44
  152.7  3.0635575E-44
  152.8  3.06682678E-44
  152.9  3.07009707E-44
  153.  3.07336837E-44
  153.1  3.07664068E-44
  153.2  3.07991399E-44
  153.3  3.08318831E-44
  153.4  3.08646363E-44
  153.5  3.08973996E-44
  153.6  3.09301729E-44
  153.7  3.09629562E-44
  153.8  3.09957495E-44
  153.9  3.10285529E-44
  154.  3.10613662E-44
  154.1  3.10941896E-44
  154.2  3.11270229E-44
  154.3  3.11598662E-44
  154.4  3.11927194E-44
  154.5  3.12255827E-44
  154.6  3.12584558E-44
  154.7  3.12913389E-44
  154.8  3.1324232E-44
  154.9  3.1357135E-44
  155.  3.13900479E-44
  155.1  3.14229707E-44
  155.2  3.14559034E-44
  155.3  3.1488846E-44
  155.4  3.15217984E-44
  155.5  3.15547608E-44
  155.6  3.1587733E-44
  155.7  3.16207151E-44
  155.8  3.16537071E-44
  155.9  3.16867088E-44
  156.  3.17197205E-44
  156.1  3.17527419E-44
  156.2  3.17857732E-44
  156.3  3.18188143E-44
  156.4  3.18518652E-44
  156.5  3.18849259E-44
  156.6  3.19179964E-44
  156.7  3.19510766E-44
  156.8  3.19841667E-44
  156.9  3.20172665E-44
  157.  3.2050376E-44
  157.1  3.20834954E-44
  157.2  3.21166244E-44
  157.3  3.21497632E-44
  157.4  3.21829117E-44
  157.5  3.221607E-44
  157.6  3.22492379E-44
  157.7  3.22824155E-44
  157.8  3.23156029E-44
  157.9  3.23487999E-44
  158.  3.23820066E-44
  158.1  3.2415223E-44
  158.2  3.2448449E-44
  158.3  3.24816847E-44
  158.4  3.25149301E-44
  158.5  3.25481851E-44
  158.6  3.25814497E-44
  158.7  3.26147239E-44
  158.8  3.26480078E-44
  158.9  3.26813013E-44
  159.  3.27146043E-44
  159.1  3.2747917E-44
  159.2  3.27812392E-44
  159.3  3.28145711E-44
  159.4  3.28479125E-44
  159.5  3.28812634E-44
  159.6  3.29146239E-44
  159.7  3.2947994E-44
  159.8  3.29813736E-44
  159.9  3.30147627E-44
  160.  3.30481614E-44
  160.1  3.30815695E-44
  160.2  3.31149872E-44
  160.3  3.31484144E-44
  160.4  3.3181851E-44
  160.5  3.32152972E-44
  160.6  3.32487528E-44
  160.7  3.32822179E-44
  160.8  3.33156925E-44
  160.9  3.33491765E-44
  161.  3.338267E-44
  161.1  3.34161729E-44
  161.2  3.34496852E-44
  161.3  3.3483207E-44
  161.4  3.35167381E-44
  161.5  3.35502787E-44
  161.6  3.35838287E-44
  161.7  3.36173881E-44
  161.8  3.36509569E-44
  161.9  3.3684535E-44
  162.  3.37181225E-44
  162.1  3.37517194E-44
  162.2  3.37853256E-44
  162.3  3.38189412E-44
  162.4  3.38525661E-44
  162.5  3.38862004E-44
  162.6  3.3919844E-44
  162.7  3.39534969E-44
  162.8  3.39871591E-44
  162.9  3.40208306E-44
  163.  3.40545114E-44
  163.1  3.40882015E-44
  163.2  3.41219009E-44
  163.3  3.41556095E-44
  163.4  3.41893274E-44
  163.5  3.42230546E-44
  163.6  3.4256791E-44
  163.7  3.42905367E-44
  163.8  3.43242916E-44
  163.9  3.43580557E-44
  164.  3.43918291E-44
  164.1  3.44256116E-44
  164.2  3.44594034E-44
  164.3  3.44932044E-44
  164.4  3.45270145E-44
  164.5  3.45608339E-44
  164.6  3.45946624E-44
  164.7  3.46285001E-44
  164.8  3.4662347E-44
  164.9  3.4696203E-44
  165.  3.47300681E-44
  165.1  3.47639424E-44
  165.2  3.47978258E-44
  165.3  3.48317184E-44
  165.4  3.48656201E-44
  165.5  3.48995309E-44
  165.6  3.49334507E-44
  165.7  3.49673797E-44
  165.8  3.50013178E-44
  165.9  3.50352649E-44
  166.  3.50692212E-44
  166.1  3.51031864E-44
  166.2  3.51371608E-44
  166.3  3.51711442E-44
  166.4  3.52051366E-44
  166.5  3.52391381E-44
  166.6  3.52731486E-44
  166.7  3.53071682E-44
  166.8  3.53411967E-44
  166.9  3.53752343E-44
  167.  3.54092808E-44
  167.1  3.54433364E-44
  167.2  3.54774009E-44
  167.3  3.55114745E-44
  167.4  3.5545557E-44
  167.5  3.55796484E-44
  167.6  3.56137488E-44
  167.7  3.56478582E-44
  167.8  3.56819765E-44
  167.9  3.57161038E-44
  168.  3.575024E-44
  168.1  3.57843851E-44
  168.2  3.58185391E-44
  168.3  3.5852702E-44
  168.4  3.58868738E-44
  168.5  3.59210546E-44
  168.6  3.59552442E-44
  168.7  3.59894426E-44
  168.8  3.602365E-44
  168.9  3.60578662E-44
  169.  3.60920913E-44
  169.1  3.61263252E-44
  169.2  3.6160568E-44
  169.3  3.61948196E-44
  169.4  3.62290801E-44
  169.5  3.62633494E-44
  169.6  3.62976274E-44
  169.7  3.63319143E-44
  169.8  3.636621E-44
  169.9  3.64005145E-44
  170.  3.64348278E-44
