  0.1  0.
  0.2  0.
  0.3  0.
  0.4  0.
  0.5  0.
  0.6  0.
  0.7  0.
  0.8  0.
  0.9  0.
  1.  0.
  1.1  0.
  1.2  0.
  1.3  0.
  1.4  0.
  1.5  0.
  1.6  0.
  1.7  0.
  1.8  0.
  1.9  1.85310379E-48
  2.  3.23531354E-48
  2.1  4.72656893E-48
  2.2  6.37491014E-48
  2.3  8.19468393E-48
  2.4  1.01916684E-47
  2.5  1.23685196E-47
  2.6  1.47265155E-47
  2.7  1.72662467E-47
  2.8  1.99879292E-47
  2.9  2.2891561E-47
  3.  2.59770073E-47
  3.1  2.92440478E-47
  3.2  3.26924066E-47
  3.3  3.63217698E-47
  3.4  4.01317968E-47
  3.5  4.41221289E-47
  3.6  4.82923936E-47
  3.7  5.26422088E-47
  3.8  5.71711853E-47
  3.9  6.18789285E-47
  4.  6.676504E-47
  4.1  7.18291184E-47
  4.2  7.70707601E-47
  4.3  8.24895599E-47
  4.4  8.80851117E-47
  4.5  9.38570082E-47
  4.6  9.98048419E-47
  4.7  1.05928205E-46
  4.8  1.12226689E-46
  4.9  1.18699887E-46
  5.  1.25347389E-46
  5.1  1.3216879E-46
  5.2  1.3916368E-46
  5.3  1.46331653E-46
  5.4  1.53672303E-46
  5.5  1.61185222E-46
  5.6  1.68870005E-46
  5.7  1.76726247E-46
  5.8  1.84753542E-46
  5.9  1.92951487E-46
  6.  2.01319677E-46
  6.1  2.09857709E-46
  6.2  2.18565181E-46
  6.3  2.27441691E-46
  6.4  2.36486836E-46
  6.5  2.45700217E-46
  6.6  2.55081432E-46
  6.7  2.64630083E-46
  6.8  2.7434577E-46
  6.9  2.84228094E-46
  7.  2.94276659E-46
  7.1  3.04491066E-46
  7.2  3.14870919E-46
  7.3  3.25415823E-46
  7.4  3.36125382E-46
  7.5  3.46999201E-46
  7.6  3.58036886E-46
  7.7  3.69238045E-46
  7.8  3.80602284E-46
  7.9  3.92129211E-46
  8.  4.03818435E-46
  8.1  4.15669565E-46
  8.2  4.27682211E-46
  8.3  4.39855984E-46
  8.4  4.52190494E-46
  8.5  4.64685354E-46
  8.6  4.77340175E-46
  8.7  4.90154572E-46
  8.8  5.03128157E-46
  8.9  5.16260546E-46
  9.  5.29551352E-46
  9.1  5.43000193E-46
  9.2  5.56606683E-46
  9.3  5.70370441E-46
  9.4  5.84291083E-46
  9.5  5.98368228E-46
  9.6  6.12601495E-46
  9.7  6.26990503E-46
  9.8  6.41534873E-46
  9.9  6.56234225E-46
  10.  6.71088181E-46
  10.1  6.86096363E-46
  10.2  7.01258393E-46
  10.3  7.16573896E-46
  10.4  7.32042494E-46
  10.5  7.47663813E-46
  10.6  7.63437478E-46
  10.7  7.79363115E-46
  10.8  7.95440351E-46
  10.9  8.11668812E-46
  11.  8.28048127E-46
  11.1  8.44577924E-46
  11.2  8.61257832E-46
  11.3  8.78087481E-46
  11.4  8.95066501E-46
  11.5  9.12194523E-46
  11.6  9.2947118E-46
  11.7  9.46896102E-46
  11.8  9.64468924E-46
  11.9  9.82189278E-46
  12.  1.0000568E-45
  12.1  1.01807112E-45
  12.2  1.03623188E-45
  12.3  1.05453872E-45
  12.4  1.07299126E-45
  12.5  1.09158915E-45
  12.6  1.11033203E-45
  12.7  1.12921953E-45
  12.8  1.14825129E-45
  12.9  1.16742695E-45
  13.  1.18674616E-45
  13.1  1.20620855E-45
  13.2  1.22581377E-45
  13.3  1.24556146E-45
  13.4  1.26545126E-45
  13.5  1.28548281E-45
  13.6  1.30565576E-45
  13.7  1.32596976E-45
  13.8  1.34642445E-45
  13.9  1.36701947E-45
  14.  1.38775447E-45
  14.1  1.4086291E-45
  14.2  1.42964301E-45
  14.3  1.45079585E-45
  14.4  1.47208726E-45
  14.5  1.49351689E-45
  14.6  1.5150844E-45
  14.7  1.53678944E-45
  14.8  1.55863165E-45
  14.9  1.58061069E-45
  15.  1.60272622E-45
  15.1  1.62497788E-45
  15.2  1.64736533E-45
  15.3  1.66988823E-45
  15.4  1.69254623E-45
  15.5  1.71533898E-45
  15.6  1.73826614E-45
  15.7  1.76132738E-45
  15.8  1.78452234E-45
  15.9  1.80785069E-45
  16.  1.83131208E-45
  16.1  1.85490617E-45
  16.2  1.87863263E-45
  16.3  1.90249112E-45
  16.4  1.92648129E-45
  16.5  1.9506028E-45
  16.6  1.97485533E-45
  16.7  1.99923854E-45
  16.8  2.02375208E-45
  16.9  2.04839562E-45
  17.  2.07316883E-45
  17.1  2.09807137E-45
  17.2  2.12310291E-45
  17.3  2.14826311E-45
  17.4  2.17355165E-45
  17.5  2.19896819E-45
  17.6  2.22451239E-45
  17.7  2.25018394E-45
  17.8  2.27598249E-45
  17.9  2.30190772E-45
  18.  2.3279593E-45
  18.1  2.3541369E-45
  18.2  2.38044019E-45
  18.3  2.40686884E-45
  18.4  2.43342254E-45
  18.5  2.46010095E-45
  18.6  2.48690374E-45
  18.7  2.5138306E-45
  18.8  2.54088119E-45
  18.9  2.5680552E-45
  19.  2.5953523E-45
  19.1  2.62277216E-45
  19.2  2.65031448E-45
  19.3  2.67797891E-45
  19.4  2.70576515E-45
  19.5  2.73367287E-45
  19.6  2.76170176E-45
  19.7  2.78985149E-45
  19.8  2.81812175E-45
  19.9  2.84651221E-45
  20.  2.87502257E-45
  20.1  2.90365249E-45
  20.2  2.93240168E-45
  20.3  2.96126981E-45
  20.4  2.99025656E-45
  20.5  3.01936163E-45
  20.6  3.0485847E-45
  20.7  3.07792545E-45
  20.8  3.10738357E-45
  20.9  3.13695875E-45
  21.  3.16665069E-45
  21.1  3.19645906E-45
  21.2  3.22638355E-45
  21.3  3.25642387E-45
  21.4  3.28657969E-45
  21.5  3.31685071E-45
  21.6  3.34723662E-45
  21.7  3.37773712E-45
  21.8  3.40835189E-45
  21.9  3.43908063E-45
  22.  3.46992304E-45
  22.1  3.5008788E-45
  22.2  3.53194762E-45
  22.3  3.56312919E-45
  22.4  3.5944232E-45
  22.5  3.62582936E-45
  22.6  3.65734736E-45
  22.7  3.68897689E-45
  22.8  3.72071767E-45
  22.9  3.75256938E-45
  23.  3.78453172E-45
  23.1  3.8166044E-45
  23.2  3.84878712E-45
  23.3  3.88107958E-45
  23.4  3.91348148E-45
  23.5  3.94599252E-45
  23.6  3.97861241E-45
  23.7  4.01134085E-45
  23.8  4.04417754E-45
  23.9  4.07712219E-45
  24.  4.1101745E-45
  24.1  4.14333419E-45
  24.2  4.17660095E-45
  24.3  4.20997449E-45
  24.4  4.24345453E-45
  24.5  4.27704076E-45
  24.6  4.3107329E-45
  24.7  4.34453066E-45
  24.8  4.37843374E-45
  24.9  4.41244186E-45
  25.  4.44655473E-45
  25.1  4.48077206E-45
  25.2  4.51509356E-45
  25.3  4.54951894E-45
  25.4  4.58404791E-45
  25.5  4.6186802E-45
  25.6  4.65341551E-45
  25.7  4.68825356E-45
  25.8  4.72319406E-45
  25.9  4.75823673E-45
  26.  4.79338129E-45
  26.1  4.82862745E-45
  26.2  4.86397493E-45
  26.3  4.89942345E-45
  26.4  4.93497272E-45
  26.5  4.97062247E-45
  26.6  5.00637241E-45
  26.7  5.04222227E-45
  26.8  5.07817176E-45
  26.9  5.1142206E-45
  27.  5.15036853E-45
  27.1  5.18661525E-45
  27.2  5.2229605E-45
  27.3  5.25940399E-45
  27.4  5.29594545E-45
  27.5  5.33258461E-45
  27.6  5.36932118E-45
  27.7  5.4061549E-45
  27.8  5.44308549E-45
  27.9  5.48011267E-45
  28.  5.51723618E-45
  28.1  5.55445574E-45
  28.2  5.59177107E-45
  28.3  5.62918192E-45
  28.4  5.666688E-45
  28.5  5.70428904E-45
  28.6  5.74198478E-45
  28.7  5.77977495E-45
  28.8  5.81765927E-45
  28.9  5.85563749E-45
  29.  5.89370932E-45
  29.1  5.93187451E-45
  29.2  5.97013278E-45
  29.3  6.00848388E-45
  29.4  6.04692753E-45
  29.5  6.08546347E-45
  29.6  6.12409144E-45
  29.7  6.16281117E-45
  29.8  6.20162239E-45
  29.9  6.24052485E-45
  30.  6.27951828E-45
  30.1  6.31860242E-45
  30.2  6.357777E-45
  30.3  6.39704178E-45
  30.4  6.43639648E-45
  30.5  6.47584084E-45
  30.6  6.51537461E-45
  30.7  6.55499753E-45
  30.8  6.59470934E-45
  30.9  6.63450978E-45
  31.  6.67439859E-45
  31.1  6.71437551E-45
  31.2  6.7544403E-45
  31.3  6.79459269E-45
  31.4  6.83483243E-45
  31.5  6.87515926E-45
  31.6  6.91557293E-45
  31.7  6.95607318E-45
  31.8  6.99665976E-45
  31.9  7.03733242E-45
  32.  7.07809091E-45
  32.1  7.11893497E-45
  32.2  7.15986435E-45
  32.3  7.20087881E-45
  32.4  7.24197808E-45
  32.5  7.28316192E-45
  32.6  7.32443009E-45
  32.7  7.36578232E-45
  32.8  7.40721838E-45
  32.9  7.44873802E-45
  33.  7.49034098E-45
  33.1  7.53202702E-45
  33.2  7.5737959E-45
  33.3  7.61564737E-45
  33.4  7.65758117E-45
  33.5  7.69959708E-45
  33.6  7.74169484E-45
  33.7  7.78387421E-45
  33.8  7.82613494E-45
  33.9  7.86847679E-45
  34.  7.91089953E-45
  34.1  7.9534029E-45
  34.2  7.99598667E-45
  34.3  8.03865059E-45
  34.4  8.08139442E-45
  34.5  8.12421793E-45
  34.6  8.16712088E-45
  34.7  8.21010301E-45
  34.8  8.25316411E-45
  34.9  8.29630392E-45
  35.  8.33952221E-45
  35.1  8.38281875E-45
  35.2  8.42619329E-45
  35.3  8.4696456E-45
  35.4  8.51317544E-45
  35.5  8.55678259E-45
  35.6  8.60046679E-45
  35.7  8.64422783E-45
  35.8  8.68806546E-45
  35.9  8.73197945E-45
  36.  8.77596958E-45
  36.1  8.82003559E-45
  36.2  8.86417727E-45
  36.3  8.90839439E-45
  36.4  8.95268671E-45
  36.5  8.99705399E-45
  36.6  9.04149602E-45
  36.7  9.08601256E-45
  36.8  9.13060338E-45
  36.9  9.17526825E-45
  37.  9.22000695E-45
  37.1  9.26481925E-45
  37.2  9.30970491E-45
  37.3  9.35466372E-45
  37.4  9.39969545E-45
  37.5  9.44479986E-45
  37.6  9.48997674E-45
  37.7  9.53522586E-45
  37.8  9.580547E-45
  37.9  9.62593993E-45
  38.  9.67140442E-45
  38.1  9.71694026E-45
  38.2  9.76254722E-45
  38.3  9.80822509E-45
  38.4  9.85397363E-45
  38.5  9.89979262E-45
  38.6  9.94568185E-45
  38.7  9.9916411E-45
  38.8  1.00376701E-44
  38.9  1.00837688E-44
  39.  1.01299367E-44
  39.1  1.01761739E-44
  39.2  1.02224799E-44
  39.3  1.02688546E-44
  39.4  1.03152978E-44
  39.5  1.03618093E-44
  39.6  1.04083889E-44
  39.7  1.04550363E-44
  39.8  1.05017513E-44
  39.9  1.05485337E-44
  40.  1.05953833E-44
  40.1  1.06422998E-44
  40.2  1.06892832E-44
  40.3  1.07363331E-44
  40.4  1.07834493E-44
  40.5  1.08306316E-44
  40.6  1.08778799E-44
  40.7  1.09251939E-44
  40.8  1.09725733E-44
  40.9  1.10200181E-44
  41.  1.10675279E-44
  41.1  1.11151026E-44
  41.2  1.11627419E-44
  41.3  1.12104457E-44
  41.4  1.12582137E-44
  41.5  1.13060457E-44
  41.6  1.13539416E-44
  41.7  1.1401901E-44
  41.8  1.14499239E-44
  41.9  1.149801E-44
  42.  1.1546159E-44
  42.1  1.15943709E-44
  42.2  1.16426453E-44
  42.3  1.16909822E-44
  42.4  1.17393812E-44
  42.5  1.17878421E-44
  42.6  1.18363649E-44
  42.7  1.18849492E-44
  42.8  1.19335949E-44
  42.9  1.19823017E-44
  43.  1.20310695E-44
  43.1  1.20798981E-44
  43.2  1.21287872E-44
  43.3  1.21777367E-44
  43.4  1.22267463E-44
  43.5  1.22758159E-44
  43.6  1.23249453E-44
  43.7  1.23741342E-44
  43.8  1.24233825E-44
  43.9  1.247269E-44
  44.  1.25220564E-44
  44.1  1.25714816E-44
  44.2  1.26209654E-44
  44.3  1.26705076E-44
  44.4  1.2720108E-44
  44.5  1.27697663E-44
  44.6  1.28194825E-44
  44.7  1.28692562E-44
  44.8  1.29190874E-44
  44.9  1.29689758E-44
  45.  1.30189212E-44
  45.1  1.30689235E-44
  45.2  1.31189824E-44
  45.3  1.31690977E-44
  45.4  1.32192693E-44
  45.5  1.3269497E-44
  45.6  1.33197805E-44
  45.7  1.33701197E-44
  45.8  1.34205145E-44
  45.9  1.34709645E-44
  46.  1.35214697E-44
  46.1  1.35720297E-44
  46.2  1.36226446E-44
  46.3  1.36733139E-44
  46.4  1.37240377E-44
  46.5  1.37748156E-44
  46.6  1.38256476E-44
  46.7  1.38765333E-44
  46.8  1.39274727E-44
  46.9  1.39784655E-44
  47.  1.40295115E-44
  47.1  1.40806106E-44
  47.2  1.41317626E-44
  47.3  1.41829674E-44
  47.4  1.42342246E-44
  47.5  1.42855342E-44
  47.6  1.43368959E-44
  47.7  1.43883096E-44
  47.8  1.44397751E-44
  47.9  1.44912922E-44
  48.  1.45428607E-44
  48.1  1.45944805E-44
  48.2  1.46461514E-44
  48.3  1.46978731E-44
  48.4  1.47496456E-44
  48.5  1.48014686E-44
  48.6  1.48533419E-44
  48.7  1.49052655E-44
  48.8  1.4957239E-44
  48.9  1.50092623E-44
  49.  1.50613353E-44
  49.1  1.51134578E-44
  49.2  1.51656296E-44
  49.3  1.52178504E-44
  49.4  1.52701203E-44
  49.5  1.53224389E-44
  49.6  1.5374806E-44
  49.7  1.54272216E-44
  49.8  1.54796855E-44
  49.9  1.55321974E-44
  50.  1.55847573E-44
  50.1  1.56373648E-44
  50.2  1.56900199E-44
  50.3  1.57427224E-44
  50.4  1.57954721E-44
  50.5  1.58482689E-44
  50.6  1.59011125E-44
  50.7  1.59540029E-44
  50.8  1.60069397E-44
  50.9  1.6059923E-44
  51.  1.61129524E-44
  51.1  1.61660278E-44
  51.2  1.62191491E-44
  51.3  1.62723161E-44
  51.4  1.63255287E-44
  51.5  1.63787865E-44
  51.6  1.64320896E-44
  51.7  1.64854377E-44
  51.8  1.65388306E-44
  51.9  1.65922683E-44
  52.  1.66457504E-44
  52.1  1.6699277E-44
  52.2  1.67528477E-44
  52.3  1.68064625E-44
  52.4  1.68601211E-44
  52.5  1.69138234E-44
  52.6  1.69675693E-44
  52.7  1.70213586E-44
  52.8  1.7075191E-44
  52.9  1.71290666E-44
  53.  1.7182985E-44
  53.1  1.72369462E-44
  53.2  1.72909499E-44
  53.3  1.73449961E-44
  53.4  1.73990845E-44
  53.5  1.7453215E-44
  53.6  1.75073874E-44
  53.7  1.75616016E-44
  53.8  1.76158574E-44
  53.9  1.76701547E-44
  54.  1.77244933E-44
  54.1  1.77788731E-44
  54.2  1.78332938E-44
  54.3  1.78877553E-44
  54.4  1.79422576E-44
  54.5  1.79968003E-44
  54.6  1.80513834E-44
  54.7  1.81060067E-44
  54.8  1.81606701E-44
  54.9  1.82153733E-44
  55.  1.82701164E-44
  55.1  1.8324899E-44
  55.2  1.8379721E-44
  55.3  1.84345823E-44
  55.4  1.84894828E-44
  55.5  1.85444222E-44
  55.6  1.85994004E-44
  55.7  1.86544174E-44
  55.8  1.87094728E-44
  55.9  1.87645666E-44
  56.  1.88196987E-44
  56.1  1.88748688E-44
  56.2  1.89300768E-44
  56.3  1.89853226E-44
  56.4  1.90406061E-44
  56.5  1.9095927E-44
  56.6  1.91512852E-44
  56.7  1.92066806E-44
  56.8  1.92621131E-44
  56.9  1.93175824E-44
  57.  1.93730884E-44
  57.1  1.94286311E-44
  57.2  1.94842101E-44
  57.3  1.95398255E-44
  57.4  1.9595477E-44
  57.5  1.96511646E-44
  57.6  1.9706888E-44
  57.7  1.97626471E-44
  57.8  1.98184417E-44
  57.9  1.98742718E-44
  58.  1.99301372E-44
  58.1  1.99860377E-44
  58.2  2.00419733E-44
  58.3  2.00979436E-44
  58.4  2.01539487E-44
  58.5  2.02099884E-44
  58.6  2.02660624E-44
  58.7  2.03221708E-44
  58.8  2.03783133E-44
  58.9  2.04344898E-44
  59.  2.04907002E-44
  59.1  2.05469443E-44
  59.2  2.0603222E-44
  59.3  2.06595331E-44
  59.4  2.07158775E-44
  59.5  2.07722551E-44
  59.6  2.08286657E-44
  59.7  2.08851092E-44
  59.8  2.09415855E-44
  59.9  2.09980944E-44
  60.  2.10546358E-44
  60.1  2.11112095E-44
  60.2  2.11678154E-44
  60.3  2.12244533E-44
  60.4  2.12811233E-44
  60.5  2.1337825E-44
  60.6  2.13945583E-44
  60.7  2.14513232E-44
  60.8  2.15081195E-44
  60.9  2.15649471E-44
  61.  2.16218058E-44
  61.1  2.16786954E-44
  61.2  2.1735616E-44
  61.3  2.17925672E-44
  61.4  2.18495491E-44
  61.5  2.19065614E-44
  61.6  2.1963604E-44
  61.7  2.20206769E-44
  61.8  2.20777798E-44
  61.9  2.21349126E-44
  62.  2.21920753E-44
  62.1  2.22492676E-44
  62.2  2.23064895E-44
  62.3  2.23637408E-44
  62.4  2.24210213E-44
  62.5  2.24783311E-44
  62.6  2.25356698E-44
  62.7  2.25930375E-44
  62.8  2.26504339E-44
  62.9  2.2707859E-44
  63.  2.27653126E-44
  63.1  2.28227946E-44
  63.2  2.28803048E-44
  63.3  2.29378432E-44
  63.4  2.29954096E-44
  63.5  2.30530039E-44
  63.6  2.31106259E-44
  63.7  2.31682756E-44
  63.8  2.32259528E-44
  63.9  2.32836574E-44
  64.  2.33413892E-44
  64.1  2.33991482E-44
  64.2  2.34569342E-44
  64.3  2.3514747E-44
  64.4  2.35725867E-44
  64.5  2.36304529E-44
  64.6  2.36883457E-44
  64.7  2.37462649E-44
  64.8  2.38042104E-44
  64.9  2.3862182E-44
  65.  2.39201797E-44
  65.1  2.39782033E-44
  65.2  2.40362526E-44
  65.3  2.40943277E-44
  65.4  2.41524283E-44
  65.5  2.42105543E-44
  65.6  2.42687056E-44
  65.7  2.43268821E-44
  65.8  2.43850837E-44
  65.9  2.44433103E-44
  66.  2.45015617E-44
  66.1  2.45598378E-44
  66.2  2.46181385E-44
  66.3  2.46764637E-44
  66.4  2.47348133E-44
  66.5  2.47931871E-44
  66.6  2.48515851E-44
  66.7  2.4910007E-44
  66.8  2.49684529E-44
  66.9  2.50269225E-44
  67.  2.50854159E-44
  67.1  2.51439327E-44
  67.2  2.52024731E-44
  67.3  2.52610367E-44
  67.4  2.53196236E-44
  67.5  2.53782335E-44
  67.6  2.54368664E-44
  67.7  2.54955223E-44
  67.8  2.55542008E-44
  67.9  2.5612902E-44
  68.  2.56716258E-44
  68.1  2.57303719E-44
  68.2  2.57891404E-44
  68.3  2.58479311E-44
  68.4  2.59067438E-44
  68.5  2.59655786E-44
  68.6  2.60244352E-44
  68.7  2.60833135E-44
  68.8  2.61422135E-44
  68.9  2.6201135E-44
  69.  2.6260078E-44
  69.1  2.63190422E-44
  69.2  2.63780277E-44
  69.3  2.64370342E-44
  69.4  2.64960618E-44
  69.5  2.65551102E-44
  69.6  2.66141794E-44
  69.7  2.66732693E-44
  69.8  2.67323797E-44
  69.9  2.67915106E-44
  70.  2.68506618E-44
  70.1  2.69098332E-44
  70.2  2.69690248E-44
  70.3  2.70282364E-44
  70.4  2.70874679E-44
  70.5  2.71467192E-44
  70.6  2.72059902E-44
  70.7  2.72652809E-44
  70.8  2.7324591E-44
  70.9  2.73839205E-44
  71.  2.74432693E-44
  71.1  2.75026373E-44
  71.2  2.75620244E-44
  71.3  2.76214304E-44
  71.4  2.76808554E-44
  71.5  2.77402991E-44
  71.6  2.77997614E-44
  71.7  2.78592424E-44
  71.8  2.79187418E-44
  71.9  2.79782595E-44
  72.  2.80377955E-44
  72.1  2.80973497E-44
  72.2  2.8156922E-44
  72.3  2.82165122E-44
  72.4  2.82761202E-44
  72.5  2.8335746E-44
  72.6  2.83953895E-44
  72.7  2.84550505E-44
  72.8  2.8514729E-44
  72.9  2.85744249E-44
  73.  2.8634138E-44
  73.1  2.86938683E-44
  73.2  2.87536156E-44
  73.3  2.88133799E-44
  73.4  2.88731611E-44
  73.5  2.89329591E-44
  73.6  2.89927737E-44
  73.7  2.90526049E-44
  73.8  2.91124526E-44
  73.9  2.91723166E-44
  74.  2.9232197E-44
  74.1  2.92920935E-44
  74.2  2.93520061E-44
  74.3  2.94119348E-44
  74.4  2.94718793E-44
  74.5  2.95318397E-44
  74.6  2.95918157E-44
  74.7  2.96518074E-44
  74.8  2.97118146E-44
  74.9  2.97718373E-44
  75.  2.98318752E-44
  75.1  2.98919285E-44
  75.2  2.99519968E-44
  75.3  3.00120803E-44
  75.4  3.00721787E-44
  75.5  3.0132292E-44
  75.6  3.019242E-44
  75.7  3.02525628E-44
  75.8  3.03127201E-44
  75.9  3.0372892E-44
  76.  3.04330782E-44
  76.1  3.04932788E-44
  76.2  3.05534937E-44
  76.3  3.06137226E-44
  76.4  3.06739657E-44
  76.5  3.07342226E-44
  76.6  3.07944935E-44
  76.7  3.08547781E-44
  76.8  3.09150765E-44
  76.9  3.09753884E-44
  77.  3.10357139E-44
  77.1  3.10960527E-44
  77.2  3.1156405E-44
  77.3  3.12167704E-44
  77.4  3.12771491E-44
  77.5  3.13375408E-44
  77.6  3.13979455E-44
  77.7  3.14583631E-44
  77.8  3.15187935E-44
  77.9  3.15792367E-44
  78.  3.16396924E-44
  78.1  3.17001608E-44
  78.2  3.17606416E-44
  78.3  3.18211348E-44
  78.4  3.18816403E-44
  78.5  3.1942158E-44
  78.6  3.20026878E-44
  78.7  3.20632297E-44
  78.8  3.21237835E-44
  78.9  3.21843493E-44
  79.  3.22449268E-44
  79.1  3.2305516E-44
  79.2  3.23661168E-44
  79.3  3.24267292E-44
  79.4  3.2487353E-44
  79.5  3.25479882E-44
  79.6  3.26086347E-44
  79.7  3.26692924E-44
  79.8  3.27299612E-44
  79.9  3.27906411E-44
  80.  3.28513319E-44
  80.1  3.29120336E-44
  80.2  3.29727461E-44
  80.3  3.30334694E-44
  80.4  3.30942033E-44
  80.5  3.31549477E-44
  80.6  3.32157026E-44
  80.7  3.32764679E-44
  80.8  3.33372435E-44
  80.9  3.33980294E-44
  81.  3.34588254E-44
  81.1  3.35196315E-44
  81.2  3.35804476E-44
  81.3  3.36412736E-44
  81.4  3.37021094E-44
  81.5  3.3762955E-44
  81.6  3.38238103E-44
  81.7  3.38846753E-44
  81.8  3.39455497E-44
  81.9  3.40064336E-44
  82.  3.40673268E-44
  82.1  3.41282294E-44
  82.2  3.41891412E-44
  82.3  3.42500621E-44
  82.4  3.43109921E-44
  82.5  3.43719311E-44
  82.6  3.4432879E-44
  82.7  3.44938358E-44
  82.8  3.45548013E-44
  82.9  3.46157755E-44
  83.  3.46767583E-44
  83.1  3.47377496E-44
  83.2  3.47987494E-44
  83.3  3.48597576E-44
  83.4  3.49207742E-44
  83.5  3.49817989E-44
  83.6  3.50428319E-44
  83.7  3.51038729E-44
  83.8  3.51649219E-44
  83.9  3.52259789E-44
  84.  3.52870438E-44
  84.1  3.53481165E-44
  84.2  3.54091969E-44
  84.3  3.54702849E-44
  84.4  3.55313806E-44
  84.5  3.55924837E-44
  84.6  3.56535943E-44
  84.7  3.57147123E-44
  84.8  3.57758375E-44
  84.9  3.583697E-44
  85.  3.58981097E-44
  85.1  3.59592564E-44
  85.2  3.60204102E-44
  85.3  3.60815709E-44
  85.4  3.61427384E-44
  85.5  3.62039128E-44
  85.6  3.62650939E-44
  85.7  3.63262817E-44
  85.8  3.63874761E-44
  85.9  3.6448677E-44
  86.  3.65098843E-44
  86.1  3.65710981E-44
  86.2  3.66323181E-44
  86.3  3.66935445E-44
  86.4  3.6754777E-44
  86.5  3.68160156E-44
  86.6  3.68772603E-44
  86.7  3.69385109E-44
  86.8  3.69997675E-44
  86.9  3.70610299E-44
  87.  3.71222981E-44
  87.1  3.7183572E-44
  87.2  3.72448516E-44
  87.3  3.73061368E-44
  87.4  3.73674274E-44
  87.5  3.74287235E-44
  87.6  3.7490025E-44
  87.7  3.75513319E-44
  87.8  3.76126439E-44
  87.9  3.76739612E-44
  88.  3.77352836E-44
  88.1  3.7796611E-44
  88.2  3.78579435E-44
  88.3  3.79192808E-44
  88.4  3.79806231E-44
  88.5  3.80419701E-44
  88.6  3.81033219E-44
  88.7  3.81646783E-44
  88.8  3.82260394E-44
  88.9  3.8287405E-44
  89.  3.83487751E-44
  89.1  3.84101496E-44
  89.2  3.84715285E-44
  89.3  3.85329116E-44
  89.4  3.85942991E-44
  89.5  3.86556906E-44
  89.6  3.87170863E-44
  89.7  3.87784861E-44
  89.8  3.88398898E-44
  89.9  3.89012975E-44
  90.  3.8962709E-44
  90.1  3.90241243E-44
  90.2  3.90855434E-44
  90.3  3.91469662E-44
  90.4  3.92083926E-44
  90.5  3.92698225E-44
  90.6  3.9331256E-44
  90.7  3.93926929E-44
  90.8  3.94541331E-44
  90.9  3.95155767E-44
  91.  3.95770236E-44
  91.1  3.96384737E-44
  91.2  3.96999269E-44
  91.3  3.97613832E-44
  91.4  3.98228426E-44
  91.5  3.98843049E-44
  91.6  3.99457701E-44
  91.7  4.00072382E-44
  91.8  4.00687091E-44
  91.9  4.01301827E-44
  92.  4.0191659E-44
  92.1  4.02531379E-44
  92.2  4.03146195E-44
  92.3  4.03761035E-44
  92.4  4.04375899E-44
  92.5  4.04990788E-44
  92.6  4.056057E-44
  92.7  4.06220635E-44
  92.8  4.06835592E-44
  92.9  4.07450571E-44
  93.  4.08065572E-44
  93.1  4.08680592E-44
  93.2  4.09295633E-44
  93.3  4.09910694E-44
  93.4  4.10525773E-44
  93.5  4.11140871E-44
  93.6  4.11755987E-44
  93.7  4.1237112E-44
  93.8  4.1298627E-44
  93.9  4.13601436E-44
  94.  4.14216618E-44
  94.1  4.14831815E-44
  94.2  4.15447026E-44
  94.3  4.16062252E-44
  94.4  4.16677491E-44
  94.5  4.17292744E-44
  94.6  4.17908009E-44
  94.7  4.18523286E-44
  94.8  4.19138574E-44
  94.9  4.19753873E-44
  95.  4.20369183E-44
  95.1  4.20984502E-44
  95.2  4.21599831E-44
  95.3  4.22215169E-44
  95.4  4.22830515E-44
  95.5  4.23445869E-44
  95.6  4.24061231E-44
  95.7  4.24676599E-44
  95.8  4.25291973E-44
  95.9  4.25907353E-44
  96.  4.26522739E-44
  96.1  4.27138129E-44
  96.2  4.27753524E-44
  96.3  4.28368922E-44
  96.4  4.28984324E-44
  96.5  4.29599728E-44
  96.6  4.30215135E-44
  96.7  4.30830543E-44
  96.8  4.31445953E-44
  96.9  4.32061363E-44
  97.  4.32676774E-44
  97.1  4.33292185E-44
  97.2  4.33907595E-44
  97.3  4.34523004E-44
  97.4  4.35138411E-44
  97.5  4.35753816E-44
  97.6  4.36369219E-44
  97.7  4.36984618E-44
  97.8  4.37600014E-44
  97.9  4.38215406E-44
  98.  4.38830794E-44
  98.1  4.39446176E-44
  98.2  4.40061553E-44
  98.3  4.40676924E-44
  98.4  4.41292289E-44
  98.5  4.41907647E-44
  98.6  4.42522997E-44
  98.7  4.4313834E-44
  98.8  4.43753675E-44
  98.9  4.44369001E-44
  99.  4.44984318E-44
  99.1  4.45599625E-44
  99.2  4.46214922E-44
  99.3  4.46830208E-44
  99.4  4.47445484E-44
  99.5  4.48060748E-44
  99.6  4.48676001E-44
  99.7  4.49291241E-44
  99.8  4.49906468E-44
  99.9  4.50521682E-44
  100.  4.51136882E-44
  100.1  4.51752069E-44
  100.2  4.52367241E-44
  100.3  4.52982398E-44
  100.4  4.53597539E-44
  100.5  4.54212665E-44
  100.6  4.54827774E-44
  100.7  4.55442867E-44
  100.8  4.56057942E-44
  100.9  4.56673E-44
  101.  4.5728804E-44
  101.1  4.57903062E-44
  101.2  4.58518064E-44
  101.3  4.59133048E-44
  101.4  4.59748012E-44
  101.5  4.60362955E-44
  101.6  4.60977878E-44
  101.7  4.61592781E-44
  101.8  4.62207661E-44
  101.9  4.6282252E-44
  102.  4.63437357E-44
  102.1  4.64052171E-44
  102.2  4.64666963E-44
  102.3  4.6528173E-44
  102.4  4.65896474E-44
  102.5  4.66511194E-44
  102.6  4.67125889E-44
  102.7  4.67740559E-44
  102.8  4.68355204E-44
  102.9  4.68969822E-44
  103.  4.69584415E-44
  103.1  4.70198981E-44
  103.2  4.70813519E-44
  103.3  4.71428031E-44
  103.4  4.72042514E-44
  103.5  4.72656969E-44
  103.6  4.73271396E-44
  103.7  4.73885794E-44
  103.8  4.74500162E-44
  103.9  4.751145E-44
  104.  4.75728809E-44
  104.1  4.76343086E-44
  104.2  4.76957333E-44
  104.3  4.77571549E-44
  104.4  4.78185732E-44
  104.5  4.78799884E-44
  104.6  4.79414003E-44
  104.7  4.8002809E-44
  104.8  4.80642143E-44
  104.9  4.81256162E-44
  105.  4.81870148E-44
  105.1  4.82484099E-44
  105.2  4.83098016E-44
  105.3  4.83711898E-44
  105.4  4.84325744E-44
  105.5  4.84939554E-44
  105.6  4.85553329E-44
  105.7  4.86167066E-44
  105.8  4.86780767E-44
  105.9  4.87394431E-44
  106.  4.88008057E-44
  106.1  4.88621645E-44
  106.2  4.89235194E-44
  106.3  4.89848705E-44
  106.4  4.90462178E-44
  106.5  4.9107561E-44
  106.6  4.91689003E-44
  106.7  4.92302356E-44
  106.8  4.92915668E-44
  106.9  4.9352894E-44
  107.  4.94142171E-44
  107.1  4.9475536E-44
  107.2  4.95368507E-44
  107.3  4.95981612E-44
  107.4  4.96594675E-44
  107.5  4.97207695E-44
  107.6  4.97820672E-44
  107.7  4.98433605E-44
  107.8  4.99046494E-44
  107.9  4.99659339E-44
  108.  5.0027214E-44
  108.1  5.00884896E-44
  108.2  5.01497607E-44
  108.3  5.02110272E-44
  108.4  5.02722891E-44
  108.5  5.03335465E-44
  108.6  5.03947991E-44
  108.7  5.04560471E-44
  108.8  5.05172904E-44
  108.9  5.05785289E-44
  109.  5.06397627E-44
  109.1  5.07009917E-44
  109.2  5.07622158E-44
  109.3  5.0823435E-44
  109.4  5.08846494E-44
  109.5  5.09458588E-44
  109.6  5.10070632E-44
  109.7  5.10682626E-44
  109.8  5.11294571E-44
  109.9  5.11906464E-44
  110.  5.12518307E-44
  110.1  5.13130098E-44
  110.2  5.13741838E-44
  110.3  5.14353526E-44
  110.4  5.14965162E-44
  110.5  5.15576745E-44
  110.6  5.16188276E-44
  110.7  5.16799754E-44
  110.8  5.17411178E-44
  110.9  5.18022549E-44
  111.  5.18633866E-44
  111.1  5.19245128E-44
  111.2  5.19856336E-44
  111.3  5.2046749E-44
  111.4  5.21078588E-44
  111.5  5.21689631E-44
  111.6  5.22300618E-44
  111.7  5.22911549E-44
  111.8  5.23522424E-44
  111.9  5.24133242E-44
  112.  5.24744003E-44
  112.1  5.25354708E-44
  112.2  5.25965355E-44
  112.3  5.26575944E-44
  112.4  5.27186475E-44
  112.5  5.27796948E-44
  112.6  5.28407363E-44
  112.7  5.29017719E-44
  112.8  5.29628015E-44
  112.9  5.30238253E-44
  113.  5.3084843E-44
  113.1  5.31458548E-44
  113.2  5.32068606E-44
  113.3  5.32678603E-44
  113.4  5.33288539E-44
  113.5  5.33898415E-44
  113.6  5.34508229E-44
  113.7  5.35117982E-44
  113.8  5.35727672E-44
  113.9  5.36337301E-44
  114.  5.36946868E-44
  114.1  5.37556372E-44
  114.2  5.38165813E-44
  114.3  5.38775191E-44
  114.4  5.39384506E-44
  114.5  5.39993757E-44
  114.6  5.40602944E-44
  114.7  5.41212067E-44
  114.8  5.41821126E-44
  114.9  5.4243012E-44
  115.  5.43039049E-44
  115.1  5.43647914E-44
  115.2  5.44256712E-44
  115.3  5.44865445E-44
  115.4  5.45474113E-44
  115.5  5.46082714E-44
  115.6  5.46691248E-44
  115.7  5.47299717E-44
  115.8  5.47908118E-44
  115.9  5.48516452E-44
  116.  5.49124719E-44
  116.1  5.49732918E-44
  116.2  5.50341049E-44
  116.3  5.50949113E-44
  116.4  5.51557107E-44
  116.5  5.52165034E-44
  116.6  5.52772892E-44
  116.7  5.5338068E-44
  116.8  5.539884E-44
  116.9  5.5459605E-44
  117.  5.5520363E-44
  117.1  5.5581114E-44
  117.2  5.5641858E-44
  117.3  5.5702595E-44
  117.4  5.57633249E-44
  117.5  5.58240477E-44
  117.6  5.58847634E-44
  117.7  5.5945472E-44
  117.8  5.60061734E-44
  117.9  5.60668677E-44
  118.  5.61275547E-44
  118.1  5.61882345E-44
  118.2  5.62489071E-44
  118.3  5.63095725E-44
  118.4  5.63702305E-44
  118.5  5.64308812E-44
  118.6  5.64915246E-44
  118.7  5.65521607E-44
  118.8  5.66127894E-44
  118.9  5.66734107E-44
  119.  5.67340246E-44
  119.1  5.6794631E-44
  119.2  5.685523E-44
  119.3  5.69158215E-44
  119.4  5.69764055E-44
  119.5  5.7036982E-44
  119.6  5.70975509E-44
  119.7  5.71581123E-44
  119.8  5.72186661E-44
  119.9  5.72792123E-44
  120.  5.73397509E-44
  120.1  5.74002819E-44
  120.2  5.74608051E-44
  120.3  5.75213207E-44
  120.4  5.75818286E-44
  120.5  5.76423288E-44
  120.6  5.77028213E-44
  120.7  5.77633059E-44
  120.8  5.78237828E-44
  120.9  5.78842519E-44
  121.  5.79447132E-44
  121.1  5.80051666E-44
  121.2  5.80656122E-44
  121.3  5.81260499E-44
  121.4  5.81864797E-44
  121.5  5.82469016E-44
  121.6  5.83073156E-44
  121.7  5.83677216E-44
  121.8  5.84281196E-44
  121.9  5.84885097E-44
  122.  5.85488917E-44
  122.1  5.86092657E-44
  122.2  5.86696317E-44
  122.3  5.87299896E-44
  122.4  5.87903394E-44
  122.5  5.88506811E-44
  122.6  5.89110147E-44
  122.7  5.89713402E-44
  122.8  5.90316575E-44
  122.9  5.90919667E-44
  123.  5.91522676E-44
  123.1  5.92125604E-44
  123.2  5.92728449E-44
  123.3  5.93331212E-44
  123.4  5.93933893E-44
  123.5  5.9453649E-44
  123.6  5.95139005E-44
  123.7  5.95741437E-44
  123.8  5.96343785E-44
  123.9  5.9694605E-44
  124.  5.97548231E-44
  124.1  5.98150329E-44
  124.2  5.98752343E-44
  124.3  5.99354272E-44
  124.4  5.99956118E-44
  124.5  6.00557878E-44
  124.6  6.01159555E-44
  124.7  6.01761146E-44
  124.8  6.02362653E-44
  124.9  6.02964075E-44
  125.  6.03565411E-44
  125.1  6.04166662E-44
  125.2  6.04767828E-44
  125.3  6.05368908E-44
  125.4  6.05969902E-44
  125.5  6.0657081E-44
  125.6  6.07171632E-44
  125.7  6.07772367E-44
  125.8  6.08373016E-44
  125.9  6.08973579E-44
  126.  6.09574054E-44
  126.1  6.10174443E-44
  126.2  6.10774745E-44
  126.3  6.11374959E-44
  126.4  6.11975087E-44
  126.5  6.12575126E-44
  126.6  6.13175078E-44
  126.7  6.13774942E-44
  126.8  6.14374719E-44
  126.9  6.14974407E-44
  127.  6.15574007E-44
  127.1  6.16173518E-44
  127.2  6.16772941E-44
  127.3  6.17372276E-44
  127.4  6.17971521E-44
  127.5  6.18570678E-44
  127.6  6.19169745E-44
  127.7  6.19768724E-44
  127.8  6.20367613E-44
  127.9  6.20966412E-44
  128.  6.21565122E-44
  128.1  6.22163742E-44
  128.2  6.22762273E-44
  128.3  6.23360713E-44
  128.4  6.23959063E-44
  128.5  6.24557323E-44
  128.6  6.25155492E-44
  128.7  6.25753571E-44
  128.8  6.26351559E-44
  128.9  6.26949457E-44
  129.  6.27547263E-44
  129.1  6.28144979E-44
  129.2  6.28742603E-44
  129.3  6.29340136E-44
  129.4  6.29937577E-44
  129.5  6.30534927E-44
  129.6  6.31132185E-44
  129.7  6.31729351E-44
  129.8  6.32326426E-44
  129.9  6.32923408E-44
  130.  6.33520298E-44
  130.1  6.34117096E-44
  130.2  6.34713802E-44
  130.3  6.35310415E-44
  130.4  6.35906935E-44
  130.5  6.36503363E-44
  130.6  6.37099697E-44
  130.7  6.37695939E-44
  130.8  6.38292088E-44
  130.9  6.38888143E-44
  131.  6.39484105E-44
  131.1  6.40079974E-44
  131.2  6.40675749E-44
  131.3  6.4127143E-44
  131.4  6.41867017E-44
  131.5  6.42462511E-44
  131.6  6.43057911E-44
  131.7  6.43653216E-44
  131.8  6.44248427E-44
  131.9  6.44843544E-44
  132.  6.45438567E-44
  132.1  6.46033495E-44
  132.2  6.46628328E-44
  132.3  6.47223066E-44
  132.4  6.4781771E-44
  132.5  6.48412259E-44
  132.6  6.49006712E-44
  132.7  6.49601071E-44
  132.8  6.50195334E-44
  132.9  6.50789502E-44
  133.  6.51383574E-44
  133.1  6.51977551E-44
  133.2  6.52571432E-44
  133.3  6.53165217E-44
  133.4  6.53758907E-44
  133.5  6.543525E-44
  133.6  6.54945997E-44
  133.7  6.55539399E-44
  133.8  6.56132704E-44
  133.9  6.56725912E-44
  134.  6.57319025E-44
  134.1  6.5791204E-44
  134.2  6.58504959E-44
  134.3  6.59097782E-44
  134.4  6.59690507E-44
  134.5  6.60283136E-44
  134.6  6.60875668E-44
  134.7  6.61468102E-44
  134.8  6.6206044E-44
  134.9  6.6265268E-44
  135.  6.63244823E-44
  135.1  6.63836868E-44
  135.2  6.64428816E-44
  135.3  6.65020666E-44
  135.4  6.65612419E-44
  135.5  6.66204074E-44
  135.6  6.66795631E-44
  135.7  6.6738709E-44
  135.8  6.67978451E-44
  135.9  6.68569714E-44
  136.  6.69160878E-44
  136.1  6.69751945E-44
  136.2  6.70342913E-44
  136.3  6.70933783E-44
  136.4  6.71524554E-44
  136.5  6.72115227E-44
  136.6  6.72705801E-44
  136.7  6.73296276E-44
  136.8  6.73886652E-44
  136.9  6.7447693E-44
  137.  6.75067109E-44
  137.1  6.75657188E-44
  137.2  6.76247169E-44
  137.3  6.7683705E-44
  137.4  6.77426832E-44
  137.5  6.78016515E-44
  137.6  6.78606098E-44
  137.7  6.79195582E-44
  137.8  6.79784966E-44
  137.9  6.80374251E-44
  138.  6.80963436E-44
  138.1  6.81552521E-44
  138.2  6.82141506E-44
  138.3  6.82730392E-44
  138.4  6.83319178E-44
  138.5  6.83907863E-44
  138.6  6.84496449E-44
  138.7  6.85084934E-44
  138.8  6.85673319E-44
  138.9  6.86261604E-44
  139.  6.86849788E-44
  139.1  6.87437873E-44
  139.2  6.88025856E-44
  139.3  6.88613739E-44
  139.4  6.89201522E-44
  139.5  6.89789204E-44
  139.6  6.90376785E-44
  139.7  6.90964265E-44
  139.8  6.91551645E-44
  139.9  6.92138923E-44
  140.  6.92726101E-44
  140.1  6.93313178E-44
  140.2  6.93900153E-44
  140.3  6.94487028E-44
  140.4  6.95073801E-44
  140.5  6.95660473E-44
  140.6  6.96247044E-44
  140.7  6.96833513E-44
  140.8  6.97419881E-44
  140.9  6.98006148E-44
  141.  6.98592313E-44
  141.1  6.99178376E-44
  141.2  6.99764338E-44
  141.3  7.00350198E-44
  141.4  7.00935957E-44
  141.5  7.01521614E-44
  141.6  7.02107169E-44
  141.7  7.02692622E-44
  141.8  7.03277973E-44
  141.9  7.03863222E-44
  142.  7.04448369E-44
  142.1  7.05033414E-44
  142.2  7.05618357E-44
  142.3  7.06203198E-44
  142.4  7.06787937E-44
  142.5  7.07372573E-44
  142.6  7.07957107E-44
  142.7  7.08541539E-44
  142.8  7.09125869E-44
  142.9  7.09710096E-44
  143.  7.1029422E-44
  143.1  7.10878242E-44
  143.2  7.11462162E-44
  143.3  7.12045979E-44
  143.4  7.12629693E-44
  143.5  7.13213304E-44
  143.6  7.13796813E-44
  143.7  7.1438022E-44
  143.8  7.14963523E-44
  143.9  7.15546723E-44
  144.  7.16129821E-44
  144.1  7.16712816E-44
  144.2  7.17295708E-44
  144.3  7.17878497E-44
  144.4  7.18461182E-44
  144.5  7.19043765E-44
  144.6  7.19626245E-44
  144.7  7.20208622E-44
  144.8  7.20790895E-44
  144.9  7.21373065E-44
  145.  7.21955132E-44
  145.1  7.22537096E-44
  145.2  7.23118957E-44
  145.3  7.23700714E-44
  145.4  7.24282368E-44
  145.5  7.24863918E-44
  145.6  7.25445365E-44
  145.7  7.26026709E-44
  145.8  7.26607949E-44
  145.9  7.27189085E-44
  146.  7.27770118E-44
  146.1  7.28351048E-44
  146.2  7.28931874E-44
  146.3  7.29512596E-44
  146.4  7.30093215E-44
  146.5  7.3067373E-44
  146.6  7.31254141E-44
  146.7  7.31834449E-44
  146.8  7.32414653E-44
  146.9  7.32994753E-44
  147.  7.33574749E-44
  147.1  7.34154642E-44
  147.2  7.3473443E-44
  147.3  7.35314115E-44
  147.4  7.35893696E-44
  147.5  7.36473173E-44
  147.6  7.37052546E-44
  147.7  7.37631815E-44
  147.8  7.3821098E-44
  147.9  7.38790041E-44
  148.  7.39368998E-44
  148.1  7.39947851E-44
  148.2  7.405266E-44
  148.3  7.41105245E-44
  148.4  7.41683786E-44
  148.5  7.42262223E-44
  148.6  7.42840556E-44
  148.7  7.43418784E-44
  148.8  7.43996908E-44
  148.9  7.44574928E-44
  149.  7.45152844E-44
  149.1  7.45730656E-44
  149.2  7.46308364E-44
  149.3  7.46885967E-44
  149.4  7.47463466E-44
  149.5  7.48040861E-44
  149.6  7.48618151E-44
  149.7  7.49195337E-44
  149.8  7.49772419E-44
  149.9  7.50349396E-44
  150.  7.5092627E-44
  150.1  7.51503038E-44
  150.2  7.52079703E-44
  150.3  7.52656263E-44
  150.4  7.53232719E-44
  150.5  7.5380907E-44
  150.6  7.54385317E-44
  150.7  7.54961459E-44
  150.8  7.55537498E-44
  150.9  7.56113431E-44
  151.  7.56689261E-44
  151.1  7.57264985E-44
  151.2  7.57840606E-44
  151.3  7.58416122E-44
  151.4  7.58991533E-44
  151.5  7.5956684E-44
  151.6  7.60142042E-44
  151.7  7.6071714E-44
  151.8  7.61292134E-44
  151.9  7.61867023E-44
  152.  7.62441808E-44
  152.1  7.63016488E-44
  152.2  7.63591063E-44
  152.3  7.64165534E-44
  152.4  7.64739901E-44
  152.5  7.65314163E-44
  152.6  7.6588832E-44
  152.7  7.66462373E-44
  152.8  7.67036321E-44
  152.9  7.67610165E-44
  153.  7.68183905E-44
  153.1  7.6875754E-44
  153.2  7.6933107E-44
  153.3  7.69904496E-44
  153.4  7.70477817E-44
  153.5  7.71051034E-44
  153.6  7.71624146E-44
  153.7  7.72197154E-44
  153.8  7.72770057E-44
  153.9  7.73342856E-44
  154.  7.7391555E-44
  154.1  7.7448814E-44
  154.2  7.75060625E-44
  154.3  7.75633006E-44
  154.4  7.76205282E-44
  154.5  7.76777454E-44
  154.6  7.77349521E-44
  154.7  7.77921484E-44
  154.8  7.78493342E-44
  154.9  7.79065096E-44
  155.  7.79636745E-44
  155.1  7.8020829E-44
  155.2  7.8077973E-44
  155.3  7.81351066E-44
  155.4  7.81922298E-44
  155.5  7.82493425E-44
  155.6  7.83064448E-44
  155.7  7.83635366E-44
  155.8  7.8420618E-44
  155.9  7.84776889E-44
  156.  7.85347494E-44
  156.1  7.85917995E-44
  156.2  7.86488391E-44
  156.3  7.87058683E-44
  156.4  7.87628871E-44
  156.5  7.88198954E-44
  156.6  7.88768933E-44
  156.7  7.89338808E-44
  156.8  7.89908578E-44
  156.9  7.90478244E-44
  157.  7.91047806E-44
  157.1  7.91617263E-44
  157.2  7.92186617E-44
  157.3  7.92755866E-44
  157.4  7.9332501E-44
  157.5  7.93894051E-44
  157.6  7.94462987E-44
  157.7  7.9503182E-44
  157.8  7.95600548E-44
  157.9  7.96169171E-44
  158.  7.96737691E-44
  158.1  7.97306107E-44
  158.2  7.97874418E-44
  158.3  7.98442626E-44
  158.4  7.99010729E-44
  158.5  7.99578728E-44
  158.6  8.00146623E-44
  158.7  8.00714415E-44
  158.8  8.01282102E-44
  158.9  8.01849685E-44
  159.  8.02417164E-44
  159.1  8.0298454E-44
  159.2  8.03551811E-44
  159.3  8.04118979E-44
  159.4  8.04686042E-44
  159.5  8.05253002E-44
  159.6  8.05819858E-44
  159.7  8.0638661E-44
  159.8  8.06953258E-44
  159.9  8.07519802E-44
  160.  8.08086243E-44
  160.1  8.0865258E-44
  160.2  8.09218813E-44
  160.3  8.09784943E-44
  160.4  8.10350968E-44
  160.5  8.10916891E-44
  160.6  8.11482709E-44
  160.7  8.12048424E-44
  160.8  8.12614035E-44
  160.9  8.13179543E-44
  161.  8.13744947E-44
  161.1  8.14310248E-44
  161.2  8.14875445E-44
  161.3  8.15440539E-44
  161.4  8.16005529E-44
  161.5  8.16570416E-44
  161.6  8.171352E-44
  161.7  8.1769988E-44
  161.8  8.18264456E-44
  161.9  8.1882893E-44
  162.  8.193933E-44
  162.1  8.19957567E-44
  162.2  8.20521731E-44
  162.3  8.21085791E-44
  162.4  8.21649748E-44
  162.5  8.22213602E-44
  162.6  8.22777353E-44
  162.7  8.23341001E-44
  162.8  8.23904546E-44
  162.9  8.24467988E-44
  163.  8.25031327E-44
  163.1  8.25594563E-44
  163.2  8.26157696E-44
  163.3  8.26720726E-44
  163.4  8.27283653E-44
  163.5  8.27846477E-44
  163.6  8.28409198E-44
  163.7  8.28971817E-44
  163.8  8.29534333E-44
  163.9  8.30096746E-44
  164.  8.30659056E-44
  164.1  8.31221264E-44
  164.2  8.31783369E-44
  164.3  8.32345371E-44
  164.4  8.32907271E-44
  164.5  8.33469068E-44
  164.6  8.34030763E-44
  164.7  8.34592356E-44
  164.8  8.35153845E-44
  164.9  8.35715233E-44
  165.  8.36276518E-44
  165.1  8.36837701E-44
  165.2  8.37398781E-44
  165.3  8.37959759E-44
  165.4  8.38520635E-44
  165.5  8.39081409E-44
  165.6  8.39642081E-44
  165.7  8.4020265E-44
  165.8  8.40763118E-44
  165.9  8.41323483E-44
  166.  8.41883746E-44
  166.1  8.42443907E-44
  166.2  8.43003967E-44
  166.3  8.43563924E-44
  166.4  8.44123779E-44
  166.5  8.44683533E-44
  166.6  8.45243185E-44
  166.7  8.45802735E-44
  166.8  8.46362183E-44
  166.9  8.4692153E-44
  167.  8.47480775E-44
  167.1  8.48039919E-44
  167.2  8.4859896E-44
  167.3  8.49157901E-44
  167.4  8.49716739E-44
  167.5  8.50275477E-44
  167.6  8.50834113E-44
  167.7  8.51392647E-44
  167.8  8.5195108E-44
  167.9  8.52509412E-44
  168.  8.53067643E-44
  168.1  8.53625772E-44
  168.2  8.541838E-44
  168.3  8.54741728E-44
  168.4  8.55299554E-44
  168.5  8.55857278E-44
  168.6  8.56414902E-44
  168.7  8.56972425E-44
  168.8  8.57529847E-44
  168.9  8.58087168E-44
  169.  8.58644389E-44
  169.1  8.59201508E-44
  169.2  8.59758527E-44
  169.3  8.60315445E-44
  169.4  8.60872262E-44
  169.5  8.61428979E-44
  169.6  8.61985595E-44
  169.7  8.62542111E-44
  169.8  8.63098526E-44
  169.9  8.6365484E-44
  170.  8.64211054E-44
