  0.1  0.
  0.2  0.
  0.3  0.
  0.4  0.
  0.5  0.
  0.6  0.
  0.7  0.
  0.8  0.
  0.9  0.
  1.  0.
  1.1  0.
  1.2  0.
  1.3  0.
  1.4  0.
  1.5  0.
  1.6  0.
  1.7  0.
  1.8  0.
  1.9  0.
  2.  0.
  2.1  0.
  2.2  0.
  2.3  0.
  2.4  0.
  2.5  0.
  2.6  0.
  2.7  0.
  2.8  0.
  2.9  0.
  3.  0.
  3.1  0.
  3.2  0.
  3.3  0.
  3.4  0.
  3.5  0.
  3.6  0.
  3.7  0.
  3.8  0.
  3.9  0.
  4.  0.
  4.1  0.
  4.2  0.
  4.3  0.
  4.4  0.
  4.5  0.
  4.6  0.
  4.7  0.
  4.8  0.
  4.9  0.
  5.  0.
  5.1  0.
  5.2  0.
  5.3  0.
  5.4  0.
  5.5  0.
  5.6  0.
  5.7  0.
  5.8  0.
  5.9  0.
  6.  0.
  6.1  0.
  6.2  0.
  6.3  0.
  6.4  0.
  6.5  0.
  6.6  0.
  6.7  0.
  6.8  0.
  6.9  0.
  7.  0.
  7.1  0.
  7.2  0.
  7.3  0.
  7.4  0.
  7.5  0.
  7.6  0.
  7.7  0.
  7.8  0.
  7.9  0.
  8.  0.
  8.1  0.
  8.2  0.
  8.3  0.
  8.4  0.
  8.5  0.
  8.6  0.
  8.7  0.
  8.8  0.
  8.9  0.
  9.  0.
  9.1  0.
  9.2  0.
  9.3  0.
  9.4  0.
  9.5  0.
  9.6  0.
  9.7  0.
  9.8  0.
  9.9  0.
  10.  0.
  10.1  0.
  10.2  0.
  10.3  0.
  10.4  0.
  10.5  0.
  10.6  0.
  10.7  0.
  10.8  0.
  10.9  0.
  11.  0.
  11.1  0.
  11.2  0.
  11.3  0.
  11.4  0.
  11.5  0.
  11.6  0.
  11.7  0.
  11.8  0.
  11.9  0.
  12.  0.
  12.1  0.
  12.2  0.
  12.3  0.
  12.4  0.
  12.5  0.
  12.6  0.
  12.7  0.
  12.8  0.
  12.9  0.
  13.  0.
  13.1  4.03517821E-47
  13.2  6.52989408E-47
  13.3  1.03723371E-46
  13.4  1.61632385E-46
  13.5  2.46953747E-46
  13.6  3.69736685E-46
  13.7  5.42142378E-46
  13.8  7.78094357E-46
  13.9  1.0924548E-45
  14.  1.49961989E-45
  14.1  2.01149807E-45
  14.2  2.63495355E-45
  14.3  3.36895672E-45
  14.4  4.20185661E-45
  14.5  5.10933709E-45
  14.6  6.05368229E-45
  14.7  6.98490714E-45
  14.8  7.8440761E-45
  14.9  8.5687469E-45
  15.  9.1E-45
  15.1  9.52476618E-45
  15.2  9.96460854E-45
  15.3  1.04197936E-44
  15.4  1.08905777E-44
  15.5  1.13772058E-44
  15.6  1.18799106E-44
  15.7  1.23989115E-44
  15.8  1.29344138E-44
  15.9  1.34866071E-44
  16.  1.4055665E-44
  16.1  1.46417436E-44
  16.2  1.52449803E-44
  16.3  1.58654934E-44
  16.4  1.65033803E-44
  16.5  1.71587169E-44
  16.6  1.78315568E-44
  16.7  1.85219296E-44
  16.8  1.92298404E-44
  16.9  1.99552689E-44
  17.  2.06981682E-44
  17.1  2.14584639E-44
  17.2  2.22360532E-44
  17.3  2.30308045E-44
  17.4  2.38425558E-44
  17.5  2.46711146E-44
  17.6  2.55162569E-44
  17.7  2.63777267E-44
  17.8  2.7255235E-44
  17.9  2.81484598E-44
  18.  2.90570453E-44
  18.1  2.99806012E-44
  18.2  3.09187032E-44
  18.3  3.18708917E-44
  18.4  3.28366724E-44
  18.5  3.38155157E-44
  18.6  3.4806857E-44
  18.7  3.58100962E-44
  18.8  3.68245987E-44
  18.9  3.78496948E-44
  19.  3.88846802E-44
  19.1  3.9928817E-44
  19.2  4.09813332E-44
  19.3  4.20414243E-44
  19.4  4.31082532E-44
  19.5  4.41809514E-44
  19.6  4.52586198E-44
  19.7  4.63403297E-44
  19.8  4.74251238E-44
  19.9  4.85120175E-44
  20.  4.96E-44
  20.1  5.07063954E-44
  20.2  5.18495838E-44
  20.3  5.30301083E-44
  20.4  5.4248494E-44
  20.5  5.55052445E-44
  20.6  5.68008383E-44
  20.7  5.81357247E-44
  20.8  5.95103199E-44
  20.9  6.09250029E-44
  21.  6.23801106E-44
  21.1  6.38759335E-44
  21.2  6.54127105E-44
  21.3  6.69906246E-44
  21.4  6.8609797E-44
  21.5  7.02702818E-44
  21.6  7.19720612E-44
  21.7  7.37150388E-44
  21.8  7.54990346E-44
  21.9  7.73237788E-44
  22.  7.91889058E-44
  22.1  8.1093948E-44
  22.2  8.30383298E-44
  22.3  8.50213615E-44
  22.4  8.70422328E-44
  22.5  8.91000069E-44
  22.6  9.11936144E-44
  22.7  9.33218469E-44
  22.8  9.5483352E-44
  22.9  9.76766265E-44
  23.  9.99000121E-44
  23.1  1.02151689E-43
  23.2  1.04429672E-43
  23.3  1.06731806E-43
  23.4  1.09055761E-43
  23.5  1.1139903E-43
  23.6  1.13758923E-43
  23.7  1.16132569E-43
  23.8  1.1851691E-43
  23.9  1.20908704E-43
  24.  1.2330452E-43
  24.1  1.25700742E-43
  24.2  1.28093571E-43
  24.3  1.30479024E-43
  24.4  1.32852939E-43
  24.5  1.35210981E-43
  24.6  1.37548648E-43
  24.7  1.39861273E-43
  24.8  1.42144038E-43
  24.9  1.4439198E-43
  25.  1.466E-43
  25.1  1.48799403E-43
  25.2  1.51024322E-43
  25.3  1.53273757E-43
  25.4  1.55546639E-43
  25.5  1.57841827E-43
  25.6  1.60158106E-43
  25.7  1.62494184E-43
  25.8  1.64848695E-43
  25.9  1.67220191E-43
  26.  1.69607145E-43
  26.1  1.72007949E-43
  26.2  1.74420913E-43
  26.3  1.76844262E-43
  26.4  1.79276139E-43
  26.5  1.81714601E-43
  26.6  1.84157619E-43
  26.7  1.86603082E-43
  26.8  1.89048789E-43
  26.9  1.91492459E-43
  27.  1.93931724E-43
  27.1  1.96364132E-43
  27.2  1.9878715E-43
  27.3  2.01198163E-43
  27.4  2.03594477E-43
  27.5  2.05973318E-43
  27.6  2.0833184E-43
  27.7  2.10667123E-43
  27.8  2.12976177E-43
  27.9  2.15255944E-43
  28.  2.17503306E-43
  28.1  2.19715083E-43
  28.2  2.21888043E-43
  28.3  2.24018902E-43
  28.4  2.26104331E-43
  28.5  2.28140962E-43
  28.6  2.30125395E-43
  28.7  2.32054199E-43
  28.8  2.33923924E-43
  28.9  2.35731105E-43
  29.  2.3747227E-43
  29.1  2.39143947E-43
  29.2  2.40742673E-43
  29.3  2.42265E-43
  29.4  2.43707506E-43
  29.5  2.45066803E-43
  29.6  2.46339542E-43
  29.7  2.47522429E-43
  29.8  2.48612231E-43
  29.9  2.49605782E-43
  30.  2.505E-43
  30.1  2.51344236E-43
  30.2  2.52189806E-43
  30.3  2.53036636E-43
  30.4  2.53884654E-43
  30.5  2.54733784E-43
  30.6  2.5558395E-43
  30.7  2.56435078E-43
  30.8  2.57287088E-43
  30.9  2.58139902E-43
  31.  2.58993442E-43
  31.1  2.59847627E-43
  31.2  2.60702375E-43
  31.3  2.61557604E-43
  31.4  2.62413231E-43
  31.5  2.63269172E-43
  31.6  2.64125342E-43
  31.7  2.64981654E-43
  31.8  2.65838022E-43
  31.9  2.66694357E-43
  32.  2.6755057E-43
  32.1  2.68406572E-43
  32.2  2.69262271E-43
  32.3  2.70117575E-43
  32.4  2.70972392E-43
  32.5  2.71826628E-43
  32.6  2.72680188E-43
  32.7  2.73532976E-43
  32.8  2.74384896E-43
  32.9  2.7523585E-43
  33.  2.76085739E-43
  33.1  2.76934463E-43
  33.2  2.77781924E-43
  33.3  2.78628018E-43
  33.4  2.79472644E-43
  33.5  2.80315699E-43
  33.6  2.81157078E-43
  33.7  2.81996676E-43
  33.8  2.82834387E-43
  33.9  2.83670105E-43
  34.  2.84503722E-43
  34.1  2.85335129E-43
  34.2  2.86164216E-43
  34.3  2.86990874E-43
  34.4  2.87814991E-43
  34.5  2.88636455E-43
  34.6  2.89455153E-43
  34.7  2.90270971E-43
  34.8  2.91083796E-43
  34.9  2.91893511E-43
  35.  2.927E-43
  35.1  2.93507047E-43
  35.2  2.94318432E-43
  35.3  2.95134033E-43
  35.4  2.95953726E-43
  35.5  2.96777385E-43
  35.6  2.97604885E-43
  35.7  2.98436096E-43
  35.8  2.99270889E-43
  35.9  3.00109132E-43
  36.  3.00950692E-43
  36.1  3.01795436E-43
  36.2  3.02643226E-43
  36.3  3.03493925E-43
  36.4  3.04347394E-43
  36.5  3.05203491E-43
  36.6  3.06062074E-43
  36.7  3.06922999E-43
  36.8  3.07786119E-43
  36.9  3.08651286E-43
  37.  3.09518351E-43
  37.1  3.10387164E-43
  37.2  3.1125757E-43
  37.3  3.12129415E-43
  37.4  3.13002544E-43
  37.5  3.13876797E-43
  37.6  3.14752015E-43
  37.7  3.15628036E-43
  37.8  3.16504697E-43
  37.9  3.17381833E-43
  38.  3.18259276E-43
  38.1  3.19136858E-43
  38.2  3.20014409E-43
  38.3  3.20891756E-43
  38.4  3.21768724E-43
  38.5  3.22645139E-43
  38.6  3.23520823E-43
  38.7  3.24395596E-43
  38.8  3.25269277E-43
  38.9  3.26141684E-43
  39.  3.27012631E-43
  39.1  3.27881932E-43
  39.2  3.287494E-43
  39.3  3.29614845E-43
  39.4  3.30478074E-43
  39.5  3.31338895E-43
  39.6  3.32197114E-43
  39.7  3.33052532E-43
  39.8  3.33904953E-43
  39.9  3.34754176E-43
  40.  3.356E-43
  40.1  3.36444574E-43
  40.2  3.37290183E-43
  40.3  3.38136827E-43
  40.4  3.38984506E-43
  40.5  3.3983322E-43
  40.6  3.40682969E-43
  40.7  3.41533753E-43
  40.8  3.42385572E-43
  40.9  3.43238427E-43
  41.  3.44092317E-43
  41.1  3.44947242E-43
  41.2  3.45803204E-43
  41.3  3.46660201E-43
  41.4  3.47518234E-43
  41.5  3.48377304E-43
  41.6  3.4923741E-43
  41.7  3.50098553E-43
  41.8  3.50960732E-43
  41.9  3.51823949E-43
  42.  3.52688203E-43
  42.1  3.53553495E-43
  42.2  3.54419824E-43
  42.3  3.55287192E-43
  42.4  3.56155598E-43
  42.5  3.57025044E-43
  42.6  3.57895528E-43
  42.7  3.58767052E-43
  42.8  3.59639615E-43
  42.9  3.60513219E-43
  43.  3.61387863E-43
  43.1  3.62263549E-43
  43.2  3.63140275E-43
  43.3  3.64018044E-43
  43.4  3.64896855E-43
  43.5  3.65776709E-43
  43.6  3.66657605E-43
  43.7  3.67539546E-43
  43.8  3.68422531E-43
  43.9  3.6930656E-43
  44.  3.70191635E-43
  44.1  3.71077756E-43
  44.2  3.71964923E-43
  44.3  3.72853137E-43
  44.4  3.73742398E-43
  44.5  3.74632708E-43
  44.6  3.75524066E-43
  44.7  3.76416474E-43
  44.8  3.77309932E-43
  44.9  3.7820444E-43
  45.  3.791E-43
  45.1  3.79997232E-43
  45.2  3.80896718E-43
  45.3  3.81798396E-43
  45.4  3.82702207E-43
  45.5  3.83608089E-43
  45.6  3.8451598E-43
  45.7  3.85425819E-43
  45.8  3.86337542E-43
  45.9  3.87251085E-43
  46.  3.88166384E-43
  46.1  3.89083374E-43
  46.2  3.9000199E-43
  46.3  3.90922164E-43
  46.4  3.91843832E-43
  46.5  3.92766924E-43
  46.6  3.93691374E-43
  46.7  3.94617111E-43
  46.8  3.95544067E-43
  46.9  3.96472172E-43
  47.  3.97401354E-43
  47.1  3.98331543E-43
  47.2  3.99262666E-43
  47.3  4.00194651E-43
  47.4  4.01127424E-43
  47.5  4.02060911E-43
  47.6  4.02995038E-43
  47.7  4.03929729E-43
  47.8  4.04864908E-43
  47.9  4.05800498E-43
  48.  4.06736423E-43
  48.1  4.07672603E-43
  48.2  4.08608961E-43
  48.3  4.09545417E-43
  48.4  4.10481891E-43
  48.5  4.11418302E-43
  48.6  4.12354568E-43
  48.7  4.13290609E-43
  48.8  4.1422634E-43
  48.9  4.15161679E-43
  49.  4.16096542E-43
  49.1  4.17030843E-43
  49.2  4.17964498E-43
  49.3  4.18897421E-43
  49.4  4.19829524E-43
  49.5  4.20760721E-43
  49.6  4.21690922E-43
  49.7  4.22620041E-43
  49.8  4.23547987E-43
  49.9  4.2447467E-43
  50.  4.254E-43
  50.1  4.26324172E-43
  50.2  4.27247478E-43
  50.3  4.2816997E-43
  50.4  4.290917E-43
  50.5  4.30012723E-43
  50.6  4.30933091E-43
  50.7  4.3185286E-43
  50.8  4.32772084E-43
  50.9  4.3369082E-43
  51.  4.34609123E-43
  51.1  4.35527049E-43
  51.2  4.36444658E-43
  51.3  4.37362005E-43
  51.4  4.38279151E-43
  51.5  4.39196152E-43
  51.6  4.4011307E-43
  51.7  4.41029964E-43
  51.8  4.41946895E-43
  51.9  4.42863923E-43
  52.  4.43781112E-43
  52.1  4.44698522E-43
  52.2  4.45616217E-43
  52.3  4.4653426E-43
  52.4  4.47452715E-43
  52.5  4.48371646E-43
  52.6  4.4929112E-43
  52.7  4.502112E-43
  52.8  4.51131954E-43
  52.9  4.52053448E-43
  53.  4.5297575E-43
  53.1  4.53898926E-43
  53.2  4.54823047E-43
  53.3  4.5574818E-43
  53.4  4.56674395E-43
  53.5  4.57601763E-43
  53.6  4.58530354E-43
  53.7  4.59460238E-43
  53.8  4.6039149E-43
  53.9  4.61324179E-43
  54.  4.6225838E-43
  54.1  4.63194167E-43
  54.2  4.64131612E-43
  54.3  4.65070791E-43
  54.4  4.6601178E-43
  54.5  4.66954654E-43
  54.6  4.6789949E-43
  54.7  4.68846364E-43
  54.8  4.69795355E-43
  54.9  4.70746541E-43
  55.  4.717E-43
  55.1  4.72655622E-43
  55.2  4.7361319E-43
  55.3  4.74572627E-43
  55.4  4.75533856E-43
  55.5  4.76496798E-43
  55.6  4.77461374E-43
  55.7  4.78427505E-43
  55.8  4.7939511E-43
  55.9  4.80364107E-43
  56.  4.81334416E-43
  56.1  4.82305953E-43
  56.2  4.83278636E-43
  56.3  4.84252381E-43
  56.4  4.85227104E-43
  56.5  4.86202719E-43
  56.6  4.87179141E-43
  56.7  4.88156283E-43
  56.8  4.89134057E-43
  56.9  4.90112378E-43
  57.  4.91091155E-43
  57.1  4.92070299E-43
  57.2  4.93049721E-43
  57.3  4.94029331E-43
  57.4  4.95009036E-43
  57.5  4.95988746E-43
  57.6  4.96968367E-43
  57.7  4.97947806E-43
  57.8  4.98926969E-43
  57.9  4.99905762E-43
  58.  5.00884089E-43
  58.1  5.01861854E-43
  58.2  5.0283896E-43
  58.3  5.03815311E-43
  58.4  5.04790808E-43
  58.5  5.05765352E-43
  58.6  5.06738844E-43
  58.7  5.07711183E-43
  58.8  5.0868227E-43
  58.9  5.09652002E-43
  59.  5.10620278E-43
  59.1  5.11586995E-43
  59.2  5.12552049E-43
  59.3  5.13515336E-43
  59.4  5.14476752E-43
  59.5  5.15436191E-43
  59.6  5.16393547E-43
  59.7  5.17348713E-43
  59.8  5.18301583E-43
  59.9  5.19252048E-43
  60.  5.202E-43
  60.1  5.21143849E-43
  60.2  5.22082155E-43
  60.3  5.23015031E-43
  60.4  5.23942593E-43
  60.5  5.24864958E-43
  60.6  5.25782244E-43
  60.7  5.26694569E-43
  60.8  5.27602054E-43
  60.9  5.2850482E-43
  61.  5.29402989E-43
  61.1  5.30296687E-43
  61.2  5.31186036E-43
  61.3  5.32071164E-43
  61.4  5.32952198E-43
  61.5  5.33829264E-43
  61.6  5.34702494E-43
  61.7  5.35572017E-43
  61.8  5.36437964E-43
  61.9  5.37300468E-43
  62.  5.38159663E-43
  62.1  5.39015683E-43
  62.2  5.39868664E-43
  62.3  5.40718742E-43
  62.4  5.41566055E-43
  62.5  5.42410742E-43
  62.6  5.43252942E-43
  62.7  5.44092797E-43
  62.8  5.44930447E-43
  62.9  5.45766035E-43
  63.  5.46599705E-43
  63.1  5.47431602E-43
  63.2  5.48261872E-43
  63.3  5.49090659E-43
  63.4  5.49918113E-43
  63.5  5.50744382E-43
  63.6  5.51569614E-43
  63.7  5.52393961E-43
  63.8  5.53217574E-43
  63.9  5.54040604E-43
  64.  5.54863205E-43
  64.1  5.55685532E-43
  64.2  5.56507739E-43
  64.3  5.57329982E-43
  64.4  5.58152418E-43
  64.5  5.58975206E-43
  64.6  5.59798503E-43
  64.7  5.6062247E-43
  64.8  5.61447267E-43
  64.9  5.62273056E-43
  65.  5.631E-43
  65.1  5.63927679E-43
  65.2  5.64755538E-43
  65.3  5.65583539E-43
  65.4  5.66411643E-43
  65.5  5.67239811E-43
  65.6  5.68068004E-43
  65.7  5.68896183E-43
  65.8  5.69724307E-43
  65.9  5.70552337E-43
  66.  5.71380234E-43
  66.1  5.72207956E-43
  66.2  5.73035463E-43
  66.3  5.73862714E-43
  66.4  5.74689669E-43
  66.5  5.75516287E-43
  66.6  5.76342525E-43
  66.7  5.77168343E-43
  66.8  5.77993699E-43
  66.9  5.7881855E-43
  67.  5.79642854E-43
  67.1  5.8046657E-43
  67.2  5.81289654E-43
  67.3  5.82112064E-43
  67.4  5.82933757E-43
  67.5  5.83754688E-43
  67.6  5.84574816E-43
  67.7  5.85394095E-43
  67.8  5.86212483E-43
  67.9  5.87029935E-43
  68.  5.87846407E-43
  68.1  5.88661855E-43
  68.2  5.89476233E-43
  68.3  5.90289496E-43
  68.4  5.91101601E-43
  68.5  5.919125E-43
  68.6  5.9272215E-43
  68.7  5.93530503E-43
  68.8  5.94337515E-43
  68.9  5.95143138E-43
  69.  5.95947328E-43
  69.1  5.96750036E-43
  69.2  5.97551217E-43
  69.3  5.98350823E-43
  69.4  5.99148808E-43
  69.5  5.99945123E-43
  69.6  6.00739723E-43
  69.7  6.01532558E-43
  69.8  6.02323582E-43
  69.9  6.03112745E-43
  70.  6.039E-43
  70.1  6.04685483E-43
  70.2  6.05469333E-43
  70.3  6.06251508E-43
  70.4  6.07031965E-43
  70.5  6.07810661E-43
  70.6  6.08587552E-43
  70.7  6.09362594E-43
  70.8  6.10135745E-43
  70.9  6.1090696E-43
  71.  6.11676195E-43
  71.1  6.12443407E-43
  71.2  6.13208551E-43
  71.3  6.13971582E-43
  71.4  6.14732457E-43
  71.5  6.15491129E-43
  71.6  6.16247556E-43
  71.7  6.1700169E-43
  71.8  6.17753488E-43
  71.9  6.18502904E-43
  72.  6.19249893E-43
  72.1  6.19994408E-43
  72.2  6.20736405E-43
  72.3  6.21475836E-43
  72.4  6.22212658E-43
  72.5  6.22946822E-43
  72.6  6.23678284E-43
  72.7  6.24406996E-43
  72.8  6.25132911E-43
  72.9  6.25855985E-43
  73.  6.26576169E-43
  73.1  6.27293416E-43
  73.2  6.2800768E-43
  73.3  6.28718914E-43
  73.4  6.2942707E-43
  73.5  6.30132101E-43
  73.6  6.30833959E-43
  73.7  6.31532597E-43
  73.8  6.32227967E-43
  73.9  6.32920021E-43
  74.  6.33608711E-43
  74.1  6.3429399E-43
  74.2  6.34975809E-43
  74.3  6.3565412E-43
  74.4  6.36328874E-43
  74.5  6.37000024E-43
  74.6  6.3766752E-43
  74.7  6.38331315E-43
  74.8  6.38991359E-43
  74.9  6.39647603E-43
  75.  6.403E-43
  75.1  6.40949489E-43
  75.2  6.41597041E-43
  75.3  6.42242658E-43
  75.4  6.42886337E-43
  75.5  6.43528079E-43
  75.6  6.44167883E-43
  75.7  6.44805748E-43
  75.8  6.45441675E-43
  75.9  6.46075661E-43
  76.  6.46707709E-43
  76.1  6.47337816E-43
  76.2  6.47965982E-43
  76.3  6.48592208E-43
  76.4  6.49216494E-43
  76.5  6.49838838E-43
  76.6  6.50459242E-43
  76.7  6.51077704E-43
  76.8  6.51694225E-43
  76.9  6.52308805E-43
  77.  6.52921444E-43
  77.1  6.53532142E-43
  77.2  6.541409E-43
  77.3  6.54747717E-43
  77.4  6.55352593E-43
  77.5  6.55955529E-43
  77.6  6.56556526E-43
  77.7  6.57155582E-43
  77.8  6.577527E-43
  77.9  6.5834788E-43
  78.  6.58941121E-43
  78.1  6.59532424E-43
  78.2  6.6012179E-43
  78.3  6.6070922E-43
  78.4  6.61294714E-43
  78.5  6.61878272E-43
  78.6  6.62459896E-43
  78.7  6.63039587E-43
  78.8  6.63617344E-43
  78.9  6.64193169E-43
  79.  6.64767063E-43
  79.1  6.65339026E-43
  79.2  6.6590906E-43
  79.3  6.66477166E-43
  79.4  6.67043344E-43
  79.5  6.67607596E-43
  79.6  6.68169923E-43
  79.7  6.68730325E-43
  79.8  6.69288805E-43
  79.9  6.69845363E-43
  80.  6.704E-43
  80.1  6.70953622E-43
  80.2  6.715071E-43
  80.3  6.72060384E-43
  80.4  6.72613425E-43
  80.5  6.73166174E-43
  80.6  6.73718579E-43
  80.7  6.74270592E-43
  80.8  6.74822161E-43
  80.9  6.75373237E-43
  81.  6.75923769E-43
  81.1  6.76473707E-43
  81.2  6.77022999E-43
  81.3  6.77571594E-43
  81.4  6.78119441E-43
  81.5  6.7866649E-43
  81.6  6.79212688E-43
  81.7  6.79757984E-43
  81.8  6.80302326E-43
  81.9  6.80845662E-43
  82.  6.8138794E-43
  82.1  6.81929108E-43
  82.2  6.82469113E-43
  82.3  6.83007904E-43
  82.4  6.83545426E-43
  82.5  6.84081628E-43
  82.6  6.84616456E-43
  82.7  6.85149857E-43
  82.8  6.85681779E-43
  82.9  6.86212166E-43
  83.  6.86740967E-43
  83.1  6.87268127E-43
  83.2  6.87793592E-43
  83.3  6.88317309E-43
  83.4  6.88839223E-43
  83.5  6.8935928E-43
  83.6  6.89877426E-43
  83.7  6.90393606E-43
  83.8  6.90907765E-43
  83.9  6.91419849E-43
  84.  6.91929802E-43
  84.1  6.92437571E-43
  84.2  6.92943098E-43
  84.3  6.9344633E-43
  84.4  6.93947211E-43
  84.5  6.94445685E-43
  84.6  6.94941696E-43
  84.7  6.95435189E-43
  84.8  6.95926108E-43
  84.9  6.96414397E-43
  85.  6.969E-43
  85.1  6.97383641E-43
  85.2  6.97866078E-43
  85.3  6.98347307E-43
  85.4  6.9882732E-43
  85.5  6.99306114E-43
  85.6  6.99783683E-43
  85.7  7.0026002E-43
  85.8  7.00735121E-43
  85.9  7.0120898E-43
  86.  7.01681591E-43
  86.1  7.0215295E-43
  86.2  7.0262305E-43
  86.3  7.03091886E-43
  86.4  7.03559452E-43
  86.5  7.04025744E-43
  86.6  7.04490755E-43
  86.7  7.0495448E-43
  86.8  7.05416913E-43
  86.9  7.0587805E-43
  87.  7.06337884E-43
  87.1  7.0679641E-43
  87.2  7.07253622E-43
  87.3  7.07709516E-43
  87.4  7.08164085E-43
  87.5  7.08617324E-43
  87.6  7.09069228E-43
  87.7  7.09519791E-43
  87.8  7.09969007E-43
  87.9  7.10416871E-43
  88.  7.10863378E-43
  88.1  7.11308522E-43
  88.2  7.11752297E-43
  88.3  7.12194699E-43
  88.4  7.12635721E-43
  88.5  7.13075358E-43
  88.6  7.13513605E-43
  88.7  7.13950456E-43
  88.8  7.14385905E-43
  88.9  7.14819948E-43
  89.  7.15252578E-43
  89.1  7.15683791E-43
  89.2  7.1611358E-43
  89.3  7.16541941E-43
  89.4  7.16968867E-43
  89.5  7.17394354E-43
  89.6  7.17818395E-43
  89.7  7.18240986E-43
  89.8  7.18662121E-43
  89.9  7.19081794E-43
  90.  7.195E-43
  90.1  7.19917086E-43
  90.2  7.20333392E-43
  90.3  7.20748903E-43
  90.4  7.21163604E-43
  90.5  7.2157748E-43
  90.6  7.21990516E-43
  90.7  7.22402698E-43
  90.8  7.22814009E-43
  90.9  7.23224435E-43
  91.  7.23633961E-43
  91.1  7.24042572E-43
  91.2  7.24450252E-43
  91.3  7.24856987E-43
  91.4  7.2526276E-43
  91.5  7.25667557E-43
  91.6  7.26071362E-43
  91.7  7.26474161E-43
  91.8  7.26875937E-43
  91.9  7.27276676E-43
  92.  7.27676362E-43
  92.1  7.28074979E-43
  92.2  7.28472513E-43
  92.3  7.28868947E-43
  92.4  7.29264267E-43
  92.5  7.29658456E-43
  92.6  7.30051499E-43
  92.7  7.30443381E-43
  92.8  7.30834087E-43
  92.9  7.31223599E-43
  93.  7.31611903E-43
  93.1  7.31998984E-43
  93.2  7.32384825E-43
  93.3  7.3276941E-43
  93.4  7.33152725E-43
  93.5  7.33534753E-43
  93.6  7.33915478E-43
  93.7  7.34294886E-43
  93.8  7.34672959E-43
  93.9  7.35049682E-43
  94.  7.3542504E-43
  94.1  7.35799016E-43
  94.2  7.36171594E-43
  94.3  7.3654276E-43
  94.4  7.36912495E-43
  94.5  7.37280786E-43
  94.6  7.37647615E-43
  94.7  7.38012967E-43
  94.8  7.38376826E-43
  94.9  7.38739176E-43
  95.  7.391E-43
  95.1  7.39459283E-43
  95.2  7.39817009E-43
  95.3  7.40173161E-43
  95.4  7.40527723E-43
  95.5  7.4088068E-43
  95.6  7.41232015E-43
  95.7  7.41581712E-43
  95.8  7.41929755E-43
  95.9  7.42276127E-43
  96.  7.42620813E-43
  96.1  7.42963796E-43
  96.2  7.4330506E-43
  96.3  7.43644589E-43
  96.4  7.43982367E-43
  96.5  7.44318376E-43
  96.6  7.44652602E-43
  96.7  7.44985027E-43
  96.8  7.45315636E-43
  96.9  7.45644412E-43
  97.  7.45971339E-43
  97.1  7.462964E-43
  97.2  7.46619579E-43
  97.3  7.4694086E-43
  97.4  7.47260226E-43
  97.5  7.47577662E-43
  97.6  7.4789315E-43
  97.7  7.48206674E-43
  97.8  7.48518218E-43
  97.9  7.48827765E-43
  98.  7.491353E-43
  98.1  7.49440805E-43
  98.2  7.49744265E-43
  98.3  7.50045662E-43
  98.4  7.5034498E-43
  98.5  7.50642204E-43
  98.6  7.50937316E-43
  98.7  7.512303E-43
  98.8  7.51521139E-43
  98.9  7.51809818E-43
  99.  7.52096319E-43
  99.1  7.52380626E-43
  99.2  7.52662724E-43
  99.3  7.52942594E-43
  99.4  7.53220222E-43
  99.5  7.53495589E-43
  99.6  7.53768681E-43
  99.7  7.5403948E-43
  99.8  7.5430797E-43
  99.9  7.54574134E-43
  100.  7.54837957E-43
  100.1  7.55099421E-43
  100.2  7.5535851E-43
  100.3  7.55615208E-43
  100.4  7.55869498E-43
  100.5  7.56121364E-43
  100.6  7.5637079E-43
  100.7  7.56617758E-43
  100.8  7.56862253E-43
  100.9  7.57104257E-43
  101.  7.57343756E-43
  101.1  7.57580732E-43
  101.2  7.57815168E-43
  101.3  7.58047049E-43
  101.4  7.58276358E-43
  101.5  7.58503079E-43
  101.6  7.58727195E-43
  101.7  7.58948691E-43
  101.8  7.59167548E-43
  101.9  7.59383752E-43
  102.  7.59597286E-43
  102.1  7.59808134E-43
  102.2  7.60016279E-43
  102.3  7.60221705E-43
  102.4  7.60424397E-43
  102.5  7.60624336E-43
  102.6  7.60821508E-43
  102.7  7.61015896E-43
  102.8  7.61207484E-43
  102.9  7.61396256E-43
  103.  7.61582195E-43
  103.1  7.61765285E-43
  103.2  7.61945511E-43
  103.3  7.62122856E-43
  103.4  7.62297304E-43
  103.5  7.62468839E-43
  103.6  7.62637445E-43
  103.7  7.62803106E-43
  103.8  7.62965805E-43
  103.9  7.63125527E-43
  104.  7.63282257E-43
  104.1  7.63435977E-43
  104.2  7.63586672E-43
  104.3  7.63734326E-43
  104.4  7.63878924E-43
  104.5  7.64020449E-43
  104.6  7.64158885E-43
  104.7  7.64294217E-43
  104.8  7.6442643E-43
  104.9  7.64555506E-43
  105.  7.64681431E-43
  105.1  7.64804189E-43
  105.2  7.64923764E-43
  105.3  7.65040141E-43
  105.4  7.65153304E-43
  105.5  7.65263237E-43
  105.6  7.65369925E-43
  105.7  7.65473353E-43
  105.8  7.65573505E-43
  105.9  7.65670365E-43
  106.  7.65763919E-43
  106.1  7.6585415E-43
  106.2  7.65941044E-43
  106.3  7.66024586E-43
  106.4  7.66104759E-43
  106.5  7.66181549E-43
  106.6  7.66254941E-43
  106.7  7.66324919E-43
  106.8  7.66391469E-43
  106.9  7.66454576E-43
  107.  7.66514223E-43
  107.1  7.66570398E-43
  107.2  7.66623083E-43
  107.3  7.66672266E-43
  107.4  7.6671793E-43
  107.5  7.66760062E-43
  107.6  7.66798646E-43
  107.7  7.66833668E-43
  107.8  7.66865112E-43
  107.9  7.66892965E-43
  108.  7.66917212E-43
  108.1  7.66937839E-43
  108.2  7.6695483E-43
  108.3  7.66968172E-43
  108.4  7.6697785E-43
  108.5  7.6698385E-43
  108.6  7.66986158E-43
  108.7  7.66984759E-43
  108.8  7.6697964E-43
  108.9  7.66970786E-43
  109.  7.66958183E-43
  109.1  7.66941818E-43
  109.2  7.66921676E-43
  109.3  7.66897743E-43
  109.4  7.66870006E-43
  109.5  7.66838452E-43
  109.6  7.66803065E-43
  109.7  7.66763833E-43
  109.8  7.66720743E-43
  109.9  7.6667378E-43
  110.  7.66622931E-43
  110.1  7.66568183E-43
  110.2  7.66509522E-43
  110.3  7.66446936E-43
  110.4  7.66380411E-43
  110.5  7.66309934E-43
  110.6  7.66235492E-43
  110.7  7.66157071E-43
  110.8  7.6607466E-43
  110.9  7.65988245E-43
  111.  7.65897813E-43
  111.1  7.65803352E-43
  111.2  7.65704849E-43
  111.3  7.65602292E-43
  111.4  7.65495668E-43
  111.5  7.65384964E-43
  111.6  7.65270168E-43
  111.7  7.65151269E-43
  111.8  7.65028253E-43
  111.9  7.64901109E-43
  112.  7.64769824E-43
  112.1  7.64634387E-43
  112.2  7.64494786E-43
  112.3  7.64351008E-43
  112.4  7.64203043E-43
  112.5  7.64050878E-43
  112.6  7.63894502E-43
  112.7  7.63733904E-43
  112.8  7.63569072E-43
  112.9  7.63399994E-43
  113.  7.6322666E-43
  113.1  7.63049058E-43
  113.2  7.62867177E-43
  113.3  7.62681007E-43
  113.4  7.62490535E-43
  113.5  7.62295753E-43
  113.6  7.62096648E-43
  113.7  7.6189321E-43
  113.8  7.61685428E-43
  113.9  7.61473293E-43
  114.  7.61256793E-43
  114.1  7.61035919E-43
  114.2  7.6081066E-43
  114.3  7.60581006E-43
  114.4  7.60346947E-43
  114.5  7.60108473E-43
  114.6  7.59865574E-43
  114.7  7.59618241E-43
  114.8  7.59366464E-43
  114.9  7.59110234E-43
  115.  7.58849541E-43
  115.1  7.58584375E-43
  115.2  7.58314727E-43
  115.3  7.58040589E-43
  115.4  7.57761951E-43
  115.5  7.57478805E-43
  115.6  7.57191141E-43
  115.7  7.5689895E-43
  115.8  7.56602225E-43
  115.9  7.56300956E-43
  116.  7.55995135E-43
  116.1  7.55684754E-43
  116.2  7.55369805E-43
  116.3  7.55050279E-43
  116.4  7.54726168E-43
  116.5  7.54397465E-43
  116.6  7.54064162E-43
  116.7  7.53726251E-43
  116.8  7.53383724E-43
  116.9  7.53036574E-43
  117.  7.52684794E-43
  117.1  7.52328376E-43
  117.2  7.51967314E-43
  117.3  7.51601599E-43
  117.4  7.51231227E-43
  117.5  7.50856188E-43
  117.6  7.50476478E-43
  117.7  7.50092089E-43
  117.8  7.49703015E-43
  117.9  7.49309249E-43
  118.  7.48910785E-43
  118.1  7.48507618E-43
  118.2  7.48099741E-43
  118.3  7.47687149E-43
  118.4  7.47269835E-43
  118.5  7.46847794E-43
  118.6  7.4642102E-43
  118.7  7.45989509E-43
  118.8  7.45553255E-43
  118.9  7.45112252E-43
  119.  7.44666496E-43
  119.1  7.44215982E-43
  119.2  7.43760705E-43
  119.3  7.43300661E-43
  119.4  7.42835844E-43
  119.5  7.42366251E-43
  119.6  7.41891877E-43
  119.7  7.41412718E-43
  119.8  7.4092877E-43
  119.9  7.4044003E-43
  120.  7.39946493E-43
  120.1  7.39448156E-43
  120.2  7.38945015E-43
  120.3  7.38437068E-43
  120.4  7.3792431E-43
  120.5  7.37406738E-43
  120.6  7.36884351E-43
  120.7  7.36357144E-43
  120.8  7.35825116E-43
  120.9  7.35288263E-43
  121.  7.34746583E-43
  121.1  7.34200074E-43
  121.2  7.33648734E-43
  121.3  7.3309256E-43
  121.4  7.32531551E-43
  121.5  7.31965706E-43
  121.6  7.31395021E-43
  121.7  7.30819497E-43
  121.8  7.30239131E-43
  121.9  7.29653922E-43
  122.  7.2906387E-43
  122.1  7.28468973E-43
  122.2  7.2786923E-43
  122.3  7.27264642E-43
  122.4  7.26655206E-43
  122.5  7.26040924E-43
  122.6  7.25421795E-43
  122.7  7.24797818E-43
  122.8  7.24168994E-43
  122.9  7.23535323E-43
  123.  7.22896806E-43
  123.1  7.22253442E-43
  123.2  7.21605232E-43
  123.3  7.20952178E-43
  123.4  7.2029428E-43
  123.5  7.19631539E-43
  123.6  7.18963956E-43
  123.7  7.18291533E-43
  123.8  7.17614272E-43
  123.9  7.16932173E-43
  124.  7.16245239E-43
  124.1  7.15553471E-43
  124.2  7.14856873E-43
  124.3  7.14155445E-43
  124.4  7.1344919E-43
  124.5  7.12738112E-43
  124.6  7.12022212E-43
  124.7  7.11301493E-43
  124.8  7.10575959E-43
  124.9  7.09845612E-43
  125.  7.09110456E-43
  125.1  7.08370494E-43
  125.2  7.0762573E-43
  125.3  7.06876167E-43
  125.4  7.0612181E-43
  125.5  7.05362662E-43
  125.6  7.04598728E-43
  125.7  7.03830011E-43
  125.8  7.03056518E-43
  125.9  7.02278251E-43
  126.  7.01495216E-43
  126.1  7.00707418E-43
  126.2  6.99914862E-43
  126.3  6.99117553E-43
  126.4  6.98315496E-43
  126.5  6.97508698E-43
  126.6  6.96697164E-43
  126.7  6.95880899E-43
  126.8  6.9505991E-43
  126.9  6.94234203E-43
  127.  6.93403784E-43
  127.1  6.9256866E-43
  127.2  6.91728837E-43
  127.3  6.90884322E-43
  127.4  6.90035123E-43
  127.5  6.89181245E-43
  127.6  6.88322697E-43
  127.7  6.87459486E-43
  127.8  6.86591619E-43
  127.9  6.85719105E-43
  128.  6.8484195E-43
  128.1  6.83960164E-43
  128.2  6.83073753E-43
  128.3  6.82182727E-43
  128.4  6.81287095E-43
  128.5  6.80386864E-43
  128.6  6.79482043E-43
  128.7  6.78572642E-43
  128.8  6.7765867E-43
  128.9  6.76740135E-43
  129.  6.75817048E-43
  129.1  6.74889417E-43
  129.2  6.73957254E-43
  129.3  6.73020566E-43
  129.4  6.72079366E-43
  129.5  6.71133662E-43
  129.6  6.70183465E-43
  129.7  6.69228785E-43
  129.8  6.68269635E-43
  129.9  6.67306023E-43
  130.  6.66337961E-43
  130.1  6.6536546E-43
  130.2  6.64388532E-43
  130.3  6.63407188E-43
  130.4  6.6242144E-43
  130.5  6.61431298E-43
  130.6  6.60436776E-43
  130.7  6.59437885E-43
  130.8  6.58434638E-43
  130.9  6.57427046E-43
  131.  6.56415123E-43
  131.1  6.55398881E-43
  131.2  6.54378333E-43
  131.3  6.53353491E-43
  131.4  6.52324369E-43
  131.5  6.51290981E-43
  131.6  6.50253339E-43
  131.7  6.49211457E-43
  131.8  6.48165349E-43
  131.9  6.47115029E-43
  132.  6.46060511E-43
  132.1  6.45001809E-43
  132.2  6.43938937E-43
  132.3  6.4287191E-43
  132.4  6.41800743E-43
  132.5  6.40725449E-43
  132.6  6.39646045E-43
  132.7  6.38562546E-43
  132.8  6.37474965E-43
  132.9  6.3638332E-43
  133.  6.35287625E-43
  133.1  6.34187896E-43
  133.2  6.33084149E-43
  133.3  6.319764E-43
  133.4  6.30864664E-43
  133.5  6.29748959E-43
  133.6  6.28629301E-43
  133.7  6.27505705E-43
  133.8  6.2637819E-43
  133.9  6.25246771E-43
  134.  6.24111465E-43
  134.1  6.2297229E-43
  134.2  6.21829264E-43
  134.3  6.20682403E-43
  134.4  6.19531724E-43
  134.5  6.18377246E-43
  134.6  6.17218987E-43
  134.7  6.16056964E-43
  134.8  6.14891196E-43
  134.9  6.137217E-43
  135.  6.12548495E-43
  135.1  6.113716E-43
  135.2  6.10191033E-43
  135.3  6.09006814E-43
  135.4  6.0781896E-43
  135.5  6.06627491E-43
  135.6  6.05432427E-43
  135.7  6.04233786E-43
  135.8  6.03031588E-43
  135.9  6.01825852E-43
  136.  6.00616599E-43
  136.1  5.99403848E-43
  136.2  5.9818762E-43
  136.3  5.96967933E-43
  136.4  5.95744809E-43
  136.5  5.94518268E-43
  136.6  5.9328833E-43
  136.7  5.92055017E-43
  136.8  5.90818348E-43
  136.9  5.89578344E-43
  137.  5.88335028E-43
  137.1  5.87088419E-43
  137.2  5.85838539E-43
  137.3  5.8458541E-43
  137.4  5.83329052E-43
  137.5  5.82069488E-43
  137.6  5.8080674E-43
  137.7  5.79540828E-43
  137.8  5.78271776E-43
  137.9  5.76999605E-43
  138.  5.75724337E-43
  138.1  5.74445995E-43
  138.2  5.73164601E-43
  138.3  5.71880178E-43
  138.4  5.70592748E-43
  138.5  5.69302335E-43
  138.6  5.68008961E-43
  138.7  5.66712649E-43
  138.8  5.65413422E-43
  138.9  5.64111303E-43
  139.  5.62806317E-43
  139.1  5.61498486E-43
  139.2  5.60187833E-43
  139.3  5.58874383E-43
  139.4  5.5755816E-43
  139.5  5.56239186E-43
  139.6  5.54917487E-43
  139.7  5.53593085E-43
  139.8  5.52266007E-43
  139.9  5.50936274E-43
  140.  5.49603913E-43
  140.1  5.48268947E-43
  140.2  5.46931402E-43
  140.3  5.45591301E-43
  140.4  5.44248669E-43
  140.5  5.42903532E-43
  140.6  5.41555914E-43
  140.7  5.40205841E-43
  140.8  5.38853337E-43
  140.9  5.37498428E-43
  141.  5.36141138E-43
  141.1  5.34781495E-43
  141.2  5.33419522E-43
  141.3  5.32055245E-43
  141.4  5.30688691E-43
  141.5  5.29319885E-43
  141.6  5.27948852E-43
  141.7  5.26575619E-43
  141.8  5.25200212E-43
  141.9  5.23822656E-43
  142.  5.22442978E-43
  142.1  5.21061205E-43
  142.2  5.19677361E-43
  142.3  5.18291475E-43
  142.4  5.16903571E-43
  142.5  5.15513678E-43
  142.6  5.1412182E-43
  142.7  5.12728026E-43
  142.8  5.11332321E-43
  142.9  5.09934733E-43
  143.  5.08535288E-43
  143.1  5.07134014E-43
  143.2  5.05730937E-43
  143.3  5.04326084E-43
  143.4  5.02919483E-43
  143.5  5.0151116E-43
  143.6  5.00101144E-43
  143.7  4.9868946E-43
  143.8  4.97276138E-43
  143.9  4.95861203E-43
  144.  4.94444684E-43
  144.1  4.93026608E-43
  144.2  4.91607003E-43
  144.3  4.90185895E-43
  144.4  4.88763314E-43
  144.5  4.87339287E-43
  144.6  4.8591384E-43
  144.7  4.84487004E-43
  144.8  4.83058804E-43
  144.9  4.81629269E-43
  145.  4.80198427E-43
  145.1  4.78766307E-43
  145.2  4.77332935E-43
  145.3  4.75898341E-43
  145.4  4.74462552E-43
  145.5  4.73025596E-43
  145.6  4.71587501E-43
  145.7  4.70148297E-43
  145.8  4.68708011E-43
  145.9  4.6726667E-43
  146.  4.65824305E-43
  146.1  4.64380942E-43
  146.2  4.62936611E-43
  146.3  4.6149134E-43
  146.4  4.60045157E-43
  146.5  4.5859809E-43
  146.6  4.57150169E-43
  146.7  4.55701421E-43
  146.8  4.54251875E-43
  146.9  4.52801559E-43
  147.  4.51350503E-43
  147.1  4.49898734E-43
  147.2  4.48446282E-43
  147.3  4.46993174E-43
  147.4  4.4553944E-43
  147.5  4.44085108E-43
  147.6  4.42630206E-43
  147.7  4.41174764E-43
  147.8  4.3971881E-43
  147.9  4.38262372E-43
  148.  4.36805479E-43
  148.1  4.35348159E-43
  148.2  4.33890443E-43
  148.3  4.32432357E-43
  148.4  4.30973931E-43
  148.5  4.29515193E-43
  148.6  4.28056172E-43
  148.7  4.26596897E-43
  148.8  4.25137395E-43
  148.9  4.23677697E-43
  149.  4.22217829E-43
  149.1  4.20757822E-43
  149.2  4.19297703E-43
  149.3  4.17837501E-43
  149.4  4.16377244E-43
  149.5  4.14916962E-43
  149.6  4.13456682E-43
  149.7  4.11996433E-43
  149.8  4.10536244E-43
  149.9  4.09076143E-43
  150.  4.07616158E-43
  150.1  4.06156318E-43
  150.2  4.0469665E-43
  150.3  4.03237185E-43
  150.4  4.01777949E-43
  150.5  4.00318971E-43
  150.6  3.98860279E-43
  150.7  3.97401902E-43
  150.8  3.95943868E-43
  150.9  3.94486204E-43
  151.  3.9302894E-43
  151.1  3.91572102E-43
  151.2  3.90115719E-43
  151.3  3.88659819E-43
  151.4  3.87204431E-43
  151.5  3.85749581E-43
  151.6  3.84295298E-43
  151.7  3.82841609E-43
  151.8  3.81388543E-43
  151.9  3.79936126E-43
  152.  3.78484387E-43
  152.1  3.77033354E-43
  152.2  3.75583053E-43
  152.3  3.74133513E-43
  152.4  3.72684761E-43
  152.5  3.71236823E-43
  152.6  3.69789729E-43
  152.7  3.68343504E-43
  152.8  3.66898176E-43
  152.9  3.65453772E-43
  153.  3.6401032E-43
  153.1  3.62567846E-43
  153.2  3.61126377E-43
  153.3  3.5968594E-43
  153.4  3.58246562E-43
  153.5  3.5680827E-43
  153.6  3.55371091E-43
  153.7  3.5393505E-43
  153.8  3.52500176E-43
  153.9  3.51066493E-43
  154.  3.49634029E-43
  154.1  3.48202809E-43
  154.2  3.46772861E-43
  154.3  3.4534421E-43
  154.4  3.43916882E-43
  154.5  3.42490903E-43
  154.6  3.410663E-43
  154.7  3.39643098E-43
  154.8  3.38221322E-43
  154.9  3.36800999E-43
  155.  3.35382154E-43
  155.1  3.33964813E-43
  155.2  3.32549001E-43
  155.3  3.31134742E-43
  155.4  3.29722064E-43
  155.5  3.2831099E-43
  155.6  3.26901545E-43
  155.7  3.25493755E-43
  155.8  3.24087644E-43
  155.9  3.22683238E-43
  156.  3.2128056E-43
  156.1  3.19879636E-43
  156.2  3.18480489E-43
  156.3  3.17083145E-43
  156.4  3.15687627E-43
  156.5  3.14293959E-43
  156.6  3.12902166E-43
  156.7  3.11512272E-43
  156.8  3.10124299E-43
  156.9  3.08738273E-43
  157.  3.07354216E-43
  157.1  3.05972152E-43
  157.2  3.04592105E-43
  157.3  3.03214097E-43
  157.4  3.01838152E-43
  157.5  3.00464293E-43
  157.6  2.99092543E-43
  157.7  2.97722925E-43
  157.8  2.9635546E-43
  157.9  2.94990173E-43
  158.  2.93627085E-43
  158.1  2.92266219E-43
  158.2  2.90907596E-43
  158.3  2.8955124E-43
  158.4  2.88197171E-43
  158.5  2.86845413E-43
  158.6  2.85495985E-43
  158.7  2.84148911E-43
  158.8  2.82804212E-43
  158.9  2.81461908E-43
  159.  2.80122021E-43
  159.1  2.78784573E-43
  159.2  2.77449584E-43
  159.3  2.76117075E-43
  159.4  2.74787066E-43
  159.5  2.73459579E-43
  159.6  2.72134633E-43
  159.7  2.70812249E-43
  159.8  2.69492448E-43
  159.9  2.68175248E-43
  160.  2.66860671E-43
  160.1  2.65548735E-43
  160.2  2.6423946E-43
  160.3  2.62932867E-43
  160.4  2.61628974E-43
  160.5  2.603278E-43
  160.6  2.59029364E-43
  160.7  2.57733686E-43
  160.8  2.56440784E-43
  160.9  2.55150677E-43
  161.  2.53863383E-43
  161.1  2.52578921E-43
  161.2  2.51297308E-43
  161.3  2.50018563E-43
  161.4  2.48742704E-43
  161.5  2.47469749E-43
  161.6  2.46199714E-43
  161.7  2.44932618E-43
  161.8  2.43668478E-43
  161.9  2.42407312E-43
  162.  2.41149135E-43
  162.1  2.39893965E-43
  162.2  2.38641819E-43
  162.3  2.37392713E-43
  162.4  2.36146663E-43
  162.5  2.34903687E-43
  162.6  2.336638E-43
  162.7  2.32427017E-43
  162.8  2.31193356E-43
  162.9  2.29962831E-43
  163.  2.28735458E-43
  163.1  2.27511252E-43
  163.2  2.26290228E-43
  163.3  2.25072402E-43
  163.4  2.23857789E-43
  163.5  2.22646402E-43
  163.6  2.21438258E-43
  163.7  2.20233369E-43
  163.8  2.19031751E-43
  163.9  2.17833417E-43
  164.  2.16638381E-43
  164.1  2.15446657E-43
  164.2  2.1425826E-43
  164.3  2.13073201E-43
  164.4  2.11891495E-43
  164.5  2.10713154E-43
  164.6  2.09538192E-43
  164.7  2.08366622E-43
  164.8  2.07198455E-43
  164.9  2.06033705E-43
  165.  2.04872384E-43
  165.1  2.03714504E-43
  165.2  2.02560076E-43
  165.3  2.01409114E-43
  165.4  2.00261629E-43
  165.5  1.99117631E-43
  165.6  1.97977133E-43
  165.7  1.96840146E-43
  165.8  1.9570668E-43
  165.9  1.94576747E-43
  166.  1.93450357E-43
  166.1  1.92327521E-43
  166.2  1.91208249E-43
  166.3  1.90092552E-43
  166.4  1.88980439E-43
  166.5  1.8787192E-43
  166.6  1.86767006E-43
  166.7  1.85665705E-43
  166.8  1.84568027E-43
  166.9  1.83473982E-43
  167.  1.82383578E-43
  167.1  1.81296824E-43
  167.2  1.80213729E-43
  167.3  1.79134302E-43
  167.4  1.78058552E-43
  167.5  1.76986485E-43
  167.6  1.75918111E-43
  167.7  1.74853437E-43
  167.8  1.73792472E-43
  167.9  1.72735222E-43
  168.  1.71681695E-43
  168.1  1.70631899E-43
  168.2  1.6958584E-43
  168.3  1.68543526E-43
  168.4  1.67504963E-43
  168.5  1.66470159E-43
  168.6  1.65439118E-43
  168.7  1.64411849E-43
  168.8  1.63388356E-43
  168.9  1.62368646E-43
  169.  1.61352725E-43
  169.1  1.60340599E-43
  169.2  1.59332272E-43
  169.3  1.5832775E-43
  169.4  1.57327039E-43
  169.5  1.56330143E-43
  169.6  1.55337068E-43
  169.7  1.54347817E-43
  169.8  1.53362397E-43
  169.9  1.5238081E-43
  170.  1.51403061E-43
