  0.1  0.
  0.2  0.
  0.3  0.
  0.4  0.
  0.5  0.
  0.6  0.
  0.7  0.
  0.8  0.
  0.9  0.
  1.  0.
  1.1  0.
  1.2  0.
  1.3  0.
  1.4  0.
  1.5  0.
  1.6  0.
  1.7  0.
  1.8  0.
  1.9  0.
  2.  0.
  2.1  0.
  2.2  0.
  2.3  0.
  2.4  0.
  2.5  0.
  2.6  0.
  2.7  0.
  2.8  0.
  2.9  0.
  3.  0.
  3.1  0.
  3.2  0.
  3.3  0.
  3.4  0.
  3.5  0.
  3.6  0.
  3.7  0.
  3.8  0.
  3.9  0.
  4.  0.
  4.1  0.
  4.2  0.
  4.3  0.
  4.4  0.
  4.5  0.
  4.6  0.
  4.7  0.
  4.8  0.
  4.9  0.
  5.  0.
  5.1  0.
  5.2  0.
  5.3  0.
  5.4  0.
  5.5  0.
  5.6  0.
  5.7  0.
  5.8  0.
  5.9  0.
  6.  0.
  6.1  0.
  6.2  0.
  6.3  0.
  6.4  0.
  6.5  0.
  6.6  0.
  6.7  0.
  6.8  0.
  6.9  0.
  7.  0.
  7.1  0.
  7.2  0.
  7.3  0.
  7.4  0.
  7.5  0.
  7.6  0.
  7.7  0.
  7.8  0.
  7.9  0.
  8.  0.
  8.1  0.
  8.2  0.
  8.3  0.
  8.4  0.
  8.5  0.
  8.6  0.
  8.7  0.
  8.8  0.
  8.9  0.
  9.  0.
  9.1  0.
  9.2  0.
  9.3  0.
  9.4  0.
  9.5  0.
  9.6  0.
  9.7  0.
  9.8  0.
  9.9  0.
  10.  0.
  10.1  0.
  10.2  0.
  10.3  0.
  10.4  0.
  10.5  0.
  10.6  0.
  10.7  0.
  10.8  0.
  10.9  0.
  11.  0.
  11.1  0.
  11.2  0.
  11.3  0.
  11.4  0.
  11.5  0.
  11.6  0.
  11.7  0.
  11.8  0.
  11.9  0.
  12.  0.
  12.1  0.
  12.2  0.
  12.3  0.
  12.4  0.
  12.5  0.
  12.6  0.
  12.7  0.
  12.8  0.
  12.9  0.
  13.  0.
  13.1  0.
  13.2  0.
  13.3  0.
  13.4  0.
  13.5  0.
  13.6  0.
  13.7  0.
  13.8  0.
  13.9  0.
  14.  0.
  14.1  0.
  14.2  0.
  14.3  0.
  14.4  0.
  14.5  0.
  14.6  0.
  14.7  0.
  14.8  0.
  14.9  0.
  15.  0.
  15.1  7.72321428E-57
  15.2  1.23571429E-55
  15.3  6.25580357E-55
  15.4  1.97714286E-54
  15.5  4.82700893E-54
  15.6  1.00092857E-53
  15.7  1.85434375E-53
  15.8  3.16342857E-53
  15.9  5.06720089E-53
  16.  7.72321428E-53
  16.1  1.1307558E-52
  16.2  1.60148571E-52
  16.3  2.20582723E-52
  16.4  2.96695E-52
  16.5  3.90987723E-52
  16.6  5.06148571E-52
  16.7  6.4505058E-52
  16.8  8.10752143E-52
  16.9  1.00649701E-51
  17.  1.23571429E-51
  17.1  1.50201844E-51
  17.2  1.80920929E-51
  17.3  2.16127201E-51
  17.4  2.56237714E-51
  17.5  3.01688058E-51
  17.6  3.52932357E-51
  17.7  4.10443272E-51
  17.8  4.74712E-51
  17.9  5.46248272E-51
  18.  6.25580357E-51
  18.1  7.13255058E-51
  18.2  8.09837714E-51
  18.3  9.15912201E-51
  18.4  1.03208093E-50
  18.5  1.15896484E-50
  18.6  1.29720343E-50
  18.7  1.4474547E-50
  18.8  1.61039521E-50
  18.9  1.78672006E-50
  19.  1.97714286E-50
  19.1  2.18239577E-50
  19.2  2.4032295E-50
  19.3  2.64041327E-50
  19.4  2.89473486E-50
  19.5  3.16700056E-50
  19.6  3.45803521E-50
  19.7  3.7686822E-50
  19.8  4.09980343E-50
  19.9  4.45227934E-50
  20.  4.82700893E-50
  20.1  5.2249097E-50
  20.2  5.64691771E-50
  20.3  6.09398756E-50
  20.4  6.56709236E-50
  20.5  7.06722377E-50
  20.6  7.595392E-50
  20.7  8.15262577E-50
  20.8  8.73997236E-50
  20.9  9.35849756E-50
  21.  1.00092857E-49
  21.1  1.06934397E-49
  21.2  1.14120809E-49
  21.3  1.21663493E-49
  21.4  1.29574034E-49
  21.5  1.37864202E-49
  21.6  1.46545952E-49
  21.7  1.55631426E-49
  21.8  1.65132949E-49
  21.9  1.75063033E-49
  22.  1.85434375E-49
  22.1  1.96259858E-49
  22.2  2.07552549E-49
  22.3  2.19325701E-49
  22.4  2.31592752E-49
  22.5  2.44367327E-49
  22.6  2.57663234E-49
  22.7  2.71494468E-49
  22.8  2.85875209E-49
  22.9  3.00819822E-49
  23.  3.16342857E-49
  23.1  3.32459051E-49
  23.2  3.49183324E-49
  23.3  3.66530783E-49
  23.4  3.8451672E-49
  23.5  4.03156613E-49
  23.6  4.22466123E-49
  23.7  4.42461101E-49
  23.8  4.63157577E-49
  23.9  4.84571772E-49
  24.  5.06720089E-49
  24.1  5.29619118E-49
  24.2  5.53285634E-49
  24.3  5.77736597E-49
  24.4  6.02989152E-49
  24.5  6.2906063E-49
  24.6  6.55968548E-49
  24.7  6.83730608E-49
  24.8  7.12364695E-49
  24.9  7.41888883E-49
  25.  7.72321428E-49
  25.1  8.03680775E-49
  25.2  8.35985552E-49
  25.3  8.69254572E-49
  25.4  9.03506834E-49
  25.5  9.38761523E-49
  25.6  9.75038009E-49
  25.7  1.01235585E-48
  25.8  1.05073478E-48
  25.9  1.09019473E-48
  26.  1.1307558E-48
  26.1  1.17243831E-48
  26.2  1.21526272E-48
  26.3  1.25924971E-48
  26.4  1.30442012E-48
  26.5  1.35079501E-48
  26.6  1.39839558E-48
  26.7  1.44724325E-48
  26.8  1.49735961E-48
  26.9  1.54876644E-48
  27.  1.60148571E-48
  27.1  1.65553957E-48
  27.2  1.71095035E-48
  27.3  1.76774058E-48
  27.4  1.82593295E-48
  27.5  1.88555036E-48
  27.6  1.94661589E-48
  27.7  2.00915281E-48
  27.8  2.07318455E-48
  27.9  2.13873475E-48
  28.  2.20582723E-48
  28.1  2.274486E-48
  28.2  2.34473523E-48
  28.3  2.41659932E-48
  28.4  2.49010281E-48
  28.5  2.56527045E-48
  28.6  2.64212718E-48
  28.7  2.7206981E-48
  28.8  2.80100852E-48
  28.9  2.88308393E-48
  29.  2.96695E-48
  29.1  3.05263258E-48
  29.2  3.14015772E-48
  29.3  3.22955165E-48
  29.4  3.32084078E-48
  29.5  3.4140517E-48
  29.6  3.50921121E-48
  29.7  3.60634627E-48
  29.8  3.70548403E-48
  29.9  3.80665185E-48
  30.  3.90987723E-48
  30.1  4.0151879E-48
  30.2  4.12261175E-48
  30.3  4.23217686E-48
  30.4  4.34391149E-48
  30.5  4.45784411E-48
  30.6  4.57400335E-48
  30.7  4.69241802E-48
  30.8  4.81311715E-48
  30.9  4.93612992E-48
  31.  5.06148571E-48
  31.1  5.18921409E-48
  31.2  5.31934481E-48
  31.3  5.4519078E-48
  31.4  5.58693318E-48
  31.5  5.72445125E-48
  31.6  5.86449252E-48
  31.7  6.00708766E-48
  31.8  6.15226752E-48
  31.9  6.30006316E-48
  32.  6.4505058E-48
  32.1  6.60362687E-48
  32.2  6.75945798E-48
  32.3  6.9180309E-48
  32.4  7.07937761E-48
  32.5  7.24353027E-48
  32.6  7.41052123E-48
  32.7  7.58038302E-48
  32.8  7.75314835E-48
  32.9  7.92885012E-48
  33.  8.10752143E-48
  33.1  8.28919553E-48
  33.2  8.47390589E-48
  33.3  8.66168616E-48
  33.4  8.85257015E-48
  33.5  9.04659188E-48
  33.6  9.24378555E-48
  33.7  9.44418555E-48
  33.8  9.64782643E-48
  33.9  9.85474297E-48
  34.  1.00649701E-47
  34.1  1.02785429E-47
  34.2  1.04954968E-47
  34.3  1.07158671E-47
  34.4  1.09396897E-47
  34.5  1.11670004E-47
  34.6  1.13978351E-47
  34.7  1.16322302E-47
  34.8  1.18702221E-47
  34.9  1.21118474E-47
  35.  1.23571429E-47
  35.1  1.26061455E-47
  35.2  1.28588924E-47
  35.3  1.3115421E-47
  35.4  1.33757688E-47
  35.5  1.36399736E-47
  35.6  1.39080731E-47
  35.7  1.41801056E-47
  35.8  1.44561093E-47
  35.9  1.47361227E-47
  36.  1.50201844E-47
  36.1  1.53083332E-47
  36.2  1.56006081E-47
  36.3  1.58970485E-47
  36.4  1.61976935E-47
  36.5  1.65025829E-47
  36.6  1.68117564E-47
  36.7  1.71252539E-47
  36.8  1.74431156E-47
  36.9  1.77653817E-47
  37.  1.80920929E-47
  37.1  1.84232896E-47
  37.2  1.87590129E-47
  37.3  1.90993038E-47
  37.4  1.94442035E-47
  37.5  1.97937535E-47
  37.6  2.01479953E-47
  37.7  2.05069708E-47
  37.8  2.0870722E-47
  37.9  2.12392909E-47
  38.  2.16127201E-47
  38.1  2.19910519E-47
  38.2  2.23743292E-47
  38.3  2.27625949E-47
  38.4  2.31558919E-47
  38.5  2.35542638E-47
  38.6  2.39577537E-47
  38.7  2.43664056E-47
  38.8  2.47802631E-47
  38.9  2.51993703E-47
  39.  2.56237714E-47
  39.1  2.60535108E-47
  39.2  2.64886331E-47
  39.3  2.69291831E-47
  39.4  2.73752056E-47
  39.5  2.78267459E-47
  39.6  2.82838492E-47
  39.7  2.87465611E-47
  39.8  2.92149272E-47
  39.9  2.96889934E-47
  40.  3.01688058E-47
  40.1  3.06544106E-47
  40.2  3.11458543E-47
  40.3  3.16431835E-47
  40.4  3.21464449E-47
  40.5  3.26556856E-47
  40.6  3.31709528E-47
  40.7  3.36922937E-47
  40.8  3.4219756E-47
  40.9  3.47533874E-47
  41.  3.52932357E-47
  41.1  3.58393491E-47
  41.2  3.63917759E-47
  41.3  3.69505646E-47
  41.4  3.75157637E-47
  41.5  3.80874222E-47
  41.6  3.86655891E-47
  41.7  3.92503135E-47
  41.8  3.98416449E-47
  41.9  4.04396329E-47
  42.  4.10443272E-47
  42.1  4.16557778E-47
  42.2  4.22740348E-47
  42.3  4.28991486E-47
  42.4  4.35311696E-47
  42.5  4.41701486E-47
  42.6  4.48161364E-47
  42.7  4.54691841E-47
  42.8  4.61293429E-47
  42.9  4.67966643E-47
  43.  4.74712E-47
  43.1  4.81530016E-47
  43.2  4.88421213E-47
  43.3  4.95386112E-47
  43.4  5.02425236E-47
  43.5  5.09539111E-47
  43.6  5.16728264E-47
  43.7  5.23993225E-47
  43.8  5.31334524E-47
  43.9  5.38752695E-47
  44.  5.46248272E-47
  44.1  5.53821792E-47
  44.2  5.61473793E-47
  44.3  5.69204816E-47
  44.4  5.77015403E-47
  44.5  5.84906097E-47
  44.6  5.92877445E-47
  44.7  6.00929995E-47
  44.8  6.09064295E-47
  44.9  6.17280898E-47
  45.  6.25580357E-47
  45.1  6.33963227E-47
  45.2  6.42430064E-47
  45.3  6.50981428E-47
  45.4  6.5961788E-47
  45.5  6.68339981E-47
  45.6  6.77148297E-47
  45.7  6.86043394E-47
  45.8  6.95025839E-47
  45.9  7.04096203E-47
  46.  7.13255058E-47
  46.1  7.22502977E-47
  46.2  7.31840536E-47
  46.3  7.41268312E-47
  46.4  7.50786884E-47
  46.5  7.60396834E-47
  46.6  7.70098744E-47
  46.7  7.798932E-47
  46.8  7.89780787E-47
  46.9  7.99762095E-47
  47.  8.09837714E-47
  47.1  8.20008236E-47
  47.2  8.30274255E-47
  47.3  8.40636367E-47
  47.4  8.51095169E-47
  47.5  8.61651262E-47
  47.6  8.72305247E-47
  47.7  8.83057728E-47
  47.8  8.93909308E-47
  47.9  9.04860596E-47
  48.  9.15912201E-47
  48.1  9.27064732E-47
  48.2  9.38318804E-47
  48.3  9.49675029E-47
  48.4  9.61134025E-47
  48.5  9.7269641E-47
  48.6  9.84362803E-47
  48.7  9.96133827E-47
  48.8  1.00801011E-46
  48.9  1.01999226E-46
  49.  1.03208093E-46
  49.1  1.04427673E-46
  49.2  1.0565803E-46
  49.3  1.06899227E-46
  49.4  1.08151328E-46
  49.5  1.09414395E-46
  49.6  1.10688494E-46
  49.7  1.11973688E-46
  49.8  1.13270042E-46
  49.9  1.14577619E-46
  50.  1.15896484E-46
  50.1  1.17226703E-46
  50.2  1.1856834E-46
  50.3  1.1992146E-46
  50.4  1.21286128E-46
  50.5  1.22662411E-46
  50.6  1.24050374E-46
  50.7  1.25450082E-46
  50.8  1.26861602E-46
  50.9  1.28285E-46
  51.  1.29720343E-46
  51.1  1.31167697E-46
  51.2  1.32627129E-46
  51.3  1.34098705E-46
  51.4  1.35582494E-46
  51.5  1.37078563E-46
  51.6  1.38586978E-46
  51.7  1.40107809E-46
  51.8  1.41641122E-46
  51.9  1.43186987E-46
  52.  1.4474547E-46
  52.1  1.46316641E-46
  52.2  1.47900569E-46
  52.3  1.49497322E-46
  52.4  1.51106969E-46
  52.5  1.52729579E-46
  52.6  1.54365223E-46
  52.7  1.56013969E-46
  52.8  1.57675887E-46
  52.9  1.59351048E-46
  53.  1.61039521E-46
  53.1  1.62741377E-46
  53.2  1.64456687E-46
  53.3  1.6618552E-46
  53.4  1.67927948E-46
  53.5  1.69684043E-46
  53.6  1.71453874E-46
  53.7  1.73237515E-46
  53.8  1.75035036E-46
  53.9  1.76846509E-46
  54.  1.78672006E-46
  54.1  1.80511599E-46
  54.2  1.82365362E-46
  54.3  1.84233366E-46
  54.4  1.86115684E-46
  54.5  1.88012389E-46
  54.6  1.89923554E-46
  54.7  1.91849253E-46
  54.8  1.93789558E-46
  54.9  1.95744545E-46
  55.  1.97714286E-46
  55.1  1.99698855E-46
  55.2  2.01698328E-46
  55.3  2.03712777E-46
  55.4  2.05742279E-46
  55.5  2.07786907E-46
  55.6  2.09846736E-46
  55.7  2.11921843E-46
  55.8  2.14012301E-46
  55.9  2.16118188E-46
  56.  2.18239577E-46
  56.1  2.20376546E-46
  56.2  2.2252917E-46
  56.3  2.24697526E-46
  56.4  2.2688169E-46
  56.5  2.29081739E-46
  56.6  2.3129775E-46
  56.7  2.33529799E-46
  56.8  2.35777963E-46
  56.9  2.38042321E-46
  57.  2.4032295E-46
  57.1  2.42619927E-46
  57.2  2.44933331E-46
  57.3  2.47263239E-46
  57.4  2.4960973E-46
  57.5  2.51972883E-46
  57.6  2.54352776E-46
  57.7  2.56749487E-46
  57.8  2.59163097E-46
  57.9  2.61593684E-46
  58.  2.64041327E-46
  58.1  2.66506107E-46
  58.2  2.68988103E-46
  58.3  2.71487395E-46
  58.4  2.74004063E-46
  58.5  2.76538188E-46
  58.6  2.7908985E-46
  58.7  2.81659129E-46
  58.8  2.84246108E-46
  58.9  2.86850866E-46
  59.  2.89473486E-46
  59.1  2.92114048E-46
  59.2  2.94772634E-46
  59.3  2.97449326E-46
  59.4  3.00144207E-46
  59.5  3.02857357E-46
  59.6  3.05588861E-46
  59.7  3.083388E-46
  59.8  3.11107256E-46
  59.9  3.13894314E-46
  60.  3.16700056E-46
  60.1  3.19524565E-46
  60.2  3.22367925E-46
  60.3  3.2523022E-46
  60.4  3.28111533E-46
  60.5  3.31011949E-46
  60.6  3.33931552E-46
  60.7  3.36870425E-46
  60.8  3.39828655E-46
  60.9  3.42806325E-46
  61.  3.45803521E-46
  61.1  3.48820328E-46
  61.2  3.51856831E-46
  61.3  3.54913116E-46
  61.4  3.57989268E-46
  61.5  3.61085373E-46
  61.6  3.64201518E-46
  61.7  3.67337788E-46
  61.8  3.70494271E-46
  61.9  3.73671053E-46
  62.  3.7686822E-46
  62.1  3.8008586E-46
  62.2  3.8332406E-46
  62.3  3.86582907E-46
  62.4  3.89862489E-46
  62.5  3.93162894E-46
  62.6  3.96484209E-46
  62.7  3.99826524E-46
  62.8  4.03189925E-46
  62.9  4.06574502E-46
  63.  4.09980343E-46
  63.1  4.13407537E-46
  63.2  4.16856174E-46
  63.3  4.20326341E-46
  63.4  4.2381813E-46
  63.5  4.2733163E-46
  63.6  4.30866929E-46
  63.7  4.3442412E-46
  63.8  4.3800329E-46
  63.9  4.41604531E-46
  64.  4.45227934E-46
  64.1  4.48873589E-46
  64.2  4.52541587E-46
  64.3  4.56232019E-46
  64.4  4.59944977E-46
  64.5  4.63680552E-46
  64.6  4.67438835E-46
  64.7  4.71219918E-46
  64.8  4.75023894E-46
  64.9  4.78850855E-46
  65.  4.82700893E-46
  65.1  4.865741E-46
  65.2  4.9047057E-46
  65.3  4.94390395E-46
  65.4  4.98333669E-46
  65.5  5.02300485E-46
  65.6  5.06290936E-46
  65.7  5.10305116E-46
  65.8  5.14343119E-46
  65.9  5.18405039E-46
  66.  5.2249097E-46
  66.1  5.26601007E-46
  66.2  5.30735244E-46
  66.3  5.34893777E-46
  66.4  5.39076699E-46
  66.5  5.43284107E-46
  66.6  5.47516096E-46
  66.7  5.51772761E-46
  66.8  5.56054198E-46
  66.9  5.60360503E-46
  67.  5.64691771E-46
  67.1  5.690481E-46
  67.2  5.73429586E-46
  67.3  5.77836326E-46
  67.4  5.82268415E-46
  67.5  5.86725952E-46
  67.6  5.91209034E-46
  67.7  5.95717757E-46
  67.8  6.0025222E-46
  67.9  6.0481252E-46
  68.  6.09398756E-46
  68.1  6.14011025E-46
  68.2  6.18649425E-46
  68.3  6.23314056E-46
  68.4  6.28005016E-46
  68.5  6.32722404E-46
  68.6  6.37466319E-46
  68.7  6.4223686E-46
  68.8  6.47034127E-46
  68.9  6.51858219E-46
  69.  6.56709236E-46
  69.1  6.61587278E-46
  69.2  6.66492445E-46
  69.3  6.71424838E-46
  69.4  6.76384557E-46
  69.5  6.81371703E-46
  69.6  6.86386377E-46
  69.7  6.9142868E-46
  69.8  6.96498714E-46
  69.9  7.01596579E-46
  70.  7.06722377E-46
  70.1  7.11876211E-46
  70.2  7.17058182E-46
  70.3  7.22268393E-46
  70.4  7.27506945E-46
  70.5  7.32773942E-46
  70.6  7.38069487E-46
  70.7  7.43393681E-46
  70.8  7.4874663E-46
  70.9  7.54128435E-46
  71.  7.595392E-46
  71.1  7.64979029E-46
  71.2  7.70448026E-46
  71.3  7.75946296E-46
  71.4  7.81473941E-46
  71.5  7.87031067E-46
  71.6  7.92617779E-46
  71.7  7.9823418E-46
  71.8  8.03880377E-46
  71.9  8.09556474E-46
  72.  8.15262577E-46
  72.1  8.20998791E-46
  72.2  8.26765222E-46
  72.3  8.32561977E-46
  72.4  8.3838916E-46
  72.5  8.44246878E-46
  72.6  8.50135239E-46
  72.7  8.56054348E-46
  72.8  8.62004312E-46
  72.9  8.67985239E-46
  73.  8.73997236E-46
  73.1  8.80040409E-46
  73.2  8.86114867E-46
  73.3  8.92220718E-46
  73.4  8.98358069E-46
  73.5  9.04527029E-46
  73.6  9.10727706E-46
  73.7  9.16960208E-46
  73.8  9.23224645E-46
  73.9  9.29521124E-46
  74.  9.35849756E-46
  74.1  9.42210649E-46
  74.2  9.48603913E-46
  74.3  9.55029657E-46
  74.4  9.61487992E-46
  74.5  9.67979027E-46
  74.6  9.74502873E-46
  74.7  9.81059639E-46
  74.8  9.87649437E-46
  74.9  9.94272378E-46
  75.  1.00092857E-45
  75.1  1.00761813E-45
  75.2  1.01434116E-45
  75.3  1.02109778E-45
  75.4  1.0278881E-45
  75.5  1.03471223E-45
  75.6  1.04157028E-45
  75.7  1.04846237E-45
  75.8  1.05538861E-45
  75.9  1.0623491E-45
  76.  1.06934397E-45
  76.1  1.07637332E-45
  76.2  1.08343728E-45
  76.3  1.09053594E-45
  76.4  1.09766943E-45
  76.5  1.10483786E-45
  76.6  1.11204134E-45
  76.7  1.11927999E-45
  76.8  1.12655393E-45
  76.9  1.13386325E-45
  77.  1.14120809E-45
  77.1  1.14858856E-45
  77.2  1.15600476E-45
  77.3  1.16345682E-45
  77.4  1.17094486E-45
  77.5  1.17846898E-45
  77.6  1.1860293E-45
  77.7  1.19362594E-45
  77.8  1.20125901E-45
  77.9  1.20892864E-45
  78.  1.21663493E-45
  78.1  1.22437801E-45
  78.2  1.23215799E-45
  78.3  1.23997499E-45
  78.4  1.24782912E-45
  78.5  1.2557205E-45
  78.6  1.26364926E-45
  78.7  1.2716155E-45
  78.8  1.27961935E-45
  78.9  1.28766093E-45
  79.  1.29574034E-45
  79.1  1.30385772E-45
  79.2  1.31201318E-45
  79.3  1.32020683E-45
  79.4  1.32843881E-45
  79.5  1.33670922E-45
  79.6  1.34501819E-45
  79.7  1.35336583E-45
  79.8  1.36175227E-45
  79.9  1.37017763E-45
  80.  1.37864202E-45
  80.1  1.38714557E-45
  80.2  1.3956884E-45
  80.3  1.40427062E-45
  80.4  1.41289236E-45
  80.5  1.42155375E-45
  80.6  1.43025489E-45
  80.7  1.43899592E-45
  80.8  1.44777695E-45
  80.9  1.45659811E-45
  81.  1.46545952E-45
  81.1  1.4743613E-45
  81.2  1.48330357E-45
  81.3  1.49228646E-45
  81.4  1.50131009E-45
  81.5  1.51037457E-45
  81.6  1.51948005E-45
  81.7  1.52862663E-45
  81.8  1.53781444E-45
  81.9  1.54704361E-45
  82.  1.55631426E-45
  82.1  1.56562651E-45
  82.2  1.57498048E-45
  82.3  1.58437632E-45
  82.4  1.59381412E-45
  82.5  1.60329403E-45
  82.6  1.61281617E-45
  82.7  1.62238066E-45
  82.8  1.63198762E-45
  82.9  1.64163719E-45
  83.  1.65132949E-45
  83.1  1.66106464E-45
  83.2  1.67084277E-45
  83.3  1.68066401E-45
  83.4  1.69052848E-45
  83.5  1.70043631E-45
  83.6  1.71038763E-45
  83.7  1.72038257E-45
  83.8  1.73042124E-45
  83.9  1.74050379E-45
  84.  1.75063033E-45
  84.1  1.76080099E-45
  84.2  1.77101591E-45
  84.3  1.78127521E-45
  84.4  1.79157901E-45
  84.5  1.80192746E-45
  84.6  1.81232067E-45
  84.7  1.82275877E-45
  84.8  1.8332419E-45
  84.9  1.84377018E-45
  85.  1.85434375E-45
  85.1  1.86496273E-45
  85.2  1.87562725E-45
  85.3  1.88633744E-45
  85.4  1.89709344E-45
  85.5  1.90789536E-45
  85.6  1.91874336E-45
  85.7  1.92963754E-45
  85.8  1.94057805E-45
  85.9  1.95156502E-45
  86.  1.96259858E-45
  86.1  1.97367885E-45
  86.2  1.98480598E-45
  86.3  1.99598009E-45
  86.4  2.00720131E-45
  86.5  2.01846978E-45
  86.6  2.02978563E-45
  86.7  2.04114899E-45
  86.8  2.05256E-45
  86.9  2.06401879E-45
  87.  2.07552549E-45
  87.1  2.08708023E-45
  87.2  2.09868315E-45
  87.3  2.11033438E-45
  87.4  2.12203406E-45
  87.5  2.13378231E-45
  87.6  2.14557928E-45
  87.7  2.15742511E-45
  87.8  2.16931991E-45
  87.9  2.18126383E-45
  88.  2.19325701E-45
  88.1  2.20529957E-45
  88.2  2.21739166E-45
  88.3  2.2295334E-45
  88.4  2.24172494E-45
  88.5  2.25396642E-45
  88.6  2.26625796E-45
  88.7  2.2785997E-45
  88.8  2.29099179E-45
  88.9  2.30343435E-45
  89.  2.31592752E-45
  89.1  2.32847145E-45
  89.2  2.34106626E-45
  89.3  2.3537121E-45
  89.4  2.3664091E-45
  89.5  2.3791574E-45
  89.6  2.39195715E-45
  89.7  2.40480847E-45
  89.8  2.4177115E-45
  89.9  2.43066639E-45
  90.  2.44367327E-45
  90.1  2.45673228E-45
  90.2  2.46984357E-45
  90.3  2.48300726E-45
  90.4  2.4962235E-45
  90.5  2.50949244E-45
  90.6  2.5228142E-45
  90.7  2.53618893E-45
  90.8  2.54961677E-45
  90.9  2.56309786E-45
  91.  2.57663234E-45
  91.1  2.59022035E-45
  91.2  2.60386204E-45
  91.3  2.61755754E-45
  91.4  2.63130699E-45
  91.5  2.64511054E-45
  91.6  2.65896832E-45
  91.7  2.67288049E-45
  91.8  2.68684717E-45
  91.9  2.70086853E-45
  92.  2.71494468E-45
  92.1  2.72907579E-45
  92.2  2.74326199E-45
  92.3  2.75750342E-45
  92.4  2.77180024E-45
  92.5  2.78615257E-45
  92.6  2.80056057E-45
  92.7  2.81502438E-45
  92.8  2.82954414E-45
  92.9  2.84411999E-45
  93.  2.85875209E-45
  93.1  2.87344058E-45
  93.2  2.88818559E-45
  93.3  2.90298728E-45
  93.4  2.91784579E-45
  93.5  2.93276127E-45
  93.6  2.94773385E-45
  93.7  2.96276369E-45
  93.8  2.97785094E-45
  93.9  2.99299573E-45
  94.  3.00819822E-45
  94.1  3.02345855E-45
  94.2  3.03877686E-45
  94.3  3.05415331E-45
  94.4  3.06958804E-45
  94.5  3.0850812E-45
  94.6  3.10063293E-45
  94.7  3.11624339E-45
  94.8  3.13191272E-45
  94.9  3.14764106E-45
  95.  3.16342857E-45
  95.1  3.1792754E-45
  95.2  3.19518168E-45
  95.3  3.21114758E-45
  95.4  3.22717324E-45
  95.5  3.24325881E-45
  95.6  3.25940443E-45
  95.7  3.27561027E-45
  95.8  3.29187646E-45
  95.9  3.30820315E-45
  96.  3.32459051E-45
  96.1  3.34103866E-45
  96.2  3.35754778E-45
  96.3  3.374118E-45
  96.4  3.39074948E-45
  96.5  3.40744237E-45
  96.6  3.42419682E-45
  96.7  3.44101298E-45
  96.8  3.457891E-45
  96.9  3.47483104E-45
  97.  3.49183324E-45
  97.1  3.50889775E-45
  97.2  3.52602474E-45
  97.3  3.54321435E-45
  97.4  3.56046673E-45
  97.5  3.57778203E-45
  97.6  3.59516042E-45
  97.7  3.61260204E-45
  97.8  3.63010705E-45
  97.9  3.64767559E-45
  98.  3.66530783E-45
  98.1  3.68300391E-45
  98.2  3.70076399E-45
  98.3  3.71858823E-45
  98.4  3.73647678E-45
  98.5  3.75442979E-45
  98.6  3.77244741E-45
  98.7  3.79052981E-45
  98.8  3.80867714E-45
  98.9  3.82688955E-45
  99.  3.8451672E-45
  99.1  3.86351024E-45
  99.2  3.88191884E-45
  99.3  3.90039313E-45
  99.4  3.91893329E-45
  99.5  3.93753947E-45
  99.6  3.95621183E-45
  99.7  3.97495051E-45
  99.8  3.99375569E-45
  99.9  4.0126275E-45
  100.  4.03156613E-45
  100.1  4.05057171E-45
  100.2  4.06964441E-45
  100.3  4.08878439E-45
  100.4  4.10799179E-45
  100.5  4.1272668E-45
  100.6  4.14660955E-45
  100.7  4.16602021E-45
  100.8  4.18549894E-45
  100.9  4.20504589E-45
  101.  4.22466123E-45
  101.1  4.24434512E-45
  101.2  4.26409771E-45
  101.3  4.28391917E-45
  101.4  4.30380965E-45
  101.5  4.32376931E-45
  101.6  4.34379832E-45
  101.7  4.36389683E-45
  101.8  4.38406501E-45
  101.9  4.40430301E-45
  102.  4.42461101E-45
  102.1  4.44498915E-45
  102.2  4.4654376E-45
  102.3  4.48595652E-45
  102.4  4.50654607E-45
  102.5  4.52720642E-45
  102.6  4.54793773E-45
  102.7  4.56874015E-45
  102.8  4.58961386E-45
  102.9  4.61055901E-45
  103.  4.63157577E-45
  103.1  4.6526643E-45
  103.2  4.67382476E-45
  103.3  4.69505732E-45
  103.4  4.71636214E-45
  103.5  4.73773939E-45
  103.6  4.75918922E-45
  103.7  4.78071181E-45
  103.8  4.80230731E-45
  103.9  4.82397589E-45
  104.  4.84571772E-45
  104.1  4.86753296E-45
  104.2  4.88942177E-45
  104.3  4.91138433E-45
  104.4  4.93342079E-45
  104.5  4.95553133E-45
  104.6  4.9777161E-45
  104.7  4.99997528E-45
  104.8  5.02230902E-45
  104.9  5.04471751E-45
  105.  5.06720089E-45
  105.1  5.08975935E-45
  105.2  5.11239304E-45
  105.3  5.13510214E-45
  105.4  5.1578868E-45
  105.5  5.18074721E-45
  105.6  5.20368352E-45
  105.7  5.2266959E-45
  105.8  5.24978453E-45
  105.9  5.27294957E-45
  106.  5.29619118E-45
  106.1  5.31950955E-45
  106.2  5.34290483E-45
  106.3  5.36637719E-45
  106.4  5.38992681E-45
  106.5  5.41355385E-45
  106.6  5.43725848E-45
  106.7  5.46104088E-45
  106.8  5.48490121E-45
  106.9  5.50883964E-45
  107.  5.53285634E-45
  107.1  5.55695149E-45
  107.2  5.58112525E-45
  107.3  5.6053778E-45
  107.4  5.6297093E-45
  107.5  5.65411992E-45
  107.6  5.67860985E-45
  107.7  5.70317925E-45
  107.8  5.72782828E-45
  107.9  5.75255713E-45
  108.  5.77736597E-45
  108.1  5.80225496E-45
  108.2  5.82722429E-45
  108.3  5.85227411E-45
  108.4  5.87740461E-45
  108.5  5.90261597E-45
  108.6  5.92790834E-45
  108.7  5.95328191E-45
  108.8  5.97873684E-45
  108.9  6.00427332E-45
  109.  6.02989152E-45
  109.1  6.05559161E-45
  109.2  6.08137376E-45
  109.3  6.10723815E-45
  109.4  6.13318496E-45
  109.5  6.15921435E-45
  109.6  6.18532651E-45
  109.7  6.21152161E-45
  109.8  6.23779983E-45
  109.9  6.26416133E-45
  110.  6.2906063E-45
  110.1  6.31713492E-45
  110.2  6.34374735E-45
  110.3  6.37044378E-45
  110.4  6.39722438E-45
  110.5  6.42408933E-45
  110.6  6.4510388E-45
  110.7  6.47807297E-45
  110.8  6.50519203E-45
  110.9  6.53239614E-45
  111.  6.55968548E-45
  111.1  6.58706024E-45
  111.2  6.61452059E-45
  111.3  6.64206671E-45
  111.4  6.66969878E-45
  111.5  6.69741697E-45
  111.6  6.72522146E-45
  111.7  6.75311244E-45
  111.8  6.78109009E-45
  111.9  6.80915457E-45
  112.  6.83730608E-45
  112.1  6.86554478E-45
  112.2  6.89387087E-45
  112.3  6.92228452E-45
  112.4  6.95078591E-45
  112.5  6.97937523E-45
  112.6  7.00805264E-45
  112.7  7.03681834E-45
  112.8  7.0656725E-45
  112.9  7.09461531E-45
  113.  7.12364695E-45
  113.1  7.15276759E-45
  113.2  7.18197743E-45
  113.3  7.21127664E-45
  113.4  7.2406654E-45
  113.5  7.27014389E-45
  113.6  7.29971231E-45
  113.7  7.32937083E-45
  113.8  7.35911963E-45
  113.9  7.3889589E-45
  114.  7.41888883E-45
  114.1  7.44890958E-45
  114.2  7.47902136E-45
  114.3  7.50922433E-45
  114.4  7.53951869E-45
  114.5  7.56990462E-45
  114.6  7.60038231E-45
  114.7  7.63095193E-45
  114.8  7.66161368E-45
  114.9  7.69236774E-45
  115.  7.72321428E-45
  115.1  7.75415351E-45
  115.2  7.7851856E-45
  115.3  7.81631074E-45
  115.4  7.84752912E-45
  115.5  7.87884092E-45
  115.6  7.91024632E-45
  115.7  7.94174552E-45
  115.8  7.9733387E-45
  115.9  8.00502605E-45
  116.  8.03680775E-45
  116.1  8.068684E-45
  116.2  8.10065497E-45
  116.3  8.13272086E-45
  116.4  8.16488185E-45
  116.5  8.19713814E-45
  116.6  8.2294899E-45
  116.7  8.26193733E-45
  116.8  8.29448062E-45
  116.9  8.32711995E-45
  117.  8.35985552E-45
  117.1  8.39268751E-45
  117.2  8.42561611E-45
  117.3  8.45864152E-45
  117.4  8.49176391E-45
  117.5  8.52498348E-45
  117.6  8.55830043E-45
  117.7  8.59171493E-45
  117.8  8.62522719E-45
  117.9  8.65883739E-45
  118.  8.69254572E-45
  118.1  8.72635237E-45
  118.2  8.76025754E-45
  118.3  8.79426141E-45
  118.4  8.82836417E-45
  118.5  8.86256603E-45
  118.6  8.89686716E-45
  118.7  8.93126777E-45
  118.8  8.96576804E-45
  118.9  9.00036817E-45
  119.  9.03506834E-45
  119.1  9.06986876E-45
  119.2  9.10476961E-45
  119.3  9.13977108E-45
  119.4  9.17487338E-45
  119.5  9.21007669E-45
  119.6  9.24538121E-45
  119.7  9.28078713E-45
  119.8  9.31629464E-45
  119.9  9.35190395E-45
  120.  9.38761523E-45
  120.1  9.4234287E-45
  120.2  9.45934454E-45
  120.3  9.49536294E-45
  120.4  9.53148411E-45
  120.5  9.56770824E-45
  120.6  9.60403552E-45
  120.7  9.64046615E-45
  120.8  9.67700032E-45
  120.9  9.71363824E-45
  121.  9.75038009E-45
  121.1  9.78722608E-45
  121.2  9.82417639E-45
  121.3  9.86123124E-45
  121.4  9.89839081E-45
  121.5  9.9356553E-45
  121.6  9.9730249E-45
  121.7  1.00104998E-44
  121.8  1.00480803E-44
  121.9  1.00857664E-44
  122.  1.01235585E-44
  122.1  1.01614566E-44
  122.2  1.01994611E-44
  122.3  1.02375721E-44
  122.4  1.02757898E-44
  122.5  1.03141143E-44
  122.6  1.0352546E-44
  122.7  1.0391085E-44
  122.8  1.04297315E-44
  122.9  1.04684857E-44
  123.  1.05073478E-44
  123.1  1.0546318E-44
  123.2  1.05853964E-44
  123.3  1.06245834E-44
  123.4  1.06638791E-44
  123.5  1.07032837E-44
  123.6  1.07427974E-44
  123.7  1.07824204E-44
  123.8  1.08221529E-44
  123.9  1.08619951E-44
  124.  1.09019473E-44
  124.1  1.09420095E-44
  124.2  1.0982182E-44
  124.3  1.10224651E-44
  124.4  1.10628589E-44
  124.5  1.11033636E-44
  124.6  1.11439794E-44
  124.7  1.11847066E-44
  124.8  1.12255453E-44
  124.9  1.12664957E-44
  125.  1.1307558E-44
  125.1  1.13487325E-44
  125.2  1.13900194E-44
  125.3  1.14314188E-44
  125.4  1.14729309E-44
  125.5  1.1514556E-44
  125.6  1.15562943E-44
  125.7  1.15981459E-44
  125.8  1.16401111E-44
  125.9  1.16821901E-44
  126.  1.17243831E-44
  126.1  1.17666902E-44
  126.2  1.18091118E-44
  126.3  1.18516479E-44
  126.4  1.18942989E-44
  126.5  1.19370649E-44
  126.6  1.19799461E-44
  126.7  1.20229427E-44
  126.8  1.2066055E-44
  126.9  1.21092831E-44
  127.  1.21526272E-44
  127.1  1.21960876E-44
  127.2  1.22396645E-44
  127.3  1.2283358E-44
  127.4  1.23271684E-44
  127.5  1.23710959E-44
  127.6  1.24151407E-44
  127.7  1.2459303E-44
  127.8  1.25035831E-44
  127.9  1.2547981E-44
  128.  1.25924971E-44
  128.1  1.26371315E-44
  128.2  1.26818845E-44
  128.3  1.27267562E-44
  128.4  1.27717469E-44
  128.5  1.28168568E-44
  128.6  1.2862086E-44
  128.7  1.29074349E-44
  128.8  1.29529036E-44
  128.9  1.29984923E-44
  129.  1.30442012E-44
  129.1  1.30900306E-44
  129.2  1.31359807E-44
  129.3  1.31820516E-44
  129.4  1.32282436E-44
  129.5  1.32745568E-44
  129.6  1.33209916E-44
  129.7  1.33675481E-44
  129.8  1.34142266E-44
  129.9  1.34610271E-44
  130.  1.35079501E-44
  130.1  1.35549955E-44
  130.2  1.36021638E-44
  130.3  1.36494551E-44
  130.4  1.36968696E-44
  130.5  1.37444075E-44
  130.6  1.3792069E-44
  130.7  1.38398544E-44
  130.8  1.38877638E-44
  130.9  1.39357976E-44
  131.  1.39839558E-44
  131.1  1.40322387E-44
  131.2  1.40806465E-44
  131.3  1.41291795E-44
  131.4  1.41778379E-44
  131.5  1.42266218E-44
  131.6  1.42755315E-44
  131.7  1.43245672E-44
  131.8  1.43737291E-44
  131.9  1.44230175E-44
  132.  1.44724325E-44
  132.1  1.45219743E-44
  132.2  1.45716433E-44
  132.3  1.46214396E-44
  132.4  1.46713633E-44
  132.5  1.47214148E-44
  132.6  1.47715943E-44
  132.7  1.4821902E-44
  132.8  1.4872338E-44
  132.9  1.49229026E-44
  133.  1.49735961E-44
  133.1  1.50244186E-44
  133.2  1.50753704E-44
  133.3  1.51264516E-44
  133.4  1.51776626E-44
  133.5  1.52290035E-44
  133.6  1.52804745E-44
  133.7  1.53320759E-44
  133.8  1.53838079E-44
  133.9  1.54356706E-44
  134.  1.54876644E-44
  134.1  1.55397895E-44
  134.2  1.5592046E-44
  134.3  1.56444341E-44
  134.4  1.56969542E-44
  134.5  1.57496064E-44
  134.6  1.5802391E-44
  134.7  1.58553081E-44
  134.8  1.5908358E-44
  134.9  1.5961541E-44
  135.  1.60148571E-44
  135.1  1.60683068E-44
  135.2  1.61218901E-44
  135.3  1.61756073E-44
  135.4  1.62294586E-44
  135.5  1.62834443E-44
  135.6  1.63375645E-44
  135.7  1.63918196E-44
  135.8  1.64462096E-44
  135.9  1.65007349E-44
  136.  1.65553957E-44
  136.1  1.66101922E-44
  136.2  1.66651246E-44
  136.3  1.67201931E-44
  136.4  1.6775398E-44
  136.5  1.68307394E-44
  136.6  1.68862177E-44
  136.7  1.6941833E-44
  136.8  1.69975856E-44
  136.9  1.70534757E-44
  137.  1.71095035E-44
  137.1  1.71656693E-44
  137.2  1.72219732E-44
  137.3  1.72784155E-44
  137.4  1.73349964E-44
  137.5  1.73917162E-44
  137.6  1.7448575E-44
  137.7  1.75055732E-44
  137.8  1.75627109E-44
  137.9  1.76199883E-44
  138.  1.76774058E-44
  138.1  1.77349634E-44
  138.2  1.77926615E-44
  138.3  1.78505002E-44
  138.4  1.79084799E-44
  138.5  1.79666007E-44
  138.6  1.80248628E-44
  138.7  1.80832665E-44
  138.8  1.81418121E-44
  138.9  1.82004996E-44
  139.  1.82593295E-44
  139.1  1.83183018E-44
  139.2  1.83774169E-44
  139.3  1.8436675E-44
  139.4  1.84960762E-44
  139.5  1.85556209E-44
  139.6  1.86153092E-44
  139.7  1.86751414E-44
  139.8  1.87351177E-44
  139.9  1.87952384E-44
  140.  1.88555036E-44
  140.1  1.89159137E-44
  140.2  1.89764688E-44
  140.3  1.90371691E-44
  140.4  1.9098015E-44
  140.5  1.91590066E-44
  140.6  1.92201442E-44
  140.7  1.9281428E-44
  140.8  1.93428582E-44
  140.9  1.94044351E-44
  141.  1.94661589E-44
  141.1  1.95280299E-44
  141.2  1.95900482E-44
  141.3  1.96522141E-44
  141.4  1.97145279E-44
  141.5  1.97769897E-44
  141.6  1.98395998E-44
  141.7  1.99023585E-44
  141.8  1.99652659E-44
  141.9  2.00283224E-44
  142.  2.00915281E-44
  142.1  2.01548833E-44
  142.2  2.02183882E-44
  142.3  2.0282043E-44
  142.4  2.03458481E-44
  142.5  2.04098035E-44
  142.6  2.04739096E-44
  142.7  2.05381667E-44
  142.8  2.06025748E-44
  142.9  2.06671343E-44
  143.  2.07318455E-44
  143.1  2.07967085E-44
  143.2  2.08617235E-44
  143.3  2.09268909E-44
  143.4  2.09922108E-44
  143.5  2.10576836E-44
  143.6  2.11233093E-44
  143.7  2.11890884E-44
  143.8  2.12550209E-44
  143.9  2.13211072E-44
  144.  2.13873475E-44
  144.1  2.1453742E-44
  144.2  2.1520291E-44
  144.3  2.15869947E-44
  144.4  2.16538533E-44
  144.5  2.17208671E-44
  144.6  2.17880363E-44
  144.7  2.18553612E-44
  144.8  2.1922842E-44
  144.9  2.1990479E-44
  145.  2.20582723E-44
  145.1  2.21262223E-44
  145.2  2.21943291E-44
  145.3  2.2262593E-44
  145.4  2.23310143E-44
  145.5  2.23995932E-44
  145.6  2.24683299E-44
  145.7  2.25372247E-44
  145.8  2.26062778E-44
  145.9  2.26754895E-44
  146.  2.274486E-44
  146.1  2.28143895E-44
  146.2  2.28840783E-44
  146.3  2.29539266E-44
  146.4  2.30239347E-44
  146.5  2.30941029E-44
  146.6  2.31644313E-44
  146.7  2.32349202E-44
  146.8  2.33055698E-44
  146.9  2.33763805E-44
  147.  2.34473523E-44
  147.1  2.35184857E-44
  147.2  2.35897808E-44
  147.3  2.36612379E-44
  147.4  2.37328571E-44
  147.5  2.38046389E-44
  147.6  2.38765834E-44
  147.7  2.39486908E-44
  147.8  2.40209614E-44
  147.9  2.40933954E-44
  148.  2.41659932E-44
  148.1  2.42387549E-44
  148.2  2.43116807E-44
  148.3  2.43847711E-44
  148.4  2.4458026E-44
  148.5  2.4531446E-44
  148.6  2.4605031E-44
  148.7  2.46787816E-44
  148.8  2.47526977E-44
  148.9  2.48267798E-44
  149.  2.49010281E-44
  149.1  2.49754428E-44
  149.2  2.50500241E-44
  149.3  2.51247723E-44
  149.4  2.51996878E-44
  149.5  2.52747706E-44
  149.6  2.5350021E-44
  149.7  2.54254394E-44
  149.8  2.5501026E-44
  149.9  2.55767809E-44
  150.  2.56527045E-44
  150.1  2.5728797E-44
  150.2  2.58050587E-44
  150.3  2.58814898E-44
  150.4  2.59580905E-44
  150.5  2.60348611E-44
  150.6  2.61118019E-44
  150.7  2.61889131E-44
  150.8  2.6266195E-44
  150.9  2.63436478E-44
  151.  2.64212718E-44
  151.1  2.64990671E-44
  151.2  2.65770342E-44
  151.3  2.66551732E-44
  151.4  2.67334843E-44
  151.5  2.68119679E-44
  151.6  2.68906241E-44
  151.7  2.69694533E-44
  151.8  2.70484557E-44
  151.9  2.71276315E-44
  152.  2.7206981E-44
  152.1  2.72865045E-44
  152.2  2.73662021E-44
  152.3  2.74460742E-44
  152.4  2.75261211E-44
  152.5  2.76063429E-44
  152.6  2.76867399E-44
  152.7  2.77673124E-44
  152.8  2.78480606E-44
  152.9  2.79289848E-44
  153.  2.80100852E-44
  153.1  2.80913622E-44
  153.2  2.81728159E-44
  153.3  2.82544466E-44
  153.4  2.83362545E-44
  153.5  2.841824E-44
  153.6  2.85004033E-44
  153.7  2.85827446E-44
  153.8  2.86652642E-44
  153.9  2.87479624E-44
  154.  2.88308393E-44
  154.1  2.89138953E-44
  154.2  2.89971307E-44
  154.3  2.90805456E-44
  154.4  2.91641404E-44
  154.5  2.92479152E-44
  154.6  2.93318704E-44
  154.7  2.94160063E-44
  154.8  2.95003229E-44
  154.9  2.95848208E-44
  155.  2.96695E-44
  155.1  2.97543609E-44
  155.2  2.98394036E-44
  155.3  2.99246286E-44
  155.4  3.0010036E-44
  155.5  3.0095626E-44
  155.6  3.0181399E-44
  155.7  3.02673553E-44
  155.8  3.0353495E-44
  155.9  3.04398184E-44
  156.  3.05263258E-44
  156.1  3.06130175E-44
  156.2  3.06998937E-44
  156.3  3.07869547E-44
  156.4  3.08742007E-44
  156.5  3.0961632E-44
  156.6  3.10492489E-44
  156.7  3.11370516E-44
  156.8  3.12250403E-44
  156.9  3.13132155E-44
  157.  3.14015772E-44
  157.1  3.14901259E-44
  157.2  3.15788616E-44
  157.3  3.16677848E-44
  157.4  3.17568956E-44
  157.5  3.18461944E-44
  157.6  3.19356814E-44
  157.7  3.20253568E-44
  157.8  3.2115221E-44
  157.9  3.22052741E-44
  158.  3.22955165E-44
  158.1  3.23859484E-44
  158.2  3.24765701E-44
  158.3  3.25673819E-44
  158.4  3.26583839E-44
  158.5  3.27495766E-44
  158.6  3.284096E-44
  158.7  3.29325346E-44
  158.8  3.30243006E-44
  158.9  3.31162582E-44
  159.  3.32084078E-44
  159.1  3.33007495E-44
  159.2  3.33932836E-44
  159.3  3.34860105E-44
  159.4  3.35789303E-44
  159.5  3.36720434E-44
  159.6  3.37653501E-44
  159.7  3.38588505E-44
  159.8  3.39525449E-44
  159.9  3.40464337E-44
  160.  3.4140517E-44
  160.1  3.42347952E-44
  160.2  3.43292686E-44
  160.3  3.44239373E-44
  160.4  3.45188017E-44
  160.5  3.4613862E-44
  160.6  3.47091185E-44
  160.7  3.48045715E-44
  160.8  3.49002213E-44
  160.9  3.4996068E-44
  161.  3.50921121E-44
  161.1  3.51883537E-44
  161.2  3.52847931E-44
  161.3  3.53814306E-44
  161.4  3.54782665E-44
  161.5  3.5575301E-44
  161.6  3.56725344E-44
  161.7  3.5769967E-44
  161.8  3.58675991E-44
  161.9  3.59654309E-44
  162.  3.60634627E-44
  162.1  3.61616947E-44
  162.2  3.62601273E-44
  162.3  3.63587607E-44
  162.4  3.64575952E-44
  162.5  3.65566311E-44
  162.6  3.66558686E-44
  162.7  3.6755308E-44
  162.8  3.68549495E-44
  162.9  3.69547936E-44
  163.  3.70548403E-44
  163.1  3.71550901E-44
  163.2  3.72555431E-44
  163.3  3.73561997E-44
  163.4  3.74570602E-44
  163.5  3.75581247E-44
  163.6  3.76593936E-44
  163.7  3.77608671E-44
  163.8  3.78625456E-44
  163.9  3.79644293E-44
  164.  3.80665185E-44
  164.1  3.81688134E-44
  164.2  3.82713143E-44
  164.3  3.83740216E-44
  164.4  3.84769354E-44
  164.5  3.85800561E-44
  164.6  3.8683384E-44
  164.7  3.87869193E-44
  164.8  3.88906622E-44
  164.9  3.89946131E-44
  165.  3.90987723E-44
  165.1  3.920314E-44
  165.2  3.93077165E-44
  165.3  3.94125021E-44
  165.4  3.95174971E-44
  165.5  3.96227017E-44
  165.6  3.97281162E-44
  165.7  3.98337409E-44
  165.8  3.99395761E-44
  165.9  4.0045622E-44
  166.  4.0151879E-44
  166.1  4.02583473E-44
  166.2  4.03650272E-44
  166.3  4.0471919E-44
  166.4  4.05790229E-44
  166.5  4.06863393E-44
  166.6  4.07938683E-44
  166.7  4.09016104E-44
  166.8  4.10095658E-44
  166.9  4.11177347E-44
  167.  4.12261175E-44
  167.1  4.13347144E-44
  167.2  4.14435257E-44
  167.3  4.15525517E-44
  167.4  4.16617926E-44
  167.5  4.17712488E-44
  167.6  4.18809206E-44
  167.7  4.19908081E-44
  167.8  4.21009118E-44
  167.9  4.22112319E-44
  168.  4.23217686E-44
  168.1  4.24325222E-44
  168.2  4.25434931E-44
  168.3  4.26546816E-44
  168.4  4.27660878E-44
  168.5  4.28777121E-44
  168.6  4.29895548E-44
  168.7  4.31016161E-44
  168.8  4.32138964E-44
  168.9  4.33263959E-44
  169.  4.34391149E-44
  169.1  4.35520538E-44
  169.2  4.36652127E-44
  169.3  4.37785919E-44
  169.4  4.38921918E-44
  169.5  4.40060127E-44
  169.6  4.41200548E-44
  169.7  4.42343184E-44
  169.8  4.43488038E-44
  169.9  4.44635113E-44
  170.  4.45784411E-44
