  0.1  7.36574309E-51
  0.2  2.01998788E-50
  0.3  3.41437873E-50
  0.4  4.82909157E-50
  0.5  6.24145081E-50
  0.6  7.64595509E-50
  0.7  9.04198418E-50
  0.8  1.04303009E-49
  0.9  1.18119668E-49
  1.  1.31880025E-49
  1.1  1.45592946E-49
  1.2  1.59265845E-49
  1.3  1.7290484E-49
  1.4  1.86514956E-49
  1.5  2.00100331E-49
  1.6  2.13664383E-49
  1.7  2.27209949E-49
  1.8  2.40739402E-49
  1.9  2.54254732E-49
  2.  2.67757624E-49
  2.1  2.81249508E-49
  2.2  2.94731608E-49
  2.3  3.08204974E-49
  2.4  3.21670515E-49
  2.5  3.35129016E-49
  2.6  3.48581164E-49
  2.7  3.62027561E-49
  2.8  3.75468732E-49
  2.9  3.88905146E-49
  3.  4.02337212E-49
  3.1  4.15765299E-49
  3.2  4.29189731E-49
  3.3  4.42610802E-49
  3.4  4.56028773E-49
  3.5  4.69443879E-49
  3.6  4.82856333E-49
  3.7  4.96266326E-49
  3.8  5.09674033E-49
  3.9  5.23079611E-49
  4.  5.36483204E-49
  4.1  5.49884944E-49
  4.2  5.6328495E-49
  4.3  5.76683331E-49
  4.4  5.9008019E-49
  4.5  6.03475617E-49
  4.6  6.16869699E-49
  4.7  6.30262515E-49
  4.8  6.43654136E-49
  4.9  6.5704463E-49
  5.  6.70434059E-49
  5.1  6.83822482E-49
  5.2  6.97209951E-49
  5.3  7.10596517E-49
  5.4  7.23982225E-49
  5.5  7.37367121E-49
  5.6  7.50751243E-49
  5.7  7.6413463E-49
  5.8  7.77517318E-49
  5.9  7.90899339E-49
  6.  8.04280724E-49
  6.1  8.17661504E-49
  6.2  8.31041705E-49
  6.3  8.44421352E-49
  6.4  8.57800472E-49
  6.5  8.71179085E-49
  6.6  8.84557215E-49
  6.7  8.97934881E-49
  6.8  9.11312103E-49
  6.9  9.24688898E-49
  7.  9.38065284E-49
  7.1  9.51441278E-49
  7.2  9.64816895E-49
  7.3  9.78192149E-49
  7.4  9.91567055E-49
  7.5  1.00494163E-48
  7.6  1.01831587E-48
  7.7  1.03168981E-48
  7.8  1.04506345E-48
  7.9  1.05843679E-48
  8.  1.07180986E-48
  8.1  1.08518267E-48
  8.2  1.09855521E-48
  8.3  1.1119275E-48
  8.4  1.12529955E-48
  8.5  1.13867137E-48
  8.6  1.15204296E-48
  8.7  1.16541433E-48
  8.8  1.17878549E-48
  8.9  1.19215644E-48
  9.  1.2055272E-48
  9.1  1.21889777E-48
  9.2  1.23226815E-48
  9.3  1.24563835E-48
  9.4  1.25900837E-48
  9.5  1.27237823E-48
  9.6  1.28574792E-48
  9.7  1.29911746E-48
  9.8  1.31248683E-48
  9.9  1.32585606E-48
  10.  1.33922514E-48
  10.1  1.35259408E-48
  10.2  1.36596289E-48
  10.3  1.37933156E-48
  10.4  1.3927001E-48
  10.5  1.40606851E-48
  10.6  1.4194368E-48
  10.7  1.43280497E-48
  10.8  1.44617302E-48
  10.9  1.45954096E-48
  11.  1.47290879E-48
  11.1  1.48627651E-48
  11.2  1.49964413E-48
  11.3  1.51301164E-48
  11.4  1.52637906E-48
  11.5  1.53974638E-48
  11.6  1.5531136E-48
  11.7  1.56648073E-48
  11.8  1.57984777E-48
  11.9  1.59321473E-48
  12.  1.6065816E-48
  12.1  1.61994838E-48
  12.2  1.63331508E-48
  12.3  1.64668171E-48
  12.4  1.66004825E-48
  12.5  1.67341472E-48
  12.6  1.68678112E-48
  12.7  1.70014744E-48
  12.8  1.71351369E-48
  12.9  1.72687987E-48
  13.  1.74024599E-48
  13.1  1.75361204E-48
  13.2  1.76697802E-48
  13.3  1.78034394E-48
  13.4  1.7937098E-48
  13.5  1.8070756E-48
  13.6  1.82044133E-48
  13.7  1.83380701E-48
  13.8  1.84717264E-48
  13.9  1.86053821E-48
  14.  1.87390372E-48
  14.1  1.88726918E-48
  14.2  1.90063459E-48
  14.3  1.91399994E-48
  14.4  1.92736525E-48
  14.5  1.9407305E-48
  14.6  1.95409571E-48
  14.7  1.96746087E-48
  14.8  1.98082599E-48
  14.9  1.99419106E-48
  15.  2.00755608E-48
  15.1  2.02092106E-48
  15.2  2.034286E-48
  15.3  2.0476509E-48
  15.4  2.06101576E-48
  15.5  2.07438057E-48
  15.6  2.08774535E-48
  15.7  2.10111008E-48
  15.8  2.11447478E-48
  15.9  2.12783944E-48
  16.  2.14120406E-48
  16.1  2.15456865E-48
  16.2  2.1679332E-48
  16.3  2.18129772E-48
  16.4  2.19466221E-48
  16.5  2.20802665E-48
  16.6  2.22139107E-48
  16.7  2.23475546E-48
  16.8  2.24811981E-48
  16.9  2.26148413E-48
  17.  2.27484842E-48
  17.1  2.28821268E-48
  17.2  2.30157691E-48
  17.3  2.31494111E-48
  17.4  2.32830528E-48
  17.5  2.34166942E-48
  17.6  2.35503354E-48
  17.7  2.36839763E-48
  17.8  2.38176169E-48
  17.9  2.39512573E-48
  18.  2.40848973E-48
  18.1  2.42185372E-48
  18.2  2.43521768E-48
  18.3  2.44858161E-48
  18.4  2.46194552E-48
  18.5  2.4753094E-48
  18.6  2.48867327E-48
  18.7  2.5020371E-48
  18.8  2.51540092E-48
  18.9  2.52876471E-48
  19.  2.54212848E-48
  19.1  2.55549223E-48
  19.2  2.56885596E-48
  19.3  2.58221967E-48
  19.4  2.59558335E-48
  19.5  2.60894702E-48
  19.6  2.62231066E-48
  19.7  2.63567429E-48
  19.8  2.64903789E-48
  19.9  2.66240148E-48
  20.  2.67576504E-48
  20.1  2.68912859E-48
  20.2  2.70249212E-48
  20.3  2.71585563E-48
  20.4  2.72921912E-48
  20.5  2.7425826E-48
  20.6  2.75594606E-48
  20.7  2.7693095E-48
  20.8  2.78267292E-48
  20.9  2.79603633E-48
  21.  2.80939972E-48
  21.1  2.82276309E-48
  21.2  2.83612645E-48
  21.3  2.8494898E-48
  21.4  2.86285312E-48
  21.5  2.87621643E-48
  21.6  2.88957973E-48
  21.7  2.90294301E-48
  21.8  2.91630628E-48
  21.9  2.92966953E-48
  22.  2.94303277E-48
  22.1  2.95639599E-48
  22.2  2.9697592E-48
  22.3  2.9831224E-48
  22.4  2.99648558E-48
  22.5  3.00984875E-48
  22.6  3.0232119E-48
  22.7  3.03657504E-48
  22.8  3.04993817E-48
  22.9  3.06330129E-48
  23.  3.07666439E-48
  23.1  3.09002748E-48
  23.2  3.10339056E-48
  23.3  3.11675363E-48
  23.4  3.13011668E-48
  23.5  3.14347973E-48
  23.6  3.15684276E-48
  23.7  3.17020578E-48
  23.8  3.18356879E-48
  23.9  3.19693178E-48
  24.  3.21029477E-48
  24.1  3.22365774E-48
  24.2  3.23702071E-48
  24.3  3.25038366E-48
  24.4  3.26374661E-48
  24.5  3.27710954E-48
  24.6  3.29047246E-48
  24.7  3.30383537E-48
  24.8  3.31719827E-48
  24.9  3.33056117E-48
  25.  3.34392405E-48
  25.1  3.35728692E-48
  25.2  3.37064978E-48
  25.3  3.38401264E-48
  25.4  3.39737548E-48
  25.5  3.41073832E-48
  25.6  3.42410114E-48
  25.7  3.43746396E-48
  25.8  3.45082676E-48
  25.9  3.46418956E-48
  26.  3.47755235E-48
  26.1  3.49091513E-48
  26.2  3.50427791E-48
  26.3  3.51764067E-48
  26.4  3.53100343E-48
  26.5  3.54436617E-48
  26.6  3.55772891E-48
  26.7  3.57109164E-48
  26.8  3.58445437E-48
  26.9  3.59781708E-48
  27.  3.61117979E-48
  27.1  3.62454249E-48
  27.2  3.63790518E-48
  27.3  3.65126786E-48
  27.4  3.66463054E-48
  27.5  3.67799321E-48
  27.6  3.69135587E-48
  27.7  3.70471853E-48
  27.8  3.71808118E-48
  27.9  3.73144382E-48
  28.  3.74480645E-48
  28.1  3.75816908E-48
  28.2  3.77153169E-48
  28.3  3.78489431E-48
  28.4  3.79825691E-48
  28.5  3.81161951E-48
  28.6  3.82498211E-48
  28.7  3.83834469E-48
  28.8  3.85170727E-48
  28.9  3.86506985E-48
  29.  3.87843241E-48
  29.1  3.89179497E-48
  29.2  3.90515753E-48
  29.3  3.91852008E-48
  29.4  3.93188262E-48
  29.5  3.94524515E-48
  29.6  3.95860768E-48
  29.7  3.97197021E-48
  29.8  3.98533273E-48
  29.9  3.99869524E-48
  30.  4.01205775E-48
  30.1  4.02542025E-48
  30.2  4.03878274E-48
  30.3  4.05214523E-48
  30.4  4.06550772E-48
  30.5  4.0788702E-48
  30.6  4.09223267E-48
  30.7  4.10559514E-48
  30.8  4.1189576E-48
  30.9  4.13232006E-48
  31.  4.14568251E-48
  31.1  4.15904496E-48
  31.2  4.1724074E-48
  31.3  4.18576984E-48
  31.4  4.19913227E-48
  31.5  4.2124947E-48
  31.6  4.22585712E-48
  31.7  4.23921954E-48
  31.8  4.25258195E-48
  31.9  4.26594436E-48
  32.  4.27930676E-48
  32.1  4.29266916E-48
  32.2  4.30603156E-48
  32.3  4.31939395E-48
  32.4  4.33275633E-48
  32.5  4.34611871E-48
  32.6  4.35948109E-48
  32.7  4.37284346E-48
  32.8  4.38620583E-48
  32.9  4.39956819E-48
  33.  4.41293055E-48
  33.1  4.4262929E-48
  33.2  4.43965525E-48
  33.3  4.4530176E-48
  33.4  4.46637994E-48
  33.5  4.47974227E-48
  33.6  4.49310461E-48
  33.7  4.50646694E-48
  33.8  4.51982926E-48
  33.9  4.53319158E-48
  34.  4.5465539E-48
  34.1  4.55991621E-48
  34.2  4.57327852E-48
  34.3  4.58664083E-48
  34.4  4.60000313E-48
  34.5  4.61336543E-48
  34.6  4.62672772E-48
  34.7  4.64009001E-48
  34.8  4.6534523E-48
  34.9  4.66681458E-48
  35.  4.68017686E-48
  35.1  4.69353914E-48
  35.2  4.70690141E-48
  35.3  4.72026368E-48
  35.4  4.73362594E-48
  35.5  4.74698821E-48
  35.6  4.76035046E-48
  35.7  4.77371272E-48
  35.8  4.78707497E-48
  35.9  4.80043722E-48
  36.  4.81379946E-48
  36.1  4.82716171E-48
  36.2  4.84052394E-48
  36.3  4.85388618E-48
  36.4  4.86724841E-48
  36.5  4.88061064E-48
  36.6  4.89397286E-48
  36.7  4.90733509E-48
  36.8  4.92069731E-48
  36.9  4.93405952E-48
  37.  4.94742174E-48
  37.1  4.96078394E-48
  37.2  4.97414615E-48
  37.3  4.98750836E-48
  37.4  5.00087056E-48
  37.5  5.01423275E-48
  37.6  5.02759495E-48
  37.7  5.04095714E-48
  37.8  5.05431933E-48
  37.9  5.06768152E-48
  38.  5.0810437E-48
  38.1  5.09440588E-48
  38.2  5.10776806E-48
  38.3  5.12113023E-48
  38.4  5.13449241E-48
  38.5  5.14785458E-48
  38.6  5.16121674E-48
  38.7  5.17457891E-48
  38.8  5.18794107E-48
  38.9  5.20130323E-48
  39.  5.21466539E-48
  39.1  5.22802754E-48
  39.2  5.24138969E-48
  39.3  5.25475184E-48
  39.4  5.26811398E-48
  39.5  5.28147613E-48
  39.6  5.29483827E-48
  39.7  5.30820041E-48
  39.8  5.32156254E-48
  39.9  5.33492468E-48
  40.  5.34828681E-48
  40.1  5.36164894E-48
  40.2  5.37501106E-48
  40.3  5.38837319E-48
  40.4  5.40173531E-48
  40.5  5.41509743E-48
  40.6  5.42845955E-48
  40.7  5.44182166E-48
  40.8  5.45518377E-48
  40.9  5.46854588E-48
  41.  5.48190799E-48
  41.1  5.4952701E-48
  41.2  5.5086322E-48
  41.3  5.5219943E-48
  41.4  5.5353564E-48
  41.5  5.5487185E-48
  41.6  5.56208059E-48
  41.7  5.57544268E-48
  41.8  5.58880477E-48
  41.9  5.60216686E-48
  42.  5.61552895E-48
  42.1  5.62889103E-48
  42.2  5.64225311E-48
  42.3  5.65561519E-48
  42.4  5.66897727E-48
  42.5  5.68233935E-48
  42.6  5.69570142E-48
  42.7  5.70906349E-48
  42.8  5.72242556E-48
  42.9  5.73578763E-48
  43.  5.74914969E-48
  43.1  5.76251176E-48
  43.2  5.77587382E-48
  43.3  5.78923588E-48
  43.4  5.80259794E-48
  43.5  5.81595999E-48
  43.6  5.82932205E-48
  43.7  5.8426841E-48
  43.8  5.85604615E-48
  43.9  5.8694082E-48
  44.  5.88277025E-48
  44.1  5.89613229E-48
  44.2  5.90949433E-48
  44.3  5.92285638E-48
  44.4  5.93621842E-48
  44.5  5.94958045E-48
  44.6  5.96294249E-48
  44.7  5.97630452E-48
  44.8  5.98966656E-48
  44.9  6.00302859E-48
  45.  6.01639062E-48
  45.1  6.02975264E-48
  45.2  6.04311467E-48
  45.3  6.05647669E-48
  45.4  6.06983872E-48
  45.5  6.08320074E-48
  45.6  6.09656276E-48
  45.7  6.10992477E-48
  45.8  6.12328679E-48
  45.9  6.1366488E-48
  46.  6.15001082E-48
  46.1  6.16337283E-48
  46.2  6.17673484E-48
  46.3  6.19009684E-48
  46.4  6.20345885E-48
  46.5  6.21682086E-48
  46.6  6.23018286E-48
  46.7  6.24354486E-48
  46.8  6.25690686E-48
  46.9  6.27026886E-48
  47.  6.28363086E-48
  47.1  6.29699285E-48
  47.2  6.31035485E-48
  47.3  6.32371684E-48
  47.4  6.33707883E-48
  47.5  6.35044082E-48
  47.6  6.36380281E-48
  47.7  6.37716479E-48
  47.8  6.39052678E-48
  47.9  6.40388876E-48
  48.  6.41725075E-48
  48.1  6.43061273E-48
  48.2  6.44397471E-48
  48.3  6.45733669E-48
  48.4  6.47069866E-48
  48.5  6.48406064E-48
  48.6  6.49742261E-48
  48.7  6.51078458E-48
  48.8  6.52414656E-48
  48.9  6.53750853E-48
  49.  6.5508705E-48
  49.1  6.56423246E-48
  49.2  6.57759443E-48
  49.3  6.59095639E-48
  49.4  6.60431836E-48
  49.5  6.61768032E-48
  49.6  6.63104228E-48
  49.7  6.64440424E-48
  49.8  6.6577662E-48
  49.9  6.67112816E-48
  50.  6.68449011E-48
  50.1  6.69785207E-48
  50.2  6.71121402E-48
  50.3  6.72457597E-48
  50.4  6.73793792E-48
  50.5  6.75129987E-48
  50.6  6.76466182E-48
  50.7  6.77802377E-48
  50.8  6.79138572E-48
  50.9  6.80474766E-48
  51.  6.8181096E-48
  51.1  6.83147155E-48
  51.2  6.84483349E-48
  51.3  6.85819543E-48
  51.4  6.87155737E-48
  51.5  6.88491931E-48
  51.6  6.89828124E-48
  51.7  6.91164318E-48
  51.8  6.92500511E-48
  51.9  6.93836705E-48
  52.  6.95172898E-48
  52.1  6.96509091E-48
  52.2  6.97845284E-48
  52.3  6.99181477E-48
  52.4  7.0051767E-48
  52.5  7.01853863E-48
  52.6  7.03190055E-48
  52.7  7.04526248E-48
  52.8  7.0586244E-48
  52.9  7.07198632E-48
  53.  7.08534824E-48
  53.1  7.09871016E-48
  53.2  7.11207208E-48
  53.3  7.125434E-48
  53.4  7.13879592E-48
  53.5  7.15215784E-48
  53.6  7.16551975E-48
  53.7  7.17888167E-48
  53.8  7.19224358E-48
  53.9  7.20560549E-48
  54.  7.2189674E-48
  54.1  7.23232931E-48
  54.2  7.24569122E-48
  54.3  7.25905313E-48
  54.4  7.27241504E-48
  54.5  7.28577695E-48
  54.6  7.29913885E-48
  54.7  7.31250076E-48
  54.8  7.32586266E-48
  54.9  7.33922456E-48
  55.  7.35258646E-48
  55.1  7.36594836E-48
  55.2  7.37931026E-48
  55.3  7.39267216E-48
  55.4  7.40603406E-48
  55.5  7.41939596E-48
  55.6  7.43275786E-48
  55.7  7.44611975E-48
  55.8  7.45948164E-48
  55.9  7.47284354E-48
  56.  7.48620543E-48
  56.1  7.49956732E-48
  56.2  7.51292921E-48
  56.3  7.5262911E-48
  56.4  7.53965299E-48
  56.5  7.55301488E-48
  56.6  7.56637677E-48
  56.7  7.57973865E-48
  56.8  7.59310054E-48
  56.9  7.60646242E-48
  57.  7.61982431E-48
  57.1  7.63318619E-48
  57.2  7.64654807E-48
  57.3  7.65990996E-48
  57.4  7.67327184E-48
  57.5  7.68663372E-48
  57.6  7.69999559E-48
  57.7  7.71335747E-48
  57.8  7.72671935E-48
  57.9  7.74008123E-48
  58.  7.7534431E-48
  58.1  7.76680498E-48
  58.2  7.78016685E-48
  58.3  7.79352872E-48
  58.4  7.8068906E-48
  58.5  7.82025247E-48
  58.6  7.83361434E-48
  58.7  7.84697621E-48
  58.8  7.86033808E-48
  58.9  7.87369995E-48
  59.  7.88706182E-48
  59.1  7.90042368E-48
  59.2  7.91378555E-48
  59.3  7.92714741E-48
  59.4  7.94050928E-48
  59.5  7.95387114E-48
  59.6  7.96723301E-48
  59.7  7.98059487E-48
  59.8  7.99395673E-48
  59.9  8.00731859E-48
  60.  8.02068045E-48
  60.1  8.03404231E-48
  60.2  8.04740417E-48
  60.3  8.06076603E-48
  60.4  8.07412789E-48
  60.5  8.08748974E-48
  60.6  8.1008516E-48
  60.7  8.11421346E-48
  60.8  8.12757531E-48
  60.9  8.14093716E-48
  61.  8.15429902E-48
  61.1  8.16766087E-48
  61.2  8.18102272E-48
  61.3  8.19438457E-48
  61.4  8.20774642E-48
  61.5  8.22110827E-48
  61.6  8.23447012E-48
  61.7  8.24783197E-48
  61.8  8.26119382E-48
  61.9  8.27455567E-48
  62.  8.28791751E-48
  62.1  8.30127936E-48
  62.2  8.3146412E-48
  62.3  8.32800305E-48
  62.4  8.34136489E-48
  62.5  8.35472674E-48
  62.6  8.36808858E-48
  62.7  8.38145042E-48
  62.8  8.39481226E-48
  62.9  8.4081741E-48
  63.  8.42153594E-48
  63.1  8.43489778E-48
  63.2  8.44825962E-48
  63.3  8.46162146E-48
  63.4  8.4749833E-48
  63.5  8.48834514E-48
  63.6  8.50170697E-48
  63.7  8.51506881E-48
  63.8  8.52843064E-48
  63.9  8.54179248E-48
  64.  8.55515431E-48
  64.1  8.56851614E-48
  64.2  8.58187798E-48
  64.3  8.59523981E-48
  64.4  8.60860164E-48
  64.5  8.62196347E-48
  64.6  8.6353253E-48
  64.7  8.64868713E-48
  64.8  8.66204896E-48
  64.9  8.67541079E-48
  65.  8.68877262E-48
  65.1  8.70213445E-48
  65.2  8.71549627E-48
  65.3  8.7288581E-48
  65.4  8.74221993E-48
  65.5  8.75558175E-48
  65.6  8.76894358E-48
  65.7  8.7823054E-48
  65.8  8.79566722E-48
  65.9  8.80902905E-48
  66.  8.82239087E-48
  66.1  8.83575269E-48
  66.2  8.84911451E-48
  66.3  8.86247634E-48
  66.4  8.87583816E-48
  66.5  8.88919998E-48
  66.6  8.90256179E-48
  66.7  8.91592361E-48
  66.8  8.92928543E-48
  66.9  8.94264725E-48
  67.  8.95600907E-48
  67.1  8.96937088E-48
  67.2  8.9827327E-48
  67.3  8.99609452E-48
  67.4  9.00945633E-48
  67.5  9.02281815E-48
  67.6  9.03617996E-48
  67.7  9.04954177E-48
  67.8  9.06290359E-48
  67.9  9.0762654E-48
  68.  9.08962721E-48
  68.1  9.10298902E-48
  68.2  9.11635083E-48
  68.3  9.12971265E-48
  68.4  9.14307446E-48
  68.5  9.15643627E-48
  68.6  9.16979807E-48
  68.7  9.18315988E-48
  68.8  9.19652169E-48
  68.9  9.2098835E-48
  69.  9.22324531E-48
  69.1  9.23660711E-48
  69.2  9.24996892E-48
  69.3  9.26333073E-48
  69.4  9.27669253E-48
  69.5  9.29005434E-48
  69.6  9.30341614E-48
  69.7  9.31677794E-48
  69.8  9.33013975E-48
  69.9  9.34350155E-48
  70.  9.35686335E-48
  70.1  9.37022516E-48
  70.2  9.38358696E-48
  70.3  9.39694876E-48
  70.4  9.41031056E-48
  70.5  9.42367236E-48
  70.6  9.43703416E-48
  70.7  9.45039596E-48
  70.8  9.46375776E-48
  70.9  9.47711956E-48
  71.  9.49048135E-48
  71.1  9.50384315E-48
  71.2  9.51720495E-48
  71.3  9.53056675E-48
  71.4  9.54392854E-48
  71.5  9.55729034E-48
  71.6  9.57065213E-48
  71.7  9.58401393E-48
  71.8  9.59737572E-48
  71.9  9.61073752E-48
  72.  9.62409931E-48
  72.1  9.63746111E-48
  72.2  9.6508229E-48
  72.3  9.66418469E-48
  72.4  9.67754648E-48
  72.5  9.69090827E-48
  72.6  9.70427007E-48
  72.7  9.71763186E-48
  72.8  9.73099365E-48
  72.9  9.74435544E-48
  73.  9.75771723E-48
  73.1  9.77107902E-48
  73.2  9.78444081E-48
  73.3  9.79780259E-48
  73.4  9.81116438E-48
  73.5  9.82452617E-48
  73.6  9.83788796E-48
  73.7  9.85124974E-48
  73.8  9.86461153E-48
  73.9  9.87797332E-48
  74.  9.8913351E-48
  74.1  9.90469689E-48
  74.2  9.91805867E-48
  74.3  9.93142046E-48
  74.4  9.94478224E-48
  74.5  9.95814403E-48
  74.6  9.97150581E-48
  74.7  9.98486759E-48
  74.8  9.99822937E-48
  74.9  1.00115912E-47
  75.  1.00249529E-47
  75.1  1.00383147E-47
  75.2  1.00516765E-47
  75.3  1.00650383E-47
  75.4  1.00784001E-47
  75.5  1.00917618E-47
  75.6  1.01051236E-47
  75.7  1.01184854E-47
  75.8  1.01318472E-47
  75.9  1.0145209E-47
  76.  1.01585707E-47
  76.1  1.01719325E-47
  76.2  1.01852943E-47
  76.3  1.01986561E-47
  76.4  1.02120178E-47
  76.5  1.02253796E-47
  76.6  1.02387414E-47
  76.7  1.02521032E-47
  76.8  1.0265465E-47
  76.9  1.02788267E-47
  77.  1.02921885E-47
  77.1  1.03055503E-47
  77.2  1.03189121E-47
  77.3  1.03322738E-47
  77.4  1.03456356E-47
  77.5  1.03589974E-47
  77.6  1.03723591E-47
  77.7  1.03857209E-47
  77.8  1.03990827E-47
  77.9  1.04124445E-47
  78.  1.04258062E-47
  78.1  1.0439168E-47
  78.2  1.04525298E-47
  78.3  1.04658915E-47
  78.4  1.04792533E-47
  78.5  1.04926151E-47
  78.6  1.05059769E-47
  78.7  1.05193386E-47
  78.8  1.05327004E-47
  78.9  1.05460622E-47
  79.  1.05594239E-47
  79.1  1.05727857E-47
  79.2  1.05861475E-47
  79.3  1.05995092E-47
  79.4  1.0612871E-47
  79.5  1.06262328E-47
  79.6  1.06395945E-47
  79.7  1.06529563E-47
  79.8  1.06663181E-47
  79.9  1.06796798E-47
  80.  1.06930416E-47
  80.1  1.07064034E-47
  80.2  1.07197651E-47
  80.3  1.07331269E-47
  80.4  1.07464886E-47
  80.5  1.07598504E-47
  80.6  1.07732122E-47
  80.7  1.07865739E-47
  80.8  1.07999357E-47
  80.9  1.08132975E-47
  81.  1.08266592E-47
  81.1  1.0840021E-47
  81.2  1.08533827E-47
  81.3  1.08667445E-47
  81.4  1.08801063E-47
  81.5  1.0893468E-47
  81.6  1.09068298E-47
  81.7  1.09201916E-47
  81.8  1.09335533E-47
  81.9  1.09469151E-47
  82.  1.09602768E-47
  82.1  1.09736386E-47
  82.2  1.09870003E-47
  82.3  1.10003621E-47
  82.4  1.10137239E-47
  82.5  1.10270856E-47
  82.6  1.10404474E-47
  82.7  1.10538091E-47
  82.8  1.10671709E-47
  82.9  1.10805326E-47
  83.  1.10938944E-47
  83.1  1.11072562E-47
  83.2  1.11206179E-47
  83.3  1.11339797E-47
  83.4  1.11473414E-47
  83.5  1.11607032E-47
  83.6  1.11740649E-47
  83.7  1.11874267E-47
  83.8  1.12007884E-47
  83.9  1.12141502E-47
  84.  1.1227512E-47
  84.1  1.12408737E-47
  84.2  1.12542355E-47
  84.3  1.12675972E-47
  84.4  1.1280959E-47
  84.5  1.12943207E-47
  84.6  1.13076825E-47
  84.7  1.13210442E-47
  84.8  1.1334406E-47
  84.9  1.13477677E-47
  85.  1.13611295E-47
  85.1  1.13744912E-47
  85.2  1.1387853E-47
  85.3  1.14012147E-47
  85.4  1.14145765E-47
  85.5  1.14279382E-47
  85.6  1.14413E-47
  85.7  1.14546617E-47
  85.8  1.14680235E-47
  85.9  1.14813852E-47
  86.  1.1494747E-47
  86.1  1.15081087E-47
  86.2  1.15214705E-47
  86.3  1.15348322E-47
  86.4  1.1548194E-47
  86.5  1.15615557E-47
  86.6  1.15749175E-47
  86.7  1.15882792E-47
  86.8  1.16016409E-47
  86.9  1.16150027E-47
  87.  1.16283644E-47
  87.1  1.16417262E-47
  87.2  1.16550879E-47
  87.3  1.16684497E-47
  87.4  1.16818114E-47
  87.5  1.16951732E-47
  87.6  1.17085349E-47
  87.7  1.17218967E-47
  87.8  1.17352584E-47
  87.9  1.17486201E-47
  88.  1.17619819E-47
  88.1  1.17753436E-47
  88.2  1.17887054E-47
  88.3  1.18020671E-47
  88.4  1.18154289E-47
  88.5  1.18287906E-47
  88.6  1.18421523E-47
  88.7  1.18555141E-47
  88.8  1.18688758E-47
  88.9  1.18822376E-47
  89.  1.18955993E-47
  89.1  1.19089611E-47
  89.2  1.19223228E-47
  89.3  1.19356845E-47
  89.4  1.19490463E-47
  89.5  1.1962408E-47
  89.6  1.19757698E-47
  89.7  1.19891315E-47
  89.8  1.20024932E-47
  89.9  1.2015855E-47
  90.  1.20292167E-47
  90.1  1.20425785E-47
  90.2  1.20559402E-47
  90.3  1.20693019E-47
  90.4  1.20826637E-47
  90.5  1.20960254E-47
  90.6  1.21093871E-47
  90.7  1.21227489E-47
  90.8  1.21361106E-47
  90.9  1.21494724E-47
  91.  1.21628341E-47
  91.1  1.21761958E-47
  91.2  1.21895576E-47
  91.3  1.22029193E-47
  91.4  1.2216281E-47
  91.5  1.22296428E-47
  91.6  1.22430045E-47
  91.7  1.22563662E-47
  91.8  1.2269728E-47
  91.9  1.22830897E-47
  92.  1.22964515E-47
  92.1  1.23098132E-47
  92.2  1.23231749E-47
  92.3  1.23365367E-47
  92.4  1.23498984E-47
  92.5  1.23632601E-47
  92.6  1.23766219E-47
  92.7  1.23899836E-47
  92.8  1.24033453E-47
  92.9  1.24167071E-47
  93.  1.24300688E-47
  93.1  1.24434305E-47
  93.2  1.24567923E-47
  93.3  1.2470154E-47
  93.4  1.24835157E-47
  93.5  1.24968775E-47
  93.6  1.25102392E-47
  93.7  1.25236009E-47
  93.8  1.25369626E-47
  93.9  1.25503244E-47
  94.  1.25636861E-47
  94.1  1.25770478E-47
  94.2  1.25904096E-47
  94.3  1.26037713E-47
  94.4  1.2617133E-47
  94.5  1.26304948E-47
  94.6  1.26438565E-47
  94.7  1.26572182E-47
  94.8  1.267058E-47
  94.9  1.26839417E-47
  95.  1.26973034E-47
  95.1  1.27106651E-47
  95.2  1.27240269E-47
  95.3  1.27373886E-47
  95.4  1.27507503E-47
  95.5  1.27641121E-47
  95.6  1.27774738E-47
  95.7  1.27908355E-47
  95.8  1.28041972E-47
  95.9  1.2817559E-47
  96.  1.28309207E-47
  96.1  1.28442824E-47
  96.2  1.28576441E-47
  96.3  1.28710059E-47
  96.4  1.28843676E-47
  96.5  1.28977293E-47
  96.6  1.29110911E-47
  96.7  1.29244528E-47
  96.8  1.29378145E-47
  96.9  1.29511762E-47
  97.  1.2964538E-47
  97.1  1.29778997E-47
  97.2  1.29912614E-47
  97.3  1.30046231E-47
  97.4  1.30179849E-47
  97.5  1.30313466E-47
  97.6  1.30447083E-47
  97.7  1.305807E-47
  97.8  1.30714318E-47
  97.9  1.30847935E-47
  98.  1.30981552E-47
  98.1  1.31115169E-47
  98.2  1.31248787E-47
  98.3  1.31382404E-47
  98.4  1.31516021E-47
  98.5  1.31649638E-47
  98.6  1.31783255E-47
  98.7  1.31916873E-47
  98.8  1.3205049E-47
  98.9  1.32184107E-47
  99.  1.32317724E-47
  99.1  1.32451342E-47
  99.2  1.32584959E-47
  99.3  1.32718576E-47
  99.4  1.32852193E-47
  99.5  1.3298581E-47
  99.6  1.33119428E-47
  99.7  1.33253045E-47
  99.8  1.33386662E-47
  99.9  1.33520279E-47
  100.  1.33653897E-47
