  0.1  0.
  0.2  0.
  0.3  0.
  0.4  0.
  0.5  0.
  0.6  0.
  0.7  0.
  0.8  0.
  0.9  0.
  1.  0.
  1.1  0.
  1.2  0.
  1.3  0.
  1.4  0.
  1.5  0.
  1.6  0.
  1.7  0.
  1.8  0.
  1.9  0.
  2.  0.
  2.1  0.
  2.2  0.
  2.3  0.
  2.4  0.
  2.5  0.
  2.6  0.
  2.7  0.
  2.8  0.
  2.9  0.
  3.  0.
  3.1  0.
  3.2  0.
  3.3  0.
  3.4  0.
  3.5  0.
  3.6  0.
  3.7  0.
  3.8  0.
  3.9  0.
  4.  0.
  4.1  0.
  4.2  0.
  4.3  0.
  4.4  0.
  4.5  0.
  4.6  0.
  4.7  0.
  4.8  0.
  4.9  0.
  5.  0.
  5.1  0.
  5.2  0.
  5.3  0.
  5.4  0.
  5.5  0.
  5.6  0.
  5.7  0.
  5.8  0.
  5.9  0.
  6.  0.
  6.1  0.
  6.2  0.
  6.3  0.
  6.4  0.
  6.5  0.
  6.6  0.
  6.7  0.
  6.8  0.
  6.9  0.
  7.  0.
  7.1  0.
  7.2  0.
  7.3  0.
  7.4  0.
  7.5  0.
  7.6  0.
  7.7  0.
  7.8  0.
  7.9  0.
  8.  0.
  8.1  0.
  8.2  0.
  8.3  0.
  8.4  0.
  8.5  0.
  8.6  0.
  8.7  0.
  8.8  0.
  8.9  0.
  9.  0.
  9.1  0.
  9.2  0.
  9.3  0.
  9.4  0.
  9.5  0.
  9.6  0.
  9.7  0.
  9.8  0.
  9.9  0.
  10.  0.
  10.1  0.
  10.2  0.
  10.3  0.
  10.4  0.
  10.5  0.
  10.6  0.
  10.7  0.
  10.8  0.
  10.9  0.
  11.  0.
  11.1  0.
  11.2  0.
  11.3  0.
  11.4  0.
  11.5  0.
  11.6  0.
  11.7  0.
  11.8  0.
  11.9  0.
  12.  0.
  12.1  0.
  12.2  0.
  12.3  0.
  12.4  0.
  12.5  0.
  12.6  0.
  12.7  0.
  12.8  0.
  12.9  0.
  13.  0.
  13.1  0.
  13.2  0.
  13.3  0.
  13.4  0.
  13.5  0.
  13.6  0.
  13.7  0.
  13.8  0.
  13.9  0.
  14.  0.
  14.1  0.
  14.2  0.
  14.3  0.
  14.4  0.
  14.5  0.
  14.6  0.
  14.7  0.
  14.8  0.
  14.9  0.
  15.  0.
  15.1  0.
  15.2  0.
  15.3  0.
  15.4  0.
  15.5  0.
  15.6  0.
  15.7  0.
  15.8  0.
  15.9  0.
  16.  0.
  16.1  0.
  16.2  0.
  16.3  0.
  16.4  0.
  16.5  0.
  16.6  0.
  16.7  0.
  16.8  0.
  16.9  0.
  17.  0.
  17.1  0.
  17.2  0.
  17.3  0.
  17.4  0.
  17.5  0.
  17.6  0.
  17.7  0.
  17.8  0.
  17.9  0.
  18.  0.
  18.1  0.
  18.2  0.
  18.3  0.
  18.4  0.
  18.5  0.
  18.6  0.
  18.7  0.
  18.8  0.
  18.9  0.
  19.  0.
  19.1  0.
  19.2  0.
  19.3  0.
  19.4  0.
  19.5  0.
  19.6  0.
  19.7  0.
  19.8  0.
  19.9  0.
  20.  0.
  20.1  0.
  20.2  0.
  20.3  0.
  20.4  0.
  20.5  0.
  20.6  0.
  20.7  0.
  20.8  0.
  20.9  0.
  21.  0.
  21.1  0.
  21.2  0.
  21.3  0.
  21.4  0.
  21.5  0.
  21.6  0.
  21.7  0.
  21.8  0.
  21.9  0.
  22.  0.
  22.1  0.
  22.2  0.
  22.3  0.
  22.4  0.
  22.5  0.
  22.6  0.
  22.7  0.
  22.8  0.
  22.9  0.
  23.  0.
  23.1  0.
  23.2  0.
  23.3  0.
  23.4  0.
  23.5  0.
  23.6  0.
  23.7  0.
  23.8  0.
  23.9  0.
  24.  0.
  24.1  0.
  24.2  0.
  24.3  0.
  24.4  0.
  24.5  0.
  24.6  0.
  24.7  0.
  24.8  0.
  24.9  0.
  25.  0.
  25.1  4.71135429E-45
  25.2  4.93152167E-45
  25.3  5.16079319E-45
  25.4  5.39946451E-45
  25.5  5.64783561E-45
  25.6  5.90621049E-45
  25.7  6.17489687E-45
  25.8  6.45420575E-45
  25.9  6.74445111E-45
  26.  7.04594937E-45
  26.1  7.35901901E-45
  26.2  7.68398002E-45
  26.3  8.02115339E-45
  26.4  8.3708605E-45
  26.5  8.73342253E-45
  26.6  9.1091598E-45
  26.7  9.49839109E-45
  26.8  9.90143288E-45
  26.9  1.03185986E-44
  27.  1.07501978E-44
  27.1  1.11965354E-44
  27.2  1.16579105E-44
  27.3  1.21346158E-44
  27.4  1.26269366E-44
  27.5  1.31351493E-44
  27.6  1.36595212E-44
  27.7  1.42003084E-44
  27.8  1.47577557E-44
  27.9  1.53320946E-44
  28.  1.59235426E-44
  28.1  1.65323018E-44
  28.2  1.71585577E-44
  28.3  1.78024778E-44
  28.4  1.84642105E-44
  28.5  1.91438835E-44
  28.6  1.98416029E-44
  28.7  2.05574512E-44
  28.8  2.12914865E-44
  28.9  2.20437409E-44
  29.  2.28142189E-44
  29.1  2.36028966E-44
  29.2  2.44097195E-44
  29.3  2.52346018E-44
  29.4  2.60774249E-44
  29.5  2.69380359E-44
  29.6  2.78162462E-44
  29.7  2.87118308E-44
  29.8  2.96245263E-44
  29.9  3.05540304E-44
  30.  3.15E-44
  30.1  3.24656879E-44
  30.2  3.3454775E-44
  30.3  3.44675211E-44
  30.4  3.55041733E-44
  30.5  3.65649648E-44
  30.6  3.76501145E-44
  30.7  3.87598255E-44
  30.8  3.98942844E-44
  30.9  4.10536603E-44
  31.  4.22381037E-44
  31.1  4.34477455E-44
  31.2  4.46826963E-44
  31.3  4.59430448E-44
  31.4  4.72288571E-44
  31.5  4.85401755E-44
  31.6  4.98770176E-44
  31.7  5.1239375E-44
  31.8  5.26272126E-44
  31.9  5.40404671E-44
  32.  5.54790462E-44
  32.1  5.69428273E-44
  32.2  5.8431657E-44
  32.3  5.99453495E-44
  32.4  6.14836856E-44
  32.5  6.30464121E-44
  32.6  6.46332407E-44
  32.7  6.62438465E-44
  32.8  6.78778679E-44
  32.9  6.95349052E-44
  33.  7.12145197E-44
  33.1  7.29162331E-44
  33.2  7.46395267E-44
  33.3  7.63838405E-44
  33.4  7.81485724E-44
  33.5  7.99330782E-44
  33.6  8.173667E-44
  33.7  8.35586166E-44
  33.8  8.53981425E-44
  33.9  8.72544277E-44
  34.  8.91266075E-44
  34.1  9.10137717E-44
  34.2  9.29149652E-44
  34.3  9.48291873E-44
  34.4  9.67553921E-44
  34.5  9.86924881E-44
  34.6  1.00639339E-43
  34.7  1.02594763E-43
  34.8  1.04557535E-43
  34.9  1.06526385E-43
  35.  1.085E-43
  35.1  1.10491099E-43
  35.2  1.12513291E-43
  35.3  1.14566539E-43
  35.4  1.16650784E-43
  35.5  1.18765933E-43
  35.6  1.20911866E-43
  35.7  1.23088434E-43
  35.8  1.25295451E-43
  35.9  1.27532703E-43
  36.  1.29799938E-43
  36.1  1.32096871E-43
  36.2  1.34423177E-43
  36.3  1.36778496E-43
  36.4  1.39162427E-43
  36.5  1.4157453E-43
  36.6  1.44014324E-43
  36.7  1.46481284E-43
  36.8  1.48974841E-43
  36.9  1.51494382E-43
  37.  1.5403925E-43
  37.1  1.56608738E-43
  37.2  1.59202094E-43
  37.3  1.61818514E-43
  37.4  1.64457147E-43
  37.5  1.67117091E-43
  37.6  1.69797391E-43
  37.7  1.72497042E-43
  37.8  1.75214984E-43
  37.9  1.77950105E-43
  38.  1.80701238E-43
  38.1  1.83467161E-43
  38.2  1.86246599E-43
  38.3  1.89038218E-43
  38.4  1.91840633E-43
  38.5  1.94652398E-43
  38.6  1.97472014E-43
  38.7  2.00297926E-43
  38.8  2.03128522E-43
  38.9  2.05962135E-43
  39.  2.08797042E-43
  39.1  2.11631465E-43
  39.2  2.14463574E-43
  39.3  2.17291482E-43
  39.4  2.20113252E-43
  39.5  2.22926892E-43
  39.6  2.25730361E-43
  39.7  2.28521569E-43
  39.8  2.31298376E-43
  39.9  2.34058597E-43
  40.  2.368E-43
  40.1  2.39546804E-43
  40.2  2.42324368E-43
  40.3  2.45132112E-43
  40.4  2.47969417E-43
  40.5  2.50835621E-43
  40.6  2.53730027E-43
  40.7  2.5665189E-43
  40.8  2.59600425E-43
  40.9  2.62574803E-43
  41.  2.65574148E-43
  41.1  2.6859754E-43
  41.2  2.71644011E-43
  41.3  2.74712544E-43
  41.4  2.77802075E-43
  41.5  2.80911488E-43
  41.6  2.8403962E-43
  41.7  2.87185254E-43
  41.8  2.90347122E-43
  41.9  2.93523903E-43
  42.  2.96714224E-43
  42.1  2.99916657E-43
  42.2  3.0312972E-43
  42.3  3.06351879E-43
  42.4  3.09581542E-43
  42.5  3.12817064E-43
  42.6  3.16056744E-43
  42.7  3.19298827E-43
  42.8  3.22541501E-43
  42.9  3.257829E-43
  43.  3.29021104E-43
  43.1  3.32254137E-43
  43.2  3.35479969E-43
  43.3  3.38696519E-43
  43.4  3.41901649E-43
  43.5  3.45093173E-43
  43.6  3.48268851E-43
  43.7  3.51426394E-43
  43.8  3.54563465E-43
  43.9  3.57677676E-43
  44.  3.60766595E-43
  44.1  3.63827746E-43
  44.2  3.66858608E-43
  44.3  3.6985662E-43
  44.4  3.72819179E-43
  44.5  3.75743649E-43
  44.6  3.78627356E-43
  44.7  3.81467594E-43
  44.8  3.84261627E-43
  44.9  3.87006692E-43
  45.  3.897E-43
  45.1  3.92373634E-43
  45.2  3.95061483E-43
  45.3  3.97763451E-43
  45.4  4.00479437E-43
  45.5  4.03209337E-43
  45.6  4.05953043E-43
  45.7  4.08710442E-43
  45.8  4.11481418E-43
  45.9  4.14265851E-43
  46.  4.17063614E-43
  46.1  4.1987458E-43
  46.2  4.22698614E-43
  46.3  4.25535579E-43
  46.4  4.28385332E-43
  46.5  4.31247727E-43
  46.6  4.34122613E-43
  46.7  4.37009833E-43
  46.8  4.39909226E-43
  46.9  4.42820629E-43
  47.  4.4574387E-43
  47.1  4.48678776E-43
  47.2  4.51625167E-43
  47.3  4.54582859E-43
  47.4  4.57551663E-43
  47.5  4.60531384E-43
  47.6  4.63521824E-43
  47.7  4.66522778E-43
  47.8  4.69534038E-43
  47.9  4.7255539E-43
  48.  4.75586614E-43
  48.1  4.78627486E-43
  48.2  4.81677777E-43
  48.3  4.84737251E-43
  48.4  4.87805668E-43
  48.5  4.90882784E-43
  48.6  4.93968348E-43
  48.7  4.97062103E-43
  48.8  5.00163788E-43
  48.9  5.03273137E-43
  49.  5.06389877E-43
  49.1  5.09513731E-43
  49.2  5.12644416E-43
  49.3  5.15781642E-43
  49.4  5.18925117E-43
  49.5  5.22074539E-43
  49.6  5.25229605E-43
  49.7  5.28390003E-43
  49.8  5.31555417E-43
  49.9  5.34725525E-43
  50.  5.379E-43
  50.1  5.41087902E-43
  50.2  5.44298314E-43
  50.3  5.47530933E-43
  50.4  5.50785448E-43
  50.5  5.54061533E-43
  50.6  5.57358855E-43
  50.7  5.60677072E-43
  50.8  5.64015827E-43
  50.9  5.67374756E-43
  51.  5.70753482E-43
  51.1  5.74151618E-43
  51.2  5.77568765E-43
  51.3  5.81004513E-43
  51.4  5.84458439E-43
  51.5  5.87930111E-43
  51.6  5.91419082E-43
  51.7  5.94924895E-43
  51.8  5.98447079E-43
  51.9  6.01985153E-43
  52.  6.0553862E-43
  52.1  6.09106974E-43
  52.2  6.12689694E-43
  52.3  6.16286247E-43
  52.4  6.19896085E-43
  52.5  6.23518649E-43
  52.6  6.27153367E-43
  52.7  6.3079965E-43
  52.8  6.34456901E-43
  52.9  6.38124504E-43
  53.  6.41801832E-43
  53.1  6.45488244E-43
  53.2  6.49183085E-43
  53.3  6.52885686E-43
  53.4  6.56595363E-43
  53.5  6.60311419E-43
  53.6  6.64033143E-43
  53.7  6.6775981E-43
  53.8  6.71490678E-43
  53.9  6.75224994E-43
  54.  6.78961989E-43
  54.1  6.82700881E-43
  54.2  6.86440873E-43
  54.3  6.90181152E-43
  54.4  6.93920893E-43
  54.5  6.97659256E-43
  54.6  7.01395386E-43
  54.7  7.05128416E-43
  54.8  7.08857462E-43
  54.9  7.12581627E-43
  55.  7.163E-43
  55.1  7.20016295E-43
  55.2  7.2373471E-43
  55.3  7.27455047E-43
  55.4  7.31177107E-43
  55.5  7.3490069E-43
  55.6  7.38625595E-43
  55.7  7.42351618E-43
  55.8  7.46078554E-43
  55.9  7.49806195E-43
  56.  7.53534335E-43
  56.1  7.57262762E-43
  56.2  7.60991267E-43
  56.3  7.64719635E-43
  56.4  7.68447653E-43
  56.5  7.72175105E-43
  56.6  7.75901773E-43
  56.7  7.79627438E-43
  56.8  7.83351881E-43
  56.9  7.87074879E-43
  57.  7.9079621E-43
  57.1  7.94515648E-43
  57.2  7.98232969E-43
  57.3  8.01947943E-43
  57.4  8.05660343E-43
  57.5  8.09369939E-43
  57.6  8.13076499E-43
  57.7  8.16779791E-43
  57.8  8.2047958E-43
  57.9  8.24175631E-43
  58.  8.27867707E-43
  58.1  8.31555571E-43
  58.2  8.35238985E-43
  58.3  8.38917706E-43
  58.4  8.42591495E-43
  58.5  8.46260108E-43
  58.6  8.49923302E-43
  58.7  8.53580833E-43
  58.8  8.57232453E-43
  58.9  8.60877916E-43
  59.  8.64516974E-43
  59.1  8.68149379E-43
  59.2  8.71774879E-43
  59.3  8.75393223E-43
  59.4  8.79004161E-43
  59.5  8.82607438E-43
  59.6  8.862028E-43
  59.7  8.89789994E-43
  59.8  8.93368763E-43
  59.9  8.96938851E-43
  60.  9.005E-43
  60.1  9.04061127E-43
  60.2  9.07631257E-43
  60.3  9.11210293E-43
  60.4  9.14798136E-43
  60.5  9.18394688E-43
  60.6  9.21999846E-43
  60.7  9.25613508E-43
  60.8  9.29235568E-43
  60.9  9.3286592E-43
  61.  9.36504456E-43
  61.1  9.40151066E-43
  61.2  9.43805639E-43
  61.3  9.47468061E-43
  61.4  9.51138218E-43
  61.5  9.54815992E-43
  61.6  9.58501266E-43
  61.7  9.62193919E-43
  61.8  9.6589383E-43
  61.9  9.69600874E-43
  62.  9.73314927E-43
  62.1  9.77035862E-43
  62.2  9.80763549E-43
  62.3  9.84497857E-43
  62.4  9.88238655E-43
  62.5  9.91985808E-43
  62.6  9.95739181E-43
  62.7  9.99498634E-43
  62.8  1.00326403E-42
  62.9  1.00703522E-42
  63.  1.01081208E-42
  63.1  1.01459444E-42
  63.2  1.01838217E-42
  63.3  1.02217511E-42
  63.4  1.02597312E-42
  63.5  1.02977604E-42
  63.6  1.03358372E-42
  63.7  1.037396E-42
  63.8  1.04121273E-42
  63.9  1.04503374E-42
  64.  1.04885888E-42
  64.1  1.05268797E-42
  64.2  1.05652085E-42
  64.3  1.06035736E-42
  64.4  1.06419733E-42
  64.5  1.06804058E-42
  64.6  1.07188695E-42
  64.7  1.07573625E-42
  64.8  1.07958831E-42
  64.9  1.08344295E-42
  65.  1.0873E-42
  65.1  1.09116367E-42
  65.2  1.09503826E-42
  65.3  1.09892365E-42
  65.4  1.10281975E-42
  65.5  1.10672644E-42
  65.6  1.11064362E-42
  65.7  1.11457117E-42
  65.8  1.118509E-42
  65.9  1.12245697E-42
  66.  1.12641498E-42
  66.1  1.1303829E-42
  66.2  1.13436063E-42
  66.3  1.13834803E-42
  66.4  1.14234499E-42
  66.5  1.14635137E-42
  66.6  1.15036706E-42
  66.7  1.15439192E-42
  66.8  1.15842583E-42
  66.9  1.16246864E-42
  67.  1.16652023E-42
  67.1  1.17058046E-42
  67.2  1.1746492E-42
  67.3  1.17872629E-42
  67.4  1.1828116E-42
  67.5  1.18690498E-42
  67.6  1.1910063E-42
  67.7  1.19511539E-42
  67.8  1.19923211E-42
  67.9  1.20335631E-42
  68.  1.20748783E-42
  68.1  1.21162651E-42
  68.2  1.21577221E-42
  68.3  1.21992475E-42
  68.4  1.22408397E-42
  68.5  1.22824972E-42
  68.6  1.23242182E-42
  68.7  1.2366001E-42
  68.8  1.2407844E-42
  68.9  1.24497454E-42
  69.  1.24917034E-42
  69.1  1.25337164E-42
  69.2  1.25757824E-42
  69.3  1.26178997E-42
  69.4  1.26600665E-42
  69.5  1.27022808E-42
  69.6  1.27445409E-42
  69.7  1.27868448E-42
  69.8  1.28291905E-42
  69.9  1.28715763E-42
  70.  1.2914E-42
  70.1  1.29564651E-42
  70.2  1.29989748E-42
  70.3  1.30415268E-42
  70.4  1.30841187E-42
  70.5  1.31267481E-42
  70.6  1.31694126E-42
  70.7  1.32121098E-42
  70.8  1.32548372E-42
  70.9  1.32975923E-42
  71.  1.33403726E-42
  71.1  1.33831756E-42
  71.2  1.34259986E-42
  71.3  1.34688391E-42
  71.4  1.35116944E-42
  71.5  1.3554562E-42
  71.6  1.3597439E-42
  71.7  1.36403229E-42
  71.8  1.36832108E-42
  71.9  1.37261E-42
  72.  1.37689877E-42
  72.1  1.38118712E-42
  72.2  1.38547475E-42
  72.3  1.38976137E-42
  72.4  1.39404671E-42
  72.5  1.39833046E-42
  72.6  1.40261233E-42
  72.7  1.40689203E-42
  72.8  1.41116925E-42
  72.9  1.41544369E-42
  73.  1.41971504E-42
  73.1  1.423983E-42
  73.2  1.42824725E-42
  73.3  1.43250748E-42
  73.4  1.43676338E-42
  73.5  1.44101462E-42
  73.6  1.44526088E-42
  73.7  1.44950185E-42
  73.8  1.45373719E-42
  73.9  1.45796657E-42
  74.  1.46218967E-42
  74.1  1.46640614E-42
  74.2  1.47061565E-42
  74.3  1.47481787E-42
  74.4  1.47901244E-42
  74.5  1.48319903E-42
  74.6  1.48737729E-42
  74.7  1.49154687E-42
  74.8  1.49570742E-42
  74.9  1.49985858E-42
  75.  1.504E-42
  75.1  1.50813527E-42
  75.2  1.51226821E-42
  75.3  1.5163988E-42
  75.4  1.520527E-42
  75.5  1.52465279E-42
  75.6  1.52877615E-42
  75.7  1.53289705E-42
  75.8  1.53701546E-42
  75.9  1.54113138E-42
  76.  1.54524476E-42
  76.1  1.54935559E-42
  76.2  1.55346385E-42
  76.3  1.55756952E-42
  76.4  1.56167257E-42
  76.5  1.56577298E-42
  76.6  1.56987073E-42
  76.7  1.57396581E-42
  76.8  1.5780582E-42
  76.9  1.58214786E-42
  77.  1.5862348E-42
  77.1  1.59031898E-42
  77.2  1.5944004E-42
  77.3  1.59847902E-42
  77.4  1.60255485E-42
  77.5  1.60662786E-42
  77.6  1.61069803E-42
  77.7  1.61476536E-42
  77.8  1.61882982E-42
  77.9  1.62289141E-42
  78.  1.6269501E-42
  78.1  1.63100589E-42
  78.2  1.63505876E-42
  78.3  1.6391087E-42
  78.4  1.6431557E-42
  78.5  1.64719975E-42
  78.6  1.65124083E-42
  78.7  1.65527894E-42
  78.8  1.65931407E-42
  78.9  1.66334621E-42
  79.  1.66737534E-42
  79.1  1.67140146E-42
  79.2  1.67542457E-42
  79.3  1.67944465E-42
  79.4  1.6834617E-42
  79.5  1.68747571E-42
  79.6  1.69148668E-42
  79.7  1.69549459E-42
  79.8  1.69949946E-42
  79.9  1.70350126E-42
  80.  1.7075E-42
  80.1  1.71149987E-42
  80.2  1.715505E-42
  80.3  1.71951527E-42
  80.4  1.72353058E-42
  80.5  1.72755082E-42
  80.6  1.73157588E-42
  80.7  1.73560565E-42
  80.8  1.73964002E-42
  80.9  1.74367887E-42
  81.  1.7477221E-42
  81.1  1.75176958E-42
  81.2  1.75582119E-42
  81.3  1.75987683E-42
  81.4  1.76393638E-42
  81.5  1.76799971E-42
  81.6  1.7720667E-42
  81.7  1.77613724E-42
  81.8  1.7802112E-42
  81.9  1.78428847E-42
  82.  1.7883689E-42
  82.1  1.79245239E-42
  82.2  1.79653879E-42
  82.3  1.800628E-42
  82.4  1.80471987E-42
  82.5  1.80881428E-42
  82.6  1.8129111E-42
  82.7  1.8170102E-42
  82.8  1.82111144E-42
  82.9  1.82521469E-42
  83.  1.82931982E-42
  83.1  1.83342669E-42
  83.2  1.83753516E-42
  83.3  1.8416451E-42
  83.4  1.84575636E-42
  83.5  1.84986882E-42
  83.6  1.85398232E-42
  83.7  1.85809673E-42
  83.8  1.8622119E-42
  83.9  1.86632769E-42
  84.  1.87044395E-42
  84.1  1.87456055E-42
  84.2  1.87867732E-42
  84.3  1.88279412E-42
  84.4  1.88691081E-42
  84.5  1.89102723E-42
  84.6  1.89514323E-42
  84.7  1.89925866E-42
  84.8  1.90337337E-42
  84.9  1.9074872E-42
  85.  1.9116E-42
  85.1  1.91571308E-42
  85.2  1.91982781E-42
  85.3  1.9239441E-42
  85.4  1.92806184E-42
  85.5  1.93218095E-42
  85.6  1.93630133E-42
  85.7  1.94042288E-42
  85.8  1.94454551E-42
  85.9  1.94866913E-42
  86.  1.95279363E-42
  86.1  1.95691891E-42
  86.2  1.96104489E-42
  86.3  1.96517145E-42
  86.4  1.9692985E-42
  86.5  1.97342593E-42
  86.6  1.97755365E-42
  86.7  1.98168155E-42
  86.8  1.98580954E-42
  86.9  1.9899375E-42
  87.  1.99406533E-42
  87.1  1.99819294E-42
  87.2  2.00232021E-42
  87.3  2.00644703E-42
  87.4  2.01057331E-42
  87.5  2.01469893E-42
  87.6  2.01882378E-42
  87.7  2.02294777E-42
  87.8  2.02707077E-42
  87.9  2.03119269E-42
  88.  2.0353134E-42
  88.1  2.0394328E-42
  88.2  2.04355077E-42
  88.3  2.04766721E-42
  88.4  2.051782E-42
  88.5  2.05589503E-42
  88.6  2.06000619E-42
  88.7  2.06411535E-42
  88.8  2.06822241E-42
  88.9  2.07232724E-42
  89.  2.07642974E-42
  89.1  2.08052978E-42
  89.2  2.08462725E-42
  89.3  2.08872202E-42
  89.4  2.09281398E-42
  89.5  2.09690302E-42
  89.6  2.100989E-42
  89.7  2.10507181E-42
  89.8  2.10915133E-42
  89.9  2.11322743E-42
  90.  2.1173E-42
  90.1  2.12136715E-42
  90.2  2.12542711E-42
  90.3  2.12947991E-42
  90.4  2.13352557E-42
  90.5  2.13756411E-42
  90.6  2.14159556E-42
  90.7  2.14561995E-42
  90.8  2.14963731E-42
  90.9  2.15364767E-42
  91.  2.15765106E-42
  91.1  2.1616475E-42
  91.2  2.16563703E-42
  91.3  2.16961968E-42
  91.4  2.17359548E-42
  91.5  2.17756448E-42
  91.6  2.18152669E-42
  91.7  2.18548216E-42
  91.8  2.18943092E-42
  91.9  2.19337301E-42
  92.  2.19730846E-42
  92.1  2.20123732E-42
  92.2  2.20515961E-42
  92.3  2.20907539E-42
  92.4  2.21298469E-42
  92.5  2.21688755E-42
  92.6  2.22078401E-42
  92.7  2.22467412E-42
  92.8  2.22855792E-42
  92.9  2.23243544E-42
  93.  2.23630674E-42
  93.1  2.24017187E-42
  93.2  2.24403086E-42
  93.3  2.24788376E-42
  93.4  2.25173062E-42
  93.5  2.25557148E-42
  93.6  2.25940641E-42
  93.7  2.26323544E-42
  93.8  2.26705862E-42
  93.9  2.27087601E-42
  94.  2.27468765E-42
  94.1  2.27849361E-42
  94.2  2.28229392E-42
  94.3  2.28608865E-42
  94.4  2.28987785E-42
  94.5  2.29366157E-42
  94.6  2.29743988E-42
  94.7  2.30121281E-42
  94.8  2.30498044E-42
  94.9  2.30874282E-42
  95.  2.3125E-42
  95.1  2.31625205E-42
  95.2  2.31999903E-42
  95.3  2.32374099E-42
  95.4  2.32747799E-42
  95.5  2.33121011E-42
  95.6  2.3349374E-42
  95.7  2.33865992E-42
  95.8  2.34237773E-42
  95.9  2.34609091E-42
  96.  2.34979951E-42
  96.1  2.35350361E-42
  96.2  2.35720326E-42
  96.3  2.36089853E-42
  96.4  2.3645895E-42
  96.5  2.36827623E-42
  96.6  2.37195878E-42
  96.7  2.37563724E-42
  96.8  2.37931166E-42
  96.9  2.38298212E-42
  97.  2.38664869E-42
  97.1  2.39031145E-42
  97.2  2.39397046E-42
  97.3  2.3976258E-42
  97.4  2.40127754E-42
  97.5  2.40492576E-42
  97.6  2.40857053E-42
  97.7  2.41221194E-42
  97.8  2.41585004E-42
  97.9  2.41948493E-42
  98.  2.42311668E-42
  98.1  2.42674537E-42
  98.2  2.43037108E-42
  98.3  2.43399389E-42
  98.4  2.43761388E-42
  98.5  2.44123112E-42
  98.6  2.44484571E-42
  98.7  2.44845772E-42
  98.8  2.45206724E-42
  98.9  2.45567435E-42
  99.  2.45927913E-42
  99.1  2.46288167E-42
  99.2  2.46648206E-42
  99.3  2.47008038E-42
  99.4  2.47367672E-42
  99.5  2.47727117E-42
  99.6  2.48086381E-42
  99.7  2.48445473E-42
  99.8  2.48804402E-42
  99.9  2.49163178E-42
  100.  2.49521809E-42
  100.1  2.49880304E-42
  100.2  2.50238673E-42
  100.3  2.50596924E-42
  100.4  2.50955068E-42
  100.5  2.51313113E-42
  100.6  2.51671069E-42
  100.7  2.52028945E-42
  100.8  2.52386751E-42
  100.9  2.52744497E-42
  101.  2.53102192E-42
  101.1  2.53459846E-42
  101.2  2.53817469E-42
  101.3  2.54175071E-42
  101.4  2.54532661E-42
  101.5  2.5489025E-42
  101.6  2.55247847E-42
  101.7  2.55605464E-42
  101.8  2.55963109E-42
  101.9  2.56320793E-42
  102.  2.56678527E-42
  102.1  2.57036321E-42
  102.2  2.57394185E-42
  102.3  2.5775213E-42
  102.4  2.58110166E-42
  102.5  2.58468304E-42
  102.6  2.58826555E-42
  102.7  2.59184929E-42
  102.8  2.59543438E-42
  102.9  2.59902091E-42
  103.  2.602609E-42
  103.1  2.60619877E-42
  103.2  2.60979031E-42
  103.3  2.61338375E-42
  103.4  2.61697919E-42
  103.5  2.62057674E-42
  103.6  2.62417653E-42
  103.7  2.62777866E-42
  103.8  2.63138324E-42
  103.9  2.6349904E-42
  104.  2.63860024E-42
  104.1  2.64221289E-42
  104.2  2.64582846E-42
  104.3  2.64944707E-42
  104.4  2.65306883E-42
  104.5  2.65669387E-42
  104.6  2.66032231E-42
  104.7  2.66395426E-42
  104.8  2.66758984E-42
  104.9  2.67122919E-42
  105.  2.67487241E-42
  105.1  2.67851964E-42
  105.2  2.68217099E-42
  105.3  2.68582659E-42
  105.4  2.68948656E-42
  105.5  2.69315104E-42
  105.6  2.69682014E-42
  105.7  2.70049399E-42
  105.8  2.70417273E-42
  105.9  2.70785647E-42
  106.  2.71154534E-42
  106.1  2.71523949E-42
  106.2  2.71893903E-42
  106.3  2.72264409E-42
  106.4  2.72635482E-42
  106.5  2.73007133E-42
  106.6  2.73379377E-42
  106.7  2.73752226E-42
  106.8  2.74125695E-42
  106.9  2.74499796E-42
  107.  2.74874543E-42
  107.1  2.7524995E-42
  107.2  2.7562603E-42
  107.3  2.76002798E-42
  107.4  2.76380267E-42
  107.5  2.7675845E-42
  107.6  2.77137363E-42
  107.7  2.77517018E-42
  107.8  2.7789743E-42
  107.9  2.78278614E-42
  108.  2.78660584E-42
  108.1  2.79043353E-42
  108.2  2.79426937E-42
  108.3  2.79811349E-42
  108.4  2.80196605E-42
  108.5  2.80582719E-42
  108.6  2.80969705E-42
  108.7  2.81357579E-42
  108.8  2.81746356E-42
  108.9  2.8213605E-42
  109.  2.82526676E-42
  109.1  2.82918249E-42
  109.2  2.83310786E-42
  109.3  2.837043E-42
  109.4  2.84098807E-42
  109.5  2.84494323E-42
  109.6  2.84890863E-42
  109.7  2.85288443E-42
  109.8  2.85687078E-42
  109.9  2.86086784E-42
  110.  2.86487577E-42
  110.1  2.86889473E-42
  110.2  2.87292488E-42
  110.3  2.87696637E-42
  110.4  2.88101938E-42
  110.5  2.88508405E-42
  110.6  2.88916056E-42
  110.7  2.89324908E-42
  110.8  2.89734975E-42
  110.9  2.90146275E-42
  111.  2.90558826E-42
  111.1  2.90972642E-42
  111.2  2.91387742E-42
  111.3  2.91804142E-42
  111.4  2.92221859E-42
  111.5  2.9264091E-42
  111.6  2.93061313E-42
  111.7  2.93483084E-42
  111.8  2.93906242E-42
  111.9  2.94330803E-42
  112.  2.94756786E-42
  112.1  2.95184207E-42
  112.2  2.95613085E-42
  112.3  2.96043438E-42
  112.4  2.96475282E-42
  112.5  2.96908638E-42
  112.6  2.97343522E-42
  112.7  2.97779953E-42
  112.8  2.98217949E-42
  112.9  2.98657528E-42
  113.  2.9909871E-42
  113.1  2.99541513E-42
  113.2  2.99985955E-42
  113.3  3.00432056E-42
  113.4  3.00879834E-42
  113.5  3.01329309E-42
  113.6  3.01780499E-42
  113.7  3.02233424E-42
  113.8  3.02688104E-42
  113.9  3.03144557E-42
  114.  3.03602804E-42
  114.1  3.04062864E-42
  114.2  3.04524757E-42
  114.3  3.04988502E-42
  114.4  3.05454121E-42
  114.5  3.05921633E-42
  114.6  3.06391059E-42
  114.7  3.06862418E-42
  114.8  3.07335731E-42
  114.9  3.0781102E-42
  115.  3.08288304E-42
  115.1  3.08767605E-42
  115.2  3.09248944E-42
  115.3  3.09732341E-42
  115.4  3.10217819E-42
  115.5  3.10705397E-42
  115.6  3.11195099E-42
  115.7  3.11686945E-42
  115.8  3.12180958E-42
  115.9  3.12677159E-42
  116.  3.1317557E-42
  116.1  3.13676213E-42
  116.2  3.14179111E-42
  116.3  3.14684286E-42
  116.4  3.1519176E-42
  116.5  3.15701557E-42
  116.6  3.16213699E-42
  116.7  3.16728209E-42
  116.8  3.1724511E-42
  116.9  3.17764426E-42
  117.  3.1828618E-42
  117.1  3.18810395E-42
  117.2  3.19337095E-42
  117.3  3.19866304E-42
  117.4  3.20398046E-42
  117.5  3.20932346E-42
  117.6  3.21469226E-42
  117.7  3.22008712E-42
  117.8  3.22550829E-42
  117.9  3.23095601E-42
  118.  3.23643053E-42
  118.1  3.2419321E-42
  118.2  3.24746098E-42
  118.3  3.25301741E-42
  118.4  3.25860166E-42
  118.5  3.26421398E-42
  118.6  3.26985462E-42
  118.7  3.27552386E-42
  118.8  3.28122195E-42
  118.9  3.28694916E-42
  119.  3.29270575E-42
  119.1  3.29849199E-42
  119.2  3.30430815E-42
  119.3  3.3101545E-42
  119.4  3.31603132E-42
  119.5  3.32193887E-42
  119.6  3.32787744E-42
  119.7  3.3338473E-42
  119.8  3.33984873E-42
  119.9  3.34588203E-42
  120.  3.35194746E-42
  120.1  3.35804532E-42
  120.2  3.36417589E-42
  120.3  3.37033947E-42
  120.4  3.37653635E-42
  120.5  3.38276681E-42
  120.6  3.38903117E-42
  120.7  3.39532971E-42
  120.8  3.40166274E-42
  120.9  3.40803055E-42
  121.  3.41443346E-42
  121.1  3.42087177E-42
  121.2  3.42734578E-42
  121.3  3.43385582E-42
  121.4  3.44040219E-42
  121.5  3.4469852E-42
  121.6  3.45360518E-42
  121.7  3.46026245E-42
  121.8  3.46695733E-42
  121.9  3.47369014E-42
  122.  3.48046121E-42
  122.1  3.48727087E-42
  122.2  3.49411946E-42
  122.3  3.50100729E-42
  122.4  3.50793472E-42
  122.5  3.51490209E-42
  122.6  3.52190972E-42
  122.7  3.52895798E-42
  122.8  3.5360472E-42
  122.9  3.54317773E-42
  123.  3.55034993E-42
  123.1  3.55756414E-42
  123.2  3.56482074E-42
  123.3  3.57212007E-42
  123.4  3.57946251E-42
  123.5  3.58684841E-42
  123.6  3.59427814E-42
  123.7  3.60175208E-42
  123.8  3.6092706E-42
  123.9  3.61683408E-42
  124.  3.62444289E-42
  124.1  3.63209741E-42
  124.2  3.63979805E-42
  124.3  3.64754517E-42
  124.4  3.65533918E-42
  124.5  3.66318046E-42
  124.6  3.67106942E-42
  124.7  3.67900646E-42
  124.8  3.68699198E-42
  124.9  3.69502639E-42
  125.  3.70311009E-42
  125.1  3.71124351E-42
  125.2  3.71942706E-42
  125.3  3.72766115E-42
  125.4  3.73594622E-42
  125.5  3.74428269E-42
  125.6  3.75267099E-42
  125.7  3.76111155E-42
  125.8  3.76960481E-42
  125.9  3.77815122E-42
  126.  3.78675121E-42
  126.1  3.79540524E-42
  126.2  3.80411375E-42
  126.3  3.81287721E-42
  126.4  3.82169607E-42
  126.5  3.83057079E-42
  126.6  3.83950185E-42
  126.7  3.8484897E-42
  126.8  3.85753484E-42
  126.9  3.86663773E-42
  127.  3.87579886E-42
  127.1  3.88501871E-42
  127.2  3.89429778E-42
  127.3  3.90363656E-42
  127.4  3.91303554E-42
  127.5  3.92249524E-42
  127.6  3.93201616E-42
  127.7  3.94159881E-42
  127.8  3.95124371E-42
  127.9  3.96095138E-42
  128.  3.97072234E-42
  128.1  3.98055712E-42
  128.2  3.99045626E-42
  128.3  4.00042029E-42
  128.4  4.01044976E-42
  128.5  4.02054522E-42
  128.6  4.03070722E-42
  128.7  4.04093631E-42
  128.8  4.05123306E-42
  128.9  4.06159804E-42
  129.  4.07203181E-42
  129.1  4.08253496E-42
  129.2  4.09310807E-42
  129.3  4.10375172E-42
  129.4  4.11446651E-42
  129.5  4.12525303E-42
  129.6  4.1361119E-42
  129.7  4.14704371E-42
  129.8  4.15804908E-42
  129.9  4.16912863E-42
  130.  4.18028298E-42
  130.1  4.19151278E-42
  130.2  4.20281864E-42
  130.3  4.21420122E-42
  130.4  4.22566116E-42
  130.5  4.23719911E-42
  130.6  4.24881574E-42
  130.7  4.26051171E-42
  130.8  4.27228769E-42
  130.9  4.28414436E-42
  131.  4.2960824E-42
  131.1  4.30810251E-42
  131.2  4.32020538E-42
  131.3  4.33239171E-42
  131.4  4.34466221E-42
  131.5  4.3570176E-42
  131.6  4.3694586E-42
  131.7  4.38198594E-42
  131.8  4.39460036E-42
  131.9  4.4073026E-42
  132.  4.4200934E-42
  132.1  4.43297353E-42
  132.2  4.44594375E-42
  132.3  4.45900484E-42
  132.4  4.47215756E-42
  132.5  4.4854027E-42
  132.6  4.49874107E-42
  132.7  4.51217345E-42
  132.8  4.52570066E-42
  132.9  4.53932352E-42
  133.  4.55304284E-42
  133.1  4.56685946E-42
  133.2  4.58077421E-42
  133.3  4.59478796E-42
  133.4  4.60890154E-42
  133.5  4.62311583E-42
  133.6  4.6374317E-42
  133.7  4.65185002E-42
  133.8  4.66637169E-42
  133.9  4.68099761E-42
  134.  4.69572868E-42
  134.1  4.71056582E-42
  134.2  4.72550994E-42
  134.3  4.740562E-42
  134.4  4.75572292E-42
  134.5  4.77099366E-42
  134.6  4.78637518E-42
  134.7  4.80186845E-42
  134.8  4.81747445E-42
  134.9  4.83319417E-42
  135.  4.84902861E-42
  135.1  4.86497878E-42
  135.2  4.8810457E-42
  135.3  4.89723039E-42
  135.4  4.91353391E-42
  135.5  4.92995729E-42
  135.6  4.94650161E-42
  135.7  4.96316792E-42
  135.8  4.97995732E-42
  135.9  4.99687089E-42
  136.  5.01390975E-42
  136.1  5.031075E-42
  136.2  5.04836777E-42
  136.3  5.0657892E-42
  136.4  5.08334044E-42
  136.5  5.10102265E-42
  136.6  5.118837E-42
  136.7  5.13678468E-42
  136.8  5.15486689E-42
  136.9  5.17308483E-42
  137.  5.19143972E-42
  137.1  5.20993281E-42
  137.2  5.22856534E-42
  137.3  5.24733856E-42
  137.4  5.26625375E-42
  137.5  5.2853122E-42
  137.6  5.3045152E-42
  137.7  5.32386407E-42
  137.8  5.34336013E-42
  137.9  5.36300473E-42
  138.  5.38279922E-42
  138.1  5.40274496E-42
  138.2  5.42284335E-42
  138.3  5.44309577E-42
  138.4  5.46350364E-42
  138.5  5.48406839E-42
  138.6  5.50479145E-42
  138.7  5.52567429E-42
  138.8  5.54671837E-42
  138.9  5.56792519E-42
  139.  5.58929625E-42
  139.1  5.61083307E-42
  139.2  5.63253718E-42
  139.3  5.65441014E-42
  139.4  5.67645351E-42
  139.5  5.69866888E-42
  139.6  5.72105786E-42
  139.7  5.74362206E-42
  139.8  5.76636313E-42
  139.9  5.7892827E-42
  140.  5.81238247E-42
  140.1  5.83566412E-42
  140.2  5.85912936E-42
  140.3  5.88277991E-42
  140.4  5.90661753E-42
  140.5  5.93064397E-42
  140.6  5.95486103E-42
  140.7  5.9792705E-42
  140.8  6.00387422E-42
  140.9  6.02867402E-42
  141.  6.05367177E-42
  141.1  6.07886935E-42
  141.2  6.10426867E-42
  141.3  6.12987165E-42
  141.4  6.15568025E-42
  141.5  6.18169643E-42
  141.6  6.20792218E-42
  141.7  6.23435952E-42
  141.8  6.26101047E-42
  141.9  6.28787711E-42
  142.  6.3149615E-42
  142.1  6.34226575E-42
  142.2  6.369792E-42
  142.3  6.39754239E-42
  142.4  6.42551909E-42
  142.5  6.45372431E-42
  142.6  6.48216027E-42
  142.7  6.51082922E-42
  142.8  6.53973344E-42
  142.9  6.56887522E-42
  143.  6.5982569E-42
  143.1  6.62788082E-42
  143.2  6.65774937E-42
  143.3  6.68786495E-42
  143.4  6.71823E-42
  143.5  6.74884698E-42
  143.6  6.77971838E-42
  143.7  6.81084672E-42
  143.8  6.84223454E-42
  143.9  6.87388442E-42
  144.  6.90579898E-42
  144.1  6.93798084E-42
  144.2  6.97043267E-42
  144.3  7.00315717E-42
  144.4  7.03615707E-42
  144.5  7.06943513E-42
  144.6  7.10299414E-42
  144.7  7.13683692E-42
  144.8  7.17096634E-42
  144.9  7.20538529E-42
  145.  7.24009668E-42
  145.1  7.27510348E-42
  145.2  7.31040869E-42
  145.3  7.34601533E-42
  145.4  7.38192646E-42
  145.5  7.41814518E-42
  145.6  7.45467464E-42
  145.7  7.49151801E-42
  145.8  7.52867849E-42
  145.9  7.56615934E-42
  146.  7.60396385E-42
  146.1  7.64209534E-42
  146.2  7.68055717E-42
  146.3  7.71935277E-42
  146.4  7.75848556E-42
  146.5  7.79795905E-42
  146.6  7.83777675E-42
  146.7  7.87794225E-42
  146.8  7.91845916E-42
  146.9  7.95933114E-42
  147.  8.00056188E-42
  147.1  8.04215515E-42
  147.2  8.08411472E-42
  147.3  8.12644444E-42
  147.4  8.1691482E-42
  147.5  8.21222992E-42
  147.6  8.25569359E-42
  147.7  8.29954323E-42
  147.8  8.34378293E-42
  147.9  8.3884168E-42
  148.  8.43344903E-42
  148.1  8.47888384E-42
  148.2  8.52472552E-42
  148.3  8.5709784E-42
  148.4  8.61764686E-42
  148.5  8.66473534E-42
  148.6  8.71224835E-42
  148.7  8.76019042E-42
  148.8  8.80856618E-42
  148.9  8.85738027E-42
  149.  8.90663743E-42
  149.1  8.95634243E-42
  149.2  9.00650011E-42
  149.3  9.05711538E-42
  149.4  9.10819319E-42
  149.5  9.15973857E-42
  149.6  9.21175661E-42
  149.7  9.26425245E-42
  149.8  9.31723131E-42
  149.9  9.37069847E-42
  150.  9.42465928E-42
  150.1  9.47911915E-42
  150.2  9.53408356E-42
  150.3  9.58955807E-42
  150.4  9.6455483E-42
  150.5  9.70205994E-42
  150.6  9.75909875E-42
  150.7  9.81667059E-42
  150.8  9.87478135E-42
  150.9  9.93343704E-42
  151.  9.99264371E-42
  151.1  1.00524075E-41
  151.2  1.01127347E-41
  151.3  1.01736315E-41
  151.4  1.02351043E-41
  151.5  1.02971597E-41
  151.6  1.03598041E-41
  151.7  1.04230442E-41
  151.8  1.04868867E-41
  151.9  1.05513384E-41
  152.  1.06164063E-41
  152.1  1.06820972E-41
  152.2  1.07484183E-41
  152.3  1.08153767E-41
  152.4  1.08829797E-41
  152.5  1.09512347E-41
  152.6  1.10201491E-41
  152.7  1.10897304E-41
  152.8  1.11599864E-41
  152.9  1.12309247E-41
  153.  1.13025532E-41
  153.1  1.13748799E-41
  153.2  1.14479128E-41
  153.3  1.15216602E-41
  153.4  1.15961301E-41
  153.5  1.16713312E-41
  153.6  1.17472718E-41
  153.7  1.18239605E-41
  153.8  1.19014062E-41
  153.9  1.19796176E-41
  154.  1.20586037E-41
  154.1  1.21383735E-41
  154.2  1.22189363E-41
  154.3  1.23003015E-41
  154.4  1.23824784E-41
  154.5  1.24654766E-41
  154.6  1.25493058E-41
  154.7  1.2633976E-41
  154.8  1.2719497E-41
  154.9  1.28058789E-41
  155.  1.28931321E-41
  155.1  1.29812668E-41
  155.2  1.30702937E-41
  155.3  1.31602233E-41
  155.4  1.32510666E-41
  155.5  1.33428344E-41
  155.6  1.34355378E-41
  155.7  1.35291883E-41
  155.8  1.3623797E-41
  155.9  1.37193757E-41
  156.  1.38159361E-41
  156.1  1.39134901E-41
  156.2  1.40120497E-41
  156.3  1.41116271E-41
  156.4  1.42122349E-41
  156.5  1.43138855E-41
  156.6  1.44165916E-41
  156.7  1.45203663E-41
  156.8  1.46252226E-41
  156.9  1.47311738E-41
  157.  1.48382334E-41
  157.1  1.4946415E-41
  157.2  1.50557326E-41
  157.3  1.51662001E-41
  157.4  1.52778318E-41
  157.5  1.53906421E-41
  157.6  1.55046457E-41
  157.7  1.56198575E-41
  157.8  1.57362926E-41
  157.9  1.58539661E-41
  158.  1.59728936E-41
  158.1  1.60930909E-41
  158.2  1.62145739E-41
  158.3  1.63373587E-41
  158.4  1.64614618E-41
  158.5  1.65868998E-41
  158.6  1.67136896E-41
  158.7  1.68418482E-41
  158.8  1.69713932E-41
  158.9  1.7102342E-41
  159.  1.72347125E-41
  159.1  1.7368523E-41
  159.2  1.75037917E-41
  159.3  1.76405373E-41
  159.4  1.77787788E-41
  159.5  1.79185354E-41
  159.6  1.80598265E-41
  159.7  1.82026719E-41
  159.8  1.83470916E-41
  159.9  1.84931061E-41
  160.  1.86407359E-41
  160.1  1.87900021E-41
  160.2  1.89409258E-41
  160.3  1.90935286E-41
  160.4  1.92478325E-41
  160.5  1.94038596E-41
  160.6  1.95616324E-41
  160.7  1.97211739E-41
  160.8  1.98825072E-41
  160.9  2.0045656E-41
  161.  2.0210644E-41
  161.1  2.03774957E-41
  161.2  2.05462355E-41
  161.3  2.07168885E-41
  161.4  2.08894801E-41
  161.5  2.10640359E-41
  161.6  2.12405822E-41
  161.7  2.14191454E-41
  161.8  2.15997525E-41
  161.9  2.17824308E-41
  162.  2.19672081E-41
  162.1  2.21541124E-41
  162.2  2.23431724E-41
  162.3  2.25344172E-41
  162.4  2.27278761E-41
  162.5  2.2923579E-41
  162.6  2.31215564E-41
  162.7  2.33218391E-41
  162.8  2.35244583E-41
  162.9  2.37294459E-41
  163.  2.3936834E-41
  163.1  2.41466556E-41
  163.2  2.43589437E-41
  163.3  2.45737323E-41
  163.4  2.47910555E-41
  163.5  2.50109483E-41
  163.6  2.52334459E-41
  163.7  2.54585843E-41
  163.8  2.56864E-41
  163.9  2.591693E-41
  164.  2.61502118E-41
  164.1  2.63862838E-41
  164.2  2.66251847E-41
  164.3  2.68669538E-41
  164.4  2.71116313E-41
  164.5  2.73592577E-41
  164.6  2.76098744E-41
  164.7  2.78635232E-41
  164.8  2.81202467E-41
  164.9  2.83800883E-41
  165.  2.86430918E-41
  165.1  2.89093019E-41
  165.2  2.9178764E-41
  165.3  2.94515241E-41
  165.4  2.9727629E-41
  165.5  3.00071262E-41
  165.6  3.02900641E-41
  165.7  3.05764918E-41
  165.8  3.0866459E-41
  165.9  3.11600165E-41
  166.  3.14572158E-41
  166.1  3.1758109E-41
  166.2  3.20627494E-41
  166.3  3.2371191E-41
  166.4  3.26834886E-41
  166.5  3.29996979E-41
  166.6  3.33198757E-41
  166.7  3.36440795E-41
  166.8  3.39723677E-41
  166.9  3.43048E-41
  167.  3.46414366E-41
  167.1  3.49823391E-41
  167.2  3.53275697E-41
  167.3  3.56771921E-41
  167.4  3.60312705E-41
  167.5  3.63898706E-41
  167.6  3.67530591E-41
  167.7  3.71209035E-41
  167.8  3.74934727E-41
  167.9  3.78708367E-41
  168.  3.82530666E-41
  168.1  3.86402347E-41
  168.2  3.90324145E-41
  168.3  3.94296807E-41
  168.4  3.98321093E-41
  168.5  4.02397774E-41
  168.6  4.06527637E-41
  168.7  4.10711479E-41
  168.8  4.14950112E-41
  168.9  4.19244361E-41
  169.  4.23595065E-41
  169.1  4.28003077E-41
  169.2  4.32469266E-41
  169.3  4.36994513E-41
  169.4  4.41579715E-41
  169.5  4.46225785E-41
  169.6  4.5093365E-41
  169.7  4.55704254E-41
  169.8  4.60538556E-41
  169.9  4.65437532E-41
  170.  4.70402176E-41
