  0.1  0.
  0.2  0.
  0.3  0.
  0.4  0.
  0.5  0.
  0.6  0.
  0.7  0.
  0.8  0.
  0.9  0.
  1.  0.
  1.1  0.
  1.2  0.
  1.3  0.
  1.4  0.
  1.5  0.
  1.6  0.
  1.7  0.
  1.8  0.
  1.9  0.
  2.  0.
  2.1  0.
  2.2  0.
  2.3  0.
  2.4  0.
  2.5  0.
  2.6  0.
  2.7  0.
  2.8  0.
  2.9  0.
  3.  0.
  3.1  0.
  3.2  0.
  3.3  0.
  3.4  0.
  3.5  0.
  3.6  0.
  3.7  0.
  3.8  0.
  3.9  0.
  4.  0.
  4.1  0.
  4.2  0.
  4.3  0.
  4.4  0.
  4.5  0.
  4.6  0.
  4.7  0.
  4.8  0.
  4.9  0.
  5.  0.
  5.1  0.
  5.2  0.
  5.3  0.
  5.4  0.
  5.5  0.
  5.6  0.
  5.7  0.
  5.8  0.
  5.9  0.
  6.  0.
  6.1  0.
  6.2  0.
  6.3  0.
  6.4  0.
  6.5  0.
  6.6  0.
  6.7  0.
  6.8  0.
  6.9  0.
  7.  0.
  7.1  0.
  7.2  0.
  7.3  0.
  7.4  0.
  7.5  0.
  7.6  0.
  7.7  0.
  7.8  0.
  7.9  0.
  8.  0.
  8.1  0.
  8.2  0.
  8.3  0.
  8.4  0.
  8.5  0.
  8.6  0.
  8.7  0.
  8.8  0.
  8.9  0.
  9.  0.
  9.1  0.
  9.2  0.
  9.3  0.
  9.4  0.
  9.5  0.
  9.6  0.
  9.7  0.
  9.8  0.
  9.9  0.
  10.  0.
  10.1  0.
  10.2  0.
  10.3  0.
  10.4  0.
  10.5  0.
  10.6  0.
  10.7  0.
  10.8  0.
  10.9  0.
  11.  0.
  11.1  0.
  11.2  0.
  11.3  0.
  11.4  0.
  11.5  0.
  11.6  0.
  11.7  0.
  11.8  0.
  11.9  0.
  12.  0.
  12.1  0.
  12.2  0.
  12.3  0.
  12.4  0.
  12.5  0.
  12.6  0.
  12.7  0.
  12.8  0.
  12.9  0.
  13.  0.
  13.1  0.
  13.2  0.
  13.3  0.
  13.4  0.
  13.5  0.
  13.6  0.
  13.7  0.
  13.8  0.
  13.9  0.
  14.  0.
  14.1  0.
  14.2  0.
  14.3  0.
  14.4  0.
  14.5  0.
  14.6  0.
  14.7  0.
  14.8  0.
  14.9  0.
  15.  0.
  15.1  3.55819515E-56
  15.2  5.69311224E-55
  15.3  2.88213807E-54
  15.4  9.10897959E-54
  15.5  2.22387197E-53
  15.6  4.61142092E-53
  15.7  8.54322656E-53
  15.8  1.45743673E-52
  15.9  2.33453184E-52
  16.  3.55819515E-52
  16.1  5.20955352E-52
  16.2  7.37827347E-52
  16.3  1.01625612E-51
  16.4  1.36691625E-51
  16.5  1.8013363E-51
  16.6  2.33189878E-51
  16.7  2.97184017E-51
  16.8  3.73525094E-51
  16.9  4.6370755E-51
  17.  5.69311224E-51
  17.1  6.92001351E-51
  17.2  8.33528564E-51
  17.3  9.9572889E-51
  17.4  1.18052375E-50
  17.5  1.38991998E-50
  17.6  1.62600979E-50
  17.7  1.89097079E-50
  17.8  2.187066E-50
  17.9  2.51664383E-50
  18.  2.88213807E-50
  18.1  3.28606795E-50
  18.2  3.73103804E-50
  18.3  4.21973835E-50
  18.4  4.75494428E-50
  18.5  5.3395166E-50
  18.6  5.97640151E-50
  18.7  6.66863059E-50
  18.8  7.41932081E-50
  18.9  8.23167455E-50
  19.  9.10897959E-50
  19.1  1.00546091E-49
  19.2  1.10720216E-49
  19.3  1.21647611E-49
  19.4  1.3336457E-49
  19.5  1.4590824E-49
  19.6  1.59316622E-49
  19.7  1.73628573E-49
  19.8  1.88883801E-49
  19.9  2.0512287E-49
  20.  2.22387197E-49
  20.1  2.40719054E-49
  20.2  2.60161566E-49
  20.3  2.80758712E-49
  20.4  3.02555326E-49
  20.5  3.25597095E-49
  20.6  3.4993056E-49
  20.7  3.75603116E-49
  20.8  4.02663012E-49
  20.9  4.31159352E-49
  21.  4.61142092E-49
  21.1  4.92662043E-49
  21.2  5.25770871E-49
  21.3  5.60521095E-49
  21.4  5.96966086E-49
  21.5  6.35160073E-49
  21.6  6.75158137E-49
  21.7  7.17016211E-49
  21.8  7.60791084E-49
  21.9  8.06540401E-49
  22.  8.54322656E-49
  22.1  9.04197201E-49
  22.2  9.56224241E-49
  22.3  1.01046483E-48
  22.4  1.06698089E-48
  22.5  1.12583518E-48
  22.6  1.18709133E-48
  22.7  1.2508138E-48
  22.8  1.31706793E-48
  22.9  1.38591989E-48
  23.  1.45743673E-48
  23.1  1.53168634E-48
  23.2  1.60873745E-48
  23.3  1.68865968E-48
  23.4  1.77152346E-48
  23.5  1.85740011E-48
  23.6  1.94636178E-48
  23.7  2.0384815E-48
  23.8  2.13383312E-48
  23.9  2.23249138E-48
  24.  2.33453184E-48
  24.1  2.44003094E-48
  24.2  2.54906596E-48
  24.3  2.66171504E-48
  24.4  2.77805716E-48
  24.5  2.89817219E-48
  24.6  3.02214081E-48
  24.7  3.15004459E-48
  24.8  3.28196592E-48
  24.9  3.41798807E-48
  25.  3.55819515E-48
  25.1  3.70267214E-48
  25.2  3.85150486E-48
  25.3  4.00477999E-48
  25.4  4.16258506E-48
  25.5  4.32500845E-48
  25.6  4.4921394E-48
  25.7  4.66406801E-48
  25.8  4.84088522E-48
  25.9  5.02268284E-48
  26.  5.20955352E-48
  26.1  5.40159077E-48
  26.2  5.59888896E-48
  26.3  5.8015433E-48
  26.4  6.00964985E-48
  26.5  6.22330556E-48
  26.6  6.44260819E-48
  26.7  6.66765639E-48
  26.8  6.89854963E-48
  26.9  7.13538826E-48
  27.  7.37827347E-48
  27.1  7.62730731E-48
  27.2  7.88259269E-48
  27.3  8.14423336E-48
  27.4  8.41233394E-48
  27.5  8.68699988E-48
  27.6  8.96833751E-48
  27.7  9.25645401E-48
  27.8  9.55145738E-48
  27.9  9.85345653E-48
  28.  1.01625612E-47
  28.1  1.04788819E-47
  28.2  1.08025302E-47
  28.3  1.11336183E-47
  28.4  1.14722594E-47
  28.5  1.18185674E-47
  28.6  1.21726573E-47
  28.7  1.25346448E-47
  28.8  1.29046464E-47
  28.9  1.32827795E-47
  29.  1.36691625E-47
  29.1  1.40639144E-47
  29.2  1.44671552E-47
  29.3  1.48790058E-47
  29.4  1.52995879E-47
  29.5  1.57290239E-47
  29.6  1.61674374E-47
  29.7  1.66149524E-47
  29.8  1.70716943E-47
  29.9  1.75377889E-47
  30.  1.8013363E-47
  30.1  1.84985443E-47
  30.2  1.89934613E-47
  30.3  1.94982434E-47
  30.4  2.00130208E-47
  30.5  2.05379247E-47
  30.6  2.10730869E-47
  30.7  2.16186402E-47
  30.8  2.21747183E-47
  30.9  2.27414557E-47
  31.  2.33189878E-47
  31.1  2.39074506E-47
  31.2  2.45069814E-47
  31.3  2.51177181E-47
  31.4  2.57397993E-47
  31.5  2.63733647E-47
  31.6  2.70185548E-47
  31.7  2.7675511E-47
  31.8  2.83443754E-47
  31.9  2.9025291E-47
  32.  2.97184017E-47
  32.1  3.04238524E-47
  32.2  3.11417885E-47
  32.3  3.18723566E-47
  32.4  3.2615704E-47
  32.5  3.33719788E-47
  32.6  3.414133E-47
  32.7  3.49239075E-47
  32.8  3.5719862E-47
  32.9  3.65293452E-47
  33.  3.73525094E-47
  33.1  3.8189508E-47
  33.2  3.9040495E-47
  33.3  3.99056255E-47
  33.4  4.07850553E-47
  33.5  4.16789412E-47
  33.6  4.25874406E-47
  33.7  4.3510712E-47
  33.8  4.44489146E-47
  33.9  4.54022087E-47
  34.  4.6370755E-47
  34.1  4.73547156E-47
  34.2  4.8354253E-47
  34.3  4.93695308E-47
  34.4  5.04007134E-47
  34.5  5.14479659E-47
  34.6  5.25114547E-47
  34.7  5.35913464E-47
  34.8  5.46878091E-47
  34.9  5.58010112E-47
  35.  5.69311224E-47
  35.1  5.80783131E-47
  35.2  5.92427543E-47
  35.3  6.04246183E-47
  35.4  6.16240778E-47
  35.5  6.28413068E-47
  35.6  6.40764799E-47
  35.7  6.53297725E-47
  35.8  6.66013609E-47
  35.9  6.78914225E-47
  36.  6.92001351E-47
  36.1  7.05276779E-47
  36.2  7.18742304E-47
  36.3  7.32399733E-47
  36.4  7.46250881E-47
  36.5  7.60297572E-47
  36.6  7.74541636E-47
  36.7  7.88984914E-47
  36.8  8.03629255E-47
  36.9  8.18476516E-47
  37.  8.33528564E-47
  37.1  8.48787272E-47
  37.2  8.64254524E-47
  37.3  8.79932211E-47
  37.4  8.95822233E-47
  37.5  9.119265E-47
  37.6  9.28246927E-47
  37.7  9.44785441E-47
  37.8  9.61543977E-47
  37.9  9.78524476E-47
  38.  9.9572889E-47
  38.1  1.01315918E-46
  38.2  1.03081731E-46
  38.3  1.04870526E-46
  38.4  1.06682502E-46
  38.5  1.08517858E-46
  38.6  1.10376794E-46
  38.7  1.12259511E-46
  38.8  1.14166212E-46
  38.9  1.16097099E-46
  39.  1.18052375E-46
  39.1  1.20032246E-46
  39.2  1.22036917E-46
  39.3  1.24066594E-46
  39.4  1.26121483E-46
  39.5  1.28201794E-46
  39.6  1.30307734E-46
  39.7  1.32439513E-46
  39.8  1.34597343E-46
  39.9  1.36781434E-46
  40.  1.38991998E-46
  40.1  1.41229249E-46
  40.2  1.434934E-46
  40.3  1.45784667E-46
  40.4  1.48103264E-46
  40.5  1.50449409E-46
  40.6  1.52823318E-46
  40.7  1.5522521E-46
  40.8  1.57655304E-46
  40.9  1.6011382E-46
  41.  1.62600979E-46
  41.1  1.65117001E-46
  41.2  1.67662111E-46
  41.3  1.7023653E-46
  41.4  1.72840483E-46
  41.5  1.75474195E-46
  41.6  1.78137893E-46
  41.7  1.80831802E-46
  41.8  1.8355615E-46
  41.9  1.86311166E-46
  42.  1.89097079E-46
  42.1  1.91914119E-46
  42.2  1.94762518E-46
  42.3  1.97642506E-46
  42.4  2.00554317E-46
  42.5  2.03498184E-46
  42.6  2.06474343E-46
  42.7  2.09483027E-46
  42.8  2.12524473E-46
  42.9  2.15598918E-46
  43.  2.187066E-46
  43.1  2.21847758E-46
  43.2  2.2502263E-46
  43.3  2.28231459E-46
  43.4  2.31474484E-46
  43.5  2.34751947E-46
  43.6  2.38064093E-46
  43.7  2.41411164E-46
  43.8  2.44793406E-46
  43.9  2.48211063E-46
  44.  2.51664383E-46
  44.1  2.55153611E-46
  44.2  2.58678998E-46
  44.3  2.6224079E-46
  44.4  2.65839239E-46
  44.5  2.69474595E-46
  44.6  2.73147109E-46
  44.7  2.76857033E-46
  44.8  2.80604622E-46
  44.9  2.84390128E-46
  45.  2.88213807E-46
  45.1  2.92075915E-46
  45.2  2.95976708E-46
  45.3  2.99916444E-46
  45.4  3.0389538E-46
  45.5  3.07913777E-46
  45.6  3.11971894E-46
  45.7  3.16069992E-46
  45.8  3.20208333E-46
  45.9  3.24387179E-46
  46.  3.28606795E-46
  46.1  3.32867443E-46
  46.2  3.3716939E-46
  46.3  3.41512901E-46
  46.4  3.45898243E-46
  46.5  3.50325684E-46
  46.6  3.54795493E-46
  46.7  3.59307938E-46
  46.8  3.63863291E-46
  46.9  3.68461823E-46
  47.  3.73103804E-46
  47.1  3.77789509E-46
  47.2  3.8251921E-46
  47.3  3.87293183E-46
  47.4  3.92111703E-46
  47.5  3.96975046E-46
  47.6  4.01883489E-46
  47.7  4.0683731E-46
  47.8  4.11836788E-46
  47.9  4.16882203E-46
  48.  4.21973835E-46
  48.1  4.27111966E-46
  48.2  4.32296877E-46
  48.3  4.37528853E-46
  48.4  4.42808176E-46
  48.5  4.48135132E-46
  48.6  4.53510006E-46
  48.7  4.58933085E-46
  48.8  4.64404656E-46
  48.9  4.69925007E-46
  49.  4.75494428E-46
  49.1  4.81113208E-46
  49.2  4.86781638E-46
  49.3  4.9250001E-46
  49.4  4.98268617E-46
  49.5  5.0408775E-46
  49.6  5.09957706E-46
  49.7  5.15878778E-46
  49.8  5.21851264E-46
  49.9  5.27875458E-46
  50.  5.3395166E-46
  50.1  5.40080167E-46
  50.2  5.46261279E-46
  50.3  5.52495297E-46
  50.4  5.5878252E-46
  50.5  5.65123251E-46
  50.6  5.71517793E-46
  50.7  5.77966449E-46
  50.8  5.84469523E-46
  50.9  5.91027322E-46
  51.  5.97640151E-46
  51.1  6.04308317E-46
  51.2  6.11032128E-46
  51.3  6.17811892E-46
  51.4  6.2464792E-46
  51.5  6.31540522E-46
  51.6  6.38490008E-46
  51.7  6.45496692E-46
  51.8  6.52560885E-46
  51.9  6.59682903E-46
  52.  6.66863059E-46
  52.1  6.74101669E-46
  52.2  6.81399049E-46
  52.3  6.88755517E-46
  52.4  6.96171392E-46
  52.5  7.03646991E-46
  52.6  7.11182634E-46
  52.7  7.18778643E-46
  52.8  7.26435339E-46
  52.9  7.34153044E-46
  53.  7.41932081E-46
  53.1  7.49772774E-46
  53.2  7.5767545E-46
  53.3  7.65640432E-46
  53.4  7.73668048E-46
  53.5  7.81758625E-46
  53.6  7.89912493E-46
  53.7  7.98129979E-46
  53.8  8.06411414E-46
  53.9  8.14757129E-46
  54.  8.23167455E-46
  54.1  8.31642726E-46
  54.2  8.40183274E-46
  54.3  8.48789435E-46
  54.4  8.57461543E-46
  54.5  8.66199934E-46
  54.6  8.75004945E-46
  54.7  8.83876914E-46
  54.8  8.9281618E-46
  54.9  9.01823081E-46
  55.  9.10897959E-46
  55.1  9.20041154E-46
  55.2  9.29253009E-46
  55.3  9.38533866E-46
  55.4  9.47884069E-46
  55.5  9.57303962E-46
  55.6  9.66793892E-46
  55.7  9.76354204E-46
  55.8  9.85985245E-46
  55.9  9.95687364E-46
  56.  1.00546091E-45
  56.1  1.01530623E-45
  56.2  1.02522368E-45
  56.3  1.0352136E-45
  56.4  1.04527636E-45
  56.5  1.0554123E-45
  56.6  1.06562177E-45
  56.7  1.07590514E-45
  56.8  1.08626276E-45
  56.9  1.09669498E-45
  57.  1.10720216E-45
  57.1  1.11778466E-45
  57.2  1.12844285E-45
  57.3  1.13917707E-45
  57.4  1.14998769E-45
  57.5  1.16087507E-45
  57.6  1.17183957E-45
  57.7  1.18288157E-45
  57.8  1.19400141E-45
  57.9  1.20519947E-45
  58.  1.21647611E-45
  58.1  1.22783171E-45
  58.2  1.23926662E-45
  58.3  1.25078121E-45
  58.4  1.26237586E-45
  58.5  1.27405094E-45
  58.6  1.28580681E-45
  58.7  1.29764385E-45
  58.8  1.30956243E-45
  58.9  1.32156292E-45
  59.  1.3336457E-45
  59.1  1.34581115E-45
  59.2  1.35805964E-45
  59.3  1.37039154E-45
  59.4  1.38280724E-45
  59.5  1.39530711E-45
  59.6  1.40789154E-45
  59.7  1.4205609E-45
  59.8  1.43331557E-45
  59.9  1.44615595E-45
  60.  1.4590824E-45
  60.1  1.47209532E-45
  60.2  1.48519508E-45
  60.3  1.49838208E-45
  60.4  1.51165671E-45
  60.5  1.52501934E-45
  60.6  1.53847036E-45
  60.7  1.55201017E-45
  60.8  1.56563916E-45
  60.9  1.57935771E-45
  61.  1.59316622E-45
  61.1  1.60706508E-45
  61.2  1.62105469E-45
  61.3  1.63513543E-45
  61.4  1.6493077E-45
  61.5  1.6635719E-45
  61.6  1.67792842E-45
  61.7  1.69237767E-45
  61.8  1.70692004E-45
  61.9  1.72155592E-45
  62.  1.73628573E-45
  62.1  1.75110986E-45
  62.2  1.7660287E-45
  62.3  1.78104268E-45
  62.4  1.79615218E-45
  62.5  1.81135762E-45
  62.6  1.82665939E-45
  62.7  1.84205791E-45
  62.8  1.85755358E-45
  62.9  1.87314681E-45
  63.  1.88883801E-45
  63.1  1.90462758E-45
  63.2  1.92051594E-45
  63.3  1.9365035E-45
  63.4  1.95259067E-45
  63.5  1.96877787E-45
  63.6  1.9850655E-45
  63.7  2.00145398E-45
  63.8  2.01794373E-45
  63.9  2.03453516E-45
  64.  2.0512287E-45
  64.1  2.06802475E-45
  64.2  2.08492374E-45
  64.3  2.10192609E-45
  64.4  2.11903222E-45
  64.5  2.13624254E-45
  64.6  2.15355749E-45
  64.7  2.17097748E-45
  64.8  2.18850294E-45
  64.9  2.2061343E-45
  65.  2.22387197E-45
  65.1  2.24171639E-45
  65.2  2.25966798E-45
  65.3  2.27772718E-45
  65.4  2.2958944E-45
  65.5  2.31417009E-45
  65.6  2.33255467E-45
  65.7  2.35104857E-45
  65.8  2.36965223E-45
  65.9  2.38836607E-45
  66.  2.40719054E-45
  66.1  2.42612607E-45
  66.2  2.44517309E-45
  66.3  2.46433204E-45
  66.4  2.48360337E-45
  66.5  2.50298749E-45
  66.6  2.52248487E-45
  66.7  2.54209593E-45
  66.8  2.56182113E-45
  66.9  2.58166089E-45
  67.  2.60161566E-45
  67.1  2.62168589E-45
  67.2  2.64187202E-45
  67.3  2.6621745E-45
  67.4  2.68259377E-45
  67.5  2.70313028E-45
  67.6  2.72378448E-45
  67.7  2.74455681E-45
  67.8  2.76544773E-45
  67.9  2.78645768E-45
  68.  2.80758712E-45
  68.1  2.82883651E-45
  68.2  2.85020628E-45
  68.3  2.8716969E-45
  68.4  2.89330883E-45
  68.5  2.91504251E-45
  68.6  2.9368984E-45
  68.7  2.95887696E-45
  68.8  2.98097866E-45
  68.9  3.00320394E-45
  69.  3.02555326E-45
  69.1  3.0480271E-45
  69.2  3.07062591E-45
  69.3  3.09335015E-45
  69.4  3.11620028E-45
  69.5  3.13917678E-45
  69.6  3.1622801E-45
  69.7  3.18551071E-45
  69.8  3.20886907E-45
  69.9  3.23235567E-45
  70.  3.25597095E-45
  70.1  3.2797154E-45
  70.2  3.30358948E-45
  70.3  3.32759367E-45
  70.4  3.35172843E-45
  70.5  3.37599423E-45
  70.6  3.40039156E-45
  70.7  3.42492089E-45
  70.8  3.44958269E-45
  70.9  3.47437743E-45
  71.  3.4993056E-45
  71.1  3.52436767E-45
  71.2  3.54956412E-45
  71.3  3.57489543E-45
  71.4  3.60036209E-45
  71.5  3.62596456E-45
  71.6  3.65170334E-45
  71.7  3.6775789E-45
  71.8  3.70359174E-45
  71.9  3.72974233E-45
  72.  3.75603116E-45
  72.1  3.78245872E-45
  72.2  3.80902549E-45
  72.3  3.83573196E-45
  72.4  3.86257863E-45
  72.5  3.88956598E-45
  72.6  3.91669449E-45
  72.7  3.94396467E-45
  72.8  3.97137701E-45
  72.9  3.99893199E-45
  73.  4.02663012E-45
  73.1  4.05447189E-45
  73.2  4.08245778E-45
  73.3  4.11058831E-45
  73.4  4.13886396E-45
  73.5  4.16728524E-45
  73.6  4.19585265E-45
  73.7  4.22456667E-45
  73.8  4.25342783E-45
  73.9  4.28243661E-45
  74.  4.31159352E-45
  74.1  4.34089906E-45
  74.2  4.37035374E-45
  74.3  4.39995806E-45
  74.4  4.42971253E-45
  74.5  4.45961766E-45
  74.6  4.48967395E-45
  74.7  4.51988191E-45
  74.8  4.55024205E-45
  74.9  4.58075488E-45
  75.  4.61142092E-45
  75.1  4.64224067E-45
  75.2  4.67321464E-45
  75.3  4.70434336E-45
  75.4  4.73562733E-45
  75.5  4.76706707E-45
  75.6  4.7986631E-45
  75.7  4.83041593E-45
  75.8  4.86232608E-45
  75.9  4.89439408E-45
  76.  4.92662043E-45
  76.1  4.95900567E-45
  76.2  4.9915503E-45
  76.3  5.02425487E-45
  76.4  5.05711987E-45
  76.5  5.09014585E-45
  76.6  5.12333333E-45
  76.7  5.15668282E-45
  76.8  5.19019487E-45
  76.9  5.22386999E-45
  77.  5.25770871E-45
  77.1  5.29171157E-45
  77.2  5.32587909E-45
  77.3  5.3602118E-45
  77.4  5.39471023E-45
  77.5  5.42937493E-45
  77.6  5.46420641E-45
  77.7  5.49920522E-45
  77.8  5.53437189E-45
  77.9  5.56970695E-45
  78.  5.60521095E-45
  78.1  5.64088441E-45
  78.2  5.67672789E-45
  78.3  5.71274191E-45
  78.4  5.74892702E-45
  78.5  5.78528375E-45
  78.6  5.82181266E-45
  78.7  5.85851428E-45
  78.8  5.89538916E-45
  78.9  5.93243784E-45
  79.  5.96966086E-45
  79.1  6.00705878E-45
  79.2  6.04463214E-45
  79.3  6.08238148E-45
  79.4  6.12030736E-45
  79.5  6.15841033E-45
  79.6  6.19669093E-45
  79.7  6.23514972E-45
  79.8  6.27378725E-45
  79.9  6.31260407E-45
  80.  6.35160073E-45
  80.1  6.3907778E-45
  80.2  6.43013582E-45
  80.3  6.46967536E-45
  80.4  6.50939696E-45
  80.5  6.5493012E-45
  80.6  6.58938861E-45
  80.7  6.62965978E-45
  80.8  6.67011525E-45
  80.9  6.71075559E-45
  81.  6.75158137E-45
  81.1  6.79259313E-45
  81.2  6.83379146E-45
  81.3  6.8751769E-45
  81.4  6.91675004E-45
  81.5  6.95851143E-45
  81.6  7.00046164E-45
  81.7  7.04260125E-45
  81.8  7.08493081E-45
  81.9  7.12745091E-45
  82.  7.17016211E-45
  82.1  7.21306498E-45
  82.2  7.25616009E-45
  82.3  7.29944803E-45
  82.4  7.34292935E-45
  82.5  7.38660465E-45
  82.6  7.43047449E-45
  82.7  7.47453945E-45
  82.8  7.51880011E-45
  82.9  7.56325705E-45
  83.  7.60791084E-45
  83.1  7.65276208E-45
  83.2  7.69781133E-45
  83.3  7.74305918E-45
  83.4  7.78850621E-45
  83.5  7.83415301E-45
  83.6  7.88000016E-45
  83.7  7.92604825E-45
  83.8  7.97229786E-45
  83.9  8.01874959E-45
  84.  8.06540401E-45
  84.1  8.11226171E-45
  84.2  8.1593233E-45
  84.3  8.20658935E-45
  84.4  8.25406046E-45
  84.5  8.30173722E-45
  84.6  8.34962022E-45
  84.7  8.39771006E-45
  84.8  8.44600733E-45
  84.9  8.49451263E-45
  85.  8.54322656E-45
  85.1  8.59214971E-45
  85.2  8.64128268E-45
  85.3  8.69062606E-45
  85.4  8.74018047E-45
  85.5  8.7899465E-45
  85.6  8.83992475E-45
  85.7  8.89011582E-45
  85.8  8.94052032E-45
  85.9  8.99113885E-45
  86.  9.04197201E-45
  86.1  9.09302042E-45
  86.2  9.14428468E-45
  86.3  9.1957654E-45
  86.4  9.24746318E-45
  86.5  9.29937864E-45
  86.6  9.35151238E-45
  86.7  9.40386501E-45
  86.8  9.45643715E-45
  86.9  9.50922942E-45
  87.  9.56224241E-45
  87.1  9.61547676E-45
  87.2  9.66893307E-45
  87.3  9.72261196E-45
  87.4  9.77651404E-45
  87.5  9.83063994E-45
  87.6  9.88499028E-45
  87.7  9.93956566E-45
  87.8  9.99436672E-45
  87.9  1.00493941E-44
  88.  1.01046483E-44
  88.1  1.01601302E-44
  88.2  1.02158401E-44
  88.3  1.02717789E-44
  88.4  1.03279471E-44
  88.5  1.03843453E-44
  88.6  1.04409742E-44
  88.7  1.04978343E-44
  88.8  1.05549264E-44
  88.9  1.06122511E-44
  89.  1.06698089E-44
  89.1  1.07276006E-44
  89.2  1.07856267E-44
  89.3  1.08438879E-44
  89.4  1.09023848E-44
  89.5  1.0961118E-44
  89.6  1.10200883E-44
  89.7  1.10792961E-44
  89.8  1.11387423E-44
  89.9  1.11984273E-44
  90.  1.12583518E-44
  90.1  1.13185166E-44
  90.2  1.13789221E-44
  90.3  1.14395692E-44
  90.4  1.15004583E-44
  90.5  1.15615902E-44
  90.6  1.16229654E-44
  90.7  1.16845847E-44
  90.8  1.17464487E-44
  90.9  1.1808558E-44
  91.  1.18709133E-44
  91.1  1.19335152E-44
  91.2  1.19963644E-44
  91.3  1.20594615E-44
  91.4  1.21228072E-44
  91.5  1.21864021E-44
  91.6  1.22502469E-44
  91.7  1.23143422E-44
  91.8  1.23786888E-44
  91.9  1.24432871E-44
  92.  1.2508138E-44
  92.1  1.2573242E-44
  92.2  1.26385999E-44
  92.3  1.27042122E-44
  92.4  1.27700797E-44
  92.5  1.28362029E-44
  92.6  1.29025826E-44
  92.7  1.29692194E-44
  92.8  1.30361141E-44
  92.9  1.31032671E-44
  93.  1.31706793E-44
  93.1  1.32383512E-44
  93.2  1.33062836E-44
  93.3  1.33744771E-44
  93.4  1.34429324E-44
  93.5  1.35116501E-44
  93.6  1.3580631E-44
  93.7  1.36498756E-44
  93.8  1.37193847E-44
  93.9  1.37891589E-44
  94.  1.38591989E-44
  94.1  1.39295055E-44
  94.2  1.40000791E-44
  94.3  1.40709206E-44
  94.4  1.41420306E-44
  94.5  1.42134098E-44
  94.6  1.42850589E-44
  94.7  1.43569785E-44
  94.8  1.44291693E-44
  94.9  1.4501632E-44
  95.  1.45743673E-44
  95.1  1.46473759E-44
  95.2  1.47206585E-44
  95.3  1.47942156E-44
  95.4  1.48680481E-44
  95.5  1.49421567E-44
  95.6  1.50165419E-44
  95.7  1.50912044E-44
  95.8  1.51661451E-44
  95.9  1.52413645E-44
  96.  1.53168634E-44
  96.1  1.53926424E-44
  96.2  1.54687023E-44
  96.3  1.55450437E-44
  96.4  1.56216673E-44
  96.5  1.56985738E-44
  96.6  1.57757639E-44
  96.7  1.58532384E-44
  96.8  1.59309978E-44
  96.9  1.6009043E-44
  97.  1.60873745E-44
  97.1  1.61659932E-44
  97.2  1.62448997E-44
  97.3  1.63240947E-44
  97.4  1.64035788E-44
  97.5  1.64833529E-44
  97.6  1.65634177E-44
  97.7  1.66437737E-44
  97.8  1.67244217E-44
  97.9  1.68053625E-44
  98.  1.68865968E-44
  98.1  1.69681252E-44
  98.2  1.70499484E-44
  98.3  1.71320672E-44
  98.4  1.72144823E-44
  98.5  1.72971944E-44
  98.6  1.73802042E-44
  98.7  1.74635123E-44
  98.8  1.75471197E-44
  98.9  1.76310269E-44
  99.  1.77152346E-44
  99.1  1.77997436E-44
  99.2  1.78845546E-44
  99.3  1.79696684E-44
  99.4  1.80550855E-44
  99.5  1.81408069E-44
  99.6  1.82268331E-44
  99.7  1.83131649E-44
  99.8  1.8399803E-44
  99.9  1.84867481E-44
  100.  1.85740011E-44
  100.1  1.86615625E-44
  100.2  1.87494332E-44
  100.3  1.88376138E-44
  100.4  1.89261051E-44
  100.5  1.90149077E-44
  100.6  1.91040226E-44
  100.7  1.91934503E-44
  100.8  1.92831915E-44
  100.9  1.93732472E-44
  101.  1.94636178E-44
  101.1  1.95543043E-44
  101.2  1.96453073E-44
  101.3  1.97366276E-44
  101.4  1.98282659E-44
  101.5  1.99202229E-44
  101.6  2.00124994E-44
  101.7  2.01050961E-44
  101.8  2.01980138E-44
  101.9  2.02912532E-44
  102.  2.0384815E-44
  102.1  2.04787E-44
  102.2  2.05729089E-44
  102.3  2.06674425E-44
  102.4  2.07623015E-44
  102.5  2.08574867E-44
  102.6  2.09529988E-44
  102.7  2.10488386E-44
  102.8  2.11450067E-44
  102.9  2.1241504E-44
  103.  2.13383312E-44
  103.1  2.14354891E-44
  103.2  2.15329784E-44
  103.3  2.16307998E-44
  103.4  2.17289542E-44
  103.5  2.18274422E-44
  103.6  2.19262646E-44
  103.7  2.20254222E-44
  103.8  2.21249158E-44
  103.9  2.22247461E-44
  104.  2.23249138E-44
  104.1  2.24254197E-44
  104.2  2.25262646E-44
  104.3  2.26274492E-44
  104.4  2.27289744E-44
  104.5  2.28308408E-44
  104.6  2.29330492E-44
  104.7  2.30356004E-44
  104.8  2.31384951E-44
  104.9  2.32417342E-44
  105.  2.33453184E-44
  105.1  2.34492484E-44
  105.2  2.35535251E-44
  105.3  2.36581491E-44
  105.4  2.37631213E-44
  105.5  2.38684425E-44
  105.6  2.39741134E-44
  105.7  2.40801347E-44
  105.8  2.41865073E-44
  105.9  2.42932319E-44
  106.  2.44003094E-44
  106.1  2.45077404E-44
  106.2  2.46155258E-44
  106.3  2.47236663E-44
  106.4  2.48321628E-44
  106.5  2.49410159E-44
  106.6  2.50502266E-44
  106.7  2.51597955E-44
  106.8  2.52697234E-44
  106.9  2.53800112E-44
  107.  2.54906596E-44
  107.1  2.56016694E-44
  107.2  2.57130413E-44
  107.3  2.58247763E-44
  107.4  2.5936875E-44
  107.5  2.60493382E-44
  107.6  2.61621668E-44
  107.7  2.62753615E-44
  107.8  2.63889232E-44
  107.9  2.65028525E-44
  108.  2.66171504E-44
  108.1  2.67318175E-44
  108.2  2.68468547E-44
  108.3  2.69622629E-44
  108.4  2.70780427E-44
  108.5  2.7194195E-44
  108.6  2.73107206E-44
  108.7  2.74276202E-44
  108.8  2.75448947E-44
  108.9  2.7662545E-44
  109.  2.77805716E-44
  109.1  2.78989756E-44
  109.2  2.80177577E-44
  109.3  2.81369186E-44
  109.4  2.82564593E-44
  109.5  2.83763804E-44
  109.6  2.84966829E-44
  109.7  2.86173674E-44
  109.8  2.87384349E-44
  109.9  2.88598861E-44
  110.  2.89817219E-44
  110.1  2.9103943E-44
  110.2  2.92265503E-44
  110.3  2.93495446E-44
  110.4  2.94729266E-44
  110.5  2.95966972E-44
  110.6  2.97208573E-44
  110.7  2.98454076E-44
  110.8  2.9970349E-44
  110.9  3.00956822E-44
  111.  3.02214081E-44
  111.1  3.03475275E-44
  111.2  3.04740413E-44
  111.3  3.06009502E-44
  111.4  3.07282551E-44
  111.5  3.08559567E-44
  111.6  3.0984056E-44
  111.7  3.11125538E-44
  111.8  3.12414508E-44
  111.9  3.13707478E-44
  112.  3.15004459E-44
  112.1  3.16305456E-44
  112.2  3.17610479E-44
  112.3  3.18919537E-44
  112.4  3.20232637E-44
  112.5  3.21549787E-44
  112.6  3.22870997E-44
  112.7  3.24196274E-44
  112.8  3.25525626E-44
  112.9  3.26859063E-44
  113.  3.28196592E-44
  113.1  3.29538221E-44
  113.2  3.3088396E-44
  113.3  3.32233816E-44
  113.4  3.33587799E-44
  113.5  3.34945915E-44
  113.6  3.36308174E-44
  113.7  3.37674585E-44
  113.8  3.39045155E-44
  113.9  3.40419892E-44
  114.  3.41798807E-44
  114.1  3.43181906E-44
  114.2  3.44569198E-44
  114.3  3.45960692E-44
  114.4  3.47356397E-44
  114.5  3.4875632E-44
  114.6  3.50160471E-44
  114.7  3.51568857E-44
  114.8  3.52981487E-44
  114.9  3.54398371E-44
  115.  3.55819515E-44
  115.1  3.5724493E-44
  115.2  3.58674622E-44
  115.3  3.60108602E-44
  115.4  3.61546877E-44
  115.5  3.62989457E-44
  115.6  3.64436349E-44
  115.7  3.65887562E-44
  115.8  3.67343105E-44
  115.9  3.68802986E-44
  116.  3.70267214E-44
  116.1  3.71735798E-44
  116.2  3.73208747E-44
  116.3  3.74686068E-44
  116.4  3.76167771E-44
  116.5  3.77653864E-44
  116.6  3.79144356E-44
  116.7  3.80639256E-44
  116.8  3.82138571E-44
  116.9  3.83642312E-44
  117.  3.85150486E-44
  117.1  3.86663103E-44
  117.2  3.88180171E-44
  117.3  3.89701698E-44
  117.4  3.91227694E-44
  117.5  3.92758168E-44
  117.6  3.94293127E-44
  117.7  3.95832581E-44
  117.8  3.97376538E-44
  117.9  3.98925008E-44
  118.  4.00477999E-44
  118.1  4.0203552E-44
  118.2  4.03597579E-44
  118.3  4.05164186E-44
  118.4  4.06735349E-44
  118.5  4.08311078E-44
  118.6  4.0989138E-44
  118.7  4.11476265E-44
  118.8  4.13065742E-44
  118.9  4.14659819E-44
  119.  4.16258506E-44
  119.1  4.17861811E-44
  119.2  4.19469743E-44
  119.3  4.21082311E-44
  119.4  4.22699524E-44
  119.5  4.2432139E-44
  119.6  4.2594792E-44
  119.7  4.27579121E-44
  119.8  4.29215003E-44
  119.9  4.30855575E-44
  120.  4.32500845E-44
  120.1  4.34150822E-44
  120.2  4.35805516E-44
  120.3  4.37464936E-44
  120.4  4.39129089E-44
  120.5  4.40797987E-44
  120.6  4.42471636E-44
  120.7  4.44150048E-44
  120.8  4.45833229E-44
  120.9  4.4752119E-44
  121.  4.4921394E-44
  121.1  4.50911487E-44
  121.2  4.52613841E-44
  121.3  4.54321011E-44
  121.4  4.56033005E-44
  121.5  4.57749833E-44
  121.6  4.59471504E-44
  121.7  4.61198028E-44
  121.8  4.62929412E-44
  121.9  4.64665667E-44
  122.  4.66406801E-44
  122.1  4.68152823E-44
  122.2  4.69903744E-44
  122.3  4.71659571E-44
  122.4  4.73420314E-44
  122.5  4.75185982E-44
  122.6  4.76956585E-44
  122.7  4.78732131E-44
  122.8  4.8051263E-44
  122.9  4.8229809E-44
  123.  4.84088522E-44
  123.1  4.85883934E-44
  123.2  4.87684336E-44
  123.3  4.89489737E-44
  123.4  4.91300145E-44
  123.5  4.93115571E-44
  123.6  4.94936023E-44
  123.7  4.96761512E-44
  123.8  4.98592045E-44
  123.9  5.00427633E-44
  124.  5.02268284E-44
  124.1  5.04114009E-44
  124.2  5.05964815E-44
  124.3  5.07820714E-44
  124.4  5.09681713E-44
  124.5  5.11547823E-44
  124.6  5.13419052E-44
  124.7  5.1529541E-44
  124.8  5.17176907E-44
  124.9  5.19063551E-44
  125.  5.20955352E-44
  125.1  5.2285232E-44
  125.2  5.24754464E-44
  125.3  5.26661793E-44
  125.4  5.28574317E-44
  125.5  5.30492045E-44
  125.6  5.32414986E-44
  125.7  5.34343151E-44
  125.8  5.36276548E-44
  125.9  5.38215187E-44
  126.  5.40159077E-44
  126.1  5.42108229E-44
  126.2  5.4406265E-44
  126.3  5.46022352E-44
  126.4  5.47987342E-44
  126.5  5.49957632E-44
  126.6  5.5193323E-44
  126.7  5.53914146E-44
  126.8  5.55900389E-44
  126.9  5.57891969E-44
  127.  5.59888896E-44
  127.1  5.61891179E-44
  127.2  5.63898827E-44
  127.3  5.65911851E-44
  127.4  5.67930259E-44
  127.5  5.69954062E-44
  127.6  5.71983269E-44
  127.7  5.7401789E-44
  127.8  5.76057934E-44
  127.9  5.7810341E-44
  128.  5.8015433E-44
  128.1  5.82210701E-44
  128.2  5.84272534E-44
  128.3  5.86339839E-44
  128.4  5.88412624E-44
  128.5  5.90490901E-44
  128.6  5.92574678E-44
  128.7  5.94663965E-44
  128.8  5.96758772E-44
  128.9  5.98859109E-44
  129.  6.00964985E-44
  129.1  6.03076411E-44
  129.2  6.05193395E-44
  129.3  6.07315947E-44
  129.4  6.09444078E-44
  129.5  6.11577797E-44
  129.6  6.13717114E-44
  129.7  6.15862039E-44
  129.8  6.18012581E-44
  129.9  6.2016875E-44
  130.  6.22330556E-44
  130.1  6.24498009E-44
  130.2  6.26671119E-44
  130.3  6.28849895E-44
  130.4  6.31034348E-44
  130.5  6.33224487E-44
  130.6  6.35420322E-44
  130.7  6.37621862E-44
  130.8  6.39829119E-44
  130.9  6.42042101E-44
  131.  6.44260819E-44
  131.1  6.46485283E-44
  131.2  6.48715502E-44
  131.3  6.50951486E-44
  131.4  6.53193245E-44
  131.5  6.5544079E-44
  131.6  6.57694129E-44
  131.7  6.59953274E-44
  131.8  6.62218234E-44
  131.9  6.64489019E-44
  132.  6.66765639E-44
  132.1  6.69048103E-44
  132.2  6.71336423E-44
  132.3  6.73630608E-44
  132.4  6.75930668E-44
  132.5  6.78236612E-44
  132.6  6.80548452E-44
  132.7  6.82866197E-44
  132.8  6.85189857E-44
  132.9  6.87519442E-44
  133.  6.89854963E-44
  133.1  6.92196428E-44
  133.2  6.9454385E-44
  133.3  6.96897236E-44
  133.4  6.99256598E-44
  133.5  7.01621946E-44
  133.6  7.0399329E-44
  133.7  7.0637064E-44
  133.8  7.08754005E-44
  133.9  7.11143397E-44
  134.  7.13538826E-44
  134.1  7.159403E-44
  134.2  7.18347832E-44
  134.3  7.2076143E-44
  134.4  7.23181106E-44
  134.5  7.25606868E-44
  134.6  7.28038728E-44
  134.7  7.30476696E-44
  134.8  7.32920781E-44
  134.9  7.35370995E-44
  135.  7.37827347E-44
  135.1  7.40289847E-44
  135.2  7.42758507E-44
  135.3  7.45233335E-44
  135.4  7.47714343E-44
  135.5  7.5020154E-44
  135.6  7.52694937E-44
  135.7  7.55194545E-44
  135.8  7.57700373E-44
  135.9  7.60212431E-44
  136.  7.62730731E-44
  136.1  7.65255283E-44
  136.2  7.67786096E-44
  136.3  7.70323181E-44
  136.4  7.72866549E-44
  136.5  7.7541621E-44
  136.6  7.77972173E-44
  136.7  7.80534451E-44
  136.8  7.83103053E-44
  136.9  7.85677988E-44
  137.  7.88259269E-44
  137.1  7.90846905E-44
  137.2  7.93440907E-44
  137.3  7.96041285E-44
  137.4  7.98648049E-44
  137.5  8.0126121E-44
  137.6  8.03880778E-44
  137.7  8.06506765E-44
  137.8  8.0913918E-44
  137.9  8.11778033E-44
  138.  8.14423336E-44
  138.1  8.17075099E-44
  138.2  8.19733332E-44
  138.3  8.22398047E-44
  138.4  8.25069252E-44
  138.5  8.27746959E-44
  138.6  8.30431179E-44
  138.7  8.33121922E-44
  138.8  8.35819198E-44
  138.9  8.38523019E-44
  139.  8.41233394E-44
  139.1  8.43950335E-44
  139.2  8.46673851E-44
  139.3  8.49403954E-44
  139.4  8.52140654E-44
  139.5  8.54883962E-44
  139.6  8.57633888E-44
  139.7  8.60390443E-44
  139.8  8.63153637E-44
  139.9  8.65923482E-44
  140.  8.68699988E-44
  140.1  8.71483166E-44
  140.2  8.74273026E-44
  140.3  8.77069579E-44
  140.4  8.79872835E-44
  140.5  8.82682806E-44
  140.6  8.85499502E-44
  140.7  8.88322934E-44
  140.8  8.91153112E-44
  140.9  8.93990048E-44
  141.  8.96833751E-44
  141.1  8.99684234E-44
  141.2  9.02541506E-44
  141.3  9.05405578E-44
  141.4  9.08276462E-44
  141.5  9.11154167E-44
  141.6  9.14038705E-44
  141.7  9.16930087E-44
  141.8  9.19828323E-44
  141.9  9.22733424E-44
  142.  9.25645401E-44
  142.1  9.28564264E-44
  142.2  9.31490026E-44
  142.3  9.34422696E-44
  142.4  9.37362285E-44
  142.5  9.40308805E-44
  142.6  9.43262266E-44
  142.7  9.46222678E-44
  142.8  9.49190054E-44
  142.9  9.52164404E-44
  143.  9.55145738E-44
  143.1  9.58134068E-44
  143.2  9.61129405E-44
  143.3  9.64131759E-44
  143.4  9.67141142E-44
  143.5  9.70157565E-44
  143.6  9.73181037E-44
  143.7  9.76211572E-44
  143.8  9.79249178E-44
  143.9  9.82293868E-44
  144.  9.85345653E-44
  144.1  9.88404543E-44
  144.2  9.91470549E-44
  144.3  9.94543683E-44
  144.4  9.97623955E-44
  144.5  1.00071138E-43
  144.6  1.00380596E-43
  144.7  1.00690771E-43
  144.8  1.01001665E-43
  144.9  1.01313278E-43
  145.  1.01625612E-43
  145.1  1.01938667E-43
  145.2  1.02252445E-43
  145.3  1.02566947E-43
  145.4  1.02882173E-43
  145.5  1.03198126E-43
  145.6  1.03514806E-43
  145.7  1.03832214E-43
  145.8  1.04150351E-43
  145.9  1.04469219E-43
  146.  1.04788819E-43
  146.1  1.05109152E-43
  146.2  1.05430218E-43
  146.3  1.05752019E-43
  146.4  1.06074556E-43
  146.5  1.06397831E-43
  146.6  1.06721844E-43
  146.7  1.07046596E-43
  146.8  1.07372089E-43
  146.9  1.07698324E-43
  147.  1.08025302E-43
  147.1  1.08353023E-43
  147.2  1.0868149E-43
  147.3  1.09010703E-43
  147.4  1.09340663E-43
  147.5  1.09671372E-43
  147.6  1.1000283E-43
  147.7  1.1033504E-43
  147.8  1.10668001E-43
  147.9  1.11001715E-43
  148.  1.11336183E-43
  148.1  1.11671406E-43
  148.2  1.12007386E-43
  148.3  1.12344124E-43
  148.4  1.1268162E-43
  148.5  1.13019876E-43
  148.6  1.13358893E-43
  148.7  1.13698672E-43
  148.8  1.14039215E-43
  148.9  1.14380521E-43
  149.  1.14722594E-43
  149.1  1.15065433E-43
  149.2  1.1540904E-43
  149.3  1.15753415E-43
  149.4  1.16098561E-43
  149.5  1.16444479E-43
  149.6  1.16791168E-43
  149.7  1.17138632E-43
  149.8  1.1748687E-43
  149.9  1.17835883E-43
  150.  1.18185674E-43
  150.1  1.18536243E-43
  150.2  1.18887592E-43
  150.3  1.19239721E-43
  150.4  1.19592631E-43
  150.5  1.19946325E-43
  150.6  1.20300802E-43
  150.7  1.20656064E-43
  150.8  1.21012113E-43
  150.9  1.21368949E-43
  151.  1.21726573E-43
  151.1  1.22084988E-43
  151.2  1.22444193E-43
  151.3  1.22804191E-43
  151.4  1.23164981E-43
  151.5  1.23526566E-43
  151.6  1.23888947E-43
  151.7  1.24252124E-43
  151.8  1.24616099E-43
  151.9  1.24980874E-43
  152.  1.25346448E-43
  152.1  1.25712824E-43
  152.2  1.26080003E-43
  152.3  1.26447985E-43
  152.4  1.26816772E-43
  152.5  1.27186365E-43
  152.6  1.27556766E-43
  152.7  1.27927975E-43
  152.8  1.28299993E-43
  152.9  1.28672823E-43
  153.  1.29046464E-43
  153.1  1.29420919E-43
  153.2  1.29796187E-43
  153.3  1.30172272E-43
  153.4  1.30549173E-43
  153.5  1.30926892E-43
  153.6  1.3130543E-43
  153.7  1.31684788E-43
  153.8  1.32064967E-43
  153.9  1.32445969E-43
  154.  1.32827795E-43
  154.1  1.33210446E-43
  154.2  1.33593924E-43
  154.3  1.33978228E-43
  154.4  1.34363361E-43
  154.5  1.34749324E-43
  154.6  1.35136117E-43
  154.7  1.35523743E-43
  154.8  1.35912202E-43
  154.9  1.36301496E-43
  155.  1.36691625E-43
  155.1  1.37082591E-43
  155.2  1.37474395E-43
  155.3  1.37867039E-43
  155.4  1.38260523E-43
  155.5  1.38654848E-43
  155.6  1.39050017E-43
  155.7  1.3944603E-43
  155.8  1.39842888E-43
  155.9  1.40240592E-43
  156.  1.40639144E-43
  156.1  1.41038545E-43
  156.2  1.41438796E-43
  156.3  1.41839898E-43
  156.4  1.42241853E-43
  156.5  1.42644662E-43
  156.6  1.43048325E-43
  156.7  1.43452845E-43
  156.8  1.43858222E-43
  156.9  1.44264457E-43
  157.  1.44671552E-43
  157.1  1.45079508E-43
  157.2  1.45488327E-43
  157.3  1.45898009E-43
  157.4  1.46308555E-43
  157.5  1.46719967E-43
  157.6  1.47132246E-43
  157.7  1.47545394E-43
  157.8  1.47959411E-43
  157.9  1.48374299E-43
  158.  1.48790058E-43
  158.1  1.49206691E-43
  158.2  1.49624198E-43
  158.3  1.50042581E-43
  158.4  1.5046184E-43
  158.5  1.50881978E-43
  158.6  1.51302994E-43
  158.7  1.51724892E-43
  158.8  1.52147671E-43
  158.9  1.52571333E-43
  159.  1.52995879E-43
  159.1  1.5342131E-43
  159.2  1.53847628E-43
  159.3  1.54274834E-43
  159.4  1.54702929E-43
  159.5  1.55131914E-43
  159.6  1.55561791E-43
  159.7  1.55992561E-43
  159.8  1.56424225E-43
  159.9  1.56856784E-43
  160.  1.57290239E-43
  160.1  1.57724592E-43
  160.2  1.58159844E-43
  160.3  1.58595997E-43
  160.4  1.59033051E-43
  160.5  1.59471007E-43
  160.6  1.59909868E-43
  160.7  1.60349633E-43
  160.8  1.60790305E-43
  160.9  1.61231885E-43
  161.  1.61674374E-43
  161.1  1.62117772E-43
  161.2  1.62562082E-43
  161.3  1.63007305E-43
  161.4  1.63453442E-43
  161.5  1.63900494E-43
  161.6  1.64348462E-43
  161.7  1.64797348E-43
  161.8  1.65247153E-43
  161.9  1.65697878E-43
  162.  1.66149524E-43
  162.1  1.66602094E-43
  162.2  1.67055587E-43
  162.3  1.67510005E-43
  162.4  1.67965349E-43
  162.5  1.68421622E-43
  162.6  1.68878823E-43
  162.7  1.69336955E-43
  162.8  1.69796018E-43
  162.9  1.70256013E-43
  163.  1.70716943E-43
  163.1  1.71178808E-43
  163.2  1.71641609E-43
  163.3  1.72105349E-43
  163.4  1.72570027E-43
  163.5  1.73035646E-43
  163.6  1.73502206E-43
  163.7  1.73969709E-43
  163.8  1.74438157E-43
  163.9  1.74907549E-43
  164.  1.75377889E-43
  164.1  1.75849176E-43
  164.2  1.76321412E-43
  164.3  1.76794599E-43
  164.4  1.77268738E-43
  164.5  1.7774383E-43
  164.6  1.78219876E-43
  164.7  1.78696878E-43
  164.8  1.79174837E-43
  164.9  1.79653753E-43
  165.  1.8013363E-43
  165.1  1.80614467E-43
  165.2  1.81096265E-43
  165.3  1.81579028E-43
  165.4  1.82062754E-43
  165.5  1.82547447E-43
  165.6  1.83033107E-43
  165.7  1.83519735E-43
  165.8  1.84007333E-43
  165.9  1.84495901E-43
  166.  1.84985443E-43
  166.1  1.85475957E-43
  166.2  1.85967447E-43
  166.3  1.86459912E-43
  166.4  1.86953355E-43
  166.5  1.87447777E-43
  166.6  1.87943179E-43
  166.7  1.88439562E-43
  166.8  1.88936928E-43
  166.9  1.89435278E-43
  167.  1.89934613E-43
  167.1  1.90434934E-43
  167.2  1.90936243E-43
  167.3  1.91438542E-43
  167.4  1.9194183E-43
  167.5  1.92446111E-43
  167.6  1.92951384E-43
  167.7  1.93457652E-43
  167.8  1.93964915E-43
  167.9  1.94473175E-43
  168.  1.94982434E-43
  168.1  1.95492692E-43
  168.2  1.96003951E-43
  168.3  1.96516212E-43
  168.4  1.97029476E-43
  168.5  1.97543745E-43
  168.6  1.9805902E-43
  168.7  1.98575303E-43
  168.8  1.99092594E-43
  168.9  1.99610896E-43
  169.  2.00130208E-43
  169.1  2.00650533E-43
  169.2  2.01171873E-43
  169.3  2.01694227E-43
  169.4  2.02217598E-43
  169.5  2.02741987E-43
  169.6  2.03267395E-43
  169.7  2.03793824E-43
  169.8  2.04321275E-43
  169.9  2.04849748E-43
  170.  2.05379247E-43
