  0.1  0.
  0.2  0.
  0.3  0.
  0.4  0.
  0.5  0.
  0.6  0.
  0.7  0.
  0.8  0.
  0.9  0.
  1.  0.
  1.1  0.
  1.2  0.
  1.3  0.
  1.4  0.
  1.5  0.
  1.6  0.
  1.7  0.
  1.8  0.
  1.9  0.
  2.  0.
  2.1  0.
  2.2  0.
  2.3  1.77442234E-62
  2.4  4.313E-51
  2.5  1.81786692E-50
  2.6  4.285E-50
  2.7  8.26425817E-50
  2.8  1.464E-49
  2.9  2.28187903E-49
  3.  3.366E-49
  3.1  4.6849261E-49
  3.2  6.297E-49
  3.3  8.18035781E-49
  3.4  1.038E-48
  3.5  1.28813753E-48
  3.6  1.572E-48
  3.7  1.88840154E-48
  3.8  2.24E-48
  3.9  2.62575675E-48
  4.  3.048E-48
  4.1  3.50606123E-48
  4.2  4.002E-48
  4.3  4.53518085E-48
  4.4  5.107E-48
  4.5  5.71671938E-48
  4.6  6.366E-48
  4.7  7.05469582E-48
  4.8  7.784E-48
  4.9  8.55321164E-48
  5.  9.364E-48
  5.1  1.02160395E-47
  5.2  1.111E-47
  5.3  1.20452564E-47
  5.4  1.302E-47
  5.5  1.403338E-47
  5.6  1.509E-47
  5.7  1.61923658E-47
  5.8  1.734E-47
  5.9  1.85293363E-47
  6.  1.976E-47
  6.1  2.10327358E-47
  6.2  2.235E-47
  6.3  2.37127282E-47
  6.4  2.512E-47
  6.5  2.65693254E-47
  6.6  2.806E-47
  6.7  2.95929861E-47
  6.8  3.117E-47
  6.9  3.27920969E-47
  7.  3.446E-47
  7.1  3.61721938E-47
  7.2  3.793E-47
  7.3  3.97333787E-47
  7.4  4.158E-47
  7.5  4.34683675E-47
  7.6  4.54E-47
  7.7  4.73771101E-47
  7.8  4.94E-47
  7.9  5.14674581E-47
  8.  5.358E-47
  8.1  5.57374592E-47
  8.2  5.794E-47
  8.3  6.01874604E-47
  8.4  6.248E-47
  8.5  6.48174617E-47
  8.6  6.72E-47
  8.7  6.96271905E-47
  8.8  7.21E-47
  8.9  7.46187034E-47
  9.  7.718E-47
  9.1  7.97823997E-47
  9.2  8.243E-47
  9.3  8.51259347E-47
  9.4  8.787E-47
  9.5  9.06604951E-47
  9.6  9.349E-47
  9.7  9.63567357E-47
  9.8  9.928E-47
  9.9  1.0227044E-46
  10.  1.053E-46
  10.1  1.08339904E-46
  10.2  1.114E-46
  10.3  1.14511996E-46
  10.4  1.177E-46
  10.5  1.20965195E-46
  10.6  1.243E-46
  10.7  1.27658206E-46
  10.8  1.31E-46
  10.9  1.34364974E-46
  11.  1.378E-46
  11.1  1.41316838E-46
  11.2  1.449E-46
  11.3  1.48491868E-46
  11.4  1.521E-46
  11.5  1.55770283E-46
  11.6  1.595E-46
  11.7  1.63290839E-46
  11.8  1.671E-46
  11.9  1.70917597E-46
  12.  1.748E-46
  12.1  1.78766986E-46
  12.2  1.828E-46
  12.3  1.86841717E-46
  12.4  1.909E-46
  12.5  1.95020273E-46
  12.6  1.992E-46
  12.7  2.0342987E-46
  12.8  2.077E-46
  12.9  2.11987742E-46
  13.  2.163E-46
  13.1  2.20667799E-46
  13.2  2.25093353E-46
  13.3  2.2957508E-46
  13.4  2.34111254E-46
  13.5  2.387E-46
  13.6  2.43328922E-46
  13.7  2.47989347E-46
  13.8  2.52685132E-46
  13.9  2.5742049E-46
  14.  2.622E-46
  14.1  2.67027896E-46
  14.2  2.71903908E-46
  14.3  2.76826039E-46
  14.4  2.81792158E-46
  14.5  2.868E-46
  14.6  2.91853981E-46
  14.7  2.96956628E-46
  14.8  3.02102469E-46
  14.9  3.07285665E-46
  15.  3.125E-46
  15.1  3.17749921E-46
  15.2  3.23044455E-46
  15.3  3.28384008E-46
  15.4  3.33769025E-46
  15.5  3.392E-46
  15.6  3.44683239E-46
  15.7  3.50220951E-46
  15.8  3.55807235E-46
  15.9  3.61435807E-46
  16.  3.671E-46
  16.1  3.72799212E-46
  16.2  3.78537982E-46
  16.3  3.84317109E-46
  16.4  3.90137466E-46
  16.5  3.96E-46
  16.6  4.01910479E-46
  16.7  4.07870831E-46
  16.8  4.13876088E-46
  16.9  4.19920993E-46
  17.  4.26E-46
  17.1  4.32116197E-46
  17.2  4.3827566E-46
  17.3  4.44477056E-46
  17.4  4.50718988E-46
  17.5  4.57E-46
  17.6  4.63325586E-46
  17.7  4.69700759E-46
  17.8  4.76123201E-46
  17.9  4.8259047E-46
  18.  4.891E-46
  18.1  4.95654168E-46
  18.2  5.02254865E-46
  18.3  5.08898567E-46
  18.4  5.15581572E-46
  18.5  5.223E-46
  18.6  5.29055865E-46
  18.7  5.35853831E-46
  18.8  5.42693859E-46
  18.9  5.49575921E-46
  19.  5.565E-46
  19.1  5.63470321E-46
  19.2  5.70488942E-46
  19.3  5.77552484E-46
  19.4  5.84657406E-46
  19.5  5.918E-46
  19.6  5.98981643E-46
  19.7  6.06204792E-46
  19.8  6.13467169E-46
  19.9  6.20766396E-46
  20.  6.281E-46
  20.1  6.35472633E-46
  20.2  6.42889989E-46
  20.3  6.50351049E-46
  20.4  6.57854752E-46
  20.5  6.654E-46
  20.6  6.72990605E-46
  20.7  6.80629112E-46
  20.8  6.88312386E-46
  20.9  6.96037153E-46
  21.  7.038E-46
  21.1  7.11601173E-46
  21.2  7.19442677E-46
  21.3  7.27323609E-46
  21.4  7.35243037E-46
  21.5  7.432E-46
  21.6  7.51197711E-46
  21.7  7.59238689E-46
  21.8  7.67320852E-46
  21.9  7.75442037E-46
  22.  7.836E-46
  22.1  7.91798566E-46
  22.2  8.0004106E-46
  22.3  8.08324334E-46
  22.4  8.16645114E-46
  22.5  8.25E-46
  22.6  8.33392422E-46
  22.7  8.41828326E-46
  22.8  8.5030801E-46
  22.9  8.5883179E-46
  23.  8.674E-46
  23.1  8.76017995E-46
  23.2  8.84685499E-46
  23.3  8.93394169E-46
  23.4  9.02135336E-46
  23.5  9.109E-46
  23.6  9.19689132E-46
  23.7  9.28515238E-46
  23.8  9.37386615E-46
  23.9  9.46311885E-46
  24.  9.553E-46
  24.1  9.6435586E-46
  24.2  9.73468729E-46
  24.3  9.82623946E-46
  24.4  9.91806295E-46
  24.5  1.001E-45
  24.6  1.01018063E-45
  24.7  1.01934869E-45
  24.8  1.02852602E-45
  24.9  1.03773529E-45
  25.  1.047E-45
  25.1  1.05633361E-45
  25.2  1.06573219E-45
  25.3  1.07519371E-45
  25.4  1.08471608E-45
  25.5  1.09429712E-45
  25.6  1.10393456E-45
  25.7  1.11362605E-45
  25.8  1.12336915E-45
  25.9  1.13316134E-45
  26.  1.143E-45
  26.1  1.15286918E-45
  26.2  1.16275706E-45
  26.3  1.17266728E-45
  26.4  1.18260361E-45
  26.5  1.19256998E-45
  26.6  1.20257045E-45
  26.7  1.21260924E-45
  26.8  1.22269073E-45
  26.9  1.23281942E-45
  27.  1.243E-45
  27.1  1.25323494E-45
  27.2  1.26352037E-45
  27.3  1.27385138E-45
  27.4  1.28422292E-45
  27.5  1.29462979E-45
  27.6  1.30506661E-45
  27.7  1.31552782E-45
  27.8  1.32600774E-45
  27.9  1.33650048E-45
  28.  1.347E-45
  28.1  1.35751743E-45
  28.2  1.36806939E-45
  28.3  1.37865802E-45
  28.4  1.38928552E-45
  28.5  1.39995418E-45
  28.6  1.41066636E-45
  28.7  1.42142448E-45
  28.8  1.43223106E-45
  28.9  1.44308868E-45
  29.  1.454E-45
  29.1  1.46497265E-45
  29.2  1.47600932E-45
  29.3  1.4871052E-45
  29.4  1.49825537E-45
  29.5  1.50945472E-45
  29.6  1.52069801E-45
  29.7  1.53197982E-45
  29.8  1.5432946E-45
  29.9  1.55463662E-45
  30.  1.566E-45
  30.1  1.57737987E-45
  30.2  1.58877744E-45
  30.3  1.60019589E-45
  30.4  1.61163851E-45
  30.5  1.62310871E-45
  30.6  1.63461E-45
  30.7  1.64614599E-45
  30.8  1.65772041E-45
  30.9  1.6693371E-45
  31.  1.681E-45
  31.1  1.69271506E-45
  31.2  1.70448284E-45
  31.3  1.71629919E-45
  31.4  1.72815983E-45
  31.5  1.74006039E-45
  31.6  1.75199635E-45
  31.7  1.7639631E-45
  31.8  1.77595589E-45
  31.9  1.78796985E-45
  32.  1.8E-45
  32.1  1.81205252E-45
  32.2  1.82413713E-45
  32.3  1.83625407E-45
  32.4  1.84840358E-45
  32.5  1.86058592E-45
  32.6  1.87280137E-45
  32.7  1.88505019E-45
  32.8  1.8973327E-45
  32.9  1.90964919E-45
  33.  1.922E-45
  33.1  1.93439469E-45
  33.2  1.94684116E-45
  33.3  1.95933722E-45
  33.4  1.97188059E-45
  33.5  1.98446895E-45
  33.6  1.99709991E-45
  33.7  2.00977103E-45
  33.8  2.02247981E-45
  33.9  2.03522367E-45
  34.  2.048E-45
  34.1  2.0608121E-45
  34.2  2.07366524E-45
  34.3  2.08655967E-45
  34.4  2.09949565E-45
  34.5  2.11247345E-45
  34.6  2.12549336E-45
  34.7  2.13855567E-45
  34.8  2.15166067E-45
  34.9  2.16480868E-45
  35.  2.178E-45
  35.1  2.1912336E-45
  35.2  2.20450746E-45
  35.3  2.21782039E-45
  35.4  2.23117118E-45
  35.5  2.2445586E-45
  35.6  2.25798138E-45
  35.7  2.27143825E-45
  35.8  2.28492787E-45
  35.9  2.29844891E-45
  36.  2.312E-45
  36.1  2.3255811E-45
  36.2  2.33919225E-45
  36.3  2.35283213E-45
  36.4  2.3664994E-45
  36.5  2.3801927E-45
  36.6  2.39391063E-45
  36.7  2.40765178E-45
  36.8  2.42141471E-45
  36.9  2.43519795E-45
  37.  2.449E-45
  37.1  2.46283147E-45
  37.2  2.47670327E-45
  37.3  2.49061436E-45
  37.4  2.50456368E-45
  37.5  2.51855014E-45
  37.6  2.53257264E-45
  37.7  2.54663004E-45
  37.8  2.56072118E-45
  37.9  2.5748449E-45
  38.  2.589E-45
  38.1  2.60319315E-45
  38.2  2.61743193E-45
  38.3  2.63171647E-45
  38.4  2.64604687E-45
  38.5  2.66042328E-45
  38.6  2.67484582E-45
  38.7  2.68931463E-45
  38.8  2.70382984E-45
  38.9  2.71839158E-45
  39.  2.733E-45
  39.1  2.74765929E-45
  39.2  2.76236899E-45
  39.3  2.77712219E-45
  39.4  2.79191182E-45
  39.5  2.80673067E-45
  39.6  2.82157136E-45
  39.7  2.83642639E-45
  39.8  2.85128808E-45
  39.9  2.8661486E-45
  40.  2.881E-45
  40.1  2.89585226E-45
  40.2  2.91072394E-45
  40.3  2.92561989E-45
  40.4  2.94054506E-45
  40.5  2.95550449E-45
  40.6  2.97050335E-45
  40.7  2.9855469E-45
  40.8  3.00064052E-45
  40.9  3.01578969E-45
  41.  3.031E-45
  41.1  3.04627907E-45
  41.2  3.06162623E-45
  41.3  3.0770346E-45
  41.4  3.09249718E-45
  41.5  3.10800681E-45
  41.6  3.12355619E-45
  41.7  3.13913786E-45
  41.8  3.15474424E-45
  41.9  3.17036759E-45
  42.  3.186E-45
  42.1  3.20163147E-45
  42.2  3.21726133E-45
  42.3  3.23289565E-45
  42.4  3.24854066E-45
  42.5  3.26420272E-45
  42.6  3.2798883E-45
  42.7  3.29560401E-45
  42.8  3.31135659E-45
  42.9  3.32715292E-45
  43.  3.343E-45
  43.1  3.35890211E-45
  43.2  3.37485676E-45
  43.3  3.39086085E-45
  43.4  3.4069112E-45
  43.5  3.4230046E-45
  43.6  3.43913775E-45
  43.7  3.45530731E-45
  43.8  3.47150986E-45
  43.9  3.48774194E-45
  44.  3.504E-45
  44.1  3.52028194E-45
  44.2  3.53658844E-45
  44.3  3.5529201E-45
  44.4  3.56927754E-45
  44.5  3.58566138E-45
  44.6  3.60207229E-45
  44.7  3.61851091E-45
  44.8  3.63497794E-45
  44.9  3.65147407E-45
  45.  3.668E-45
  45.1  3.68456082E-45
  45.2  3.70115947E-45
  45.3  3.71779344E-45
  45.4  3.73446018E-45
  45.5  3.75115708E-45
  45.6  3.76788151E-45
  45.7  3.78463077E-45
  45.8  3.80140213E-45
  45.9  3.81819282E-45
  46.  3.835E-45
  46.1  3.85183084E-45
  46.2  3.86869534E-45
  46.3  3.88559494E-45
  46.4  3.90253107E-45
  46.5  3.91950523E-45
  46.6  3.93651891E-45
  46.7  3.95357365E-45
  46.8  3.97067102E-45
  46.9  3.9878126E-45
  47.  4.005E-45
  47.1  4.02223833E-45
  47.2  4.03952792E-45
  47.3  4.05686319E-45
  47.4  4.07423847E-45
  47.5  4.09164798E-45
  47.6  4.10908584E-45
  47.7  4.1265461E-45
  47.8  4.14402267E-45
  47.9  4.16150939E-45
  48.  4.179E-45
  48.1  4.19649413E-45
  48.2  4.21399876E-45
  48.3  4.23151864E-45
  48.4  4.24905857E-45
  48.5  4.26662347E-45
  48.6  4.28421832E-45
  48.7  4.3018482E-45
  48.8  4.31951826E-45
  48.9  4.33723375E-45
  49.  4.355E-45
  49.1  4.37282409E-45
  49.2  4.39070522E-45
  49.3  4.40863684E-45
  49.4  4.4266123E-45
  49.5  4.44462487E-45
  49.6  4.46266766E-45
  49.7  4.48073371E-45
  49.8  4.49881594E-45
  49.9  4.51690713E-45
  50.  4.535E-45
  50.1  4.55309472E-45
  50.2  4.5711996E-45
  50.3  4.58931945E-45
  50.4  4.60745918E-45
  50.5  4.62562378E-45
  50.6  4.64381831E-45
  50.7  4.66204792E-45
  50.8  4.68031785E-45
  50.9  4.69863341E-45
  51.  4.717E-45
  51.1  4.73542445E-45
  51.2  4.7539057E-45
  51.3  4.77243724E-45
  51.4  4.7910125E-45
  51.5  4.80962478E-45
  51.6  4.82826729E-45
  51.7  4.84693312E-45
  51.8  4.86561527E-45
  51.9  4.88430664E-45
  52.  4.903E-45
  52.1  4.92169524E-45
  52.2  4.94040032E-45
  52.3  4.95912015E-45
  52.4  4.9778597E-45
  52.5  4.99662403E-45
  52.6  5.01541829E-45
  52.7  5.03424768E-45
  52.8  5.05311749E-45
  52.9  5.07203312E-45
  53.  5.091E-45
  53.1  5.11001126E-45
  53.2  5.12905791E-45
  53.3  5.14814235E-45
  53.4  5.167267E-45
  53.5  5.18643432E-45
  53.6  5.20564683E-45
  53.7  5.22490705E-45
  53.8  5.24421758E-45
  53.9  5.26358101E-45
  54.  5.283E-45
  54.1  5.30243199E-45
  54.2  5.32183734E-45
  54.3  5.34122317E-45
  54.4  5.36059672E-45
  54.5  5.37996535E-45
  54.6  5.39933652E-45
  54.7  5.41871782E-45
  54.8  5.43811694E-45
  54.9  5.45754169E-45
  55.  5.477E-45
  55.1  5.49649129E-45
  55.2  5.51600974E-45
  55.3  5.53555546E-45
  55.4  5.55512857E-45
  55.5  5.57472922E-45
  55.6  5.59435752E-45
  55.7  5.61401362E-45
  55.8  5.63369765E-45
  55.9  5.65340976E-45
  56.  5.67315008E-45
  56.1  5.69291878E-45
  56.2  5.71271599E-45
  56.3  5.73254187E-45
  56.4  5.75239659E-45
  56.5  5.7722803E-45
  56.6  5.79219317E-45
  56.7  5.81213538E-45
  56.8  5.83210708E-45
  56.9  5.85210846E-45
  57.  5.8721397E-45
  57.1  5.89220097E-45
  57.2  5.91229247E-45
  57.3  5.93241439E-45
  57.4  5.95256692E-45
  57.5  5.97275026E-45
  57.6  5.99296461E-45
  57.7  6.01321017E-45
  57.8  6.03348715E-45
  57.9  6.05379577E-45
  58.  6.07413623E-45
  58.1  6.09450877E-45
  58.2  6.1149136E-45
  58.3  6.13535094E-45
  58.4  6.15582104E-45
  58.5  6.17632412E-45
  58.6  6.19686043E-45
  58.7  6.2174302E-45
  58.8  6.23803369E-45
  58.9  6.25867113E-45
  59.  6.27934279E-45
  59.1  6.30004893E-45
  59.2  6.3207898E-45
  59.3  6.34156568E-45
  59.4  6.36237682E-45
  59.5  6.38322351E-45
  59.6  6.40410602E-45
  59.7  6.42502464E-45
  59.8  6.44597965E-45
  59.9  6.46697134E-45
  60.  6.488E-45
  60.1  6.50905575E-45
  60.2  6.53012853E-45
  60.3  6.55121838E-45
  60.4  6.57232532E-45
  60.5  6.59344941E-45
  60.6  6.61459069E-45
  60.7  6.63574919E-45
  60.8  6.65692499E-45
  60.9  6.67811811E-45
  61.  6.69932863E-45
  61.1  6.72055659E-45
  61.2  6.74180207E-45
  61.3  6.76306511E-45
  61.4  6.78434579E-45
  61.5  6.80564418E-45
  61.6  6.82696035E-45
  61.7  6.84829438E-45
  61.8  6.86964634E-45
  61.9  6.89101631E-45
  62.  6.91240437E-45
  62.1  6.93381063E-45
  62.2  6.95523515E-45
  62.3  6.97667804E-45
  62.4  6.99813939E-45
  62.5  7.01961931E-45
  62.6  7.04111788E-45
  62.7  7.06263522E-45
  62.8  7.08417144E-45
  62.9  7.10572663E-45
  63.  7.12730093E-45
  63.1  7.14889444E-45
  63.2  7.17050729E-45
  63.3  7.19213959E-45
  63.4  7.21379148E-45
  63.5  7.23546308E-45
  63.6  7.25715452E-45
  63.7  7.27886595E-45
  63.8  7.30059749E-45
  63.9  7.32234929E-45
  64.  7.3441215E-45
  64.1  7.36591426E-45
  64.2  7.38772773E-45
  64.3  7.40956205E-45
  64.4  7.43141739E-45
  64.5  7.45329391E-45
  64.6  7.47519177E-45
  64.7  7.49711113E-45
  64.8  7.51905218E-45
  64.9  7.54101507E-45
  65.  7.563E-45
  65.1  7.58501362E-45
  65.2  7.60706222E-45
  65.3  7.62914541E-45
  65.4  7.65126282E-45
  65.5  7.67341404E-45
  65.6  7.69559868E-45
  65.7  7.71781634E-45
  65.8  7.74006661E-45
  65.9  7.76234909E-45
  66.  7.78466336E-45
  66.1  7.807009E-45
  66.2  7.82938559E-45
  66.3  7.8517927E-45
  66.4  7.8742299E-45
  66.5  7.89669676E-45
  66.6  7.91919283E-45
  66.7  7.94171768E-45
  66.8  7.96427084E-45
  66.9  7.98685187E-45
  67.  8.00946031E-45
  67.1  8.0320957E-45
  67.2  8.05475756E-45
  67.3  8.07744543E-45
  67.4  8.10015884E-45
  67.5  8.12289729E-45
  67.6  8.14566031E-45
  67.7  8.1684474E-45
  67.8  8.19125808E-45
  67.9  8.21409183E-45
  68.  8.23694817E-45
  68.1  8.25982657E-45
  68.2  8.28272653E-45
  68.3  8.30564754E-45
  68.4  8.32858906E-45
  68.5  8.35155057E-45
  68.6  8.37453154E-45
  68.7  8.39753144E-45
  68.8  8.42054972E-45
  68.9  8.44358584E-45
  69.  8.46663926E-45
  69.1  8.4897094E-45
  69.2  8.51279572E-45
  69.3  8.53589766E-45
  69.4  8.55901463E-45
  69.5  8.58214608E-45
  69.6  8.60529142E-45
  69.7  8.62845008E-45
  69.8  8.65162145E-45
  69.9  8.67480496E-45
  70.  8.698E-45
  70.1  8.72121693E-45
  70.2  8.74446623E-45
  70.3  8.76774753E-45
  70.4  8.79106042E-45
  70.5  8.81440452E-45
  70.6  8.83777943E-45
  70.7  8.86118474E-45
  70.8  8.88462004E-45
  70.9  8.90808492E-45
  71.  8.93157898E-45
  71.1  8.95510179E-45
  71.2  8.97865292E-45
  71.3  9.00223196E-45
  71.4  9.02583846E-45
  71.5  9.049472E-45
  71.6  9.07313214E-45
  71.7  9.09681843E-45
  71.8  9.12053043E-45
  71.9  9.14426769E-45
  72.  9.16802974E-45
  72.1  9.19181614E-45
  72.2  9.21562642E-45
  72.3  9.23946011E-45
  72.4  9.26331674E-45
  72.5  9.28719584E-45
  72.6  9.31109692E-45
  72.7  9.33501951E-45
  72.8  9.35896311E-45
  72.9  9.38292724E-45
  73.  9.40691139E-45
  73.1  9.43091507E-45
  73.2  9.45493778E-45
  73.3  9.478979E-45
  73.4  9.50303822E-45
  73.5  9.52711493E-45
  73.6  9.55120861E-45
  73.7  9.57531873E-45
  73.8  9.59944476E-45
  73.9  9.62358617E-45
  74.  9.64774242E-45
  74.1  9.67191297E-45
  74.2  9.69609727E-45
  74.3  9.72029478E-45
  74.4  9.74450494E-45
  74.5  9.76872719E-45
  74.6  9.79296097E-45
  74.7  9.81720572E-45
  74.8  9.84146086E-45
  74.9  9.86572581E-45
  75.  9.89E-45
  75.1  9.91429266E-45
  75.2  9.93861313E-45
  75.3  9.96296101E-45
  75.4  9.9873359E-45
  75.5  1.00117374E-44
  75.6  1.00361651E-44
  75.7  1.00606185E-44
  75.8  1.00850973E-44
  75.9  1.0109601E-44
  76.  1.01341293E-44
  76.1  1.01586815E-44
  76.2  1.01832575E-44
  76.3  1.02078566E-44
  76.4  1.02324785E-44
  76.5  1.02571227E-44
  76.6  1.02817888E-44
  76.7  1.03064763E-44
  76.8  1.03311847E-44
  76.9  1.03559136E-44
  77.  1.03806626E-44
  77.1  1.04054312E-44
  77.2  1.04302188E-44
  77.3  1.04550251E-44
  77.4  1.04798495E-44
  77.5  1.05046916E-44
  77.6  1.05295508E-44
  77.7  1.05544268E-44
  77.8  1.05793189E-44
  77.9  1.06042267E-44
  78.  1.06291498E-44
  78.1  1.06540875E-44
  78.2  1.06790395E-44
  78.3  1.07040051E-44
  78.4  1.07289839E-44
  78.5  1.07539753E-44
  78.6  1.07789788E-44
  78.7  1.0803994E-44
  78.8  1.08290202E-44
  78.9  1.08540569E-44
  79.  1.08791037E-44
  79.1  1.09041599E-44
  79.2  1.0929225E-44
  79.3  1.09542984E-44
  79.4  1.09793797E-44
  79.5  1.10044683E-44
  79.6  1.10295635E-44
  79.7  1.10546648E-44
  79.8  1.10797718E-44
  79.9  1.11048837E-44
  80.  1.113E-44
  80.1  1.11551313E-44
  80.2  1.11802884E-44
  80.3  1.12054709E-44
  80.4  1.12306784E-44
  80.5  1.12559105E-44
  80.6  1.12811668E-44
  80.7  1.13064469E-44
  80.8  1.13317505E-44
  80.9  1.13570771E-44
  81.  1.13824264E-44
  81.1  1.14077979E-44
  81.2  1.14331913E-44
  81.3  1.14586061E-44
  81.4  1.14840419E-44
  81.5  1.15094983E-44
  81.6  1.15349749E-44
  81.7  1.15604713E-44
  81.8  1.1585987E-44
  81.9  1.16115217E-44
  82.  1.16370748E-44
  82.1  1.1662646E-44
  82.2  1.16882347E-44
  82.3  1.17138407E-44
  82.4  1.17394634E-44
  82.5  1.17651024E-44
  82.6  1.17907572E-44
  82.7  1.18164274E-44
  82.8  1.18421125E-44
  82.9  1.18678121E-44
  83.  1.18935258E-44
  83.1  1.19192529E-44
  83.2  1.19449931E-44
  83.3  1.1970746E-44
  83.4  1.19965109E-44
  83.5  1.20222875E-44
  83.6  1.20480753E-44
  83.7  1.20738738E-44
  83.8  1.20996825E-44
  83.9  1.21255008E-44
  84.  1.21513284E-44
  84.1  1.21771647E-44
  84.2  1.22030092E-44
  84.3  1.22288615E-44
  84.4  1.22547209E-44
  84.5  1.2280587E-44
  84.6  1.23064593E-44
  84.7  1.23323373E-44
  84.8  1.23582204E-44
  84.9  1.23841082E-44
  85.  1.241E-44
  85.1  1.24359059E-44
  85.2  1.24618359E-44
  85.3  1.24877898E-44
  85.4  1.25137674E-44
  85.5  1.25397685E-44
  85.6  1.25657928E-44
  85.7  1.25918401E-44
  85.8  1.26179101E-44
  85.9  1.26440027E-44
  86.  1.26701175E-44
  86.1  1.26962544E-44
  86.2  1.2722413E-44
  86.3  1.27485931E-44
  86.4  1.27747946E-44
  86.5  1.28010171E-44
  86.6  1.28272604E-44
  86.7  1.28535242E-44
  86.8  1.28798083E-44
  86.9  1.29061124E-44
  87.  1.29324363E-44
  87.1  1.29587797E-44
  87.2  1.29851424E-44
  87.3  1.3011524E-44
  87.4  1.30379244E-44
  87.5  1.30643432E-44
  87.6  1.30907802E-44
  87.7  1.31172351E-44
  87.8  1.31437077E-44
  87.9  1.31701976E-44
  88.  1.31967047E-44
  88.1  1.32232286E-44
  88.2  1.3249769E-44
  88.3  1.32763257E-44
  88.4  1.33028984E-44
  88.5  1.33294868E-44
  88.6  1.33560906E-44
  88.7  1.33827095E-44
  88.8  1.34093433E-44
  88.9  1.34359917E-44
  89.  1.34626543E-44
  89.1  1.34893309E-44
  89.2  1.35160212E-44
  89.3  1.35427248E-44
  89.4  1.35694416E-44
  89.5  1.35961711E-44
  89.6  1.36229131E-44
  89.7  1.36496674E-44
  89.8  1.36764334E-44
  89.9  1.37032111E-44
  90.  1.373E-44
  90.1  1.37568082E-44
  90.2  1.37836436E-44
  90.3  1.38105055E-44
  90.4  1.38373933E-44
  90.5  1.38643063E-44
  90.6  1.38912439E-44
  90.7  1.39182053E-44
  90.8  1.39451901E-44
  90.9  1.39721974E-44
  91.  1.39992266E-44
  91.1  1.4026277E-44
  91.2  1.40533479E-44
  91.3  1.40804387E-44
  91.4  1.41075487E-44
  91.5  1.41346771E-44
  91.6  1.41618233E-44
  91.7  1.41889865E-44
  91.8  1.4216166E-44
  91.9  1.42433612E-44
  92.  1.42705713E-44
  92.1  1.42977955E-44
  92.2  1.43250331E-44
  92.3  1.43522834E-44
  92.4  1.43795457E-44
  92.5  1.44068191E-44
  92.6  1.4434103E-44
  92.7  1.44613966E-44
  92.8  1.44886991E-44
  92.9  1.45160098E-44
  93.  1.45433278E-44
  93.1  1.45706524E-44
  93.2  1.45979828E-44
  93.3  1.46253183E-44
  93.4  1.4652658E-44
  93.5  1.46800011E-44
  93.6  1.47073468E-44
  93.7  1.47346944E-44
  93.8  1.47620429E-44
  93.9  1.47893916E-44
  94.  1.48167397E-44
  94.1  1.48440863E-44
  94.2  1.48714306E-44
  94.3  1.48987718E-44
  94.4  1.49261089E-44
  94.5  1.49534412E-44
  94.6  1.49807678E-44
  94.7  1.50080879E-44
  94.8  1.50354005E-44
  94.9  1.50627048E-44
  95.  1.509E-44
  95.1  1.51172962E-44
  95.2  1.51446044E-44
  95.3  1.51719244E-44
  95.4  1.51992564E-44
  95.5  1.52266004E-44
  95.6  1.52539563E-44
  95.7  1.52813243E-44
  95.8  1.53087043E-44
  95.9  1.53360964E-44
  96.  1.53635006E-44
  96.1  1.53909169E-44
  96.2  1.54183454E-44
  96.3  1.54457861E-44
  96.4  1.5473239E-44
  96.5  1.55007041E-44
  96.6  1.55281815E-44
  96.7  1.55556713E-44
  96.8  1.55831734E-44
  96.9  1.56106879E-44
  97.  1.56382148E-44
  97.1  1.56657541E-44
  97.2  1.56933059E-44
  97.3  1.57208703E-44
  97.4  1.57484473E-44
  97.5  1.57760368E-44
  97.6  1.5803639E-44
  97.7  1.58312539E-44
  97.8  1.58588815E-44
  97.9  1.58865218E-44
  98.  1.5914175E-44
  98.1  1.5941841E-44
  98.2  1.59695199E-44
  98.3  1.59972118E-44
  98.4  1.60249166E-44
  98.5  1.60526345E-44
  98.6  1.60803655E-44
  98.7  1.61081096E-44
  98.8  1.61358668E-44
  98.9  1.61636373E-44
  99.  1.6191421E-44
  99.1  1.62192181E-44
  99.2  1.62470286E-44
  99.3  1.62748524E-44
  99.4  1.63026898E-44
  99.5  1.63305407E-44
  99.6  1.63584051E-44
  99.7  1.63862833E-44
  99.8  1.64141751E-44
  99.9  1.64420806E-44
  100.  1.647E-44
  100.1  1.64979403E-44
  100.2  1.65259083E-44
  100.3  1.65539033E-44
  100.4  1.65819251E-44
  100.5  1.66099729E-44
  100.6  1.66380463E-44
  100.7  1.66661447E-44
  100.8  1.66942677E-44
  100.9  1.67224147E-44
  101.  1.67505851E-44
  101.1  1.67787784E-44
  101.2  1.6806994E-44
  101.3  1.68352315E-44
  101.4  1.68634902E-44
  101.5  1.68917696E-44
  101.6  1.69200692E-44
  101.7  1.69483883E-44
  101.8  1.69767264E-44
  101.9  1.7005083E-44
  102.  1.70334575E-44
  102.1  1.70618492E-44
  102.2  1.70902576E-44
  102.3  1.71186821E-44
  102.4  1.71471222E-44
  102.5  1.71755772E-44
  102.6  1.72040466E-44
  102.7  1.72325297E-44
  102.8  1.72610259E-44
  102.9  1.72895347E-44
  103.  1.73180553E-44
  103.1  1.73465873E-44
  103.2  1.737513E-44
  103.3  1.74036828E-44
  103.4  1.74322449E-44
  103.5  1.74608159E-44
  103.6  1.74893951E-44
  103.7  1.75179819E-44
  103.8  1.75465755E-44
  103.9  1.75751754E-44
  104.  1.76037809E-44
  104.1  1.76323914E-44
  104.2  1.76610062E-44
  104.3  1.76896246E-44
  104.4  1.77182461E-44
  104.5  1.77468698E-44
  104.6  1.77754952E-44
  104.7  1.78041217E-44
  104.8  1.78327484E-44
  104.9  1.78613747E-44
  105.  1.789E-44
  105.1  1.79186291E-44
  105.2  1.79472671E-44
  105.3  1.79759141E-44
  105.4  1.80045698E-44
  105.5  1.80332341E-44
  105.6  1.80619069E-44
  105.7  1.80905881E-44
  105.8  1.81192775E-44
  105.9  1.81479751E-44
  106.  1.81766807E-44
  106.1  1.82053942E-44
  106.2  1.82341154E-44
  106.3  1.82628443E-44
  106.4  1.82915807E-44
  106.5  1.83203244E-44
  106.6  1.83490754E-44
  106.7  1.83778336E-44
  106.8  1.84065987E-44
  106.9  1.84353707E-44
  107.  1.84641494E-44
  107.1  1.84929348E-44
  107.2  1.85217266E-44
  107.3  1.85505248E-44
  107.4  1.85793293E-44
  107.5  1.86081398E-44
  107.6  1.86369563E-44
  107.7  1.86657787E-44
  107.8  1.86946067E-44
  107.9  1.87234404E-44
  108.  1.87522794E-44
  108.1  1.87811238E-44
  108.2  1.88099734E-44
  108.3  1.8838828E-44
  108.4  1.88676876E-44
  108.5  1.88965519E-44
  108.6  1.89254209E-44
  108.7  1.89542944E-44
  108.8  1.89831723E-44
  108.9  1.90120545E-44
  109.  1.90409407E-44
  109.1  1.9069831E-44
  109.2  1.90987251E-44
  109.3  1.91276229E-44
  109.4  1.91565242E-44
  109.5  1.91854291E-44
  109.6  1.92143372E-44
  109.7  1.92432485E-44
  109.8  1.92721628E-44
  109.9  1.930108E-44
  110.  1.933E-44
  110.1  1.9358928E-44
  110.2  1.93878693E-44
  110.3  1.94168238E-44
  110.4  1.94457914E-44
  110.5  1.94747718E-44
  110.6  1.95037651E-44
  110.7  1.95327709E-44
  110.8  1.95617893E-44
  110.9  1.95908201E-44
  111.  1.96198631E-44
  111.1  1.96489183E-44
  111.2  1.96779854E-44
  111.3  1.97070643E-44
  111.4  1.97361549E-44
  111.5  1.97652571E-44
  111.6  1.97943707E-44
  111.7  1.98234955E-44
  111.8  1.98526316E-44
  111.9  1.98817786E-44
  112.  1.99109364E-44
  112.1  1.9940105E-44
  112.2  1.99692842E-44
  112.3  1.99984738E-44
  112.4  2.00276736E-44
  112.5  2.00568836E-44
  112.6  2.00861037E-44
  112.7  2.01153335E-44
  112.8  2.01445731E-44
  112.9  2.01738223E-44
  113.  2.02030808E-44
  113.1  2.02323487E-44
  113.2  2.02616257E-44
  113.3  2.02909116E-44
  113.4  2.03202064E-44
  113.5  2.03495098E-44
  113.6  2.03788218E-44
  113.7  2.04081421E-44
  113.8  2.04374707E-44
  113.9  2.04668074E-44
  114.  2.0496152E-44
  114.1  2.05255043E-44
  114.2  2.05548643E-44
  114.3  2.05842318E-44
  114.4  2.06136065E-44
  114.5  2.06429885E-44
  114.6  2.06723774E-44
  114.7  2.07017731E-44
  114.8  2.07311756E-44
  114.9  2.07605846E-44
  115.  2.079E-44
  115.1  2.08194271E-44
  115.2  2.0848871E-44
  115.3  2.08783311E-44
  115.4  2.09078068E-44
  115.5  2.09372975E-44
  115.6  2.09668028E-44
  115.7  2.09963219E-44
  115.8  2.10258544E-44
  115.9  2.10553996E-44
  116.  2.10849568E-44
  116.1  2.11145257E-44
  116.2  2.11441054E-44
  116.3  2.11736955E-44
  116.4  2.12032953E-44
  116.5  2.12329042E-44
  116.6  2.12625216E-44
  116.7  2.12921469E-44
  116.8  2.13217795E-44
  116.9  2.13514187E-44
  117.  2.13810639E-44
  117.1  2.14107146E-44
  117.2  2.144037E-44
  117.3  2.14700295E-44
  117.4  2.14996926E-44
  117.5  2.15293585E-44
  117.6  2.15590266E-44
  117.7  2.15886963E-44
  117.8  2.16183669E-44
  117.9  2.16480377E-44
  118.  2.16777082E-44
  118.1  2.17073777E-44
  118.2  2.17370454E-44
  118.3  2.17667108E-44
  118.4  2.17963731E-44
  118.5  2.18260317E-44
  118.6  2.1855686E-44
  118.7  2.18853351E-44
  118.8  2.19149786E-44
  118.9  2.19446156E-44
  119.  2.19742455E-44
  119.1  2.20038676E-44
  119.2  2.20334812E-44
  119.3  2.20630856E-44
  119.4  2.20926801E-44
  119.5  2.2122264E-44
  119.6  2.21518366E-44
  119.7  2.21813973E-44
  119.8  2.22109452E-44
  119.9  2.22404797E-44
  120.  2.227E-44
  120.1  2.22995137E-44
  120.2  2.2329029E-44
  120.3  2.23585459E-44
  120.4  2.23880645E-44
  120.5  2.24175849E-44
  120.6  2.24471074E-44
  120.7  2.24766319E-44
  120.8  2.25061586E-44
  120.9  2.25356877E-44
  121.  2.25652192E-44
  121.1  2.25947533E-44
  121.2  2.262429E-44
  121.3  2.26538296E-44
  121.4  2.26833722E-44
  121.5  2.27129178E-44
  121.6  2.27424666E-44
  121.7  2.27720187E-44
  121.8  2.28015743E-44
  121.9  2.28311334E-44
  122.  2.28606963E-44
  122.1  2.28902631E-44
  122.2  2.29198338E-44
  122.3  2.29494086E-44
  122.4  2.29789876E-44
  122.5  2.30085711E-44
  122.6  2.30381591E-44
  122.7  2.30677517E-44
  122.8  2.30973491E-44
  122.9  2.31269515E-44
  123.  2.31565589E-44
  123.1  2.31861716E-44
  123.2  2.32157896E-44
  123.3  2.32454131E-44
  123.4  2.32750423E-44
  123.5  2.33046773E-44
  123.6  2.33343182E-44
  123.7  2.33639652E-44
  123.8  2.33936185E-44
  123.9  2.34232782E-44
  124.  2.34529443E-44
  124.1  2.34826172E-44
  124.2  2.3512297E-44
  124.3  2.35419837E-44
  124.4  2.35716776E-44
  124.5  2.36013788E-44
  124.6  2.36310875E-44
  124.7  2.36608038E-44
  124.8  2.36905278E-44
  124.9  2.37202599E-44
  125.  2.375E-44
  125.1  2.37797543E-44
  125.2  2.38095283E-44
  125.3  2.38393214E-44
  125.4  2.38691331E-44
  125.5  2.38989628E-44
  125.6  2.39288099E-44
  125.7  2.39586739E-44
  125.8  2.39885541E-44
  125.9  2.40184499E-44
  126.  2.40483608E-44
  126.1  2.40782861E-44
  126.2  2.41082253E-44
  126.3  2.41381778E-44
  126.4  2.4168143E-44
  126.5  2.41981202E-44
  126.6  2.42281089E-44
  126.7  2.42581084E-44
  126.8  2.42881181E-44
  126.9  2.43181375E-44
  127.  2.43481658E-44
  127.1  2.43782025E-44
  127.2  2.44082469E-44
  127.3  2.44382984E-44
  127.4  2.44683565E-44
  127.5  2.44984203E-44
  127.6  2.45284894E-44
  127.7  2.4558563E-44
  127.8  2.45886406E-44
  127.9  2.46187214E-44
  128.  2.46488048E-44
  128.1  2.46788903E-44
  128.2  2.4708977E-44
  128.3  2.47390644E-44
  128.4  2.47691518E-44
  128.5  2.47992386E-44
  128.6  2.4829324E-44
  128.7  2.48594074E-44
  128.8  2.48894881E-44
  128.9  2.49195655E-44
  129.  2.49496389E-44
  129.1  2.49797076E-44
  129.2  2.50097708E-44
  129.3  2.5039828E-44
  129.4  2.50698785E-44
  129.5  2.50999215E-44
  129.6  2.51299563E-44
  129.7  2.51599822E-44
  129.8  2.51899987E-44
  129.9  2.52200048E-44
  130.  2.525E-44
  130.1  2.52799899E-44
  130.2  2.53099806E-44
  130.3  2.5339972E-44
  130.4  2.53699642E-44
  130.5  2.53999572E-44
  130.6  2.54299508E-44
  130.7  2.54599451E-44
  130.8  2.548994E-44
  130.9  2.55199356E-44
  131.  2.55499317E-44
  131.1  2.55799285E-44
  131.2  2.56099257E-44
  131.3  2.56399235E-44
  131.4  2.56699218E-44
  131.5  2.56999206E-44
  131.6  2.57299198E-44
  131.7  2.57599194E-44
  131.8  2.57899195E-44
  131.9  2.58199199E-44
  132.  2.58499207E-44
  132.1  2.58799218E-44
  132.2  2.59099232E-44
  132.3  2.59399249E-44
  132.4  2.59699269E-44
  132.5  2.59999291E-44
  132.6  2.60299315E-44
  132.7  2.60599341E-44
  132.8  2.60899369E-44
  132.9  2.61199398E-44
  133.  2.61499429E-44
  133.1  2.61799461E-44
  133.2  2.62099494E-44
  133.3  2.62399527E-44
  133.4  2.62699561E-44
  133.5  2.62999595E-44
  133.6  2.63299629E-44
  133.7  2.63599663E-44
  133.8  2.63899697E-44
  133.9  2.6419973E-44
  134.  2.64499762E-44
  134.1  2.64799793E-44
  134.2  2.65099823E-44
  134.3  2.65399852E-44
  134.4  2.6569988E-44
  134.5  2.65999905E-44
  134.6  2.66299929E-44
  134.7  2.6659995E-44
  134.8  2.66899969E-44
  134.9  2.67199986E-44
  135.  2.675E-44
  135.1  2.67800063E-44
  135.2  2.68100227E-44
  135.3  2.68400491E-44
  135.4  2.68700852E-44
  135.5  2.6900131E-44
  135.6  2.69301864E-44
  135.7  2.69602511E-44
  135.8  2.69903252E-44
  135.9  2.70204084E-44
  136.  2.70505006E-44
  136.1  2.70806017E-44
  136.2  2.71107115E-44
  136.3  2.714083E-44
  136.4  2.71709569E-44
  136.5  2.72010922E-44
  136.6  2.72312356E-44
  136.7  2.72613872E-44
  136.8  2.72915467E-44
  136.9  2.7321714E-44
  137.  2.73518889E-44
  137.1  2.73820714E-44
  137.2  2.74122613E-44
  137.3  2.74424584E-44
  137.4  2.74726626E-44
  137.5  2.75028738E-44
  137.6  2.75330918E-44
  137.7  2.75633165E-44
  137.8  2.75935478E-44
  137.9  2.76237854E-44
  138.  2.76540293E-44
  138.1  2.76842794E-44
  138.2  2.77145354E-44
  138.3  2.77447972E-44
  138.4  2.77750648E-44
  138.5  2.78053379E-44
  138.6  2.78356163E-44
  138.7  2.78659001E-44
  138.8  2.78961889E-44
  138.9  2.79264828E-44
  139.  2.79567814E-44
  139.1  2.79870847E-44
  139.2  2.80173925E-44
  139.3  2.80477047E-44
  139.4  2.80780211E-44
  139.5  2.81083416E-44
  139.6  2.8138666E-44
  139.7  2.81689942E-44
  139.8  2.81993261E-44
  139.9  2.82296614E-44
  140.  2.826E-44
  140.1  2.82903456E-44
  140.2  2.83207017E-44
  140.3  2.83510676E-44
  140.4  2.83814431E-44
  140.5  2.84118274E-44
  140.6  2.84422203E-44
  140.7  2.84726211E-44
  140.8  2.85030294E-44
  140.9  2.85334446E-44
  141.  2.85638663E-44
  141.1  2.85942939E-44
  141.2  2.8624727E-44
  141.3  2.8655165E-44
  141.4  2.86856075E-44
  141.5  2.87160538E-44
  141.6  2.87465035E-44
  141.7  2.87769562E-44
  141.8  2.88074111E-44
  141.9  2.8837868E-44
  142.  2.88683261E-44
  142.1  2.8898785E-44
  142.2  2.89292442E-44
  142.3  2.89597031E-44
  142.4  2.89901612E-44
  142.5  2.90206179E-44
  142.6  2.90510728E-44
  142.7  2.90815253E-44
  142.8  2.91119748E-44
  142.9  2.91424208E-44
  143.  2.91728628E-44
  143.1  2.92033003E-44
  143.2  2.92337325E-44
  143.3  2.92641591E-44
  143.4  2.92945795E-44
  143.5  2.93249931E-44
  143.6  2.93553994E-44
  143.7  2.93857977E-44
  143.8  2.94161876E-44
  143.9  2.94465685E-44
  144.  2.94769398E-44
  144.1  2.95073009E-44
  144.2  2.95376513E-44
  144.3  2.95679905E-44
  144.4  2.95983177E-44
  144.5  2.96286326E-44
  144.6  2.96589344E-44
  144.7  2.96892226E-44
  144.8  2.97194967E-44
  144.9  2.9749756E-44
  145.  2.978E-44
  145.1  2.98102336E-44
  145.2  2.98404623E-44
  145.3  2.98706863E-44
  145.4  2.99009058E-44
  145.5  2.99311211E-44
  145.6  2.99613323E-44
  145.7  2.99915396E-44
  145.8  3.00217433E-44
  145.9  3.00519436E-44
  146.  3.00821406E-44
  146.1  3.01123347E-44
  146.2  3.0142526E-44
  146.3  3.01727147E-44
  146.4  3.02029011E-44
  146.5  3.02330854E-44
  146.6  3.02632678E-44
  146.7  3.02934485E-44
  146.8  3.03236278E-44
  146.9  3.03538058E-44
  147.  3.03839829E-44
  147.1  3.04141592E-44
  147.2  3.04443349E-44
  147.3  3.04745104E-44
  147.4  3.05046857E-44
  147.5  3.05348612E-44
  147.6  3.05650372E-44
  147.7  3.05952137E-44
  147.8  3.06253911E-44
  147.9  3.06555695E-44
  148.  3.06857494E-44
  148.1  3.07159307E-44
  148.2  3.07461139E-44
  148.3  3.07762991E-44
  148.4  3.08064867E-44
  148.5  3.08366767E-44
  148.6  3.08668696E-44
  148.7  3.08970654E-44
  148.8  3.09272645E-44
  148.9  3.09574672E-44
  149.  3.09876736E-44
  149.1  3.1017884E-44
  149.2  3.10480987E-44
  149.3  3.10783179E-44
  149.4  3.11085418E-44
  149.5  3.11387708E-44
  149.6  3.11690051E-44
  149.7  3.11992449E-44
  149.8  3.12294904E-44
  149.9  3.12597421E-44
  150.  3.129E-44
  150.1  3.13202694E-44
  150.2  3.1350555E-44
  150.3  3.13808559E-44
  150.4  3.14111717E-44
  150.5  3.14415017E-44
  150.6  3.14718451E-44
  150.7  3.15022014E-44
  150.8  3.15325699E-44
  150.9  3.15629499E-44
  151.  3.15933409E-44
  151.1  3.1623742E-44
  151.2  3.16541526E-44
  151.3  3.16845722E-44
  151.4  3.1715E-44
  151.5  3.17454352E-44
  151.6  3.17758774E-44
  151.7  3.18063257E-44
  151.8  3.18367796E-44
  151.9  3.18672382E-44
  152.  3.1897701E-44
  152.1  3.19281672E-44
  152.2  3.19586362E-44
  152.3  3.19891072E-44
  152.4  3.20195796E-44
  152.5  3.20500526E-44
  152.6  3.20805256E-44
  152.7  3.21109979E-44
  152.8  3.21414687E-44
  152.9  3.21719374E-44
  153.  3.22024032E-44
  153.1  3.22328654E-44
  153.2  3.22633234E-44
  153.3  3.22937763E-44
  153.4  3.23242234E-44
  153.5  3.23546642E-44
  153.6  3.23850977E-44
  153.7  3.24155233E-44
  153.8  3.24459403E-44
  153.9  3.24763479E-44
  154.  3.25067453E-44
  154.1  3.25371319E-44
  154.2  3.2567507E-44
  154.3  3.25978697E-44
  154.4  3.26282193E-44
  154.5  3.2658555E-44
  154.6  3.26888762E-44
  154.7  3.27191821E-44
  154.8  3.27494718E-44
  154.9  3.27797447E-44
  155.  3.281E-44
  155.1  3.28402432E-44
  155.2  3.28704804E-44
  155.3  3.29007119E-44
  155.4  3.2930938E-44
  155.5  3.29611588E-44
  155.6  3.29913747E-44
  155.7  3.3021586E-44
  155.8  3.30517927E-44
  155.9  3.30819953E-44
  156.  3.3112194E-44
  156.1  3.3142389E-44
  156.2  3.31725805E-44
  156.3  3.3202769E-44
  156.4  3.32329545E-44
  156.5  3.32631374E-44
  156.6  3.32933179E-44
  156.7  3.33234963E-44
  156.8  3.33536729E-44
  156.9  3.33838479E-44
  157.  3.34140216E-44
  157.1  3.34441943E-44
  157.2  3.34743662E-44
  157.3  3.35045377E-44
  157.4  3.35347088E-44
  157.5  3.35648801E-44
  157.6  3.35950517E-44
  157.7  3.36252238E-44
  157.8  3.36553969E-44
  157.9  3.36855711E-44
  158.  3.37157467E-44
  158.1  3.37459241E-44
  158.2  3.37761034E-44
  158.3  3.38062851E-44
  158.4  3.38364692E-44
  158.5  3.38666563E-44
  158.6  3.38968464E-44
  158.7  3.392704E-44
  158.8  3.39572373E-44
  158.9  3.39874386E-44
  159.  3.40176442E-44
  159.1  3.40478543E-44
  159.2  3.40780693E-44
  159.3  3.41082895E-44
  159.4  3.41385151E-44
  159.5  3.41687465E-44
  159.6  3.41989839E-44
  159.7  3.42292276E-44
  159.8  3.4259478E-44
  159.9  3.42897354E-44
  160.  3.432E-44
  160.1  3.43502734E-44
  160.2  3.43805566E-44
  160.3  3.44108495E-44
  160.4  3.44411517E-44
  160.5  3.4471463E-44
  160.6  3.4501783E-44
  160.7  3.45321115E-44
  160.8  3.45624482E-44
  160.9  3.45927927E-44
  161.  3.46231449E-44
  161.1  3.46535043E-44
  161.2  3.46838708E-44
  161.3  3.4714244E-44
  161.4  3.47446236E-44
  161.5  3.47750093E-44
  161.6  3.48054009E-44
  161.7  3.4835798E-44
  161.8  3.48662003E-44
  161.9  3.48966076E-44
  162.  3.49270195E-44
  162.1  3.49574358E-44
  162.2  3.4987856E-44
  162.3  3.501828E-44
  162.4  3.50487074E-44
  162.5  3.5079138E-44
  162.6  3.51095713E-44
  162.7  3.51400072E-44
  162.8  3.51704452E-44
  162.9  3.52008851E-44
  163.  3.52313266E-44
  163.1  3.52617694E-44
  163.2  3.52922131E-44
  163.3  3.53226574E-44
  163.4  3.53531021E-44
  163.5  3.53835467E-44
  163.6  3.54139911E-44
  163.7  3.54444348E-44
  163.8  3.54748776E-44
  163.9  3.55053191E-44
  164.  3.5535759E-44
  164.1  3.55661971E-44
  164.2  3.55966329E-44
  164.3  3.56270661E-44
  164.4  3.56574965E-44
  164.5  3.56879236E-44
  164.6  3.57183473E-44
  164.7  3.57487671E-44
  164.8  3.57791827E-44
  164.9  3.58095937E-44
  165.  3.584E-44
  165.1  3.58703986E-44
  165.2  3.59007869E-44
  165.3  3.59311651E-44
  165.4  3.59615333E-44
  165.5  3.59918916E-44
  165.6  3.60222402E-44
  165.7  3.60525792E-44
  165.8  3.60829088E-44
  165.9  3.6113229E-44
  166.  3.61435399E-44
  166.1  3.61738418E-44
  166.2  3.62041348E-44
  166.3  3.62344189E-44
  166.4  3.62646943E-44
  166.5  3.62949612E-44
  166.6  3.63252196E-44
  166.7  3.63554698E-44
  166.8  3.63857119E-44
  166.9  3.64159459E-44
  167.  3.6446172E-44
  167.1  3.64763904E-44
  167.2  3.65066012E-44
  167.3  3.65368046E-44
  167.4  3.65670006E-44
  167.5  3.65971895E-44
  167.6  3.66273713E-44
  167.7  3.66575462E-44
  167.8  3.66877144E-44
  167.9  3.67178759E-44
  168.  3.6748031E-44
  168.1  3.67781797E-44
  168.2  3.68083223E-44
  168.3  3.68384588E-44
  168.4  3.68685895E-44
  168.5  3.68987144E-44
  168.6  3.69288337E-44
  168.7  3.69589475E-44
  168.8  3.69890561E-44
  168.9  3.70191595E-44
  169.  3.70492579E-44
  169.1  3.70793514E-44
  169.2  3.71094402E-44
  169.3  3.71395245E-44
  169.4  3.71696044E-44
  169.5  3.71996801E-44
  169.6  3.72297516E-44
  169.7  3.72598192E-44
  169.8  3.72898831E-44
  169.9  3.73199433E-44
  170.  3.735E-44
