  0.1  0.
  0.2  0.
  0.3  0.
  0.4  0.
  0.5  0.
  0.6  0.
  0.7  0.
  0.8  0.
  0.9  0.
  1.  0.
  1.1  0.
  1.2  0.
  1.3  0.
  1.4  0.
  1.5  0.
  1.6  0.
  1.7  0.
  1.8  0.
  1.9  0.
  2.  0.
  2.1  0.
  2.2  0.
  2.3  0.
  2.4  0.
  2.5  0.
  2.6  0.
  2.7  0.
  2.8  0.
  2.9  0.
  3.  0.
  3.1  0.
  3.2  0.
  3.3  0.
  3.4  0.
  3.5  0.
  3.6  0.
  3.7  0.
  3.8  0.
  3.9  0.
  4.  0.
  4.1  0.
  4.2  0.
  4.3  0.
  4.4  0.
  4.5  0.
  4.6  0.
  4.7  0.
  4.8  0.
  4.9  0.
  5.  0.
  5.1  0.
  5.2  0.
  5.3  0.
  5.4  0.
  5.5  0.
  5.6  0.
  5.7  0.
  5.8  0.
  5.9  0.
  6.  0.
  6.1  0.
  6.2  0.
  6.3  0.
  6.4  0.
  6.5  0.
  6.6  0.
  6.7  0.
  6.8  0.
  6.9  0.
  7.  0.
  7.1  0.
  7.2  0.
  7.3  0.
  7.4  0.
  7.5  0.
  7.6  0.
  7.7  0.
  7.8  0.
  7.9  0.
  8.  0.
  8.1  0.
  8.2  0.
  8.3  0.
  8.4  0.
  8.5  0.
  8.6  0.
  8.7  0.
  8.8  0.
  8.9  0.
  9.  0.
  9.1  0.
  9.2  0.
  9.3  0.
  9.4  0.
  9.5  0.
  9.6  0.
  9.7  0.
  9.8  0.
  9.9  0.
  10.  0.
  10.1  0.
  10.2  0.
  10.3  0.
  10.4  0.
  10.5  0.
  10.6  0.
  10.7  0.
  10.8  0.
  10.9  0.
  11.  0.
  11.1  0.
  11.2  0.
  11.3  0.
  11.4  0.
  11.5  0.
  11.6  0.
  11.7  0.
  11.8  0.
  11.9  0.
  12.  0.
  12.1  0.
  12.2  0.
  12.3  0.
  12.4  0.
  12.5  0.
  12.6  0.
  12.7  0.
  12.8  0.
  12.9  0.
  13.  0.
  13.1  0.
  13.2  0.
  13.3  0.
  13.4  0.
  13.5  0.
  13.6  0.
  13.7  0.
  13.8  0.
  13.9  0.
  14.  0.
  14.1  0.
  14.2  0.
  14.3  0.
  14.4  0.
  14.5  0.
  14.6  0.
  14.7  0.
  14.8  0.
  14.9  0.
  15.  0.
  15.1  0.
  15.2  9.22669708E-74
  15.3  1.19706678E-70
  15.4  7.11951463E-67
  15.5  9.11466062E-63
  15.6  1.17947009E-58
  15.7  7.24415757E-55
  15.8  9.91611552E-52
  15.9  1.42051627E-49
  16.  1.E-48
  16.1  1.20786832E-48
  16.2  1.44687407E-48
  16.3  1.71907683E-48
  16.4  2.0261664E-48
  16.5  2.3693655E-48
  16.6  2.74933715E-48
  16.7  3.16610115E-48
  16.8  3.61896411E-48
  16.9  4.10646695E-48
  17.  4.62635346E-48
  17.1  5.17556266E-48
  17.2  5.75024665E-48
  17.3  6.34581456E-48
  17.4  6.95700218E-48
  17.5  7.57796544E-48
  17.6  8.20239498E-48
  17.7  8.82364797E-48
  17.8  9.43489265E-48
  17.9  1.00292604E-47
  18.  1.06E-47
  18.1  1.117989E-47
  18.2  1.18071168E-47
  18.3  1.24830907E-47
  18.4  1.32089892E-47
  18.5  1.39856774E-47
  18.6  1.48136183E-47
  18.7  1.56927762E-47
  18.8  1.66225123E-47
  18.9  1.7601475E-47
  19.  1.86274858E-47
  19.1  1.96974253E-47
  19.2  2.08071209E-47
  19.3  2.19512416E-47
  19.4  2.31232047E-47
  19.5  2.43150998E-47
  19.6  2.55176369E-47
  19.7  2.67201244E-47
  19.8  2.79104854E-47
  19.9  2.90753169E-47
  20.  3.02E-47
  20.1  3.13234714E-47
  20.2  3.24949576E-47
  20.3  3.37142847E-47
  20.4  3.49810266E-47
  20.5  3.62944749E-47
  20.6  3.76536072E-47
  20.7  3.90570559E-47
  20.8  4.05030757E-47
  20.9  4.1989512E-47
  21.  4.35137703E-47
  21.1  4.50727863E-47
  21.2  4.66629982E-47
  21.3  4.82803218E-47
  21.4  4.99201286E-47
  21.5  5.15772279E-47
  21.6  5.32458543E-47
  21.7  5.49196605E-47
  21.8  5.65917168E-47
  21.9  5.82545183E-47
  22.  5.99E-47
  22.1  6.15551784E-47
  22.2  6.32523819E-47
  22.3  6.49909982E-47
  22.4  6.67702613E-47
  22.5  6.85892421E-47
  22.6  7.04468382E-47
  22.7  7.2341764E-47
  22.8  7.42725413E-47
  22.9  7.62374897E-47
  23.  7.82347176E-47
  23.1  8.02621137E-47
  23.2  8.23173388E-47
  23.3  8.43978181E-47
  23.4  8.65007354E-47
  23.5  8.86230264E-47
  23.6  9.07613743E-47
  23.7  9.29122065E-47
  23.8  9.50716917E-47
  23.9  9.72357393E-47
  24.  9.94E-47
  24.1  1.01583936E-46
  24.2  1.03809406E-46
  24.3  1.06075358E-46
  24.4  1.08380602E-46
  24.5  1.107238E-46
  24.6  1.13103459E-46
  24.7  1.1551793E-46
  24.8  1.17965395E-46
  24.9  1.20443868E-46
  25.  1.22951184E-46
  25.1  1.25484998E-46
  25.2  1.28042779E-46
  25.3  1.30621805E-46
  25.4  1.33219162E-46
  25.5  1.35831737E-46
  25.6  1.38456219E-46
  25.7  1.41089099E-46
  25.8  1.43726664E-46
  25.9  1.46365002E-46
  26.  1.49E-46
  26.1  1.51647069E-46
  26.2  1.54324202E-46
  26.3  1.57030986E-46
  26.4  1.59766975E-46
  26.5  1.62531684E-46
  26.6  1.65324592E-46
  26.7  1.6814514E-46
  26.8  1.70992731E-46
  26.9  1.73866727E-46
  27.  1.76766452E-46
  27.1  1.79691188E-46
  27.2  1.82640176E-46
  27.3  1.85612616E-46
  27.4  1.88607664E-46
  27.5  1.91624433E-46
  27.6  1.94661994E-46
  27.7  1.97719372E-46
  27.8  2.00795549E-46
  27.9  2.03889461E-46
  28.  2.07E-46
  28.1  2.10137207E-46
  28.2  2.13310765E-46
  28.3  2.16518899E-46
  28.4  2.19759717E-46
  28.5  2.23031199E-46
  28.6  2.26331198E-46
  28.7  2.29657437E-46
  28.8  2.33007506E-46
  28.9  2.36378858E-46
  29.  2.3976881E-46
  29.1  2.43174539E-46
  29.2  2.46593081E-46
  29.3  2.50021329E-46
  29.4  2.53456037E-46
  29.5  2.56893811E-46
  29.6  2.60331116E-46
  29.7  2.63764277E-46
  29.8  2.67189473E-46
  29.9  2.70602747E-46
  30.  2.74E-46
  30.1  2.77399616E-46
  30.2  2.80822864E-46
  30.3  2.84269884E-46
  30.4  2.87740824E-46
  30.5  2.91235837E-46
  30.6  2.94755088E-46
  30.7  2.9829875E-46
  30.8  3.01867003E-46
  30.9  3.05460039E-46
  31.  3.09078056E-46
  31.1  3.12721265E-46
  31.2  3.16389886E-46
  31.3  3.20084146E-46
  31.4  3.23804287E-46
  31.5  3.27550559E-46
  31.6  3.31323221E-46
  31.7  3.35122547E-46
  31.8  3.38948819E-46
  31.9  3.42802333E-46
  32.  3.46683394E-46
  32.1  3.50592321E-46
  32.2  3.54529445E-46
  32.3  3.58495109E-46
  32.4  3.62489668E-46
  32.5  3.66513492E-46
  32.6  3.70566963E-46
  32.7  3.74650477E-46
  32.8  3.78764442E-46
  32.9  3.82909284E-46
  33.  3.87085439E-46
  33.1  3.91293362E-46
  33.2  3.95533519E-46
  33.3  3.99806394E-46
  33.4  4.04112485E-46
  33.5  4.08452307E-46
  33.6  4.12826392E-46
  33.7  4.17235286E-46
  33.8  4.21679554E-46
  33.9  4.26159777E-46
  34.  4.30676555E-46
  34.1  4.35230505E-46
  34.2  4.39822263E-46
  34.3  4.44452482E-46
  34.4  4.49121836E-46
  34.5  4.53831018E-46
  34.6  4.5858074E-46
  34.7  4.63371735E-46
  34.8  4.68204757E-46
  34.9  4.7308058E-46
  35.  4.78E-46
  35.1  4.82975952E-46
  35.2  4.88020015E-46
  35.3  4.93130915E-46
  35.4  4.98307297E-46
  35.5  5.03547725E-46
  35.6  5.08850674E-46
  35.7  5.14214535E-46
  35.8  5.19637606E-46
  35.9  5.2511809E-46
  36.  5.30654097E-46
  36.1  5.36243634E-46
  36.2  5.4188461E-46
  36.3  5.47574828E-46
  36.4  5.53311985E-46
  36.5  5.59093669E-46
  36.6  5.64917359E-46
  36.7  5.70780418E-46
  36.8  5.76680097E-46
  36.9  5.82613529E-46
  37.  5.88577728E-46
  37.1  5.94569589E-46
  37.2  6.00585885E-46
  37.3  6.06623267E-46
  37.4  6.12678262E-46
  37.5  6.18747272E-46
  37.6  6.24826576E-46
  37.7  6.30912325E-46
  37.8  6.37000546E-46
  37.9  6.43087138E-46
  38.  6.49167878E-46
  38.1  6.55238415E-46
  38.2  6.61294277E-46
  38.3  6.67330865E-46
  38.4  6.73343463E-46
  38.5  6.79327232E-46
  38.6  6.85277216E-46
  38.7  6.91188343E-46
  38.8  6.9705543E-46
  38.9  7.02873181E-46
  39.  7.08636196E-46
  39.1  7.14338972E-46
  39.2  7.19975905E-46
  39.3  7.25541299E-46
  39.4  7.31029367E-46
  39.5  7.36434239E-46
  39.6  7.41749964E-46
  39.7  7.46970521E-46
  39.8  7.52089821E-46
  39.9  7.57101714E-46
  40.  7.62E-46
  40.1  7.66837964E-46
  40.2  7.71673233E-46
  40.3  7.76506099E-46
  40.4  7.81336865E-46
  40.5  7.86165855E-46
  40.6  7.90993404E-46
  40.7  7.95819866E-46
  40.8  8.00645611E-46
  40.9  8.05471022E-46
  41.  8.10296502E-46
  41.1  8.15122466E-46
  41.2  8.19949348E-46
  41.3  8.24777596E-46
  41.4  8.29607676E-46
  41.5  8.34440068E-46
  41.6  8.39275271E-46
  41.7  8.44113798E-46
  41.8  8.48956179E-46
  41.9  8.5380296E-46
  42.  8.58654704E-46
  42.1  8.6351199E-46
  42.2  8.68375414E-46
  42.3  8.73245589E-46
  42.4  8.78123142E-46
  42.5  8.83008721E-46
  42.6  8.87902987E-46
  42.7  8.92806621E-46
  42.8  8.97720317E-46
  42.9  9.02644791E-46
  43.  9.07580773E-46
  43.1  9.1252901E-46
  43.2  9.17490269E-46
  43.3  9.22465332E-46
  43.4  9.27455E-46
  43.5  9.32460091E-46
  43.6  9.37481442E-46
  43.7  9.42519907E-46
  43.8  9.47576359E-46
  43.9  9.52651687E-46
  44.  9.57746804E-46
  44.1  9.62862635E-46
  44.2  9.68000129E-46
  44.3  9.73160252E-46
  44.4  9.78343989E-46
  44.5  9.83552346E-46
  44.6  9.88786347E-46
  44.7  9.94047038E-46
  44.8  9.99335483E-46
  44.9  1.00465277E-45
  45.  1.01E-45
  45.1  1.01537847E-45
  45.2  1.02078855E-45
  45.3  1.02622996E-45
  45.4  1.03170242E-45
  45.5  1.03720565E-45
  45.6  1.04273933E-45
  45.7  1.04830317E-45
  45.8  1.05389684E-45
  45.9  1.05952002E-45
  46.  1.06517236E-45
  46.1  1.07085353E-45
  46.2  1.07656316E-45
  46.3  1.08230089E-45
  46.4  1.08806634E-45
  46.5  1.09385912E-45
  46.6  1.09967885E-45
  46.7  1.1055251E-45
  46.8  1.11139746E-45
  46.9  1.1172955E-45
  47.  1.12321879E-45
  47.1  1.12916687E-45
  47.2  1.13513927E-45
  47.3  1.14113553E-45
  47.4  1.14715517E-45
  47.5  1.15319768E-45
  47.6  1.15926256E-45
  47.7  1.16534929E-45
  47.8  1.17145733E-45
  47.9  1.17758616E-45
  48.  1.18373521E-45
  48.1  1.18990391E-45
  48.2  1.19609169E-45
  48.3  1.20229796E-45
  48.4  1.20852212E-45
  48.5  1.21476354E-45
  48.6  1.22102161E-45
  48.7  1.22729567E-45
  48.8  1.23358508E-45
  48.9  1.23988918E-45
  49.  1.24620728E-45
  49.1  1.25253869E-45
  49.2  1.25888271E-45
  49.3  1.26523863E-45
  49.4  1.2716057E-45
  49.5  1.27798319E-45
  49.6  1.28437035E-45
  49.7  1.29076639E-45
  49.8  1.29717055E-45
  49.9  1.30358202E-45
  50.  1.31E-45
  50.1  1.31642249E-45
  50.2  1.32284796E-45
  50.3  1.32927626E-45
  50.4  1.33570727E-45
  50.5  1.34214085E-45
  50.6  1.34857687E-45
  50.7  1.35501519E-45
  50.8  1.36145569E-45
  50.9  1.36789822E-45
  51.  1.37434267E-45
  51.1  1.38078891E-45
  51.2  1.38723681E-45
  51.3  1.39368624E-45
  51.4  1.40013708E-45
  51.5  1.4065892E-45
  51.6  1.41304249E-45
  51.7  1.41949682E-45
  51.8  1.42595208E-45
  51.9  1.43240814E-45
  52.  1.43886489E-45
  52.1  1.44532221E-45
  52.2  1.45177999E-45
  52.3  1.45823811E-45
  52.4  1.46469647E-45
  52.5  1.47115494E-45
  52.6  1.47761344E-45
  52.7  1.48407183E-45
  52.8  1.49053003E-45
  52.9  1.49698792E-45
  53.  1.5034454E-45
  53.1  1.50990236E-45
  53.2  1.51635872E-45
  53.3  1.52281436E-45
  53.4  1.52926919E-45
  53.5  1.53572312E-45
  53.6  1.54217605E-45
  53.7  1.54862788E-45
  53.8  1.55507852E-45
  53.9  1.56152789E-45
  54.  1.5679759E-45
  54.1  1.57442245E-45
  54.2  1.58086746E-45
  54.3  1.58731085E-45
  54.4  1.59375254E-45
  54.5  1.60019244E-45
  54.6  1.60663048E-45
  54.7  1.61306657E-45
  54.8  1.61950065E-45
  54.9  1.62593264E-45
  55.  1.63236246E-45
  55.1  1.63879004E-45
  55.2  1.64521532E-45
  55.3  1.65163822E-45
  55.4  1.65805869E-45
  55.5  1.66447665E-45
  55.6  1.67089205E-45
  55.7  1.67730482E-45
  55.8  1.6837149E-45
  55.9  1.69012224E-45
  56.  1.69652679E-45
  56.1  1.70292848E-45
  56.2  1.70932726E-45
  56.3  1.7157231E-45
  56.4  1.72211592E-45
  56.5  1.7285057E-45
  56.6  1.73489238E-45
  56.7  1.74127593E-45
  56.8  1.7476563E-45
  56.9  1.75403344E-45
  57.  1.76040733E-45
  57.1  1.76677793E-45
  57.2  1.77314521E-45
  57.3  1.77950912E-45
  57.4  1.78586965E-45
  57.5  1.79222676E-45
  57.6  1.79858043E-45
  57.7  1.80493062E-45
  57.8  1.81127733E-45
  57.9  1.81762053E-45
  58.  1.8239602E-45
  58.1  1.83029632E-45
  58.2  1.83662887E-45
  58.3  1.84295785E-45
  58.4  1.84928325E-45
  58.5  1.85560505E-45
  58.6  1.86192324E-45
  58.7  1.86823783E-45
  58.8  1.8745488E-45
  58.9  1.88085615E-45
  59.  1.8871599E-45
  59.1  1.89346003E-45
  59.2  1.89975655E-45
  59.3  1.90604947E-45
  59.4  1.9123388E-45
  59.5  1.91862454E-45
  59.6  1.92490671E-45
  59.7  1.93118533E-45
  59.8  1.9374604E-45
  59.9  1.94373195E-45
  60.  1.95E-45
  60.1  1.95626616E-45
  60.2  1.96253192E-45
  60.3  1.96879709E-45
  60.4  1.97506148E-45
  60.5  1.98132489E-45
  60.6  1.98758713E-45
  60.7  1.99384801E-45
  60.8  2.00010733E-45
  60.9  2.00636489E-45
  61.  2.0126205E-45
  61.1  2.01887397E-45
  61.2  2.02512508E-45
  61.3  2.03137364E-45
  61.4  2.03761944E-45
  61.5  2.04386229E-45
  61.6  2.05010198E-45
  61.7  2.05633831E-45
  61.8  2.06257106E-45
  61.9  2.06880003E-45
  62.  2.07502502E-45
  62.1  2.08124581E-45
  62.2  2.08746219E-45
  62.3  2.09367395E-45
  62.4  2.09988088E-45
  62.5  2.10608277E-45
  62.6  2.1122794E-45
  62.7  2.11847055E-45
  62.8  2.12465602E-45
  62.9  2.13083557E-45
  63.  2.137009E-45
  63.1  2.14317609E-45
  63.2  2.14933661E-45
  63.3  2.15549034E-45
  63.4  2.16163706E-45
  63.5  2.16777655E-45
  63.6  2.17390858E-45
  63.7  2.18003293E-45
  63.8  2.18614938E-45
  63.9  2.19225769E-45
  64.  2.19835763E-45
  64.1  2.20444899E-45
  64.2  2.21053153E-45
  64.3  2.21660502E-45
  64.4  2.22266923E-45
  64.5  2.22872392E-45
  64.6  2.23476887E-45
  64.7  2.24080384E-45
  64.8  2.2468286E-45
  64.9  2.25284291E-45
  65.  2.25884654E-45
  65.1  2.26483924E-45
  65.2  2.27082079E-45
  65.3  2.27679094E-45
  65.4  2.28274945E-45
  65.5  2.28869609E-45
  65.6  2.29463061E-45
  65.7  2.30055277E-45
  65.8  2.30646234E-45
  65.9  2.31235907E-45
  66.  2.31824271E-45
  66.1  2.32411302E-45
  66.2  2.32996976E-45
  66.3  2.33581268E-45
  66.4  2.34164154E-45
  66.5  2.34745609E-45
  66.6  2.35325609E-45
  66.7  2.35904128E-45
  66.8  2.36481142E-45
  66.9  2.37056626E-45
  67.  2.37630554E-45
  67.1  2.38202903E-45
  67.2  2.38773647E-45
  67.3  2.39342761E-45
  67.4  2.3991022E-45
  67.5  2.40475998E-45
  67.6  2.41040072E-45
  67.7  2.41602414E-45
  67.8  2.42163E-45
  67.9  2.42721805E-45
  68.  2.43278803E-45
  68.1  2.4383397E-45
  68.2  2.44387278E-45
  68.3  2.44938703E-45
  68.4  2.4548822E-45
  68.5  2.46035803E-45
  68.6  2.46581426E-45
  68.7  2.47125064E-45
  68.8  2.47666691E-45
  68.9  2.48206281E-45
  69.  2.48743809E-45
  69.1  2.49279249E-45
  69.2  2.49812575E-45
  69.3  2.50343762E-45
  69.4  2.50872784E-45
  69.5  2.51399614E-45
  69.6  2.51924228E-45
  69.7  2.52446599E-45
  69.8  2.52966702E-45
  69.9  2.53484511E-45
  70.  2.54E-45
  70.1  2.54514391E-45
  70.2  2.55028909E-45
  70.3  2.55543532E-45
  70.4  2.56058239E-45
  70.5  2.56573008E-45
  70.6  2.57087816E-45
  70.7  2.57602643E-45
  70.8  2.58117464E-45
  70.9  2.58632259E-45
  71.  2.59147004E-45
  71.1  2.59661676E-45
  71.2  2.60176253E-45
  71.3  2.60690711E-45
  71.4  2.61205027E-45
  71.5  2.61719179E-45
  71.6  2.62233141E-45
  71.7  2.62746891E-45
  71.8  2.63260404E-45
  71.9  2.63773657E-45
  72.  2.64286625E-45
  72.1  2.64799285E-45
  72.2  2.65311611E-45
  72.3  2.65823579E-45
  72.4  2.66335165E-45
  72.5  2.66846343E-45
  72.6  2.67357088E-45
  72.7  2.67867375E-45
  72.8  2.68377178E-45
  72.9  2.68886473E-45
  73.  2.69395233E-45
  73.1  2.69903433E-45
  73.2  2.70411047E-45
  73.3  2.70918048E-45
  73.4  2.7142441E-45
  73.5  2.71930107E-45
  73.6  2.72435113E-45
  73.7  2.729394E-45
  73.8  2.73442942E-45
  73.9  2.73945711E-45
  74.  2.74447681E-45
  74.1  2.74948825E-45
  74.2  2.75449115E-45
  74.3  2.75948523E-45
  74.4  2.76447022E-45
  74.5  2.76944583E-45
  74.6  2.7744118E-45
  74.7  2.77936783E-45
  74.8  2.78431365E-45
  74.9  2.78924898E-45
  75.  2.79417352E-45
  75.1  2.79908699E-45
  75.2  2.8039891E-45
  75.3  2.80887957E-45
  75.4  2.8137581E-45
  75.5  2.81862441E-45
  75.6  2.82347819E-45
  75.7  2.82831916E-45
  75.8  2.83314702E-45
  75.9  2.83796147E-45
  76.  2.84276222E-45
  76.1  2.84754896E-45
  76.2  2.8523214E-45
  76.3  2.85707924E-45
  76.4  2.86182216E-45
  76.5  2.86654988E-45
  76.6  2.87126208E-45
  76.7  2.87595845E-45
  76.8  2.8806387E-45
  76.9  2.88530251E-45
  77.  2.88994957E-45
  77.1  2.89457957E-45
  77.2  2.8991922E-45
  77.3  2.90378715E-45
  77.4  2.90836411E-45
  77.5  2.91292276E-45
  77.6  2.91746278E-45
  77.7  2.92198386E-45
  77.8  2.92648568E-45
  77.9  2.93096792E-45
  78.  2.93543027E-45
  78.1  2.9398724E-45
  78.2  2.94429399E-45
  78.3  2.94869472E-45
  78.4  2.95307427E-45
  78.5  2.95743232E-45
  78.6  2.96176853E-45
  78.7  2.96608259E-45
  78.8  2.97037417E-45
  78.9  2.97464294E-45
  79.  2.97888857E-45
  79.1  2.98311074E-45
  79.2  2.98730912E-45
  79.3  2.99148338E-45
  79.4  2.99563318E-45
  79.5  2.99975821E-45
  79.6  3.00385812E-45
  79.7  3.00793259E-45
  79.8  3.01198128E-45
  79.9  3.01600386E-45
  80.  3.02E-45
  80.1  3.02398036E-45
  80.2  3.02795572E-45
  80.3  3.03192596E-45
  80.4  3.03589094E-45
  80.5  3.03985053E-45
  80.6  3.0438046E-45
  80.7  3.047753E-45
  80.8  3.05169561E-45
  80.9  3.05563228E-45
  81.  3.05956288E-45
  81.1  3.06348727E-45
  81.2  3.06740531E-45
  81.3  3.07131687E-45
  81.4  3.07522181E-45
  81.5  3.07911999E-45
  81.6  3.08301126E-45
  81.7  3.08689549E-45
  81.8  3.09077254E-45
  81.9  3.09464226E-45
  82.  3.09850452E-45
  82.1  3.10235917E-45
  82.2  3.10620607E-45
  82.3  3.11004507E-45
  82.4  3.11387604E-45
  82.5  3.11769883E-45
  82.6  3.12151329E-45
  82.7  3.12531927E-45
  82.8  3.12911665E-45
  82.9  3.13290526E-45
  83.  3.13668496E-45
  83.1  3.14045561E-45
  83.2  3.14421706E-45
  83.3  3.14796915E-45
  83.4  3.15171175E-45
  83.5  3.15544471E-45
  83.6  3.15916786E-45
  83.7  3.16288108E-45
  83.8  3.1665842E-45
  83.9  3.17027708E-45
  84.  3.17395957E-45
  84.1  3.17763151E-45
  84.2  3.18129275E-45
  84.3  3.18494315E-45
  84.4  3.18858255E-45
  84.5  3.19221079E-45
  84.6  3.19582774E-45
  84.7  3.19943322E-45
  84.8  3.2030271E-45
  84.9  3.20660921E-45
  85.  3.2101794E-45
  85.1  3.21373751E-45
  85.2  3.2172834E-45
  85.3  3.22081691E-45
  85.4  3.22433788E-45
  85.5  3.22784615E-45
  85.6  3.23134157E-45
  85.7  3.23482399E-45
  85.8  3.23829324E-45
  85.9  3.24174917E-45
  86.  3.24519162E-45
  86.1  3.24862044E-45
  86.2  3.25203546E-45
  86.3  3.25543652E-45
  86.4  3.25882348E-45
  86.5  3.26219617E-45
  86.6  3.26555443E-45
  86.7  3.2688981E-45
  86.8  3.27222702E-45
  86.9  3.27554104E-45
  87.  3.27883998E-45
  87.1  3.2821237E-45
  87.2  3.28539204E-45
  87.3  3.28864482E-45
  87.4  3.29188189E-45
  87.5  3.29510309E-45
  87.6  3.29830826E-45
  87.7  3.30149723E-45
  87.8  3.30466985E-45
  87.9  3.30782595E-45
  88.  3.31096536E-45
  88.1  3.31408794E-45
  88.2  3.31719351E-45
  88.3  3.32028192E-45
  88.4  3.32335299E-45
  88.5  3.32640657E-45
  88.6  3.32944249E-45
  88.7  3.3324606E-45
  88.8  3.33546072E-45
  88.9  3.3384427E-45
  89.  3.34140637E-45
  89.1  3.34435156E-45
  89.2  3.34727812E-45
  89.3  3.35018587E-45
  89.4  3.35307467E-45
  89.5  3.35594433E-45
  89.6  3.35879471E-45
  89.7  3.36162562E-45
  89.8  3.36443692E-45
  89.9  3.36722843E-45
  90.  3.37E-45
  90.1  3.37275646E-45
  90.2  3.37550269E-45
  90.3  3.37823862E-45
  90.4  3.38096413E-45
  90.5  3.38367916E-45
  90.6  3.38638359E-45
  90.7  3.38907735E-45
  90.8  3.39176033E-45
  90.9  3.39443244E-45
  91.  3.3970936E-45
  91.1  3.39974371E-45
  91.2  3.40238268E-45
  91.3  3.40501042E-45
  91.4  3.40762682E-45
  91.5  3.41023181E-45
  91.6  3.41282528E-45
  91.7  3.41540714E-45
  91.8  3.41797731E-45
  91.9  3.42053569E-45
  92.  3.42308217E-45
  92.1  3.42561668E-45
  92.2  3.42813912E-45
  92.3  3.43064939E-45
  92.4  3.43314741E-45
  92.5  3.43563307E-45
  92.6  3.43810628E-45
  92.7  3.44056695E-45
  92.8  3.44301499E-45
  92.9  3.44545031E-45
  93.  3.4478728E-45
  93.1  3.45028238E-45
  93.2  3.45267894E-45
  93.3  3.45506241E-45
  93.4  3.45743268E-45
  93.5  3.45978966E-45
  93.6  3.46213325E-45
  93.7  3.46446337E-45
  93.8  3.46677991E-45
  93.9  3.46908279E-45
  94.  3.47137191E-45
  94.1  3.47364717E-45
  94.2  3.47590849E-45
  94.3  3.47815576E-45
  94.4  3.4803889E-45
  94.5  3.4826078E-45
  94.6  3.48481238E-45
  94.7  3.48700254E-45
  94.8  3.48917819E-45
  94.9  3.49133924E-45
  95.  3.49348558E-45
  95.1  3.49561713E-45
  95.2  3.49773379E-45
  95.3  3.49983546E-45
  95.4  3.50192206E-45
  95.5  3.50399349E-45
  95.6  3.50604966E-45
  95.7  3.50809047E-45
  95.8  3.51011583E-45
  95.9  3.51212564E-45
  96.  3.51411982E-45
  96.1  3.51609826E-45
  96.2  3.51806088E-45
  96.3  3.52000758E-45
  96.4  3.52193827E-45
  96.5  3.52385285E-45
  96.6  3.52575124E-45
  96.7  3.52763333E-45
  96.8  3.52949904E-45
  96.9  3.53134827E-45
  97.  3.53318093E-45
  97.1  3.53499692E-45
  97.2  3.53679617E-45
  97.3  3.53857856E-45
  97.4  3.54034401E-45
  97.5  3.54209243E-45
  97.6  3.54382373E-45
  97.7  3.54553781E-45
  97.8  3.54723458E-45
  97.9  3.54891394E-45
  98.  3.55057582E-45
  98.1  3.55222011E-45
  98.2  3.55384673E-45
  98.3  3.55545558E-45
  98.4  3.55704657E-45
  98.5  3.55861961E-45
  98.6  3.56017461E-45
  98.7  3.56171148E-45
  98.8  3.56323014E-45
  98.9  3.56473048E-45
  99.  3.56621241E-45
  99.1  3.56767586E-45
  99.2  3.56912073E-45
  99.3  3.57054692E-45
  99.4  3.57195435E-45
  99.5  3.57334294E-45
  99.6  3.57471258E-45
  99.7  3.5760632E-45
  99.8  3.5773947E-45
  99.9  3.578707E-45
  100.  3.58E-45
  100.1  3.58127362E-45
  100.2  3.58252777E-45
  100.3  3.58376237E-45
  100.4  3.58497732E-45
  100.5  3.58617254E-45
  100.6  3.58734795E-45
  100.7  3.58850345E-45
  100.8  3.58963895E-45
  100.9  3.59075438E-45
  101.  3.59184965E-45
  101.1  3.59292467E-45
  101.2  3.59397935E-45
  101.3  3.59501362E-45
  101.4  3.59602738E-45
  101.5  3.59702055E-45
  101.6  3.59799305E-45
  101.7  3.59894479E-45
  101.8  3.59987569E-45
  101.9  3.60078566E-45
  102.  3.60167463E-45
  102.1  3.60254251E-45
  102.2  3.60338921E-45
  102.3  3.60421466E-45
  102.4  3.60501877E-45
  102.5  3.60580146E-45
  102.6  3.60656266E-45
  102.7  3.60730227E-45
  102.8  3.60802022E-45
  102.9  3.60871642E-45
  103.  3.60939081E-45
  103.1  3.6100433E-45
  103.2  3.6106738E-45
  103.3  3.61128224E-45
  103.4  3.61186855E-45
  103.5  3.61243264E-45
  103.6  3.61297443E-45
  103.7  3.61349386E-45
  103.8  3.61399083E-45
  103.9  3.61446528E-45
  104.  3.61491713E-45
  104.1  3.6153463E-45
  104.2  3.61575271E-45
  104.3  3.6161363E-45
  104.4  3.61649699E-45
  104.5  3.61683469E-45
  104.6  3.61714935E-45
  104.7  3.61744088E-45
  104.8  3.61770922E-45
  104.9  3.61795428E-45
  105.  3.618176E-45
  105.1  3.61837431E-45
  105.2  3.61854913E-45
  105.3  3.61870039E-45
  105.4  3.61882803E-45
  105.5  3.61893197E-45
  105.6  3.61901214E-45
  105.7  3.61906848E-45
  105.8  3.61910091E-45
  105.9  3.61910937E-45
  106.  3.61909379E-45
  106.1  3.6190541E-45
  106.2  3.61899024E-45
  106.3  3.61890214E-45
  106.4  3.61878973E-45
  106.5  3.61865295E-45
  106.6  3.61849174E-45
  106.7  3.61830602E-45
  106.8  3.61809575E-45
  106.9  3.61786084E-45
  107.  3.61760125E-45
  107.1  3.6173169E-45
  107.2  3.61700774E-45
  107.3  3.6166737E-45
  107.4  3.61631473E-45
  107.5  3.61593077E-45
  107.6  3.61552175E-45
  107.7  3.61508762E-45
  107.8  3.61462831E-45
  107.9  3.61414378E-45
  108.  3.61363396E-45
  108.1  3.61309879E-45
  108.2  3.61253823E-45
  108.3  3.61195221E-45
  108.4  3.61134068E-45
  108.5  3.61070359E-45
  108.6  3.61004088E-45
  108.7  3.60935249E-45
  108.8  3.60863839E-45
  108.9  3.6078985E-45
  109.  3.6071328E-45
  109.1  3.60634121E-45
  109.2  3.60552369E-45
  109.3  3.6046802E-45
  109.4  3.60381068E-45
  109.5  3.60291509E-45
  109.6  3.60199337E-45
  109.7  3.60104548E-45
  109.8  3.60007138E-45
  109.9  3.59907102E-45
  110.  3.59804435E-45
  110.1  3.59699133E-45
  110.2  3.59591191E-45
  110.3  3.59480606E-45
  110.4  3.59367373E-45
  110.5  3.59251487E-45
  110.6  3.59132946E-45
  110.7  3.59011744E-45
  110.8  3.58887877E-45
  110.9  3.58761342E-45
  111.  3.58632136E-45
  111.1  3.58500253E-45
  111.2  3.58365691E-45
  111.3  3.58228446E-45
  111.4  3.58088514E-45
  111.5  3.57945892E-45
  111.6  3.57800577E-45
  111.7  3.57652564E-45
  111.8  3.57501851E-45
  111.9  3.57348435E-45
  112.  3.57192312E-45
  112.1  3.5703348E-45
  112.2  3.56871935E-45
  112.3  3.56707675E-45
  112.4  3.56540696E-45
  112.5  3.56370996E-45
  112.6  3.56198573E-45
  112.7  3.56023423E-45
  112.8  3.55845544E-45
  112.9  3.55664934E-45
  113.  3.5548159E-45
  113.1  3.5529551E-45
  113.2  3.55106692E-45
  113.3  3.54915133E-45
  113.4  3.54720832E-45
  113.5  3.54523787E-45
  113.6  3.54323995E-45
  113.7  3.54121455E-45
  113.8  3.53916165E-45
  113.9  3.53708123E-45
  114.  3.53497328E-45
  114.1  3.53283779E-45
  114.2  3.53067473E-45
  114.3  3.52848409E-45
  114.4  3.52626587E-45
  114.5  3.52402005E-45
  114.6  3.52174661E-45
  114.7  3.51944555E-45
  114.8  3.51711686E-45
  114.9  3.51476053E-45
  115.  3.51237656E-45
  115.1  3.50996492E-45
  115.2  3.50752563E-45
  115.3  3.50505867E-45
  115.4  3.50256404E-45
  115.5  3.50004173E-45
  115.6  3.49749174E-45
  115.7  3.49491408E-45
  115.8  3.49230873E-45
  115.9  3.48967571E-45
  116.  3.487015E-45
  116.1  3.48432661E-45
  116.2  3.48161055E-45
  116.3  3.47886681E-45
  116.4  3.4760954E-45
  116.5  3.47329633E-45
  116.6  3.47046959E-45
  116.7  3.46761521E-45
  116.8  3.46473317E-45
  116.9  3.4618235E-45
  117.  3.4588862E-45
  117.1  3.45592129E-45
  117.2  3.45292876E-45
  117.3  3.44990865E-45
  117.4  3.44686094E-45
  117.5  3.44378567E-45
  117.6  3.44068285E-45
  117.7  3.43755248E-45
  117.8  3.43439459E-45
  117.9  3.4312092E-45
  118.  3.42799631E-45
  118.1  3.42475596E-45
  118.2  3.42148816E-45
  118.3  3.41819293E-45
  118.4  3.41487029E-45
  118.5  3.41152027E-45
  118.6  3.40814289E-45
  118.7  3.40473817E-45
  118.8  3.40130614E-45
  118.9  3.39784682E-45
  119.  3.39436025E-45
  119.1  3.39084644E-45
  119.2  3.38730543E-45
  119.3  3.38373725E-45
  119.4  3.38014193E-45
  119.5  3.3765195E-45
  119.6  3.37286999E-45
  119.7  3.36919344E-45
  119.8  3.36548988E-45
  119.9  3.36175934E-45
  120.  3.35800186E-45
  120.1  3.35421749E-45
  120.2  3.35040625E-45
  120.3  3.34656819E-45
  120.4  3.34270334E-45
  120.5  3.33881175E-45
  120.6  3.33489345E-45
  120.7  3.3309485E-45
  120.8  3.32697693E-45
  120.9  3.32297879E-45
  121.  3.31895412E-45
  121.1  3.31490297E-45
  121.2  3.31082539E-45
  121.3  3.30672142E-45
  121.4  3.30259112E-45
  121.5  3.29843453E-45
  121.6  3.29425171E-45
  121.7  3.2900427E-45
  121.8  3.28580757E-45
  121.9  3.28154635E-45
  122.  3.27725911E-45
  122.1  3.27294591E-45
  122.2  3.2686068E-45
  122.3  3.26424183E-45
  122.4  3.25985106E-45
  122.5  3.25543457E-45
  122.6  3.25099239E-45
  122.7  3.2465246E-45
  122.8  3.24203126E-45
  122.9  3.23751242E-45
  123.  3.23296816E-45
  123.1  3.22839854E-45
  123.2  3.22380362E-45
  123.3  3.21918347E-45
  123.4  3.21453815E-45
  123.5  3.20986775E-45
  123.6  3.20517231E-45
  123.7  3.20045192E-45
  123.8  3.19570665E-45
  123.9  3.19093657E-45
  124.  3.18614174E-45
  124.1  3.18132225E-45
  124.2  3.17647816E-45
  124.3  3.17160956E-45
  124.4  3.16671652E-45
  124.5  3.16179912E-45
  124.6  3.15685743E-45
  124.7  3.15189154E-45
  124.8  3.14690153E-45
  124.9  3.14188746E-45
  125.  3.13684944E-45
  125.1  3.13178753E-45
  125.2  3.12670183E-45
  125.3  3.12159241E-45
  125.4  3.11645937E-45
  125.5  3.11130279E-45
  125.6  3.10612275E-45
  125.7  3.10091934E-45
  125.8  3.09569266E-45
  125.9  3.09044279E-45
  126.  3.08516982E-45
  126.1  3.07987384E-45
  126.2  3.07455495E-45
  126.3  3.06921324E-45
  126.4  3.06384879E-45
  126.5  3.05846172E-45
  126.6  3.05305211E-45
  126.7  3.04762006E-45
  126.8  3.04216566E-45
  126.9  3.03668902E-45
  127.  3.03119023E-45
  127.1  3.02566939E-45
  127.2  3.02012661E-45
  127.3  3.01456198E-45
  127.4  3.0089756E-45
  127.5  3.00336759E-45
  127.6  2.99773804E-45
  127.7  2.99208706E-45
  127.8  2.98641475E-45
  127.9  2.98072122E-45
  128.  2.97500657E-45
  128.1  2.96927092E-45
  128.2  2.96351438E-45
  128.3  2.95773705E-45
  128.4  2.95193903E-45
  128.5  2.94612046E-45
  128.6  2.94028142E-45
  128.7  2.93442205E-45
  128.8  2.92854244E-45
  128.9  2.92264272E-45
  129.  2.916723E-45
  129.1  2.9107834E-45
  129.2  2.90482403E-45
  129.3  2.898845E-45
  129.4  2.89284644E-45
  129.5  2.88682847E-45
  129.6  2.8807912E-45
  129.7  2.87473475E-45
  129.8  2.86865925E-45
  129.9  2.86256481E-45
  130.  2.85645157E-45
  130.1  2.85031963E-45
  130.2  2.84416913E-45
  130.3  2.83800018E-45
  130.4  2.83181292E-45
  130.5  2.82560747E-45
  130.6  2.81938395E-45
  130.7  2.8131425E-45
  130.8  2.80688323E-45
  130.9  2.80060629E-45
  131.  2.79431179E-45
  131.1  2.78799987E-45
  131.2  2.78167065E-45
  131.3  2.77532427E-45
  131.4  2.76896087E-45
  131.5  2.76258056E-45
  131.6  2.75618349E-45
  131.7  2.74976978E-45
  131.8  2.74333958E-45
  131.9  2.73689302E-45
  132.  2.73043023E-45
  132.1  2.72395134E-45
  132.2  2.7174565E-45
  132.3  2.71094584E-45
  132.4  2.7044195E-45
  132.5  2.69787762E-45
  132.6  2.69132033E-45
  132.7  2.68474778E-45
  132.8  2.6781601E-45
  132.9  2.67155744E-45
  133.  2.66493993E-45
  133.1  2.65830773E-45
  133.2  2.65166096E-45
  133.3  2.64499978E-45
  133.4  2.63832432E-45
  133.5  2.63163474E-45
  133.6  2.62493116E-45
  133.7  2.61821375E-45
  133.8  2.61148264E-45
  133.9  2.60473798E-45
  134.  2.59797991E-45
  134.1  2.59120859E-45
  134.2  2.58442416E-45
  134.3  2.57762676E-45
  134.4  2.57081655E-45
  134.5  2.56399367E-45
  134.6  2.55715827E-45
  134.7  2.55031051E-45
  134.8  2.54345052E-45
  134.9  2.53657847E-45
  135.  2.5296945E-45
  135.1  2.52279876E-45
  135.2  2.51589141E-45
  135.3  2.50897259E-45
  135.4  2.50204246E-45
  135.5  2.49510117E-45
  135.6  2.48814888E-45
  135.7  2.48118573E-45
  135.8  2.47421189E-45
  135.9  2.46722749E-45
  136.  2.46023271E-45
  136.1  2.45322769E-45
  136.2  2.44621259E-45
  136.3  2.43918756E-45
  136.4  2.43215276E-45
  136.5  2.42510835E-45
  136.6  2.41805448E-45
  136.7  2.4109913E-45
  136.8  2.40391899E-45
  136.9  2.39683768E-45
  137.  2.38974754E-45
  137.1  2.38264873E-45
  137.2  2.37554141E-45
  137.3  2.36842573E-45
  137.4  2.36130185E-45
  137.5  2.35416993E-45
  137.6  2.34703012E-45
  137.7  2.3398826E-45
  137.8  2.33272751E-45
  137.9  2.32556502E-45
  138.  2.31839528E-45
  138.1  2.31121846E-45
  138.2  2.30403472E-45
  138.3  2.29684421E-45
  138.4  2.28964709E-45
  138.5  2.28244354E-45
  138.6  2.2752337E-45
  138.7  2.26801774E-45
  138.8  2.26079581E-45
  138.9  2.25356809E-45
  139.  2.24633472E-45
  139.1  2.23909588E-45
  139.2  2.23185172E-45
  139.3  2.22460241E-45
  139.4  2.2173481E-45
  139.5  2.21008896E-45
  139.6  2.20282514E-45
  139.7  2.19555682E-45
  139.8  2.18828415E-45
  139.9  2.18100729E-45
  140.  2.17372641E-45
  140.1  2.16644167E-45
  140.2  2.15915323E-45
  140.3  2.15186124E-45
  140.4  2.14456588E-45
  140.5  2.13726731E-45
  140.6  2.12996568E-45
  140.7  2.12266115E-45
  140.8  2.1153539E-45
  140.9  2.10804408E-45
  141.  2.10073186E-45
  141.1  2.09341738E-45
  141.2  2.08610083E-45
  141.3  2.07878235E-45
  141.4  2.07146211E-45
  141.5  2.06414027E-45
  141.6  2.05681699E-45
  141.7  2.04949244E-45
  141.8  2.04216677E-45
  141.9  2.03484014E-45
  142.  2.02751272E-45
  142.1  2.02018466E-45
  142.2  2.01285613E-45
  142.3  2.00552729E-45
  142.4  1.99819829E-45
  142.5  1.9908693E-45
  142.6  1.98354047E-45
  142.7  1.97621197E-45
  142.8  1.96888396E-45
  142.9  1.96155659E-45
  143.  1.95423002E-45
  143.1  1.94690442E-45
  143.2  1.93957993E-45
  143.3  1.93225673E-45
  143.4  1.92493496E-45
  143.5  1.91761479E-45
  143.6  1.91029636E-45
  143.7  1.90297985E-45
  143.8  1.89566541E-45
  143.9  1.88835319E-45
  144.  1.88104334E-45
  144.1  1.87373604E-45
  144.2  1.86643142E-45
  144.3  1.85912966E-45
  144.4  1.8518309E-45
  144.5  1.84453529E-45
  144.6  1.837243E-45
  144.7  1.82995417E-45
  144.8  1.82266896E-45
  144.9  1.81538753E-45
  145.  1.80811002E-45
  145.1  1.8008366E-45
  145.2  1.79356741E-45
  145.3  1.7863026E-45
  145.4  1.77904232E-45
  145.5  1.77178674E-45
  145.6  1.76453599E-45
  145.7  1.75729023E-45
  145.8  1.75004961E-45
  145.9  1.74281428E-45
  146.  1.73558439E-45
  146.1  1.72836008E-45
  146.2  1.7211415E-45
  146.3  1.71392881E-45
  146.4  1.70672215E-45
  146.5  1.69952166E-45
  146.6  1.6923275E-45
  146.7  1.6851398E-45
  146.8  1.67795872E-45
  146.9  1.6707844E-45
  147.  1.66361698E-45
  147.1  1.65645661E-45
  147.2  1.64930343E-45
  147.3  1.64215758E-45
  147.4  1.63501921E-45
  147.5  1.62788845E-45
  147.6  1.62076546E-45
  147.7  1.61365036E-45
  147.8  1.6065433E-45
  147.9  1.59944442E-45
  148.  1.59235386E-45
  148.1  1.58527176E-45
  148.2  1.57819825E-45
  148.3  1.57113347E-45
  148.4  1.56407756E-45
  148.5  1.55703065E-45
  148.6  1.54999288E-45
  148.7  1.54296439E-45
  148.8  1.5359453E-45
  148.9  1.52893576E-45
  149.  1.52193589E-45
  149.1  1.51494583E-45
  149.2  1.5079657E-45
  149.3  1.50099565E-45
  149.4  1.49403579E-45
  149.5  1.48708627E-45
  149.6  1.4801472E-45
  149.7  1.47321872E-45
  149.8  1.46630095E-45
  149.9  1.45939402E-45
  150.  1.45249807E-45
  150.1  1.4456132E-45
  150.2  1.43873955E-45
  150.3  1.43187724E-45
  150.4  1.4250264E-45
  150.5  1.41818715E-45
  150.6  1.4113596E-45
  150.7  1.40454389E-45
  150.8  1.39774013E-45
  150.9  1.39094844E-45
  151.  1.38416894E-45
  151.1  1.37740175E-45
  151.2  1.37064698E-45
  151.3  1.36390476E-45
  151.4  1.35717519E-45
  151.5  1.3504584E-45
  151.6  1.3437545E-45
  151.7  1.3370636E-45
  151.8  1.33038581E-45
  151.9  1.32372125E-45
  152.  1.31707003E-45
  152.1  1.31043226E-45
  152.2  1.30380805E-45
  152.3  1.2971975E-45
  152.4  1.29060073E-45
  152.5  1.28401785E-45
  152.6  1.27744895E-45
  152.7  1.27089414E-45
  152.8  1.26435354E-45
  152.9  1.25782724E-45
  153.  1.25131535E-45
  153.1  1.24481797E-45
  153.2  1.23833519E-45
  153.3  1.23186713E-45
  153.4  1.22541388E-45
  153.5  1.21897554E-45
  153.6  1.21255221E-45
  153.7  1.20614399E-45
  153.8  1.19975096E-45
  153.9  1.19337324E-45
  154.  1.18701091E-45
  154.1  1.18066406E-45
  154.2  1.17433279E-45
  154.3  1.16801719E-45
  154.4  1.16171736E-45
  154.5  1.15543338E-45
  154.6  1.14916534E-45
  154.7  1.14291333E-45
  154.8  1.13667744E-45
  154.9  1.13045775E-45
  155.  1.12425436E-45
  155.1  1.11806734E-45
  155.2  1.11189679E-45
  155.3  1.10574277E-45
  155.4  1.09960538E-45
  155.5  1.0934847E-45
  155.6  1.08738081E-45
  155.7  1.08129378E-45
  155.8  1.0752237E-45
  155.9  1.06917064E-45
  156.  1.06313469E-45
  156.1  1.05711591E-45
  156.2  1.05111438E-45
  156.3  1.04513018E-45
  156.4  1.03916337E-45
  156.5  1.03321404E-45
  156.6  1.02728225E-45
  156.7  1.02136807E-45
  156.8  1.01547158E-45
  156.9  1.00959283E-45
  157.  1.00373191E-45
  157.1  9.9788887E-46
  157.2  9.92063782E-46
  157.3  9.86256711E-46
  157.4  9.80467719E-46
  157.5  9.74696871E-46
  157.6  9.68944229E-46
  157.7  9.63209853E-46
  157.8  9.57493803E-46
  157.9  9.5179614E-46
  158.  9.46116922E-46
  158.1  9.40456205E-46
  158.2  9.34814047E-46
  158.3  9.29190502E-46
  158.4  9.23585627E-46
  158.5  9.17999474E-46
  158.6  9.12432096E-46
  158.7  9.06883545E-46
  158.8  9.01353872E-46
  158.9  8.95843128E-46
  159.  8.9035136E-46
  159.1  8.84878617E-46
  159.2  8.79424947E-46
  159.3  8.73990395E-46
  159.4  8.68575008E-46
  159.5  8.63178829E-46
  159.6  8.57801901E-46
  159.7  8.52444268E-46
  159.8  8.47105971E-46
  159.9  8.41787051E-46
  160.  8.36487548E-46
  160.1  8.31207499E-46
  160.2  8.25946944E-46
  160.3  8.20705919E-46
  160.4  8.15484461E-46
  160.5  8.10282604E-46
  160.6  8.05100383E-46
  160.7  7.99937831E-46
  160.8  7.9479498E-46
  160.9  7.89671863E-46
  161.  7.84568509E-46
  161.1  7.79484948E-46
  161.2  7.74421209E-46
  161.3  7.6937732E-46
  161.4  7.64353308E-46
  161.5  7.59349199E-46
  161.6  7.54365017E-46
  161.7  7.49400788E-46
  161.8  7.44456535E-46
  161.9  7.39532279E-46
  162.  7.34628043E-46
  162.1  7.29743848E-46
  162.2  7.24879712E-46
  162.3  7.20035655E-46
  162.4  7.15211696E-46
  162.5  7.1040785E-46
  162.6  7.05624134E-46
  162.7  7.00860565E-46
  162.8  6.96117155E-46
  162.9  6.91393919E-46
  163.  6.86690869E-46
  163.1  6.82008018E-46
  163.2  6.77345377E-46
  163.3  6.72702955E-46
  163.4  6.68080761E-46
  163.5  6.63478805E-46
  163.6  6.58897094E-46
  163.7  6.54335635E-46
  163.8  6.49794433E-46
  163.9  6.45273494E-46
  164.  6.40772821E-46
  164.1  6.36292419E-46
  164.2  6.3183229E-46
  164.3  6.27392435E-46
  164.4  6.22972855E-46
  164.5  6.18573551E-46
  164.6  6.14194522E-46
  164.7  6.09835765E-46
  164.8  6.0549728E-46
  164.9  6.01179062E-46
  165.  5.96881108E-46
  165.1  5.92603412E-46
  165.2  5.8834597E-46
  165.3  5.84108775E-46
  165.4  5.79891819E-46
  165.5  5.75695096E-46
  165.6  5.71518595E-46
  165.7  5.67362308E-46
  165.8  5.63226224E-46
  165.9  5.59110332E-46
  166.  5.55014621E-46
  166.1  5.50939078E-46
  166.2  5.46883689E-46
  166.3  5.42848441E-46
  166.4  5.38833318E-46
  166.5  5.34838305E-46
  166.6  5.30863387E-46
  166.7  5.26908544E-46
  166.8  5.22973761E-46
  166.9  5.19059019E-46
  167.  5.15164297E-46
  167.1  5.11289577E-46
  167.2  5.07434837E-46
  167.3  5.03600057E-46
  167.4  4.99785214E-46
  167.5  4.95990286E-46
  167.6  4.92215248E-46
  167.7  4.88460078E-46
  167.8  4.84724749E-46
  167.9  4.81009237E-46
  168.  4.77313516E-46
  168.1  4.73637558E-46
  168.2  4.69981336E-46
  168.3  4.66344822E-46
  168.4  4.62727987E-46
  168.5  4.59130802E-46
  168.6  4.55553236E-46
  168.7  4.51995259E-46
  168.8  4.48456839E-46
  168.9  4.44937945E-46
  169.  4.41438543E-46
  169.1  4.37958601E-46
  169.2  4.34498084E-46
  169.3  4.31056958E-46
  169.4  4.27635189E-46
  169.5  4.24232739E-46
  169.6  4.20849574E-46
  169.7  4.17485655E-46
  169.8  4.14140947E-46
  169.9  4.1081541E-46
  170.  4.07509006E-46
