  0.1  0.
  0.2  0.
  0.3  0.
  0.4  0.
  0.5  0.
  0.6  0.
  0.7  0.
  0.8  0.
  0.9  0.
  1.  0.
  1.1  0.
  1.2  0.
  1.3  0.
  1.4  0.
  1.5  0.
  1.6  0.
  1.7  0.
  1.8  0.
  1.9  0.
  2.  0.
  2.1  0.
  2.2  0.
  2.3  0.
  2.4  0.
  2.5  0.
  2.6  0.
  2.7  0.
  2.8  0.
  2.9  0.
  3.  0.
  3.1  0.
  3.2  0.
  3.3  0.
  3.4  0.
  3.5  0.
  3.6  0.
  3.7  0.
  3.8  0.
  3.9  0.
  4.  0.
  4.1  0.
  4.2  0.
  4.3  0.
  4.4  0.
  4.5  0.
  4.6  0.
  4.7  0.
  4.8  0.
  4.9  0.
  5.  0.
  5.1  0.
  5.2  0.
  5.3  0.
  5.4  0.
  5.5  0.
  5.6  0.
  5.7  0.
  5.8  0.
  5.9  0.
  6.  0.
  6.1  0.
  6.2  0.
  6.3  0.
  6.4  0.
  6.5  0.
  6.6  0.
  6.7  0.
  6.8  0.
  6.9  0.
  7.  0.
  7.1  0.
  7.2  0.
  7.3  0.
  7.4  0.
  7.5  0.
  7.6  0.
  7.7  0.
  7.8  0.
  7.9  0.
  8.  0.
  8.1  0.
  8.2  0.
  8.3  0.
  8.4  0.
  8.5  0.
  8.6  0.
  8.7  0.
  8.8  0.
  8.9  0.
  9.  0.
  9.1  0.
  9.2  0.
  9.3  0.
  9.4  0.
  9.5  0.
  9.6  0.
  9.7  0.
  9.8  0.
  9.9  0.
  10.  0.
  10.1  0.
  10.2  0.
  10.3  0.
  10.4  0.
  10.5  0.
  10.6  0.
  10.7  0.
  10.8  0.
  10.9  0.
  11.  0.
  11.1  0.
  11.2  0.
  11.3  0.
  11.4  0.
  11.5  4.94532863E-75
  11.6  6.47383259E-74
  11.7  1.93597404E-72
  11.8  1.14132665E-70
  11.9  1.1447044E-68
  12.  1.6855837E-66
  12.1  3.14471633E-64
  12.2  6.41486343E-62
  12.3  1.23472075E-59
  12.4  1.935201E-57
  12.5  2.13137573E-55
  12.6  1.42354489E-53
  12.7  4.97576811E-52
  12.8  7.8546624E-51
  12.9  4.83252315E-50
  13.  1.E-49
  13.1  1.14140651E-49
  13.2  1.30016954E-49
  13.3  1.47803622E-49
  13.4  1.67687914E-49
  13.5  1.8986993E-49
  13.6  2.1456284E-49
  13.7  2.41993033E-49
  13.8  2.72400188E-49
  13.9  3.06037239E-49
  14.  3.43170247E-49
  14.1  3.84078155E-49
  14.2  4.29052425E-49
  14.3  4.78396549E-49
  14.4  5.32425424E-49
  14.5  5.91464591E-49
  14.6  6.55849332E-49
  14.7  7.25923613E-49
  14.8  8.02038888E-49
  14.9  8.8455275E-49
  15.  9.7382743E-49
  15.1  1.07022816E-48
  15.2  1.17412137E-48
  15.3  1.2858728E-48
  15.4  1.40584543E-48
  15.5  1.53439731E-48
  15.6  1.67187931E-48
  15.7  1.81863276E-48
  15.8  1.97498694E-48
  15.9  2.14125669E-48
  16.  2.31773973E-48
  16.1  2.5047142E-48
  16.2  2.70243599E-48
  16.3  2.91113622E-48
  16.4  3.13101869E-48
  16.5  3.36225742E-48
  16.6  3.60499426E-48
  16.7  3.85933659E-48
  16.8  4.1253552E-48
  16.9  4.40308224E-48
  17.  4.69250942E-48
  17.1  4.99358632E-48
  17.2  5.30621902E-48
  17.3  5.63026882E-48
  17.4  5.96555132E-48
  17.5  6.31183569E-48
  17.6  6.66884426E-48
  17.7  7.03625231E-48
  17.8  7.41368825E-48
  17.9  7.80073399E-48
  18.  8.19692572E-48
  18.1  8.60175481E-48
  18.2  9.01466921E-48
  18.3  9.43507497E-48
  18.4  9.86233811E-48
  18.5  1.02957867E-47
  18.6  1.07347134E-47
  18.7  1.11783779E-47
  18.8  1.16260097E-47
  18.9  1.20768114E-47
  19.  1.25299617E-47
  19.1  1.29846189E-47
  19.2  1.34399243E-47
  19.3  1.3895006E-47
  19.4  1.43489823E-47
  19.5  1.48009659E-47
  19.6  1.52500671E-47
  19.7  1.56953984E-47
  19.8  1.61360774E-47
  19.9  1.65712313E-47
  20.  1.7E-47
  20.1  1.74320179E-47
  20.2  1.78777467E-47
  20.3  1.8337587E-47
  20.4  1.88119494E-47
  20.5  1.93012546E-47
  20.6  1.98059333E-47
  20.7  2.03264267E-47
  20.8  2.0863186E-47
  20.9  2.14166729E-47
  21.  2.19873594E-47
  21.1  2.25757277E-47
  21.2  2.31822704E-47
  21.3  2.38074905E-47
  21.4  2.44519011E-47
  21.5  2.51160253E-47
  21.6  2.58003966E-47
  21.7  2.65055582E-47
  21.8  2.7232063E-47
  21.9  2.79804739E-47
  22.  2.87513629E-47
  22.1  2.95453112E-47
  22.2  3.03629092E-47
  22.3  3.12047555E-47
  22.4  3.20714574E-47
  22.5  3.296363E-47
  22.6  3.3881896E-47
  22.7  3.4826885E-47
  22.8  3.57992334E-47
  22.9  3.67995836E-47
  23.  3.78285837E-47
  23.1  3.88868865E-47
  23.2  3.9975149E-47
  23.3  4.1094032E-47
  23.4  4.22441986E-47
  23.5  4.34263144E-47
  23.6  4.46410454E-47
  23.7  4.58890583E-47
  23.8  4.71710184E-47
  23.9  4.84875896E-47
  24.  4.98394322E-47
  24.1  5.12272027E-47
  24.2  5.26515519E-47
  24.3  5.41131239E-47
  24.4  5.56125546E-47
  24.5  5.71504703E-47
  24.6  5.87274863E-47
  24.7  6.0344205E-47
  24.8  6.20012148E-47
  24.9  6.36990876E-47
  25.  6.54383778E-47
  25.1  6.72196199E-47
  25.2  6.9043327E-47
  25.3  7.09099884E-47
  25.4  7.28200677E-47
  25.5  7.47740007E-47
  25.6  7.67721931E-47
  25.7  7.88150186E-47
  25.8  8.0902816E-47
  25.9  8.30358871E-47
  26.  8.52144945E-47
  26.1  8.74388587E-47
  26.2  8.97091557E-47
  26.3  9.20255146E-47
  26.4  9.43880145E-47
  26.5  9.67966825E-47
  26.6  9.92514903E-47
  26.7  1.01752352E-46
  26.8  1.04299121E-46
  26.9  1.06891587E-46
  27.  1.09529475E-46
  27.1  1.12212439E-46
  27.2  1.14940062E-46
  27.3  1.17711855E-46
  27.4  1.20527247E-46
  27.5  1.23385593E-46
  27.6  1.26286159E-46
  27.7  1.29228132E-46
  27.8  1.32210608E-46
  27.9  1.35232592E-46
  28.  1.38293E-46
  28.1  1.41390649E-46
  28.2  1.44524262E-46
  28.3  1.47692463E-46
  28.4  1.50893772E-46
  28.5  1.5412661E-46
  28.6  1.57389291E-46
  28.7  1.60680025E-46
  28.8  1.63996914E-46
  28.9  1.67337952E-46
  29.  1.70701023E-46
  29.1  1.74083904E-46
  29.2  1.7748426E-46
  29.3  1.80899647E-46
  29.4  1.8432751E-46
  29.5  1.87765187E-46
  29.6  1.91209904E-46
  29.7  1.94658783E-46
  29.8  1.98108835E-46
  29.9  2.01556972E-46
  30.  2.05E-46
  30.1  2.08473509E-46
  30.2  2.1201598E-46
  30.3  2.15628484E-46
  30.4  2.19312096E-46
  30.5  2.23067899E-46
  30.6  2.26896977E-46
  30.7  2.30800421E-46
  30.8  2.34779323E-46
  30.9  2.38834778E-46
  31.  2.42967885E-46
  31.1  2.47179739E-46
  31.2  2.51471441E-46
  31.3  2.55844085E-46
  31.4  2.6029877E-46
  31.5  2.64836586E-46
  31.6  2.69458624E-46
  31.7  2.74165969E-46
  31.8  2.78959699E-46
  31.9  2.83840888E-46
  32.  2.888106E-46
  32.1  2.93869891E-46
  32.2  2.99019805E-46
  32.3  3.04261378E-46
  32.4  3.0959563E-46
  32.5  3.15023568E-46
  32.6  3.20546183E-46
  32.7  3.2616445E-46
  32.8  3.31879324E-46
  32.9  3.37691742E-46
  33.  3.43602617E-46
  33.1  3.49612839E-46
  33.2  3.55723276E-46
  33.3  3.61934767E-46
  33.4  3.68248122E-46
  33.5  3.74664122E-46
  33.6  3.81183515E-46
  33.7  3.87807017E-46
  33.8  3.94535306E-46
  33.9  4.01369023E-46
  34.  4.08308769E-46
  34.1  4.15355103E-46
  34.2  4.2250854E-46
  34.3  4.29769547E-46
  34.4  4.37138546E-46
  34.5  4.44615905E-46
  34.6  4.52201942E-46
  34.7  4.59896916E-46
  34.8  4.67701032E-46
  34.9  4.75614432E-46
  35.  4.83637199E-46
  35.1  4.91769349E-46
  35.2  5.00010829E-46
  35.3  5.0836152E-46
  35.4  5.1682123E-46
  35.5  5.25389689E-46
  35.6  5.34066553E-46
  35.7  5.42851397E-46
  35.8  5.51743714E-46
  35.9  5.60742913E-46
  36.  5.69848312E-46
  36.1  5.79059143E-46
  36.2  5.88374544E-46
  36.3  5.97793557E-46
  36.4  6.07315127E-46
  36.5  6.16938099E-46
  36.6  6.26661215E-46
  36.7  6.36483112E-46
  36.8  6.46402319E-46
  36.9  6.56417258E-46
  37.  6.66526234E-46
  37.1  6.7672744E-46
  37.2  6.87018953E-46
  37.3  6.9739873E-46
  37.4  7.07864606E-46
  37.5  7.18414295E-46
  37.6  7.29045384E-46
  37.7  7.39755334E-46
  37.8  7.50541476E-46
  37.9  7.61401013E-46
  38.  7.72331013E-46
  38.1  7.83328412E-46
  38.2  7.94390011E-46
  38.3  8.05512474E-46
  38.4  8.16692329E-46
  38.5  8.27925965E-46
  38.6  8.39209631E-46
  38.7  8.50539437E-46
  38.8  8.61911352E-46
  38.9  8.73321206E-46
  39.  8.84764687E-46
  39.1  8.9623734E-46
  39.2  9.07734573E-46
  39.3  9.1925165E-46
  39.4  9.30783697E-46
  39.5  9.42325702E-46
  39.6  9.53872511E-46
  39.7  9.65418837E-46
  39.8  9.76959254E-46
  39.9  9.88488205E-46
  40.  1.E-45
  40.1  1.01156311E-45
  40.2  1.02325038E-45
  40.3  1.03506255E-45
  40.4  1.04700034E-45
  40.5  1.05906448E-45
  40.6  1.07125568E-45
  40.7  1.08357462E-45
  40.8  1.09602199E-45
  40.9  1.10859846E-45
  41.  1.12130467E-45
  41.1  1.13414127E-45
  41.2  1.14710887E-45
  41.3  1.16020808E-45
  41.4  1.1734395E-45
  41.5  1.18680369E-45
  41.6  1.2003012E-45
  41.7  1.21393257E-45
  41.8  1.22769831E-45
  41.9  1.24159893E-45
  42.  1.25563489E-45
  42.1  1.26980665E-45
  42.2  1.28411465E-45
  42.3  1.29855929E-45
  42.4  1.31314097E-45
  42.5  1.32786004E-45
  42.6  1.34271684E-45
  42.7  1.3577117E-45
  42.8  1.37284489E-45
  42.9  1.38811669E-45
  43.  1.40352732E-45
  43.1  1.41907699E-45
  43.2  1.43476589E-45
  43.3  1.45059416E-45
  43.4  1.46656192E-45
  43.5  1.48266927E-45
  43.6  1.49891626E-45
  43.7  1.51530291E-45
  43.8  1.53182922E-45
  43.9  1.54849514E-45
  44.  1.56530061E-45
  44.1  1.58224552E-45
  44.2  1.59932971E-45
  44.3  1.616553E-45
  44.4  1.63391517E-45
  44.5  1.65141598E-45
  44.6  1.66905511E-45
  44.7  1.68683223E-45
  44.8  1.70474697E-45
  44.9  1.7227989E-45
  45.  1.74098757E-45
  45.1  1.75931247E-45
  45.2  1.77777306E-45
  45.3  1.79636874E-45
  45.4  1.81509889E-45
  45.5  1.83396281E-45
  45.6  1.85295979E-45
  45.7  1.87208904E-45
  45.8  1.89134974E-45
  45.9  1.91074102E-45
  46.  1.93026196E-45
  46.1  1.94991159E-45
  46.2  1.96968888E-45
  46.3  1.98959276E-45
  46.4  2.00962211E-45
  46.5  2.02977573E-45
  46.6  2.05005241E-45
  46.7  2.07045085E-45
  46.8  2.0909697E-45
  46.9  2.11160758E-45
  47.  2.13236301E-45
  47.1  2.1532345E-45
  47.2  2.17422047E-45
  47.3  2.19531928E-45
  47.4  2.21652926E-45
  47.5  2.23784866E-45
  47.6  2.25927566E-45
  47.7  2.28080839E-45
  47.8  2.30244494E-45
  47.9  2.3241833E-45
  48.  2.34602143E-45
  48.1  2.3679572E-45
  48.2  2.38998843E-45
  48.3  2.41211289E-45
  48.4  2.43432825E-45
  48.5  2.45663216E-45
  48.6  2.47902217E-45
  48.7  2.50149577E-45
  48.8  2.5240504E-45
  48.9  2.54668343E-45
  49.  2.56939214E-45
  49.1  2.59217378E-45
  49.2  2.61502551E-45
  49.3  2.63794442E-45
  49.4  2.66092754E-45
  49.5  2.68397185E-45
  49.6  2.70707423E-45
  49.7  2.7302315E-45
  49.8  2.75344044E-45
  49.9  2.77669773E-45
  50.  2.8E-45
  50.1  2.8234253E-45
  50.2  2.84705439E-45
  50.3  2.87088792E-45
  50.4  2.89492647E-45
  50.5  2.91917063E-45
  50.6  2.94362096E-45
  50.7  2.96827798E-45
  50.8  2.99314221E-45
  50.9  3.0182141E-45
  51.  3.04349412E-45
  51.1  3.06898268E-45
  51.2  3.09468018E-45
  51.3  3.12058697E-45
  51.4  3.14670338E-45
  51.5  3.17302972E-45
  51.6  3.19956624E-45
  51.7  3.22631318E-45
  51.8  3.25327073E-45
  51.9  3.28043907E-45
  52.  3.30781831E-45
  52.1  3.33540856E-45
  52.2  3.36320985E-45
  52.3  3.39122221E-45
  52.4  3.41944561E-45
  52.5  3.44787999E-45
  52.6  3.47652525E-45
  52.7  3.50538123E-45
  52.8  3.53444775E-45
  52.9  3.56372457E-45
  53.  3.59321142E-45
  53.1  3.62290798E-45
  53.2  3.65281387E-45
  53.3  3.68292868E-45
  53.4  3.71325195E-45
  53.5  3.74378317E-45
  53.6  3.77452177E-45
  53.7  3.80546713E-45
  53.8  3.83661861E-45
  53.9  3.86797547E-45
  54.  3.89953694E-45
  54.1  3.93130221E-45
  54.2  3.9632704E-45
  54.3  3.99544056E-45
  54.4  4.0278117E-45
  54.5  4.06038277E-45
  54.6  4.09315267E-45
  54.7  4.12612022E-45
  54.8  4.15928418E-45
  54.9  4.19264328E-45
  55.  4.22619615E-45
  55.1  4.25994137E-45
  55.2  4.29387746E-45
  55.3  4.32800288E-45
  55.4  4.36231601E-45
  55.5  4.39681516E-45
  55.6  4.4314986E-45
  55.7  4.46636449E-45
  55.8  4.50141096E-45
  55.9  4.53663604E-45
  56.  4.5720377E-45
  56.1  4.60761386E-45
  56.2  4.64336232E-45
  56.3  4.67928084E-45
  56.4  4.7153671E-45
  56.5  4.7516187E-45
  56.6  4.78803317E-45
  56.7  4.82460796E-45
  56.8  4.86134043E-45
  56.9  4.89822788E-45
  57.  4.93526752E-45
  57.1  4.97245649E-45
  57.2  5.00979183E-45
  57.3  5.04727053E-45
  57.4  5.08488948E-45
  57.5  5.12264547E-45
  57.6  5.16053523E-45
  57.7  5.19855541E-45
  57.8  5.23670257E-45
  57.9  5.27497317E-45
  58.  5.3133636E-45
  58.1  5.35187016E-45
  58.2  5.39048908E-45
  58.3  5.42921646E-45
  58.4  5.46804837E-45
  58.5  5.50698075E-45
  58.6  5.54600946E-45
  58.7  5.58513028E-45
  58.8  5.62433891E-45
  58.9  5.66363094E-45
  59.  5.70300188E-45
  59.1  5.74244716E-45
  59.2  5.78196211E-45
  59.3  5.82154197E-45
  59.4  5.86118189E-45
  59.5  5.90087694E-45
  59.6  5.94062208E-45
  59.7  5.98041221E-45
  59.8  6.02024212E-45
  59.9  6.06010651E-45
  60.  6.1E-45
  60.1  6.14002176E-45
  60.2  6.18027527E-45
  60.3  6.22076147E-45
  60.4  6.26148134E-45
  60.5  6.30243585E-45
  60.6  6.34362596E-45
  60.7  6.38505262E-45
  60.8  6.42671681E-45
  60.9  6.4686195E-45
  61.  6.51076163E-45
  61.1  6.55314418E-45
  61.2  6.59576811E-45
  61.3  6.63863437E-45
  61.4  6.68174394E-45
  61.5  6.72509776E-45
  61.6  6.76869681E-45
  61.7  6.81254202E-45
  61.8  6.85663438E-45
  61.9  6.90097482E-45
  62.  6.94556431E-45
  62.1  6.99040379E-45
  62.2  7.03549423E-45
  62.3  7.08083657E-45
  62.4  7.12643176E-45
  62.5  7.17228075E-45
  62.6  7.2183845E-45
  62.7  7.26474394E-45
  62.8  7.31136001E-45
  62.9  7.35823367E-45
  63.  7.40536585E-45
  63.1  7.45275749E-45
  63.2  7.50040953E-45
  63.3  7.5483229E-45
  63.4  7.59649854E-45
  63.5  7.64493738E-45
  63.6  7.69364034E-45
  63.7  7.74260835E-45
  63.8  7.79184234E-45
  63.9  7.84134323E-45
  64.  7.89111193E-45
  64.1  7.94114937E-45
  64.2  7.99145645E-45
  64.3  8.0420341E-45
  64.4  8.09288321E-45
  64.5  8.1440047E-45
  64.6  8.19539946E-45
  64.7  8.2470684E-45
  64.8  8.29901242E-45
  64.9  8.3512324E-45
  65.  8.40372923E-45
  65.1  8.45650381E-45
  65.2  8.50955702E-45
  65.3  8.56288973E-45
  65.4  8.61650282E-45
  65.5  8.67039717E-45
  65.6  8.72457365E-45
  65.7  8.77903311E-45
  65.8  8.83377643E-45
  65.9  8.88880445E-45
  66.  8.94411803E-45
  66.1  8.99971802E-45
  66.2  9.05560526E-45
  66.3  9.1117806E-45
  66.4  9.16824486E-45
  66.5  9.22499888E-45
  66.6  9.28204349E-45
  66.7  9.3393795E-45
  66.8  9.39700774E-45
  66.9  9.45492901E-45
  67.  9.51314412E-45
  67.1  9.57165388E-45
  67.2  9.63045907E-45
  67.3  9.68956049E-45
  67.4  9.74895893E-45
  67.5  9.80865516E-45
  67.6  9.86864997E-45
  67.7  9.9289441E-45
  67.8  9.98953834E-45
  67.9  1.00504334E-44
  68.  1.01116301E-44
  68.1  1.01731292E-44
  68.2  1.02349313E-44
  68.3  1.02970373E-44
  68.4  1.03594478E-44
  68.5  1.04221636E-44
  68.6  1.04851854E-44
  68.7  1.05485138E-44
  68.8  1.06121496E-44
  68.9  1.06760935E-44
  69.  1.07403462E-44
  69.1  1.08049083E-44
  69.2  1.08697805E-44
  69.3  1.09349635E-44
  69.4  1.10004579E-44
  69.5  1.10662644E-44
  69.6  1.11323836E-44
  69.7  1.11988161E-44
  69.8  1.12655626E-44
  69.9  1.13326237E-44
  70.  1.14E-44
  70.1  1.14677353E-44
  70.2  1.15358733E-44
  70.3  1.16044146E-44
  70.4  1.16733598E-44
  70.5  1.17427094E-44
  70.6  1.18124639E-44
  70.7  1.18826237E-44
  70.8  1.19531892E-44
  70.9  1.20241608E-44
  71.  1.20955389E-44
  71.1  1.21673238E-44
  71.2  1.22395158E-44
  71.3  1.23121152E-44
  71.4  1.23851221E-44
  71.5  1.24585367E-44
  71.6  1.25323593E-44
  71.7  1.26065899E-44
  71.8  1.26812286E-44
  71.9  1.27562754E-44
  72.  1.28317303E-44
  72.1  1.29075933E-44
  72.2  1.29838643E-44
  72.3  1.30605432E-44
  72.4  1.31376298E-44
  72.5  1.32151239E-44
  72.6  1.32930253E-44
  72.7  1.33713337E-44
  72.8  1.34500488E-44
  72.9  1.35291701E-44
  73.  1.36086973E-44
  73.1  1.36886298E-44
  73.2  1.37689673E-44
  73.3  1.38497091E-44
  73.4  1.39308546E-44
  73.5  1.40124031E-44
  73.6  1.40943541E-44
  73.7  1.41767066E-44
  73.8  1.425946E-44
  73.9  1.43426133E-44
  74.  1.44261657E-44
  74.1  1.45101161E-44
  74.2  1.45944637E-44
  74.3  1.46792073E-44
  74.4  1.47643459E-44
  74.5  1.48498782E-44
  74.6  1.4935803E-44
  74.7  1.5022119E-44
  74.8  1.5108825E-44
  74.9  1.51959195E-44
  75.  1.52834011E-44
  75.1  1.53712683E-44
  75.2  1.54595194E-44
  75.3  1.55481529E-44
  75.4  1.56371671E-44
  75.5  1.57265602E-44
  75.6  1.58163304E-44
  75.7  1.59064759E-44
  75.8  1.59969947E-44
  75.9  1.60878848E-44
  76.  1.61791441E-44
  76.1  1.62707705E-44
  76.2  1.63627619E-44
  76.3  1.64551159E-44
  76.4  1.65478303E-44
  76.5  1.66409026E-44
  76.6  1.67343304E-44
  76.7  1.68281111E-44
  76.8  1.69222421E-44
  76.9  1.70167209E-44
  77.  1.71115445E-44
  77.1  1.72067103E-44
  77.2  1.73022153E-44
  77.3  1.73980566E-44
  77.4  1.74942311E-44
  77.5  1.75907357E-44
  77.6  1.76875673E-44
  77.7  1.77847227E-44
  77.8  1.78821984E-44
  77.9  1.79799911E-44
  78.  1.80780973E-44
  78.1  1.81765134E-44
  78.2  1.82752359E-44
  78.3  1.83742609E-44
  78.4  1.84735848E-44
  78.5  1.85732036E-44
  78.6  1.86731134E-44
  78.7  1.87733101E-44
  78.8  1.88737897E-44
  78.9  1.8974548E-44
  79.  1.90755807E-44
  79.1  1.91768834E-44
  79.2  1.92784517E-44
  79.3  1.93802811E-44
  79.4  1.94823669E-44
  79.5  1.95847046E-44
  79.6  1.96872893E-44
  79.7  1.97901162E-44
  79.8  1.98931803E-44
  79.9  1.99964766E-44
  80.  2.01E-44
  80.1  2.02037372E-44
  80.2  2.03076782E-44
  80.3  2.04118224E-44
  80.4  2.05161694E-44
  80.5  2.0620719E-44
  80.6  2.07254707E-44
  80.7  2.08304242E-44
  80.8  2.09355791E-44
  80.9  2.10409352E-44
  81.  2.11464921E-44
  81.1  2.12522495E-44
  81.2  2.13582073E-44
  81.3  2.14643652E-44
  81.4  2.15707229E-44
  81.5  2.16772804E-44
  81.6  2.17840373E-44
  81.7  2.18909936E-44
  81.8  2.19981491E-44
  81.9  2.21055037E-44
  82.  2.22130574E-44
  82.1  2.232081E-44
  82.2  2.24287615E-44
  82.3  2.25369118E-44
  82.4  2.26452611E-44
  82.5  2.27538093E-44
  82.6  2.28625564E-44
  82.7  2.29715025E-44
  82.8  2.30806477E-44
  82.9  2.31899921E-44
  83.  2.32995359E-44
  83.1  2.34092792E-44
  83.2  2.35192221E-44
  83.3  2.3629365E-44
  83.4  2.3739708E-44
  83.5  2.38502513E-44
  83.6  2.39609953E-44
  83.7  2.40719403E-44
  83.8  2.41830866E-44
  83.9  2.42944345E-44
  84.  2.44059845E-44
  84.1  2.45177369E-44
  84.2  2.46296922E-44
  84.3  2.47418508E-44
  84.4  2.48542132E-44
  84.5  2.496678E-44
  84.6  2.50795516E-44
  84.7  2.51925287E-44
  84.8  2.53057118E-44
  84.9  2.54191015E-44
  85.  2.55326986E-44
  85.1  2.56465036E-44
  85.2  2.57605174E-44
  85.3  2.58747405E-44
  85.4  2.59891738E-44
  85.5  2.61038181E-44
  85.6  2.62186742E-44
  85.7  2.63337429E-44
  85.8  2.64490252E-44
  85.9  2.65645219E-44
  86.  2.66802339E-44
  86.1  2.67961623E-44
  86.2  2.6912308E-44
  86.3  2.70286721E-44
  86.4  2.71452556E-44
  86.5  2.72620596E-44
  86.6  2.73790852E-44
  86.7  2.74963336E-44
  86.8  2.7613806E-44
  86.9  2.77315036E-44
  87.  2.78494276E-44
  87.1  2.79675794E-44
  87.2  2.80859601E-44
  87.3  2.82045713E-44
  87.4  2.83234141E-44
  87.5  2.84424902E-44
  87.6  2.85618008E-44
  87.7  2.86813476E-44
  87.8  2.88011319E-44
  87.9  2.89211554E-44
  88.  2.90414196E-44
  88.1  2.91619261E-44
  88.2  2.92826766E-44
  88.3  2.94036728E-44
  88.4  2.95249164E-44
  88.5  2.96464091E-44
  88.6  2.97681528E-44
  88.7  2.98901492E-44
  88.8  3.00124002E-44
  88.9  3.01349077E-44
  89.  3.02576737E-44
  89.1  3.03807001E-44
  89.2  3.05039889E-44
  89.3  3.06275422E-44
  89.4  3.0751362E-44
  89.5  3.08754505E-44
  89.6  3.09998099E-44
  89.7  3.11244422E-44
  89.8  3.12493499E-44
  89.9  3.1374535E-44
  90.  3.15E-44
  90.1  3.16258143E-44
  90.2  3.17520452E-44
  90.3  3.18786914E-44
  90.4  3.20057518E-44
  90.5  3.21332251E-44
  90.6  3.22611101E-44
  90.7  3.23894053E-44
  90.8  3.25181095E-44
  90.9  3.26472214E-44
  91.  3.27767394E-44
  91.1  3.29066621E-44
  91.2  3.3036988E-44
  91.3  3.31677157E-44
  91.4  3.32988435E-44
  91.5  3.34303699E-44
  91.6  3.35622932E-44
  91.7  3.36946117E-44
  91.8  3.38273238E-44
  91.9  3.39604276E-44
  92.  3.40939215E-44
  92.1  3.42278035E-44
  92.2  3.43620717E-44
  92.3  3.44967244E-44
  92.4  3.46317596E-44
  92.5  3.47671752E-44
  92.6  3.49029692E-44
  92.7  3.50391396E-44
  92.8  3.51756843E-44
  92.9  3.53126011E-44
  93.  3.54498879E-44
  93.1  3.55875423E-44
  93.2  3.57255622E-44
  93.3  3.58639453E-44
  93.4  3.60026891E-44
  93.5  3.61417912E-44
  93.6  3.62812493E-44
  93.7  3.64210609E-44
  93.8  3.65612234E-44
  93.9  3.67017342E-44
  94.  3.68425908E-44
  94.1  3.69837905E-44
  94.2  3.71253305E-44
  94.3  3.72672082E-44
  94.4  3.74094207E-44
  94.5  3.75519652E-44
  94.6  3.76948389E-44
  94.7  3.78380387E-44
  94.8  3.79815618E-44
  94.9  3.81254051E-44
  95.  3.82695655E-44
  95.1  3.841404E-44
  95.2  3.85588253E-44
  95.3  3.87039183E-44
  95.4  3.88493157E-44
  95.5  3.89950142E-44
  95.6  3.91410105E-44
  95.7  3.92873012E-44
  95.8  3.94338827E-44
  95.9  3.95807517E-44
  96.  3.97279046E-44
  96.1  3.98753379E-44
  96.2  4.00230477E-44
  96.3  4.01710306E-44
  96.4  4.03192827E-44
  96.5  4.04678003E-44
  96.6  4.06165794E-44
  96.7  4.07656164E-44
  96.8  4.09149071E-44
  96.9  4.10644477E-44
  97.  4.1214234E-44
  97.1  4.1364262E-44
  97.2  4.15145276E-44
  97.3  4.16650266E-44
  97.4  4.18157547E-44
  97.5  4.19667077E-44
  97.6  4.21178812E-44
  97.7  4.22692708E-44
  97.8  4.2420872E-44
  97.9  4.25726805E-44
  98.  4.27246915E-44
  98.1  4.28769006E-44
  98.2  4.30293031E-44
  98.3  4.31818943E-44
  98.4  4.33346694E-44
  98.5  4.34876236E-44
  98.6  4.3640752E-44
  98.7  4.37940498E-44
  98.8  4.3947512E-44
  98.9  4.41011335E-44
  99.  4.42549094E-44
  99.1  4.44088344E-44
  99.2  4.45629033E-44
  99.3  4.47171111E-44
  99.4  4.48714523E-44
  99.5  4.50259216E-44
  99.6  4.51805137E-44
  99.7  4.53352231E-44
  99.8  4.54900444E-44
  99.9  4.56449719E-44
  100.  4.58E-44
  100.1  4.59552742E-44
  100.2  4.61109424E-44
  100.3  4.62670032E-44
  100.4  4.64234549E-44
  100.5  4.65802959E-44
  100.6  4.67375247E-44
  100.7  4.68951394E-44
  100.8  4.70531384E-44
  100.9  4.721152E-44
  101.  4.73702824E-44
  101.1  4.75294238E-44
  101.2  4.76889424E-44
  101.3  4.78488363E-44
  101.4  4.80091036E-44
  101.5  4.81697425E-44
  101.6  4.83307509E-44
  101.7  4.84921269E-44
  101.8  4.86538684E-44
  101.9  4.88159736E-44
  102.  4.89784401E-44
  102.1  4.9141266E-44
  102.2  4.93044492E-44
  102.3  4.94679873E-44
  102.4  4.96318783E-44
  102.5  4.97961199E-44
  102.6  4.99607098E-44
  102.7  5.01256458E-44
  102.8  5.02909254E-44
  102.9  5.04565464E-44
  103.  5.06225063E-44
  103.1  5.07888027E-44
  103.2  5.09554331E-44
  103.3  5.1122395E-44
  103.4  5.12896859E-44
  103.5  5.14573032E-44
  103.6  5.16252442E-44
  103.7  5.17935065E-44
  103.8  5.19620872E-44
  103.9  5.21309837E-44
  104.  5.23001932E-44
  104.1  5.2469713E-44
  104.2  5.26395402E-44
  104.3  5.2809672E-44
  104.4  5.29801055E-44
  104.5  5.31508378E-44
  104.6  5.33218659E-44
  104.7  5.34931868E-44
  104.8  5.36647975E-44
  104.9  5.3836695E-44
  105.  5.4008876E-44
  105.1  5.41813376E-44
  105.2  5.43540764E-44
  105.3  5.45270894E-44
  105.4  5.47003732E-44
  105.5  5.48739246E-44
  105.6  5.50477403E-44
  105.7  5.52218168E-44
  105.8  5.53961508E-44
  105.9  5.55707388E-44
  106.  5.57455775E-44
  106.1  5.59206632E-44
  106.2  5.60959924E-44
  106.3  5.62715616E-44
  106.4  5.64473671E-44
  106.5  5.66234052E-44
  106.6  5.67996723E-44
  106.7  5.69761646E-44
  106.8  5.71528783E-44
  106.9  5.73298096E-44
  107.  5.75069548E-44
  107.1  5.76843098E-44
  107.2  5.78618707E-44
  107.3  5.80396336E-44
  107.4  5.82175945E-44
  107.5  5.83957493E-44
  107.6  5.8574094E-44
  107.7  5.87526243E-44
  107.8  5.89313362E-44
  107.9  5.91102254E-44
  108.  5.92892878E-44
  108.1  5.94685189E-44
  108.2  5.96479145E-44
  108.3  5.98274703E-44
  108.4  6.00071818E-44
  108.5  6.01870446E-44
  108.6  6.03670542E-44
  108.7  6.0547206E-44
  108.8  6.07274956E-44
  108.9  6.09079184E-44
  109.  6.10884696E-44
  109.1  6.12691447E-44
  109.2  6.14499388E-44
  109.3  6.16308473E-44
  109.4  6.18118653E-44
  109.5  6.1992988E-44
  109.6  6.21742106E-44
  109.7  6.2355528E-44
  109.8  6.25369354E-44
  109.9  6.27184277E-44
  110.  6.29E-44
  110.1  6.30817841E-44
  110.2  6.32639146E-44
  110.3  6.34463909E-44
  110.4  6.36292118E-44
  110.5  6.38123767E-44
  110.6  6.39958845E-44
  110.7  6.41797344E-44
  110.8  6.43639254E-44
  110.9  6.45484565E-44
  111.  6.47333269E-44
  111.1  6.49185355E-44
  111.2  6.51040814E-44
  111.3  6.52899636E-44
  111.4  6.5476181E-44
  111.5  6.56627326E-44
  111.6  6.58496175E-44
  111.7  6.60368345E-44
  111.8  6.62243826E-44
  111.9  6.64122607E-44
  112.  6.66004678E-44
  112.1  6.67890027E-44
  112.2  6.69778643E-44
  112.3  6.71670514E-44
  112.4  6.7356563E-44
  112.5  6.75463979E-44
  112.6  6.77365549E-44
  112.7  6.79270327E-44
  112.8  6.81178304E-44
  112.9  6.83089465E-44
  113.  6.85003799E-44
  113.1  6.86921293E-44
  113.2  6.88841936E-44
  113.3  6.90765713E-44
  113.4  6.92692613E-44
  113.5  6.94622622E-44
  113.6  6.96555727E-44
  113.7  6.98491915E-44
  113.8  7.00431173E-44
  113.9  7.02373487E-44
  114.  7.04318843E-44
  114.1  7.06267228E-44
  114.2  7.08218627E-44
  114.3  7.10173026E-44
  114.4  7.12130411E-44
  114.5  7.14090768E-44
  114.6  7.16054082E-44
  114.7  7.18020338E-44
  114.8  7.19989522E-44
  114.9  7.21961618E-44
  115.  7.23936612E-44
  115.1  7.25914487E-44
  115.2  7.27895229E-44
  115.3  7.29878821E-44
  115.4  7.31865249E-44
  115.5  7.33854496E-44
  115.6  7.35846545E-44
  115.7  7.37841382E-44
  115.8  7.39838989E-44
  115.9  7.4183935E-44
  116.  7.43842449E-44
  116.1  7.45848267E-44
  116.2  7.47856789E-44
  116.3  7.49867997E-44
  116.4  7.51881875E-44
  116.5  7.53898403E-44
  116.6  7.55917566E-44
  116.7  7.57939344E-44
  116.8  7.59963721E-44
  116.9  7.61990678E-44
  117.  7.64020197E-44
  117.1  7.66052259E-44
  117.2  7.68086846E-44
  117.3  7.70123939E-44
  117.4  7.72163519E-44
  117.5  7.74205568E-44
  117.6  7.76250066E-44
  117.7  7.78296993E-44
  117.8  7.80346331E-44
  117.9  7.82398059E-44
  118.  7.84452158E-44
  118.1  7.86508607E-44
  118.2  7.88567387E-44
  118.3  7.90628477E-44
  118.4  7.92691857E-44
  118.5  7.94757506E-44
  118.6  7.96825404E-44
  118.7  7.98895528E-44
  118.8  8.00967859E-44
  118.9  8.03042375E-44
  119.  8.05119054E-44
  119.1  8.07197875E-44
  119.2  8.09278817E-44
  119.3  8.11361856E-44
  119.4  8.13446971E-44
  119.5  8.1553414E-44
  119.6  8.1762334E-44
  119.7  8.19714549E-44
  119.8  8.21807744E-44
  119.9  8.23902902E-44
  120.  8.26E-44
  120.1  8.28100071E-44
  120.2  8.30204147E-44
  120.3  8.32312199E-44
  120.4  8.34424199E-44
  120.5  8.36540121E-44
  120.6  8.38659934E-44
  120.7  8.40783611E-44
  120.8  8.42911122E-44
  120.9  8.45042437E-44
  121.  8.47177527E-44
  121.1  8.49316361E-44
  121.2  8.51458909E-44
  121.3  8.53605141E-44
  121.4  8.55755024E-44
  121.5  8.57908527E-44
  121.6  8.60065619E-44
  121.7  8.62226267E-44
  121.8  8.64390439E-44
  121.9  8.66558102E-44
  122.  8.68729222E-44
  122.1  8.70903766E-44
  122.2  8.73081699E-44
  122.3  8.75262988E-44
  122.4  8.77447598E-44
  122.5  8.79635494E-44
  122.6  8.81826641E-44
  122.7  8.84021002E-44
  122.8  8.86218541E-44
  122.9  8.88419223E-44
  123.  8.9062301E-44
  123.1  8.92829865E-44
  123.2  8.95039751E-44
  123.3  8.97252629E-44
  123.4  8.99468462E-44
  123.5  9.01687211E-44
  123.6  9.03908836E-44
  123.7  9.06133299E-44
  123.8  9.08360559E-44
  123.9  9.10590577E-44
  124.  9.12823312E-44
  124.1  9.15058723E-44
  124.2  9.17296769E-44
  124.3  9.19537408E-44
  124.4  9.21780598E-44
  124.5  9.24026298E-44
  124.6  9.26274463E-44
  124.7  9.28525052E-44
  124.8  9.3077802E-44
  124.9  9.33033324E-44
  125.  9.35290919E-44
  125.1  9.37550761E-44
  125.2  9.39812804E-44
  125.3  9.42077004E-44
  125.4  9.44343314E-44
  125.5  9.46611689E-44
  125.6  9.48882081E-44
  125.7  9.51154444E-44
  125.8  9.53428731E-44
  125.9  9.55704893E-44
  126.  9.57982882E-44
  126.1  9.60262651E-44
  126.2  9.62544149E-44
  126.3  9.64827329E-44
  126.4  9.6711214E-44
  126.5  9.69398531E-44
  126.6  9.71686453E-44
  126.7  9.73975855E-44
  126.8  9.76266685E-44
  126.9  9.78558892E-44
  127.  9.80852424E-44
  127.1  9.83147228E-44
  127.2  9.85443251E-44
  127.3  9.87740441E-44
  127.4  9.90038743E-44
  127.5  9.92338104E-44
  127.6  9.94638469E-44
  127.7  9.96939783E-44
  127.8  9.99241991E-44
  127.9  1.00154504E-43
  128.  1.00384887E-43
  128.1  1.00615342E-43
  128.2  1.00845865E-43
  128.3  1.01076448E-43
  128.4  1.01307087E-43
  128.5  1.01537776E-43
  128.6  1.01768509E-43
  128.7  1.01999279E-43
  128.8  1.02230082E-43
  128.9  1.0246091E-43
  129.  1.02691759E-43
  129.1  1.02922621E-43
  129.2  1.03153492E-43
  129.3  1.03384364E-43
  129.4  1.03615232E-43
  129.5  1.0384609E-43
  129.6  1.04076931E-43
  129.7  1.04307748E-43
  129.8  1.04538537E-43
  129.9  1.04769289E-43
  130.  1.05E-43
  130.1  1.05230744E-43
  130.2  1.05461602E-43
  130.3  1.05692576E-43
  130.4  1.05923667E-43
  130.5  1.06154878E-43
  130.6  1.06386209E-43
  130.7  1.06617663E-43
  130.8  1.06849242E-43
  130.9  1.07080947E-43
  131.  1.07312779E-43
  131.1  1.07544742E-43
  131.2  1.07776836E-43
  131.3  1.08009064E-43
  131.4  1.08241428E-43
  131.5  1.08473928E-43
  131.6  1.08706569E-43
  131.7  1.0893935E-43
  131.8  1.09172275E-43
  131.9  1.09405345E-43
  132.  1.09638563E-43
  132.1  1.0987193E-43
  132.2  1.10105449E-43
  132.3  1.10339122E-43
  132.4  1.1057295E-43
  132.5  1.10806937E-43
  132.6  1.11041083E-43
  132.7  1.11275392E-43
  132.8  1.11509866E-43
  132.9  1.11744506E-43
  133.  1.11979316E-43
  133.1  1.12214298E-43
  133.2  1.12449453E-43
  133.3  1.12684784E-43
  133.4  1.12920294E-43
  133.5  1.13155985E-43
  133.6  1.13391859E-43
  133.7  1.1362792E-43
  133.8  1.13864168E-43
  133.9  1.14100608E-43
  134.  1.14337241E-43
  134.1  1.14574069E-43
  134.2  1.14811097E-43
  134.3  1.15048325E-43
  134.4  1.15285758E-43
  134.5  1.15523396E-43
  134.6  1.15761244E-43
  134.7  1.15999304E-43
  134.8  1.16237578E-43
  134.9  1.16476069E-43
  135.  1.16714781E-43
  135.1  1.16953715E-43
  135.2  1.17192875E-43
  135.3  1.17432264E-43
  135.4  1.17671884E-43
  135.5  1.17911738E-43
  135.6  1.1815183E-43
  135.7  1.18392162E-43
  135.8  1.18632737E-43
  135.9  1.18873558E-43
  136.  1.19114629E-43
  136.1  1.19355952E-43
  136.2  1.1959753E-43
  136.3  1.19839367E-43
  136.4  1.20081465E-43
  136.5  1.20323829E-43
  136.6  1.2056646E-43
  136.7  1.20809363E-43
  136.8  1.2105254E-43
  136.9  1.21295995E-43
  137.  1.21539731E-43
  137.1  1.21783752E-43
  137.2  1.2202806E-43
  137.3  1.22272659E-43
  137.4  1.22517553E-43
  137.5  1.22762745E-43
  137.6  1.23008238E-43
  137.7  1.23254037E-43
  137.8  1.23500143E-43
  137.9  1.23746562E-43
  138.  1.23993296E-43
  138.1  1.2424035E-43
  138.2  1.24487726E-43
  138.3  1.24735429E-43
  138.4  1.24983462E-43
  138.5  1.25231828E-43
  138.6  1.25480533E-43
  138.7  1.25729578E-43
  138.8  1.25978969E-43
  138.9  1.26228709E-43
  139.  1.26478801E-43
  139.1  1.2672925E-43
  139.2  1.2698006E-43
  139.3  1.27231235E-43
  139.4  1.27482778E-43
  139.5  1.27734693E-43
  139.6  1.27986985E-43
  139.7  1.28239658E-43
  139.8  1.28492715E-43
  139.9  1.28746161E-43
  140.  1.29E-43
  140.1  1.29254142E-43
  140.2  1.29508494E-43
  140.3  1.29763053E-43
  140.4  1.30017817E-43
  140.5  1.30272783E-43
  140.6  1.30527949E-43
  140.7  1.30783312E-43
  140.8  1.3103887E-43
  140.9  1.31294621E-43
  141.  1.31550561E-43
  141.1  1.31806689E-43
  141.2  1.32063001E-43
  141.3  1.32319496E-43
  141.4  1.32576171E-43
  141.5  1.32833022E-43
  141.6  1.33090048E-43
  141.7  1.33347246E-43
  141.8  1.33604613E-43
  141.9  1.33862147E-43
  142.  1.34119845E-43
  142.1  1.34377704E-43
  142.2  1.34635721E-43
  142.3  1.34893894E-43
  142.4  1.35152221E-43
  142.5  1.35410697E-43
  142.6  1.35669321E-43
  142.7  1.3592809E-43
  142.8  1.36187001E-43
  142.9  1.36446051E-43
  143.  1.36705237E-43
  143.1  1.36964557E-43
  143.2  1.37224007E-43
  143.3  1.37483585E-43
  143.4  1.37743288E-43
  143.5  1.38003113E-43
  143.6  1.38263056E-43
  143.7  1.38523116E-43
  143.8  1.38783289E-43
  143.9  1.39043571E-43
  144.  1.39303961E-43
  144.1  1.39564455E-43
  144.2  1.3982505E-43
  144.3  1.40085743E-43
  144.4  1.4034653E-43
  144.5  1.4060741E-43
  144.6  1.40868378E-43
  144.7  1.41129432E-43
  144.8  1.41390568E-43
  144.9  1.41651784E-43
  145.  1.41913076E-43
  145.1  1.42174441E-43
  145.2  1.42435875E-43
  145.3  1.42697376E-43
  145.4  1.42958941E-43
  145.5  1.43220565E-43
  145.6  1.43482246E-43
  145.7  1.43743981E-43
  145.8  1.44005767E-43
  145.9  1.44267599E-43
  146.  1.44529474E-43
  146.1  1.4479139E-43
  146.2  1.45053343E-43
  146.3  1.45315329E-43
  146.4  1.45577346E-43
  146.5  1.45839389E-43
  146.6  1.46101455E-43
  146.7  1.46363542E-43
  146.8  1.46625644E-43
  146.9  1.4688776E-43
  147.  1.47149885E-43
  147.1  1.47412016E-43
  147.2  1.47674149E-43
  147.3  1.47936281E-43
  147.4  1.48198408E-43
  147.5  1.48460527E-43
  147.6  1.48722634E-43
  147.7  1.48984725E-43
  147.8  1.49246798E-43
  147.9  1.49508847E-43
  148.  1.4977087E-43
  148.1  1.50032863E-43
  148.2  1.50294822E-43
  148.3  1.50556744E-43
  148.4  1.50818624E-43
  148.5  1.5108046E-43
  148.6  1.51342246E-43
  148.7  1.5160398E-43
  148.8  1.51865658E-43
  148.9  1.52127276E-43
  149.  1.5238883E-43
  149.1  1.52650316E-43
  149.2  1.5291173E-43
  149.3  1.53173069E-43
  149.4  1.53434329E-43
  149.5  1.53695505E-43
  149.6  1.53956594E-43
  149.7  1.54217592E-43
  149.8  1.54478495E-43
  149.9  1.54739299E-43
  150.  1.55E-43
  150.1  1.55260753E-43
  150.2  1.55521715E-43
  150.3  1.55782885E-43
  150.4  1.56044264E-43
  150.5  1.56305851E-43
  150.6  1.56567646E-43
  150.7  1.56829648E-43
  150.8  1.57091857E-43
  150.9  1.57354272E-43
  151.  1.57616894E-43
  151.1  1.57879721E-43
  151.2  1.58142754E-43
  151.3  1.58405992E-43
  151.4  1.58669435E-43
  151.5  1.58933081E-43
  151.6  1.59196932E-43
  151.7  1.59460986E-43
  151.8  1.59725244E-43
  151.9  1.59989704E-43
  152.  1.60254366E-43
  152.1  1.60519231E-43
  152.2  1.60784297E-43
  152.3  1.61049564E-43
  152.4  1.61315032E-43
  152.5  1.615807E-43
  152.6  1.61846569E-43
  152.7  1.62112637E-43
  152.8  1.62378904E-43
  152.9  1.62645371E-43
  153.  1.62912035E-43
  153.1  1.63178898E-43
  153.2  1.63445958E-43
  153.3  1.63713216E-43
  153.4  1.6398067E-43
  153.5  1.64248321E-43
  153.6  1.64516168E-43
  153.7  1.64784211E-43
  153.8  1.65052449E-43
  153.9  1.65320881E-43
  154.  1.65589508E-43
  154.1  1.65858329E-43
  154.2  1.66127344E-43
  154.3  1.66396551E-43
  154.4  1.66665952E-43
  154.5  1.66935545E-43
  154.6  1.67205329E-43
  154.7  1.67475306E-43
  154.8  1.67745473E-43
  154.9  1.68015831E-43
  155.  1.68286379E-43
  155.1  1.68557117E-43
  155.2  1.68828044E-43
  155.3  1.69099161E-43
  155.4  1.69370466E-43
  155.5  1.69641959E-43
  155.6  1.69913639E-43
  155.7  1.70185507E-43
  155.8  1.70457562E-43
  155.9  1.70729803E-43
  156.  1.7100223E-43
  156.1  1.71274842E-43
  156.2  1.7154764E-43
  156.3  1.71820622E-43
  156.4  1.72093788E-43
  156.5  1.72367139E-43
  156.6  1.72640672E-43
  156.7  1.72914388E-43
  156.8  1.73188287E-43
  156.9  1.73462368E-43
  157.  1.7373663E-43
  157.1  1.74011073E-43
  157.2  1.74285697E-43
  157.3  1.74560501E-43
  157.4  1.74835485E-43
  157.5  1.75110648E-43
  157.6  1.7538599E-43
  157.7  1.75661511E-43
  157.8  1.75937209E-43
  157.9  1.76213085E-43
  158.  1.76489137E-43
  158.1  1.76765366E-43
  158.2  1.77041772E-43
  158.3  1.77318353E-43
  158.4  1.77595109E-43
  158.5  1.7787204E-43
  158.6  1.78149144E-43
  158.7  1.78426423E-43
  158.8  1.78703875E-43
  158.9  1.789815E-43
  159.  1.79259297E-43
  159.1  1.79537266E-43
  159.2  1.79815407E-43
  159.3  1.80093718E-43
  159.4  1.803722E-43
  159.5  1.80650852E-43
  159.6  1.80929673E-43
  159.7  1.81208663E-43
  159.8  1.81487822E-43
  159.9  1.81767149E-43
  160.  1.82046643E-43
  160.1  1.82326305E-43
  160.2  1.82606133E-43
  160.3  1.82886127E-43
  160.4  1.83166287E-43
  160.5  1.83446612E-43
  160.6  1.83727102E-43
  160.7  1.84007756E-43
  160.8  1.84288573E-43
  160.9  1.84569554E-43
  161.  1.84850697E-43
  161.1  1.85132003E-43
  161.2  1.8541347E-43
  161.3  1.85695099E-43
  161.4  1.85976888E-43
  161.5  1.86258837E-43
  161.6  1.86540946E-43
  161.7  1.86823215E-43
  161.8  1.87105642E-43
  161.9  1.87388227E-43
  162.  1.8767097E-43
  162.1  1.8795387E-43
  162.2  1.88236926E-43
  162.3  1.88520139E-43
  162.4  1.88803508E-43
  162.5  1.89087031E-43
  162.6  1.8937071E-43
  162.7  1.89654542E-43
  162.8  1.89938528E-43
  162.9  1.90222667E-43
  163.  1.90506959E-43
  163.1  1.90791402E-43
  163.2  1.91075998E-43
  163.3  1.91360744E-43
  163.4  1.9164564E-43
  163.5  1.91930687E-43
  163.6  1.92215883E-43
  163.7  1.92501228E-43
  163.8  1.92786722E-43
  163.9  1.93072363E-43
  164.  1.93358152E-43
  164.1  1.93644087E-43
  164.2  1.93930169E-43
  164.3  1.94216396E-43
  164.4  1.94502769E-43
  164.5  1.94789286E-43
  164.6  1.95075948E-43
  164.7  1.95362753E-43
  164.8  1.95649701E-43
  164.9  1.95936792E-43
  165.  1.96224025E-43
  165.1  1.96511399E-43
  165.2  1.96798914E-43
  165.3  1.97086569E-43
  165.4  1.97374365E-43
  165.5  1.97662299E-43
  165.6  1.97950373E-43
  165.7  1.98238584E-43
  165.8  1.98526933E-43
  165.9  1.9881542E-43
  166.  1.99104042E-43
  166.1  1.99392801E-43
  166.2  1.99681696E-43
  166.3  1.99970725E-43
  166.4  2.00259888E-43
  166.5  2.00549186E-43
  166.6  2.00838616E-43
  166.7  2.01128179E-43
  166.8  2.01417875E-43
  166.9  2.01707702E-43
  167.  2.01997659E-43
  167.1  2.02287748E-43
  167.2  2.02577966E-43
  167.3  2.02868313E-43
  167.4  2.0315879E-43
  167.5  2.03449394E-43
  167.6  2.03740126E-43
  167.7  2.04030985E-43
  167.8  2.04321971E-43
  167.9  2.04613082E-43
  168.  2.04904319E-43
  168.1  2.0519568E-43
  168.2  2.05487166E-43
  168.3  2.05778775E-43
  168.4  2.06070508E-43
  168.5  2.06362363E-43
  168.6  2.06654339E-43
  168.7  2.06946437E-43
  168.8  2.07238656E-43
  168.9  2.07530995E-43
  169.  2.07823454E-43
  169.1  2.08116031E-43
  169.2  2.08408727E-43
  169.3  2.08701541E-43
  169.4  2.08994472E-43
  169.5  2.09287519E-43
  169.6  2.09580683E-43
  169.7  2.09873962E-43
  169.8  2.10167356E-43
  169.9  2.10460864E-43
  170.  2.10754486E-43
