  0.1  2.04164565E-46
  0.2  8.16361157E-46
  0.3  1.83614455E-45
  0.4  3.26307008E-45
  0.5  5.09669364E-45
  0.6  7.3365717E-45
  0.7  9.98226128E-45
  0.8  1.303332E-44
  0.9  1.64893059E-44
  1.  2.03497778E-44
  1.1  2.46142949E-44
  1.2  2.9282417E-44
  1.3  3.43537046E-44
  1.4  3.98277185E-44
  1.5  4.57040202E-44
  1.6  5.19821718E-44
  1.7  5.86617359E-44
  1.8  6.57422756E-44
  1.9  7.32233546E-44
  2.  8.11045372E-44
  2.1  8.93853882E-44
  2.2  9.80654729E-44
  2.3  1.07144357E-43
  2.4  1.16621608E-43
  2.5  1.26496791E-43
  2.6  1.36769475E-43
  2.7  1.47439228E-43
  2.8  1.58505618E-43
  2.9  1.69968215E-43
  3.  1.81826588E-43
  3.1  1.94080307E-43
  3.2  2.06728944E-43
  3.3  2.19772069E-43
  3.4  2.33209255E-43
  3.5  2.47040074E-43
  3.6  2.61264099E-43
  3.7  2.75880903E-43
  3.8  2.9089006E-43
  3.9  3.06291146E-43
  4.  3.22083735E-43
  4.1  3.38267402E-43
  4.2  3.54841724E-43
  4.3  3.71806279E-43
  4.4  3.89160642E-43
  4.5  4.06904391E-43
  4.6  4.25037106E-43
  4.7  4.43558364E-43
  4.8  4.62467746E-43
  4.9  4.8176483E-43
  5.  5.01449199E-43
  5.1  5.21520431E-43
  5.2  5.4197811E-43
  5.3  5.62821816E-43
  5.4  5.84051133E-43
  5.5  6.05665643E-43
  5.6  6.2766493E-43
  5.7  6.50048578E-43
  5.8  6.72816173E-43
  5.9  6.95967297E-43
  6.  7.19501539E-43
  6.1  7.43418483E-43
  6.2  7.67717716E-43
  6.3  7.92398826E-43
  6.4  8.17461401E-43
  6.5  8.42905028E-43
  6.6  8.68729296E-43
  6.7  8.94933795E-43
  6.8  9.21518114E-43
  6.9  9.48481843E-43
  7.  9.75824575E-43
  7.1  1.0035459E-42
  7.2  1.03164541E-42
  7.3  1.06012269E-42
  7.4  1.08897735E-42
  7.5  1.11820897E-42
  7.6  1.14781714E-42
  7.7  1.17780147E-42
  7.8  1.20816154E-42
  7.9  1.23889696E-42
  8.  1.27000731E-42
  8.1  1.3014922E-42
  8.2  1.33335121E-42
  8.3  1.36558396E-42
  8.4  1.39819003E-42
  8.5  1.43116903E-42
  8.6  1.46452055E-42
  8.7  1.49824419E-42
  8.8  1.53233956E-42
  8.9  1.56680625E-42
  9.  1.60164386E-42
  9.1  1.636852E-42
  9.2  1.67243027E-42
  9.3  1.70837826E-42
  9.4  1.74469559E-42
  9.5  1.78138186E-42
  9.6  1.81843666E-42
  9.7  1.85585961E-42
  9.8  1.89365031E-42
  9.9  1.93180836E-42
  10.  1.97033338E-42
  10.1  2.00922496E-42
  10.2  2.04848271E-42
  10.3  2.08810625E-42
  10.4  2.12809517E-42
  10.5  2.16844909E-42
  10.6  2.20916762E-42
  10.7  2.25025036E-42
  10.8  2.29169693E-42
  10.9  2.33350693E-42
  11.  2.37567997E-42
  11.1  2.41821568E-42
  11.2  2.46111365E-42
  11.3  2.5043735E-42
  11.4  2.54799485E-42
  11.5  2.5919773E-42
  11.6  2.63632048E-42
  11.7  2.68102399E-42
  11.8  2.72608744E-42
  11.9  2.77151046E-42
  12.  2.81729266E-42
  12.1  2.86343366E-42
  12.2  2.90993307E-42
  12.3  2.9567905E-42
  12.4  3.00400558E-42
  12.5  3.05157793E-42
  12.6  3.09950716E-42
  12.7  3.14779289E-42
  12.8  3.19643474E-42
  12.9  3.24543233E-42
  13.  3.29478528E-42
  13.1  3.34449321E-42
  13.2  3.39455575E-42
  13.3  3.44497251E-42
  13.4  3.49574311E-42
  13.5  3.54686719E-42
  13.6  3.59834435E-42
  13.7  3.65017423E-42
  13.8  3.70235645E-42
  13.9  3.75489064E-42
  14.  3.80777641E-42
  14.1  3.8610134E-42
  14.2  3.91460123E-42
  14.3  3.96853952E-42
  14.4  4.02282791E-42
  14.5  4.07746601E-42
  14.6  4.13245347E-42
  14.7  4.1877899E-42
  14.8  4.24347493E-42
  14.9  4.2995082E-42
  15.  4.35588934E-42
  15.1  4.41261796E-42
  15.2  4.46969371E-42
  15.3  4.52711621E-42
  15.4  4.5848851E-42
  15.5  4.64300001E-42
  15.6  4.70146057E-42
  15.7  4.7602664E-42
  15.8  4.81941716E-42
  15.9  4.87891246E-42
  16.  4.93875195E-42
  16.1  4.99893526E-42
  16.2  5.05946201E-42
  16.3  5.12033186E-42
  16.4  5.18154443E-42
  16.5  5.24309936E-42
  16.6  5.30499629E-42
  16.7  5.36723485E-42
  16.8  5.42981468E-42
  16.9  5.49273542E-42
  17.  5.55599671E-42
  17.1  5.61959819E-42
  17.2  5.6835395E-42
  17.3  5.74782027E-42
  17.4  5.81244014E-42
  17.5  5.87739877E-42
  17.6  5.94269578E-42
  17.7  6.00833083E-42
  17.8  6.07430354E-42
  17.9  6.14061358E-42
  18.  6.20726057E-42
  18.1  6.27424416E-42
  18.2  6.34156399E-42
  18.3  6.40921972E-42
  18.4  6.47721097E-42
  18.5  6.54553741E-42
  18.6  6.61419867E-42
  18.7  6.6831944E-42
  18.8  6.75252425E-42
  18.9  6.82218786E-42
  19.  6.89218489E-42
  19.1  6.96251497E-42
  19.2  7.03317775E-42
  19.3  7.1041729E-42
  19.4  7.17550004E-42
  19.5  7.24715885E-42
  19.6  7.31914895E-42
  19.7  7.39147001E-42
  19.8  7.46412167E-42
  19.9  7.53710359E-42
  20.  7.61041541E-42
  20.1  7.6840568E-42
  20.2  7.75802739E-42
  20.3  7.83232685E-42
  20.4  7.90695483E-42
  20.5  7.98191098E-42
  20.6  8.05719495E-42
  20.7  8.1328064E-42
  20.8  8.20874499E-42
  20.9  8.28501037E-42
  21.  8.36160219E-42
  21.1  8.43852012E-42
  21.2  8.5157638E-42
  21.3  8.5933329E-42
  21.4  8.67122707E-42
  21.5  8.74944598E-42
  21.6  8.82798927E-42
  21.7  8.90685661E-42
  21.8  8.98604766E-42
  21.9  9.06556207E-42
  22.  9.14539951E-42
  22.1  9.22555964E-42
  22.2  9.30604211E-42
  22.3  9.3868466E-42
  22.4  9.46797275E-42
  22.5  9.54942024E-42
  22.6  9.63118872E-42
  22.7  9.71327785E-42
  22.8  9.79568731E-42
  22.9  9.87841676E-42
  23.  9.96146585E-42
  23.1  1.00448343E-41
  23.2  1.01285216E-41
  23.3  1.02125277E-41
  23.4  1.0296852E-41
  23.5  1.03814943E-41
  23.6  1.04664542E-41
  23.7  1.05517315E-41
  23.8  1.06373257E-41
  23.9  1.07232366E-41
  24.  1.08094638E-41
  24.1  1.0896007E-41
  24.2  1.09828658E-41
  24.3  1.10700399E-41
  24.4  1.1157529E-41
  24.5  1.12453328E-41
  24.6  1.13334509E-41
  24.7  1.1421883E-41
  24.8  1.15106288E-41
  24.9  1.15996879E-41
  25.  1.168906E-41
  25.1  1.17787449E-41
  25.2  1.1868742E-41
  25.3  1.19590512E-41
  25.4  1.20496722E-41
  25.5  1.21406045E-41
  25.6  1.22318478E-41
  25.7  1.23234019E-41
  25.8  1.24152664E-41
  25.9  1.25074409E-41
  26.  1.25999253E-41
  26.1  1.2692719E-41
  26.2  1.27858219E-41
  26.3  1.28792335E-41
  26.4  1.29729536E-41
  26.5  1.30669819E-41
  26.6  1.3161318E-41
  26.7  1.32559616E-41
  26.8  1.33509123E-41
  26.9  1.34461699E-41
  27.  1.35417341E-41
  27.1  1.36376044E-41
  27.2  1.37337807E-41
  27.3  1.38302626E-41
  27.4  1.39270497E-41
  27.5  1.40241417E-41
  27.6  1.41215384E-41
  27.7  1.42192394E-41
  27.8  1.43172444E-41
  27.9  1.4415553E-41
  28.  1.4514165E-41
  28.1  1.46130801E-41
  28.2  1.47122979E-41
  28.3  1.48118181E-41
  28.4  1.49116404E-41
  28.5  1.50117644E-41
  28.6  1.511219E-41
  28.7  1.52129167E-41
  28.8  1.53139442E-41
  28.9  1.54152723E-41
  29.  1.55169006E-41
  29.1  1.56188288E-41
  29.2  1.57210565E-41
  29.3  1.58235836E-41
  29.4  1.59264096E-41
  29.5  1.60295343E-41
  29.6  1.61329574E-41
  29.7  1.62366784E-41
  29.8  1.63406972E-41
  29.9  1.64450135E-41
  30.  1.65496268E-41
  30.1  1.6654537E-41
  30.2  1.67597436E-41
  30.3  1.68652464E-41
  30.4  1.69710451E-41
  30.5  1.70771394E-41
  30.6  1.7183529E-41
  30.7  1.72902135E-41
  30.8  1.73971926E-41
  30.9  1.75044662E-41
  31.  1.76120337E-41
  31.1  1.7719895E-41
  31.2  1.78280497E-41
  31.3  1.79364976E-41
  31.4  1.80452383E-41
  31.5  1.81542715E-41
  31.6  1.8263597E-41
  31.7  1.83732143E-41
  31.8  1.84831233E-41
  31.9  1.85933236E-41
  32.  1.87038149E-41
  32.1  1.88145969E-41
  32.2  1.89256693E-41
  32.3  1.90370319E-41
  32.4  1.91486842E-41
  32.5  1.92606261E-41
  32.6  1.93728572E-41
  32.7  1.94853772E-41
  32.8  1.95981858E-41
  32.9  1.97112827E-41
  33.  1.98246676E-41
  33.1  1.99383403E-41
  33.2  2.00523003E-41
  33.3  2.01665476E-41
  33.4  2.02810816E-41
  33.5  2.03959022E-41
  33.6  2.0511009E-41
  33.7  2.06264017E-41
  33.8  2.07420801E-41
  33.9  2.08580439E-41
  34.  2.09742927E-41
  34.1  2.10908263E-41
  34.2  2.12076443E-41
  34.3  2.13247466E-41
  34.4  2.14421327E-41
  34.5  2.15598024E-41
  34.6  2.16777554E-41
  34.7  2.17959914E-41
  34.8  2.19145101E-41
  34.9  2.20333113E-41
  35.  2.21523946E-41
  35.1  2.22717597E-41
  35.2  2.23914064E-41
  35.3  2.25113344E-41
  35.4  2.26315433E-41
  35.5  2.27520329E-41
  35.6  2.28728029E-41
  35.7  2.2993853E-41
  35.8  2.3115183E-41
  35.9  2.32367924E-41
  36.  2.33586811E-41
  36.1  2.34808488E-41
  36.2  2.36032952E-41
  36.3  2.37260199E-41
  36.4  2.38490227E-41
  36.5  2.39723033E-41
  36.6  2.40958615E-41
  36.7  2.42196969E-41
  36.8  2.43438093E-41
  36.9  2.44681983E-41
  37.  2.45928637E-41
  37.1  2.47178052E-41
  37.2  2.48430226E-41
  37.3  2.49685155E-41
  37.4  2.50942836E-41
  37.5  2.52203267E-41
  37.6  2.53466445E-41
  37.7  2.54732367E-41
  37.8  2.56001031E-41
  37.9  2.57272432E-41
  38.  2.5854657E-41
  38.1  2.5982344E-41
  38.2  2.61103041E-41
  38.3  2.62385368E-41
  38.4  2.63670421E-41
  38.5  2.64958194E-41
  38.6  2.66248687E-41
  38.7  2.67541896E-41
  38.8  2.68837818E-41
  38.9  2.70136451E-41
  39.  2.71437791E-41
  39.1  2.72741836E-41
  39.2  2.74048584E-41
  39.3  2.75358031E-41
  39.4  2.76670175E-41
  39.5  2.77985013E-41
  39.6  2.79302542E-41
  39.7  2.80622759E-41
  39.8  2.81945662E-41
  39.9  2.83271248E-41
  40.  2.84599514E-41
  40.1  2.85930458E-41
  40.2  2.87264076E-41
  40.3  2.88600367E-41
  40.4  2.89939326E-41
  40.5  2.91280952E-41
  40.6  2.92625242E-41
  40.7  2.93972193E-41
  40.8  2.95321803E-41
  40.9  2.96674068E-41
  41.  2.98028986E-41
  41.1  2.99386554E-41
  41.2  3.0074677E-41
  41.3  3.02109631E-41
  41.4  3.03475134E-41
  41.5  3.04843276E-41
  41.6  3.06214055E-41
  41.7  3.07587468E-41
  41.8  3.08963513E-41
  41.9  3.10342186E-41
  42.  3.11723485E-41
  42.1  3.13107408E-41
  42.2  3.14493951E-41
  42.3  3.15883113E-41
  42.4  3.17274889E-41
  42.5  3.18669279E-41
  42.6  3.20066278E-41
  42.7  3.21465885E-41
  42.8  3.22868096E-41
  42.9  3.2427291E-41
  43.  3.25680323E-41
  43.1  3.27090332E-41
  43.2  3.28502936E-41
  43.3  3.29918132E-41
  43.4  3.31335916E-41
  43.5  3.32756286E-41
  43.6  3.3417924E-41
  43.7  3.35604775E-41
  43.8  3.37032889E-41
  43.9  3.38463578E-41
  44.  3.3989684E-41
  44.1  3.41332672E-41
  44.2  3.42771073E-41
  44.3  3.44212039E-41
  44.4  3.45655567E-41
  44.5  3.47101656E-41
  44.6  3.48550302E-41
  44.7  3.50001503E-41
  44.8  3.51455256E-41
  44.9  3.52911559E-41
  45.  3.54370409E-41
  45.1  3.55831804E-41
  45.2  3.57295741E-41
  45.3  3.58762217E-41
  45.4  3.60231229E-41
  45.5  3.61702776E-41
  45.6  3.63176855E-41
  45.7  3.64653463E-41
  45.8  3.66132597E-41
  45.9  3.67614255E-41
  46.  3.69098435E-41
  46.1  3.70585133E-41
  46.2  3.72074348E-41
  46.3  3.73566077E-41
  46.4  3.75060317E-41
  46.5  3.76557065E-41
  46.6  3.7805632E-41
  46.7  3.79558078E-41
  46.8  3.81062338E-41
  46.9  3.82569096E-41
  47.  3.84078349E-41
  47.1  3.85590097E-41
  47.2  3.87104335E-41
  47.3  3.88621062E-41
  47.4  3.90140275E-41
  47.5  3.91661971E-41
  47.6  3.93186148E-41
  47.7  3.94712804E-41
  47.8  3.96241936E-41
  47.9  3.9777354E-41
  48.  3.99307616E-41
  48.1  4.00844161E-41
  48.2  4.02383171E-41
  48.3  4.03924644E-41
  48.4  4.05468579E-41
  48.5  4.07014972E-41
  48.6  4.08563821E-41
  48.7  4.10115124E-41
  48.8  4.11668877E-41
  48.9  4.13225079E-41
  49.  4.14783728E-41
  49.1  4.16344819E-41
  49.2  4.17908353E-41
  49.3  4.19474324E-41
  49.4  4.21042732E-41
  49.5  4.22613574E-41
  49.6  4.24186847E-41
  49.7  4.25762549E-41
  49.8  4.27340678E-41
  49.9  4.28921231E-41
  50.  4.30504205E-41
  50.1  4.32089598E-41
  50.2  4.33677408E-41
  50.3  4.35267632E-41
  50.4  4.36860268E-41
  50.5  4.38455313E-41
  50.6  4.40052766E-41
  50.7  4.41652623E-41
  50.8  4.43254882E-41
  50.9  4.44859541E-41
  51.  4.46466597E-41
  51.1  4.48076048E-41
  51.2  4.49687892E-41
  51.3  4.51302126E-41
  51.4  4.52918747E-41
  51.5  4.54537754E-41
  51.6  4.56159143E-41
  51.7  4.57782914E-41
  51.8  4.59409062E-41
  51.9  4.61037586E-41
  52.  4.62668483E-41
  52.1  4.64301751E-41
  52.2  4.65937388E-41
  52.3  4.67575391E-41
  52.4  4.69215758E-41
  52.5  4.70858487E-41
  52.6  4.72503574E-41
  52.7  4.74151019E-41
  52.8  4.75800817E-41
  52.9  4.77452968E-41
  53.  4.79107468E-41
  53.1  4.80764316E-41
  53.2  4.82423508E-41
  53.3  4.84085043E-41
  53.4  4.85748919E-41
  53.5  4.87415132E-41
  53.6  4.89083681E-41
  53.7  4.90754563E-41
  53.8  4.92427776E-41
  53.9  4.94103317E-41
  54.  4.95781185E-41
  54.1  4.97461377E-41
  54.2  4.9914389E-41
  54.3  5.00828723E-41
  54.4  5.02515872E-41
  54.5  5.04205336E-41
  54.6  5.05897112E-41
  54.7  5.07591199E-41
  54.8  5.09287593E-41
  54.9  5.10986292E-41
  55.  5.12687295E-41
  55.1  5.14390598E-41
  55.2  5.160962E-41
  55.3  5.17804097E-41
  55.4  5.19514289E-41
  55.5  5.21226773E-41
  55.6  5.22941545E-41
  55.7  5.24658605E-41
  55.8  5.26377949E-41
  55.9  5.28099576E-41
  56.  5.29823483E-41
  56.1  5.31549668E-41
  56.2  5.33278129E-41
  56.3  5.35008863E-41
  56.4  5.36741868E-41
  56.5  5.38477141E-41
  56.6  5.40214682E-41
  56.7  5.41954486E-41
  56.8  5.43696553E-41
  56.9  5.4544088E-41
  57.  5.47187464E-41
  57.1  5.48936303E-41
  57.2  5.50687396E-41
  57.3  5.52440739E-41
  57.4  5.54196331E-41
  57.5  5.55954169E-41
  57.6  5.57714251E-41
  57.7  5.59476575E-41
  57.8  5.61241139E-41
  57.9  5.6300794E-41
  58.  5.64776976E-41
  58.1  5.66548245E-41
  58.2  5.68321745E-41
  58.3  5.70097473E-41
  58.4  5.71875428E-41
  58.5  5.73655607E-41
  58.6  5.75438007E-41
  58.7  5.77222628E-41
  58.8  5.79009465E-41
  58.9  5.80798518E-41
  59.  5.82589784E-41
  59.1  5.84383261E-41
  59.2  5.86178947E-41
  59.3  5.87976838E-41
  59.4  5.89776935E-41
  59.5  5.91579233E-41
  59.6  5.93383731E-41
  59.7  5.95190427E-41
  59.8  5.96999318E-41
  59.9  5.98810403E-41
  60.  6.00623679E-41
  60.1  6.02439144E-41
  60.2  6.04256795E-41
  60.3  6.06076632E-41
  60.4  6.07898651E-41
  60.5  6.0972285E-41
  60.6  6.11549227E-41
  60.7  6.1337778E-41
  60.8  6.15208508E-41
  60.9  6.17041406E-41
  61.  6.18876475E-41
  61.1  6.20713711E-41
  61.2  6.22553112E-41
  61.3  6.24394676E-41
  61.4  6.26238401E-41
  61.5  6.28084285E-41
  61.6  6.29932326E-41
  61.7  6.31782521E-41
  61.8  6.33634868E-41
  61.9  6.35489366E-41
  62.  6.37346012E-41
  62.1  6.39204804E-41
  62.2  6.4106574E-41
  62.3  6.42928818E-41
  62.4  6.44794035E-41
  62.5  6.4666139E-41
  62.6  6.48530881E-41
  62.7  6.50402505E-41
  62.8  6.5227626E-41
  62.9  6.54152144E-41
  63.  6.56030155E-41
  63.1  6.57910291E-41
  63.2  6.5979255E-41
  63.3  6.61676929E-41
  63.4  6.63563427E-41
  63.5  6.65452042E-41
  63.6  6.67342771E-41
  63.7  6.69235613E-41
  63.8  6.71130565E-41
  63.9  6.73027625E-41
  64.  6.74926791E-41
  64.1  6.76828061E-41
  64.2  6.78731433E-41
  64.3  6.80636905E-41
  64.4  6.82544475E-41
  64.5  6.84454141E-41
  64.6  6.863659E-41
  64.7  6.88279751E-41
  64.8  6.90195691E-41
  64.9  6.92113719E-41
  65.  6.94033832E-41
  65.1  6.95956029E-41
  65.2  6.97880307E-41
  65.3  6.99806665E-41
  65.4  7.01735099E-41
  65.5  7.03665609E-41
  65.6  7.05598192E-41
  65.7  7.07532846E-41
  65.8  7.09469569E-41
  65.9  7.11408359E-41
  66.  7.13349215E-41
  66.1  7.15292133E-41
  66.2  7.17237112E-41
  66.3  7.1918415E-41
  66.4  7.21133245E-41
  66.5  7.23084395E-41
  66.6  7.25037597E-41
  66.7  7.26992851E-41
  66.8  7.28950153E-41
  66.9  7.30909502E-41
  67.  7.32870896E-41
  67.1  7.34834333E-41
  67.2  7.3679981E-41
  67.3  7.38767326E-41
  67.4  7.40736879E-41
  67.5  7.42708467E-41
  67.6  7.44682087E-41
  67.7  7.46657739E-41
  67.8  7.48635419E-41
  67.9  7.50615126E-41
  68.  7.52596858E-41
  68.1  7.54580612E-41
  68.2  7.56566387E-41
  68.3  7.58554182E-41
  68.4  7.60543993E-41
  68.5  7.62535819E-41
  68.6  7.64529658E-41
  68.7  7.66525508E-41
  68.8  7.68523366E-41
  68.9  7.70523232E-41
  69.  7.72525103E-41
  69.1  7.74528977E-41
  69.2  7.76534852E-41
  69.3  7.78542727E-41
  69.4  7.80552598E-41
  69.5  7.82564465E-41
  69.6  7.84578325E-41
  69.7  7.86594176E-41
  69.8  7.88612017E-41
  69.9  7.90631845E-41
  70.  7.92653659E-41
  70.1  7.94677456E-41
  70.2  7.96703235E-41
  70.3  7.98730994E-41
  70.4  8.0076073E-41
  70.5  8.02792442E-41
  70.6  8.04826128E-41
  70.7  8.06861786E-41
  70.8  8.08899415E-41
  70.9  8.10939011E-41
  71.  8.12980573E-41
  71.1  8.150241E-41
  71.2  8.17069588E-41
  71.3  8.19117038E-41
  71.4  8.21166446E-41
  71.5  8.2321781E-41
  71.6  8.25271129E-41
  71.7  8.27326401E-41
  71.8  8.29383624E-41
  71.9  8.31442796E-41
  72.  8.33503914E-41
  72.1  8.35566978E-41
  72.2  8.37631986E-41
  72.3  8.39698934E-41
  72.4  8.41767822E-41
  72.5  8.43838648E-41
  72.6  8.4591141E-41
  72.7  8.47986105E-41
  72.8  8.50062732E-41
  72.9  8.52141289E-41
  73.  8.54221775E-41
  73.1  8.56304186E-41
  73.2  8.58388522E-41
  73.3  8.60474781E-41
  73.4  8.6256296E-41
  73.5  8.64653058E-41
  73.6  8.66745073E-41
  73.7  8.68839003E-41
  73.8  8.70934847E-41
  73.9  8.73032601E-41
  74.  8.75132265E-41
  74.1  8.77233837E-41
  74.2  8.79337315E-41
  74.3  8.81442696E-41
  74.4  8.8354998E-41
  74.5  8.85659163E-41
  74.6  8.87770245E-41
  74.7  8.89883224E-41
  74.8  8.91998097E-41
  74.9  8.94114863E-41
  75.  8.9623352E-41
  75.1  8.98354066E-41
  75.2  9.004765E-41
  75.3  9.02600819E-41
  75.4  9.04727022E-41
  75.5  9.06855106E-41
  75.6  9.08985071E-41
  75.7  9.11116913E-41
  75.8  9.13250632E-41
  75.9  9.15386226E-41
  76.  9.17523692E-41
  76.1  9.19663029E-41
  76.2  9.21804235E-41
  76.3  9.23947309E-41
  76.4  9.26092248E-41
  76.5  9.28239051E-41
  76.6  9.30387715E-41
  76.7  9.3253824E-41
  76.8  9.34690622E-41
  76.9  9.36844861E-41
  77.  9.39000955E-41
  77.1  9.41158902E-41
  77.2  9.433187E-41
  77.3  9.45480346E-41
  77.4  9.47643841E-41
  77.5  9.49809181E-41
  77.6  9.51976365E-41
  77.7  9.54145391E-41
  77.8  9.56316257E-41
  77.9  9.58488962E-41
  78.  9.60663504E-41
  78.1  9.6283988E-41
  78.2  9.6501809E-41
  78.3  9.67198131E-41
  78.4  9.69380002E-41
  78.5  9.71563701E-41
  78.6  9.73749226E-41
  78.7  9.75936575E-41
  78.8  9.78125747E-41
  78.9  9.80316739E-41
  79.  9.82509551E-41
  79.1  9.8470418E-41
  79.2  9.86900624E-41
  79.3  9.89098883E-41
  79.4  9.91298953E-41
  79.5  9.93500834E-41
  79.6  9.95704523E-41
  79.7  9.97910019E-41
  79.8  1.00011732E-40
  79.9  1.00232642E-40
  80.  1.00453733E-40
  80.1  1.00675004E-40
  80.2  1.00896454E-40
  80.3  1.01118084E-40
  80.4  1.01339894E-40
  80.5  1.01561882E-40
  80.6  1.0178405E-40
  80.7  1.02006397E-40
  80.8  1.02228923E-40
  80.9  1.02451627E-40
  81.  1.0267451E-40
  81.1  1.0289757E-40
  81.2  1.03120809E-40
  81.3  1.03344226E-40
  81.4  1.03567821E-40
  81.5  1.03791593E-40
  81.6  1.04015543E-40
  81.7  1.0423967E-40
  81.8  1.04463973E-40
  81.9  1.04688454E-40
  82.  1.04913112E-40
  82.1  1.05137946E-40
  82.2  1.05362956E-40
  82.3  1.05588143E-40
  82.4  1.05813505E-40
  82.5  1.06039044E-40
  82.6  1.06264758E-40
  82.7  1.06490648E-40
  82.8  1.06716713E-40
  82.9  1.06942953E-40
  83.  1.07169369E-40
  83.1  1.07395959E-40
  83.2  1.07622724E-40
  83.3  1.07849663E-40
  83.4  1.08076777E-40
  83.5  1.08304065E-40
  83.6  1.08531527E-40
  83.7  1.08759162E-40
  83.8  1.08986972E-40
  83.9  1.09214955E-40
  84.  1.09443111E-40
  84.1  1.09671441E-40
  84.2  1.09899943E-40
  84.3  1.10128619E-40
  84.4  1.10357467E-40
  84.5  1.10586487E-40
  84.6  1.1081568E-40
  84.7  1.11045045E-40
  84.8  1.11274582E-40
  84.9  1.11504291E-40
  85.  1.11734172E-40
  85.1  1.11964224E-40
  85.2  1.12194448E-40
  85.3  1.12424843E-40
  85.4  1.12655409E-40
  85.5  1.12886145E-40
  85.6  1.13117053E-40
  85.7  1.13348131E-40
  85.8  1.13579379E-40
  85.9  1.13810797E-40
  86.  1.14042386E-40
  86.1  1.14274145E-40
  86.2  1.14506073E-40
  86.3  1.14738171E-40
  86.4  1.14970438E-40
  86.5  1.15202874E-40
  86.6  1.1543548E-40
  86.7  1.15668254E-40
  86.8  1.15901197E-40
  86.9  1.16134309E-40
  87.  1.16367589E-40
  87.1  1.16601038E-40
  87.2  1.16834654E-40
  87.3  1.17068439E-40
  87.4  1.17302391E-40
  87.5  1.17536511E-40
  87.6  1.17770799E-40
  87.7  1.18005254E-40
  87.8  1.18239876E-40
  87.9  1.18474664E-40
  88.  1.1870962E-40
  88.1  1.18944743E-40
  88.2  1.19180032E-40
  88.3  1.19415487E-40
  88.4  1.19651108E-40
  88.5  1.19886896E-40
  88.6  1.20122849E-40
  88.7  1.20358968E-40
  88.8  1.20595253E-40
  88.9  1.20831703E-40
  89.  1.21068318E-40
  89.1  1.21305099E-40
  89.2  1.21542044E-40
  89.3  1.21779154E-40
  89.4  1.22016429E-40
  89.5  1.22253868E-40
  89.6  1.22491472E-40
  89.7  1.22729239E-40
  89.8  1.22967171E-40
  89.9  1.23205266E-40
  90.  1.23443526E-40
  90.1  1.23681948E-40
  90.2  1.23920534E-40
  90.3  1.24159283E-40
  90.4  1.24398196E-40
  90.5  1.24637271E-40
  90.6  1.24876509E-40
  90.7  1.25115909E-40
  90.8  1.25355472E-40
  90.9  1.25595198E-40
  91.  1.25835085E-40
  91.1  1.26075134E-40
  91.2  1.26315346E-40
  91.3  1.26555718E-40
  91.4  1.26796253E-40
  91.5  1.27036948E-40
  91.6  1.27277805E-40
  91.7  1.27518823E-40
  91.8  1.27760002E-40
  91.9  1.28001342E-40
  92.  1.28242842E-40
  92.1  1.28484502E-40
  92.2  1.28726323E-40
  92.3  1.28968304E-40
  92.4  1.29210445E-40
  92.5  1.29452746E-40
  92.6  1.29695207E-40
  92.7  1.29937827E-40
  92.8  1.30180606E-40
  92.9  1.30423545E-40
  93.  1.30666643E-40
  93.1  1.30909899E-40
  93.2  1.31153315E-40
  93.3  1.31396889E-40
  93.4  1.31640621E-40
  93.5  1.31884512E-40
  93.6  1.32128561E-40
  93.7  1.32372768E-40
  93.8  1.32617133E-40
  93.9  1.32861655E-40
  94.  1.33106336E-40
  94.1  1.33351173E-40
  94.2  1.33596168E-40
  94.3  1.3384132E-40
  94.4  1.34086629E-40
  94.5  1.34332095E-40
  94.6  1.34577717E-40
  94.7  1.34823496E-40
  94.8  1.35069432E-40
  94.9  1.35315523E-40
  95.  1.35561771E-40
  95.1  1.35808174E-40
  95.2  1.36054734E-40
  95.3  1.36301449E-40
  95.4  1.36548319E-40
  95.5  1.36795345E-40
  95.6  1.37042526E-40
  95.7  1.37289862E-40
  95.8  1.37537353E-40
  95.9  1.37784999E-40
  96.  1.380328E-40
  96.1  1.38280755E-40
  96.2  1.38528864E-40
  96.3  1.38777127E-40
  96.4  1.39025545E-40
  96.5  1.39274116E-40
  96.6  1.39522841E-40
  96.7  1.39771719E-40
  96.8  1.40020752E-40
  96.9  1.40269937E-40
  97.  1.40519275E-40
  97.1  1.40768767E-40
  97.2  1.41018411E-40
  97.3  1.41268209E-40
  97.4  1.41518158E-40
  97.5  1.4176826E-40
  97.6  1.42018515E-40
  97.7  1.42268921E-40
  97.8  1.4251948E-40
  97.9  1.42770191E-40
  98.  1.43021053E-40
  98.1  1.43272066E-40
  98.2  1.43523232E-40
  98.3  1.43774548E-40
  98.4  1.44026016E-40
  98.5  1.44277634E-40
  98.6  1.44529404E-40
  98.7  1.44781324E-40
  98.8  1.45033395E-40
  98.9  1.45285616E-40
  99.  1.45537988E-40
  99.1  1.45790509E-40
  99.2  1.46043181E-40
  99.3  1.46296003E-40
  99.4  1.46548974E-40
  99.5  1.46802095E-40
  99.6  1.47055365E-40
  99.7  1.47308785E-40
  99.8  1.47562354E-40
  99.9  1.47816071E-40
  100.  1.48069938E-40
  100.1  1.48323954E-40
  100.2  1.48578118E-40
  100.3  1.4883243E-40
  100.4  1.49086891E-40
  100.5  1.493415E-40
  100.6  1.49596257E-40
  100.7  1.49851162E-40
  100.8  1.50106215E-40
  100.9  1.50361415E-40
  101.  1.50616763E-40
  101.1  1.50872259E-40
  101.2  1.51127901E-40
  101.3  1.51383691E-40
  101.4  1.51639627E-40
  101.5  1.5189571E-40
  101.6  1.5215194E-40
  101.7  1.52408317E-40
  101.8  1.5266484E-40
  101.9  1.52921509E-40
  102.  1.53178324E-40
  102.1  1.53435285E-40
  102.2  1.53692392E-40
  102.3  1.53949645E-40
  102.4  1.54207043E-40
  102.5  1.54464587E-40
  102.6  1.54722276E-40
  102.7  1.5498011E-40
  102.8  1.55238089E-40
  102.9  1.55496213E-40
  103.  1.55754482E-40
  103.1  1.56012896E-40
  103.2  1.56271454E-40
  103.3  1.56530156E-40
  103.4  1.56789002E-40
  103.5  1.57047993E-40
  103.6  1.57307127E-40
  103.7  1.57566406E-40
  103.8  1.57825828E-40
  103.9  1.58085393E-40
  104.  1.58345102E-40
  104.1  1.58604954E-40
  104.2  1.58864949E-40
  104.3  1.59125088E-40
  104.4  1.59385369E-40
  104.5  1.59645793E-40
  104.6  1.59906359E-40
  104.7  1.60167068E-40
  104.8  1.60427919E-40
  104.9  1.60688913E-40
  105.  1.60950048E-40
  105.1  1.61211326E-40
  105.2  1.61472745E-40
  105.3  1.61734306E-40
  105.4  1.61996008E-40
  105.5  1.62257852E-40
  105.6  1.62519837E-40
  105.7  1.62781963E-40
  105.8  1.6304423E-40
  105.9  1.63306638E-40
  106.  1.63569187E-40
  106.1  1.63831877E-40
  106.2  1.64094707E-40
  106.3  1.64357677E-40
  106.4  1.64620787E-40
  106.5  1.64884038E-40
  106.6  1.65147428E-40
  106.7  1.65410959E-40
  106.8  1.65674629E-40
  106.9  1.65938438E-40
  107.  1.66202387E-40
  107.1  1.66466476E-40
  107.2  1.66730703E-40
  107.3  1.6699507E-40
  107.4  1.67259575E-40
  107.5  1.67524219E-40
  107.6  1.67789002E-40
  107.7  1.68053924E-40
  107.8  1.68318983E-40
  107.9  1.68584181E-40
  108.  1.68849518E-40
  108.1  1.69114992E-40
  108.2  1.69380604E-40
  108.3  1.69646354E-40
  108.4  1.69912241E-40
  108.5  1.70178266E-40
  108.6  1.70444428E-40
  108.7  1.70710728E-40
  108.8  1.70977165E-40
  108.9  1.71243738E-40
  109.  1.71510449E-40
  109.1  1.71777296E-40
  109.2  1.7204428E-40
  109.3  1.723114E-40
  109.4  1.72578657E-40
  109.5  1.72846049E-40
  109.6  1.73113578E-40
  109.7  1.73381243E-40
  109.8  1.73649044E-40
  109.9  1.73916981E-40
  110.  1.74185053E-40
  110.1  1.7445326E-40
  110.2  1.74721603E-40
  110.3  1.74990081E-40
  110.4  1.75258694E-40
  110.5  1.75527442E-40
  110.6  1.75796325E-40
  110.7  1.76065343E-40
  110.8  1.76334495E-40
  110.9  1.76603782E-40
  111.  1.76873203E-40
  111.1  1.77142758E-40
  111.2  1.77412447E-40
  111.3  1.77682271E-40
  111.4  1.77952228E-40
  111.5  1.78222319E-40
  111.6  1.78492543E-40
  111.7  1.78762901E-40
  111.8  1.79033392E-40
  111.9  1.79304017E-40
  112.  1.79574774E-40
  112.1  1.79845665E-40
  112.2  1.80116688E-40
  112.3  1.80387844E-40
  112.4  1.80659133E-40
  112.5  1.80930554E-40
  112.6  1.81202107E-40
  112.7  1.81473793E-40
  112.8  1.81745611E-40
  112.9  1.82017561E-40
  113.  1.82289642E-40
  113.1  1.82561856E-40
  113.2  1.82834201E-40
  113.3  1.83106677E-40
  113.4  1.83379285E-40
  113.5  1.83652024E-40
  113.6  1.83924895E-40
  113.7  1.84197896E-40
  113.8  1.84471028E-40
  113.9  1.84744291E-40
  114.  1.85017685E-40
  114.1  1.85291209E-40
  114.2  1.85564863E-40
  114.3  1.85838648E-40
  114.4  1.86112563E-40
  114.5  1.86386608E-40
  114.6  1.86660783E-40
  114.7  1.86935088E-40
  114.8  1.87209522E-40
  114.9  1.87484086E-40
  115.  1.8775878E-40
  115.1  1.88033603E-40
  115.2  1.88308555E-40
  115.3  1.88583636E-40
  115.4  1.88858846E-40
  115.5  1.89134185E-40
  115.6  1.89409652E-40
  115.7  1.89685248E-40
  115.8  1.89960973E-40
  115.9  1.90236826E-40
  116.  1.90512807E-40
  116.1  1.90788917E-40
  116.2  1.91065154E-40
  116.3  1.9134152E-40
  116.4  1.91618013E-40
  116.5  1.91894634E-40
  116.6  1.92171382E-40
  116.7  1.92448258E-40
  116.8  1.92725261E-40
  116.9  1.93002391E-40
  117.  1.93279649E-40
  117.1  1.93557033E-40
  117.2  1.93834544E-40
  117.3  1.94112182E-40
  117.4  1.94389947E-40
  117.5  1.94667838E-40
  117.6  1.94945855E-40
  117.7  1.95223999E-40
  117.8  1.95502268E-40
  117.9  1.95780664E-40
  118.  1.96059186E-40
  118.1  1.96337833E-40
  118.2  1.96616607E-40
  118.3  1.96895505E-40
  118.4  1.97174529E-40
  118.5  1.97453679E-40
  118.6  1.97732954E-40
  118.7  1.98012354E-40
  118.8  1.98291878E-40
  118.9  1.98571528E-40
  119.  1.98851302E-40
  119.1  1.99131201E-40
  119.2  1.99411225E-40
  119.3  1.99691373E-40
  119.4  1.99971645E-40
  119.5  2.00252042E-40
  119.6  2.00532562E-40
  119.7  2.00813207E-40
  119.8  2.01093975E-40
  119.9  2.01374867E-40
  120.  2.01655883E-40
  120.1  2.01937022E-40
  120.2  2.02218285E-40
  120.3  2.02499671E-40
  120.4  2.0278118E-40
  120.5  2.03062812E-40
  120.6  2.03344567E-40
  120.7  2.03626444E-40
  120.8  2.03908445E-40
  120.9  2.04190568E-40
  121.  2.04472814E-40
  121.1  2.04755181E-40
  121.2  2.05037672E-40
  121.3  2.05320284E-40
  121.4  2.05603018E-40
  121.5  2.05885875E-40
  121.6  2.06168853E-40
  121.7  2.06451953E-40
  121.8  2.06735174E-40
  121.9  2.07018517E-40
  122.  2.07301981E-40
  122.1  2.07585566E-40
  122.2  2.07869273E-40
  122.3  2.08153101E-40
  122.4  2.08437049E-40
  122.5  2.08721119E-40
  122.6  2.09005309E-40
  122.7  2.09289619E-40
  122.8  2.0957405E-40
  122.9  2.09858602E-40
  123.  2.10143274E-40
  123.1  2.10428066E-40
  123.2  2.10712977E-40
  123.3  2.10998009E-40
  123.4  2.11283161E-40
  123.5  2.11568432E-40
  123.6  2.11853823E-40
  123.7  2.12139334E-40
  123.8  2.12424964E-40
  123.9  2.12710713E-40
  124.  2.12996581E-40
  124.1  2.13282568E-40
  124.2  2.13568674E-40
  124.3  2.13854899E-40
  124.4  2.14141243E-40
  124.5  2.14427706E-40
  124.6  2.14714287E-40
  124.7  2.15000986E-40
  124.8  2.15287803E-40
  124.9  2.15574739E-40
  125.  2.15861793E-40
  125.1  2.16148965E-40
  125.2  2.16436255E-40
  125.3  2.16723662E-40
  125.4  2.17011187E-40
  125.5  2.1729883E-40
  125.6  2.1758659E-40
  125.7  2.17874467E-40
  125.8  2.18162462E-40
  125.9  2.18450573E-40
  126.  2.18738802E-40
  126.1  2.19027147E-40
  126.2  2.1931561E-40
  126.3  2.19604189E-40
  126.4  2.19892884E-40
  126.5  2.20181696E-40
  126.6  2.20470625E-40
  126.7  2.2075967E-40
  126.8  2.2104883E-40
  126.9  2.21338107E-40
  127.  2.216275E-40
  127.1  2.21917009E-40
  127.2  2.22206633E-40
  127.3  2.22496373E-40
  127.4  2.22786228E-40
  127.5  2.23076199E-40
  127.6  2.23366286E-40
  127.7  2.23656487E-40
  127.8  2.23946803E-40
  127.9  2.24237235E-40
  128.  2.24527781E-40
  128.1  2.24818442E-40
  128.2  2.25109218E-40
  128.3  2.25400109E-40
  128.4  2.25691113E-40
  128.5  2.25982233E-40
  128.6  2.26273466E-40
  128.7  2.26564814E-40
  128.8  2.26856275E-40
  128.9  2.27147851E-40
  129.  2.2743954E-40
  129.1  2.27731344E-40
  129.2  2.2802326E-40
  129.3  2.28315291E-40
  129.4  2.28607435E-40
  129.5  2.28899692E-40
  129.6  2.29192062E-40
  129.7  2.29484545E-40
  129.8  2.29777142E-40
  129.9  2.30069851E-40
  130.  2.30362673E-40
  130.1  2.30655608E-40
  130.2  2.30948656E-40
  130.3  2.31241816E-40
  130.4  2.31535088E-40
  130.5  2.31828473E-40
  130.6  2.3212197E-40
  130.7  2.32415579E-40
  130.8  2.327093E-40
  130.9  2.33003133E-40
  131.  2.33297077E-40
  131.1  2.33591134E-40
  131.2  2.33885302E-40
  131.3  2.34179581E-40
  131.4  2.34473972E-40
  131.5  2.34768474E-40
  131.6  2.35063087E-40
  131.7  2.35357812E-40
  131.8  2.35652647E-40
  131.9  2.35947593E-40
  132.  2.3624265E-40
  132.1  2.36537818E-40
  132.2  2.36833096E-40
  132.3  2.37128485E-40
  132.4  2.37423984E-40
  132.5  2.37719594E-40
  132.6  2.38015313E-40
  132.7  2.38311143E-40
  132.8  2.38607082E-40
  132.9  2.38903132E-40
  133.  2.39199291E-40
  133.1  2.3949556E-40
  133.2  2.39791939E-40
  133.3  2.40088427E-40
  133.4  2.40385024E-40
  133.5  2.40681731E-40
  133.6  2.40978547E-40
  133.7  2.41275472E-40
  133.8  2.41572506E-40
  133.9  2.41869649E-40
  134.  2.421669E-40
  134.1  2.42464261E-40
  134.2  2.4276173E-40
  134.3  2.43059307E-40
  134.4  2.43356993E-40
  134.5  2.43654787E-40
  134.6  2.43952689E-40
  134.7  2.442507E-40
  134.8  2.44548818E-40
  134.9  2.44847044E-40
  135.  2.45145378E-40
  135.1  2.4544382E-40
  135.2  2.4574237E-40
  135.3  2.46041027E-40
  135.4  2.46339791E-40
  135.5  2.46638663E-40
  135.6  2.46937642E-40
  135.7  2.47236728E-40
  135.8  2.47535921E-40
  135.9  2.47835221E-40
  136.  2.48134628E-40
  136.1  2.48434141E-40
  136.2  2.48733762E-40
  136.3  2.49033489E-40
  136.4  2.49333322E-40
  136.5  2.49633261E-40
  136.6  2.49933307E-40
  136.7  2.50233459E-40
  136.8  2.50533717E-40
  136.9  2.50834082E-40
  137.  2.51134552E-40
  137.1  2.51435127E-40
  137.2  2.51735809E-40
  137.3  2.52036596E-40
  137.4  2.52337488E-40
  137.5  2.52638486E-40
  137.6  2.52939589E-40
  137.7  2.53240798E-40
  137.8  2.53542112E-40
  137.9  2.5384353E-40
  138.  2.54145054E-40
  138.1  2.54446682E-40
  138.2  2.54748415E-40
  138.3  2.55050253E-40
  138.4  2.55352195E-40
  138.5  2.55654242E-40
  138.6  2.55956393E-40
  138.7  2.56258648E-40
  138.8  2.56561008E-40
  138.9  2.56863471E-40
  139.  2.57166039E-40
  139.1  2.57468711E-40
  139.2  2.57771486E-40
  139.3  2.58074365E-40
  139.4  2.58377347E-40
  139.5  2.58680434E-40
  139.6  2.58983623E-40
  139.7  2.59286916E-40
  139.8  2.59590312E-40
  139.9  2.59893811E-40
  140.  2.60197414E-40
  140.1  2.60501119E-40
  140.2  2.60804927E-40
  140.3  2.61108838E-40
  140.4  2.61412852E-40
  140.5  2.61716968E-40
  140.6  2.62021187E-40
  140.7  2.62325508E-40
  140.8  2.62629931E-40
  140.9  2.62934457E-40
  141.  2.63239085E-40
  141.1  2.63543815E-40
  141.2  2.63848646E-40
  141.3  2.6415358E-40
  141.4  2.64458615E-40
  141.5  2.64763752E-40
  141.6  2.65068991E-40
  141.7  2.65374331E-40
  141.8  2.65679773E-40
  141.9  2.65985316E-40
  142.  2.6629096E-40
  142.1  2.66596705E-40
  142.2  2.66902551E-40
  142.3  2.67208498E-40
  142.4  2.67514546E-40
  142.5  2.67820695E-40
  142.6  2.68126945E-40
  142.7  2.68433295E-40
  142.8  2.68739745E-40
  142.9  2.69046296E-40
  143.  2.69352947E-40
  143.1  2.69659699E-40
  143.2  2.69966551E-40
  143.3  2.70273502E-40
  143.4  2.70580554E-40
  143.5  2.70887705E-40
  143.6  2.71194957E-40
  143.7  2.71502308E-40
  143.8  2.71809758E-40
  143.9  2.72117308E-40
  144.  2.72424958E-40
  144.1  2.72732706E-40
  144.2  2.73040554E-40
  144.3  2.73348502E-40
  144.4  2.73656548E-40
  144.5  2.73964693E-40
  144.6  2.74272937E-40
  144.7  2.7458128E-40
  144.8  2.74889722E-40
  144.9  2.75198262E-40
  145.  2.75506901E-40
  145.1  2.75815638E-40
  145.2  2.76124473E-40
  145.3  2.76433407E-40
  145.4  2.76742439E-40
  145.5  2.77051569E-40
  145.6  2.77360797E-40
  145.7  2.77670123E-40
  145.8  2.77979547E-40
  145.9  2.78289069E-40
  146.  2.78598688E-40
  146.1  2.78908405E-40
  146.2  2.79218219E-40
  146.3  2.79528131E-40
  146.4  2.7983814E-40
  146.5  2.80148246E-40
  146.6  2.80458449E-40
  146.7  2.8076875E-40
  146.8  2.81079147E-40
  146.9  2.81389641E-40
  147.  2.81700232E-40
  147.1  2.8201092E-40
  147.2  2.82321704E-40
  147.3  2.82632585E-40
  147.4  2.82943562E-40
  147.5  2.83254636E-40
  147.6  2.83565806E-40
  147.7  2.83877072E-40
  147.8  2.84188434E-40
  147.9  2.84499892E-40
  148.  2.84811446E-40
  148.1  2.85123096E-40
  148.2  2.85434842E-40
  148.3  2.85746683E-40
  148.4  2.8605862E-40
  148.5  2.86370652E-40
  148.6  2.8668278E-40
  148.7  2.86995003E-40
  148.8  2.87307322E-40
  148.9  2.87619735E-40
  149.  2.87932244E-40
  149.1  2.88244848E-40
  149.2  2.88557546E-40
  149.3  2.8887034E-40
  149.4  2.89183228E-40
  149.5  2.8949621E-40
  149.6  2.89809288E-40
  149.7  2.90122459E-40
  149.8  2.90435726E-40
  149.9  2.90749086E-40
  150.  2.91062541E-40
  150.1  2.9137609E-40
  150.2  2.91689732E-40
  150.3  2.92003469E-40
  150.4  2.923173E-40
  150.5  2.92631225E-40
  150.6  2.92945243E-40
  150.7  2.93259355E-40
  150.8  2.9357356E-40
  150.9  2.93887859E-40
  151.  2.94202252E-40
  151.1  2.94516737E-40
  151.2  2.94831316E-40
  151.3  2.95145988E-40
  151.4  2.95460754E-40
  151.5  2.95775612E-40
  151.6  2.96090563E-40
  151.7  2.96405606E-40
  151.8  2.96720743E-40
  151.9  2.97035972E-40
  152.  2.97351294E-40
  152.1  2.97666708E-40
  152.2  2.97982215E-40
  152.3  2.98297814E-40
  152.4  2.98613505E-40
  152.5  2.98929288E-40
  152.6  2.99245164E-40
  152.7  2.99561131E-40
  152.8  2.9987719E-40
  152.9  3.00193342E-40
  153.  3.00509584E-40
  153.1  3.00825919E-40
  153.2  3.01142345E-40
  153.3  3.01458863E-40
  153.4  3.01775472E-40
  153.5  3.02092172E-40
  153.6  3.02408964E-40
  153.7  3.02725847E-40
  153.8  3.03042821E-40
  153.9  3.03359886E-40
  154.  3.03677042E-40
  154.1  3.03994288E-40
  154.2  3.04311626E-40
  154.3  3.04629054E-40
  154.4  3.04946573E-40
  154.5  3.05264182E-40
  154.6  3.05581882E-40
  154.7  3.05899672E-40
  154.8  3.06217553E-40
  154.9  3.06535523E-40
  155.  3.06853584E-40
  155.1  3.07171735E-40
  155.2  3.07489976E-40
  155.3  3.07808307E-40
  155.4  3.08126727E-40
  155.5  3.08445237E-40
  155.6  3.08763837E-40
  155.7  3.09082527E-40
  155.8  3.09401306E-40
  155.9  3.09720174E-40
  156.  3.10039132E-40
  156.1  3.10358179E-40
  156.2  3.10677315E-40
  156.3  3.10996541E-40
  156.4  3.11315855E-40
  156.5  3.11635258E-40
  156.6  3.1195475E-40
  156.7  3.12274331E-40
  156.8  3.12594001E-40
  156.9  3.12913759E-40
  157.  3.13233606E-40
  157.1  3.13553541E-40
  157.2  3.13873565E-40
  157.3  3.14193677E-40
  157.4  3.14513877E-40
  157.5  3.14834166E-40
  157.6  3.15154542E-40
  157.7  3.15475006E-40
  157.8  3.15795559E-40
  157.9  3.16116199E-40
  158.  3.16436927E-40
  158.1  3.16757743E-40
  158.2  3.17078646E-40
  158.3  3.17399637E-40
  158.4  3.17720715E-40
  158.5  3.18041881E-40
  158.6  3.18363134E-40
  158.7  3.18684474E-40
  158.8  3.19005902E-40
  158.9  3.19327416E-40
  159.  3.19649017E-40
  159.1  3.19970706E-40
  159.2  3.20292481E-40
  159.3  3.20614343E-40
  159.4  3.20936292E-40
  159.5  3.21258327E-40
  159.6  3.21580449E-40
  159.7  3.21902657E-40
  159.8  3.22224952E-40
  159.9  3.22547333E-40
  160.  3.228698E-40
  160.1  3.23192353E-40
  160.2  3.23514993E-40
  160.3  3.23837718E-40
  160.4  3.2416053E-40
  160.5  3.24483427E-40
  160.6  3.2480641E-40
  160.7  3.25129479E-40
  160.8  3.25452633E-40
  160.9  3.25775873E-40
  161.  3.26099198E-40
  161.1  3.26422609E-40
  161.2  3.26746105E-40
  161.3  3.27069686E-40
  161.4  3.27393353E-40
  161.5  3.27717105E-40
  161.6  3.28040941E-40
  161.7  3.28364863E-40
  161.8  3.28688869E-40
  161.9  3.29012961E-40
  162.  3.29337137E-40
  162.1  3.29661397E-40
  162.2  3.29985742E-40
  162.3  3.30310172E-40
  162.4  3.30634686E-40
  162.5  3.30959285E-40
  162.6  3.31283968E-40
  162.7  3.31608735E-40
  162.8  3.31933586E-40
  162.9  3.32258521E-40
  163.  3.3258354E-40
  163.1  3.32908643E-40
  163.2  3.3323383E-40
  163.3  3.33559101E-40
  163.4  3.33884455E-40
  163.5  3.34209893E-40
  163.6  3.34535415E-40
  163.7  3.3486102E-40
  163.8  3.35186708E-40
  163.9  3.3551248E-40
  164.  3.35838335E-40
  164.1  3.36164273E-40
  164.2  3.36490294E-40
  164.3  3.36816398E-40
  164.4  3.37142585E-40
  164.5  3.37468856E-40
  164.6  3.37795208E-40
  164.7  3.38121644E-40
  164.8  3.38448162E-40
  164.9  3.38774763E-40
  165.  3.39101447E-40
  165.1  3.39428213E-40
  165.2  3.39755061E-40
  165.3  3.40081991E-40
  165.4  3.40409004E-40
  165.5  3.40736099E-40
  165.6  3.41063276E-40
  165.7  3.41390535E-40
  165.8  3.41717876E-40
  165.9  3.42045299E-40
  166.  3.42372804E-40
  166.1  3.4270039E-40
  166.2  3.43028058E-40
  166.3  3.43355807E-40
  166.4  3.43683639E-40
  166.5  3.44011551E-40
  166.6  3.44339545E-40
  166.7  3.4466762E-40
  166.8  3.44995777E-40
  166.9  3.45324014E-40
  167.  3.45652333E-40
  167.1  3.45980733E-40
  167.2  3.46309213E-40
  167.3  3.46637775E-40
  167.4  3.46966417E-40
  167.5  3.4729514E-40
  167.6  3.47623944E-40
  167.7  3.47952828E-40
  167.8  3.48281793E-40
  167.9  3.48610838E-40
  168.  3.48939964E-40
  168.1  3.4926917E-40
  168.2  3.49598456E-40
  168.3  3.49927822E-40
  168.4  3.50257269E-40
  168.5  3.50586795E-40
  168.6  3.50916401E-40
  168.7  3.51246088E-40
  168.8  3.51575854E-40
  168.9  3.519057E-40
  169.  3.52235625E-40
  169.1  3.5256563E-40
  169.2  3.52895715E-40
  169.3  3.53225879E-40
  169.4  3.53556123E-40
  169.5  3.53886445E-40
  169.6  3.54216847E-40
  169.7  3.54547329E-40
  169.8  3.54877889E-40
  169.9  3.55208529E-40
  170.  3.55539247E-40
