  0.1  0.
  0.2  0.
  0.3  0.
  0.4  0.
  0.5  0.
  0.6  0.
  0.7  0.
  0.8  0.
  0.9  0.
  1.  0.
  1.1  0.
  1.2  0.
  1.3  0.
  1.4  0.
  1.5  0.
  1.6  0.
  1.7  0.
  1.8  0.
  1.9  0.
  2.  0.
  2.1  0.
  2.2  0.
  2.3  1.73325796E-57
  2.4  4.346E-51
  2.5  1.88166606E-50
  2.6  4.322E-50
  2.7  8.34584451E-50
  2.8  1.478E-49
  2.9  2.3049831E-49
  3.  3.402E-49
  3.1  4.73746793E-49
  3.2  6.372E-49
  3.3  8.28537366E-49
  3.4  1.052E-48
  3.5  1.30582828E-48
  3.6  1.594E-48
  3.7  1.91580279E-48
  3.8  2.274E-48
  3.9  2.66729701E-48
  4.  3.098E-48
  4.1  3.56552002E-48
  4.2  4.072E-48
  4.3  4.6169551E-48
  4.4  5.202E-48
  4.5  5.82644262E-48
  4.6  6.492E-48
  4.7  7.19834243E-48
  4.8  7.947E-48
  4.9  8.73765609E-48
  5.  9.57E-48
  5.1  1.04431512E-47
  5.2  1.136E-47
  5.3  1.23217113E-47
  5.4  1.333E-47
  5.5  1.43836162E-47
  5.6  1.548E-47
  5.7  1.66173859E-47
  5.8  1.78E-47
  5.9  1.90311218E-47
  6.  2.031E-47
  6.1  2.16333627E-47
  6.2  2.3E-47
  6.3  2.44105499E-47
  6.4  2.587E-47
  6.5  2.73805075E-47
  6.6  2.894E-47
  6.7  3.05437739E-47
  6.8  3.219E-47
  6.9  3.38810227E-47
  7.  3.562E-47
  7.1  3.74087832E-47
  7.2  3.925E-47
  7.3  4.11417995E-47
  7.4  4.308E-47
  7.5  4.50617892E-47
  7.6  4.709E-47
  7.7  4.91690299E-47
  7.8  5.13E-47
  7.9  5.34808929E-47
  8.  5.571E-47
  8.1  5.79856243E-47
  8.2  6.031E-47
  8.3  6.26858492E-47
  8.4  6.511E-47
  8.5  6.75799167E-47
  8.6  7.01E-47
  8.7  7.26734289E-47
  8.8  7.53E-47
  8.9  7.79765656E-47
  9.  8.07E-47
  9.1  8.34699134E-47
  9.2  8.629E-47
  9.3  8.91639971E-47
  9.4  9.209E-47
  9.5  9.50641265E-47
  9.6  9.809E-47
  9.7  1.01169926E-46
  9.8  1.043E-46
  9.9  1.07476263E-46
  10.  1.107E-46
  10.1  1.1397464E-46
  10.2  1.173E-46
  10.3  1.20674974E-46
  10.4  1.241E-46
  10.5  1.27578762E-46
  10.6  1.311E-46
  10.7  1.34663701E-46
  10.8  1.383E-46
  10.9  1.42019709E-46
  11.  1.458E-46
  11.1  1.49593699E-46
  11.2  1.534E-46
  11.3  1.57261588E-46
  11.4  1.612E-46
  11.5  1.6522591E-46
  11.6  1.693E-46
  11.7  1.73376428E-46
  11.8  1.775E-46
  11.9  1.81711032E-46
  12.  1.86E-46
  12.1  1.90344098E-46
  12.2  1.947E-46
  12.3  1.99069764E-46
  12.4  2.035E-46
  12.5  2.0801304E-46
  12.6  2.126E-46
  12.7  2.17226836E-46
  12.8  2.219E-46
  12.9  2.26628162E-46
  13.  2.314E-46
  13.1  2.3622315E-46
  13.2  2.41100479E-46
  13.3  2.4603606E-46
  13.4  2.51034309E-46
  13.5  2.561E-46
  13.6  2.61225797E-46
  13.7  2.66400111E-46
  13.8  2.71621561E-46
  13.9  2.76888697E-46
  14.  2.822E-46
  14.1  2.87558044E-46
  14.2  2.9296667E-46
  14.3  2.98426247E-46
  14.4  3.03937197E-46
  14.5  3.095E-46
  14.6  3.15122439E-46
  14.7  3.20808814E-46
  14.8  3.26554153E-46
  14.9  3.32353119E-46
  15.  3.382E-46
  15.1  3.44097723E-46
  15.2  3.5005069E-46
  15.3  3.56054925E-46
  15.4  3.62106194E-46
  15.5  3.682E-46
  15.6  3.74342523E-46
  15.7  3.80543345E-46
  15.8  3.86802889E-46
  15.9  3.93121612E-46
  16.  3.995E-46
  16.1  4.05943436E-46
  16.2  4.12452463E-46
  16.3  4.19020003E-46
  16.4  4.25638517E-46
  16.5  4.323E-46
  16.6  4.3900334E-46
  16.7  4.45753754E-46
  16.8  4.52552447E-46
  16.9  4.59400726E-46
  17.  4.663E-46
  17.1  4.73259156E-46
  17.2  4.80283278E-46
  17.3  4.87367956E-46
  17.4  4.94508513E-46
  17.5  5.017E-46
  17.6  5.08944955E-46
  17.7  5.16248614E-46
  17.8  5.23609826E-46
  17.9  5.3102738E-46
  18.  5.385E-46
  18.1  5.46030133E-46
  18.2  5.53618837E-46
  18.3  5.61262569E-46
  18.4  5.68957599E-46
  18.5  5.767E-46
  18.6  5.84492544E-46
  18.7  5.92339982E-46
  18.8  6.00241172E-46
  18.9  6.08194925E-46
  19.  6.162E-46
  19.1  6.24262406E-46
  19.2  6.3238693E-46
  19.3  6.40570335E-46
  19.4  6.48809216E-46
  19.5  6.571E-46
  19.6  6.65445766E-46
  19.7  6.73850749E-46
  19.8  6.82312897E-46
  19.9  6.90830063E-46
  20.  6.994E-46
  20.1  7.08025791E-46
  20.2  7.16710764E-46
  20.3  7.25452888E-46
  20.4  7.3425004E-46
  20.5  7.431E-46
  20.6  7.52005818E-46
  20.7  7.6097078E-46
  20.8  7.69992879E-46
  20.9  7.79070016E-46
  21.  7.882E-46
  21.1  7.97385846E-46
  21.2  8.06630798E-46
  21.3  8.15932869E-46
  21.4  8.2528999E-46
  21.5  8.347E-46
  21.6  8.44165876E-46
  21.7  8.53690816E-46
  21.8  8.63272859E-46
  21.9  8.72909963E-46
  22.  8.826E-46
  22.1  8.92348329E-46
  22.2  9.02158179E-46
  22.3  9.12023985E-46
  22.4  9.21939942E-46
  22.5  9.319E-46
  22.6  9.41907505E-46
  22.7  9.51974334E-46
  22.8  9.62107265E-46
  22.9  9.72313366E-46
  23.  9.826E-46
  23.1  9.92980248E-46
  23.2  1.00344208E-45
  23.3  1.01395444E-45
  23.4  1.02448498E-45
  23.5  1.035E-45
  23.6  1.04550738E-45
  23.7  1.05604699E-45
  23.8  1.06663263E-45
  23.9  1.07727865E-45
  24.  1.088E-45
  24.1  1.09881066E-45
  24.2  1.10971501E-45
  24.3  1.12071402E-45
  24.4  1.13180868E-45
  24.5  1.143E-45
  24.6  1.15427401E-45
  24.7  1.1656141E-45
  24.8  1.17701725E-45
  24.9  1.18848031E-45
  25.  1.2E-45
  25.1  1.21155175E-45
  25.2  1.22311749E-45
  25.3  1.23470379E-45
  25.4  1.24631755E-45
  25.5  1.25796596E-45
  25.6  1.26965649E-45
  25.7  1.28139692E-45
  25.8  1.29319534E-45
  25.9  1.30506013E-45
  26.  1.317E-45
  26.1  1.32901496E-45
  26.2  1.34109798E-45
  26.3  1.3532474E-45
  26.4  1.36546151E-45
  26.5  1.37773852E-45
  26.6  1.39007657E-45
  26.7  1.40247376E-45
  26.8  1.4149281E-45
  26.9  1.42743755E-45
  27.  1.44E-45
  27.1  1.45261962E-45
  27.2  1.46530195E-45
  27.3  1.47804685E-45
  27.4  1.49085416E-45
  27.5  1.50372374E-45
  27.6  1.51665542E-45
  27.7  1.52964906E-45
  27.8  1.54270448E-45
  27.9  1.55582151E-45
  28.  1.569E-45
  28.1  1.58224546E-45
  28.2  1.59556055E-45
  28.3  1.60894064E-45
  28.4  1.62238095E-45
  28.5  1.63587656E-45
  28.6  1.64942237E-45
  28.7  1.66301312E-45
  28.8  1.67664339E-45
  28.9  1.6903076E-45
  29.  1.704E-45
  29.1  1.71773055E-45
  29.2  1.73151459E-45
  29.3  1.74535438E-45
  29.4  1.75925226E-45
  29.5  1.77321062E-45
  29.6  1.78723198E-45
  29.7  1.8013189E-45
  29.8  1.81547403E-45
  29.9  1.82970013E-45
  30.  1.844E-45
  30.1  1.85838419E-45
  30.2  1.87285706E-45
  30.3  1.88741204E-45
  30.4  1.90204237E-45
  30.5  1.91674106E-45
  30.6  1.93150092E-45
  30.7  1.9463145E-45
  30.8  1.96117417E-45
  30.9  1.97607204E-45
  31.  1.991E-45
  31.1  2.00595965E-45
  31.2  2.02096082E-45
  31.3  2.03600773E-45
  31.4  2.05110473E-45
  31.5  2.06625632E-45
  31.6  2.08146711E-45
  31.7  2.0967419E-45
  31.8  2.11208557E-45
  31.9  2.12750321E-45
  32.  2.143E-45
  32.1  2.15858459E-45
  32.2  2.17425777E-45
  32.3  2.19001297E-45
  32.4  2.20584339E-45
  32.5  2.22174206E-45
  32.6  2.23770177E-45
  32.7  2.25371513E-45
  32.8  2.26977454E-45
  32.9  2.28587217E-45
  33.  2.302E-45
  33.1  2.31816098E-45
  33.2  2.33436569E-45
  33.3  2.35061747E-45
  33.4  2.36691976E-45
  33.5  2.38327611E-45
  33.6  2.39969016E-45
  33.7  2.41616566E-45
  33.8  2.43270647E-45
  33.9  2.44931656E-45
  34.  2.466E-45
  34.1  2.48276438E-45
  34.2  2.49961239E-45
  34.3  2.51654082E-45
  34.4  2.53354633E-45
  34.5  2.5506255E-45
  34.6  2.56777483E-45
  34.7  2.58499071E-45
  34.8  2.60226941E-45
  34.9  2.61960715E-45
  35.  2.637E-45
  35.1  2.65444648E-45
  35.2  2.67194804E-45
  35.3  2.68950512E-45
  35.4  2.70711817E-45
  35.5  2.72478769E-45
  35.6  2.74251416E-45
  35.7  2.76029808E-45
  35.8  2.77814E-45
  35.9  2.79604045E-45
  36.  2.814E-45
  36.1  2.83202433E-45
  36.2  2.85011707E-45
  36.3  2.86827565E-45
  36.4  2.88649744E-45
  36.5  2.90477975E-45
  36.6  2.92311981E-45
  36.7  2.9415148E-45
  36.8  2.95996181E-45
  36.9  2.97845789E-45
  37.  2.997E-45
  37.1  3.01559568E-45
  37.2  3.03425539E-45
  37.3  3.05298042E-45
  37.4  3.07177209E-45
  37.5  3.09063176E-45
  37.6  3.10956081E-45
  37.7  3.12856069E-45
  37.8  3.14763285E-45
  37.9  3.16677877E-45
  38.  3.186E-45
  38.1  3.20530203E-45
  38.2  3.22468571E-45
  38.3  3.24414549E-45
  38.4  3.26367569E-45
  38.5  3.28327049E-45
  38.6  3.30292393E-45
  38.7  3.32262992E-45
  38.8  3.3423822E-45
  38.9  3.36217441E-45
  39.  3.382E-45
  39.1  3.40186079E-45
  39.2  3.42176523E-45
  39.3  3.44171673E-45
  39.4  3.4617188E-45
  39.5  3.48177502E-45
  39.6  3.50188906E-45
  39.7  3.52206468E-45
  39.8  3.54230573E-45
  39.9  3.56261616E-45
  40.  3.583E-45
  40.1  3.60346475E-45
  40.2  3.62401306E-45
  40.3  3.64464166E-45
  40.4  3.66534723E-45
  40.5  3.68612635E-45
  40.6  3.70697551E-45
  40.7  3.72789116E-45
  40.8  3.74886962E-45
  40.9  3.76990718E-45
  41.  3.791E-45
  41.1  3.81214866E-45
  41.2  3.83335572E-45
  41.3  3.85462025E-45
  41.4  3.87594131E-45
  41.5  3.89731795E-45
  41.6  3.91874918E-45
  41.7  3.94023403E-45
  41.8  3.96177147E-45
  41.9  3.98336047E-45
  42.  4.005E-45
  42.1  4.02669588E-45
  42.2  4.04845554E-45
  42.3  4.07028036E-45
  42.4  4.09217174E-45
  42.5  4.1141311E-45
  42.6  4.13615992E-45
  42.7  4.15825967E-45
  42.8  4.18043189E-45
  42.9  4.20267814E-45
  43.  4.225E-45
  43.1  4.24740272E-45
  43.2  4.26988682E-45
  43.3  4.29244678E-45
  43.4  4.31507694E-45
  43.5  4.33777151E-45
  43.6  4.36052461E-45
  43.7  4.38333022E-45
  43.8  4.40618218E-45
  43.9  4.42907424E-45
  44.  4.452E-45
  44.1  4.4749628E-45
  44.2  4.49797182E-45
  44.3  4.52102941E-45
  44.4  4.54413794E-45
  44.5  4.56729988E-45
  44.6  4.59051772E-45
  44.7  4.61379402E-45
  44.8  4.63713138E-45
  44.9  4.66053247E-45
  45.  4.684E-45
  45.1  4.70754423E-45
  45.2  4.7311724E-45
  45.3  4.75488275E-45
  45.4  4.77867348E-45
  45.5  4.80254275E-45
  45.6  4.82648868E-45
  45.7  4.85050935E-45
  45.8  4.87460279E-45
  45.9  4.89876702E-45
  46.  4.923E-45
  46.1  4.94730121E-45
  46.2  4.971671E-45
  46.3  4.99610857E-45
  46.4  5.02061313E-45
  46.5  5.04518385E-45
  46.6  5.06981989E-45
  46.7  5.09452041E-45
  46.8  5.11928452E-45
  46.9  5.14411135E-45
  47.  5.169E-45
  47.1  5.19394871E-45
  47.2  5.21895574E-45
  47.3  5.24402019E-45
  47.4  5.26914114E-45
  47.5  5.29431766E-45
  47.6  5.31954879E-45
  47.7  5.34483357E-45
  47.8  5.37017103E-45
  47.9  5.39556018E-45
  48.  5.421E-45
  48.1  5.4464977E-45
  48.2  5.47206142E-45
  48.3  5.4976916E-45
  48.4  5.52338864E-45
  48.5  5.54915299E-45
  48.6  5.57498508E-45
  48.7  5.60088537E-45
  48.8  5.6268543E-45
  48.9  5.65289235E-45
  49.  5.679E-45
  49.1  5.70518162E-45
  49.2  5.73143988E-45
  49.3  5.75777263E-45
  49.4  5.78417771E-45
  49.5  5.81065289E-45
  49.6  5.83719593E-45
  49.7  5.86380452E-45
  49.8  5.89047632E-45
  49.9  5.91720895E-45
  50.  5.944E-45
  50.1  5.97084884E-45
  50.2  5.99775591E-45
  50.3  6.02472032E-45
  50.4  6.05174118E-45
  50.5  6.07881759E-45
  50.6  6.10594861E-45
  50.7  6.13313332E-45
  50.8  6.16037077E-45
  50.9  6.18765999E-45
  51.  6.215E-45
  51.1  6.24239789E-45
  51.2  6.26986168E-45
  51.3  6.29739182E-45
  51.4  6.32498878E-45
  51.5  6.352653E-45
  51.6  6.38038496E-45
  51.7  6.40818515E-45
  51.8  6.43605405E-45
  51.9  6.46399216E-45
  52.  6.492E-45
  52.1  6.52008183E-45
  52.2  6.54824018E-45
  52.3  6.57647294E-45
  52.4  6.60477795E-45
  52.5  6.63315303E-45
  52.6  6.66159594E-45
  52.7  6.69010442E-45
  52.8  6.71867616E-45
  52.9  6.74730881E-45
  53.  6.776E-45
  53.1  6.80473467E-45
  53.2  6.83350498E-45
  53.3  6.86231939E-45
  53.4  6.89118656E-45
  53.5  6.92011527E-45
  53.6  6.94911446E-45
  53.7  6.97819321E-45
  53.8  7.00736076E-45
  53.9  7.03662651E-45
  54.  7.066E-45
  54.1  7.09543805E-45
  54.2  7.12489509E-45
  54.3  7.15437731E-45
  54.4  7.18389099E-45
  54.5  7.21344253E-45
  54.6  7.24303845E-45
  54.7  7.27268536E-45
  54.8  7.30239001E-45
  54.9  7.33215923E-45
  55.  7.362E-45
  55.1  7.39191021E-45
  55.2  7.42188324E-45
  55.3  7.45191936E-45
  55.4  7.48201883E-45
  55.5  7.51218194E-45
  55.6  7.54240896E-45
  55.7  7.57270018E-45
  55.8  7.60305589E-45
  55.9  7.6334764E-45
  56.  7.663962E-45
  56.1  7.69451301E-45
  56.2  7.72512974E-45
  56.3  7.75581251E-45
  56.4  7.78656165E-45
  56.5  7.81737749E-45
  56.6  7.84826037E-45
  56.7  7.87921064E-45
  56.8  7.91022864E-45
  56.9  7.94131474E-45
  57.  7.9724693E-45
  57.1  8.00369268E-45
  57.2  8.03498527E-45
  57.3  8.06634743E-45
  57.4  8.09777957E-45
  57.5  8.12928208E-45
  57.6  8.16085534E-45
  57.7  8.19249978E-45
  57.8  8.22421581E-45
  57.9  8.25600384E-45
  58.  8.2878643E-45
  58.1  8.31979763E-45
  58.2  8.35180426E-45
  58.3  8.38388464E-45
  58.4  8.41603922E-45
  58.5  8.44826846E-45
  58.6  8.48057284E-45
  58.7  8.51295281E-45
  58.8  8.54540886E-45
  58.9  8.57794148E-45
  59.  8.61055116E-45
  59.1  8.6432384E-45
  59.2  8.67600372E-45
  59.3  8.70884761E-45
  59.4  8.74177061E-45
  59.5  8.77477325E-45
  59.6  8.80785606E-45
  59.7  8.84101959E-45
  59.8  8.87426438E-45
  59.9  8.90759099E-45
  60.  8.941E-45
  60.1  8.97447449E-45
  60.2  9.00799733E-45
  60.3  9.04156875E-45
  60.4  9.07518899E-45
  60.5  9.10885827E-45
  60.6  9.14257686E-45
  60.7  9.17634499E-45
  60.8  9.21016295E-45
  60.9  9.24403098E-45
  61.  9.27794937E-45
  61.1  9.3119184E-45
  61.2  9.34593836E-45
  61.3  9.38000953E-45
  61.4  9.41413223E-45
  61.5  9.44830676E-45
  61.6  9.48253343E-45
  61.7  9.51681257E-45
  61.8  9.55114451E-45
  61.9  9.58552958E-45
  62.  9.61996813E-45
  62.1  9.65446052E-45
  62.2  9.68900709E-45
  62.3  9.72360821E-45
  62.4  9.75826426E-45
  62.5  9.79297561E-45
  62.6  9.82774266E-45
  62.7  9.8625658E-45
  62.8  9.89744542E-45
  62.9  9.93238195E-45
  63.  9.96737579E-45
  63.1  1.00024274E-44
  63.2  1.00375371E-44
  63.3  1.00727055E-44
  63.4  1.0107933E-44
  63.5  1.01432199E-44
  63.6  1.01785668E-44
  63.7  1.02139742E-44
  63.8  1.02494425E-44
  63.9  1.02849723E-44
  64.  1.03205639E-44
  64.1  1.0356218E-44
  64.2  1.0391935E-44
  64.3  1.04277154E-44
  64.4  1.04635598E-44
  64.5  1.04994687E-44
  64.6  1.05354426E-44
  64.7  1.05714822E-44
  64.8  1.06075879E-44
  64.9  1.06437603E-44
  65.  1.068E-44
  65.1  1.07163138E-44
  65.2  1.07527076E-44
  65.3  1.07891808E-44
  65.4  1.08257328E-44
  65.5  1.08623631E-44
  65.6  1.0899071E-44
  65.7  1.09358558E-44
  65.8  1.0972717E-44
  65.9  1.10096538E-44
  66.  1.10466657E-44
  66.1  1.1083752E-44
  66.2  1.1120912E-44
  66.3  1.11581449E-44
  66.4  1.11954503E-44
  66.5  1.12328272E-44
  66.6  1.1270275E-44
  66.7  1.13077931E-44
  66.8  1.13453806E-44
  66.9  1.13830369E-44
  67.  1.14207611E-44
  67.1  1.14585526E-44
  67.2  1.14964105E-44
  67.3  1.15343341E-44
  67.4  1.15723226E-44
  67.5  1.16103753E-44
  67.6  1.16484912E-44
  67.7  1.16866696E-44
  67.8  1.17249097E-44
  67.9  1.17632106E-44
  68.  1.18015715E-44
  68.1  1.18399915E-44
  68.2  1.18784698E-44
  68.3  1.19170055E-44
  68.4  1.19555977E-44
  68.5  1.19942456E-44
  68.6  1.20329481E-44
  68.7  1.20717045E-44
  68.8  1.21105138E-44
  68.9  1.2149375E-44
  69.  1.21882872E-44
  69.1  1.22272494E-44
  69.2  1.22662608E-44
  69.3  1.23053203E-44
  69.4  1.23444269E-44
  69.5  1.23835796E-44
  69.6  1.24227775E-44
  69.7  1.24620195E-44
  69.8  1.25013046E-44
  69.9  1.25406318E-44
  70.  1.258E-44
  70.1  1.2619426E-44
  70.2  1.2658927E-44
  70.3  1.26985023E-44
  70.4  1.27381514E-44
  70.5  1.27778737E-44
  70.6  1.28176686E-44
  70.7  1.28575355E-44
  70.8  1.28974738E-44
  70.9  1.29374828E-44
  71.  1.29775619E-44
  71.1  1.30177104E-44
  71.2  1.30579278E-44
  71.3  1.30982134E-44
  71.4  1.31385665E-44
  71.5  1.31789864E-44
  71.6  1.32194725E-44
  71.7  1.32600241E-44
  71.8  1.33006404E-44
  71.9  1.33413208E-44
  72.  1.33820646E-44
  72.1  1.34228711E-44
  72.2  1.34637395E-44
  72.3  1.35046691E-44
  72.4  1.35456591E-44
  72.5  1.35867089E-44
  72.6  1.36278176E-44
  72.7  1.36689845E-44
  72.8  1.37102088E-44
  72.9  1.37514897E-44
  73.  1.37928265E-44
  73.1  1.38342184E-44
  73.2  1.38756644E-44
  73.3  1.39171639E-44
  73.4  1.3958716E-44
  73.5  1.40003199E-44
  73.6  1.40419747E-44
  73.7  1.40836796E-44
  73.8  1.41254337E-44
  73.9  1.41672361E-44
  74.  1.42090861E-44
  74.1  1.42509827E-44
  74.2  1.4292925E-44
  74.3  1.43349121E-44
  74.4  1.43769432E-44
  74.5  1.44190172E-44
  74.6  1.44611334E-44
  74.7  1.45032907E-44
  74.8  1.45454882E-44
  74.9  1.45877249E-44
  75.  1.463E-44
  75.1  1.46723315E-44
  75.2  1.47147381E-44
  75.3  1.47572193E-44
  75.4  1.47997748E-44
  75.5  1.48424041E-44
  75.6  1.4885107E-44
  75.7  1.49278829E-44
  75.8  1.49707315E-44
  75.9  1.50136524E-44
  76.  1.50566452E-44
  76.1  1.50997095E-44
  76.2  1.51428448E-44
  76.3  1.51860507E-44
  76.4  1.52293268E-44
  76.5  1.52726727E-44
  76.6  1.53160879E-44
  76.7  1.53595719E-44
  76.8  1.54031244E-44
  76.9  1.54467449E-44
  77.  1.54904329E-44
  77.1  1.5534188E-44
  77.2  1.55780097E-44
  77.3  1.56218974E-44
  77.4  1.56658509E-44
  77.5  1.57098694E-44
  77.6  1.57539527E-44
  77.7  1.57981002E-44
  77.8  1.58423113E-44
  77.9  1.58865856E-44
  78.  1.59309226E-44
  78.1  1.59753218E-44
  78.2  1.60197826E-44
  78.3  1.60643045E-44
  78.4  1.61088871E-44
  78.5  1.61535297E-44
  78.6  1.61982319E-44
  78.7  1.6242993E-44
  78.8  1.62878126E-44
  78.9  1.63326901E-44
  79.  1.63776249E-44
  79.1  1.64226165E-44
  79.2  1.64676642E-44
  79.3  1.65127677E-44
  79.4  1.65579261E-44
  79.5  1.66031391E-44
  79.6  1.66484059E-44
  79.7  1.6693726E-44
  79.8  1.67390988E-44
  79.9  1.67845237E-44
  80.  1.683E-44
  80.1  1.68755418E-44
  80.2  1.6921163E-44
  80.3  1.6966863E-44
  80.4  1.70126411E-44
  80.5  1.70584966E-44
  80.6  1.71044289E-44
  80.7  1.71504374E-44
  80.8  1.71965213E-44
  80.9  1.72426799E-44
  81.  1.72889126E-44
  81.1  1.73352187E-44
  81.2  1.73815973E-44
  81.3  1.7428048E-44
  81.4  1.74745698E-44
  81.5  1.7521162E-44
  81.6  1.7567824E-44
  81.7  1.7614555E-44
  81.8  1.76613542E-44
  81.9  1.77082208E-44
  82.  1.77551541E-44
  82.1  1.78021533E-44
  82.2  1.78492176E-44
  82.3  1.78963463E-44
  82.4  1.79435384E-44
  82.5  1.79907933E-44
  82.6  1.803811E-44
  82.7  1.80854877E-44
  82.8  1.81329257E-44
  82.9  1.81804231E-44
  83.  1.82279789E-44
  83.1  1.82755925E-44
  83.2  1.83232628E-44
  83.3  1.8370989E-44
  83.4  1.84187702E-44
  83.5  1.84666056E-44
  83.6  1.85144942E-44
  83.7  1.85624352E-44
  83.8  1.86104275E-44
  83.9  1.86584703E-44
  84.  1.87065627E-44
  84.1  1.87547037E-44
  84.2  1.88028923E-44
  84.3  1.88511276E-44
  84.4  1.88994087E-44
  84.5  1.89477345E-44
  84.6  1.8996104E-44
  84.7  1.90445164E-44
  84.8  1.90929705E-44
  84.9  1.91414654E-44
  85.  1.919E-44
  85.1  1.92385865E-44
  85.2  1.92872376E-44
  85.3  1.93359528E-44
  85.4  1.93847317E-44
  85.5  1.94335739E-44
  85.6  1.94824791E-44
  85.7  1.95314469E-44
  85.8  1.95804768E-44
  85.9  1.96295684E-44
  86.  1.96787214E-44
  86.1  1.97279353E-44
  86.2  1.97772097E-44
  86.3  1.98265442E-44
  86.4  1.98759383E-44
  86.5  1.99253917E-44
  86.6  1.9974904E-44
  86.7  2.00244745E-44
  86.8  2.00741031E-44
  86.9  2.01237891E-44
  87.  2.01735321E-44
  87.1  2.02233318E-44
  87.2  2.02731876E-44
  87.3  2.03230992E-44
  87.4  2.03730659E-44
  87.5  2.04230875E-44
  87.6  2.04731633E-44
  87.7  2.0523293E-44
  87.8  2.0573476E-44
  87.9  2.0623712E-44
  88.  2.06740003E-44
  88.1  2.07243406E-44
  88.2  2.07747323E-44
  88.3  2.0825175E-44
  88.4  2.08756681E-44
  88.5  2.09262111E-44
  88.6  2.09768036E-44
  88.7  2.10274451E-44
  88.8  2.10781349E-44
  88.9  2.11288727E-44
  89.  2.11796579E-44
  89.1  2.123049E-44
  89.2  2.12813684E-44
  89.3  2.13322926E-44
  89.4  2.13832621E-44
  89.5  2.14342764E-44
  89.6  2.14853349E-44
  89.7  2.1536437E-44
  89.8  2.15875823E-44
  89.9  2.16387701E-44
  90.  2.169E-44
  90.1  2.17412867E-44
  90.2  2.17926451E-44
  90.3  2.18440746E-44
  90.4  2.18955748E-44
  90.5  2.19471449E-44
  90.6  2.19987844E-44
  90.7  2.20504928E-44
  90.8  2.21022695E-44
  90.9  2.21541139E-44
  91.  2.22060254E-44
  91.1  2.22580033E-44
  91.2  2.23100472E-44
  91.3  2.23621563E-44
  91.4  2.24143301E-44
  91.5  2.24665679E-44
  91.6  2.25188692E-44
  91.7  2.25712332E-44
  91.8  2.26236594E-44
  91.9  2.2676147E-44
  92.  2.27286955E-44
  92.1  2.27813043E-44
  92.2  2.28339725E-44
  92.3  2.28866997E-44
  92.4  2.2939485E-44
  92.5  2.29923278E-44
  92.6  2.30452275E-44
  92.7  2.30981834E-44
  92.8  2.31511947E-44
  92.9  2.32042608E-44
  93.  2.32573809E-44
  93.1  2.33105544E-44
  93.2  2.33637806E-44
  93.3  2.34170586E-44
  93.4  2.34703878E-44
  93.5  2.35237675E-44
  93.6  2.35771968E-44
  93.7  2.36306752E-44
  93.8  2.36842017E-44
  93.9  2.37377757E-44
  94.  2.37913964E-44
  94.1  2.38450631E-44
  94.2  2.38987749E-44
  94.3  2.3952531E-44
  94.4  2.40063308E-44
  94.5  2.40601733E-44
  94.6  2.41140579E-44
  94.7  2.41679836E-44
  94.8  2.42219498E-44
  94.9  2.42759555E-44
  95.  2.433E-44
  95.1  2.43840982E-44
  95.2  2.44382653E-44
  95.3  2.44925009E-44
  95.4  2.45468046E-44
  95.5  2.46011758E-44
  95.6  2.46556143E-44
  95.7  2.47101195E-44
  95.8  2.47646909E-44
  95.9  2.48193282E-44
  96.  2.48740309E-44
  96.1  2.49287984E-44
  96.2  2.49836304E-44
  96.3  2.50385264E-44
  96.4  2.50934858E-44
  96.5  2.51485083E-44
  96.6  2.52035933E-44
  96.7  2.52587404E-44
  96.8  2.53139491E-44
  96.9  2.53692188E-44
  97.  2.54245491E-44
  97.1  2.54799394E-44
  97.2  2.55353894E-44
  97.3  2.55908984E-44
  97.4  2.56464659E-44
  97.5  2.57020915E-44
  97.6  2.57577746E-44
  97.7  2.58135147E-44
  97.8  2.58693113E-44
  97.9  2.59251638E-44
  98.  2.59810716E-44
  98.1  2.60370344E-44
  98.2  2.60930514E-44
  98.3  2.61491222E-44
  98.4  2.62052462E-44
  98.5  2.62614229E-44
  98.6  2.63176516E-44
  98.7  2.63739319E-44
  98.8  2.64302631E-44
  98.9  2.64866447E-44
  99.  2.65430761E-44
  99.1  2.65995568E-44
  99.2  2.66560861E-44
  99.3  2.67126634E-44
  99.4  2.67692882E-44
  99.5  2.68259599E-44
  99.6  2.68826778E-44
  99.7  2.69394414E-44
  99.8  2.69962501E-44
  99.9  2.70531031E-44
  100.  2.711E-44
  100.1  2.71669513E-44
  100.2  2.72239678E-44
  100.3  2.72810492E-44
  100.4  2.73381952E-44
  100.5  2.73954053E-44
  100.6  2.74526792E-44
  100.7  2.75100166E-44
  100.8  2.7567417E-44
  100.9  2.76248802E-44
  101.  2.76824058E-44
  101.1  2.77399933E-44
  101.2  2.77976425E-44
  101.3  2.78553529E-44
  101.4  2.79131242E-44
  101.5  2.7970956E-44
  101.6  2.80288478E-44
  101.7  2.80867994E-44
  101.8  2.81448103E-44
  101.9  2.82028802E-44
  102.  2.82610085E-44
  102.1  2.8319195E-44
  102.2  2.83774393E-44
  102.3  2.84357409E-44
  102.4  2.84940994E-44
  102.5  2.85525144E-44
  102.6  2.86109855E-44
  102.7  2.86695123E-44
  102.8  2.87280944E-44
  102.9  2.87867313E-44
  103.  2.88454227E-44
  103.1  2.8904168E-44
  103.2  2.89629669E-44
  103.3  2.9021819E-44
  103.4  2.90807237E-44
  103.5  2.91396807E-44
  103.6  2.91986896E-44
  103.7  2.92577498E-44
  103.8  2.93168609E-44
  103.9  2.93760225E-44
  104.  2.94352341E-44
  104.1  2.94944953E-44
  104.2  2.95538056E-44
  104.3  2.96131646E-44
  104.4  2.96725717E-44
  104.5  2.97320266E-44
  104.6  2.97915287E-44
  104.7  2.98510776E-44
  104.8  2.99106727E-44
  104.9  2.99703137E-44
  105.  3.003E-44
  105.1  3.00897407E-44
  105.2  3.01495447E-44
  105.3  3.02094113E-44
  105.4  3.02693399E-44
  105.5  3.03293297E-44
  105.6  3.03893801E-44
  105.7  3.04494904E-44
  105.8  3.05096597E-44
  105.9  3.05698875E-44
  106.  3.06301731E-44
  106.1  3.06905156E-44
  106.2  3.07509143E-44
  106.3  3.08113686E-44
  106.4  3.08718777E-44
  106.5  3.09324408E-44
  106.6  3.09930571E-44
  106.7  3.1053726E-44
  106.8  3.11144467E-44
  106.9  3.11752184E-44
  107.  3.12360403E-44
  107.1  3.12969117E-44
  107.2  3.13578317E-44
  107.3  3.14187996E-44
  107.4  3.14798146E-44
  107.5  3.15408758E-44
  107.6  3.16019826E-44
  107.7  3.1663134E-44
  107.8  3.17243293E-44
  107.9  3.17855676E-44
  108.  3.18468481E-44
  108.1  3.190817E-44
  108.2  3.19695324E-44
  108.3  3.20309345E-44
  108.4  3.20923755E-44
  108.5  3.21538544E-44
  108.6  3.22153705E-44
  108.7  3.22769228E-44
  108.8  3.23385106E-44
  108.9  3.24001329E-44
  109.  3.24617888E-44
  109.1  3.25234774E-44
  109.2  3.25851979E-44
  109.3  3.26469494E-44
  109.4  3.27087309E-44
  109.5  3.27705416E-44
  109.6  3.28323805E-44
  109.7  3.28942468E-44
  109.8  3.29561394E-44
  109.9  3.30180574E-44
  110.  3.308E-44
  110.1  3.31419793E-44
  110.2  3.32040081E-44
  110.3  3.32660865E-44
  110.4  3.33282144E-44
  110.5  3.33903919E-44
  110.6  3.34526189E-44
  110.7  3.35148956E-44
  110.8  3.35772218E-44
  110.9  3.36395977E-44
  111.  3.37020232E-44
  111.1  3.37644983E-44
  111.2  3.38270232E-44
  111.3  3.38895977E-44
  111.4  3.39522219E-44
  111.5  3.40148958E-44
  111.6  3.40776195E-44
  111.7  3.41403929E-44
  111.8  3.42032161E-44
  111.9  3.42660891E-44
  112.  3.43290119E-44
  112.1  3.43919845E-44
  112.2  3.4455007E-44
  112.3  3.45180795E-44
  112.4  3.45812018E-44
  112.5  3.4644374E-44
  112.6  3.47075963E-44
  112.7  3.47708685E-44
  112.8  3.48341907E-44
  112.9  3.4897563E-44
  113.  3.49609854E-44
  113.1  3.50244579E-44
  113.2  3.50879805E-44
  113.3  3.51515533E-44
  113.4  3.52151763E-44
  113.5  3.52788495E-44
  113.6  3.53425729E-44
  113.7  3.54063467E-44
  113.8  3.54701708E-44
  113.9  3.55340453E-44
  114.  3.55979702E-44
  114.1  3.56619456E-44
  114.2  3.57259714E-44
  114.3  3.57900477E-44
  114.4  3.58541746E-44
  114.5  3.59183521E-44
  114.6  3.59825802E-44
  114.7  3.6046859E-44
  114.8  3.61111886E-44
  114.9  3.61755689E-44
  115.  3.624E-44
  115.1  3.6304493E-44
  115.2  3.63690581E-44
  115.3  3.64336944E-44
  115.4  3.64984006E-44
  115.5  3.65631758E-44
  115.6  3.66280187E-44
  115.7  3.66929283E-44
  115.8  3.67579035E-44
  115.9  3.68229431E-44
  116.  3.6888046E-44
  116.1  3.69532111E-44
  116.2  3.70184371E-44
  116.3  3.7083723E-44
  116.4  3.71490675E-44
  116.5  3.72144695E-44
  116.6  3.72799278E-44
  116.7  3.73454413E-44
  116.8  3.74110086E-44
  116.9  3.74766286E-44
  117.  3.75423E-44
  117.1  3.76080218E-44
  117.2  3.76737925E-44
  117.3  3.7739611E-44
  117.4  3.7805476E-44
  117.5  3.78713863E-44
  117.6  3.79373405E-44
  117.7  3.80033375E-44
  117.8  3.80693759E-44
  117.9  3.81354544E-44
  118.  3.82015718E-44
  118.1  3.82677267E-44
  118.2  3.83339179E-44
  118.3  3.84001439E-44
  118.4  3.84664035E-44
  118.5  3.85326953E-44
  118.6  3.85990179E-44
  118.7  3.86653701E-44
  118.8  3.87317504E-44
  118.9  3.87981574E-44
  119.  3.88645899E-44
  119.1  3.89310463E-44
  119.2  3.89975253E-44
  119.3  3.90640255E-44
  119.4  3.91305455E-44
  119.5  3.91970838E-44
  119.6  3.9263639E-44
  119.7  3.93302097E-44
  119.8  3.93967944E-44
  119.9  3.94633917E-44
  120.  3.953E-44
  120.1  3.95966315E-44
  120.2  3.96632992E-44
  120.3  3.97300033E-44
  120.4  3.97967441E-44
  120.5  3.98635217E-44
  120.6  3.99303362E-44
  120.7  3.9997188E-44
  120.8  4.00640771E-44
  120.9  4.01310037E-44
  121.  4.01979682E-44
  121.1  4.02649706E-44
  121.2  4.03320111E-44
  121.3  4.039909E-44
  121.4  4.04662075E-44
  121.5  4.05333637E-44
  121.6  4.06005589E-44
  121.7  4.06677932E-44
  121.8  4.0735067E-44
  121.9  4.08023804E-44
  122.  4.08697336E-44
  122.1  4.09371268E-44
  122.2  4.10045603E-44
  122.3  4.10720342E-44
  122.4  4.11395489E-44
  122.5  4.12071045E-44
  122.6  4.12747013E-44
  122.7  4.13423394E-44
  122.8  4.14100192E-44
  122.9  4.14777408E-44
  123.  4.15455045E-44
  123.1  4.16133105E-44
  123.2  4.16811591E-44
  123.3  4.17490505E-44
  123.4  4.1816985E-44
  123.5  4.18849628E-44
  123.6  4.19529841E-44
  123.7  4.20210492E-44
  123.8  4.20891584E-44
  123.9  4.21573119E-44
  124.  4.222551E-44
  124.1  4.22937528E-44
  124.2  4.23620408E-44
  124.3  4.24303741E-44
  124.4  4.24987531E-44
  124.5  4.25671779E-44
  124.6  4.26356489E-44
  124.7  4.27041664E-44
  124.8  4.27727305E-44
  124.9  4.28413416E-44
  125.  4.291E-44
  125.1  4.29787146E-44
  125.2  4.30474938E-44
  125.3  4.31163369E-44
  125.4  4.31852431E-44
  125.5  4.32542118E-44
  125.6  4.33232423E-44
  125.7  4.33923337E-44
  125.8  4.34614855E-44
  125.9  4.35306968E-44
  126.  4.35999669E-44
  126.1  4.36692951E-44
  126.2  4.37386806E-44
  126.3  4.38081228E-44
  126.4  4.38776207E-44
  126.5  4.39471738E-44
  126.6  4.40167812E-44
  126.7  4.40864421E-44
  126.8  4.41561558E-44
  126.9  4.42259215E-44
  127.  4.42957385E-44
  127.1  4.43656059E-44
  127.2  4.44355229E-44
  127.3  4.45054888E-44
  127.4  4.45755027E-44
  127.5  4.46455639E-44
  127.6  4.47156715E-44
  127.7  4.47858247E-44
  127.8  4.48560228E-44
  127.9  4.49262648E-44
  128.  4.499655E-44
  128.1  4.50668775E-44
  128.2  4.51372465E-44
  128.3  4.52076562E-44
  128.4  4.52781056E-44
  128.5  4.5348594E-44
  128.6  4.54191205E-44
  128.7  4.54896842E-44
  128.8  4.55602843E-44
  128.9  4.56309199E-44
  129.  4.57015901E-44
  129.1  4.5772294E-44
  129.2  4.58430308E-44
  129.3  4.59137995E-44
  129.4  4.59845993E-44
  129.5  4.60554293E-44
  129.6  4.61262886E-44
  129.7  4.61971762E-44
  129.8  4.62680912E-44
  129.9  4.63390328E-44
  130.  4.641E-44
  130.1  4.64809999E-44
  130.2  4.65520401E-44
  130.3  4.662312E-44
  130.4  4.66942392E-44
  130.5  4.67653973E-44
  130.6  4.68365938E-44
  130.7  4.69078283E-44
  130.8  4.69791002E-44
  130.9  4.70504093E-44
  131.  4.71217549E-44
  131.1  4.71931366E-44
  131.2  4.7264554E-44
  131.3  4.73360065E-44
  131.4  4.74074938E-44
  131.5  4.74790153E-44
  131.6  4.75505706E-44
  131.7  4.76221591E-44
  131.8  4.76937805E-44
  131.9  4.77654342E-44
  132.  4.78371198E-44
  132.1  4.79088367E-44
  132.2  4.79805845E-44
  132.3  4.80523626E-44
  132.4  4.81241706E-44
  132.5  4.81960081E-44
  132.6  4.82678744E-44
  132.7  4.83397691E-44
  132.8  4.84116917E-44
  132.9  4.84836417E-44
  133.  4.85556186E-44
  133.1  4.86276218E-44
  133.2  4.86996509E-44
  133.3  4.87717053E-44
  133.4  4.88437846E-44
  133.5  4.89158882E-44
  133.6  4.89880155E-44
  133.7  4.90601662E-44
  133.8  4.91323396E-44
  133.9  4.92045352E-44
  134.  4.92767524E-44
  134.1  4.93489909E-44
  134.2  4.94212499E-44
  134.3  4.94935291E-44
  134.4  4.95658278E-44
  134.5  4.96381455E-44
  134.6  4.97104817E-44
  134.7  4.97828357E-44
  134.8  4.98552072E-44
  134.9  4.99275955E-44
  135.  5.E-44
  135.1  5.00724348E-44
  135.2  5.01449141E-44
  135.3  5.02174374E-44
  135.4  5.02900047E-44
  135.5  5.03626155E-44
  135.6  5.04352695E-44
  135.7  5.05079664E-44
  135.8  5.0580706E-44
  135.9  5.06534879E-44
  136.  5.07263118E-44
  136.1  5.07991774E-44
  136.2  5.08720844E-44
  136.3  5.09450325E-44
  136.4  5.10180213E-44
  136.5  5.10910506E-44
  136.6  5.116412E-44
  136.7  5.12372293E-44
  136.8  5.1310378E-44
  136.9  5.13835659E-44
  137.  5.14567926E-44
  137.1  5.15300579E-44
  137.2  5.16033614E-44
  137.3  5.16767027E-44
  137.4  5.17500816E-44
  137.5  5.18234977E-44
  137.6  5.18969507E-44
  137.7  5.19704402E-44
  137.8  5.2043966E-44
  137.9  5.21175276E-44
  138.  5.21911248E-44
  138.1  5.22647571E-44
  138.2  5.23384244E-44
  138.3  5.24121261E-44
  138.4  5.24858621E-44
  138.5  5.25596318E-44
  138.6  5.26334351E-44
  138.7  5.27072715E-44
  138.8  5.27811407E-44
  138.9  5.28550423E-44
  139.  5.29289761E-44
  139.1  5.30029415E-44
  139.2  5.30769384E-44
  139.3  5.31509663E-44
  139.4  5.32250248E-44
  139.5  5.32991137E-44
  139.6  5.33732325E-44
  139.7  5.34473809E-44
  139.8  5.35215585E-44
  139.9  5.3595765E-44
  140.  5.367E-44
  140.1  5.37442768E-44
  140.2  5.38186088E-44
  140.3  5.38929952E-44
  140.4  5.39674357E-44
  140.5  5.40419296E-44
  140.6  5.41164764E-44
  140.7  5.41910756E-44
  140.8  5.42657266E-44
  140.9  5.43404287E-44
  141.  5.44151816E-44
  141.1  5.44899845E-44
  141.2  5.4564837E-44
  141.3  5.46397384E-44
  141.4  5.47146882E-44
  141.5  5.47896858E-44
  141.6  5.48647306E-44
  141.7  5.4939822E-44
  141.8  5.50149595E-44
  141.9  5.50901425E-44
  142.  5.51653703E-44
  142.1  5.52406424E-44
  142.2  5.53159581E-44
  142.3  5.53913169E-44
  142.4  5.54667182E-44
  142.5  5.55421613E-44
  142.6  5.56176457E-44
  142.7  5.56931707E-44
  142.8  5.57687357E-44
  142.9  5.58443401E-44
  143.  5.59199832E-44
  143.1  5.59956645E-44
  143.2  5.60713833E-44
  143.3  5.6147139E-44
  143.4  5.62229309E-44
  143.5  5.62987585E-44
  143.6  5.6374621E-44
  143.7  5.64505177E-44
  143.8  5.65264482E-44
  143.9  5.66024117E-44
  144.  5.66784076E-44
  144.1  5.67544351E-44
  144.2  5.68304937E-44
  144.3  5.69065827E-44
  144.4  5.69827014E-44
  144.5  5.70588492E-44
  144.6  5.71350253E-44
  144.7  5.72112291E-44
  144.8  5.728746E-44
  144.9  5.73637172E-44
  145.  5.744E-44
  145.1  5.75163157E-44
  145.2  5.75926716E-44
  145.3  5.76690674E-44
  145.4  5.77455031E-44
  145.5  5.78219782E-44
  145.6  5.78984926E-44
  145.7  5.7975046E-44
  145.8  5.80516382E-44
  145.9  5.81282688E-44
  146.  5.82049377E-44
  146.1  5.82816445E-44
  146.2  5.83583891E-44
  146.3  5.84351711E-44
  146.4  5.85119904E-44
  146.5  5.85888466E-44
  146.6  5.86657395E-44
  146.7  5.87426688E-44
  146.8  5.88196343E-44
  146.9  5.88966357E-44
  147.  5.89736727E-44
  147.1  5.90507451E-44
  147.2  5.91278526E-44
  147.3  5.92049949E-44
  147.4  5.92821718E-44
  147.5  5.9359383E-44
  147.6  5.94366283E-44
  147.7  5.95139072E-44
  147.8  5.95912197E-44
  147.9  5.96685654E-44
  148.  5.9745944E-44
  148.1  5.98233553E-44
  148.2  5.99007989E-44
  148.3  5.99782747E-44
  148.4  6.00557823E-44
  148.5  6.01333214E-44
  148.6  6.02108918E-44
  148.7  6.02884931E-44
  148.8  6.03661252E-44
  148.9  6.04437877E-44
  149.  6.05214803E-44
  149.1  6.05992027E-44
  149.2  6.06769548E-44
  149.3  6.0754736E-44
  149.4  6.08325463E-44
  149.5  6.09103852E-44
  149.6  6.09882526E-44
  149.7  6.1066148E-44
  149.8  6.11440712E-44
  149.9  6.1222022E-44
  150.  6.13E-44
  150.1  6.13780091E-44
  150.2  6.14560532E-44
  150.3  6.15341323E-44
  150.4  6.1612246E-44
  150.5  6.16903943E-44
  150.6  6.1768577E-44
  150.7  6.18467939E-44
  150.8  6.19250449E-44
  150.9  6.20033297E-44
  151.  6.20816482E-44
  151.1  6.21600003E-44
  151.2  6.22383857E-44
  151.3  6.23168044E-44
  151.4  6.2395256E-44
  151.5  6.24737405E-44
  151.6  6.25522576E-44
  151.7  6.26308072E-44
  151.8  6.27093892E-44
  151.9  6.27880033E-44
  152.  6.28666493E-44
  152.1  6.29453271E-44
  152.2  6.30240366E-44
  152.3  6.31027775E-44
  152.4  6.31815496E-44
  152.5  6.32603528E-44
  152.6  6.3339187E-44
  152.7  6.34180518E-44
  152.8  6.34969472E-44
  152.9  6.35758729E-44
  153.  6.36548288E-44
  153.1  6.37338147E-44
  153.2  6.38128304E-44
  153.3  6.38918757E-44
  153.4  6.39709505E-44
  153.5  6.40500546E-44
  153.6  6.41291877E-44
  153.7  6.42083497E-44
  153.8  6.42875404E-44
  153.9  6.43667596E-44
  154.  6.44460072E-44
  154.1  6.45252829E-44
  154.2  6.46045866E-44
  154.3  6.46839181E-44
  154.4  6.47632771E-44
  154.5  6.48426636E-44
  154.6  6.49220772E-44
  154.7  6.50015178E-44
  154.8  6.50809853E-44
  154.9  6.51604794E-44
  155.  6.524E-44
  155.1  6.53195514E-44
  155.2  6.53991378E-44
  155.3  6.54787588E-44
  155.4  6.55584138E-44
  155.5  6.56381023E-44
  155.6  6.57178237E-44
  155.7  6.57975777E-44
  155.8  6.58773636E-44
  155.9  6.59571809E-44
  156.  6.60370291E-44
  156.1  6.61169077E-44
  156.2  6.61968161E-44
  156.3  6.62767538E-44
  156.4  6.63567204E-44
  156.5  6.64367151E-44
  156.6  6.65167376E-44
  156.7  6.65967872E-44
  156.8  6.66768635E-44
  156.9  6.67569658E-44
  157.  6.68370937E-44
  157.1  6.69172465E-44
  157.2  6.69974238E-44
  157.3  6.7077625E-44
  157.4  6.71578495E-44
  157.5  6.72380967E-44
  157.6  6.73183662E-44
  157.7  6.73986573E-44
  157.8  6.74789695E-44
  157.9  6.75593022E-44
  158.  6.76396548E-44
  158.1  6.77200268E-44
  158.2  6.78004177E-44
  158.3  6.78808267E-44
  158.4  6.79612534E-44
  158.5  6.80416971E-44
  158.6  6.81221573E-44
  158.7  6.82026335E-44
  158.8  6.82831249E-44
  158.9  6.83636311E-44
  159.  6.84441514E-44
  159.1  6.85246852E-44
  159.2  6.8605232E-44
  159.3  6.86857911E-44
  159.4  6.8766362E-44
  159.5  6.8846944E-44
  159.6  6.89275366E-44
  159.7  6.9008139E-44
  159.8  6.90887509E-44
  159.9  6.91693714E-44
  160.  6.925E-44
  160.1  6.93306447E-44
  160.2  6.94113137E-44
  160.3  6.9492007E-44
  160.4  6.95727245E-44
  160.5  6.9653466E-44
  160.6  6.97342315E-44
  160.7  6.98150208E-44
  160.8  6.98958338E-44
  160.9  6.99766704E-44
  161.  7.00575306E-44
  161.1  7.01384142E-44
  161.2  7.02193211E-44
  161.3  7.03002512E-44
  161.4  7.03812044E-44
  161.5  7.04621806E-44
  161.6  7.05431797E-44
  161.7  7.06242015E-44
  161.8  7.07052461E-44
  161.9  7.07863132E-44
  162.  7.08674027E-44
  162.1  7.09485146E-44
  162.2  7.10296488E-44
  162.3  7.11108051E-44
  162.4  7.11919834E-44
  162.5  7.12731836E-44
  162.6  7.13544057E-44
  162.7  7.14356495E-44
  162.8  7.15169148E-44
  162.9  7.15982017E-44
  163.  7.167951E-44
  163.1  7.17608395E-44
  163.2  7.18421902E-44
  163.3  7.1923562E-44
  163.4  7.20049547E-44
  163.5  7.20863683E-44
  163.6  7.21678026E-44
  163.7  7.22492576E-44
  163.8  7.2330733E-44
  163.9  7.24122289E-44
  164.  7.24937451E-44
  164.1  7.25752815E-44
  164.2  7.2656838E-44
  164.3  7.27384144E-44
  164.4  7.28200108E-44
  164.5  7.29016269E-44
  164.6  7.29832626E-44
  164.7  7.30649179E-44
  164.8  7.31465927E-44
  164.9  7.32282867E-44
  165.  7.331E-44
  165.1  7.33917398E-44
  165.2  7.34735133E-44
  165.3  7.355532E-44
  165.4  7.36371595E-44
  165.5  7.37190315E-44
  165.6  7.38009355E-44
  165.7  7.38828712E-44
  165.8  7.3964838E-44
  165.9  7.40468357E-44
  166.  7.41288638E-44
  166.1  7.42109219E-44
  166.2  7.42930095E-44
  166.3  7.43751263E-44
  166.4  7.44572718E-44
  166.5  7.45394457E-44
  166.6  7.46216474E-44
  166.7  7.47038767E-44
  166.8  7.47861329E-44
  166.9  7.48684159E-44
  167.  7.4950725E-44
  167.1  7.50330599E-44
  167.2  7.51154201E-44
  167.3  7.51978052E-44
  167.4  7.52802149E-44
  167.5  7.53626485E-44
  167.6  7.54451058E-44
  167.7  7.55275862E-44
  167.8  7.56100894E-44
  167.9  7.56926149E-44
  168.  7.57751622E-44
  168.1  7.58577309E-44
  168.2  7.59403205E-44
  168.3  7.60229307E-44
  168.4  7.61055609E-44
  168.5  7.61882108E-44
  168.6  7.62708798E-44
  168.7  7.63535675E-44
  168.8  7.64362734E-44
  168.9  7.65189971E-44
  169.  7.66017382E-44
  169.1  7.66844961E-44
  169.2  7.67672705E-44
  169.3  7.68500608E-44
  169.4  7.69328665E-44
  169.5  7.70156873E-44
  169.6  7.70985226E-44
  169.7  7.7181372E-44
  169.8  7.72642351E-44
  169.9  7.73471112E-44
  170.  7.743E-44
