  0.1  0.
  0.2  0.
  0.3  0.
  0.4  0.
  0.5  0.
  0.6  0.
  0.7  0.
  0.8  0.
  0.9  0.
  1.  0.
  1.1  0.
  1.2  0.
  1.3  0.
  1.4  0.
  1.5  4.68E-52
  1.6  1.147E-50
  1.7  4.61826232E-50
  1.8  1.147E-49
  1.9  2.16486637E-49
  2.  3.67E-49
  2.1  5.5496369E-49
  2.2  7.973E-49
  2.3  1.08408591E-48
  2.4  1.428E-48
  2.5  1.82315349E-48
  2.6  2.279E-48
  2.7  2.7920635E-48
  2.8  3.369E-48
  2.9  4.00697921E-48
  3.  4.712E-48
  3.1  5.48288781E-48
  3.2  6.324E-48
  3.3  7.23377669E-48
  3.4  8.216E-48
  3.5  9.26994822E-48
  3.6  1.04E-47
  3.7  1.16059902E-47
  3.8  1.289E-47
  3.9  1.42502684E-47
  4.  1.569E-47
  4.1  1.72101838E-47
  4.2  1.881E-47
  4.3  2.04873294E-47
  4.4  2.225E-47
  4.5  2.41018241E-47
  4.6  2.604E-47
  4.7  2.80580662E-47
  4.8  3.016E-47
  4.9  3.23506528E-47
  5.  3.463E-47
  5.1  3.69954846E-47
  5.2  3.945E-47
  5.3  4.19948023E-47
  5.4  4.463E-47
  5.5  4.73542451E-47
  5.6  5.017E-47
  5.7  5.30785736E-47
  5.8  5.608E-47
  5.9  5.91727531E-47
  6.  6.236E-47
  6.1  6.56432684E-47
  6.2  6.902E-47
  6.3  7.24874232E-47
  6.4  7.605E-47
  6.5  7.97114085E-47
  6.6  8.347E-47
  6.7  8.73211155E-47
  6.8  9.127E-47
  6.9  9.53218743E-47
  7.  9.946E-47
  7.1  1.03677841E-46
  7.2  1.08E-46
  7.3  1.12442663E-46
  7.4  1.17E-46
  7.5  1.21652365E-46
  7.6  1.264E-46
  7.7  1.31247502E-46
  7.8  1.362E-46
  7.9  1.41263255E-46
  8.  1.464E-46
  8.1  1.51597149E-46
  8.2  1.569E-46
  8.3  1.62337687E-46
  8.4  1.679E-46
  8.5  1.73557335E-46
  8.6  1.793E-46
  8.7  1.85138476E-46
  8.8  1.911E-46
  8.9  1.97201595E-46
  9.  2.034E-46
  9.1  2.09650488E-46
  9.2  2.16E-46
  9.3  2.22505409E-46
  9.4  2.291E-46
  9.5  2.35737941E-46
  9.6  2.425E-46
  9.7  2.49436324E-46
  9.8  2.565E-46
  9.9  2.6360764E-46
  10.  2.708E-46
  10.1  2.78155394E-46
  10.2  2.856E-46
  10.3  2.93087981E-46
  10.4  3.007E-46
  10.5  3.08486696E-46
  10.6  3.164E-46
  10.7  3.24359149E-46
  10.8  3.324E-46
  10.9  3.40591171E-46
  11.  3.489E-46
  11.1  3.57294055E-46
  11.2  3.658E-46
  11.3  3.74440112E-46
  11.4  3.832E-46
  11.5  3.92057098E-46
  11.6  4.01E-46
  11.7  4.10040202E-46
  11.8  4.192E-46
  11.9  4.28493466E-46
  12.  4.379E-46
  12.1  4.47393989E-46
  12.2  4.57E-46
  12.3  4.66743487E-46
  12.4  4.766E-46
  12.5  4.86543967E-46
  12.6  4.966E-46
  12.7  5.06785389E-46
  12.8  5.171E-46
  12.9  5.27507682E-46
  13.  5.38E-46
  13.1  5.48610119E-46
  13.2  5.5934071E-46
  13.3  5.70196072E-46
  13.4  5.81180841E-46
  13.5  5.923E-46
  13.6  6.03536131E-46
  13.7  6.14870503E-46
  13.8  6.26306638E-46
  13.9  6.378484E-46
  14.  6.495E-46
  14.1  6.6126988E-46
  14.2  6.73160201E-46
  14.3  6.85165762E-46
  14.4  6.97281003E-46
  14.5  7.095E-46
  14.6  7.21834312E-46
  14.7  7.34296537E-46
  14.8  7.46881777E-46
  14.9  7.59584793E-46
  15.  7.724E-46
  15.1  7.85336135E-46
  15.2  7.98401411E-46
  15.3  8.11588853E-46
  15.4  8.24891021E-46
  15.5  8.383E-46
  15.6  8.51824201E-46
  15.7  8.65473258E-46
  15.8  8.79240426E-46
  15.9  8.93118538E-46
  16.  9.071E-46
  16.1  9.21192033E-46
  16.2  9.35411307E-46
  16.3  9.49764363E-46
  16.4  9.64258143E-46
  16.5  9.789E-46
  16.6  9.93707514E-46
  16.7  1.00866569E-45
  16.8  1.0237314E-45
  16.9  1.03885896E-45
  17.  1.054E-45
  17.1  1.0691705E-45
  17.2  1.08443366E-45
  17.3  1.09981093E-45
  17.4  1.11532504E-45
  17.5  1.131E-45
  17.6  1.14686262E-45
  17.7  1.1629119E-45
  17.8  1.1791304E-45
  17.9  1.19549963E-45
  18.  1.212E-45
  18.1  1.22860834E-45
  18.2  1.24531406E-45
  18.3  1.26211562E-45
  18.4  1.27901146E-45
  18.5  1.296E-45
  18.6  1.31309955E-45
  18.7  1.33033712E-45
  18.8  1.34772461E-45
  18.9  1.36527453E-45
  19.  1.383E-45
  19.1  1.40091107E-45
  19.2  1.41899253E-45
  19.3  1.43721913E-45
  19.4  1.45556427E-45
  19.5  1.474E-45
  19.6  1.49248713E-45
  19.7  1.51101534E-45
  19.8  1.52959955E-45
  19.9  1.54825555E-45
  20.  1.567E-45
  20.1  1.58587741E-45
  20.2  1.60491897E-45
  20.3  1.62412191E-45
  20.4  1.64348329E-45
  20.5  1.663E-45
  20.6  1.68268238E-45
  20.7  1.70253548E-45
  20.8  1.72254769E-45
  20.9  1.74270679E-45
  21.  1.763E-45
  21.1  1.78339771E-45
  21.2  1.80388585E-45
  21.3  1.82447488E-45
  21.4  1.84517575E-45
  21.5  1.866E-45
  21.6  1.88696356E-45
  21.7  1.90806318E-45
  21.8  1.9292814E-45
  21.9  1.95060001E-45
  22.  1.972E-45
  22.1  1.99350311E-45
  22.2  2.01514822E-45
  22.3  2.03694164E-45
  22.4  2.05888995E-45
  22.5  2.081E-45
  22.6  2.10328262E-45
  22.7  2.1257362E-45
  22.8  2.14834874E-45
  22.9  2.1711077E-45
  23.  2.194E-45
  23.1  2.21700537E-45
  23.2  2.24011077E-45
  23.3  2.26331353E-45
  23.4  2.28661088E-45
  23.5  2.31E-45
  23.6  2.33350303E-45
  23.7  2.35714813E-45
  23.8  2.38094158E-45
  23.9  2.40488994E-45
  24.  2.429E-45
  24.1  2.453279E-45
  24.2  2.47772525E-45
  24.3  2.50233215E-45
  24.4  2.52709279E-45
  24.5  2.552E-45
  24.6  2.57700447E-45
  24.7  2.60207923E-45
  24.8  2.6272512E-45
  24.9  2.65254841E-45
  25.  2.678E-45
  25.1  2.70361735E-45
  25.2  2.72939086E-45
  25.3  2.75531897E-45
  25.4  2.78140007E-45
  25.5  2.80763247E-45
  25.6  2.83401441E-45
  25.7  2.86054407E-45
  25.8  2.88721955E-45
  25.9  2.91403887E-45
  26.  2.941E-45
  26.1  2.96808146E-45
  26.2  2.99526594E-45
  26.3  3.02255768E-45
  26.4  3.04996112E-45
  26.5  3.07748089E-45
  26.6  3.1051218E-45
  26.7  3.13288886E-45
  26.8  3.16078728E-45
  26.9  3.18882246E-45
  27.  3.217E-45
  27.1  3.24533357E-45
  27.2  3.27382971E-45
  27.3  3.30248332E-45
  27.4  3.33128913E-45
  27.5  3.36024166E-45
  27.6  3.38933525E-45
  27.7  3.41856404E-45
  27.8  3.44792196E-45
  27.9  3.47740277E-45
  28.  3.507E-45
  28.1  3.53672943E-45
  28.2  3.5666106E-45
  28.3  3.59664257E-45
  28.4  3.62682433E-45
  28.5  3.65715484E-45
  28.6  3.68763304E-45
  28.7  3.71825781E-45
  28.8  3.74902803E-45
  28.9  3.77994249E-45
  29.  3.811E-45
  29.1  3.84221337E-45
  29.2  3.87359308E-45
  29.3  3.90513428E-45
  29.4  3.93683194E-45
  29.5  3.96868084E-45
  29.6  4.00067563E-45
  29.7  4.03281074E-45
  29.8  4.06508047E-45
  29.9  4.09747892E-45
  30.  4.13E-45
  30.1  4.16265165E-45
  30.2  4.19544619E-45
  30.3  4.22838404E-45
  30.4  4.26146562E-45
  30.5  4.29469139E-45
  30.6  4.32806182E-45
  30.7  4.36157738E-45
  30.8  4.39523858E-45
  30.9  4.42904594E-45
  31.  4.463E-45
  31.1  4.49711486E-45
  31.2  4.53140006E-45
  31.3  4.56584919E-45
  31.4  4.6004556E-45
  31.5  4.63521248E-45
  31.6  4.67011277E-45
  31.7  4.70514924E-45
  31.8  4.74031442E-45
  31.9  4.77560064E-45
  32.  4.811E-45
  32.1  4.84652687E-45
  32.2  4.88220144E-45
  32.3  4.91802436E-45
  32.4  4.95399634E-45
  32.5  4.99011809E-45
  32.6  5.02639034E-45
  32.7  5.06281386E-45
  32.8  5.09938943E-45
  32.9  5.13611787E-45
  33.  5.173E-45
  33.1  5.21005022E-45
  33.2  5.24727948E-45
  33.3  5.28468335E-45
  33.4  5.3222573E-45
  33.5  5.35999662E-45
  33.6  5.39789649E-45
  33.7  5.43595195E-45
  33.8  5.47415788E-45
  33.9  5.51250903E-45
  34.  5.551E-45
  34.1  5.58963612E-45
  34.2  5.62842511E-45
  34.3  5.66736506E-45
  34.4  5.706454E-45
  34.5  5.74568993E-45
  34.6  5.78507076E-45
  34.7  5.82459439E-45
  34.8  5.86425863E-45
  34.9  5.90406126E-45
  35.  5.944E-45
  35.1  5.98408647E-45
  35.2  6.02433339E-45
  35.3  6.06474008E-45
  35.4  6.10530586E-45
  35.5  6.14603001E-45
  35.6  6.1869118E-45
  35.7  6.22795047E-45
  35.8  6.26914526E-45
  35.9  6.31049537E-45
  36.  6.352E-45
  36.1  6.39367069E-45
  36.2  6.43551649E-45
  36.3  6.47753274E-45
  36.4  6.51971464E-45
  36.5  6.56205727E-45
  36.6  6.60455558E-45
  36.7  6.64720438E-45
  36.8  6.68999838E-45
  36.9  6.73293211E-45
  37.  6.776E-45
  37.1  6.81921047E-45
  37.2  6.86257543E-45
  37.3  6.90609442E-45
  37.4  6.94976697E-45
  37.5  6.99359262E-45
  37.6  7.03757088E-45
  37.7  7.08170125E-45
  37.8  7.12598324E-45
  37.9  7.17041633E-45
  38.  7.215E-45
  38.1  7.25974776E-45
  38.2  7.30467143E-45
  38.3  7.34976787E-45
  38.4  7.39503386E-45
  38.5  7.44046611E-45
  38.6  7.48606124E-45
  38.7  7.53181578E-45
  38.8  7.57772619E-45
  38.9  7.62378884E-45
  39.  7.67E-45
  39.1  7.71637054E-45
  39.2  7.76291182E-45
  39.3  7.80962074E-45
  39.4  7.85649411E-45
  39.5  7.90352868E-45
  39.6  7.95072111E-45
  39.7  7.99806799E-45
  39.8  8.04556583E-45
  39.9  8.09321105E-45
  40.  8.141E-45
  40.1  8.1889441E-45
  40.2  8.23705703E-45
  40.3  8.2853385E-45
  40.4  8.33378818E-45
  40.5  8.38240575E-45
  40.6  8.43119087E-45
  40.7  8.48014321E-45
  40.8  8.52926242E-45
  40.9  8.57854814E-45
  41.  8.628E-45
  41.1  8.67763031E-45
  41.2  8.72744781E-45
  41.3  8.7774467E-45
  41.4  8.82762102E-45
  41.5  8.87796468E-45
  41.6  8.92847145E-45
  41.7  8.97913496E-45
  41.8  9.02994868E-45
  41.9  9.08090596E-45
  42.  9.132E-45
  42.1  9.18323431E-45
  42.2  9.23462119E-45
  42.3  9.28616696E-45
  42.4  9.33787812E-45
  42.5  9.3897613E-45
  42.6  9.44182328E-45
  42.7  9.49407098E-45
  42.8  9.54651149E-45
  42.9  9.59915204E-45
  43.  9.652E-45
  43.1  9.7050685E-45
  43.2  9.75835301E-45
  43.3  9.81183426E-45
  43.4  9.86549252E-45
  43.5  9.91930765E-45
  43.6  9.97325905E-45
  43.7  1.00273257E-44
  43.8  1.00814861E-44
  43.9  1.01357183E-44
  44.  1.019E-44
  44.1  1.02443561E-44
  44.2  1.02988322E-44
  44.3  1.03534365E-44
  44.4  1.04081777E-44
  44.5  1.04630645E-44
  44.6  1.05181057E-44
  44.7  1.05733105E-44
  44.8  1.06286881E-44
  44.9  1.0684248E-44
  45.  1.074E-44
  45.1  1.07959655E-44
  45.2  1.08521599E-44
  45.3  1.09085835E-44
  45.4  1.09652367E-44
  45.5  1.10221199E-44
  45.6  1.10792335E-44
  45.7  1.1136578E-44
  45.8  1.11941536E-44
  45.9  1.12519608E-44
  46.  1.131E-44
  46.1  1.13682714E-44
  46.2  1.14267616E-44
  46.3  1.148545E-44
  46.4  1.15443156E-44
  46.5  1.1603337E-44
  46.6  1.16624924E-44
  46.7  1.17217593E-44
  46.8  1.17811151E-44
  46.9  1.18405365E-44
  47.  1.19E-44
  47.1  1.1959503E-44
  47.2  1.20190701E-44
  47.3  1.20787181E-44
  47.4  1.2138464E-44
  47.5  1.21983254E-44
  47.6  1.225832E-44
  47.7  1.2318466E-44
  47.8  1.2378782E-44
  47.9  1.24392869E-44
  48.  1.25E-44
  48.1  1.25609429E-44
  48.2  1.26221237E-44
  48.3  1.26835411E-44
  48.4  1.27451943E-44
  48.5  1.2807082E-44
  48.6  1.28692033E-44
  48.7  1.29315569E-44
  48.8  1.29941417E-44
  48.9  1.30569565E-44
  49.  1.312E-44
  49.1  1.31832734E-44
  49.2  1.32467651E-44
  49.3  1.33104545E-44
  49.4  1.33743206E-44
  49.5  1.3438342E-44
  49.6  1.35024969E-44
  49.7  1.3566763E-44
  49.8  1.36311176E-44
  49.9  1.36955378E-44
  50.  1.376E-44
  50.1  1.38245022E-44
  50.2  1.38890693E-44
  50.3  1.39537177E-44
  50.4  1.40184644E-44
  50.5  1.40833267E-44
  50.6  1.41483223E-44
  50.7  1.42134689E-44
  50.8  1.42787849E-44
  50.9  1.4344289E-44
  51.  1.441E-44
  51.1  1.44759544E-44
  51.2  1.45421692E-44
  51.3  1.46086342E-44
  51.4  1.4675339E-44
  51.5  1.47422732E-44
  51.6  1.48094259E-44
  51.7  1.48767862E-44
  51.8  1.4944343E-44
  51.9  1.50120847E-44
  52.  1.508E-44
  52.1  1.51480987E-44
  52.2  1.52163984E-44
  52.3  1.5284899E-44
  52.4  1.53536E-44
  52.5  1.54225013E-44
  52.6  1.54916024E-44
  52.7  1.55609032E-44
  52.8  1.56304033E-44
  52.9  1.57001023E-44
  53.  1.577E-44
  53.1  1.58400683E-44
  53.2  1.59102918E-44
  53.3  1.59806893E-44
  53.4  1.60512801E-44
  53.5  1.61220836E-44
  53.6  1.61931198E-44
  53.7  1.62644087E-44
  53.8  1.63359711E-44
  53.9  1.64078278E-44
  54.  1.648E-44
  54.1  1.65523936E-44
  54.2  1.66249042E-44
  54.3  1.66975382E-44
  54.4  1.67703022E-44
  54.5  1.6843203E-44
  54.6  1.69162472E-44
  54.7  1.69894419E-44
  54.8  1.70627941E-44
  54.9  1.7136311E-44
  55.  1.721E-44
  55.1  1.72838373E-44
  55.2  1.73577953E-44
  55.3  1.74318756E-44
  55.4  1.75060799E-44
  55.5  1.75804097E-44
  55.6  1.76548669E-44
  55.7  1.77294531E-44
  55.8  1.78041701E-44
  55.9  1.78790197E-44
  56.  1.79540038E-44
  56.1  1.80291243E-44
  56.2  1.81043831E-44
  56.3  1.81797822E-44
  56.4  1.82553235E-44
  56.5  1.83310093E-44
  56.6  1.84068414E-44
  56.7  1.84828222E-44
  56.8  1.85589537E-44
  56.9  1.86352382E-44
  57.  1.87116779E-44
  57.1  1.87882751E-44
  57.2  1.88650322E-44
  57.3  1.89419515E-44
  57.4  1.90190355E-44
  57.5  1.90962867E-44
  57.6  1.91737075E-44
  57.7  1.92513004E-44
  57.8  1.93290682E-44
  57.9  1.94070134E-44
  58.  1.94851388E-44
  58.1  1.95634469E-44
  58.2  1.96419407E-44
  58.3  1.97206229E-44
  58.4  1.97994964E-44
  58.5  1.98785641E-44
  58.6  1.99578289E-44
  58.7  2.00372939E-44
  58.8  2.01169621E-44
  58.9  2.01968365E-44
  59.  2.02769203E-44
  59.1  2.03572168E-44
  59.2  2.0437729E-44
  59.3  2.05184604E-44
  59.4  2.05994141E-44
  59.5  2.06805937E-44
  59.6  2.07620025E-44
  59.7  2.0843644E-44
  59.8  2.09255217E-44
  59.9  2.10076391E-44
  60.  2.109E-44
  60.1  2.11725718E-44
  60.2  2.12553196E-44
  60.3  2.13382431E-44
  60.4  2.14213422E-44
  60.5  2.15046166E-44
  60.6  2.15880662E-44
  60.7  2.16716908E-44
  60.8  2.17554901E-44
  60.9  2.18394639E-44
  61.  2.1923612E-44
  61.1  2.20079343E-44
  61.2  2.20924306E-44
  61.3  2.21771005E-44
  61.4  2.2261944E-44
  61.5  2.23469607E-44
  61.6  2.24321505E-44
  61.7  2.25175132E-44
  61.8  2.26030485E-44
  61.9  2.26887563E-44
  62.  2.27746363E-44
  62.1  2.28606883E-44
  62.2  2.2946912E-44
  62.3  2.30333074E-44
  62.4  2.31198741E-44
  62.5  2.32066118E-44
  62.6  2.32935205E-44
  62.7  2.33805999E-44
  62.8  2.34678497E-44
  62.9  2.35552697E-44
  63.  2.36428597E-44
  63.1  2.37306195E-44
  63.2  2.38185488E-44
  63.3  2.39066474E-44
  63.4  2.39949151E-44
  63.5  2.40833516E-44
  63.6  2.41719567E-44
  63.7  2.42607302E-44
  63.8  2.43496718E-44
  63.9  2.44387814E-44
  64.  2.45280586E-44
  64.1  2.46175032E-44
  64.2  2.47071151E-44
  64.3  2.47968939E-44
  64.4  2.48868394E-44
  64.5  2.49769514E-44
  64.6  2.50672296E-44
  64.7  2.51576738E-44
  64.8  2.52482838E-44
  64.9  2.53390593E-44
  65.  2.543E-44
  65.1  2.55211291E-44
  65.2  2.56124693E-44
  65.3  2.57040193E-44
  65.4  2.57957782E-44
  65.5  2.58877448E-44
  65.6  2.59799181E-44
  65.7  2.60722969E-44
  65.8  2.616488E-44
  65.9  2.62576664E-44
  66.  2.63506547E-44
  66.1  2.64438439E-44
  66.2  2.65372327E-44
  66.3  2.66308199E-44
  66.4  2.67246041E-44
  66.5  2.68185842E-44
  66.6  2.69127589E-44
  66.7  2.70071268E-44
  66.8  2.71016866E-44
  66.9  2.7196437E-44
  67.  2.72913767E-44
  67.1  2.73865041E-44
  67.2  2.7481818E-44
  67.3  2.75773168E-44
  67.4  2.76729993E-44
  67.5  2.77688638E-44
  67.6  2.7864909E-44
  67.7  2.79611333E-44
  67.8  2.80575352E-44
  67.9  2.81541132E-44
  68.  2.82508657E-44
  68.1  2.83477912E-44
  68.2  2.84448881E-44
  68.3  2.85421547E-44
  68.4  2.86395894E-44
  68.5  2.87371906E-44
  68.6  2.88349566E-44
  68.7  2.89328857E-44
  68.8  2.90309762E-44
  68.9  2.91292263E-44
  69.  2.92276344E-44
  69.1  2.93261986E-44
  69.2  2.94249171E-44
  69.3  2.95237882E-44
  69.4  2.96228099E-44
  69.5  2.97219805E-44
  69.6  2.98212981E-44
  69.7  2.99207608E-44
  69.8  3.00203666E-44
  69.9  3.01201137E-44
  70.  3.022E-44
  70.1  3.03200637E-44
  70.2  3.04203435E-44
  70.3  3.0520838E-44
  70.4  3.06215462E-44
  70.5  3.07224668E-44
  70.6  3.08235984E-44
  70.7  3.092494E-44
  70.8  3.102649E-44
  70.9  3.11282473E-44
  71.  3.12302105E-44
  71.1  3.13323783E-44
  71.2  3.14347493E-44
  71.3  3.15373222E-44
  71.4  3.16400954E-44
  71.5  3.17430677E-44
  71.6  3.18462375E-44
  71.7  3.19496034E-44
  71.8  3.2053164E-44
  71.9  3.21569176E-44
  72.  3.22608629E-44
  72.1  3.23649983E-44
  72.2  3.24693222E-44
  72.3  3.25738331E-44
  72.4  3.26785293E-44
  72.5  3.27834093E-44
  72.6  3.28884713E-44
  72.7  3.29937139E-44
  72.8  3.30991352E-44
  72.9  3.32047336E-44
  73.  3.33105075E-44
  73.1  3.34164549E-44
  73.2  3.35225743E-44
  73.3  3.36288638E-44
  73.4  3.37353217E-44
  73.5  3.38419461E-44
  73.6  3.39487352E-44
  73.7  3.40556871E-44
  73.8  3.41628E-44
  73.9  3.42700719E-44
  74.  3.43775011E-44
  74.1  3.44850854E-44
  74.2  3.4592823E-44
  74.3  3.47007119E-44
  74.4  3.48087501E-44
  74.5  3.49169356E-44
  74.6  3.50252663E-44
  74.7  3.51337402E-44
  74.8  3.52423552E-44
  74.9  3.53511092E-44
  75.  3.546E-44
  75.1  3.55690669E-44
  75.2  3.56783495E-44
  75.3  3.57878468E-44
  75.4  3.58975574E-44
  75.5  3.60074802E-44
  75.6  3.61176138E-44
  75.7  3.6227957E-44
  75.8  3.63385085E-44
  75.9  3.6449267E-44
  76.  3.65602311E-44
  76.1  3.66713995E-44
  76.2  3.67827708E-44
  76.3  3.68943437E-44
  76.4  3.70061167E-44
  76.5  3.71180884E-44
  76.6  3.72302575E-44
  76.7  3.73426224E-44
  76.8  3.74551817E-44
  76.9  3.75679339E-44
  77.  3.76808775E-44
  77.1  3.7794011E-44
  77.2  3.79073328E-44
  77.3  3.80208414E-44
  77.4  3.81345353E-44
  77.5  3.82484127E-44
  77.6  3.83624722E-44
  77.7  3.8476712E-44
  77.8  3.85911306E-44
  77.9  3.87057263E-44
  78.  3.88204973E-44
  78.1  3.89354421E-44
  78.2  3.90505589E-44
  78.3  3.91658458E-44
  78.4  3.92813013E-44
  78.5  3.93969235E-44
  78.6  3.95127106E-44
  78.7  3.96286609E-44
  78.8  3.97447724E-44
  78.9  3.98610434E-44
  79.  3.99774719E-44
  79.1  4.00940562E-44
  79.2  4.02107942E-44
  79.3  4.03276841E-44
  79.4  4.04447239E-44
  79.5  4.05619117E-44
  79.6  4.06792454E-44
  79.7  4.07967231E-44
  79.8  4.09143429E-44
  79.9  4.10321025E-44
  80.  4.115E-44
  80.1  4.12680723E-44
  80.2  4.1386357E-44
  80.3  4.15048531E-44
  80.4  4.16235595E-44
  80.5  4.1742475E-44
  80.6  4.18615987E-44
  80.7  4.19809293E-44
  80.8  4.21004659E-44
  80.9  4.22202071E-44
  81.  4.2340152E-44
  81.1  4.24602993E-44
  81.2  4.25806478E-44
  81.3  4.27011964E-44
  81.4  4.28219439E-44
  81.5  4.2942889E-44
  81.6  4.30640305E-44
  81.7  4.31853672E-44
  81.8  4.33068978E-44
  81.9  4.3428621E-44
  82.  4.35505356E-44
  82.1  4.36726403E-44
  82.2  4.37949337E-44
  82.3  4.39174145E-44
  82.4  4.40400814E-44
  82.5  4.4162933E-44
  82.6  4.42859679E-44
  82.7  4.44091849E-44
  82.8  4.45325824E-44
  82.9  4.4656159E-44
  83.  4.47799134E-44
  83.1  4.49038441E-44
  83.2  4.50279496E-44
  83.3  4.51522285E-44
  83.4  4.52766793E-44
  83.5  4.54013004E-44
  83.6  4.55260904E-44
  83.7  4.56510478E-44
  83.8  4.5776171E-44
  83.9  4.59014584E-44
  84.  4.60269085E-44
  84.1  4.61525196E-44
  84.2  4.62782903E-44
  84.3  4.64042188E-44
  84.4  4.65303036E-44
  84.5  4.6656543E-44
  84.6  4.67829353E-44
  84.7  4.69094788E-44
  84.8  4.70361719E-44
  84.9  4.71630129E-44
  85.  4.729E-44
  85.1  4.74171671E-44
  85.2  4.75445481E-44
  85.3  4.76721418E-44
  85.4  4.77999467E-44
  85.5  4.79279614E-44
  85.6  4.80561846E-44
  85.7  4.81846148E-44
  85.8  4.83132505E-44
  85.9  4.84420903E-44
  86.  4.85711327E-44
  86.1  4.87003763E-44
  86.2  4.88298195E-44
  86.3  4.89594607E-44
  86.4  4.90892985E-44
  86.5  4.92193313E-44
  86.6  4.93495575E-44
  86.7  4.94799755E-44
  86.8  4.96105837E-44
  86.9  4.97413806E-44
  87.  4.98723644E-44
  87.1  5.00035335E-44
  87.2  5.01348862E-44
  87.3  5.02664209E-44
  87.4  5.03981358E-44
  87.5  5.05300292E-44
  87.6  5.06620994E-44
  87.7  5.07943446E-44
  87.8  5.09267631E-44
  87.9  5.1059353E-44
  88.  5.11921126E-44
  88.1  5.132504E-44
  88.2  5.14581334E-44
  88.3  5.1591391E-44
  88.4  5.17248108E-44
  88.5  5.1858391E-44
  88.6  5.19921296E-44
  88.7  5.21260248E-44
  88.8  5.22600746E-44
  88.9  5.23942771E-44
  89.  5.25286302E-44
  89.1  5.26631319E-44
  89.2  5.27977803E-44
  89.3  5.29325734E-44
  89.4  5.3067509E-44
  89.5  5.32025851E-44
  89.6  5.33377997E-44
  89.7  5.34731506E-44
  89.8  5.36086357E-44
  89.9  5.37442529E-44
  90.  5.388E-44
  90.1  5.4015913E-44
  90.2  5.41520285E-44
  90.3  5.42883456E-44
  90.4  5.44248629E-44
  90.5  5.45615796E-44
  90.6  5.46984944E-44
  90.7  5.48356063E-44
  90.8  5.4972914E-44
  90.9  5.51104165E-44
  91.  5.52481126E-44
  91.1  5.53860012E-44
  91.2  5.55240809E-44
  91.3  5.56623508E-44
  91.4  5.58008094E-44
  91.5  5.59394558E-44
  91.6  5.60782885E-44
  91.7  5.62173064E-44
  91.8  5.63565083E-44
  91.9  5.64958928E-44
  92.  5.66354587E-44
  92.1  5.67752047E-44
  92.2  5.69151295E-44
  92.3  5.70552318E-44
  92.4  5.71955104E-44
  92.5  5.73359638E-44
  92.6  5.74765907E-44
  92.7  5.76173898E-44
  92.8  5.77583598E-44
  92.9  5.78994991E-44
  93.  5.80408065E-44
  93.1  5.81822805E-44
  93.2  5.83239198E-44
  93.3  5.84657229E-44
  93.4  5.86076883E-44
  93.5  5.87498147E-44
  93.6  5.88921005E-44
  93.7  5.90345443E-44
  93.8  5.91771447E-44
  93.9  5.93199E-44
  94.  5.94628089E-44
  94.1  5.96058697E-44
  94.2  5.9749081E-44
  94.3  5.98924412E-44
  94.4  6.00359488E-44
  94.5  6.01796022E-44
  94.6  6.03233997E-44
  94.7  6.04673399E-44
  94.8  6.06114211E-44
  94.9  6.07556417E-44
  95.  6.09E-44
  95.1  6.1044531E-44
  95.2  6.11892701E-44
  95.3  6.13342164E-44
  95.4  6.14793687E-44
  95.5  6.16247261E-44
  95.6  6.17702877E-44
  95.7  6.19160524E-44
  95.8  6.20620191E-44
  95.9  6.22081868E-44
  96.  6.23545546E-44
  96.1  6.25011212E-44
  96.2  6.26478858E-44
  96.3  6.27948471E-44
  96.4  6.29420041E-44
  96.5  6.30893557E-44
  96.6  6.32369008E-44
  96.7  6.33846383E-44
  96.8  6.3532567E-44
  96.9  6.36806859E-44
  97.  6.38289938E-44
  97.1  6.39774894E-44
  97.2  6.41261718E-44
  97.3  6.42750396E-44
  97.4  6.44240916E-44
  97.5  6.45733268E-44
  97.6  6.47227439E-44
  97.7  6.48723417E-44
  97.8  6.50221188E-44
  97.9  6.51720742E-44
  98.  6.53222066E-44
  98.1  6.54725146E-44
  98.2  6.56229971E-44
  98.3  6.57736527E-44
  98.4  6.59244802E-44
  98.5  6.60754783E-44
  98.6  6.62266456E-44
  98.7  6.63779808E-44
  98.8  6.65294827E-44
  98.9  6.66811497E-44
  99.  6.68329807E-44
  99.1  6.69849743E-44
  99.2  6.71371289E-44
  99.3  6.72894434E-44
  99.4  6.74419163E-44
  99.5  6.75945461E-44
  99.6  6.77473315E-44
  99.7  6.7900271E-44
  99.8  6.80533633E-44
  99.9  6.82066067E-44
  100.  6.836E-44
  100.1  6.85135686E-44
  100.2  6.86673384E-44
  100.3  6.88213082E-44
  100.4  6.89754769E-44
  100.5  6.91298433E-44
  100.6  6.92844061E-44
  100.7  6.94391644E-44
  100.8  6.95941167E-44
  100.9  6.9749262E-44
  101.  6.9904599E-44
  101.1  7.00601265E-44
  101.2  7.02158433E-44
  101.3  7.0371748E-44
  101.4  7.05278395E-44
  101.5  7.06841165E-44
  101.6  7.08405776E-44
  101.7  7.09972217E-44
  101.8  7.11540473E-44
  101.9  7.13110533E-44
  102.  7.14682382E-44
  102.1  7.16256007E-44
  102.2  7.17831395E-44
  102.3  7.19408533E-44
  102.4  7.20987406E-44
  102.5  7.22568002E-44
  102.6  7.24150305E-44
  102.7  7.25734302E-44
  102.8  7.27319979E-44
  102.9  7.28907322E-44
  103.  7.30496317E-44
  103.1  7.32086948E-44
  103.2  7.33679202E-44
  103.3  7.35273064E-44
  103.4  7.36868519E-44
  103.5  7.38465552E-44
  103.6  7.40064149E-44
  103.7  7.41664294E-44
  103.8  7.43265971E-44
  103.9  7.44869167E-44
  104.  7.46473865E-44
  104.1  7.4808005E-44
  104.2  7.49687705E-44
  104.3  7.51296817E-44
  104.4  7.52907367E-44
  104.5  7.54519342E-44
  104.6  7.56132724E-44
  104.7  7.57747497E-44
  104.8  7.59363645E-44
  104.9  7.60981151E-44
  105.  7.626E-44
  105.1  7.64220417E-44
  105.2  7.65842632E-44
  105.3  7.67466634E-44
  105.4  7.69092414E-44
  105.5  7.70719961E-44
  105.6  7.72349264E-44
  105.7  7.73980311E-44
  105.8  7.75613093E-44
  105.9  7.77247599E-44
  106.  7.78883817E-44
  106.1  7.80521736E-44
  106.2  7.82161345E-44
  106.3  7.83802633E-44
  106.4  7.85445588E-44
  106.5  7.870902E-44
  106.6  7.88736456E-44
  106.7  7.90384345E-44
  106.8  7.92033855E-44
  106.9  7.93684975E-44
  107.  7.95337693E-44
  107.1  7.96991996E-44
  107.2  7.98647873E-44
  107.3  8.00305312E-44
  107.4  8.019643E-44
  107.5  8.03624826E-44
  107.6  8.05286876E-44
  107.7  8.06950439E-44
  107.8  8.08615502E-44
  107.9  8.10282052E-44
  108.  8.11950077E-44
  108.1  8.13619564E-44
  108.2  8.152905E-44
  108.3  8.16962873E-44
  108.4  8.18636668E-44
  108.5  8.20311874E-44
  108.6  8.21988476E-44
  108.7  8.23666462E-44
  108.8  8.25345819E-44
  108.9  8.27026532E-44
  109.  8.28708589E-44
  109.1  8.30391975E-44
  109.2  8.32076677E-44
  109.3  8.33762682E-44
  109.4  8.35449975E-44
  109.5  8.37138542E-44
  109.6  8.38828369E-44
  109.7  8.40519443E-44
  109.8  8.42211749E-44
  109.9  8.43905273E-44
  110.  8.456E-44
  110.1  8.472963E-44
  110.2  8.4899454E-44
  110.3  8.50694702E-44
  110.4  8.52396767E-44
  110.5  8.54100717E-44
  110.6  8.55806534E-44
  110.7  8.57514198E-44
  110.8  8.5922369E-44
  110.9  8.60934991E-44
  111.  8.62648083E-44
  111.1  8.64362945E-44
  111.2  8.66079558E-44
  111.3  8.67797903E-44
  111.4  8.69517959E-44
  111.5  8.71239707E-44
  111.6  8.72963126E-44
  111.7  8.74688196E-44
  111.8  8.76414897E-44
  111.9  8.78143207E-44
  112.  8.79873107E-44
  112.1  8.81604576E-44
  112.2  8.83337591E-44
  112.3  8.85072133E-44
  112.4  8.8680818E-44
  112.5  8.88545709E-44
  112.6  8.90284701E-44
  112.7  8.92025132E-44
  112.8  8.93766981E-44
  112.9  8.95510226E-44
  113.  8.97254844E-44
  113.1  8.99000814E-44
  113.2  9.00748112E-44
  113.3  9.02496716E-44
  113.4  9.04246602E-44
  113.5  9.05997749E-44
  113.6  9.07750132E-44
  113.7  9.09503729E-44
  113.8  9.11258515E-44
  113.9  9.13014468E-44
  114.  9.14771563E-44
  114.1  9.16529776E-44
  114.2  9.18289084E-44
  114.3  9.20049462E-44
  114.4  9.21810886E-44
  114.5  9.23573331E-44
  114.6  9.25336772E-44
  114.7  9.27101185E-44
  114.8  9.28866544E-44
  114.9  9.30632824E-44
  115.  9.324E-44
  115.1  9.34168506E-44
  115.2  9.35938793E-44
  115.3  9.37710861E-44
  115.4  9.39484709E-44
  115.5  9.41260337E-44
  115.6  9.43037744E-44
  115.7  9.4481693E-44
  115.8  9.46597895E-44
  115.9  9.48380639E-44
  116.  9.5016516E-44
  116.1  9.51951459E-44
  116.2  9.53739535E-44
  116.3  9.55529387E-44
  116.4  9.57321017E-44
  116.5  9.59114422E-44
  116.6  9.60909603E-44
  116.7  9.6270656E-44
  116.8  9.64505291E-44
  116.9  9.66305797E-44
  117.  9.68108078E-44
  117.1  9.69912132E-44
  117.2  9.71717961E-44
  117.3  9.73525562E-44
  117.4  9.75334937E-44
  117.5  9.77146084E-44
  117.6  9.78959004E-44
  117.7  9.80773695E-44
  117.8  9.82590159E-44
  117.9  9.84408393E-44
  118.  9.86228399E-44
  118.1  9.88050176E-44
  118.2  9.89873723E-44
  118.3  9.9169904E-44
  118.4  9.93526127E-44
  118.5  9.95354984E-44
  118.6  9.9718561E-44
  118.7  9.99018005E-44
  118.8  1.00085217E-43
  118.9  1.0026881E-43
  119.  1.0045258E-43
  119.1  1.00636527E-43
  119.2  1.00820651E-43
  119.3  1.01004951E-43
  119.4  1.01189428E-43
  119.5  1.01374082E-43
  119.6  1.01558912E-43
  119.7  1.01743919E-43
  119.8  1.01929103E-43
  119.9  1.02114463E-43
  120.  1.023E-43
  120.1  1.0248573E-43
  120.2  1.02671668E-43
  120.3  1.02857812E-43
  120.4  1.0304416E-43
  120.5  1.03230711E-43
  120.6  1.03417462E-43
  120.7  1.03604411E-43
  120.8  1.03791556E-43
  120.9  1.03978896E-43
  121.  1.04166428E-43
  121.1  1.0435415E-43
  121.2  1.0454206E-43
  121.3  1.04730156E-43
  121.4  1.04918436E-43
  121.5  1.05106898E-43
  121.6  1.05295539E-43
  121.7  1.05484358E-43
  121.8  1.05673352E-43
  121.9  1.05862519E-43
  122.  1.06051857E-43
  122.1  1.06241364E-43
  122.2  1.06431038E-43
  122.3  1.06620875E-43
  122.4  1.06810875E-43
  122.5  1.07001034E-43
  122.6  1.07191351E-43
  122.7  1.07381823E-43
  122.8  1.07572448E-43
  122.9  1.07763224E-43
  123.  1.07954148E-43
  123.1  1.08145217E-43
  123.2  1.0833643E-43
  123.3  1.08527784E-43
  123.4  1.08719277E-43
  123.5  1.08910906E-43
  123.6  1.09102669E-43
  123.7  1.09294563E-43
  123.8  1.09486586E-43
  123.9  1.09678736E-43
  124.  1.09871009E-43
  124.1  1.10063404E-43
  124.2  1.10255918E-43
  124.3  1.10448548E-43
  124.4  1.10641292E-43
  124.5  1.10834147E-43
  124.6  1.11027111E-43
  124.7  1.11220181E-43
  124.8  1.11413354E-43
  124.9  1.11606628E-43
  125.  1.118E-43
  125.1  1.11993481E-43
  125.2  1.12187083E-43
  125.3  1.12380804E-43
  125.4  1.12574644E-43
  125.5  1.12768601E-43
  125.6  1.12962675E-43
  125.7  1.13156864E-43
  125.8  1.13351167E-43
  125.9  1.13545584E-43
  126.  1.13740113E-43
  126.1  1.13934753E-43
  126.2  1.14129502E-43
  126.3  1.14324361E-43
  126.4  1.14519327E-43
  126.5  1.147144E-43
  126.6  1.14909578E-43
  126.7  1.15104861E-43
  126.8  1.15300246E-43
  126.9  1.15495734E-43
  127.  1.15691323E-43
  127.1  1.15887011E-43
  127.2  1.16082798E-43
  127.3  1.16278682E-43
  127.4  1.16474663E-43
  127.5  1.16670739E-43
  127.6  1.16866908E-43
  127.7  1.17063171E-43
  127.8  1.17259524E-43
  127.9  1.17455969E-43
  128.  1.17652502E-43
  128.1  1.17849123E-43
  128.2  1.18045832E-43
  128.3  1.18242625E-43
  128.4  1.18439503E-43
  128.5  1.18636464E-43
  128.6  1.18833507E-43
  128.7  1.1903063E-43
  128.8  1.19227833E-43
  128.9  1.19425114E-43
  129.  1.19622472E-43
  129.1  1.19819906E-43
  129.2  1.20017413E-43
  129.3  1.20214994E-43
  129.4  1.20412647E-43
  129.5  1.2061037E-43
  129.6  1.20808163E-43
  129.7  1.21006024E-43
  129.8  1.21203951E-43
  129.9  1.21401943E-43
  130.  1.216E-43
  130.1  1.2179817E-43
  130.2  1.21996503E-43
  130.3  1.22194999E-43
  130.4  1.22393657E-43
  130.5  1.22592477E-43
  130.6  1.22791459E-43
  130.7  1.22990602E-43
  130.8  1.23189905E-43
  130.9  1.23389369E-43
  131.  1.23588993E-43
  131.1  1.23788776E-43
  131.2  1.23988718E-43
  131.3  1.24188819E-43
  131.4  1.24389078E-43
  131.5  1.24589495E-43
  131.6  1.24790069E-43
  131.7  1.249908E-43
  131.8  1.25191688E-43
  131.9  1.25392731E-43
  132.  1.2559393E-43
  132.1  1.25795284E-43
  132.2  1.25996793E-43
  132.3  1.26198457E-43
  132.4  1.26400274E-43
  132.5  1.26602244E-43
  132.6  1.26804367E-43
  132.7  1.27006643E-43
  132.8  1.27209071E-43
  132.9  1.27411651E-43
  133.  1.27614381E-43
  133.1  1.27817262E-43
  133.2  1.28020294E-43
  133.3  1.28223475E-43
  133.4  1.28426805E-43
  133.5  1.28630284E-43
  133.6  1.28833912E-43
  133.7  1.29037687E-43
  133.8  1.29241609E-43
  133.9  1.29445679E-43
  134.  1.29649895E-43
  134.1  1.29854257E-43
  134.2  1.30058764E-43
  134.3  1.30263416E-43
  134.4  1.30468213E-43
  134.5  1.30673154E-43
  134.6  1.30878238E-43
  134.7  1.31083465E-43
  134.8  1.31288835E-43
  134.9  1.31494347E-43
  135.  1.317E-43
  135.1  1.31905828E-43
  135.2  1.32111864E-43
  135.3  1.32318105E-43
  135.4  1.32524548E-43
  135.5  1.32731193E-43
  135.6  1.32938036E-43
  135.7  1.33145076E-43
  135.8  1.3335231E-43
  135.9  1.33559736E-43
  136.  1.33767352E-43
  136.1  1.33975155E-43
  136.2  1.34183143E-43
  136.3  1.34391315E-43
  136.4  1.34599667E-43
  136.5  1.34808197E-43
  136.6  1.35016903E-43
  136.7  1.35225783E-43
  136.8  1.35434834E-43
  136.9  1.35644054E-43
  137.  1.3585344E-43
  137.1  1.36062991E-43
  137.2  1.36272703E-43
  137.3  1.36482574E-43
  137.4  1.36692602E-43
  137.5  1.36902785E-43
  137.6  1.37113119E-43
  137.7  1.37323603E-43
  137.8  1.37534233E-43
  137.9  1.37745008E-43
  138.  1.37955925E-43
  138.1  1.38166981E-43
  138.2  1.38378173E-43
  138.3  1.385895E-43
  138.4  1.38800958E-43
  138.5  1.39012545E-43
  138.6  1.39224259E-43
  138.7  1.39436095E-43
  138.8  1.39648053E-43
  138.9  1.3986013E-43
  139.  1.40072322E-43
  139.1  1.40284626E-43
  139.2  1.40497041E-43
  139.3  1.40709564E-43
  139.4  1.40922191E-43
  139.5  1.41134921E-43
  139.6  1.41347749E-43
  139.7  1.41560674E-43
  139.8  1.41773693E-43
  139.9  1.41986802E-43
  140.  1.422E-43
  140.1  1.42413297E-43
  140.2  1.42626708E-43
  140.3  1.42840232E-43
  140.4  1.43053869E-43
  140.5  1.43267618E-43
  140.6  1.43481481E-43
  140.7  1.43695455E-43
  140.8  1.43909542E-43
  140.9  1.44123741E-43
  141.  1.44338052E-43
  141.1  1.44552474E-43
  141.2  1.44767008E-43
  141.3  1.44981653E-43
  141.4  1.45196409E-43
  141.5  1.45411276E-43
  141.6  1.45626253E-43
  141.7  1.45841341E-43
  141.8  1.4605654E-43
  141.9  1.46271848E-43
  142.  1.46487267E-43
  142.1  1.46702795E-43
  142.2  1.46918432E-43
  142.3  1.47134179E-43
  142.4  1.47350035E-43
  142.5  1.47566E-43
  142.6  1.47782074E-43
  142.7  1.47998257E-43
  142.8  1.48214547E-43
  142.9  1.48430946E-43
  143.  1.48647453E-43
  143.1  1.48864068E-43
  143.2  1.49080791E-43
  143.3  1.49297621E-43
  143.4  1.49514558E-43
  143.5  1.49731603E-43
  143.6  1.49948754E-43
  143.7  1.50166012E-43
  143.8  1.50383377E-43
  143.9  1.50600848E-43
  144.  1.50818425E-43
  144.1  1.51036109E-43
  144.2  1.51253898E-43
  144.3  1.51471793E-43
  144.4  1.51689793E-43
  144.5  1.51907899E-43
  144.6  1.52126109E-43
  144.7  1.52344425E-43
  144.8  1.52562845E-43
  144.9  1.52781371E-43
  145.  1.53E-43
  145.1  1.53218759E-43
  145.2  1.53437673E-43
  145.3  1.5365674E-43
  145.4  1.53875958E-43
  145.5  1.54095328E-43
  145.6  1.54314846E-43
  145.7  1.54534512E-43
  145.8  1.54754325E-43
  145.9  1.54974283E-43
  146.  1.55194385E-43
  146.1  1.55414629E-43
  146.2  1.55635014E-43
  146.3  1.55855539E-43
  146.4  1.56076203E-43
  146.5  1.56297003E-43
  146.6  1.56517939E-43
  146.7  1.56739009E-43
  146.8  1.56960212E-43
  146.9  1.57181546E-43
  147.  1.5740301E-43
  147.1  1.57624603E-43
  147.2  1.57846322E-43
  147.3  1.58068168E-43
  147.4  1.58290137E-43
  147.5  1.58512229E-43
  147.6  1.58734443E-43
  147.7  1.58956776E-43
  147.8  1.59179227E-43
  147.9  1.59401795E-43
  148.  1.59624479E-43
  148.1  1.59847276E-43
  148.2  1.60070186E-43
  148.3  1.60293206E-43
  148.4  1.60516336E-43
  148.5  1.60739573E-43
  148.6  1.60962917E-43
  148.7  1.61186365E-43
  148.8  1.61409916E-43
  148.9  1.61633569E-43
  149.  1.61857322E-43
  149.1  1.62081173E-43
  149.2  1.62305122E-43
  149.3  1.62529165E-43
  149.4  1.62753302E-43
  149.5  1.62977531E-43
  149.6  1.6320185E-43
  149.7  1.63426259E-43
  149.8  1.63650754E-43
  149.9  1.63875335E-43
  150.  1.641E-43
  150.1  1.64324775E-43
  150.2  1.64549686E-43
  150.3  1.64774733E-43
  150.4  1.64999917E-43
  150.5  1.65225235E-43
  150.6  1.6545069E-43
  150.7  1.65676279E-43
  150.8  1.65902003E-43
  150.9  1.66127861E-43
  151.  1.66353854E-43
  151.1  1.6657998E-43
  151.2  1.6680624E-43
  151.3  1.67032633E-43
  151.4  1.67259159E-43
  151.5  1.67485818E-43
  151.6  1.67712609E-43
  151.7  1.67939532E-43
  151.8  1.68166586E-43
  151.9  1.68393772E-43
  152.  1.68621089E-43
  152.1  1.68848537E-43
  152.2  1.69076116E-43
  152.3  1.69303824E-43
  152.4  1.69531663E-43
  152.5  1.69759631E-43
  152.6  1.69987728E-43
  152.7  1.70215954E-43
  152.8  1.70444309E-43
  152.9  1.70672792E-43
  153.  1.70901402E-43
  153.1  1.71130141E-43
  153.2  1.71359007E-43
  153.3  1.71588E-43
  153.4  1.7181712E-43
  153.5  1.72046366E-43
  153.6  1.72275738E-43
  153.7  1.72505235E-43
  153.8  1.72734859E-43
  153.9  1.72964607E-43
  154.  1.7319448E-43
  154.1  1.73424477E-43
  154.2  1.73654599E-43
  154.3  1.73884844E-43
  154.4  1.74115213E-43
  154.5  1.74345705E-43
  154.6  1.7457632E-43
  154.7  1.74807057E-43
  154.8  1.75037916E-43
  154.9  1.75268897E-43
  155.  1.755E-43
  155.1  1.75731242E-43
  155.2  1.75962639E-43
  155.3  1.76194189E-43
  155.4  1.7642589E-43
  155.5  1.76657738E-43
  155.6  1.76889732E-43
  155.7  1.77121868E-43
  155.8  1.77354144E-43
  155.9  1.77586558E-43
  156.  1.77819107E-43
  156.1  1.78051788E-43
  156.2  1.78284599E-43
  156.3  1.78517537E-43
  156.4  1.78750599E-43
  156.5  1.78983782E-43
  156.6  1.79217085E-43
  156.7  1.79450503E-43
  156.8  1.79684035E-43
  156.9  1.79917678E-43
  157.  1.80151429E-43
  157.1  1.80385285E-43
  157.2  1.80619244E-43
  157.3  1.80853302E-43
  157.4  1.81087457E-43
  157.5  1.81321707E-43
  157.6  1.81556047E-43
  157.7  1.81790476E-43
  157.8  1.8202499E-43
  157.9  1.82259587E-43
  158.  1.82494264E-43
  158.1  1.82729018E-43
  158.2  1.82963845E-43
  158.3  1.83198744E-43
  158.4  1.83433711E-43
  158.5  1.83668743E-43
  158.6  1.83903837E-43
  158.7  1.84138991E-43
  158.8  1.84374201E-43
  158.9  1.84609464E-43
  159.  1.84844777E-43
  159.1  1.85080137E-43
  159.2  1.85315542E-43
  159.3  1.85550988E-43
  159.4  1.85786472E-43
  159.5  1.8602199E-43
  159.6  1.86257541E-43
  159.7  1.8649312E-43
  159.8  1.86728726E-43
  159.9  1.86964353E-43
  160.  1.872E-43
  160.1  1.874357E-43
  160.2  1.8767149E-43
  160.3  1.87907369E-43
  160.4  1.88143337E-43
  160.5  1.88379396E-43
  160.6  1.88615545E-43
  160.7  1.88851785E-43
  160.8  1.89088116E-43
  160.9  1.89324538E-43
  161.  1.89561051E-43
  161.1  1.89797656E-43
  161.2  1.90034353E-43
  161.3  1.90271142E-43
  161.4  1.90508024E-43
  161.5  1.90744999E-43
  161.6  1.90982066E-43
  161.7  1.91219227E-43
  161.8  1.91456482E-43
  161.9  1.91693831E-43
  162.  1.91931274E-43
  162.1  1.92168812E-43
  162.2  1.92406444E-43
  162.3  1.92644172E-43
  162.4  1.92881995E-43
  162.5  1.93119914E-43
  162.6  1.9335793E-43
  162.7  1.93596041E-43
  162.8  1.9383425E-43
  162.9  1.94072555E-43
  163.  1.94310958E-43
  163.1  1.94549459E-43
  163.2  1.94788058E-43
  163.3  1.95026755E-43
  163.4  1.95265551E-43
  163.5  1.95504446E-43
  163.6  1.95743441E-43
  163.7  1.95982535E-43
  163.8  1.96221729E-43
  163.9  1.96461024E-43
  164.  1.9670042E-43
  164.1  1.96939917E-43
  164.2  1.97179515E-43
  164.3  1.97419215E-43
  164.4  1.97659018E-43
  164.5  1.97898923E-43
  164.6  1.98138931E-43
  164.7  1.98379042E-43
  164.8  1.98619257E-43
  164.9  1.98859576E-43
  165.  1.991E-43
  165.1  1.99340561E-43
  165.2  1.99581289E-43
  165.3  1.99822184E-43
  165.4  2.00063243E-43
  165.5  2.00304466E-43
  165.6  2.00545849E-43
  165.7  2.00787393E-43
  165.8  2.01029094E-43
  165.9  2.01270952E-43
  166.  2.01512965E-43
  166.1  2.0175513E-43
  166.2  2.01997447E-43
  166.3  2.02239913E-43
  166.4  2.02482528E-43
  166.5  2.02725288E-43
  166.6  2.02968193E-43
  166.7  2.0321124E-43
  166.8  2.03454429E-43
  166.9  2.03697756E-43
  167.  2.03941221E-43
  167.1  2.04184822E-43
  167.2  2.04428556E-43
  167.3  2.04672423E-43
  167.4  2.0491642E-43
  167.5  2.05160545E-43
  167.6  2.05404797E-43
  167.7  2.05649174E-43
  167.8  2.05893674E-43
  167.9  2.06138295E-43
  168.  2.06383036E-43
  168.1  2.06627894E-43
  168.2  2.06872868E-43
  168.3  2.07117955E-43
  168.4  2.07363154E-43
  168.5  2.07608464E-43
  168.6  2.07853881E-43
  168.7  2.08099405E-43
  168.8  2.08345033E-43
  168.9  2.08590763E-43
  169.  2.08836594E-43
  169.1  2.09082523E-43
  169.2  2.0932855E-43
  169.3  2.0957467E-43
  169.4  2.09820884E-43
  169.5  2.10067188E-43
  169.6  2.10313581E-43
  169.7  2.1056006E-43
  169.8  2.10806625E-43
  169.9  2.11053272E-43
  170.  2.113E-43
