  0.1  2.14112927E-50
  0.2  6.978956E-50
  0.3  1.32359814E-49
  0.4  2.03259038E-49
  0.5  2.79446833E-49
  0.6  3.59196292E-49
  0.7  4.41456039E-49
  0.8  5.25550172E-49
  0.9  6.1102475E-49
  1.  6.9756376E-49
  1.1  7.84940527E-49
  1.2  8.72988289E-49
  1.3  9.61581626E-49
  1.4  1.05062448E-48
  1.5  1.14004196E-48
  1.6  1.22977493E-48
  1.7  1.31977598E-48
  1.8  1.41000674E-48
  1.9  1.50043576E-48
  2.  1.59103708E-48
  2.1  1.68178904E-48
  2.2  1.77267347E-48
  2.3  1.86367492E-48
  2.4  1.95478037E-48
  2.5  2.04597848E-48
  2.6  2.13725961E-48
  2.7  2.2286154E-48
  2.8  2.32003845E-48
  2.9  2.41152241E-48
  3.  2.5030617E-48
  3.1  2.59465131E-48
  3.2  2.68628691E-48
  3.3  2.7779645E-48
  3.4  2.86968068E-48
  3.5  2.96143235E-48
  3.6  3.05321668E-48
  3.7  3.14503122E-48
  3.8  3.23687363E-48
  3.9  3.32874193E-48
  4.  3.42063427E-48
  4.1  3.51254885E-48
  4.2  3.60448429E-48
  4.3  3.69643911E-48
  4.4  3.78841209E-48
  4.5  3.88040201E-48
  4.6  3.97240772E-48
  4.7  4.06442832E-48
  4.8  4.15646294E-48
  4.9  4.24851066E-48
  5.  4.34057074E-48
  5.1  4.43264245E-48
  5.2  4.52472513E-48
  5.3  4.61681814E-48
  5.4  4.70892104E-48
  5.5  4.80103306E-48
  5.6  4.89315392E-48
  5.7  4.98528297E-48
  5.8  5.07741999E-48
  5.9  5.16956434E-48
  6.  5.26171582E-48
  6.1  5.35387405E-48
  6.2  5.44603877E-48
  6.3  5.53820941E-48
  6.4  5.6303858E-48
  6.5  5.72256781E-48
  6.6  5.81475502E-48
  6.7  5.90694729E-48
  6.8  5.99914423E-48
  6.9  6.09134586E-48
  7.  6.18355185E-48
  7.1  6.27576189E-48
  7.2  6.36797589E-48
  7.3  6.46019374E-48
  7.4  6.55241535E-48
  7.5  6.64464034E-48
  7.6  6.73686874E-48
  7.7  6.82910017E-48
  7.8  6.92133493E-48
  7.9  7.01357238E-48
  8.  7.10581279E-48
  8.1  7.19805578E-48
  8.2  7.2903016E-48
  8.3  7.38254969E-48
  8.4  7.47480039E-48
  8.5  7.56705335E-48
  8.6  7.65930847E-48
  8.7  7.75156564E-48
  8.8  7.84382517E-48
  8.9  7.93608608E-48
  9.  8.02834947E-48
  9.1  8.12061446E-48
  9.2  8.21288122E-48
  9.3  8.30514965E-48
  9.4  8.3974196E-48
  9.5  8.48969142E-48
  9.6  8.58196471E-48
  9.7  8.67423914E-48
  9.8  8.76651525E-48
  9.9  8.85879252E-48
  10.  8.95107138E-48
  10.1  9.04335139E-48
  10.2  9.1356326E-48
  10.3  9.22791511E-48
  10.4  9.32019864E-48
  10.5  9.4124831E-48
  10.6  9.50476878E-48
  10.7  9.59705546E-48
  10.8  9.68934311E-48
  10.9  9.78163188E-48
  11.  9.87392108E-48
  11.1  9.96621189E-48
  11.2  1.0058503E-47
  11.3  1.01507952E-47
  11.4  1.02430883E-47
  11.5  1.03353818E-47
  11.6  1.04276764E-47
  11.7  1.05199714E-47
  11.8  1.06122674E-47
  11.9  1.0704564E-47
  12.  1.07968613E-47
  12.1  1.0889159E-47
  12.2  1.09814573E-47
  12.3  1.10737564E-47
  12.4  1.1166056E-47
  12.5  1.12583564E-47
  12.6  1.1350657E-47
  12.7  1.14429582E-47
  12.8  1.153526E-47
  12.9  1.16275619E-47
  13.  1.17198648E-47
  13.1  1.18121679E-47
  13.2  1.19044714E-47
  13.3  1.19967754E-47
  13.4  1.20890795E-47
  13.5  1.21813846E-47
  13.6  1.22736895E-47
  13.7  1.23659949E-47
  13.8  1.24583011E-47
  13.9  1.25506073E-47
  14.  1.26429136E-47
  14.1  1.27352207E-47
  14.2  1.28275279E-47
  14.3  1.29198353E-47
  14.4  1.30121429E-47
  14.5  1.3104451E-47
  14.6  1.31967595E-47
  14.7  1.32890681E-47
  14.8  1.33813766E-47
  14.9  1.34736858E-47
  15.  1.3565995E-47
  15.1  1.36583044E-47
  15.2  1.37506143E-47
  15.3  1.3842924E-47
  15.4  1.39352341E-47
  15.5  1.40275445E-47
  15.6  1.41198549E-47
  15.7  1.42121656E-47
  15.8  1.43044764E-47
  15.9  1.43967875E-47
  16.  1.44890988E-47
  16.1  1.45814096E-47
  16.2  1.46737211E-47
  16.3  1.47660329E-47
  16.4  1.48583449E-47
  16.5  1.49506565E-47
  16.6  1.50429683E-47
  16.7  1.51352806E-47
  16.8  1.52275926E-47
  16.9  1.53199054E-47
  17.  1.54122174E-47
  17.1  1.55045297E-47
  17.2  1.55968422E-47
  17.3  1.5689155E-47
  17.4  1.57814679E-47
  17.5  1.58737807E-47
  17.6  1.59660931E-47
  17.7  1.60584061E-47
  17.8  1.61507194E-47
  17.9  1.62430327E-47
  18.  1.63353456E-47
  18.1  1.64276589E-47
  18.2  1.65199723E-47
  18.3  1.66122854E-47
  18.4  1.67045988E-47
  18.5  1.67969123E-47
  18.6  1.68892256E-47
  18.7  1.69815389E-47
  18.8  1.70738525E-47
  18.9  1.7166166E-47
  19.  1.72584796E-47
  19.1  1.73507933E-47
  19.2  1.74431066E-47
  19.3  1.75354202E-47
  19.4  1.76277338E-47
  19.5  1.77200473E-47
  19.6  1.78123612E-47
  19.7  1.7904675E-47
  19.8  1.79969884E-47
  19.9  1.80893016E-47
  20.  1.81816156E-47
  20.1  1.82739292E-47
  20.2  1.8366243E-47
  20.3  1.84585561E-47
  20.4  1.85508701E-47
  20.5  1.86431837E-47
  20.6  1.8735497E-47
  20.7  1.88278108E-47
  20.8  1.89201244E-47
  20.9  1.90124375E-47
  21.  1.9104751E-47
  21.1  1.9197065E-47
  21.2  1.9289378E-47
  21.3  1.93816918E-47
  21.4  1.94740049E-47
  21.5  1.9566318E-47
  21.6  1.96586318E-47
  21.7  1.97509453E-47
  21.8  1.98432587E-47
  21.9  1.9935572E-47
  22.  2.00278847E-47
  22.1  2.0120198E-47
  22.2  2.02125111E-47
  22.3  2.03048244E-47
  22.4  2.03971371E-47
  22.5  2.04894498E-47
  22.6  2.05817628E-47
  22.7  2.06740755E-47
  22.8  2.07663887E-47
  22.9  2.08587015E-47
  23.  2.09510137E-47
  23.1  2.1043327E-47
  23.2  2.11356398E-47
  23.3  2.1227952E-47
  23.4  2.1320265E-47
  23.5  2.14125773E-47
  23.6  2.15048893E-47
  23.7  2.1597202E-47
  23.8  2.16895143E-47
  23.9  2.17818264E-47
  24.  2.1874139E-47
  24.1  2.19664506E-47
  24.2  2.20587629E-47
  24.3  2.21510745E-47
  24.4  2.22433868E-47
  24.5  2.23356989E-47
  24.6  2.24280107E-47
  24.7  2.25203222E-47
  24.8  2.26126338E-47
  24.9  2.27049457E-47
  25.  2.27972572E-47
  25.1  2.28895688E-47
  25.2  2.29818795E-47
  25.3  2.30741913E-47
  25.4  2.31665029E-47
  25.5  2.32588137E-47
  25.6  2.33511251E-47
  25.7  2.34434359E-47
  25.8  2.35357469E-47
  25.9  2.36280579E-47
  26.  2.37203688E-47
  26.1  2.38126793E-47
  26.2  2.39049903E-47
  26.3  2.39973006E-47
  26.4  2.40896113E-47
  26.5  2.41819216E-47
  26.6  2.42742324E-47
  26.7  2.43665426E-47
  26.8  2.44588525E-47
  26.9  2.45511624E-47
  27.  2.46434729E-47
  27.1  2.47357829E-47
  27.2  2.48280931E-47
  27.3  2.49204027E-47
  27.4  2.50127121E-47
  27.5  2.5105022E-47
  27.6  2.51973314E-47
  27.7  2.52896415E-47
  27.8  2.53819508E-47
  27.9  2.54742598E-47
  28.  2.55665687E-47
  28.1  2.56588779E-47
  28.2  2.57511873E-47
  28.3  2.58434967E-47
  28.4  2.59358056E-47
  28.5  2.60281139E-47
  28.6  2.61204231E-47
  28.7  2.6212732E-47
  28.8  2.63050406E-47
  28.9  2.63973493E-47
  29.  2.64896566E-47
  29.1  2.65819651E-47
  29.2  2.66742738E-47
  29.3  2.67665822E-47
  29.4  2.68588904E-47
  29.5  2.69511979E-47
  29.6  2.70435061E-47
  29.7  2.71358136E-47
  29.8  2.72281212E-47
  29.9  2.73204297E-47
  30.  2.74127371E-47
  30.1  2.75050442E-47
  30.2  2.75973515E-47
  30.3  2.76896593E-47
  30.4  2.77819663E-47
  30.5  2.78742738E-47
  30.6  2.79665801E-47
  30.7  2.80588872E-47
  30.8  2.81511942E-47
  30.9  2.82435011E-47
  31.  2.83358079E-47
  31.1  2.84281145E-47
  31.2  2.85204208E-47
  31.3  2.86127272E-47
  31.4  2.87050334E-47
  31.5  2.87973404E-47
  31.6  2.88896455E-47
  31.7  2.89819523E-47
  31.8  2.9074258E-47
  31.9  2.9166564E-47
  32.  2.92588701E-47
  32.1  2.9351175E-47
  32.2  2.94434812E-47
  32.3  2.95357864E-47
  32.4  2.96280924E-47
  32.5  2.97203968E-47
  32.6  2.98127019E-47
  32.7  2.99050085E-47
  32.8  2.99973129E-47
  32.9  3.00896182E-47
  33.  3.01819222E-47
  33.1  3.0274227E-47
  33.2  3.03665324E-47
  33.3  3.04588364E-47
  33.4  3.05511415E-47
  33.5  3.06434459E-47
  33.6  3.07357496E-47
  33.7  3.08280554E-47
  33.8  3.09203576E-47
  33.9  3.10126627E-47
  34.  3.11049666E-47
  34.1  3.11972698E-47
  34.2  3.12895744E-47
  34.3  3.13818782E-47
  34.4  3.14741823E-47
  34.5  3.15664847E-47
  34.6  3.1658789E-47
  34.7  3.17510919E-47
  34.8  3.18433956E-47
  34.9  3.19356991E-47
  35.  3.20280022E-47
  35.1  3.21203051E-47
  35.2  3.22126071E-47
  35.3  3.23049098E-47
  35.4  3.23972133E-47
  35.5  3.24895155E-47
  35.6  3.25818189E-47
  35.7  3.26741207E-47
  35.8  3.27664234E-47
  35.9  3.28587256E-47
  36.  3.29510278E-47
  36.1  3.30433307E-47
  36.2  3.31356312E-47
  36.3  3.32279333E-47
  36.4  3.33202349E-47
  36.5  3.34125371E-47
  36.6  3.35048386E-47
  36.7  3.35971402E-47
  36.8  3.3689442E-47
  36.9  3.37817432E-47
  37.  3.38740443E-47
  37.1  3.39663458E-47
  37.2  3.40586457E-47
  37.3  3.41509477E-47
  37.4  3.42432491E-47
  37.5  3.4335549E-47
  37.6  3.44278506E-47
  37.7  3.45201511E-47
  37.8  3.46124514E-47
  37.9  3.47047516E-47
  38.  3.47970515E-47
  38.1  3.48893526E-47
  38.2  3.49816521E-47
  38.3  3.50739531E-47
  38.4  3.51662525E-47
  38.5  3.52585521E-47
  38.6  3.53508529E-47
  38.7  3.54431515E-47
  38.8  3.55354529E-47
  38.9  3.56277513E-47
  39.  3.57200499E-47
  39.1  3.58123508E-47
  39.2  3.59046489E-47
  39.3  3.59969492E-47
  39.4  3.6089248E-47
  39.5  3.6181548E-47
  39.6  3.62738452E-47
  39.7  3.63661443E-47
  39.8  3.64584438E-47
  39.9  3.65507413E-47
  40.  3.66430407E-47
  40.1  3.67353392E-47
  40.2  3.68276364E-47
  40.3  3.69199362E-47
  40.4  3.70122344E-47
  40.5  3.71045319E-47
  40.6  3.719683E-47
  40.7  3.72891277E-47
  40.8  3.7381427E-47
  40.9  3.7473723E-47
  41.  3.75660224E-47
  41.1  3.7658319E-47
  41.2  3.77506159E-47
  41.3  3.78429145E-47
  41.4  3.79352107E-47
  41.5  3.8027509E-47
  41.6  3.81198058E-47
  41.7  3.82121025E-47
  41.8  3.83043995E-47
  41.9  3.83966962E-47
  42.  3.8488994E-47
  42.1  3.85812895E-47
  42.2  3.86735879E-47
  42.3  3.87658844E-47
  42.4  3.885818E-47
  42.5  3.89504772E-47
  42.6  3.90427722E-47
  42.7  3.91350691E-47
  42.8  3.92273654E-47
  42.9  3.93196609E-47
  43.  3.94119565E-47
  43.1  3.95042531E-47
  43.2  3.95965484E-47
  43.3  3.96888441E-47
  43.4  3.97811387E-47
  43.5  3.98734353E-47
  43.6  3.99657305E-47
  43.7  4.0058026E-47
  43.8  4.01503216E-47
  43.9  4.02426156E-47
  44.  4.0334912E-47
  44.1  4.0427206E-47
  44.2  4.05195021E-47
  44.3  4.06117964E-47
  44.4  4.07040909E-47
  44.5  4.07963857E-47
  44.6  4.08886793E-47
  44.7  4.09809748E-47
  44.8  4.10732695E-47
  44.9  4.11655645E-47
  45.  4.12578573E-47
  45.1  4.13501509E-47
  45.2  4.1442446E-47
  45.3  4.15347396E-47
  45.4  4.16270343E-47
  45.5  4.17193274E-47
  45.6  4.18116204E-47
  45.7  4.19039163E-47
  45.8  4.19962087E-47
  45.9  4.20885019E-47
  46.  4.21807949E-47
  46.1  4.22730881E-47
  46.2  4.23653822E-47
  46.3  4.24576758E-47
  46.4  4.25499684E-47
  46.5  4.26422604E-47
  46.6  4.27345528E-47
  46.7  4.28268464E-47
  46.8  4.29191384E-47
  46.9  4.30114321E-47
  47.  4.3103725E-47
  47.1  4.31960178E-47
  47.2  4.32883092E-47
  47.3  4.33806022E-47
  47.4  4.34728939E-47
  47.5  4.35651861E-47
  47.6  4.36574783E-47
  47.7  4.37497704E-47
  47.8  4.38420622E-47
  47.9  4.39343542E-47
  48.  4.4026645E-47
  48.1  4.41189379E-47
  48.2  4.42112288E-47
  48.3  4.43035196E-47
  48.4  4.43958114E-47
  48.5  4.44881026E-47
  48.6  4.4580395E-47
  48.7  4.46726844E-47
  48.8  4.47649766E-47
  48.9  4.4857267E-47
  49.  4.49495583E-47
  49.1  4.50418497E-47
  49.2  4.513414E-47
  49.3  4.52264298E-47
  49.4  4.53187211E-47
  49.5  4.54110109E-47
  49.6  4.55033024E-47
  49.7  4.55955918E-47
  49.8  4.56878832E-47
  49.9  4.57801721E-47
  50.  4.58724631E-47
  50.1  4.59647535E-47
  50.2  4.6057042E-47
  50.3  4.61493326E-47
  50.4  4.62416233E-47
  50.5  4.63339113E-47
  50.6  4.64262019E-47
  50.7  4.65184914E-47
  50.8  4.6610781E-47
  50.9  4.67030705E-47
  51.  4.6795358E-47
  51.1  4.68876482E-47
  51.2  4.69799383E-47
  51.3  4.70722274E-47
  51.4  4.71645156E-47
  51.5  4.72568035E-47
  51.6  4.73490935E-47
  51.7  4.74413814E-47
  51.8  4.75336715E-47
  51.9  4.7625959E-47
  52.  4.77182478E-47
  52.1  4.78105364E-47
  52.2  4.79028241E-47
  52.3  4.79951133E-47
  52.4  4.80874012E-47
  52.5  4.81796905E-47
  52.6  4.82719775E-47
  52.7  4.83642643E-47
  52.8  4.84565532E-47
  52.9  4.8548841E-47
  53.  4.86411304E-47
  53.1  4.87334172E-47
  53.2  4.8825703E-47
  53.3  4.89179921E-47
  53.4  4.90102781E-47
  53.5  4.91025667E-47
  53.6  4.91948538E-47
  53.7  4.92871404E-47
  53.8  4.93794277E-47
  53.9  4.94717146E-47
  54.  4.95640021E-47
  54.1  4.96562885E-47
  54.2  4.97485749E-47
  54.3  4.98408628E-47
  54.4  4.99331491E-47
  54.5  5.00254359E-47
  54.6  5.01177216E-47
  54.7  5.02100069E-47
  54.8  5.0302295E-47
  54.9  5.039458E-47
  55.  5.04868682E-47
  55.1  5.05791539E-47
  55.2  5.06714391E-47
  55.3  5.0763725E-47
  55.4  5.08560106E-47
  55.5  5.09482974E-47
  55.6  5.10405834E-47
  55.7  5.11328687E-47
  55.8  5.12251543E-47
  55.9  5.1317439E-47
  56.  5.14097245E-47
  56.1  5.15020102E-47
  56.2  5.15942963E-47
  56.3  5.16865813E-47
  56.4  5.17788659E-47
  56.5  5.1871152E-47
  56.6  5.19634356E-47
  56.7  5.2055722E-47
  56.8  5.21480049E-47
  56.9  5.22402903E-47
  57.  5.2332575E-47
  57.1  5.24248597E-47
  57.2  5.25171458E-47
  57.3  5.26094293E-47
  57.4  5.27017136E-47
  57.5  5.27939977E-47
  57.6  5.2886281E-47
  57.7  5.29785668E-47
  57.8  5.30708506E-47
  57.9  5.31631355E-47
  58.  5.32554189E-47
  58.1  5.33477017E-47
  58.2  5.34399866E-47
  58.3  5.35322699E-47
  58.4  5.36245542E-47
  58.5  5.37168371E-47
  58.6  5.38091196E-47
  58.7  5.39014051E-47
  58.8  5.39936875E-47
  58.9  5.40859706E-47
  59.  5.41782551E-47
  59.1  5.42705372E-47
  59.2  5.4362821E-47
  59.3  5.4455102E-47
  59.4  5.45473863E-47
  59.5  5.46396691E-47
  59.6  5.4731951E-47
  59.7  5.48242345E-47
  59.8  5.4916517E-47
  59.9  5.50088004E-47
  60.  5.51010825E-47
  60.1  5.51933655E-47
  60.2  5.52856481E-47
  60.3  5.53779286E-47
  60.4  5.54702126E-47
  60.5  5.5562494E-47
  60.6  5.56547764E-47
  60.7  5.57470581E-47
  60.8  5.58393393E-47
  60.9  5.5931622E-47
  61.  5.60239033E-47
  61.1  5.61161858E-47
  61.2  5.62084665E-47
  61.3  5.63007483E-47
  61.4  5.63930307E-47
  61.5  5.6485311E-47
  61.6  5.65775939E-47
  61.7  5.66698748E-47
  61.8  5.67621546E-47
  61.9  5.68544362E-47
  62.  5.69467173E-47
  62.1  5.70389996E-47
  62.2  5.71312795E-47
  62.3  5.72235596E-47
  62.4  5.73158426E-47
  62.5  5.74081231E-47
  62.6  5.75004038E-47
  62.7  5.75926836E-47
  62.8  5.76849661E-47
  62.9  5.7777243E-47
  63.  5.78695229E-47
  63.1  5.79618079E-47
  63.2  5.80540856E-47
  63.3  5.81463662E-47
  63.4  5.82386472E-47
  63.5  5.83309258E-47
  63.6  5.84232089E-47
  63.7  5.85154856E-47
  63.8  5.86077645E-47
  63.9  5.87000464E-47
  64.  5.87923256E-47
  64.1  5.88846062E-47
  64.2  5.89768848E-47
  64.3  5.90691654E-47
  64.4  5.91614443E-47
  64.5  5.92537243E-47
  64.6  5.93460031E-47
  64.7  5.94382817E-47
  64.8  5.9530559E-47
  64.9  5.96228398E-47
  65.  5.97151195E-47
  65.1  5.98073967E-47
  65.2  5.98996769E-47
  65.3  5.9991956E-47
  65.4  6.00842354E-47
  65.5  6.01765125E-47
  65.6  6.02687938E-47
  65.7  6.03610721E-47
  65.8  6.04533472E-47
  65.9  6.05456282E-47
  66.  6.06379061E-47
  66.1  6.07301835E-47
  66.2  6.08224617E-47
  66.3  6.0914741E-47
  66.4  6.10070202E-47
  66.5  6.1099296E-47
  66.6  6.11915768E-47
  66.7  6.12838548E-47
  66.8  6.1376129E-47
  66.9  6.14684087E-47
  67.  6.15606865E-47
  67.1  6.16529648E-47
  67.2  6.1745241E-47
  67.3  6.18375192E-47
  67.4  6.1929797E-47
  67.5  6.20220727E-47
  67.6  6.21143495E-47
  67.7  6.22066295E-47
  67.8  6.22989052E-47
  67.9  6.2391182E-47
  68.  6.24834617E-47
  68.1  6.25757378E-47
  68.2  6.2668015E-47
  68.3  6.27602907E-47
  68.4  6.28525694E-47
  68.5  6.29448448E-47
  68.6  6.30371209E-47
  68.7  6.31293992E-47
  68.8  6.32216732E-47
  68.9  6.33139509E-47
  69.  6.34062286E-47
  69.1  6.34985054E-47
  69.2  6.35907794E-47
  69.3  6.36830547E-47
  69.4  6.37753325E-47
  69.5  6.38676083E-47
  69.6  6.39598832E-47
  69.7  6.40521594E-47
  69.8  6.41444383E-47
  69.9  6.42367098E-47
  70.  6.43289874E-47
  70.1  6.4421265E-47
  70.2  6.45135381E-47
  70.3  6.46058154E-47
  70.4  6.46980902E-47
  70.5  6.47903647E-47
  70.6  6.48826419E-47
  70.7  6.49749177E-47
  70.8  6.50671916E-47
  70.9  6.51594664E-47
  71.  6.52517414E-47
  71.1  6.53440187E-47
  71.2  6.54362919E-47
  71.3  6.55285669E-47
  71.4  6.56208421E-47
  71.5  6.57131186E-47
  71.6  6.58053932E-47
  71.7  6.58976664E-47
  71.8  6.59899415E-47
  71.9  6.60822148E-47
  72.  6.61744899E-47
  72.1  6.62667655E-47
  72.2  6.63590368E-47
  72.3  6.64513128E-47
  72.4  6.65435887E-47
  72.5  6.66358629E-47
  72.6  6.67281352E-47
  72.7  6.68204113E-47
  72.8  6.69126845E-47
  72.9  6.7004957E-47
  73.  6.7097232E-47
  73.1  6.71895066E-47
  73.2  6.72817791E-47
  73.3  6.7374052E-47
  73.4  6.74663266E-47
  73.5  6.75586041E-47
  73.6  6.76508747E-47
  73.7  6.77431468E-47
  73.8  6.78354232E-47
  73.9  6.7927693E-47
  74.  6.80199666E-47
  74.1  6.81122429E-47
  74.2  6.82045169E-47
  74.3  6.82967879E-47
  74.4  6.83890624E-47
  74.5  6.84813356E-47
  74.6  6.85736066E-47
  74.7  6.86658781E-47
  74.8  6.87581543E-47
  74.9  6.88504224E-47
  75.  6.89426976E-47
  75.1  6.90349697E-47
  75.2  6.91272445E-47
  75.3  6.9219516E-47
  75.4  6.93117881E-47
  75.5  6.94040626E-47
  75.6  6.94963326E-47
  75.7  6.95886046E-47
  75.8  6.96808767E-47
  75.9  6.97731475E-47
  76.  6.98654231E-47
  76.1  6.99576944E-47
  76.2  7.0049967E-47
  76.3  7.01422364E-47
  76.4  7.02345095E-47
  76.5  7.0326784E-47
  76.6  7.04190528E-47
  76.7  7.05113237E-47
  76.8  7.06035965E-47
  76.9  7.06958684E-47
  77.  7.07881382E-47
  77.1  7.08804111E-47
  77.2  7.09726826E-47
  77.3  7.10649527E-47
  77.4  7.11572263E-47
  77.5  7.12494974E-47
  77.6  7.13417671E-47
  77.7  7.14340373E-47
  77.8  7.15263106E-47
  77.9  7.16185817E-47
  78.  7.17108501E-47
  78.1  7.18031221E-47
  78.2  7.18953935E-47
  78.3  7.19876619E-47
  78.4  7.2079935E-47
  78.5  7.21722061E-47
  78.6  7.22644743E-47
  78.7  7.2356744E-47
  78.8  7.24490167E-47
  78.9  7.25412891E-47
  79.  7.26335562E-47
  79.1  7.27258266E-47
  79.2  7.28180978E-47
  79.3  7.29103654E-47
  79.4  7.30026389E-47
  79.5  7.30949098E-47
  79.6  7.31871796E-47
  79.7  7.32794472E-47
  79.8  7.33717185E-47
  79.9  7.34639887E-47
  80.  7.35562549E-47
  80.1  7.36485265E-47
  80.2  7.37407986E-47
  80.3  7.38330652E-47
  80.4  7.39253377E-47
  80.5  7.40176053E-47
  80.6  7.41098769E-47
  80.7  7.42021429E-47
  80.8  7.42944132E-47
  80.9  7.43866842E-47
  81.  7.44789513E-47
  81.1  7.45712225E-47
  81.2  7.4663491E-47
  81.3  7.47557593E-47
  81.4  7.48480277E-47
  81.5  7.49402986E-47
  81.6  7.50325683E-47
  81.7  7.51248341E-47
  81.8  7.5217103E-47
  81.9  7.53093726E-47
  82.  7.54016395E-47
  82.1  7.54939097E-47
  82.2  7.55861807E-47
  82.3  7.56784481E-47
  82.4  7.57707164E-47
  82.5  7.58629843E-47
  82.6  7.59552527E-47
  82.7  7.60475189E-47
  82.8  7.61397869E-47
  82.9  7.62320567E-47
  83.  7.63243223E-47
  83.1  7.6416592E-47
  83.2  7.65088616E-47
  83.3  7.66011314E-47
  83.4  7.66933956E-47
  83.5  7.67856648E-47
  83.6  7.68779325E-47
  83.7  7.69701999E-47
  83.8  7.70624656E-47
  83.9  7.71547359E-47
  84.  7.7247001E-47
  84.1  7.73392694E-47
  84.2  7.74315382E-47
  84.3  7.75238066E-47
  84.4  7.76160728E-47
  84.5  7.77083392E-47
  84.6  7.78006073E-47
  84.7  7.78928716E-47
  84.8  7.79851386E-47
  84.9  7.80774077E-47
  85.  7.81696744E-47
  85.1  7.82619414E-47
  85.2  7.83542085E-47
  85.3  7.84464759E-47
  85.4  7.85387432E-47
  85.5  7.86310089E-47
  85.6  7.87232751E-47
  85.7  7.88155403E-47
  85.8  7.89078089E-47
  85.9  7.90000754E-47
  86.  7.90923449E-47
  86.1  7.91846086E-47
  86.2  7.92768729E-47
  86.3  7.93691425E-47
  86.4  7.94614055E-47
  86.5  7.95536733E-47
  86.6  7.96459394E-47
  86.7  7.97382052E-47
  86.8  7.98304715E-47
  86.9  7.9922737E-47
  87.  8.00150051E-47
  87.1  8.01072689E-47
  87.2  8.01995352E-47
  87.3  8.02918012E-47
  87.4  8.03840632E-47
  87.5  8.04763323E-47
  87.6  8.05685972E-47
  87.7  8.06608659E-47
  87.8  8.07531281E-47
  87.9  8.08453949E-47
  88.  8.09376626E-47
  88.1  8.10299232E-47
  88.2  8.11221912E-47
  88.3  8.12144557E-47
  88.4  8.13067201E-47
  88.5  8.13989854E-47
  88.6  8.14912517E-47
  88.7  8.15835172E-47
  88.8  8.16757822E-47
  88.9  8.17680473E-47
  89.  8.18603136E-47
  89.1  8.19525748E-47
  89.2  8.20448386E-47
  89.3  8.21371057E-47
  89.4  8.22293681E-47
  89.5  8.23216345E-47
  89.6  8.24138985E-47
  89.7  8.25061655E-47
  89.8  8.25984267E-47
  89.9  8.26906925E-47
  90.  8.27829578E-47
  90.1  8.28752212E-47
  90.2  8.29674848E-47
  90.3  8.30597504E-47
  90.4  8.31520137E-47
  90.5  8.32442764E-47
  90.6  8.33365424E-47
  90.7  8.34288069E-47
  90.8  8.3521067E-47
  90.9  8.36133339E-47
  91.  8.3705599E-47
  91.1  8.37978612E-47
  91.2  8.38901237E-47
  91.3  8.39823879E-47
  91.4  8.40746523E-47
  91.5  8.41669145E-47
  91.6  8.42591783E-47
  91.7  8.43514453E-47
  91.8  8.44437069E-47
  91.9  8.45359696E-47
  92.  8.4628232E-47
  92.1  8.47204954E-47
  92.2  8.48127597E-47
  92.3  8.49050229E-47
  92.4  8.49972858E-47
  92.5  8.50895468E-47
  92.6  8.51818113E-47
  92.7  8.52740749E-47
  92.8  8.53663374E-47
  92.9  8.5458599E-47
  93.  8.5550863E-47
  93.1  8.56431275E-47
  93.2  8.57353865E-47
  93.3  8.58276508E-47
  93.4  8.59199171E-47
  93.5  8.60121763E-47
  93.6  8.61044376E-47
  93.7  8.61967025E-47
  93.8  8.62889635E-47
  93.9  8.63812269E-47
  94.  8.64734879E-47
  94.1  8.65657513E-47
  94.2  8.66580124E-47
  94.3  8.67502763E-47
  94.4  8.68425381E-47
  94.5  8.69347999E-47
  94.6  8.70270619E-47
  94.7  8.71193242E-47
  94.8  8.72115865E-47
  94.9  8.73038471E-47
  95.  8.73961097E-47
  95.1  8.74883712E-47
  95.2  8.75806324E-47
  95.3  8.76728928E-47
  95.4  8.77651563E-47
  95.5  8.78574154E-47
  95.6  8.79496786E-47
  95.7  8.80419409E-47
  95.8  8.81342008E-47
  95.9  8.82264633E-47
  96.  8.83187239E-47
  96.1  8.84109868E-47
  96.2  8.85032466E-47
  96.3  8.85955087E-47
  96.4  8.86877711E-47
  96.5  8.87800288E-47
  96.6  8.88722911E-47
  96.7  8.8964553E-47
  96.8  8.90568141E-47
  96.9  8.91490747E-47
  97.  8.92413342E-47
  97.1  8.93335965E-47
  97.2  8.94258548E-47
  97.3  8.95181167E-47
  97.4  8.9610378E-47
  97.5  8.97026389E-47
  97.6  8.97948975E-47
  97.7  8.98871592E-47
  97.8  8.99794217E-47
  97.9  9.00716793E-47
  98.  9.01639413E-47
  98.1  9.0256201E-47
  98.2  9.03484601E-47
  98.3  9.04407229E-47
  98.4  9.05329841E-47
  98.5  9.06252433E-47
  98.6  9.07174997E-47
  98.7  9.08097643E-47
  98.8  9.09020226E-47
  98.9  9.09942829E-47
  99.  9.10865438E-47
  99.1  9.11788011E-47
  99.2  9.12710592E-47
  99.3  9.13633211E-47
  99.4  9.14555794E-47
  99.5  9.1547841E-47
  99.6  9.16400991E-47
  99.7  9.17323604E-47
  99.8  9.18246217E-47
  99.9  9.19168786E-47
  100.  9.20091384E-47
  100.1  9.21013995E-47
  100.2  9.21936592E-47
  100.3  9.22859158E-47
  100.4  9.23781771E-47
  100.5  9.24704341E-47
  100.6  9.25626929E-47
  100.7  9.26549524E-47
  100.8  9.27472135E-47
  100.9  9.28394708E-47
  101.  9.29317303E-47
  101.1  9.30239899E-47
  101.2  9.311625E-47
  101.3  9.32085078E-47
  101.4  9.33007657E-47
  101.5  9.33930253E-47
  101.6  9.3485284E-47
  101.7  9.35775408E-47
  101.8  9.36698001E-47
  101.9  9.3762058E-47
  102.  9.3854316E-47
  102.1  9.39465765E-47
  102.2  9.40388373E-47
  102.3  9.41310923E-47
  102.4  9.42233491E-47
  102.5  9.43156108E-47
  102.6  9.44078651E-47
  102.7  9.45001257E-47
  102.8  9.45923852E-47
  102.9  9.46846422E-47
  103.  9.47769E-47
  103.1  9.4869157E-47
  103.2  9.49614178E-47
  103.3  9.50536716E-47
  103.4  9.51459294E-47
  103.5  9.52381905E-47
  103.6  9.53304456E-47
  103.7  9.54227038E-47
  103.8  9.55149621E-47
  103.9  9.56072221E-47
  104.  9.56994767E-47
  104.1  9.57917363E-47
  104.2  9.58839911E-47
  104.3  9.59762501E-47
  104.4  9.60685072E-47
  104.5  9.61607659E-47
  104.6  9.62530203E-47
  104.7  9.6345277E-47
  104.8  9.64375383E-47
  104.9  9.65297951E-47
  105.  9.66220489E-47
  105.1  9.67143075E-47
  105.2  9.68065648E-47
  105.3  9.68988184E-47
  105.4  9.69910797E-47
  105.5  9.70833364E-47
  105.6  9.71755949E-47
  105.7  9.72678478E-47
  105.8  9.73601064E-47
  105.9  9.74523653E-47
  106.  9.75446178E-47
  106.1  9.76368751E-47
  106.2  9.77291317E-47
  106.3  9.78213896E-47
  106.4  9.79136437E-47
  106.5  9.8005901E-47
  106.6  9.80981606E-47
  106.7  9.81904131E-47
  106.8  9.82826731E-47
  106.9  9.83749261E-47
  107.  9.84671807E-47
  107.1  9.85594406E-47
  107.2  9.86516941E-47
  107.3  9.87439512E-47
  107.4  9.88362083E-47
  107.5  9.89284647E-47
  107.6  9.90207225E-47
  107.7  9.91129757E-47
  107.8  9.92052323E-47
  107.9  9.92974887E-47
  108.  9.93897412E-47
  108.1  9.9482001E-47
  108.2  9.95742551E-47
  108.3  9.96665114E-47
  108.4  9.97587649E-47
  108.5  9.98510199E-47
  108.6  9.99432788E-47
  108.7  1.00035531E-46
  108.8  1.00127786E-46
  108.9  1.00220044E-46
  109.  1.00312298E-46
  109.1  1.00404553E-46
  109.2  1.00496812E-46
  109.3  1.00589066E-46
  109.4  1.00681317E-46
  109.5  1.00773576E-46
  109.6  1.00865831E-46
  109.7  1.00958084E-46
  109.8  1.01050341E-46
  109.9  1.01142594E-46
  110.  1.01234851E-46
  110.1  1.01327105E-46
  110.2  1.01419358E-46
  110.3  1.01511615E-46
  110.4  1.01603866E-46
  110.5  1.01696123E-46
  110.6  1.01788378E-46
  110.7  1.01880633E-46
  110.8  1.01972885E-46
  110.9  1.02065144E-46
  111.  1.02157399E-46
  111.1  1.02249651E-46
  111.2  1.02341906E-46
  111.3  1.02434158E-46
  111.4  1.02526415E-46
  111.5  1.02618666E-46
  111.6  1.02710924E-46
  111.7  1.02803175E-46
  111.8  1.0289543E-46
  111.9  1.02987685E-46
  112.  1.03079939E-46
  112.1  1.03172191E-46
  112.2  1.03264444E-46
  112.3  1.03356704E-46
  112.4  1.03448951E-46
  112.5  1.03541208E-46
  112.6  1.03633461E-46
  112.7  1.03725717E-46
  112.8  1.0381797E-46
  112.9  1.03910221E-46
  113.  1.04002475E-46
  113.1  1.04094729E-46
  113.2  1.04186985E-46
  113.3  1.04279239E-46
  113.4  1.0437149E-46
  113.5  1.04463743E-46
  113.6  1.04555999E-46
  113.7  1.04648251E-46
  113.8  1.04740502E-46
  113.9  1.04832758E-46
  114.  1.04925011E-46
  114.1  1.05017263E-46
  114.2  1.05109516E-46
  114.3  1.05201768E-46
  114.4  1.05294023E-46
  114.5  1.05386276E-46
  114.6  1.05478532E-46
  114.7  1.05570784E-46
  114.8  1.05663032E-46
  114.9  1.05755289E-46
  115.  1.05847543E-46
  115.1  1.05939791E-46
  115.2  1.06032044E-46
  115.3  1.061243E-46
  115.4  1.06216551E-46
  115.5  1.06308803E-46
  115.6  1.06401057E-46
  115.7  1.06493309E-46
  115.8  1.06585559E-46
  115.9  1.06677812E-46
  116.  1.06770068E-46
  116.1  1.06862319E-46
  116.2  1.0695457E-46
  116.3  1.07046824E-46
  116.4  1.07139075E-46
  116.5  1.07231326E-46
  116.6  1.07323581E-46
  116.7  1.07415833E-46
  116.8  1.07508084E-46
  116.9  1.07600335E-46
  117.  1.07692589E-46
  117.1  1.07784839E-46
  117.2  1.07877089E-46
  117.3  1.07969344E-46
  117.4  1.08061594E-46
  117.5  1.08153845E-46
  117.6  1.08246098E-46
  117.7  1.08338351E-46
  117.8  1.08430599E-46
  117.9  1.08522855E-46
  118.  1.08615105E-46
  118.1  1.08707357E-46
  118.2  1.08799606E-46
  118.3  1.08891861E-46
  118.4  1.08984114E-46
  118.5  1.09076361E-46
  118.6  1.09168612E-46
  118.7  1.09260865E-46
  118.8  1.09353116E-46
  118.9  1.09445366E-46
  119.  1.0953762E-46
  119.1  1.09629872E-46
  119.2  1.09722119E-46
  119.3  1.09814374E-46
  119.4  1.09906624E-46
  119.5  1.09998871E-46
  119.6  1.10091123E-46
  119.7  1.10183375E-46
  119.8  1.10275626E-46
  119.9  1.10367877E-46
  120.  1.10460127E-46
  120.1  1.10552381E-46
  120.2  1.10644629E-46
  120.3  1.10736881E-46
  120.4  1.10829128E-46
  120.5  1.10921379E-46
  120.6  1.11013631E-46
  120.7  1.11105883E-46
  120.8  1.11198134E-46
  120.9  1.11290382E-46
  121.  1.11382633E-46
  121.1  1.11474885E-46
  121.2  1.11567131E-46
  121.3  1.11659383E-46
  121.4  1.11751635E-46
  121.5  1.11843885E-46
  121.6  1.11936136E-46
  121.7  1.12028384E-46
  121.8  1.12120633E-46
  121.9  1.12212883E-46
  122.  1.12305135E-46
  122.1  1.12397383E-46
  122.2  1.12489632E-46
  122.3  1.12581882E-46
  122.4  1.12674134E-46
  122.5  1.12766384E-46
  122.6  1.12858635E-46
  122.7  1.12950883E-46
  122.8  1.13043131E-46
  122.9  1.1313538E-46
  123.  1.1322763E-46
  123.1  1.13319884E-46
  123.2  1.13412129E-46
  123.3  1.13504378E-46
  123.4  1.13596631E-46
  123.5  1.13688882E-46
  123.6  1.13781125E-46
  123.7  1.13873377E-46
  123.8  1.13965626E-46
  123.9  1.14057874E-46
  124.  1.14150126E-46
  124.1  1.14242375E-46
  124.2  1.1433462E-46
  124.3  1.14426871E-46
  124.4  1.1451912E-46
  124.5  1.14611371E-46
  124.6  1.14703619E-46
  124.7  1.1479587E-46
  124.8  1.14888117E-46
  124.9  1.14980366E-46
  125.  1.15072614E-46
  125.1  1.15164865E-46
  125.2  1.1525711E-46
  125.3  1.15349359E-46
  125.4  1.15441613E-46
  125.5  1.15533863E-46
  125.6  1.15626103E-46
  125.7  1.15718353E-46
  125.8  1.15810603E-46
  125.9  1.15902851E-46
  126.  1.15995099E-46
  126.1  1.16087349E-46
  126.2  1.16179597E-46
  126.3  1.16271845E-46
  126.4  1.1636409E-46
  126.5  1.16456345E-46
  126.6  1.16548589E-46
  126.7  1.16640839E-46
  126.8  1.16733089E-46
  126.9  1.16825336E-46
  127.  1.16917581E-46
  127.1  1.17009832E-46
  127.2  1.17102082E-46
  127.3  1.17194326E-46
  127.4  1.17286576E-46
  127.5  1.17378819E-46
  127.6  1.17471067E-46
  127.7  1.1756332E-46
  127.8  1.17655563E-46
  127.9  1.17747812E-46
  128.  1.17840055E-46
  128.1  1.17932306E-46
  128.2  1.18024557E-46
  128.3  1.18116809E-46
  128.4  1.1820905E-46
  128.5  1.18301297E-46
  128.6  1.18393545E-46
  128.7  1.18485792E-46
  128.8  1.18578037E-46
  128.9  1.18670288E-46
  129.  1.18762534E-46
  129.1  1.18854777E-46
  129.2  1.18947029E-46
  129.3  1.19039273E-46
  129.4  1.19131528E-46
  129.5  1.1922377E-46
  129.6  1.19316015E-46
  129.7  1.19408268E-46
  129.8  1.19500513E-46
  129.9  1.19592756E-46
  130.  1.19685007E-46
  130.1  1.19777251E-46
  130.2  1.19869497E-46
  130.3  1.19961749E-46
  130.4  1.20053991E-46
  130.5  1.2014624E-46
  130.6  1.20238492E-46
  130.7  1.20330733E-46
  130.8  1.20422975E-46
  130.9  1.20515227E-46
  131.  1.20607467E-46
  131.1  1.20699723E-46
  131.2  1.20791965E-46
  131.3  1.20884211E-46
  131.4  1.20976458E-46
  131.5  1.21068704E-46
  131.6  1.21160948E-46
  131.7  1.21253199E-46
  131.8  1.21345441E-46
  131.9  1.2143769E-46
  132.  1.21529941E-46
  132.1  1.21622181E-46
  132.2  1.21714427E-46
  132.3  1.21806678E-46
  132.4  1.21898918E-46
  132.5  1.21991159E-46
  132.6  1.22083415E-46
  132.7  1.22175657E-46
  132.8  1.222679E-46
  132.9  1.22360147E-46
  133.  1.22452397E-46
  133.1  1.22544646E-46
  133.2  1.22636885E-46
  133.3  1.2272913E-46
  133.4  1.22821377E-46
  133.5  1.22913624E-46
  133.6  1.23005865E-46
  133.7  1.2309812E-46
  133.8  1.23190356E-46
  133.9  1.23282603E-46
  134.  1.2337485E-46
  134.1  1.23467099E-46
  134.2  1.23559338E-46
  134.3  1.23651593E-46
  134.4  1.23743835E-46
  134.5  1.23836071E-46
  134.6  1.23928326E-46
  134.7  1.24020567E-46
  134.8  1.24112816E-46
  134.9  1.24205061E-46
  135.  1.242973E-46
  135.1  1.2438955E-46
  135.2  1.24481797E-46
  135.3  1.24574037E-46
  135.4  1.2466629E-46
  135.5  1.24758527E-46
  135.6  1.24850772E-46
  135.7  1.24943019E-46
  135.8  1.25035262E-46
  135.9  1.25127508E-46
  136.  1.25219756E-46
  136.1  1.25311996E-46
  136.2  1.25404241E-46
  136.3  1.25496486E-46
  136.4  1.25588726E-46
  136.5  1.2568098E-46
  136.6  1.25773219E-46
  136.7  1.25865464E-46
  136.8  1.25957715E-46
  136.9  1.26049953E-46
  137.  1.26142198E-46
  137.1  1.26234445E-46
  137.2  1.26326688E-46
  137.3  1.2641893E-46
  137.4  1.26511173E-46
  137.5  1.26603417E-46
  137.6  1.26695662E-46
  137.7  1.26787907E-46
  137.8  1.26880151E-46
  137.9  1.26972393E-46
  138.  1.27064639E-46
  138.1  1.27156884E-46
  138.2  1.27249134E-46
  138.3  1.27341374E-46
  138.4  1.27433618E-46
  138.5  1.27525862E-46
  138.6  1.27618103E-46
  138.7  1.27710344E-46
  138.8  1.2780259E-46
  138.9  1.27894835E-46
  139.  1.27987073E-46
  139.1  1.28079326E-46
  139.2  1.28171564E-46
  139.3  1.28263807E-46
  139.4  1.28356052E-46
  139.5  1.28448297E-46
  139.6  1.2854054E-46
  139.7  1.28632781E-46
  139.8  1.28725028E-46
  139.9  1.28817267E-46
  140.  1.28909513E-46
  140.1  1.29001756E-46
  140.2  1.29094004E-46
  140.3  1.29186243E-46
  140.4  1.29278481E-46
  140.5  1.29370731E-46
  140.6  1.29462973E-46
  140.7  1.29555214E-46
  140.8  1.29647459E-46
  140.9  1.297397E-46
  141.  1.29831942E-46
  141.1  1.29924187E-46
  141.2  1.3001643E-46
  141.3  1.30108669E-46
  141.4  1.30200914E-46
  141.5  1.30293159E-46
  141.6  1.30385399E-46
  141.7  1.30477647E-46
  141.8  1.30569887E-46
  141.9  1.30662134E-46
  142.  1.30754376E-46
  142.1  1.30846608E-46
  142.2  1.30938859E-46
  142.3  1.31031096E-46
  142.4  1.31123338E-46
  142.5  1.31215584E-46
  142.6  1.31307825E-46
  142.7  1.31400068E-46
  142.8  1.31492313E-46
  142.9  1.31584553E-46
  143.  1.31676795E-46
  143.1  1.3176904E-46
  143.2  1.31861277E-46
  143.3  1.31953519E-46
  143.4  1.32045766E-46
  143.5  1.32138003E-46
  143.6  1.32230247E-46
  143.7  1.32322488E-46
  143.8  1.32414731E-46
  143.9  1.32506977E-46
  144.  1.32599219E-46
  144.1  1.32691458E-46
  144.2  1.32783702E-46
  144.3  1.32875943E-46
  144.4  1.32968185E-46
  144.5  1.33060429E-46
  144.6  1.33152667E-46
  144.7  1.3324491E-46
  144.8  1.33337151E-46
  144.9  1.33429392E-46
  145.  1.33521632E-46
  145.1  1.3361388E-46
  145.2  1.33706113E-46
  145.3  1.33798353E-46
  145.4  1.33890603E-46
  145.5  1.3398284E-46
  145.6  1.34075089E-46
  145.7  1.34167323E-46
  145.8  1.34259562E-46
  145.9  1.34351813E-46
  146.  1.34444048E-46
  146.1  1.3453629E-46
  146.2  1.34628533E-46
  146.3  1.34720773E-46
  146.4  1.34813011E-46
  146.5  1.34905258E-46
  146.6  1.34997492E-46
  146.7  1.35089734E-46
  146.8  1.35181977E-46
  146.9  1.35274218E-46
  147.  1.35366457E-46
  147.1  1.35458701E-46
  147.2  1.35550936E-46
  147.3  1.35643184E-46
  147.4  1.35735423E-46
  147.5  1.35827663E-46
  147.6  1.35919907E-46
  147.7  1.36012146E-46
  147.8  1.36104383E-46
  147.9  1.36196627E-46
  148.  1.36288863E-46
  148.1  1.36381106E-46
  148.2  1.36473353E-46
  148.3  1.36565584E-46
  148.4  1.36657822E-46
  148.5  1.36750071E-46
  148.6  1.36842312E-46
  148.7  1.36934543E-46
  148.8  1.3702679E-46
  148.9  1.37119026E-46
  149.  1.37211274E-46
  149.1  1.37303516E-46
  149.2  1.37395751E-46
  149.3  1.37487991E-46
  149.4  1.3758023E-46
  149.5  1.37672472E-46
  149.6  1.37764715E-46
  149.7  1.37856951E-46
  149.8  1.37949192E-46
  149.9  1.38041433E-46
  150.  1.3813367E-46
  150.1  1.38225911E-46
  150.2  1.38318155E-46
  150.3  1.38410388E-46
  150.4  1.38502627E-46
  150.5  1.38594873E-46
  150.6  1.38687106E-46
  150.7  1.38779346E-46
  150.8  1.38871594E-46
  150.9  1.3896383E-46
  151.  1.39056071E-46
  151.1  1.39148313E-46
  151.2  1.39240545E-46
  151.3  1.39332788E-46
  151.4  1.3942503E-46
  151.5  1.39517262E-46
  151.6  1.39609511E-46
  151.7  1.39701744E-46
  151.8  1.39793982E-46
  151.9  1.39886227E-46
  152.  1.39978468E-46
  152.1  1.40070698E-46
  152.2  1.40162947E-46
  152.3  1.40255179E-46
  152.4  1.40347413E-46
  152.5  1.4043966E-46
  152.6  1.40531897E-46
  152.7  1.40624144E-46
  152.8  1.40716377E-46
  152.9  1.40808614E-46
  153.  1.4090086E-46
  153.1  1.40993095E-46
  153.2  1.41085329E-46
  153.3  1.41177576E-46
  153.4  1.41269813E-46
  153.5  1.4136205E-46
  153.6  1.4145429E-46
  153.7  1.41546526E-46
  153.8  1.41638762E-46
  153.9  1.41731008E-46
  154.  1.41823242E-46
  154.1  1.41915483E-46
  154.2  1.42007724E-46
  154.3  1.42099959E-46
  154.4  1.42192196E-46
  154.5  1.42284437E-46
  154.6  1.42376673E-46
  154.7  1.42468918E-46
  154.8  1.42561149E-46
  154.9  1.42653387E-46
  155.  1.42745629E-46
  155.1  1.42837867E-46
  155.2  1.42930104E-46
  155.3  1.43022343E-46
  155.4  1.43114583E-46
  155.5  1.43206817E-46
  155.6  1.43299057E-46
  155.7  1.43391299E-46
  155.8  1.4348353E-46
  155.9  1.43575772E-46
  156.  1.4366801E-46
  156.1  1.43760248E-46
  156.2  1.43852487E-46
  156.3  1.43944719E-46
  156.4  1.44036961E-46
  156.5  1.44129198E-46
  156.6  1.44221438E-46
  156.7  1.44313678E-46
  156.8  1.44405916E-46
  156.9  1.44498153E-46
  157.  1.44590395E-46
  157.1  1.44682626E-46
  157.2  1.44774864E-46
  157.3  1.44867101E-46
  157.4  1.44959339E-46
  157.5  1.45051574E-46
  157.6  1.45143813E-46
  157.7  1.45236047E-46
  157.8  1.45328285E-46
  157.9  1.45420526E-46
  158.  1.45512763E-46
  158.1  1.45605001E-46
  158.2  1.45697237E-46
  158.3  1.45789477E-46
  158.4  1.45881714E-46
  158.5  1.45973954E-46
  158.6  1.46066184E-46
  158.7  1.46158428E-46
  158.8  1.4625066E-46
  158.9  1.46342894E-46
  159.  1.46435139E-46
  159.1  1.46527372E-46
  159.2  1.46619605E-46
  159.3  1.46711848E-46
  159.4  1.4680408E-46
  159.5  1.46896315E-46
  159.6  1.46988563E-46
  159.7  1.47080791E-46
  159.8  1.47173037E-46
  159.9  1.4726527E-46
  160.  1.47357502E-46
  160.1  1.47449746E-46
  160.2  1.47541977E-46
  160.3  1.47634213E-46
  160.4  1.47726456E-46
  160.5  1.47818688E-46
  160.6  1.47910924E-46
  160.7  1.48003165E-46
  160.8  1.48095396E-46
  160.9  1.48187636E-46
  161.  1.48279874E-46
  161.1  1.48372106E-46
  161.2  1.48464338E-46
  161.3  1.48556582E-46
  161.4  1.48648822E-46
  161.5  1.48741058E-46
  161.6  1.48833293E-46
  161.7  1.48925521E-46
  161.8  1.49017766E-46
  161.9  1.49109996E-46
  162.  1.49202232E-46
  162.1  1.49294471E-46
  162.2  1.49386704E-46
  162.3  1.49478937E-46
  162.4  1.49571181E-46
  162.5  1.49663416E-46
  162.6  1.49755647E-46
  162.7  1.49847889E-46
  162.8  1.49940125E-46
  162.9  1.50032354E-46
  163.  1.50124596E-46
  163.1  1.50216829E-46
  163.2  1.50309067E-46
  163.3  1.50401301E-46
  163.4  1.5049354E-46
  163.5  1.50585777E-46
  163.6  1.50678011E-46
  163.7  1.50770243E-46
  163.8  1.50862483E-46
  163.9  1.50954718E-46
  164.  1.51046951E-46
  164.1  1.51139189E-46
  164.2  1.51231424E-46
  164.3  1.51323661E-46
  164.4  1.51415897E-46
  164.5  1.51508126E-46
  164.6  1.51600364E-46
  164.7  1.516926E-46
  164.8  1.51784834E-46
  164.9  1.51877069E-46
  165.  1.51969307E-46
  165.1  1.52061545E-46
  165.2  1.52153781E-46
  165.3  1.52246008E-46
  165.4  1.52338242E-46
  165.5  1.52430484E-46
  165.6  1.52522717E-46
  165.7  1.52614953E-46
  165.8  1.52707192E-46
  165.9  1.52799421E-46
  166.  1.52891658E-46
  166.1  1.52983893E-46
  166.2  1.53076127E-46
  166.3  1.53168359E-46
  166.4  1.53260599E-46
  166.5  1.53352833E-46
  166.6  1.53445064E-46
  166.7  1.53537301E-46
  166.8  1.53629538E-46
  166.9  1.53721776E-46
  167.  1.5381401E-46
  167.1  1.53906238E-46
  167.2  1.5399848E-46
  167.3  1.54090711E-46
  167.4  1.54182943E-46
  167.5  1.54275185E-46
  167.6  1.54367412E-46
  167.7  1.54459642E-46
  167.8  1.54551884E-46
  167.9  1.54644114E-46
  168.  1.54736346E-46
  168.1  1.5482859E-46
  168.2  1.54920818E-46
  168.3  1.55013048E-46
  168.4  1.55105292E-46
  168.5  1.55197522E-46
  168.6  1.55289756E-46
  168.7  1.55381993E-46
  168.8  1.55474228E-46
  168.9  1.55566466E-46
  169.  1.55658693E-46
  169.1  1.55750923E-46
  169.2  1.55843161E-46
  169.3  1.55935394E-46
  169.4  1.56027626E-46
  169.5  1.56119865E-46
  169.6  1.56212095E-46
  169.7  1.56304331E-46
  169.8  1.5639657E-46
  169.9  1.56488798E-46
  170.  1.56581032E-46
