  0.1  0.
  0.2  0.
  0.3  0.
  0.4  0.
  0.5  0.
  0.6  0.
  0.7  0.
  0.8  0.
  0.9  0.
  1.  0.
  1.1  0.
  1.2  0.
  1.3  0.
  1.4  0.
  1.5  0.
  1.6  0.
  1.7  0.
  1.8  0.
  1.9  0.
  2.  0.
  2.1  0.
  2.2  0.
  2.3  0.
  2.4  0.
  2.5  0.
  2.6  0.
  2.7  0.
  2.8  0.
  2.9  0.
  3.  0.
  3.1  0.
  3.2  0.
  3.3  0.
  3.4  0.
  3.5  0.
  3.6  0.
  3.7  0.
  3.8  0.
  3.9  0.
  4.  0.
  4.1  0.
  4.2  0.
  4.3  0.
  4.4  0.
  4.5  0.
  4.6  0.
  4.7  0.
  4.8  0.
  4.9  0.
  5.  0.
  5.1  0.
  5.2  0.
  5.3  0.
  5.4  0.
  5.5  0.
  5.6  0.
  5.7  0.
  5.8  0.
  5.9  0.
  6.  0.
  6.1  0.
  6.2  0.
  6.3  0.
  6.4  0.
  6.5  0.
  6.6  0.
  6.7  0.
  6.8  0.
  6.9  0.
  7.  0.
  7.1  0.
  7.2  0.
  7.3  0.
  7.4  0.
  7.5  0.
  7.6  0.
  7.7  0.
  7.8  0.
  7.9  0.
  8.  0.
  8.1  0.
  8.2  0.
  8.3  0.
  8.4  0.
  8.5  0.
  8.6  0.
  8.7  0.
  8.8  0.
  8.9  0.
  9.  0.
  9.1  0.
  9.2  0.
  9.3  0.
  9.4  0.
  9.5  0.
  9.6  0.
  9.7  0.
  9.8  0.
  9.9  0.
  10.  0.
  10.1  0.
  10.2  0.
  10.3  0.
  10.4  0.
  10.5  0.
  10.6  0.
  10.7  0.
  10.8  0.
  10.9  0.
  11.  0.
  11.1  0.
  11.2  0.
  11.3  0.
  11.4  0.
  11.5  0.
  11.6  0.
  11.7  0.
  11.8  0.
  11.9  0.
  12.  0.
  12.1  0.
  12.2  0.
  12.3  0.
  12.4  0.
  12.5  0.
  12.6  0.
  12.7  0.
  12.8  0.
  12.9  0.
  13.  0.
  13.1  0.
  13.2  0.
  13.3  0.
  13.4  0.
  13.5  0.
  13.6  0.
  13.7  0.
  13.8  0.
  13.9  0.
  14.  0.
  14.1  0.
  14.2  0.
  14.3  0.
  14.4  0.
  14.5  0.
  14.6  0.
  14.7  0.
  14.8  0.
  14.9  0.
  15.  0.
  15.1  2.9531477E-56
  15.2  4.72503632E-55
  15.3  2.39204964E-54
  15.4  7.56005811E-54
  15.5  1.84571731E-53
  15.6  3.82727942E-53
  15.7  7.09050763E-53
  15.8  1.2096093E-52
  15.9  1.93756021E-52
  16.  2.9531477E-52
  16.1  4.32370355E-52
  16.2  6.12364707E-52
  16.3  8.43448514E-52
  16.4  1.13448122E-51
  16.5  1.49503102E-51
  16.6  1.93537488E-51
  16.7  2.46649849E-51
  16.8  3.10009633E-51
  16.9  3.84857161E-51
  17.  4.72503632E-51
  17.1  5.74331118E-51
  17.2  6.91792567E-51
  17.3  8.26411805E-51
  17.4  9.79783531E-51
  17.5  1.15357332E-50
  17.6  1.34951762E-50
  17.7  1.56942377E-50
  17.8  1.81516995E-50
  17.9  2.08870526E-50
  18.  2.39204964E-50
  18.1  2.72729392E-50
  18.2  3.0965998E-50
  18.3  3.50219987E-50
  18.4  3.94639758E-50
  18.5  4.43156727E-50
  18.6  4.96015413E-50
  18.7  5.53467425E-50
  18.8  6.15771458E-50
  18.9  6.83193297E-50
  19.  7.56005811E-50
  19.1  8.3448896E-50
  19.2  9.18929788E-50
  19.3  1.00962243E-49
  19.4  1.10686811E-49
  19.5  1.21097513E-49
  19.6  1.32225889E-49
  19.7  1.44104187E-49
  19.8  1.56765365E-49
  19.9  1.70243088E-49
  20.  1.84571731E-49
  20.1  1.99786378E-49
  20.2  2.1592282E-49
  20.3  2.33017558E-49
  20.4  2.51107803E-49
  20.5  2.70231472E-49
  20.6  2.90427192E-49
  20.7  3.11734301E-49
  20.8  3.34192841E-49
  20.9  3.57843568E-49
  21.  3.82727942E-49
  21.1  4.08888135E-49
  21.2  4.36367027E-49
  21.3  4.65208205E-49
  21.4  4.95455968E-49
  21.5  5.27155321E-49
  21.6  5.6035198E-49
  21.7  5.95092366E-49
  21.8  6.31423613E-49
  21.9  6.69393562E-49
  22.  7.09050763E-49
  22.1  7.50444473E-49
  22.2  7.9362466E-49
  22.3  8.38642001E-49
  22.4  8.85547879E-49
  22.5  9.34394389E-49
  22.6  9.85234333E-49
  22.7  1.03812122E-48
  22.8  1.09310927E-48
  22.9  1.15025342E-48
  23.  1.2096093E-48
  23.1  1.27123325E-48
  23.2  1.33518234E-48
  23.3  1.40151431E-48
  23.4  1.47028766E-48
  23.5  1.54156156E-48
  23.6  1.61539589E-48
  23.7  1.69185126E-48
  23.8  1.77098897E-48
  23.9  1.85287105E-48
  24.  1.93756021E-48
  24.1  2.02511988E-48
  24.2  2.11561422E-48
  24.3  2.20910807E-48
  24.4  2.30566699E-48
  24.5  2.40535726E-48
  24.6  2.50824584E-48
  24.7  2.61440043E-48
  24.8  2.72388941E-48
  24.9  2.8367819E-48
  25.  2.9531477E-48
  25.1  3.07305734E-48
  25.2  3.19658204E-48
  25.3  3.32379375E-48
  25.4  3.45476511E-48
  25.5  3.58956949E-48
  25.6  3.72828093E-48
  25.7  3.87097422E-48
  25.8  4.01772484E-48
  25.9  4.16860898E-48
  26.  4.32370355E-48
  26.1  4.48308614E-48
  26.2  4.64683508E-48
  26.3  4.81502939E-48
  26.4  4.98774881E-48
  26.5  5.16507378E-48
  26.6  5.34708546E-48
  26.7  5.5338657E-48
  26.8  5.72549708E-48
  26.9  5.92206287E-48
  27.  6.12364707E-48
  27.1  6.33033436E-48
  27.2  6.54221016E-48
  27.3  6.75936057E-48
  27.4  6.98187243E-48
  27.5  7.20983325E-48
  27.6  7.44333129E-48
  27.7  7.68245548E-48
  27.8  7.92729549E-48
  27.9  8.17794169E-48
  28.  8.43448514E-48
  28.1  8.69701764E-48
  28.2  8.96563167E-48
  28.3  9.24042044E-48
  28.4  9.52147786E-48
  28.5  9.80889854E-48
  28.6  1.01027778E-47
  28.7  1.04032117E-47
  28.8  1.0710297E-47
  28.9  1.10241311E-47
  29.  1.13448122E-47
  29.1  1.16724392E-47
  29.2  1.20071116E-47
  29.3  1.23489297E-47
  29.4  1.26979946E-47
  29.5  1.30544079E-47
  29.6  1.3418272E-47
  29.7  1.37896901E-47
  29.8  1.41687661E-47
  29.9  1.45556043E-47
  30.  1.49503102E-47
  30.1  1.53529897E-47
  30.2  1.57637493E-47
  30.3  1.61826966E-47
  30.4  1.66099395E-47
  30.5  1.7045587E-47
  30.6  1.74897484E-47
  30.7  1.7942534E-47
  30.8  1.84040547E-47
  30.9  1.88744222E-47
  31.  1.93537488E-47
  31.1  1.98421474E-47
  31.2  2.0339732E-47
  31.3  2.08466169E-47
  31.4  2.13629174E-47
  31.5  2.18887492E-47
  31.6  2.2424229E-47
  31.7  2.29694742E-47
  31.8  2.35246026E-47
  31.9  2.4089733E-47
  32.  2.46649849E-47
  32.1  2.52504784E-47
  32.2  2.58463342E-47
  32.3  2.64526741E-47
  32.4  2.70696201E-47
  32.5  2.76972954E-47
  32.6  2.83358236E-47
  32.7  2.8985329E-47
  32.8  2.96459367E-47
  32.9  3.03177727E-47
  33.  3.10009633E-47
  33.1  3.16956358E-47
  33.2  3.24019181E-47
  33.3  3.31199389E-47
  33.4  3.38498275E-47
  33.5  3.4591714E-47
  33.6  3.53457292E-47
  33.7  3.61120044E-47
  33.8  3.68906719E-47
  33.9  3.76818646E-47
  34.  3.84857161E-47
  34.1  3.93023607E-47
  34.2  4.01319334E-47
  34.3  4.097457E-47
  34.4  4.18304068E-47
  34.5  4.2699581E-47
  34.6  4.35822306E-47
  34.7  4.44784939E-47
  34.8  4.53885103E-47
  34.9  4.63124199E-47
  35.  4.72503632E-47
  35.1  4.82024817E-47
  35.2  4.91689174E-47
  35.3  5.01498132E-47
  35.4  5.11453127E-47
  35.5  5.215556E-47
  35.6  5.31807E-47
  35.7  5.42208785E-47
  35.8  5.52762418E-47
  35.9  5.6346937E-47
  36.  5.74331118E-47
  36.1  5.85349147E-47
  36.2  5.96524949E-47
  36.3  6.07860023E-47
  36.4  6.19355875E-47
  36.5  6.31014019E-47
  36.6  6.42835975E-47
  36.7  6.54823269E-47
  36.8  6.66977437E-47
  36.9  6.79300021E-47
  37.  6.91792567E-47
  37.1  7.04456634E-47
  37.2  7.17293782E-47
  37.3  7.30305583E-47
  37.4  7.43493612E-47
  37.5  7.56859455E-47
  37.6  7.70404702E-47
  37.7  7.84130952E-47
  37.8  7.9803981E-47
  37.9  8.12132888E-47
  38.  8.26411805E-47
  38.1  8.40878189E-47
  38.2  8.55533674E-47
  38.3  8.70379899E-47
  38.4  8.85418512E-47
  38.5  9.0065117E-47
  38.6  9.16079533E-47
  38.7  9.31705271E-47
  38.8  9.4753006E-47
  38.9  9.63555583E-47
  39.  9.79783531E-47
  39.1  9.96215601E-47
  39.2  1.0128535E-46
  39.3  1.02969893E-46
  39.4  1.04675363E-46
  39.5  1.0640193E-46
  39.6  1.08149769E-46
  39.7  1.09919054E-46
  39.8  1.11709959E-46
  39.9  1.13522659E-46
  40.  1.15357332E-46
  40.1  1.17214153E-46
  40.2  1.19093301E-46
  40.3  1.20994952E-46
  40.4  1.22919288E-46
  40.5  1.24866486E-46
  40.6  1.26836728E-46
  40.7  1.28830194E-46
  40.8  1.30847067E-46
  40.9  1.32887529E-46
  41.  1.34951762E-46
  41.1  1.37039952E-46
  41.2  1.39152282E-46
  41.3  1.41288939E-46
  41.4  1.43450107E-46
  41.5  1.45635974E-46
  41.6  1.47846727E-46
  41.7  1.50082555E-46
  41.8  1.52343646E-46
  41.9  1.5463019E-46
  42.  1.56942377E-46
  42.1  1.59280398E-46
  42.2  1.61644445E-46
  42.3  1.64034711E-46
  42.4  1.66451387E-46
  42.5  1.6889467E-46
  42.6  1.71364752E-46
  42.7  1.73861829E-46
  42.8  1.76386098E-46
  42.9  1.78937754E-46
  43.  1.81516995E-46
  43.1  1.8412402E-46
  43.2  1.86759027E-46
  43.3  1.89422215E-46
  43.4  1.92113785E-46
  43.5  1.94833938E-46
  43.6  1.97582875E-46
  43.7  2.00360799E-46
  43.8  2.03167913E-46
  43.9  2.0600442E-46
  44.  2.08870526E-46
  44.1  2.11766434E-46
  44.2  2.14692352E-46
  44.3  2.17648486E-46
  44.4  2.20635042E-46
  44.5  2.2365223E-46
  44.6  2.26700257E-46
  44.7  2.29779334E-46
  44.8  2.3288967E-46
  44.9  2.36031476E-46
  45.  2.39204964E-46
  45.1  2.42410346E-46
  45.2  2.45647835E-46
  45.3  2.48917644E-46
  45.4  2.52219989E-46
  45.5  2.55555084E-46
  45.6  2.58923145E-46
  45.7  2.62324389E-46
  45.8  2.65759033E-46
  45.9  2.69227294E-46
  46.  2.72729392E-46
  46.1  2.76265545E-46
  46.2  2.79835974E-46
  46.3  2.834409E-46
  46.4  2.87080544E-46
  46.5  2.90755128E-46
  46.6  2.94464876E-46
  46.7  2.9821001E-46
  46.8  3.01990755E-46
  46.9  3.05807337E-46
  47.  3.0965998E-46
  47.1  3.13548912E-46
  47.2  3.17474359E-46
  47.3  3.2143655E-46
  47.4  3.25435712E-46
  47.5  3.29472076E-46
  47.6  3.33545871E-46
  47.7  3.37657328E-46
  47.8  3.41806678E-46
  47.9  3.45994153E-46
  48.  3.50219987E-46
  48.1  3.54484413E-46
  48.2  3.58787665E-46
  48.3  3.63129977E-46
  48.4  3.67511587E-46
  48.5  3.71932729E-46
  48.6  3.76393641E-46
  48.7  3.80894562E-46
  48.8  3.85435728E-46
  48.9  3.90017381E-46
  49.  3.94639758E-46
  49.1  3.99303102E-46
  49.2  4.04007654E-46
  49.3  4.08753655E-46
  49.4  4.13541348E-46
  49.5  4.18370976E-46
  49.6  4.23242785E-46
  49.7  4.28157019E-46
  49.8  4.33113922E-46
  49.9  4.38113743E-46
  50.  4.43156727E-46
  50.1  4.48243122E-46
  50.2  4.53373177E-46
  50.3  4.58547141E-46
  50.4  4.63765264E-46
  50.5  4.69027795E-46
  50.6  4.74334988E-46
  50.7  4.79687093E-46
  50.8  4.85084363E-46
  50.9  4.90527051E-46
  51.  4.96015413E-46
  51.1  5.01549701E-46
  51.2  5.07130173E-46
  51.3  5.12757083E-46
  51.4  5.1843069E-46
  51.5  5.2415125E-46
  51.6  5.29919023E-46
  51.7  5.35734266E-46
  51.8  5.41597241E-46
  51.9  5.47508206E-46
  52.  5.53467425E-46
  52.1  5.59475157E-46
  52.2  5.65531666E-46
  52.3  5.71637216E-46
  52.4  5.7779207E-46
  52.5  5.83996493E-46
  52.6  5.90250751E-46
  52.7  5.96555109E-46
  52.8  6.02909834E-46
  52.9  6.09315194E-46
  53.  6.15771458E-46
  53.1  6.22278894E-46
  53.2  6.28837772E-46
  53.3  6.35448362E-46
  53.4  6.42110935E-46
  53.5  6.48825763E-46
  53.6  6.5559312E-46
  53.7  6.62413277E-46
  53.8  6.69286509E-46
  53.9  6.7621309E-46
  54.  6.83193297E-46
  54.1  6.90227404E-46
  54.2  6.97315689E-46
  54.3  7.04458429E-46
  54.4  7.11655902E-46
  54.5  7.18908388E-46
  54.6  7.26216166E-46
  54.7  7.33579515E-46
  54.8  7.40998718E-46
  54.9  7.48474056E-46
  55.  7.56005811E-46
  55.1  7.63594267E-46
  55.2  7.71239707E-46
  55.3  7.78942415E-46
  55.4  7.86702679E-46
  55.5  7.94520782E-46
  55.6  8.02397012E-46
  55.7  8.10331656E-46
  55.8  8.18325003E-46
  55.9  8.26377341E-46
  56.  8.3448896E-46
  56.1  8.42660149E-46
  56.2  8.50891201E-46
  56.3  8.59182406E-46
  56.4  8.67534057E-46
  56.5  8.75946447E-46
  56.6  8.84419869E-46
  56.7  8.92954619E-46
  56.8  9.01550992E-46
  56.9  9.10209283E-46
  57.  9.18929788E-46
  57.1  9.27712806E-46
  57.2  9.36558635E-46
  57.3  9.45467572E-46
  57.4  9.54439918E-46
  57.5  9.63475973E-46
  57.6  9.72576037E-46
  57.7  9.81740412E-46
  57.8  9.90969401E-46
  57.9  1.00026331E-45
  58.  1.00962243E-45
  58.1  1.01904708E-45
  58.2  1.02853756E-45
  58.3  1.03809417E-45
  58.4  1.04771723E-45
  58.5  1.05740704E-45
  58.6  1.0671639E-45
  58.7  1.07698813E-45
  58.8  1.08688003E-45
  58.9  1.09683992E-45
  59.  1.10686811E-45
  59.1  1.1169649E-45
  59.2  1.12713061E-45
  59.3  1.13736556E-45
  59.4  1.14767005E-45
  59.5  1.1580444E-45
  59.6  1.16848893E-45
  59.7  1.17900395E-45
  59.8  1.18958978E-45
  59.9  1.20024673E-45
  60.  1.21097513E-45
  60.1  1.22177529E-45
  60.2  1.23264752E-45
  60.3  1.24359216E-45
  60.4  1.25460952E-45
  60.5  1.26569993E-45
  60.6  1.2768637E-45
  60.7  1.28810115E-45
  60.8  1.29941262E-45
  60.9  1.31079842E-45
  61.  1.32225889E-45
  61.1  1.33379434E-45
  61.2  1.3454051E-45
  61.3  1.35709151E-45
  61.4  1.36885388E-45
  61.5  1.38069255E-45
  61.6  1.39260784E-45
  61.7  1.40460009E-45
  61.8  1.41666962E-45
  61.9  1.42881677E-45
  62.  1.44104187E-45
  62.1  1.45334525E-45
  62.2  1.46572725E-45
  62.3  1.4781882E-45
  62.4  1.49072843E-45
  62.5  1.50334829E-45
  62.6  1.5160481E-45
  62.7  1.5288282E-45
  62.8  1.54168893E-45
  62.9  1.55463064E-45
  63.  1.56765365E-45
  63.1  1.58075831E-45
  63.2  1.59394496E-45
  63.3  1.60721394E-45
  63.4  1.6205656E-45
  63.5  1.63400027E-45
  63.6  1.64751829E-45
  63.7  1.66112002E-45
  63.8  1.6748058E-45
  63.9  1.68857597E-45
  64.  1.70243088E-45
  64.1  1.71637088E-45
  64.2  1.73039631E-45
  64.3  1.74450752E-45
  64.4  1.75870486E-45
  64.5  1.77298869E-45
  64.6  1.78735934E-45
  64.7  1.80181718E-45
  64.8  1.81636255E-45
  64.9  1.83099581E-45
  65.  1.84571731E-45
  65.1  1.86052741E-45
  65.2  1.87542645E-45
  65.3  1.8904148E-45
  65.4  1.90549281E-45
  65.5  1.92066084E-45
  65.6  1.93591924E-45
  65.7  1.95126837E-45
  65.8  1.9667086E-45
  65.9  1.98224028E-45
  66.  1.99786378E-45
  66.1  2.01357944E-45
  66.2  2.02938765E-45
  66.3  2.04528875E-45
  66.4  2.06128311E-45
  66.5  2.0773711E-45
  66.6  2.09355307E-45
  66.7  2.1098294E-45
  66.8  2.12620046E-45
  66.9  2.1426666E-45
  67.  2.1592282E-45
  67.1  2.17588562E-45
  67.2  2.19263923E-45
  67.3  2.20948941E-45
  67.4  2.22643652E-45
  67.5  2.24348093E-45
  67.6  2.26062302E-45
  67.7  2.27786315E-45
  67.8  2.29520171E-45
  67.9  2.31263906E-45
  68.  2.33017558E-45
  68.1  2.34781165E-45
  68.2  2.36554763E-45
  68.3  2.38338392E-45
  68.4  2.40132088E-45
  68.5  2.41935889E-45
  68.6  2.43749833E-45
  68.7  2.45573959E-45
  68.8  2.47408303E-45
  68.9  2.49252905E-45
  69.  2.51107803E-45
  69.1  2.52973034E-45
  69.2  2.54848637E-45
  69.3  2.5673465E-45
  69.4  2.58631112E-45
  69.5  2.60538061E-45
  69.6  2.62455537E-45
  69.7  2.64383577E-45
  69.8  2.6632222E-45
  69.9  2.68271505E-45
  70.  2.70231472E-45
  70.1  2.72202158E-45
  70.2  2.74183603E-45
  70.3  2.76175846E-45
  70.4  2.78178927E-45
  70.5  2.80192884E-45
  70.6  2.82217756E-45
  70.7  2.84253584E-45
  70.8  2.86300406E-45
  70.9  2.88358262E-45
  71.  2.90427192E-45
  71.1  2.92507236E-45
  71.2  2.94598432E-45
  71.3  2.96700821E-45
  71.4  2.98814443E-45
  71.5  3.00939337E-45
  71.6  3.03075544E-45
  71.7  3.05223104E-45
  71.8  3.07382056E-45
  71.9  3.09552442E-45
  72.  3.11734301E-45
  72.1  3.13927673E-45
  72.2  3.161326E-45
  72.3  3.18349122E-45
  72.4  3.20577279E-45
  72.5  3.22817111E-45
  72.6  3.25068661E-45
  72.7  3.27331968E-45
  72.8  3.29607073E-45
  72.9  3.31894017E-45
  73.  3.34192841E-45
  73.1  3.36503587E-45
  73.2  3.38826295E-45
  73.3  3.41161007E-45
  73.4  3.43507763E-45
  73.5  3.45866606E-45
  73.6  3.48237577E-45
  73.7  3.50620717E-45
  73.8  3.53016067E-45
  73.9  3.5542367E-45
  74.  3.57843568E-45
  74.1  3.60275801E-45
  74.2  3.62720411E-45
  74.3  3.65177442E-45
  74.4  3.67646934E-45
  74.5  3.7012893E-45
  74.6  3.72623471E-45
  74.7  3.75130601E-45
  74.8  3.77650361E-45
  74.9  3.80182794E-45
  75.  3.82727942E-45
  75.1  3.85285847E-45
  75.2  3.87856553E-45
  75.3  3.90440101E-45
  75.4  3.93036535E-45
  75.5  3.95645898E-45
  75.6  3.98268231E-45
  75.7  4.00903578E-45
  75.8  4.03551983E-45
  75.9  4.06213487E-45
  76.  4.08888135E-45
  76.1  4.11575969E-45
  76.2  4.14277033E-45
  76.3  4.1699137E-45
  76.4  4.19719023E-45
  76.5  4.22460036E-45
  76.6  4.25214452E-45
  76.7  4.27982316E-45
  76.8  4.3076367E-45
  76.9  4.33558559E-45
  77.  4.36367027E-45
  77.1  4.39189116E-45
  77.2  4.42024872E-45
  77.3  4.44874338E-45
  77.4  4.47737559E-45
  77.5  4.50614578E-45
  77.6  4.5350544E-45
  77.7  4.5641019E-45
  77.8  4.59328871E-45
  77.9  4.62261528E-45
  78.  4.65208205E-45
  78.1  4.68168948E-45
  78.2  4.71143801E-45
  78.3  4.74132809E-45
  78.4  4.77136016E-45
  78.5  4.80153468E-45
  78.6  4.83185208E-45
  78.7  4.86231284E-45
  78.8  4.89291739E-45
  78.9  4.92366619E-45
  79.  4.95455968E-45
  79.1  4.98559833E-45
  79.2  5.01678259E-45
  79.3  5.04811291E-45
  79.4  5.07958975E-45
  79.5  5.11121356E-45
  79.6  5.1429848E-45
  79.7  5.17490392E-45
  79.8  5.2069714E-45
  79.9  5.23918767E-45
  80.  5.27155321E-45
  80.1  5.30406848E-45
  80.2  5.33673393E-45
  80.3  5.36955003E-45
  80.4  5.40251724E-45
  80.5  5.43563603E-45
  80.6  5.46890685E-45
  80.7  5.50233017E-45
  80.8  5.53590645E-45
  80.9  5.56963618E-45
  81.  5.6035198E-45
  81.1  5.63755778E-45
  81.2  5.67175061E-45
  81.3  5.70609873E-45
  81.4  5.74060263E-45
  81.5  5.77526278E-45
  81.6  5.81007964E-45
  81.7  5.84505368E-45
  81.8  5.88018538E-45
  81.9  5.91547522E-45
  82.  5.95092366E-45
  82.1  5.98653118E-45
  82.2  6.02229826E-45
  82.3  6.05822537E-45
  82.4  6.09431299E-45
  82.5  6.13056159E-45
  82.6  6.16697165E-45
  82.7  6.20354366E-45
  82.8  6.24027809E-45
  82.9  6.27717542E-45
  83.  6.31423613E-45
  83.1  6.35146071E-45
  83.2  6.38884964E-45
  83.3  6.42640339E-45
  83.4  6.46412246E-45
  83.5  6.50200732E-45
  83.6  6.54005847E-45
  83.7  6.57827639E-45
  83.8  6.61666156E-45
  83.9  6.65521448E-45
  84.  6.69393562E-45
  84.1  6.73282549E-45
  84.2  6.77188456E-45
  84.3  6.81111333E-45
  84.4  6.8505123E-45
  84.5  6.89008194E-45
  84.6  6.92982276E-45
  84.7  6.96973524E-45
  84.8  7.00981988E-45
  84.9  7.05007718E-45
  85.  7.09050763E-45
  85.1  7.13111172E-45
  85.2  7.17188995E-45
  85.3  7.21284282E-45
  85.4  7.25397083E-45
  85.5  7.29527448E-45
  85.6  7.33675425E-45
  85.7  7.37841067E-45
  85.8  7.42024422E-45
  85.9  7.4622554E-45
  86.  7.50444473E-45
  86.1  7.54681269E-45
  86.2  7.58935981E-45
  86.3  7.63208657E-45
  86.4  7.67499348E-45
  86.5  7.71808106E-45
  86.6  7.76134981E-45
  86.7  7.80480022E-45
  86.8  7.84843282E-45
  86.9  7.89224811E-45
  87.  7.9362466E-45
  87.1  7.9804288E-45
  87.2  8.02479522E-45
  87.3  8.06934637E-45
  87.4  8.11408276E-45
  87.5  8.15900491E-45
  87.6  8.20411333E-45
  87.7  8.24940854E-45
  87.8  8.29489104E-45
  87.9  8.34056136E-45
  88.  8.38642001E-45
  88.1  8.4324675E-45
  88.2  8.47870437E-45
  88.3  8.52513111E-45
  88.4  8.57174826E-45
  88.5  8.61855633E-45
  88.6  8.66555585E-45
  88.7  8.71274733E-45
  88.8  8.7601313E-45
  88.9  8.80770828E-45
  89.  8.85547879E-45
  89.1  8.90344336E-45
  89.2  8.95160251E-45
  89.3  8.99995677E-45
  89.4  9.04850666E-45
  89.5  9.09725272E-45
  89.6  9.14619546E-45
  89.7  9.19533542E-45
  89.8  9.24467312E-45
  89.9  9.2942091E-45
  90.  9.34394389E-45
  90.1  9.39387802E-45
  90.2  9.44401201E-45
  90.3  9.49434641E-45
  90.4  9.54488174E-45
  90.5  9.59561854E-45
  90.6  9.64655735E-45
  90.7  9.69769869E-45
  90.8  9.74904311E-45
  90.9  9.80059115E-45
  91.  9.85234333E-45
  91.1  9.9043002E-45
  91.2  9.9564623E-45
  91.3  1.00088302E-44
  91.4  1.00614043E-44
  91.5  1.01141854E-44
  91.6  1.01671738E-44
  91.7  1.02203701E-44
  91.8  1.0273775E-44
  91.9  1.03273888E-44
  92.  1.03812122E-44
  92.1  1.04352457E-44
  92.2  1.04894899E-44
  92.3  1.05439453E-44
  92.4  1.05986124E-44
  92.5  1.06534919E-44
  92.6  1.07085841E-44
  92.7  1.07638898E-44
  92.8  1.08194094E-44
  92.9  1.08751436E-44
  93.  1.09310927E-44
  93.1  1.09872575E-44
  93.2  1.10436385E-44
  93.3  1.11002361E-44
  93.4  1.1157051E-44
  93.5  1.12140838E-44
  93.6  1.12713349E-44
  93.7  1.13288049E-44
  93.8  1.13864944E-44
  93.9  1.1444404E-44
  94.  1.15025342E-44
  94.1  1.15608856E-44
  94.2  1.16194586E-44
  94.3  1.1678254E-44
  94.4  1.17372722E-44
  94.5  1.17965139E-44
  94.6  1.18559795E-44
  94.7  1.19156696E-44
  94.8  1.19755849E-44
  94.9  1.20357258E-44
  95.  1.2096093E-44
  95.1  1.21566869E-44
  95.2  1.22175083E-44
  95.3  1.22785575E-44
  95.4  1.23398353E-44
  95.5  1.24013422E-44
  95.6  1.24630786E-44
  95.7  1.25250454E-44
  95.8  1.25872429E-44
  95.9  1.26496717E-44
  96.  1.27123325E-44
  96.1  1.27752258E-44
  96.2  1.28383522E-44
  96.3  1.29017122E-44
  96.4  1.29653065E-44
  96.5  1.30291356E-44
  96.6  1.30932E-44
  96.7  1.31575005E-44
  96.8  1.32220375E-44
  96.9  1.32868116E-44
  97.  1.33518234E-44
  97.1  1.34170734E-44
  97.2  1.34825624E-44
  97.3  1.35482908E-44
  97.4  1.36142592E-44
  97.5  1.36804683E-44
  97.6  1.37469185E-44
  97.7  1.38136105E-44
  97.8  1.38805449E-44
  97.9  1.39477223E-44
  98.  1.40151431E-44
  98.1  1.40828082E-44
  98.2  1.41507179E-44
  98.3  1.4218873E-44
  98.4  1.42872739E-44
  98.5  1.43559213E-44
  98.6  1.44248159E-44
  98.7  1.44939581E-44
  98.8  1.45633485E-44
  98.9  1.46329878E-44
  99.  1.47028766E-44
  99.1  1.47730154E-44
  99.2  1.48434049E-44
  99.3  1.49140456E-44
  99.4  1.49849382E-44
  99.5  1.50560831E-44
  99.6  1.51274812E-44
  99.7  1.51991328E-44
  99.8  1.52710387E-44
  99.9  1.53431994E-44
  100.  1.54156156E-44
  100.1  1.54882878E-44
  100.2  1.55612166E-44
  100.3  1.56344027E-44
  100.4  1.57078466E-44
  100.5  1.5781549E-44
  100.6  1.58555104E-44
  100.7  1.59297315E-44
  100.8  1.60042129E-44
  100.9  1.60789551E-44
  101.  1.61539589E-44
  101.1  1.62292247E-44
  101.2  1.63047533E-44
  101.3  1.63805452E-44
  101.4  1.6456601E-44
  101.5  1.65329213E-44
  101.6  1.66095068E-44
  101.7  1.66863581E-44
  101.8  1.67634757E-44
  101.9  1.68408603E-44
  102.  1.69185126E-44
  102.1  1.69964331E-44
  102.2  1.70746224E-44
  102.3  1.71530812E-44
  102.4  1.72318101E-44
  102.5  1.73108096E-44
  102.6  1.73900805E-44
  102.7  1.74696234E-44
  102.8  1.75494388E-44
  102.9  1.76295273E-44
  103.  1.77098897E-44
  103.1  1.77905265E-44
  103.2  1.78714384E-44
  103.3  1.7952626E-44
  103.4  1.80340898E-44
  103.5  1.81158306E-44
  103.6  1.8197849E-44
  103.7  1.82801455E-44
  103.8  1.83627208E-44
  103.9  1.84455756E-44
  104.  1.85287105E-44
  104.1  1.8612126E-44
  104.2  1.86958229E-44
  104.3  1.87798018E-44
  104.4  1.88640632E-44
  104.5  1.89486079E-44
  104.6  1.90334365E-44
  104.7  1.91185495E-44
  104.8  1.92039477E-44
  104.9  1.92896317E-44
  105.  1.93756021E-44
  105.1  1.94618595E-44
  105.2  1.95484046E-44
  105.3  1.9635238E-44
  105.4  1.97223604E-44
  105.5  1.98097724E-44
  105.6  1.98974746E-44
  105.7  1.99854677E-44
  105.8  2.00737524E-44
  105.9  2.01623292E-44
  106.  2.02511988E-44
  106.1  2.03403619E-44
  106.2  2.04298191E-44
  106.3  2.05195711E-44
  106.4  2.06096184E-44
  106.5  2.06999618E-44
  106.6  2.07906019E-44
  106.7  2.08815394E-44
  106.8  2.09727748E-44
  106.9  2.10643089E-44
  107.  2.11561422E-44
  107.1  2.12482755E-44
  107.2  2.13407094E-44
  107.3  2.14334446E-44
  107.4  2.15264816E-44
  107.5  2.16198213E-44
  107.6  2.17134641E-44
  107.7  2.18074108E-44
  107.8  2.1901662E-44
  107.9  2.19962185E-44
  108.  2.20910807E-44
  108.1  2.21862495E-44
  108.2  2.22817254E-44
  108.3  2.23775091E-44
  108.4  2.24736014E-44
  108.5  2.25700027E-44
  108.6  2.26667139E-44
  108.7  2.27637356E-44
  108.8  2.28610683E-44
  108.9  2.29587129E-44
  109.  2.30566699E-44
  109.1  2.31549401E-44
  109.2  2.32535241E-44
  109.3  2.33524225E-44
  109.4  2.3451636E-44
  109.5  2.35511654E-44
  109.6  2.36510112E-44
  109.7  2.37511742E-44
  109.8  2.38516549E-44
  109.9  2.39524542E-44
  110.  2.40535726E-44
  110.1  2.41550108E-44
  110.2  2.42567695E-44
  110.3  2.43588494E-44
  110.4  2.44612512E-44
  110.5  2.45639755E-44
  110.6  2.46670229E-44
  110.7  2.47703943E-44
  110.8  2.48740902E-44
  110.9  2.49781113E-44
  111.  2.50824584E-44
  111.1  2.5187132E-44
  111.2  2.5292133E-44
  111.3  2.53974619E-44
  111.4  2.55031194E-44
  111.5  2.56091062E-44
  111.6  2.57154231E-44
  111.7  2.58220706E-44
  111.8  2.59290495E-44
  111.9  2.60363605E-44
  112.  2.61440043E-44
  112.1  2.62519814E-44
  112.2  2.63602927E-44
  112.3  2.64689388E-44
  112.4  2.65779204E-44
  112.5  2.66872382E-44
  112.6  2.67968928E-44
  112.7  2.6906885E-44
  112.8  2.70172155E-44
  112.9  2.7127885E-44
  113.  2.72388941E-44
  113.1  2.73502435E-44
  113.2  2.7461934E-44
  113.3  2.75739663E-44
  113.4  2.76863409E-44
  113.5  2.77990587E-44
  113.6  2.79121203E-44
  113.7  2.80255264E-44
  113.8  2.81392778E-44
  113.9  2.82533751E-44
  114.  2.8367819E-44
  114.1  2.84826102E-44
  114.2  2.85977495E-44
  114.3  2.87132374E-44
  114.4  2.88290749E-44
  114.5  2.89452624E-44
  114.6  2.90618008E-44
  114.7  2.91786908E-44
  114.8  2.9295933E-44
  114.9  2.94135282E-44
  115.  2.9531477E-44
  115.1  2.96497802E-44
  115.2  2.97684385E-44
  115.3  2.98874526E-44
  115.4  3.00068232E-44
  115.5  3.0126551E-44
  115.6  3.02466368E-44
  115.7  3.03670812E-44
  115.8  3.04878849E-44
  115.9  3.06090488E-44
  116.  3.07305734E-44
  116.1  3.08524595E-44
  116.2  3.09747078E-44
  116.3  3.10973191E-44
  116.4  3.1220294E-44
  116.5  3.13436333E-44
  116.6  3.14673376E-44
  116.7  3.15914078E-44
  116.8  3.17158445E-44
  116.9  3.18406485E-44
  117.  3.19658204E-44
  117.1  3.20913611E-44
  117.2  3.22172711E-44
  117.3  3.23435513E-44
  117.4  3.24702023E-44
  117.5  3.2597225E-44
  117.6  3.27246199E-44
  117.7  3.2852388E-44
  117.8  3.29805297E-44
  117.9  3.3109046E-44
  118.  3.32379375E-44
  118.1  3.3367205E-44
  118.2  3.34968492E-44
  118.3  3.36268707E-44
  118.4  3.37572705E-44
  118.5  3.38880491E-44
  118.6  3.40192073E-44
  118.7  3.41507459E-44
  118.8  3.42826656E-44
  118.9  3.44149671E-44
  119.  3.45476511E-44
  119.1  3.46807185E-44
  119.2  3.48141699E-44
  119.3  3.4948006E-44
  119.4  3.50822277E-44
  119.5  3.52168356E-44
  119.6  3.53518305E-44
  119.7  3.54872132E-44
  119.8  3.56229843E-44
  119.9  3.57591446E-44
  120.  3.58956949E-44
  120.1  3.60326358E-44
  120.2  3.61699683E-44
  120.3  3.63076929E-44
  120.4  3.64458104E-44
  120.5  3.65843217E-44
  120.6  3.67232273E-44
  120.7  3.68625282E-44
  120.8  3.7002225E-44
  120.9  3.71423184E-44
  121.  3.72828093E-44
  121.1  3.74236984E-44
  121.2  3.75649864E-44
  121.3  3.7706674E-44
  121.4  3.78487621E-44
  121.5  3.79912514E-44
  121.6  3.81341427E-44
  121.7  3.82774366E-44
  121.8  3.8421134E-44
  121.9  3.85652356E-44
  122.  3.87097422E-44
  122.1  3.88546545E-44
  122.2  3.89999733E-44
  122.3  3.91456993E-44
  122.4  3.92918334E-44
  122.5  3.94383762E-44
  122.6  3.95853285E-44
  122.7  3.97326912E-44
  122.8  3.98804648E-44
  122.9  4.00286503E-44
  123.  4.01772484E-44
  123.1  4.03262598E-44
  123.2  4.04756854E-44
  123.3  4.06255258E-44
  123.4  4.07757819E-44
  123.5  4.09264543E-44
  123.6  4.1077544E-44
  123.7  4.12290516E-44
  123.8  4.13809779E-44
  123.9  4.15333238E-44
  124.  4.16860898E-44
  124.1  4.1839277E-44
  124.2  4.19928859E-44
  124.3  4.21469174E-44
  124.4  4.23013723E-44
  124.5  4.24562513E-44
  124.6  4.26115552E-44
  124.7  4.27672848E-44
  124.8  4.29234409E-44
  124.9  4.30800241E-44
  125.  4.32370355E-44
  125.1  4.33944756E-44
  125.2  4.35523453E-44
  125.3  4.37106453E-44
  125.4  4.38693765E-44
  125.5  4.40285396E-44
  125.6  4.41881354E-44
  125.7  4.43481647E-44
  125.8  4.45086283E-44
  125.9  4.46695269E-44
  126.  4.48308614E-44
  126.1  4.49926325E-44
  126.2  4.5154841E-44
  126.3  4.53174877E-44
  126.4  4.54805734E-44
  126.5  4.56440989E-44
  126.6  4.5808065E-44
  126.7  4.59724724E-44
  126.8  4.6137322E-44
  126.9  4.63026145E-44
  127.  4.64683508E-44
  127.1  4.66345316E-44
  127.2  4.68011577E-44
  127.3  4.69682299E-44
  127.4  4.71357491E-44
  127.5  4.7303716E-44
  127.6  4.74721313E-44
  127.7  4.7640996E-44
  127.8  4.78103108E-44
  127.9  4.79800765E-44
  128.  4.81502939E-44
  128.1  4.83209638E-44
  128.2  4.8492087E-44
  128.3  4.86636643E-44
  128.4  4.88356966E-44
  128.5  4.90081845E-44
  128.6  4.9181129E-44
  128.7  4.93545308E-44
  128.8  4.95283907E-44
  128.9  4.97027095E-44
  129.  4.98774881E-44
  129.1  5.00527272E-44
  129.2  5.02284277E-44
  129.3  5.04045904E-44
  129.4  5.0581216E-44
  129.5  5.07583055E-44
  129.6  5.09358595E-44
  129.7  5.11138789E-44
  129.8  5.12923646E-44
  129.9  5.14713173E-44
  130.  5.16507378E-44
  130.1  5.1830627E-44
  130.2  5.20109857E-44
  130.3  5.21918147E-44
  130.4  5.23731148E-44
  130.5  5.25548868E-44
  130.6  5.27371316E-44
  130.7  5.291985E-44
  130.8  5.31030427E-44
  130.9  5.32867106E-44
  131.  5.34708546E-44
  131.1  5.36554754E-44
  131.2  5.38405739E-44
  131.3  5.40261509E-44
  131.4  5.42122072E-44
  131.5  5.43987437E-44
  131.6  5.45857611E-44
  131.7  5.47732603E-44
  131.8  5.49612422E-44
  131.9  5.51497075E-44
  132.  5.5338657E-44
  132.1  5.55280917E-44
  132.2  5.57180123E-44
  132.3  5.59084197E-44
  132.4  5.60993147E-44
  132.5  5.62906981E-44
  132.6  5.64825708E-44
  132.7  5.66749336E-44
  132.8  5.68677873E-44
  132.9  5.70611327E-44
  133.  5.72549708E-44
  133.1  5.74493023E-44
  133.2  5.76441281E-44
  133.3  5.7839449E-44
  133.4  5.80352658E-44
  133.5  5.82315794E-44
  133.6  5.84283907E-44
  133.7  5.86257004E-44
  133.8  5.88235094E-44
  133.9  5.90218186E-44
  134.  5.92206287E-44
  134.1  5.94199407E-44
  134.2  5.96197554E-44
  134.3  5.98200736E-44
  134.4  6.00208962E-44
  134.5  6.02222239E-44
  134.6  6.04240578E-44
  134.7  6.06263985E-44
  134.8  6.0829247E-44
  134.9  6.10326041E-44
  135.  6.12364707E-44
  135.1  6.14408476E-44
  135.2  6.16457356E-44
  135.3  6.18511356E-44
  135.4  6.20570485E-44
  135.5  6.22634751E-44
  135.6  6.24704162E-44
  135.7  6.26778728E-44
  135.8  6.28858457E-44
  135.9  6.30943357E-44
  136.  6.33033436E-44
  136.1  6.35128704E-44
  136.2  6.3722917E-44
  136.3  6.3933484E-44
  136.4  6.41445725E-44
  136.5  6.43561833E-44
  136.6  6.45683172E-44
  136.7  6.47809752E-44
  136.8  6.4994158E-44
  136.9  6.52078665E-44
  137.  6.54221016E-44
  137.1  6.56368642E-44
  137.2  6.5852155E-44
  137.3  6.60679751E-44
  137.4  6.62843252E-44
  137.5  6.65012063E-44
  137.6  6.67186191E-44
  137.7  6.69365646E-44
  137.8  6.71550436E-44
  137.9  6.7374057E-44
  138.  6.75936057E-44
  138.1  6.78136905E-44
  138.2  6.80343124E-44
  138.3  6.82554721E-44
  138.4  6.84771706E-44
  138.5  6.86994087E-44
  138.6  6.89221873E-44
  138.7  6.91455072E-44
  138.8  6.93693695E-44
  138.9  6.95937749E-44
  139.  6.98187243E-44
  139.1  7.00442185E-44
  139.2  7.02702586E-44
  139.3  7.04968453E-44
  139.4  7.07239795E-44
  139.5  7.09516622E-44
  139.6  7.11798941E-44
  139.7  7.14086762E-44
  139.8  7.16380094E-44
  139.9  7.18678945E-44
  140.  7.20983325E-44
  140.1  7.23293242E-44
  140.2  7.25608704E-44
  140.3  7.27929722E-44
  140.4  7.30256303E-44
  140.5  7.32588457E-44
  140.6  7.34926193E-44
  140.7  7.37269519E-44
  140.8  7.39618444E-44
  140.9  7.41972978E-44
  141.  7.44333129E-44
  141.1  7.46698905E-44
  141.2  7.49070317E-44
  141.3  7.51447373E-44
  141.4  7.53830082E-44
  141.5  7.56218453E-44
  141.6  7.58612494E-44
  141.7  7.61012215E-44
  141.8  7.63417626E-44
  141.9  7.65828733E-44
  142.  7.68245548E-44
  142.1  7.70668078E-44
  142.2  7.73096334E-44
  142.3  7.75530323E-44
  142.4  7.77970054E-44
  142.5  7.80415538E-44
  142.6  7.82866782E-44
  142.7  7.85323797E-44
  142.8  7.8778659E-44
  142.9  7.90255171E-44
  143.  7.92729549E-44
  143.1  7.95209734E-44
  143.2  7.97695733E-44
  143.3  8.00187557E-44
  143.4  8.02685214E-44
  143.5  8.05188714E-44
  143.6  8.07698066E-44
  143.7  8.10213278E-44
  143.8  8.12734359E-44
  143.9  8.1526132E-44
  144.  8.17794169E-44
  144.1  8.20332915E-44
  144.2  8.22877567E-44
  144.3  8.25428135E-44
  144.4  8.27984628E-44
  144.5  8.30547054E-44
  144.6  8.33115423E-44
  144.7  8.35689745E-44
  144.8  8.38270028E-44
  144.9  8.40856281E-44
  145.  8.43448514E-44
  145.1  8.46046737E-44
  145.2  8.48650957E-44
  145.3  8.51261185E-44
  145.4  8.53877429E-44
  145.5  8.564997E-44
  145.6  8.59128005E-44
  145.7  8.61762355E-44
  145.8  8.64402759E-44
  145.9  8.67049225E-44
  146.  8.69701764E-44
  146.1  8.72360384E-44
  146.2  8.75025095E-44
  146.3  8.77695906E-44
  146.4  8.80372827E-44
  146.5  8.83055866E-44
  146.6  8.85745033E-44
  146.7  8.88440337E-44
  146.8  8.91141788E-44
  146.9  8.93849395E-44
  147.  8.96563167E-44
  147.1  8.99283114E-44
  147.2  9.02009245E-44
  147.3  9.0474157E-44
  147.4  9.07480097E-44
  147.5  9.10224836E-44
  147.6  9.12975797E-44
  147.7  9.15732989E-44
  147.8  9.18496421E-44
  147.9  9.21266103E-44
  148.  9.24042044E-44
  148.1  9.26824254E-44
  148.2  9.29612742E-44
  148.3  9.32407517E-44
  148.4  9.35208589E-44
  148.5  9.38015967E-44
  148.6  9.40829662E-44
  148.7  9.43649681E-44
  148.8  9.46476035E-44
  148.9  9.49308734E-44
  149.  9.52147786E-44
  149.1  9.54993201E-44
  149.2  9.57844989E-44
  149.3  9.6070316E-44
  149.4  9.63567722E-44
  149.5  9.66438685E-44
  149.6  9.69316059E-44
  149.7  9.72199853E-44
  149.8  9.75090078E-44
  149.9  9.77986741E-44
  150.  9.80889854E-44
  150.1  9.83799425E-44
  150.2  9.86715464E-44
  150.3  9.89637981E-44
  150.4  9.92566986E-44
  150.5  9.95502487E-44
  150.6  9.98444494E-44
  150.7  1.00139302E-43
  150.8  1.00434807E-43
  150.9  1.00730965E-43
  151.  1.01027778E-43
  151.1  1.01325247E-43
  151.2  1.01623371E-43
  151.3  1.01922154E-43
  151.4  1.02221594E-43
  151.5  1.02521694E-43
  151.6  1.02822454E-43
  151.7  1.03123876E-43
  151.8  1.03425959E-43
  151.9  1.03728706E-43
  152.  1.04032117E-43
  152.1  1.04336193E-43
  152.2  1.04640936E-43
  152.3  1.04946345E-43
  152.4  1.05252422E-43
  152.5  1.05559169E-43
  152.6  1.05866585E-43
  152.7  1.06174672E-43
  152.8  1.06483432E-43
  152.9  1.06792864E-43
  153.  1.0710297E-43
  153.1  1.07413751E-43
  153.2  1.07725208E-43
  153.3  1.08037341E-43
  153.4  1.08350153E-43
  153.5  1.08663643E-43
  153.6  1.08977813E-43
  153.7  1.09292664E-43
  153.8  1.09608197E-43
  153.9  1.09924412E-43
  154.  1.10241311E-43
  154.1  1.10558895E-43
  154.2  1.10877164E-43
  154.3  1.1119612E-43
  154.4  1.11515764E-43
  154.5  1.11836096E-43
  154.6  1.12157118E-43
  154.7  1.12478831E-43
  154.8  1.12801235E-43
  154.9  1.13124332E-43
  155.  1.13448122E-43
  155.1  1.13772607E-43
  155.2  1.14097787E-43
  155.3  1.14423665E-43
  155.4  1.14750239E-43
  155.5  1.15077512E-43
  155.6  1.15405485E-43
  155.7  1.15734158E-43
  155.8  1.16063533E-43
  155.9  1.16393611E-43
  156.  1.16724392E-43
  156.1  1.17055877E-43
  156.2  1.17388068E-43
  156.3  1.17720966E-43
  156.4  1.18054571E-43
  156.5  1.18388884E-43
  156.6  1.18723907E-43
  156.7  1.19059641E-43
  156.8  1.19396086E-43
  156.9  1.19733244E-43
  157.  1.20071116E-43
  157.1  1.20409702E-43
  157.2  1.20749003E-43
  157.3  1.21089021E-43
  157.4  1.21429757E-43
  157.5  1.21771211E-43
  157.6  1.22113385E-43
  157.7  1.2245628E-43
  157.8  1.22799896E-43
  157.9  1.23144235E-43
  158.  1.23489297E-43
  158.1  1.23835084E-43
  158.2  1.24181597E-43
  158.3  1.24528836E-43
  158.4  1.24876804E-43
  158.5  1.25225499E-43
  158.6  1.25574925E-43
  158.7  1.25925082E-43
  158.8  1.2627597E-43
  158.9  1.26627591E-43
  159.  1.26979946E-43
  159.1  1.27333035E-43
  159.2  1.27686861E-43
  159.3  1.28041423E-43
  159.4  1.28396724E-43
  159.5  1.28752763E-43
  159.6  1.29109542E-43
  159.7  1.29467062E-43
  159.8  1.29825324E-43
  159.9  1.30184329E-43
  160.  1.30544079E-43
  160.1  1.30904573E-43
  160.2  1.31265813E-43
  160.3  1.31627801E-43
  160.4  1.31990537E-43
  160.5  1.32354022E-43
  160.6  1.32718257E-43
  160.7  1.33083243E-43
  160.8  1.33448982E-43
  160.9  1.33815474E-43
  161.  1.3418272E-43
  161.1  1.34550722E-43
  161.2  1.3491948E-43
  161.3  1.35288996E-43
  161.4  1.3565927E-43
  161.5  1.36030304E-43
  161.6  1.36402098E-43
  161.7  1.36774654E-43
  161.8  1.37147972E-43
  161.9  1.37522054E-43
  162.  1.37896901E-43
  162.1  1.38272514E-43
  162.2  1.38648894E-43
  162.3  1.39026041E-43
  162.4  1.39403957E-43
  162.5  1.39782644E-43
  162.6  1.40162101E-43
  162.7  1.4054233E-43
  162.8  1.40923332E-43
  162.9  1.41305109E-43
  163.  1.41687661E-43
  163.1  1.42070989E-43
  163.2  1.42455094E-43
  163.3  1.42839977E-43
  163.4  1.4322564E-43
  163.5  1.43612084E-43
  163.6  1.43999308E-43
  163.7  1.44387316E-43
  163.8  1.44776107E-43
  163.9  1.45165682E-43
  164.  1.45556043E-43
  164.1  1.45947192E-43
  164.2  1.46339127E-43
  164.3  1.46731852E-43
  164.4  1.47125367E-43
  164.5  1.47519672E-43
  164.6  1.4791477E-43
  164.7  1.48310661E-43
  164.8  1.48707346E-43
  164.9  1.49104826E-43
  165.  1.49503102E-43
  165.1  1.49902176E-43
  165.2  1.50302048E-43
  165.3  1.5070272E-43
  165.4  1.51104192E-43
  165.5  1.51506466E-43
  165.6  1.51909543E-43
  165.7  1.52313423E-43
  165.8  1.52718108E-43
  165.9  1.53123599E-43
  166.  1.53529897E-43
  166.1  1.53937003E-43
  166.2  1.54344918E-43
  166.3  1.54753643E-43
  166.4  1.55163179E-43
  166.5  1.55573528E-43
  166.6  1.5598469E-43
  166.7  1.56396666E-43
  166.8  1.56809458E-43
  166.9  1.57223067E-43
  167.  1.57637493E-43
  167.1  1.58052738E-43
  167.2  1.58468803E-43
  167.3  1.58885689E-43
  167.4  1.59303397E-43
  167.5  1.59721928E-43
  167.6  1.60141283E-43
  167.7  1.60561463E-43
  167.8  1.6098247E-43
  167.9  1.61404303E-43
  168.  1.61826966E-43
  168.1  1.62250458E-43
  168.2  1.62674781E-43
  168.3  1.63099935E-43
  168.4  1.63525922E-43
  168.5  1.63952743E-43
  168.6  1.64380399E-43
  168.7  1.64808892E-43
  168.8  1.65238221E-43
  168.9  1.65668388E-43
  169.  1.66099395E-43
  169.1  1.66531243E-43
  169.2  1.66963932E-43
  169.3  1.67397463E-43
  169.4  1.67831839E-43
  169.5  1.68267059E-43
  169.6  1.68703125E-43
  169.7  1.69140038E-43
  169.8  1.69577799E-43
  169.9  1.70016409E-43
  170.  1.7045587E-43
