  0.1  0.
  0.2  0.
  0.3  0.
  0.4  0.
  0.5  0.
  0.6  0.
  0.7  0.
  0.8  0.
  0.9  0.
  1.  0.
  1.1  0.
  1.2  0.
  1.3  0.
  1.4  0.
  1.5  0.
  1.6  0.
  1.7  0.
  1.8  0.
  1.9  0.
  2.  0.
  2.1  0.
  2.2  0.
  2.3  0.
  2.4  0.
  2.5  0.
  2.6  0.
  2.7  0.
  2.8  0.
  2.9  0.
  3.  0.
  3.1  0.
  3.2  0.
  3.3  0.
  3.4  0.
  3.5  0.
  3.6  0.
  3.7  0.
  3.8  0.
  3.9  0.
  4.  0.
  4.1  0.
  4.2  0.
  4.3  0.
  4.4  0.
  4.5  0.
  4.6  0.
  4.7  0.
  4.8  0.
  4.9  0.
  5.  0.
  5.1  0.
  5.2  0.
  5.3  0.
  5.4  0.
  5.5  0.
  5.6  0.
  5.7  0.
  5.8  0.
  5.9  0.
  6.  0.
  6.1  0.
  6.2  0.
  6.3  0.
  6.4  0.
  6.5  0.
  6.6  0.
  6.7  0.
  6.8  0.
  6.9  0.
  7.  0.
  7.1  0.
  7.2  0.
  7.3  0.
  7.4  0.
  7.5  0.
  7.6  0.
  7.7  0.
  7.8  0.
  7.9  0.
  8.  0.
  8.1  0.
  8.2  0.
  8.3  0.
  8.4  0.
  8.5  0.
  8.6  0.
  8.7  0.
  8.8  0.
  8.9  0.
  9.  0.
  9.1  0.
  9.2  0.
  9.3  0.
  9.4  0.
  9.5  0.
  9.6  0.
  9.7  0.
  9.8  0.
  9.9  0.
  10.  0.
  10.1  0.
  10.2  0.
  10.3  0.
  10.4  0.
  10.5  0.
  10.6  0.
  10.7  0.
  10.8  0.
  10.9  0.
  11.  0.
  11.1  5.25627608E-47
  11.2  5.72027838E-47
  11.3  6.22086041E-47
  11.4  6.76023449E-47
  11.5  7.34065463E-47
  11.6  7.9644037E-47
  11.7  8.63377843E-47
  11.8  9.35107214E-47
  11.9  1.01185552E-46
  12.  1.09384532E-46
  12.1  1.18129221E-46
  12.2  1.27440218E-46
  12.3  1.37336864E-46
  12.4  1.47836924E-46
  12.5  1.58956245E-46
  12.6  1.70708393E-46
  12.7  1.83104269E-46
  12.8  1.9615171E-46
  12.9  2.09855075E-46
  13.  2.24214823E-46
  13.1  2.39227083E-46
  13.2  2.54883232E-46
  13.3  2.71169474E-46
  13.4  2.88066437E-46
  13.5  3.05548789E-46
  13.6  3.2358489E-46
  13.7  3.42136475E-46
  13.8  3.61158392E-46
  13.9  3.80598395E-46
  14.  4.00397003E-46
  14.1  4.20487435E-46
  14.2  4.40795633E-46
  14.3  4.61240372E-46
  14.4  4.81733482E-46
  14.5  5.02180162E-46
  14.6  5.22479423E-46
  14.7  5.42524637E-46
  14.8  5.62204204E-46
  14.9  5.81402344E-46
  15.  6.E-46
  15.1  6.18464819E-46
  15.2  6.37347161E-46
  15.3  6.56649975E-46
  15.4  6.76375931E-46
  15.5  6.96527404E-46
  15.6  7.17106463E-46
  15.7  7.38114856E-46
  15.8  7.59553992E-46
  15.9  7.81424936E-46
  16.  8.03728383E-46
  16.1  8.26464655E-46
  16.2  8.4963368E-46
  16.3  8.73234979E-46
  16.4  8.97267654E-46
  16.5  9.21730376E-46
  16.6  9.46621365E-46
  16.7  9.71938382E-46
  16.8  9.97678717E-46
  16.9  1.02383917E-45
  17.  1.05041605E-45
  17.1  1.07740514E-45
  17.2  1.10480173E-45
  17.3  1.13260053E-45
  17.4  1.16079576E-45
  17.5  1.18938104E-45
  17.6  1.21834945E-45
  17.7  1.24769349E-45
  17.8  1.27740508E-45
  17.9  1.30747556E-45
  18.  1.33789564E-45
  18.1  1.36865547E-45
  18.2  1.39974455E-45
  18.3  1.43115181E-45
  18.4  1.46286551E-45
  18.5  1.49487334E-45
  18.6  1.52716232E-45
  18.7  1.5597189E-45
  18.8  1.59252884E-45
  18.9  1.62557734E-45
  19.  1.65884892E-45
  19.1  1.69232754E-45
  19.2  1.72599648E-45
  19.3  1.75983847E-45
  19.4  1.7938356E-45
  19.5  1.82796938E-45
  19.6  1.86222071E-45
  19.7  1.89656995E-45
  19.8  1.93099685E-45
  19.9  1.96548064E-45
  20.  2.E-45
  20.1  2.03489561E-45
  20.2  2.07052666E-45
  20.3  2.10689893E-45
  20.4  2.14401786E-45
  20.5  2.18188845E-45
  20.6  2.22051531E-45
  20.7  2.25990256E-45
  20.8  2.30005385E-45
  20.9  2.34097229E-45
  21.  2.38266043E-45
  21.1  2.42512025E-45
  21.2  2.46835306E-45
  21.3  2.51235952E-45
  21.4  2.5571396E-45
  21.5  2.60269251E-45
  21.6  2.64901667E-45
  21.7  2.69610969E-45
  21.8  2.74396833E-45
  21.9  2.79258843E-45
  22.  2.84196489E-45
  22.1  2.89209163E-45
  22.2  2.94296156E-45
  22.3  2.9945665E-45
  22.4  3.04689717E-45
  22.5  3.09994315E-45
  22.6  3.15369283E-45
  22.7  3.20813336E-45
  22.8  3.26325061E-45
  22.9  3.31902916E-45
  23.  3.37545224E-45
  23.1  3.43250166E-45
  23.2  3.49015783E-45
  23.3  3.54839969E-45
  23.4  3.60720467E-45
  23.5  3.66654869E-45
  23.6  3.72640609E-45
  23.7  3.7867496E-45
  23.8  3.84755036E-45
  23.9  3.90877782E-45
  24.  3.97039979E-45
  24.1  4.03238236E-45
  24.2  4.09468991E-45
  24.3  4.15728509E-45
  24.4  4.22012882E-45
  24.5  4.28318025E-45
  24.6  4.34639676E-45
  24.7  4.409734E-45
  24.8  4.47314583E-45
  24.9  4.53658437E-45
  25.  4.6E-45
  25.1  4.66379457E-45
  25.2  4.72840485E-45
  25.3  4.79383205E-45
  25.4  4.86007703E-45
  25.5  4.92714024E-45
  25.6  4.99502178E-45
  25.7  5.06372134E-45
  25.8  5.13323819E-45
  25.9  5.20357117E-45
  26.  5.27471869E-45
  26.1  5.34667868E-45
  26.2  5.41944864E-45
  26.3  5.49302554E-45
  26.4  5.56740587E-45
  26.5  5.64258561E-45
  26.6  5.7185602E-45
  26.7  5.79532454E-45
  26.8  5.87287298E-45
  26.9  5.95119928E-45
  27.  6.03029662E-45
  27.1  6.11015757E-45
  27.2  6.19077411E-45
  27.3  6.27213755E-45
  27.4  6.35423858E-45
  27.5  6.43706721E-45
  27.6  6.52061281E-45
  27.7  6.60486401E-45
  27.8  6.68980879E-45
  27.9  6.77543437E-45
  28.  6.86172728E-45
  28.1  6.94867329E-45
  28.2  7.0362574E-45
  28.3  7.12446387E-45
  28.4  7.21327616E-45
  28.5  7.30267697E-45
  28.6  7.39264817E-45
  28.7  7.48317083E-45
  28.8  7.57422518E-45
  28.9  7.66579066E-45
  29.  7.75784582E-45
  29.1  7.85036839E-45
  29.2  7.94333524E-45
  29.3  8.03672238E-45
  29.4  8.13050492E-45
  29.5  8.22465713E-45
  29.6  8.31915237E-45
  29.7  8.41396313E-45
  29.8  8.509061E-45
  29.9  8.60441669E-45
  30.  8.7E-45
  30.1  8.79611893E-45
  30.2  8.89310014E-45
  30.3  8.99094054E-45
  30.4  9.08963663E-45
  30.5  9.18918456E-45
  30.6  9.28958011E-45
  30.7  9.39081863E-45
  30.8  9.49289513E-45
  30.9  9.59580416E-45
  31.  9.69953988E-45
  31.1  9.80409603E-45
  31.2  9.90946591E-45
  31.3  1.00156424E-44
  31.4  1.01226179E-44
  31.5  1.02303843E-44
  31.6  1.03389332E-44
  31.7  1.04482556E-44
  31.8  1.0558342E-44
  31.9  1.06691824E-44
  32.  1.07807665E-44
  32.1  1.08930833E-44
  32.2  1.10061212E-44
  32.3  1.11198684E-44
  32.4  1.12343123E-44
  32.5  1.13494399E-44
  32.6  1.14652375E-44
  32.7  1.15816911E-44
  32.8  1.1698786E-44
  32.9  1.18165069E-44
  33.  1.19348381E-44
  33.1  1.2053763E-44
  33.2  1.21732648E-44
  33.3  1.22933259E-44
  33.4  1.24139282E-44
  33.5  1.25350529E-44
  33.6  1.26566806E-44
  33.7  1.27787915E-44
  33.8  1.2901365E-44
  33.9  1.30243798E-44
  34.  1.31478143E-44
  34.1  1.32716461E-44
  34.2  1.3395852E-44
  34.3  1.35204085E-44
  34.4  1.36452912E-44
  34.5  1.37704753E-44
  34.6  1.38959352E-44
  34.7  1.40216447E-44
  34.8  1.41475771E-44
  34.9  1.42737049E-44
  35.  1.44E-44
  35.1  1.45267667E-44
  35.2  1.46543243E-44
  35.3  1.47826663E-44
  35.4  1.49117859E-44
  35.5  1.50416761E-44
  35.6  1.51723293E-44
  35.7  1.5303738E-44
  35.8  1.54358939E-44
  35.9  1.55687888E-44
  36.  1.57024139E-44
  36.1  1.58367601E-44
  36.2  1.5971818E-44
  36.3  1.61075778E-44
  36.4  1.62440294E-44
  36.5  1.63811623E-44
  36.6  1.65189657E-44
  36.7  1.66574282E-44
  36.8  1.67965384E-44
  36.9  1.69362842E-44
  37.  1.70766533E-44
  37.1  1.7217633E-44
  37.2  1.73592102E-44
  37.3  1.75013714E-44
  37.4  1.76441026E-44
  37.5  1.77873896E-44
  37.6  1.79312177E-44
  37.7  1.80755718E-44
  37.8  1.82204364E-44
  37.9  1.83657956E-44
  38.  1.85116331E-44
  38.1  1.86579322E-44
  38.2  1.88046757E-44
  38.3  1.89518461E-44
  38.4  1.90994254E-44
  38.5  1.92473952E-44
  38.6  1.93957368E-44
  38.7  1.95444308E-44
  38.8  1.96934576E-44
  38.9  1.98427971E-44
  39.  1.99924289E-44
  39.1  2.01423319E-44
  39.2  2.02924849E-44
  39.3  2.0442866E-44
  39.4  2.05934529E-44
  39.5  2.07442231E-44
  39.6  2.08951535E-44
  39.7  2.10462205E-44
  39.8  2.11974002E-44
  39.9  2.13486683E-44
  40.  2.15E-44
  40.1  2.16517182E-44
  40.2  2.18041562E-44
  40.3  2.19573044E-44
  40.4  2.21111526E-44
  40.5  2.22656907E-44
  40.6  2.24209079E-44
  40.7  2.25767934E-44
  40.8  2.27333357E-44
  40.9  2.28905233E-44
  41.  2.30483442E-44
  41.1  2.32067862E-44
  41.2  2.33658367E-44
  41.3  2.35254827E-44
  41.4  2.36857109E-44
  41.5  2.38465076E-44
  41.6  2.4007859E-44
  41.7  2.41697507E-44
  41.8  2.43321679E-44
  41.9  2.44950957E-44
  42.  2.46585186E-44
  42.1  2.48224209E-44
  42.2  2.49867865E-44
  42.3  2.51515988E-44
  42.4  2.53168412E-44
  42.5  2.54824962E-44
  42.6  2.56485465E-44
  42.7  2.58149739E-44
  42.8  2.59817602E-44
  42.9  2.61488867E-44
  43.  2.63163343E-44
  43.1  2.64840836E-44
  43.2  2.66521147E-44
  43.3  2.68204074E-44
  43.4  2.69889412E-44
  43.5  2.71576951E-44
  43.6  2.73266477E-44
  43.7  2.74957774E-44
  43.8  2.7665062E-44
  43.9  2.7834479E-44
  44.  2.80040056E-44
  44.1  2.81736186E-44
  44.2  2.83432943E-44
  44.3  2.85130088E-44
  44.4  2.86827376E-44
  44.5  2.8852456E-44
  44.6  2.90221389E-44
  44.7  2.91917608E-44
  44.8  2.93612959E-44
  44.9  2.95307178E-44
  45.  2.97E-44
  45.1  2.98694924E-44
  45.2  3.00395556E-44
  45.3  3.02101787E-44
  45.4  3.03813507E-44
  45.5  3.055306E-44
  45.6  3.07252951E-44
  45.7  3.0898044E-44
  45.8  3.10712946E-44
  45.9  3.12450345E-44
  46.  3.1419251E-44
  46.1  3.15939311E-44
  46.2  3.17690617E-44
  46.3  3.19446293E-44
  46.4  3.21206202E-44
  46.5  3.22970204E-44
  46.6  3.24738157E-44
  46.7  3.26509914E-44
  46.8  3.28285329E-44
  46.9  3.3006425E-44
  47.  3.31846524E-44
  47.1  3.33631995E-44
  47.2  3.35420503E-44
  47.3  3.37211889E-44
  47.4  3.39005986E-44
  47.5  3.40802629E-44
  47.6  3.42601646E-44
  47.7  3.44402865E-44
  47.8  3.46206112E-44
  47.9  3.48011207E-44
  48.  3.49817969E-44
  48.1  3.51626216E-44
  48.2  3.53435759E-44
  48.3  3.5524641E-44
  48.4  3.57057977E-44
  48.5  3.58870264E-44
  48.6  3.60683074E-44
  48.7  3.62496207E-44
  48.8  3.64309458E-44
  48.9  3.66122623E-44
  49.  3.67935491E-44
  49.1  3.69747852E-44
  49.2  3.71559491E-44
  49.3  3.73370192E-44
  49.4  3.75179733E-44
  49.5  3.76987893E-44
  49.6  3.78794447E-44
  49.7  3.80599167E-44
  49.8  3.82401821E-44
  49.9  3.84202178E-44
  50.  3.86E-44
  50.1  3.87798948E-44
  50.2  3.8960276E-44
  50.3  3.91411315E-44
  50.4  3.9322449E-44
  50.5  3.95042159E-44
  50.6  3.96864196E-44
  50.7  3.98690469E-44
  50.8  4.00520847E-44
  50.9  4.02355196E-44
  51.  4.04193378E-44
  51.1  4.06035253E-44
  51.2  4.07880682E-44
  51.3  4.0972952E-44
  51.4  4.1158162E-44
  51.5  4.13436835E-44
  51.6  4.15295012E-44
  51.7  4.17156E-44
  51.8  4.19019643E-44
  51.9  4.20885781E-44
  52.  4.22754255E-44
  52.1  4.24624903E-44
  52.2  4.26497558E-44
  52.3  4.28372053E-44
  52.4  4.30248218E-44
  52.5  4.32125881E-44
  52.6  4.34004866E-44
  52.7  4.35884997E-44
  52.8  4.37766092E-44
  52.9  4.39647971E-44
  53.  4.41530449E-44
  53.1  4.43413338E-44
  53.2  4.45296449E-44
  53.3  4.4717959E-44
  53.4  4.49062566E-44
  53.5  4.50945182E-44
  53.6  4.52827238E-44
  53.7  4.54708531E-44
  53.8  4.5658886E-44
  53.9  4.58468016E-44
  54.  4.60345791E-44
  54.1  4.62221975E-44
  54.2  4.64096353E-44
  54.3  4.6596871E-44
  54.4  4.67838828E-44
  54.5  4.69706486E-44
  54.6  4.71571461E-44
  54.7  4.73433529E-44
  54.8  4.75292461E-44
  54.9  4.77148029E-44
  55.  4.79E-44
  55.1  4.8085201E-44
  55.2  4.82707789E-44
  55.3  4.84567241E-44
  55.4  4.86430267E-44
  55.5  4.8829677E-44
  55.6  4.90166649E-44
  55.7  4.92039803E-44
  55.8  4.93916128E-44
  55.9  4.9579552E-44
  56.  4.97677874E-44
  56.1  4.9956308E-44
  56.2  5.01451032E-44
  56.3  5.03341618E-44
  56.4  5.05234727E-44
  56.5  5.07130244E-44
  56.6  5.09028056E-44
  56.7  5.10928046E-44
  56.8  5.12830097E-44
  56.9  5.14734088E-44
  57.  5.16639899E-44
  57.1  5.18547409E-44
  57.2  5.20456493E-44
  57.3  5.22367025E-44
  57.4  5.2427888E-44
  57.5  5.26191928E-44
  57.6  5.28106041E-44
  57.7  5.30021086E-44
  57.8  5.3193693E-44
  57.9  5.33853441E-44
  58.  5.35770481E-44
  58.1  5.37687913E-44
  58.2  5.39605599E-44
  58.3  5.41523398E-44
  58.4  5.43441168E-44
  58.5  5.45358766E-44
  58.6  5.47276047E-44
  58.7  5.49192864E-44
  58.8  5.5110907E-44
  58.9  5.53024516E-44
  59.  5.54939049E-44
  59.1  5.56852519E-44
  59.2  5.58764771E-44
  59.3  5.6067565E-44
  59.4  5.62584999E-44
  59.5  5.6449266E-44
  59.6  5.66398473E-44
  59.7  5.68302276E-44
  59.8  5.70203909E-44
  59.9  5.72103205E-44
  60.  5.74E-44
  60.1  5.75897224E-44
  60.2  5.77797858E-44
  60.3  5.79701813E-44
  60.4  5.81608997E-44
  60.5  5.83519318E-44
  60.6  5.85432682E-44
  60.7  5.87348995E-44
  60.8  5.89268161E-44
  60.9  5.91190083E-44
  61.  5.93114662E-44
  61.1  5.950418E-44
  61.2  5.96971395E-44
  61.3  5.98903345E-44
  61.4  6.00837548E-44
  61.5  6.027739E-44
  61.6  6.04712295E-44
  61.7  6.06652626E-44
  61.8  6.08594786E-44
  61.9  6.10538665E-44
  62.  6.12484154E-44
  62.1  6.1443114E-44
  62.2  6.16379511E-44
  62.3  6.18329153E-44
  62.4  6.20279951E-44
  62.5  6.22231788E-44
  62.6  6.24184547E-44
  62.7  6.26138109E-44
  62.8  6.28092355E-44
  62.9  6.30047161E-44
  63.  6.32002407E-44
  63.1  6.33957968E-44
  63.2  6.3591372E-44
  63.3  6.37869536E-44
  63.4  6.39825288E-44
  63.5  6.41780848E-44
  63.6  6.43736087E-44
  63.7  6.45690872E-44
  63.8  6.47645073E-44
  63.9  6.49598554E-44
  64.  6.51551182E-44
  64.1  6.5350282E-44
  64.2  6.55453332E-44
  64.3  6.57402578E-44
  64.4  6.59350419E-44
  64.5  6.61296715E-44
  64.6  6.63241324E-44
  64.7  6.65184101E-44
  64.8  6.67124904E-44
  64.9  6.69063586E-44
  65.  6.71E-44
  65.1  6.72936443E-44
  65.2  6.74875257E-44
  65.3  6.76816364E-44
  65.4  6.78759686E-44
  65.5  6.80705141E-44
  65.6  6.8265265E-44
  65.7  6.84602131E-44
  65.8  6.86553501E-44
  65.9  6.88506678E-44
  66.  6.90461577E-44
  66.1  6.92418114E-44
  66.2  6.94376202E-44
  66.3  6.96335756E-44
  66.4  6.98296687E-44
  66.5  7.00258907E-44
  66.6  7.02222328E-44
  66.7  7.04186859E-44
  66.8  7.06152409E-44
  66.9  7.08118887E-44
  67.  7.10086201E-44
  67.1  7.12054256E-44
  67.2  7.14022958E-44
  67.3  7.15992214E-44
  67.4  7.17961925E-44
  67.5  7.19931996E-44
  67.6  7.21902329E-44
  67.7  7.23872825E-44
  67.8  7.25843386E-44
  67.9  7.2781391E-44
  68.  7.29784297E-44
  68.1  7.31754444E-44
  68.2  7.3372425E-44
  68.3  7.3569361E-44
  68.4  7.37662419E-44
  68.5  7.39630573E-44
  68.6  7.41597965E-44
  68.7  7.43564488E-44
  68.8  7.45530035E-44
  68.9  7.47494496E-44
  69.  7.49457762E-44
  69.1  7.51419723E-44
  69.2  7.53380267E-44
  69.3  7.55339283E-44
  69.4  7.57296657E-44
  69.5  7.59252275E-44
  69.6  7.61206024E-44
  69.7  7.63157787E-44
  69.8  7.65107449E-44
  69.9  7.67054893E-44
  70.  7.69E-44
  70.1  7.70944447E-44
  70.2  7.72889972E-44
  70.3  7.7483655E-44
  70.4  7.76784153E-44
  70.5  7.78732756E-44
  70.6  7.80682332E-44
  70.7  7.82632855E-44
  70.8  7.84584298E-44
  70.9  7.86536635E-44
  71.  7.88489838E-44
  71.1  7.9044388E-44
  71.2  7.92398733E-44
  71.3  7.94354372E-44
  71.4  7.96310767E-44
  71.5  7.98267891E-44
  71.6  8.00225716E-44
  71.7  8.02184214E-44
  71.8  8.04143358E-44
  71.9  8.06103118E-44
  72.  8.08063466E-44
  72.1  8.10024373E-44
  72.2  8.11985811E-44
  72.3  8.13947751E-44
  72.4  8.15910164E-44
  72.5  8.1787302E-44
  72.6  8.1983629E-44
  72.7  8.21799944E-44
  72.8  8.23763953E-44
  72.9  8.25728288E-44
  73.  8.27692917E-44
  73.1  8.29657811E-44
  73.2  8.3162294E-44
  73.3  8.33588273E-44
  73.4  8.35553779E-44
  73.5  8.37519429E-44
  73.6  8.39485191E-44
  73.7  8.41451033E-44
  73.8  8.43416926E-44
  73.9  8.45382837E-44
  74.  8.47348736E-44
  74.1  8.4931459E-44
  74.2  8.51280368E-44
  74.3  8.53246038E-44
  74.4  8.55211568E-44
  74.5  8.57176926E-44
  74.6  8.5914208E-44
  74.7  8.61106997E-44
  74.8  8.63071644E-44
  74.9  8.6503599E-44
  75.  8.67E-44
  75.1  8.68964371E-44
  75.2  8.70929774E-44
  75.3  8.7289614E-44
  75.4  8.74863399E-44
  75.5  8.76831481E-44
  75.6  8.78800316E-44
  75.7  8.8076983E-44
  75.8  8.82739953E-44
  75.9  8.84710612E-44
  76.  8.86681735E-44
  76.1  8.88653246E-44
  76.2  8.90625073E-44
  76.3  8.92597141E-44
  76.4  8.94569373E-44
  76.5  8.96541695E-44
  76.6  8.9851403E-44
  76.7  9.00486302E-44
  76.8  9.02458432E-44
  76.9  9.04430342E-44
  77.  9.06401955E-44
  77.1  9.08373191E-44
  77.2  9.1034397E-44
  77.3  9.12314213E-44
  77.4  9.14283838E-44
  77.5  9.16252764E-44
  77.6  9.18220909E-44
  77.7  9.20188191E-44
  77.8  9.22154528E-44
  77.9  9.24119835E-44
  78.  9.26084028E-44
  78.1  9.28047024E-44
  78.2  9.30008736E-44
  78.3  9.3196908E-44
  78.4  9.33927969E-44
  78.5  9.35885317E-44
  78.6  9.37841036E-44
  78.7  9.39795039E-44
  78.8  9.41747236E-44
  78.9  9.43697541E-44
  79.  9.45645862E-44
  79.1  9.47592111E-44
  79.2  9.49536197E-44
  79.3  9.51478029E-44
  79.4  9.53417515E-44
  79.5  9.55354565E-44
  79.6  9.57289084E-44
  79.7  9.59220981E-44
  79.8  9.61150162E-44
  79.9  9.63076533E-44
  80.  9.65E-44
  80.1  9.66920727E-44
  80.2  9.68838942E-44
  80.3  9.70754644E-44
  80.4  9.72667833E-44
  80.5  9.7457851E-44
  80.6  9.76486673E-44
  80.7  9.78392325E-44
  80.8  9.80295464E-44
  80.9  9.82196092E-44
  81.  9.8409421E-44
  81.1  9.85989819E-44
  81.2  9.87882922E-44
  81.3  9.89773518E-44
  81.4  9.91661611E-44
  81.5  9.93547202E-44
  81.6  9.95430294E-44
  81.7  9.97310889E-44
  81.8  9.99188991E-44
  81.9  1.0010646E-43
  82.  1.00293773E-43
  82.1  1.00480837E-43
  82.2  1.00667652E-43
  82.3  1.00854221E-43
  82.4  1.01040542E-43
  82.5  1.01226616E-43
  82.6  1.01412444E-43
  82.7  1.01598026E-43
  82.8  1.01783363E-43
  82.9  1.01968455E-43
  83.  1.02153303E-43
  83.1  1.02337907E-43
  83.2  1.02522268E-43
  83.3  1.02706386E-43
  83.4  1.02890263E-43
  83.5  1.03073898E-43
  83.6  1.03257293E-43
  83.7  1.03440448E-43
  83.8  1.03623364E-43
  83.9  1.03806042E-43
  84.  1.03988482E-43
  84.1  1.04170685E-43
  84.2  1.04352652E-43
  84.3  1.04534384E-43
  84.4  1.04715882E-43
  84.5  1.04897147E-43
  84.6  1.05078179E-43
  84.7  1.05258979E-43
  84.8  1.05439549E-43
  84.9  1.05619889E-43
  85.  1.058E-43
  85.1  1.05979915E-43
  85.2  1.06159661E-43
  85.3  1.06339235E-43
  85.4  1.06518631E-43
  85.5  1.06697846E-43
  85.6  1.06876875E-43
  85.7  1.07055714E-43
  85.8  1.07234358E-43
  85.9  1.07412803E-43
  86.  1.07591044E-43
  86.1  1.07769077E-43
  86.2  1.07946897E-43
  86.3  1.08124499E-43
  86.4  1.0830188E-43
  86.5  1.08479034E-43
  86.6  1.08655958E-43
  86.7  1.08832645E-43
  86.8  1.09009092E-43
  86.9  1.09185294E-43
  87.  1.09361247E-43
  87.1  1.09536945E-43
  87.2  1.09712384E-43
  87.3  1.0988756E-43
  87.4  1.10062467E-43
  87.5  1.10237101E-43
  87.6  1.10411457E-43
  87.7  1.10585531E-43
  87.8  1.10759317E-43
  87.9  1.1093281E-43
  88.  1.11106007E-43
  88.1  1.11278901E-43
  88.2  1.11451489E-43
  88.3  1.11623765E-43
  88.4  1.11795725E-43
  88.5  1.11967363E-43
  88.6  1.12138675E-43
  88.7  1.12309656E-43
  88.8  1.12480301E-43
  88.9  1.12650604E-43
  89.  1.12820562E-43
  89.1  1.12990168E-43
  89.2  1.13159418E-43
  89.3  1.13328308E-43
  89.4  1.13496831E-43
  89.5  1.13664983E-43
  89.6  1.13832759E-43
  89.7  1.14000154E-43
  89.8  1.14167162E-43
  89.9  1.14333779E-43
  90.  1.145E-43
  90.1  1.14665837E-43
  90.2  1.14831305E-43
  90.3  1.14996403E-43
  90.4  1.15161128E-43
  90.5  1.15325477E-43
  90.6  1.15489449E-43
  90.7  1.15653043E-43
  90.8  1.15816255E-43
  90.9  1.15979083E-43
  91.  1.16141526E-43
  91.1  1.16303582E-43
  91.2  1.16465248E-43
  91.3  1.16626523E-43
  91.4  1.16787403E-43
  91.5  1.16947889E-43
  91.6  1.17107976E-43
  91.7  1.17267664E-43
  91.8  1.17426949E-43
  91.9  1.17585831E-43
  92.  1.17744307E-43
  92.1  1.17902376E-43
  92.2  1.18060034E-43
  92.3  1.1821728E-43
  92.4  1.18374113E-43
  92.5  1.18530529E-43
  92.6  1.18686528E-43
  92.7  1.18842106E-43
  92.8  1.18997263E-43
  92.9  1.19151996E-43
  93.  1.19306302E-43
  93.1  1.19460181E-43
  93.2  1.19613631E-43
  93.3  1.19766648E-43
  93.4  1.19919232E-43
  93.5  1.20071379E-43
  93.6  1.2022309E-43
  93.7  1.2037436E-43
  93.8  1.20525189E-43
  93.9  1.20675575E-43
  94.  1.20825515E-43
  94.1  1.20975008E-43
  94.2  1.21124052E-43
  94.3  1.21272644E-43
  94.4  1.21420784E-43
  94.5  1.21568468E-43
  94.6  1.21715696E-43
  94.7  1.21862465E-43
  94.8  1.22008773E-43
  94.9  1.22154619E-43
  95.  1.223E-43
  95.1  1.22444915E-43
  95.2  1.22589362E-43
  95.3  1.22733339E-43
  95.4  1.22876844E-43
  95.5  1.23019876E-43
  95.6  1.23162432E-43
  95.7  1.23304511E-43
  95.8  1.2344611E-43
  95.9  1.23587229E-43
  96.  1.23727864E-43
  96.1  1.23868016E-43
  96.2  1.2400768E-43
  96.3  1.24146857E-43
  96.4  1.24285544E-43
  96.5  1.24423738E-43
  96.6  1.2456144E-43
  96.7  1.24698646E-43
  96.8  1.24835355E-43
  96.9  1.24971565E-43
  97.  1.25107275E-43
  97.1  1.25242482E-43
  97.2  1.25377185E-43
  97.3  1.25511382E-43
  97.4  1.25645072E-43
  97.5  1.25778253E-43
  97.6  1.25910923E-43
  97.7  1.2604308E-43
  97.8  1.26174723E-43
  97.9  1.2630585E-43
  98.  1.26436459E-43
  98.1  1.26566548E-43
  98.2  1.26696117E-43
  98.3  1.26825163E-43
  98.4  1.26953685E-43
  98.5  1.2708168E-43
  98.6  1.27209148E-43
  98.7  1.27336087E-43
  98.8  1.27462495E-43
  98.9  1.2758837E-43
  99.  1.27713711E-43
  99.1  1.27838517E-43
  99.2  1.27962785E-43
  99.3  1.28086514E-43
  99.4  1.28209702E-43
  99.5  1.28332349E-43
  99.6  1.28454452E-43
  99.7  1.2857601E-43
  99.8  1.28697021E-43
  99.9  1.28817483E-43
  100.  1.28937396E-43
  100.1  1.29056758E-43
  100.2  1.29175566E-43
  100.3  1.29293821E-43
  100.4  1.29411519E-43
  100.5  1.2952866E-43
  100.6  1.29645242E-43
  100.7  1.29761264E-43
  100.8  1.29876723E-43
  100.9  1.2999162E-43
  101.  1.30105952E-43
  101.1  1.30219717E-43
  101.2  1.30332915E-43
  101.3  1.30445544E-43
  101.4  1.30557602E-43
  101.5  1.30669088E-43
  101.6  1.30780001E-43
  101.7  1.30890339E-43
  101.8  1.31000102E-43
  101.9  1.31109286E-43
  102.  1.31217892E-43
  102.1  1.31325917E-43
  102.2  1.31433361E-43
  102.3  1.31540221E-43
  102.4  1.31646498E-43
  102.5  1.31752189E-43
  102.6  1.31857292E-43
  102.7  1.31961808E-43
  102.8  1.32065733E-43
  102.9  1.32169068E-43
  103.  1.32271811E-43
  103.1  1.3237396E-43
  103.2  1.32475514E-43
  103.3  1.32576473E-43
  103.4  1.32676834E-43
  103.5  1.32776596E-43
  103.6  1.32875759E-43
  103.7  1.3297432E-43
  103.8  1.3307228E-43
  103.9  1.33169636E-43
  104.  1.33266387E-43
  104.1  1.33362532E-43
  104.2  1.3345807E-43
  104.3  1.33553001E-43
  104.4  1.33647321E-43
  104.5  1.33741031E-43
  104.6  1.33834129E-43
  104.7  1.33926615E-43
  104.8  1.34018486E-43
  104.9  1.34109743E-43
  105.  1.34200383E-43
  105.1  1.34290405E-43
  105.2  1.3437981E-43
  105.3  1.34468594E-43
  105.4  1.34556758E-43
  105.5  1.34644301E-43
  105.6  1.3473122E-43
  105.7  1.34817516E-43
  105.8  1.34903187E-43
  105.9  1.34988232E-43
  106.  1.3507265E-43
  106.1  1.3515644E-43
  106.2  1.35239601E-43
  106.3  1.35322132E-43
  106.4  1.35404033E-43
  106.5  1.35485301E-43
  106.6  1.35565937E-43
  106.7  1.35645938E-43
  106.8  1.35725305E-43
  106.9  1.35804036E-43
  107.  1.35882131E-43
  107.1  1.35959588E-43
  107.2  1.36036406E-43
  107.3  1.36112585E-43
  107.4  1.36188123E-43
  107.5  1.36263021E-43
  107.6  1.36337276E-43
  107.7  1.36410889E-43
  107.8  1.36483857E-43
  107.9  1.36556182E-43
  108.  1.3662786E-43
  108.1  1.36698892E-43
  108.2  1.36769278E-43
  108.3  1.36839015E-43
  108.4  1.36908103E-43
  108.5  1.36976542E-43
  108.6  1.37044331E-43
  108.7  1.37111469E-43
  108.8  1.37177954E-43
  108.9  1.37243788E-43
  109.  1.37308968E-43
  109.1  1.37373494E-43
  109.2  1.37437365E-43
  109.3  1.3750058E-43
  109.4  1.3756314E-43
  109.5  1.37625043E-43
  109.6  1.37686288E-43
  109.7  1.37746875E-43
  109.8  1.37806803E-43
  109.9  1.37866071E-43
  110.  1.37924679E-43
  110.1  1.37982627E-43
  110.2  1.38039913E-43
  110.3  1.38096537E-43
  110.4  1.38152498E-43
  110.5  1.38207797E-43
  110.6  1.38262431E-43
  110.7  1.38316401E-43
  110.8  1.38369706E-43
  110.9  1.38422345E-43
  111.  1.38474319E-43
  111.1  1.38525626E-43
  111.2  1.38576265E-43
  111.3  1.38626237E-43
  111.4  1.38675541E-43
  111.5  1.38724177E-43
  111.6  1.38772143E-43
  111.7  1.3881944E-43
  111.8  1.38866066E-43
  111.9  1.38912023E-43
  112.  1.38957308E-43
  112.1  1.39001922E-43
  112.2  1.39045864E-43
  112.3  1.39089134E-43
  112.4  1.39131731E-43
  112.5  1.39173655E-43
  112.6  1.39214906E-43
  112.7  1.39255483E-43
  112.8  1.39295386E-43
  112.9  1.39334615E-43
  113.  1.39373169E-43
  113.1  1.39411047E-43
  113.2  1.39448251E-43
  113.3  1.39484778E-43
  113.4  1.39520629E-43
  113.5  1.39555804E-43
  113.6  1.39590302E-43
  113.7  1.39624124E-43
  113.8  1.39657268E-43
  113.9  1.39689735E-43
  114.  1.39721524E-43
  114.1  1.39752635E-43
  114.2  1.39783068E-43
  114.3  1.39812822E-43
  114.4  1.39841898E-43
  114.5  1.39870296E-43
  114.6  1.39898014E-43
  114.7  1.39925053E-43
  114.8  1.39951413E-43
  114.9  1.39977094E-43
  115.  1.40002095E-43
  115.1  1.40026416E-43
  115.2  1.40050058E-43
  115.3  1.4007302E-43
  115.4  1.40095301E-43
  115.5  1.40116903E-43
  115.6  1.40137824E-43
  115.7  1.40158065E-43
  115.8  1.40177626E-43
  115.9  1.40196506E-43
  116.  1.40214706E-43
  116.1  1.40232226E-43
  116.2  1.40249065E-43
  116.3  1.40265224E-43
  116.4  1.40280702E-43
  116.5  1.40295499E-43
  116.6  1.40309617E-43
  116.7  1.40323054E-43
  116.8  1.4033581E-43
  116.9  1.40347886E-43
  117.  1.40359282E-43
  117.1  1.40369998E-43
  117.2  1.40380033E-43
  117.3  1.40389389E-43
  117.4  1.40398064E-43
  117.5  1.4040606E-43
  117.6  1.40413376E-43
  117.7  1.40420013E-43
  117.8  1.4042597E-43
  117.9  1.40431247E-43
  118.  1.40435846E-43
  118.1  1.40439766E-43
  118.2  1.40443007E-43
  118.3  1.40445569E-43
  118.4  1.40447453E-43
  118.5  1.40448659E-43
  118.6  1.40449186E-43
  118.7  1.40449036E-43
  118.8  1.40448209E-43
  118.9  1.40446704E-43
  119.  1.40444523E-43
  119.1  1.40441664E-43
  119.2  1.40438129E-43
  119.3  1.40433918E-43
  119.4  1.40429031E-43
  119.5  1.40423469E-43
  119.6  1.40417231E-43
  119.7  1.40410318E-43
  119.8  1.40402731E-43
  119.9  1.40394469E-43
  120.  1.40385534E-43
  120.1  1.40375925E-43
  120.2  1.40365643E-43
  120.3  1.40354688E-43
  120.4  1.40343061E-43
  120.5  1.40330762E-43
  120.6  1.40317791E-43
  120.7  1.40304149E-43
  120.8  1.40289836E-43
  120.9  1.40274853E-43
  121.  1.40259201E-43
  121.1  1.40242879E-43
  121.2  1.40225888E-43
  121.3  1.40208228E-43
  121.4  1.40189901E-43
  121.5  1.40170906E-43
  121.6  1.40151244E-43
  121.7  1.40130916E-43
  121.8  1.40109922E-43
  121.9  1.40088263E-43
  122.  1.40065939E-43
  122.1  1.40042951E-43
  122.2  1.40019299E-43
  122.3  1.39994984E-43
  122.4  1.39970006E-43
  122.5  1.39944366E-43
  122.6  1.39918065E-43
  122.7  1.39891104E-43
  122.8  1.39863482E-43
  122.9  1.39835201E-43
  123.  1.3980626E-43
  123.1  1.39776662E-43
  123.2  1.39746406E-43
  123.3  1.39715493E-43
  123.4  1.39683924E-43
  123.5  1.396517E-43
  123.6  1.39618821E-43
  123.7  1.39585287E-43
  123.8  1.395511E-43
  123.9  1.39516261E-43
  124.  1.39480769E-43
  124.1  1.39444626E-43
  124.2  1.39407833E-43
  124.3  1.3937039E-43
  124.4  1.39332298E-43
  124.5  1.39293557E-43
  124.6  1.39254169E-43
  124.7  1.39214135E-43
  124.8  1.39173455E-43
  124.9  1.39132129E-43
  125.  1.3909016E-43
  125.1  1.39047547E-43
  125.2  1.39004291E-43
  125.3  1.38960394E-43
  125.4  1.38915856E-43
  125.5  1.38870678E-43
  125.6  1.3882486E-43
  125.7  1.38778405E-43
  125.8  1.38731312E-43
  125.9  1.38683582E-43
  126.  1.38635217E-43
  126.1  1.38586217E-43
  126.2  1.38536583E-43
  126.3  1.38486317E-43
  126.4  1.38435418E-43
  126.5  1.38383889E-43
  126.6  1.3833173E-43
  126.7  1.38278941E-43
  126.8  1.38225524E-43
  126.9  1.38171481E-43
  127.  1.38116811E-43
  127.1  1.38061516E-43
  127.2  1.38005596E-43
  127.3  1.37949054E-43
  127.4  1.37891889E-43
  127.5  1.37834104E-43
  127.6  1.37775698E-43
  127.7  1.37716673E-43
  127.8  1.3765703E-43
  127.9  1.37596771E-43
  128.  1.37535895E-43
  128.1  1.37474405E-43
  128.2  1.37412301E-43
  128.3  1.37349584E-43
  128.4  1.37286256E-43
  128.5  1.37222317E-43
  128.6  1.37157769E-43
  128.7  1.37092612E-43
  128.8  1.37026849E-43
  128.9  1.3696048E-43
  129.  1.36893506E-43
  129.1  1.36825928E-43
  129.2  1.36757748E-43
  129.3  1.36688966E-43
  129.4  1.36619584E-43
  129.5  1.36549603E-43
  129.6  1.36479024E-43
  129.7  1.36407849E-43
  129.8  1.36336079E-43
  129.9  1.36263714E-43
  130.  1.36190756E-43
  130.1  1.36117206E-43
  130.2  1.36043066E-43
  130.3  1.35968336E-43
  130.4  1.35893019E-43
  130.5  1.35817114E-43
  130.6  1.35740624E-43
  130.7  1.3566355E-43
  130.8  1.35585893E-43
  130.9  1.35507653E-43
  131.  1.35428834E-43
  131.1  1.35349435E-43
  131.2  1.35269459E-43
  131.3  1.35188906E-43
  131.4  1.35107777E-43
  131.5  1.35026075E-43
  131.6  1.349438E-43
  131.7  1.34860954E-43
  131.8  1.34777538E-43
  131.9  1.34693553E-43
  132.  1.34609001E-43
  132.1  1.34523883E-43
  132.2  1.34438201E-43
  132.3  1.34351955E-43
  132.4  1.34265148E-43
  132.5  1.34177781E-43
  132.6  1.34089854E-43
  132.7  1.3400137E-43
  132.8  1.3391233E-43
  132.9  1.33822735E-43
  133.  1.33732586E-43
  133.1  1.33641886E-43
  133.2  1.33550635E-43
  133.3  1.33458835E-43
  133.4  1.33366488E-43
  133.5  1.33273594E-43
  133.6  1.33180156E-43
  133.7  1.33086174E-43
  133.8  1.32991651E-43
  133.9  1.32896587E-43
  134.  1.32800984E-43
  134.1  1.32704844E-43
  134.2  1.32608168E-43
  134.3  1.32510958E-43
  134.4  1.32413215E-43
  134.5  1.32314941E-43
  134.6  1.32216136E-43
  134.7  1.32116804E-43
  134.8  1.32016944E-43
  134.9  1.3191656E-43
  135.  1.31815651E-43
  135.1  1.3171422E-43
  135.2  1.31612269E-43
  135.3  1.31509799E-43
  135.4  1.31406811E-43
  135.5  1.31303307E-43
  135.6  1.31199288E-43
  135.7  1.31094757E-43
  135.8  1.30989714E-43
  135.9  1.30884162E-43
  136.  1.30778101E-43
  136.1  1.30671535E-43
  136.2  1.30564463E-43
  136.3  1.30456887E-43
  136.4  1.30348811E-43
  136.5  1.30240234E-43
  136.6  1.30131158E-43
  136.7  1.30021586E-43
  136.8  1.29911518E-43
  136.9  1.29800957E-43
  137.  1.29689904E-43
  137.1  1.2957836E-43
  137.2  1.29466328E-43
  137.3  1.29353809E-43
  137.4  1.29240804E-43
  137.5  1.29127316E-43
  137.6  1.29013346E-43
  137.7  1.28898895E-43
  137.8  1.28783966E-43
  137.9  1.28668559E-43
  138.  1.28552677E-43
  138.1  1.28436322E-43
  138.2  1.28319494E-43
  138.3  1.28202197E-43
  138.4  1.2808443E-43
  138.5  1.27966197E-43
  138.6  1.27847499E-43
  138.7  1.27728337E-43
  138.8  1.27608713E-43
  138.9  1.2748863E-43
  139.  1.27368088E-43
  139.1  1.2724709E-43
  139.2  1.27125636E-43
  139.3  1.2700373E-43
  139.4  1.26881372E-43
  139.5  1.26758565E-43
  139.6  1.2663531E-43
  139.7  1.26511608E-43
  139.8  1.26387463E-43
  139.9  1.26262874E-43
  140.  1.26137845E-43
  140.1  1.26012377E-43
  140.2  1.25886471E-43
  140.3  1.2576013E-43
  140.4  1.25633355E-43
  140.5  1.25506148E-43
  140.6  1.25378511E-43
  140.7  1.25250445E-43
  140.8  1.25121953E-43
  140.9  1.24993036E-43
  141.  1.24863696E-43
  141.1  1.24733934E-43
  141.2  1.24603754E-43
  141.3  1.24473155E-43
  141.4  1.24342141E-43
  141.5  1.24210712E-43
  141.6  1.24078872E-43
  141.7  1.23946621E-43
  141.8  1.23813961E-43
  141.9  1.23680895E-43
  142.  1.23547423E-43
  142.1  1.23413549E-43
  142.2  1.23279273E-43
  142.3  1.23144598E-43
  142.4  1.23009525E-43
  142.5  1.22874057E-43
  142.6  1.22738194E-43
  142.7  1.2260194E-43
  142.8  1.22465295E-43
  142.9  1.22328261E-43
  143.  1.22190842E-43
  143.1  1.22053037E-43
  143.2  1.2191485E-43
  143.3  1.21776281E-43
  143.4  1.21637334E-43
  143.5  1.21498009E-43
  143.6  1.21358309E-43
  143.7  1.21218235E-43
  143.8  1.2107779E-43
  143.9  1.20936975E-43
  144.  1.20795791E-43
  144.1  1.20654242E-43
  144.2  1.20512329E-43
  144.3  1.20370053E-43
  144.4  1.20227417E-43
  144.5  1.20084423E-43
  144.6  1.19941071E-43
  144.7  1.19797365E-43
  144.8  1.19653306E-43
  144.9  1.19508896E-43
  145.  1.19364137E-43
  145.1  1.19219031E-43
  145.2  1.19073579E-43
  145.3  1.18927784E-43
  145.4  1.18781648E-43
  145.5  1.18635171E-43
  145.6  1.18488357E-43
  145.7  1.18341208E-43
  145.8  1.18193724E-43
  145.9  1.18045908E-43
  146.  1.17897762E-43
  146.1  1.17749288E-43
  146.2  1.17600487E-43
  146.3  1.17451363E-43
  146.4  1.17301915E-43
  146.5  1.17152147E-43
  146.6  1.1700206E-43
  146.7  1.16851657E-43
  146.8  1.16700939E-43
  146.9  1.16549907E-43
  147.  1.16398565E-43
  147.1  1.16246914E-43
  147.2  1.16094955E-43
  147.3  1.15942691E-43
  147.4  1.15790124E-43
  147.5  1.15637255E-43
  147.6  1.15484087E-43
  147.7  1.15330621E-43
  147.8  1.15176859E-43
  147.9  1.15022804E-43
  148.  1.14868457E-43
  148.1  1.1471382E-43
  148.2  1.14558894E-43
  148.3  1.14403683E-43
  148.4  1.14248188E-43
  148.5  1.1409241E-43
  148.6  1.13936352E-43
  148.7  1.13780016E-43
  148.8  1.13623403E-43
  148.9  1.13466515E-43
  149.  1.13309355E-43
  149.1  1.13151924E-43
  149.2  1.12994225E-43
  149.3  1.12836258E-43
  149.4  1.12678027E-43
  149.5  1.12519533E-43
  149.6  1.12360777E-43
  149.7  1.12201762E-43
  149.8  1.1204249E-43
  149.9  1.11882963E-43
  150.  1.11723183E-43
  150.1  1.11563151E-43
  150.2  1.11402869E-43
  150.3  1.1124234E-43
  150.4  1.11081565E-43
  150.5  1.10920546E-43
  150.6  1.10759285E-43
  150.7  1.10597785E-43
  150.8  1.10436046E-43
  150.9  1.10274071E-43
  151.  1.10111862E-43
  151.1  1.09949421E-43
  151.2  1.09786749E-43
  151.3  1.09623849E-43
  151.4  1.09460723E-43
  151.5  1.09297372E-43
  151.6  1.09133798E-43
  151.7  1.08970003E-43
  151.8  1.08805989E-43
  151.9  1.08641759E-43
  152.  1.08477313E-43
  152.1  1.08312655E-43
  152.2  1.08147785E-43
  152.3  1.07982705E-43
  152.4  1.07817419E-43
  152.5  1.07651927E-43
  152.6  1.07486231E-43
  152.7  1.07320333E-43
  152.8  1.07154236E-43
  152.9  1.06987941E-43
  153.  1.06821449E-43
  153.1  1.06654764E-43
  153.2  1.06487887E-43
  153.3  1.06320819E-43
  153.4  1.06153562E-43
  153.5  1.05986119E-43
  153.6  1.05818492E-43
  153.7  1.05650682E-43
  153.8  1.05482691E-43
  153.9  1.05314521E-43
  154.  1.05146174E-43
  154.1  1.04977651E-43
  154.2  1.04808955E-43
  154.3  1.04640088E-43
  154.4  1.04471052E-43
  154.5  1.04301847E-43
  154.6  1.04132477E-43
  154.7  1.03962943E-43
  154.8  1.03793247E-43
  154.9  1.0362339E-43
  155.  1.03453376E-43
  155.1  1.03283204E-43
  155.2  1.03112879E-43
  155.3  1.029424E-43
  155.4  1.02771771E-43
  155.5  1.02600992E-43
  155.6  1.02430067E-43
  155.7  1.02258996E-43
  155.8  1.02087781E-43
  155.9  1.01916425E-43
  156.  1.01744929E-43
  156.1  1.01573296E-43
  156.2  1.01401526E-43
  156.3  1.01229622E-43
  156.4  1.01057585E-43
  156.5  1.00885418E-43
  156.6  1.00713123E-43
  156.7  1.005407E-43
  156.8  1.00368152E-43
  156.9  1.00195481E-43
  157.  1.00022689E-43
  157.1  9.98497772E-44
  157.2  9.96767474E-44
  157.3  9.95036017E-44
  157.4  9.93303419E-44
  157.5  9.91569697E-44
  157.6  9.89834869E-44
  157.7  9.88098955E-44
  157.8  9.86361971E-44
  157.9  9.84623936E-44
  158.  9.82884867E-44
  158.1  9.81144784E-44
  158.2  9.79403703E-44
  158.3  9.77661642E-44
  158.4  9.7591862E-44
  158.5  9.74174654E-44
  158.6  9.72429763E-44
  158.7  9.70683962E-44
  158.8  9.68937272E-44
  158.9  9.67189709E-44
  159.  9.6544129E-44
  159.1  9.63692035E-44
  159.2  9.61941959E-44
  159.3  9.60191082E-44
  159.4  9.5843942E-44
  159.5  9.56686991E-44
  159.6  9.54933812E-44
  159.7  9.53179901E-44
  159.8  9.51425276E-44
  159.9  9.49669953E-44
  160.  9.47913951E-44
  160.1  9.46157286E-44
  160.2  9.44399976E-44
  160.3  9.42642038E-44
  160.4  9.4088349E-44
  160.5  9.39124348E-44
  160.6  9.37364629E-44
  160.7  9.35604352E-44
  160.8  9.33843533E-44
  160.9  9.32082188E-44
  161.  9.30320336E-44
  161.1  9.28557993E-44
  161.2  9.26795176E-44
  161.3  9.25031902E-44
  161.4  9.23268189E-44
  161.5  9.21504052E-44
  161.6  9.19739508E-44
  161.7  9.17974575E-44
  161.8  9.16209269E-44
  161.9  9.14443608E-44
  162.  9.12677606E-44
  162.1  9.10911283E-44
  162.2  9.09144652E-44
  162.3  9.07377733E-44
  162.4  9.0561054E-44
  162.5  9.03843091E-44
  162.6  9.02075402E-44
  162.7  9.00307489E-44
  162.8  8.98539369E-44
  162.9  8.96771058E-44
  163.  8.95002573E-44
  163.1  8.93233929E-44
  163.2  8.91465143E-44
  163.3  8.89696231E-44
  163.4  8.87927209E-44
  163.5  8.86158094E-44
  163.6  8.84388901E-44
  163.7  8.82619647E-44
  163.8  8.80850347E-44
  163.9  8.79081018E-44
  164.  8.77311675E-44
  164.1  8.75542334E-44
  164.2  8.73773011E-44
  164.3  8.72003722E-44
  164.4  8.70234482E-44
  164.5  8.68465308E-44
  164.6  8.66696215E-44
  164.7  8.64927218E-44
  164.8  8.63158333E-44
  164.9  8.61389576E-44
  165.  8.59620962E-44
  165.1  8.57852507E-44
  165.2  8.56084226E-44
  165.3  8.54316134E-44
  165.4  8.52548247E-44
  165.5  8.5078058E-44
  165.6  8.49013148E-44
  165.7  8.47245967E-44
  165.8  8.45479051E-44
  165.9  8.43712416E-44
  166.  8.41946077E-44
  166.1  8.40180048E-44
  166.2  8.38414346E-44
  166.3  8.36648984E-44
  166.4  8.34883977E-44
  166.5  8.33119341E-44
  166.6  8.3135509E-44
  166.7  8.2959124E-44
  166.8  8.27827803E-44
  166.9  8.26064797E-44
  167.  8.24302234E-44
  167.1  8.2254013E-44
  167.2  8.20778499E-44
  167.3  8.19017355E-44
  167.4  8.17256713E-44
  167.5  8.15496588E-44
  167.6  8.13736994E-44
  167.7  8.11977944E-44
  167.8  8.10219454E-44
  167.9  8.08461537E-44
  168.  8.06704208E-44
  168.1  8.04947481E-44
  168.2  8.0319137E-44
  168.3  8.01435888E-44
  168.4  7.9968105E-44
  168.5  7.9792687E-44
  168.6  7.96173362E-44
  168.7  7.94420539E-44
  168.8  7.92668415E-44
  168.9  7.90917005E-44
  169.  7.89166321E-44
  169.1  7.87416377E-44
  169.2  7.85667187E-44
  169.3  7.83918765E-44
  169.4  7.82171123E-44
  169.5  7.80424276E-44
  169.6  7.78678237E-44
  169.7  7.76933019E-44
  169.8  7.75188635E-44
  169.9  7.73445099E-44
  170.  7.71702424E-44
