  0.1  7.79035E-51
  0.2  2.17934775E-50
  0.3  3.73561041E-50
  0.4  5.33848337E-50
  0.5  6.95520094E-50
  0.6  8.57460012E-50
  0.7  1.01927013E-49
  0.8  1.18081685E-49
  0.9  1.34206932E-49
  1.  1.50303666E-49
  1.1  1.66374253E-49
  1.2  1.82421432E-49
  1.3  1.98447873E-49
  1.4  2.14456021E-49
  1.5  2.30448029E-49
  1.6  2.46425781E-49
  1.7  2.62390902E-49
  1.8  2.78344797E-49
  1.9  2.94288676E-49
  2.  3.10223589E-49
  2.1  3.26150445E-49
  2.2  3.42070035E-49
  2.3  3.5798304E-49
  2.4  3.73890079E-49
  2.5  3.89791664E-49
  2.6  4.05688272E-49
  2.7  4.21580322E-49
  2.8  4.37468162E-49
  2.9  4.53352129E-49
  3.  4.69232522E-49
  3.1  4.8510959E-49
  3.2  5.00983578E-49
  3.3  5.16854682E-49
  3.4  5.32723103E-49
  3.5  5.48589017E-49
  3.6  5.64452571E-49
  3.7  5.80313922E-49
  3.8  5.96173184E-49
  3.9  6.12030488E-49
  4.  6.27885943E-49
  4.1  6.43739632E-49
  4.2  6.59591671E-49
  4.3  6.7544213E-49
  4.4  6.91291101E-49
  4.5  7.07138646E-49
  4.6  7.22984819E-49
  4.7  7.38829699E-49
  4.8  7.5467335E-49
  4.9  7.70515813E-49
  5.  7.86357143E-49
  5.1  8.02197386E-49
  5.2  8.18036586E-49
  5.3  8.3387478E-49
  5.4  8.4971203E-49
  5.5  8.65548331E-49
  5.6  8.81383754E-49
  5.7  8.972183E-49
  5.8  9.13052033E-49
  5.9  9.28884944E-49
  6.  9.44717088E-49
  6.1  9.60548485E-49
  6.2  9.76379173E-49
  6.3  9.92209131E-49
  6.4  1.0080384E-48
  6.5  1.02386702E-48
  6.6  1.039695E-48
  6.7  1.05552236E-48
  6.8  1.07134909E-48
  6.9  1.08717525E-48
  7.  1.10300084E-48
  7.1  1.11882585E-48
  7.2  1.13465031E-48
  7.3  1.15047425E-48
  7.4  1.16629768E-48
  7.5  1.1821206E-48
  7.6  1.19794303E-48
  7.7  1.21376495E-48
  7.8  1.22958644E-48
  7.9  1.24540743E-48
  8.  1.26122798E-48
  8.1  1.27704808E-48
  8.2  1.29286778E-48
  8.3  1.30868703E-48
  8.4  1.32450589E-48
  8.5  1.34032434E-48
  8.6  1.35614238E-48
  8.7  1.37196002E-48
  8.8  1.38777732E-48
  8.9  1.40359416E-48
  9.  1.41941072E-48
  9.1  1.43522688E-48
  9.2  1.45104268E-48
  9.3  1.46685814E-48
  9.4  1.48267323E-48
  9.5  1.49848803E-48
  9.6  1.51430249E-48
  9.7  1.53011657E-48
  9.8  1.54593038E-48
  9.9  1.56174384E-48
  10.  1.57755703E-48
  10.1  1.59336989E-48
  10.2  1.60918245E-48
  10.3  1.62499474E-48
  10.4  1.64080671E-48
  10.5  1.65661837E-48
  10.6  1.67242976E-48
  10.7  1.68824088E-48
  10.8  1.70405171E-48
  10.9  1.7198623E-48
  11.  1.73567254E-48
  11.1  1.75148263E-48
  11.2  1.76729237E-48
  11.3  1.78310189E-48
  11.4  1.79891117E-48
  11.5  1.81472014E-48
  11.6  1.83052891E-48
  11.7  1.8463374E-48
  11.8  1.86214568E-48
  11.9  1.8779537E-48
  12.  1.8937615E-48
  12.1  1.90956903E-48
  12.2  1.92537633E-48
  12.3  1.94118343E-48
  12.4  1.95699029E-48
  12.5  1.97279695E-48
  12.6  1.98860336E-48
  12.7  2.00440956E-48
  12.8  2.02021556E-48
  12.9  2.03602128E-48
  13.  2.05182687E-48
  13.1  2.06763221E-48
  13.2  2.08343734E-48
  13.3  2.09924228E-48
  13.4  2.11504697E-48
  13.5  2.13085153E-48
  13.6  2.14665583E-48
  13.7  2.16245994E-48
  13.8  2.17826392E-48
  13.9  2.19406765E-48
  14.  2.20987117E-48
  14.1  2.22567456E-48
  14.2  2.24147772E-48
  14.3  2.25728069E-48
  14.4  2.27308346E-48
  14.5  2.28888608E-48
  14.6  2.30468853E-48
  14.7  2.32049079E-48
  14.8  2.33629281E-48
  14.9  2.35209474E-48
  15.  2.36789644E-48
  15.1  2.38369795E-48
  15.2  2.39949936E-48
  15.3  2.41530051E-48
  15.4  2.43110154E-48
  15.5  2.44690241E-48
  15.6  2.46270309E-48
  15.7  2.47850362E-48
  15.8  2.49430396E-48
  15.9  2.51010418E-48
  16.  2.52590424E-48
  16.1  2.54170403E-48
  16.2  2.55750374E-48
  16.3  2.57330333E-48
  16.4  2.58910277E-48
  16.5  2.60490197E-48
  16.6  2.62070103E-48
  16.7  2.6365E-48
  16.8  2.65229874E-48
  16.9  2.66809744E-48
  17.  2.68389587E-48
  17.1  2.69969416E-48
  17.2  2.71549233E-48
  17.3  2.73129038E-48
  17.4  2.74708828E-48
  17.5  2.76288602E-48
  17.6  2.77868353E-48
  17.7  2.79448098E-48
  17.8  2.81027833E-48
  17.9  2.82607553E-48
  18.  2.84187251E-48
  18.1  2.8576694E-48
  18.2  2.87346616E-48
  18.3  2.88926274E-48
  18.4  2.90505922E-48
  18.5  2.92085557E-48
  18.6  2.93665176E-48
  18.7  2.95244779E-48
  18.8  2.96824373E-48
  18.9  2.98403953E-48
  19.  2.99983521E-48
  19.1  3.01563076E-48
  19.2  3.03142613E-48
  19.3  3.04722139E-48
  19.4  3.06301653E-48
  19.5  3.07881154E-48
  19.6  3.09460646E-48
  19.7  3.11040125E-48
  19.8  3.12619584E-48
  19.9  3.14199029E-48
  20.  3.15778473E-48
  20.1  3.17357899E-48
  20.2  3.18937315E-48
  20.3  3.2051671E-48
  20.4  3.22096104E-48
  20.5  3.23675482E-48
  20.6  3.25254844E-48
  20.7  3.268342E-48
  20.8  3.28413541E-48
  20.9  3.29992865E-48
  21.  3.31572183E-48
  21.1  3.33151496E-48
  21.2  3.34730784E-48
  21.3  3.36310071E-48
  21.4  3.37889338E-48
  21.5  3.39468594E-48
  21.6  3.41047849E-48
  21.7  3.42627089E-48
  21.8  3.44206316E-48
  21.9  3.45785532E-48
  22.  3.47364728E-48
  22.1  3.48943921E-48
  22.2  3.50523102E-48
  22.3  3.52102274E-48
  22.4  3.5368143E-48
  22.5  3.55260573E-48
  22.6  3.5683971E-48
  22.7  3.58418834E-48
  22.8  3.59997955E-48
  22.9  3.61577059E-48
  23.  3.63156145E-48
  23.1  3.64735237E-48
  23.2  3.66314312E-48
  23.3  3.6789337E-48
  23.4  3.69472427E-48
  23.5  3.71051467E-48
  23.6  3.72630491E-48
  23.7  3.74209517E-48
  23.8  3.75788528E-48
  23.9  3.77367526E-48
  24.  3.78946522E-48
  24.1  3.80525494E-48
  24.2  3.82104467E-48
  24.3  3.83683422E-48
  24.4  3.85262376E-48
  24.5  3.86841319E-48
  24.6  3.88420249E-48
  24.7  3.89999166E-48
  24.8  3.91578074E-48
  24.9  3.9315698E-48
  25.  3.94735869E-48
  25.1  3.96314752E-48
  25.2  3.97893612E-48
  25.3  3.99472482E-48
  25.4  4.01051338E-48
  25.5  4.02630175E-48
  25.6  4.04209013E-48
  25.7  4.05787833E-48
  25.8  4.07366647E-48
  25.9  4.08945453E-48
  26.  4.1052425E-48
  26.1  4.12103032E-48
  26.2  4.13681814E-48
  26.3  4.15260576E-48
  26.4  4.16839338E-48
  26.5  4.18418084E-48
  26.6  4.19996831E-48
  26.7  4.2157556E-48
  26.8  4.23154277E-48
  26.9  4.24732987E-48
  27.  4.26311698E-48
  27.1  4.27890393E-48
  27.2  4.29469084E-48
  27.3  4.31047757E-48
  27.4  4.32626421E-48
  27.5  4.34205083E-48
  27.6  4.35783732E-48
  27.7  4.37362382E-48
  27.8  4.38941014E-48
  27.9  4.40519634E-48
  28.  4.42098245E-48
  28.1  4.43676853E-48
  28.2  4.45255456E-48
  28.3  4.46834053E-48
  28.4  4.48412634E-48
  28.5  4.49991199E-48
  28.6  4.5156977E-48
  28.7  4.53148331E-48
  28.8  4.54726879E-48
  28.9  4.56305422E-48
  29.  4.57883937E-48
  29.1  4.59462462E-48
  29.2  4.61040983E-48
  29.3  4.62619493E-48
  29.4  4.64197993E-48
  29.5  4.65776476E-48
  29.6  4.67354963E-48
  29.7  4.68933432E-48
  29.8  4.70511896E-48
  29.9  4.72090366E-48
  30.  4.73668814E-48
  30.1  4.7524725E-48
  30.2  4.76825682E-48
  30.3  4.78404116E-48
  30.4  4.7998253E-48
  30.5  4.81560947E-48
  30.6  4.83139338E-48
  30.7  4.84717734E-48
  30.8  4.86296122E-48
  30.9  4.87874504E-48
  31.  4.89452875E-48
  31.1  4.91031238E-48
  31.2  4.92609592E-48
  31.3  4.94187939E-48
  31.4  4.95766276E-48
  31.5  4.9734462E-48
  31.6  4.9892293E-48
  31.7  5.00501257E-48
  31.8  5.02079563E-48
  31.9  5.03657868E-48
  32.  5.05236166E-48
  32.1  5.06814443E-48
  32.2  5.08392729E-48
  32.3  5.09970997E-48
  32.4  5.1154927E-48
  32.5  5.13127514E-48
  32.6  5.14705762E-48
  32.7  5.16284025E-48
  32.8  5.17862251E-48
  32.9  5.19440484E-48
  33.  5.21018691E-48
  33.1  5.22596904E-48
  33.2  5.24175121E-48
  33.3  5.25753311E-48
  33.4  5.2733151E-48
  33.5  5.28909694E-48
  33.6  5.30487862E-48
  33.7  5.32066055E-48
  33.8  5.3364419E-48
  33.9  5.3522236E-48
  34.  5.36800509E-48
  34.1  5.38378641E-48
  34.2  5.39956787E-48
  34.3  5.41534916E-48
  34.4  5.43113043E-48
  34.5  5.44691141E-48
  34.6  5.46269261E-48
  34.7  5.47847355E-48
  34.8  5.49425453E-48
  34.9  5.51003545E-48
  35.  5.52581625E-48
  35.1  5.54159696E-48
  35.2  5.55737748E-48
  35.3  5.57315806E-48
  35.4  5.5889387E-48
  35.5  5.60471908E-48
  35.6  5.62049959E-48
  35.7  5.63627982E-48
  35.8  5.65206012E-48
  35.9  5.66784031E-48
  36.  5.68362043E-48
  36.1  5.6994006E-48
  36.2  5.71518036E-48
  36.3  5.73096031E-48
  36.4  5.74674014E-48
  36.5  5.76251999E-48
  36.6  5.7782997E-48
  36.7  5.79407937E-48
  36.8  5.80985901E-48
  36.9  5.82563852E-48
  37.  5.84141795E-48
  37.1  5.8571974E-48
  37.2  5.87297656E-48
  37.3  5.88875598E-48
  37.4  5.90453524E-48
  37.5  5.92031425E-48
  37.6  5.93609345E-48
  37.7  5.95187244E-48
  37.8  5.96765136E-48
  37.9  5.98343021E-48
  38.  5.99920897E-48
  38.1  6.01498784E-48
  38.2  6.03076644E-48
  38.3  6.04654521E-48
  38.4  6.06232369E-48
  38.5  6.07810216E-48
  38.6  6.09388075E-48
  38.7  6.10965897E-48
  38.8  6.12543755E-48
  38.9  6.14121564E-48
  39.  6.15699371E-48
  39.1  6.17277207E-48
  39.2  6.18854997E-48
  39.3  6.20432816E-48
  39.4  6.22010606E-48
  39.5  6.2358841E-48
  39.6  6.25166169E-48
  39.7  6.2674395E-48
  39.8  6.28321732E-48
  39.9  6.29899481E-48
  40.  6.31477252E-48
  40.1  6.33055006E-48
  40.2  6.34632735E-48
  40.3  6.36210498E-48
  40.4  6.37788233E-48
  40.5  6.39365954E-48
  40.6  6.40943678E-48
  40.7  6.42521392E-48
  40.8  6.44099125E-48
  40.9  6.45676806E-48
  41.  6.4725453E-48
  41.1  6.48832209E-48
  41.2  6.50409889E-48
  41.3  6.51987589E-48
  41.4  6.53565249E-48
  41.5  6.55142936E-48
  41.6  6.56720596E-48
  41.7  6.5829825E-48
  41.8  6.59875904E-48
  41.9  6.6145355E-48
  42.  6.63031206E-48
  42.1  6.64608825E-48
  42.2  6.66186482E-48
  42.3  6.67764106E-48
  42.4  6.69341713E-48
  42.5  6.70919339E-48
  42.6  6.72496929E-48
  42.7  6.74074543E-48
  42.8  6.75652142E-48
  42.9  6.77229727E-48
  43.  6.78807307E-48
  43.1  6.80384898E-48
  43.2  6.81962467E-48
  43.3  6.83540035E-48
  43.4  6.85117586E-48
  43.5  6.86695159E-48
  43.6  6.88272709E-48
  43.7  6.89850258E-48
  43.8  6.91427805E-48
  43.9  6.93005325E-48
  44.  6.94582875E-48
  44.1  6.96160386E-48
  44.2  6.97737924E-48
  44.3  6.99315431E-48
  44.4  7.00892937E-48
  44.5  7.02470442E-48
  44.6  7.04047927E-48
  44.7  7.05625435E-48
  44.8  7.07202926E-48
  44.9  7.08780419E-48
  45.  7.10357875E-48
  45.1  7.11935339E-48
  45.2  7.13512821E-48
  45.3  7.15090276E-48
  45.4  7.16667743E-48
  45.5  7.18245184E-48
  45.6  7.1982262E-48
  45.7  7.21400091E-48
  45.8  7.2297751E-48
  45.9  7.24554936E-48
  46.  7.26132355E-48
  46.1  7.27709772E-48
  46.2  7.29287199E-48
  46.3  7.30864615E-48
  46.4  7.32442011E-48
  46.5  7.34019396E-48
  46.6  7.35596783E-48
  46.7  7.37174183E-48
  46.8  7.38751555E-48
  46.9  7.40328948E-48
  47.  7.41906326E-48
  47.1  7.43483698E-48
  47.2  7.45061047E-48
  47.3  7.46638415E-48
  47.4  7.4821576E-48
  47.5  7.49793109E-48
  47.6  7.51370453E-48
  47.7  7.52947791E-48
  47.8  7.54525123E-48
  47.9  7.56102453E-48
  48.  7.57679762E-48
  48.1  7.59257098E-48
  48.2  7.608344E-48
  48.3  7.62411698E-48
  48.4  7.63989006E-48
  48.5  7.65566302E-48
  48.6  7.67143612E-48
  48.7  7.68720874E-48
  48.8  7.70298173E-48
  48.9  7.71875442E-48
  49.  7.7345272E-48
  49.1  7.75029997E-48
  49.2  7.76607254E-48
  49.3  7.78184499E-48
  49.4  7.79761763E-48
  49.5  7.81339001E-48
  49.6  7.8291626E-48
  49.7  7.84493486E-48
  49.8  7.86070737E-48
  49.9  7.87647947E-48
  50.  7.89225184E-48
  50.1  7.9080241E-48
  50.2  7.92379604E-48
  50.3  7.93956824E-48
  50.4  7.95534042E-48
  50.5  7.97111219E-48
  50.6  7.98688429E-48
  50.7  8.00265619E-48
  50.8  8.01842808E-48
  50.9  8.03419991E-48
  51.  8.04997142E-48
  51.1  8.06574328E-48
  51.2  8.08151509E-48
  51.3  8.09728673E-48
  51.4  8.1130582E-48
  51.5  8.12882958E-48
  51.6  8.14460124E-48
  51.7  8.16037256E-48
  51.8  8.17614415E-48
  51.9  8.19191535E-48
  52.  8.20768669E-48
  52.1  8.22345798E-48
  52.2  8.23922908E-48
  52.3  8.25500039E-48
  52.4  8.27077146E-48
  52.5  8.2865427E-48
  52.6  8.30231357E-48
  52.7  8.31808439E-48
  52.8  8.33385547E-48
  52.9  8.34962636E-48
  53.  8.36539745E-48
  53.1  8.38116813E-48
  53.2  8.39693862E-48
  53.3  8.41270957E-48
  53.4  8.42848003E-48
  53.5  8.44425083E-48
  53.6  8.46002137E-48
  53.7  8.47579183E-48
  53.8  8.49156233E-48
  53.9  8.50733276E-48
  54.  8.52310323E-48
  54.1  8.5388735E-48
  54.2  8.55464376E-48
  54.3  8.57041419E-48
  54.4  8.58618435E-48
  54.5  8.60195456E-48
  54.6  8.61772458E-48
  54.7  8.6334945E-48
  54.8  8.64926479E-48
  54.9  8.66503461E-48
  55.  8.68080486E-48
  55.1  8.69657471E-48
  55.2  8.71234444E-48
  55.3  8.72811426E-48
  55.4  8.743884E-48
  55.5  8.75965388E-48
  55.6  8.7754236E-48
  55.7  8.7911932E-48
  55.8  8.80696282E-48
  55.9  8.82273227E-48
  56.  8.83850179E-48
  56.1  8.85427131E-48
  56.2  8.87004087E-48
  56.3  8.88581023E-48
  56.4  8.9015795E-48
  56.5  8.91734896E-48
  56.6  8.93311803E-48
  56.7  8.94888746E-48
  56.8  8.96465636E-48
  56.9  8.98042559E-48
  57.  8.99619468E-48
  57.1  9.01196375E-48
  57.2  9.02773299E-48
  57.3  9.0435018E-48
  57.4  9.05927072E-48
  57.5  9.07503958E-48
  57.6  9.09080828E-48
  57.7  9.10657732E-48
  57.8  9.12234603E-48
  57.9  9.13811488E-48
  58.  9.15388348E-48
  58.1  9.16965195E-48
  58.2  9.18542071E-48
  58.3  9.20118919E-48
  58.4  9.21695779E-48
  58.5  9.23272617E-48
  58.6  9.24849444E-48
  58.7  9.26426313E-48
  58.8  9.28003134E-48
  58.9  9.29579962E-48
  59.  9.31156806E-48
  59.1  9.32733613E-48
  59.2  9.34310442E-48
  59.3  9.35887227E-48
  59.4  9.37464058E-48
  59.5  9.39040863E-48
  59.6  9.40617652E-48
  59.7  9.42194461E-48
  59.8  9.43771252E-48
  59.9  9.45348054E-48
  60.  9.46924835E-48
  60.1  9.48501625E-48
  60.2  9.50078406E-48
  60.3  9.51655155E-48
  60.4  9.5323195E-48
  60.5  9.54808705E-48
  60.6  9.56385472E-48
  60.7  9.57962226E-48
  60.8  9.59538969E-48
  60.9  9.61115731E-48
  61.  9.62692471E-48
  61.1  9.64269224E-48
  61.2  9.65845948E-48
  61.3  9.67422685E-48
  61.4  9.68999429E-48
  61.5  9.70576139E-48
  61.6  9.72152884E-48
  61.7  9.73729596E-48
  61.8  9.75306291E-48
  61.9  9.76883008E-48
  62.  9.78459715E-48
  62.1  9.80036437E-48
  62.2  9.8161312E-48
  62.3  9.83189805E-48
  62.4  9.84766527E-48
  62.5  9.86343212E-48
  62.6  9.87919895E-48
  62.7  9.89496564E-48
  62.8  9.91073269E-48
  62.9  9.92649889E-48
  63.  9.94226551E-48
  63.1  9.95803283E-48
  63.2  9.97379907E-48
  63.3  9.98956569E-48
  63.4  1.00053324E-47
  63.5  1.00210986E-47
  63.6  1.00368655E-47
  63.7  1.00526315E-47
  63.8  1.00683977E-47
  63.9  1.00841644E-47
  64.  1.00999306E-47
  64.1  1.0115697E-47
  64.2  1.01314631E-47
  64.3  1.01472295E-47
  64.4  1.01629955E-47
  64.5  1.01787617E-47
  64.6  1.01945278E-47
  64.7  1.02102937E-47
  64.8  1.02260594E-47
  64.9  1.02418257E-47
  65.  1.02575917E-47
  65.1  1.02733573E-47
  65.2  1.02891234E-47
  65.3  1.03048892E-47
  65.4  1.03206551E-47
  65.5  1.03364206E-47
  65.6  1.03521867E-47
  65.7  1.03679523E-47
  65.8  1.03837175E-47
  65.9  1.03994835E-47
  66.  1.0415249E-47
  66.1  1.04310144E-47
  66.2  1.04467798E-47
  66.3  1.04625455E-47
  66.4  1.0478311E-47
  66.5  1.04940761E-47
  66.6  1.05098418E-47
  66.7  1.05256072E-47
  66.8  1.05413719E-47
  66.9  1.05571374E-47
  67.  1.05729026E-47
  67.1  1.05886679E-47
  67.2  1.06044328E-47
  67.3  1.0620198E-47
  67.4  1.06359631E-47
  67.5  1.06517279E-47
  67.6  1.06674928E-47
  67.7  1.06832582E-47
  67.8  1.06990229E-47
  67.9  1.07147877E-47
  68.  1.07305529E-47
  68.1  1.07463176E-47
  68.2  1.07620824E-47
  68.3  1.0777847E-47
  68.4  1.0793612E-47
  68.5  1.08093764E-47
  68.6  1.0825141E-47
  68.7  1.08409058E-47
  68.8  1.085667E-47
  68.9  1.08724347E-47
  69.  1.08881994E-47
  69.1  1.09039639E-47
  69.2  1.0919728E-47
  69.3  1.09354923E-47
  69.4  1.09512569E-47
  69.5  1.09670211E-47
  69.6  1.09827853E-47
  69.7  1.09985496E-47
  69.8  1.10143142E-47
  69.9  1.10300778E-47
  70.  1.10458422E-47
  70.1  1.10616065E-47
  70.2  1.10773702E-47
  70.3  1.10931345E-47
  70.4  1.11088984E-47
  70.5  1.11246623E-47
  70.6  1.11404265E-47
  70.7  1.11561904E-47
  70.8  1.11719541E-47
  70.9  1.11877179E-47
  71.  1.12034817E-47
  71.1  1.12192458E-47
  71.2  1.12350092E-47
  71.3  1.1250773E-47
  71.4  1.12665367E-47
  71.5  1.12823005E-47
  71.6  1.12980641E-47
  71.7  1.13138275E-47
  71.8  1.13295911E-47
  71.9  1.13453544E-47
  72.  1.13611179E-47
  72.1  1.13768815E-47
  72.2  1.13926445E-47
  72.3  1.14084081E-47
  72.4  1.14241716E-47
  72.5  1.14399349E-47
  72.6  1.14556979E-47
  72.7  1.14714615E-47
  72.8  1.14872245E-47
  72.9  1.15029875E-47
  73.  1.15187508E-47
  73.1  1.1534514E-47
  73.2  1.15502769E-47
  73.3  1.15660398E-47
  73.4  1.15818029E-47
  73.5  1.15975665E-47
  73.6  1.1613329E-47
  73.7  1.16290917E-47
  73.8  1.1644855E-47
  73.9  1.16606173E-47
  74.  1.16763801E-47
  74.1  1.16921434E-47
  74.2  1.17079062E-47
  74.3  1.17236686E-47
  74.4  1.17394315E-47
  74.5  1.17551942E-47
  74.6  1.17709565E-47
  74.7  1.17867189E-47
  74.8  1.18024819E-47
  74.9  1.18182438E-47
  75.  1.18340066E-47
  75.1  1.1849769E-47
  75.2  1.18655317E-47
  75.3  1.18812939E-47
  75.4  1.18970562E-47
  75.5  1.19128189E-47
  75.6  1.19285808E-47
  75.7  1.1944343E-47
  75.8  1.19601052E-47
  75.9  1.19758672E-47
  76.  1.19916299E-47
  76.1  1.20073919E-47
  76.2  1.20231541E-47
  76.3  1.20389158E-47
  76.4  1.2054678E-47
  76.5  1.20704404E-47
  76.6  1.2086202E-47
  76.7  1.21019638E-47
  76.8  1.21177259E-47
  76.9  1.21334878E-47
  77.  1.21492494E-47
  77.1  1.21650114E-47
  77.2  1.21807732E-47
  77.3  1.21965348E-47
  77.4  1.22122968E-47
  77.5  1.22280585E-47
  77.6  1.22438199E-47
  77.7  1.22595814E-47
  77.8  1.22753434E-47
  77.9  1.22911049E-47
  78.  1.23068661E-47
  78.1  1.23226278E-47
  78.2  1.23383893E-47
  78.3  1.23541504E-47
  78.4  1.23699122E-47
  78.5  1.23856736E-47
  78.6  1.24014346E-47
  78.7  1.24171958E-47
  78.8  1.24329575E-47
  78.9  1.2448719E-47
  79.  1.24644797E-47
  79.1  1.2480241E-47
  79.2  1.24960023E-47
  79.3  1.2511763E-47
  79.4  1.25275246E-47
  79.5  1.25432858E-47
  79.6  1.25590468E-47
  79.7  1.25748075E-47
  79.8  1.25905687E-47
  79.9  1.26063297E-47
  80.  1.26220901E-47
  80.1  1.26378512E-47
  80.2  1.26536124E-47
  80.3  1.26693729E-47
  80.4  1.26851341E-47
  80.5  1.27008946E-47
  80.6  1.27166556E-47
  80.7  1.27324159E-47
  80.8  1.27481767E-47
  80.9  1.27639376E-47
  81.  1.27796979E-47
  81.1  1.27954588E-47
  81.2  1.28112192E-47
  81.3  1.28269797E-47
  81.4  1.28427401E-47
  81.5  1.28585008E-47
  81.6  1.28742614E-47
  81.7  1.28900214E-47
  81.8  1.29057818E-47
  81.9  1.29215423E-47
  82.  1.29373023E-47
  82.1  1.29530629E-47
  82.2  1.29688235E-47
  82.3  1.29845836E-47
  82.4  1.30003437E-47
  82.5  1.30161038E-47
  82.6  1.3031864E-47
  82.7  1.30476238E-47
  82.8  1.30633839E-47
  82.9  1.30791442E-47
  83.  1.30949039E-47
  83.1  1.31106641E-47
  83.2  1.31264243E-47
  83.3  1.31421845E-47
  83.4  1.31579439E-47
  83.5  1.3173704E-47
  83.6  1.31894638E-47
  83.7  1.32052236E-47
  83.8  1.32209831E-47
  83.9  1.32367433E-47
  84.  1.32525027E-47
  84.1  1.32682625E-47
  84.2  1.32840224E-47
  84.3  1.32997822E-47
  84.4  1.33155417E-47
  84.5  1.33313011E-47
  84.6  1.33470608E-47
  84.7  1.33628199E-47
  84.8  1.33785794E-47
  84.9  1.33943392E-47
  85.  1.34100986E-47
  85.1  1.3425858E-47
  85.2  1.34416175E-47
  85.3  1.34573769E-47
  85.4  1.34731363E-47
  85.5  1.34888955E-47
  85.6  1.35046547E-47
  85.7  1.35204138E-47
  85.8  1.35361733E-47
  85.9  1.35519325E-47
  86.  1.35676921E-47
  86.1  1.35834508E-47
  86.2  1.35992097E-47
  86.3  1.36149692E-47
  86.4  1.36307278E-47
  86.5  1.36464871E-47
  86.6  1.36622461E-47
  86.7  1.3678005E-47
  86.8  1.3693764E-47
  86.9  1.37095228E-47
  87.  1.3725282E-47
  87.1  1.37410406E-47
  87.2  1.37567995E-47
  87.3  1.37725583E-47
  87.4  1.37883166E-47
  87.5  1.38040758E-47
  87.6  1.38198344E-47
  87.7  1.38355936E-47
  87.8  1.38513518E-47
  87.9  1.38671106E-47
  88.  1.38828696E-47
  88.1  1.38986275E-47
  88.2  1.39143864E-47
  88.3  1.39301448E-47
  88.4  1.39459032E-47
  88.5  1.39616617E-47
  88.6  1.39774203E-47
  88.7  1.39931788E-47
  88.8  1.40089372E-47
  88.9  1.40246956E-47
  89.  1.40404542E-47
  89.1  1.4056212E-47
  89.2  1.40719701E-47
  89.3  1.40877287E-47
  89.4  1.41034866E-47
  89.5  1.41192451E-47
  89.6  1.41350032E-47
  89.7  1.41507616E-47
  89.8  1.41665193E-47
  89.9  1.41822776E-47
  90.  1.41980358E-47
  90.1  1.42137937E-47
  90.2  1.42295516E-47
  90.3  1.42453098E-47
  90.4  1.42610677E-47
  90.5  1.42768254E-47
  90.6  1.42925836E-47
  90.7  1.43083415E-47
  90.8  1.43240988E-47
  90.9  1.43398571E-47
  91.  1.43556151E-47
  91.1  1.43713726E-47
  91.2  1.43871302E-47
  91.3  1.4402888E-47
  91.4  1.44186458E-47
  91.5  1.44344032E-47
  91.6  1.44501609E-47
  91.7  1.4465919E-47
  91.8  1.44816764E-47
  91.9  1.44974338E-47
  92.  1.45131912E-47
  92.1  1.45289487E-47
  92.2  1.45447064E-47
  92.3  1.45604638E-47
  92.4  1.45762212E-47
  92.5  1.45919783E-47
  92.6  1.46077359E-47
  92.7  1.46234934E-47
  92.8  1.46392506E-47
  92.9  1.46550077E-47
  93.  1.46707652E-47
  93.1  1.46865227E-47
  93.2  1.47022793E-47
  93.3  1.47180368E-47
  93.4  1.47337945E-47
  93.5  1.47495511E-47
  93.6  1.47653081E-47
  93.7  1.47810655E-47
  93.8  1.47968224E-47
  93.9  1.48125795E-47
  94.  1.48283364E-47
  94.1  1.48440935E-47
  94.2  1.48598503E-47
  94.3  1.48756075E-47
  94.4  1.48913643E-47
  94.5  1.49071212E-47
  94.6  1.4922878E-47
  94.7  1.49386349E-47
  94.8  1.49543918E-47
  94.9  1.49701484E-47
  95.  1.49859052E-47
  95.1  1.50016619E-47
  95.2  1.50174186E-47
  95.3  1.50331751E-47
  95.4  1.5048932E-47
  95.5  1.50646882E-47
  95.6  1.50804451E-47
  95.7  1.50962018E-47
  95.8  1.51119581E-47
  95.9  1.51277148E-47
  96.  1.51434712E-47
  96.1  1.51592279E-47
  96.2  1.51749841E-47
  96.3  1.51907407E-47
  96.4  1.52064972E-47
  96.5  1.52222531E-47
  96.6  1.52380097E-47
  96.7  1.52537661E-47
  96.8  1.52695224E-47
  96.9  1.52852787E-47
  97.  1.53010347E-47
  97.1  1.53167912E-47
  97.2  1.5332547E-47
  97.3  1.53483033E-47
  97.4  1.53640596E-47
  97.5  1.53798158E-47
  97.6  1.53955716E-47
  97.7  1.54113278E-47
  97.8  1.54270842E-47
  97.9  1.54428398E-47
  98.  1.5458596E-47
  98.1  1.54743519E-47
  98.2  1.54901077E-47
  98.3  1.5505864E-47
  98.4  1.552162E-47
  98.5  1.55373757E-47
  98.6  1.55531311E-47
  98.7  1.55688876E-47
  98.8  1.55846431E-47
  98.9  1.56003989E-47
  99.  1.56161548E-47
  99.1  1.56319102E-47
  99.2  1.56476657E-47
  99.3  1.56634216E-47
  99.4  1.56791771E-47
  99.5  1.5694933E-47
  99.6  1.57106884E-47
  99.7  1.57264442E-47
  99.8  1.57422E-47
  99.9  1.57579552E-47
  100.  1.57737108E-47
  100.1  1.57894665E-47
  100.2  1.5805222E-47
  100.3  1.5820977E-47
  100.4  1.58367327E-47
  100.5  1.58524878E-47
  100.6  1.58682431E-47
  100.7  1.58839985E-47
  100.8  1.58997541E-47
  100.9  1.59155092E-47
  101.  1.59312645E-47
  101.1  1.59470199E-47
  101.2  1.59627753E-47
  101.3  1.59785303E-47
  101.4  1.59942854E-47
  101.5  1.60100406E-47
  101.6  1.60257958E-47
  101.7  1.60415506E-47
  101.8  1.60573058E-47
  101.9  1.60730607E-47
  102.  1.60888157E-47
  102.1  1.6104571E-47
  102.2  1.61203263E-47
  102.3  1.61360808E-47
  102.4  1.61518355E-47
  102.5  1.61675909E-47
  102.6  1.61833452E-47
  102.7  1.61991004E-47
  102.8  1.62148555E-47
  102.9  1.62306101E-47
  103.  1.62463649E-47
  103.1  1.62621195E-47
  103.2  1.62778746E-47
  103.3  1.62936288E-47
  103.4  1.63093835E-47
  103.5  1.63251386E-47
  103.6  1.63408929E-47
  103.7  1.63566476E-47
  103.8  1.63724023E-47
  103.9  1.63881572E-47
  104.  1.64039113E-47
  104.1  1.64196661E-47
  104.2  1.64354203E-47
  104.3  1.6451175E-47
  104.4  1.64669294E-47
  104.5  1.6482684E-47
  104.6  1.6498438E-47
  104.7  1.65141923E-47
  104.8  1.65299473E-47
  104.9  1.65457016E-47
  105.  1.65614554E-47
  105.1  1.65772099E-47
  105.2  1.65929642E-47
  105.3  1.6608718E-47
  105.4  1.66244729E-47
  105.5  1.6640227E-47
  105.6  1.66559814E-47
  105.7  1.66717351E-47
  105.8  1.66874894E-47
  105.9  1.67032439E-47
  106.  1.67189974E-47
  106.1  1.67347515E-47
  106.2  1.67505056E-47
  106.3  1.67662598E-47
  106.4  1.67820135E-47
  106.5  1.67977676E-47
  106.6  1.6813522E-47
  106.7  1.68292753E-47
  106.8  1.68450298E-47
  106.9  1.68607832E-47
  107.  1.68765368E-47
  107.1  1.68922912E-47
  107.2  1.69080446E-47
  107.3  1.69237986E-47
  107.4  1.69395525E-47
  107.5  1.69553063E-47
  107.6  1.69710603E-47
  107.7  1.69868136E-47
  107.8  1.70025674E-47
  107.9  1.70183211E-47
  108.  1.70340743E-47
  108.1  1.70498285E-47
  108.2  1.70655818E-47
  108.3  1.70813355E-47
  108.4  1.70970887E-47
  108.5  1.71128422E-47
  108.6  1.71285962E-47
  108.7  1.71443492E-47
  108.8  1.71601026E-47
  108.9  1.71758563E-47
  109.  1.71916096E-47
  109.1  1.72073629E-47
  109.2  1.72231168E-47
  109.3  1.723887E-47
  109.4  1.72546228E-47
  109.5  1.72703766E-47
  109.6  1.72861299E-47
  109.7  1.73018828E-47
  109.8  1.73176363E-47
  109.9  1.73333893E-47
  110.  1.73491428E-47
  110.1  1.73648957E-47
  110.2  1.73806486E-47
  110.3  1.73964021E-47
  110.4  1.74121547E-47
  110.5  1.7427908E-47
  110.6  1.74436612E-47
  110.7  1.74594142E-47
  110.8  1.74751669E-47
  110.9  1.74909205E-47
  111.  1.75066735E-47
  111.1  1.75224262E-47
  111.2  1.75381792E-47
  111.3  1.75539318E-47
  111.4  1.7569685E-47
  111.5  1.75854375E-47
  111.6  1.76011907E-47
  111.7  1.76169432E-47
  111.8  1.7632696E-47
  111.9  1.7648449E-47
  112.  1.76642017E-47
  112.1  1.76799542E-47
  112.2  1.76957067E-47
  112.3  1.77114602E-47
  112.4  1.77272119E-47
  112.5  1.7742965E-47
  112.6  1.77587175E-47
  112.7  1.77744705E-47
  112.8  1.7790223E-47
  112.9  1.78059751E-47
  113.  1.78217277E-47
  113.1  1.78374803E-47
  113.2  1.78532331E-47
  113.3  1.78689856E-47
  113.4  1.78847377E-47
  113.5  1.79004901E-47
  113.6  1.79162428E-47
  113.7  1.79319951E-47
  113.8  1.79477471E-47
  113.9  1.79634998E-47
  114.  1.79792521E-47
  114.1  1.79950042E-47
  114.2  1.80107565E-47
  114.3  1.80265086E-47
  114.4  1.8042261E-47
  114.5  1.80580133E-47
  114.6  1.80737659E-47
  114.7  1.8089518E-47
  114.8  1.81052694E-47
  114.9  1.81210221E-47
  115.  1.81367744E-47
  115.1  1.81525259E-47
  115.2  1.8168278E-47
  115.3  1.81840304E-47
  115.4  1.81997822E-47
  115.5  1.82155342E-47
  115.6  1.82312863E-47
  115.7  1.82470383E-47
  115.8  1.82627898E-47
  115.9  1.82785418E-47
  116.  1.82942942E-47
  116.1  1.83100459E-47
  116.2  1.83257975E-47
  116.3  1.83415496E-47
  116.4  1.83573013E-47
  116.5  1.83730528E-47
  116.6  1.83888051E-47
  116.7  1.84045568E-47
  116.8  1.84203083E-47
  116.9  1.843606E-47
  117.  1.84518119E-47
  117.1  1.84675634E-47
  117.2  1.84833147E-47
  117.3  1.84990668E-47
  117.4  1.85148182E-47
  117.5  1.85305696E-47
  117.6  1.85463214E-47
  117.7  1.8562073E-47
  117.8  1.85778241E-47
  117.9  1.85935762E-47
  118.  1.86093273E-47
  118.1  1.8625079E-47
  118.2  1.864083E-47
  118.3  1.86565819E-47
  118.4  1.86723335E-47
  118.5  1.86880843E-47
  118.6  1.87038356E-47
  118.7  1.87195872E-47
  118.8  1.87353384E-47
  118.9  1.87510895E-47
  119.  1.87668413E-47
  119.1  1.87825927E-47
  119.2  1.87983433E-47
  119.3  1.8814095E-47
  119.4  1.88298461E-47
  119.5  1.88455967E-47
  119.6  1.88613479E-47
  119.7  1.88770994E-47
  119.8  1.88928505E-47
  119.9  1.89086015E-47
  120.  1.89243525E-47
  120.1  1.8940104E-47
  120.2  1.89558546E-47
  120.3  1.89716058E-47
  120.4  1.89873564E-47
  120.5  1.90031074E-47
  120.6  1.90188586E-47
  120.7  1.90346097E-47
  120.8  1.90503607E-47
  120.9  1.90661112E-47
  121.  1.90818621E-47
  121.1  1.90976132E-47
  121.2  1.91133635E-47
  121.3  1.91291145E-47
  121.4  1.91448656E-47
  121.5  1.91606163E-47
  121.6  1.91763671E-47
  121.7  1.91921176E-47
  121.8  1.92078682E-47
  121.9  1.92236189E-47
  122.  1.92393698E-47
  122.1  1.92551201E-47
  122.2  1.92708707E-47
  122.3  1.92866212E-47
  122.4  1.93023722E-47
  122.5  1.93181227E-47
  122.6  1.93338734E-47
  122.7  1.93496237E-47
  122.8  1.9365374E-47
  122.9  1.93811244E-47
  123.  1.9396875E-47
  123.1  1.9412626E-47
  123.2  1.94283758E-47
  123.3  1.94441261E-47
  123.4  1.94598771E-47
  123.5  1.94756276E-47
  123.6  1.94913771E-47
  123.7  1.95071277E-47
  123.8  1.95228781E-47
  123.9  1.95386282E-47
  124.  1.95543788E-47
  124.1  1.95701291E-47
  124.2  1.95858787E-47
  124.3  1.96016291E-47
  124.4  1.96173793E-47
  124.5  1.96331299E-47
  124.6  1.96488799E-47
  124.7  1.96646302E-47
  124.8  1.96803801E-47
  124.9  1.96961302E-47
  125.  1.97118801E-47
  125.1  1.97276305E-47
  125.2  1.97433801E-47
  125.3  1.975913E-47
  125.4  1.97748808E-47
  125.5  1.9790631E-47
  125.6  1.98063797E-47
  125.7  1.98221299E-47
  125.8  1.983788E-47
  125.9  1.98536299E-47
  126.  1.98693797E-47
  126.1  1.98851297E-47
  126.2  1.99008796E-47
  126.3  1.99166294E-47
  126.4  1.99323786E-47
  126.5  1.99481294E-47
  126.6  1.99638786E-47
  126.7  1.99796285E-47
  126.8  1.99953786E-47
  126.9  2.0011128E-47
  127.  2.00268774E-47
  127.1  2.00426275E-47
  127.2  2.00583774E-47
  127.3  2.00741265E-47
  127.4  2.00898763E-47
  127.5  2.01056252E-47
  127.6  2.01213749E-47
  127.7  2.01371252E-47
  127.8  2.01528741E-47
  127.9  2.01686237E-47
  128.  2.01843726E-47
  128.1  2.02001225E-47
  128.2  2.02158724E-47
  128.3  2.02316225E-47
  128.4  2.0247371E-47
  128.5  2.02631202E-47
  128.6  2.02788698E-47
  128.7  2.0294619E-47
  128.8  2.03103681E-47
  128.9  2.0326118E-47
  129.  2.0341867E-47
  129.1  2.03576157E-47
  129.2  2.03733657E-47
  129.3  2.03891144E-47
  129.4  2.04048648E-47
  129.5  2.04206133E-47
  129.6  2.04363622E-47
  129.7  2.04521121E-47
  129.8  2.0467861E-47
  129.9  2.04836096E-47
  130.  2.04993593E-47
  130.1  2.05151079E-47
  130.2  2.05308569E-47
  130.3  2.05466067E-47
  130.4  2.05623551E-47
  130.5  2.05781045E-47
  130.6  2.05938543E-47
  130.7  2.06096024E-47
  130.8  2.06253508E-47
  130.9  2.06411004E-47
  131.  2.06568485E-47
  131.1  2.06725987E-47
  131.2  2.06883468E-47
  131.3  2.07040957E-47
  131.4  2.07198446E-47
  131.5  2.07355934E-47
  131.6  2.07513419E-47
  131.7  2.07670914E-47
  131.8  2.07828395E-47
  131.9  2.07985887E-47
  132.  2.08143382E-47
  132.1  2.0830086E-47
  132.2  2.08458347E-47
  132.3  2.0861584E-47
  132.4  2.08773319E-47
  132.5  2.08930798E-47
  132.6  2.09088299E-47
  132.7  2.09245779E-47
  132.8  2.09403261E-47
  132.9  2.09560749E-47
  133.  2.09718239E-47
  133.1  2.09875729E-47
  133.2  2.10033205E-47
  133.3  2.1019069E-47
  133.4  2.10348176E-47
  133.5  2.10505663E-47
  133.6  2.10663141E-47
  133.7  2.10820638E-47
  133.8  2.10978109E-47
  133.9  2.11135595E-47
  134.  2.1129308E-47
  134.1  2.11450569E-47
  134.2  2.11608043E-47
  134.3  2.1176554E-47
  134.4  2.11923019E-47
  134.5  2.12080489E-47
  134.6  2.12237985E-47
  134.7  2.12395461E-47
  134.8  2.12552949E-47
  134.9  2.12710431E-47
  135.  2.12867905E-47
  135.1  2.13025393E-47
  135.2  2.13182877E-47
  135.3  2.13340352E-47
  135.4  2.13497845E-47
  135.5  2.13655314E-47
  135.6  2.13812795E-47
  135.7  2.1397028E-47
  135.8  2.14127756E-47
  135.9  2.14285239E-47
  136.  2.14442723E-47
  136.1  2.14600197E-47
  136.2  2.14757677E-47
  136.3  2.14915157E-47
  136.4  2.1507263E-47
  136.5  2.15230123E-47
  136.6  2.15387594E-47
  136.7  2.15545074E-47
  136.8  2.15702561E-47
  136.9  2.1586003E-47
  137.  2.1601751E-47
  137.1  2.16174992E-47
  137.2  2.16332469E-47
  137.3  2.16489943E-47
  137.4  2.16647418E-47
  137.5  2.16804896E-47
  137.6  2.16962373E-47
  137.7  2.17119852E-47
  137.8  2.17277329E-47
  137.9  2.17434803E-47
  138.  2.17592282E-47
  138.1  2.17749759E-47
  138.2  2.17907244E-47
  138.3  2.18064715E-47
  138.4  2.18222191E-47
  138.5  2.18379667E-47
  138.6  2.18537138E-47
  138.7  2.18694609E-47
  138.8  2.18852088E-47
  138.9  2.19009565E-47
  139.  2.19167031E-47
  139.1  2.1932452E-47
  139.2  2.19481985E-47
  139.3  2.19639459E-47
  139.4  2.19796935E-47
  139.5  2.19954412E-47
  139.6  2.20111885E-47
  139.7  2.20269354E-47
  139.8  2.20426833E-47
  139.9  2.205843E-47
  140.  2.20741776E-47
  140.1  2.20899249E-47
  140.2  2.21056728E-47
  140.3  2.21214195E-47
  140.4  2.21371659E-47
  140.5  2.21529142E-47
  140.6  2.21686612E-47
  140.7  2.21844081E-47
  140.8  2.22001555E-47
  140.9  2.22159024E-47
  141.  2.22316494E-47
  141.1  2.22473968E-47
  141.2  2.22631439E-47
  141.3  2.22788904E-47
  141.4  2.22946378E-47
  141.5  2.23103851E-47
  141.6  2.23261317E-47
  141.7  2.23418795E-47
  141.8  2.23576261E-47
  141.9  2.23733737E-47
  142.  2.23891206E-47
  142.1  2.2404866E-47
  142.2  2.24206141E-47
  142.3  2.24363601E-47
  142.4  2.2452107E-47
  142.5  2.24678544E-47
  142.6  2.24836011E-47
  142.7  2.24993479E-47
  142.8  2.25150951E-47
  142.9  2.25308415E-47
  143.  2.25465884E-47
  143.1  2.25623355E-47
  143.2  2.25780815E-47
  143.3  2.25938282E-47
  143.4  2.26095757E-47
  143.5  2.26253216E-47
  143.6  2.26410685E-47
  143.7  2.2656815E-47
  143.8  2.26725618E-47
  143.9  2.2688309E-47
  144.  2.27040556E-47
  144.1  2.27198019E-47
  144.2  2.27355488E-47
  144.3  2.27512952E-47
  144.4  2.27670417E-47
  144.5  2.27827886E-47
  144.6  2.27985345E-47
  144.7  2.28142812E-47
  144.8  2.28300276E-47
  144.9  2.2845774E-47
  145.  2.28615201E-47
  145.1  2.28772674E-47
  145.2  2.28930126E-47
  145.3  2.29087588E-47
  145.4  2.29245064E-47
  145.5  2.29402522E-47
  145.6  2.29559996E-47
  145.7  2.29717449E-47
  145.8  2.29874907E-47
  145.9  2.30032385E-47
  146.  2.30189838E-47
  146.1  2.30347302E-47
  146.2  2.30504767E-47
  146.3  2.30662228E-47
  146.4  2.30819685E-47
  146.5  2.30977155E-47
  146.6  2.31134607E-47
  146.7  2.3129207E-47
  146.8  2.31449534E-47
  146.9  2.31606996E-47
  147.  2.31764454E-47
  147.1  2.31921919E-47
  147.2  2.32079372E-47
  147.3  2.32236842E-47
  147.4  2.323943E-47
  147.5  2.32551759E-47
  147.6  2.32709224E-47
  147.7  2.3286668E-47
  147.8  2.33024135E-47
  147.9  2.331816E-47
  148.  2.33339053E-47
  148.1  2.33496515E-47
  148.2  2.33653984E-47
  148.3  2.33811429E-47
  148.4  2.33968885E-47
  148.5  2.34126355E-47
  148.6  2.34283814E-47
  148.7  2.34441259E-47
  148.8  2.34598727E-47
  148.9  2.34756178E-47
  149.  2.34913647E-47
  149.1  2.35071107E-47
  149.2  2.35228558E-47
  149.3  2.35386014E-47
  149.4  2.35543469E-47
  149.5  2.35700929E-47
  149.6  2.3585839E-47
  149.7  2.36015841E-47
  149.8  2.36173298E-47
  149.9  2.36330756E-47
  150.  2.36488208E-47
  150.1  2.36645665E-47
  150.2  2.36803127E-47
  150.3  2.36960573E-47
  150.4  2.37118027E-47
  150.5  2.37275491E-47
  150.6  2.37432937E-47
  150.7  2.37590392E-47
  150.8  2.37747858E-47
  150.9  2.37905308E-47
  151.  2.38062765E-47
  151.1  2.38220223E-47
  151.2  2.38377665E-47
  151.3  2.38535125E-47
  151.4  2.38692582E-47
  151.5  2.38850025E-47
  151.6  2.39007492E-47
  151.7  2.39164937E-47
  151.8  2.39322387E-47
  151.9  2.39479848E-47
  152.  2.39637304E-47
  152.1  2.39794744E-47
  152.2  2.3995221E-47
  152.3  2.40109652E-47
  152.4  2.40267097E-47
  152.5  2.4042456E-47
  152.6  2.40582009E-47
  152.7  2.40739472E-47
  152.8  2.40896914E-47
  152.9  2.41054364E-47
  153.  2.41211825E-47
  153.1  2.4136927E-47
  153.2  2.41526714E-47
  153.3  2.41684176E-47
  153.4  2.41841624E-47
  153.5  2.41999072E-47
  153.6  2.42156523E-47
  153.7  2.42313969E-47
  153.8  2.42471416E-47
  153.9  2.42628876E-47
  154.  2.4278632E-47
  154.1  2.42943771E-47
  154.2  2.43101225E-47
  154.3  2.43258669E-47
  154.4  2.43416116E-47
  154.5  2.43573567E-47
  154.6  2.43731014E-47
  154.7  2.4388847E-47
  154.8  2.44045908E-47
  154.9  2.44203356E-47
  155.  2.44360809E-47
  155.1  2.44518257E-47
  155.2  2.44675703E-47
  155.3  2.44833152E-47
  155.4  2.44990602E-47
  155.5  2.45148043E-47
  155.6  2.45305492E-47
  155.7  2.45462945E-47
  155.8  2.45620382E-47
  155.9  2.45777834E-47
  156.  2.4593528E-47
  156.1  2.46092726E-47
  156.2  2.46250174E-47
  156.3  2.46407612E-47
  156.4  2.46565063E-47
  156.5  2.46722508E-47
  156.6  2.46879956E-47
  156.7  2.47037405E-47
  156.8  2.4719485E-47
  156.9  2.47352294E-47
  157.  2.47509745E-47
  157.1  2.4766718E-47
  157.2  2.47824625E-47
  157.3  2.47982069E-47
  157.4  2.48139514E-47
  157.5  2.48296954E-47
  157.6  2.484544E-47
  157.7  2.4861184E-47
  157.8  2.48769283E-47
  157.9  2.48926733E-47
  158.  2.49084175E-47
  158.1  2.49241619E-47
  158.2  2.4939906E-47
  158.3  2.49556507E-47
  158.4  2.4971395E-47
  158.5  2.49871395E-47
  158.6  2.50028828E-47
  158.7  2.50186279E-47
  158.8  2.50343714E-47
  158.9  2.50501152E-47
  159.  2.50658605E-47
  159.1  2.50816041E-47
  159.2  2.50973476E-47
  159.3  2.51130926E-47
  159.4  2.5128836E-47
  159.5  2.51445799E-47
  159.6  2.51603256E-47
  159.7  2.51760684E-47
  159.8  2.51918137E-47
  159.9  2.52075572E-47
  160.  2.52233005E-47
  160.1  2.52390457E-47
  160.2  2.52547887E-47
  160.3  2.52705326E-47
  160.4  2.52862776E-47
  160.5  2.53020208E-47
  160.6  2.53177646E-47
  160.7  2.53335092E-47
  160.8  2.53492523E-47
  160.9  2.53649967E-47
  161.  2.53807408E-47
  161.1  2.5396484E-47
  161.2  2.54122272E-47
  161.3  2.54279722E-47
  161.4  2.54437164E-47
  161.5  2.54594602E-47
  161.6  2.54752038E-47
  161.7  2.54909464E-47
  161.8  2.55066914E-47
  161.9  2.55224343E-47
  162.  2.55381779E-47
  162.1  2.55539221E-47
  162.2  2.55696653E-47
  162.3  2.55854085E-47
  162.4  2.56011533E-47
  162.5  2.56168968E-47
  162.6  2.56326398E-47
  162.7  2.56483842E-47
  162.8  2.56641278E-47
  162.9  2.56798704E-47
  163.  2.56956149E-47
  163.1  2.5711358E-47
  163.2  2.57271018E-47
  163.3  2.57428451E-47
  163.4  2.57585891E-47
  163.5  2.57743328E-47
  163.6  2.57900759E-47
  163.7  2.5805819E-47
  163.8  2.5821563E-47
  163.9  2.58373063E-47
  164.  2.58530494E-47
  164.1  2.58687931E-47
  164.2  2.58845364E-47
  164.3  2.59002801E-47
  164.4  2.59160235E-47
  164.5  2.5931766E-47
  164.6  2.59475096E-47
  164.7  2.5963253E-47
  164.8  2.59789961E-47
  164.9  2.59947393E-47
  165.  2.60104831E-47
  165.1  2.60262267E-47
  165.2  2.604197E-47
  165.3  2.60577121E-47
  165.4  2.60734551E-47
  165.5  2.60891993E-47
  165.6  2.61049422E-47
  165.7  2.61206855E-47
  165.8  2.61364292E-47
  165.9  2.61521715E-47
  166.  2.61679149E-47
  166.1  2.6183658E-47
  166.2  2.6199401E-47
  166.3  2.62151436E-47
  166.4  2.62308874E-47
  166.5  2.62466304E-47
  166.6  2.62623728E-47
  166.7  2.62781162E-47
  166.8  2.62938595E-47
  166.9  2.63096029E-47
  167.  2.63253458E-47
  167.1  2.63410878E-47
  167.2  2.63568318E-47
  167.3  2.63725743E-47
  167.4  2.63883168E-47
  167.5  2.64040608E-47
  167.6  2.64198026E-47
  167.7  2.64355449E-47
  167.8  2.64512888E-47
  167.9  2.64670309E-47
  168.  2.64827734E-47
  168.1  2.64985176E-47
  168.2  2.65142595E-47
  168.3  2.65300016E-47
  168.4  2.65457459E-47
  168.5  2.65614879E-47
  168.6  2.65772307E-47
  168.7  2.65929738E-47
  168.8  2.66087166E-47
  168.9  2.66244598E-47
  169.  2.66402015E-47
  169.1  2.66559436E-47
  169.2  2.66716869E-47
  169.3  2.66874293E-47
  169.4  2.67031717E-47
  169.5  2.6718915E-47
  169.6  2.67346571E-47
  169.7  2.67504E-47
  169.8  2.67661432E-47
  169.9  2.67818849E-47
  170.  2.67976275E-47
