  0.1  0.
  0.2  0.
  0.3  0.
  0.4  0.
  0.5  0.
  0.6  0.
  0.7  0.
  0.8  0.
  0.9  0.
  1.  0.
  1.1  0.
  1.2  0.
  1.3  0.
  1.4  0.
  1.5  0.
  1.6  0.
  1.7  0.
  1.8  0.
  1.9  0.
  2.  0.
  2.1  0.
  2.2  0.
  2.3  0.
  2.4  0.
  2.5  0.
  2.6  0.
  2.7  0.
  2.8  0.
  2.9  0.
  3.  0.
  3.1  0.
  3.2  0.
  3.3  0.
  3.4  0.
  3.5  0.
  3.6  0.
  3.7  0.
  3.8  0.
  3.9  0.
  4.  0.
  4.1  0.
  4.2  0.
  4.3  0.
  4.4  0.
  4.5  0.
  4.6  0.
  4.7  0.
  4.8  0.
  4.9  0.
  5.  0.
  5.1  0.
  5.2  0.
  5.3  0.
  5.4  0.
  5.5  0.
  5.6  0.
  5.7  0.
  5.8  0.
  5.9  0.
  6.  0.
  6.1  0.
  6.2  0.
  6.3  0.
  6.4  0.
  6.5  0.
  6.6  0.
  6.7  0.
  6.8  0.
  6.9  0.
  7.  0.
  7.1  0.
  7.2  0.
  7.3  0.
  7.4  0.
  7.5  0.
  7.6  0.
  7.7  0.
  7.8  0.
  7.9  0.
  8.  0.
  8.1  0.
  8.2  0.
  8.3  0.
  8.4  0.
  8.5  0.
  8.6  0.
  8.7  0.
  8.8  0.
  8.9  0.
  9.  0.
  9.1  0.
  9.2  0.
  9.3  0.
  9.4  0.
  9.5  0.
  9.6  0.
  9.7  0.
  9.8  0.
  9.9  0.
  10.  0.
  10.1  0.
  10.2  0.
  10.3  0.
  10.4  0.
  10.5  0.
  10.6  0.
  10.7  0.
  10.8  0.
  10.9  0.
  11.  0.
  11.1  0.
  11.2  0.
  11.3  0.
  11.4  0.
  11.5  0.
  11.6  0.
  11.7  0.
  11.8  0.
  11.9  0.
  12.  0.
  12.1  0.
  12.2  0.
  12.3  0.
  12.4  0.
  12.5  0.
  12.6  0.
  12.7  0.
  12.8  0.
  12.9  0.
  13.  0.
  13.1  0.
  13.2  0.
  13.3  0.
  13.4  0.
  13.5  0.
  13.6  0.
  13.7  0.
  13.8  0.
  13.9  0.
  14.  0.
  14.1  0.
  14.2  0.
  14.3  0.
  14.4  0.
  14.5  0.
  14.6  0.
  14.7  0.
  14.8  0.
  14.9  0.
  15.  0.
  15.1  0.
  15.2  0.
  15.3  0.
  15.4  0.
  15.5  0.
  15.6  0.
  15.7  0.
  15.8  0.
  15.9  0.
  16.  0.
  16.1  0.
  16.2  0.
  16.3  0.
  16.4  0.
  16.5  0.
  16.6  0.
  16.7  0.
  16.8  0.
  16.9  0.
  17.  0.
  17.1  0.
  17.2  0.
  17.3  0.
  17.4  0.
  17.5  0.
  17.6  0.
  17.7  0.
  17.8  0.
  17.9  0.
  18.  0.
  18.1  0.
  18.2  0.
  18.3  0.
  18.4  0.
  18.5  0.
  18.6  0.
  18.7  0.
  18.8  0.
  18.9  0.
  19.  0.
  19.1  0.
  19.2  0.
  19.3  0.
  19.4  0.
  19.5  0.
  19.6  0.
  19.7  0.
  19.8  0.
  19.9  0.
  20.  0.
  20.1  0.
  20.2  0.
  20.3  0.
  20.4  0.
  20.5  0.
  20.6  0.
  20.7  0.
  20.8  0.
  20.9  0.
  21.  0.
  21.1  0.
  21.2  0.
  21.3  0.
  21.4  0.
  21.5  0.
  21.6  0.
  21.7  0.
  21.8  0.
  21.9  0.
  22.  0.
  22.1  0.
  22.2  0.
  22.3  0.
  22.4  0.
  22.5  0.
  22.6  0.
  22.7  0.
  22.8  0.
  22.9  0.
  23.  0.
  23.1  0.
  23.2  0.
  23.3  0.
  23.4  0.
  23.5  0.
  23.6  0.
  23.7  0.
  23.8  0.
  23.9  0.
  24.  0.
  24.1  0.
  24.2  0.
  24.3  0.
  24.4  0.
  24.5  0.
  24.6  0.
  24.7  0.
  24.8  0.
  24.9  0.
  25.  0.
  25.1  0.
  25.2  0.
  25.3  0.
  25.4  0.
  25.5  0.
  25.6  0.
  25.7  0.
  25.8  0.
  25.9  0.
  26.  0.
  26.1  4.31327864E-46
  26.2  4.45387212E-46
  26.3  4.59828124E-46
  26.4  4.74656825E-46
  26.5  4.89879423E-46
  26.6  5.05501895E-46
  26.7  5.21530073E-46
  26.8  5.37969629E-46
  26.9  5.54826056E-46
  27.  5.72104655E-46
  27.1  5.89810519E-46
  27.2  6.07948511E-46
  27.3  6.26523251E-46
  27.4  6.45539097E-46
  27.5  6.65000125E-46
  27.6  6.8491011E-46
  27.7  7.0527251E-46
  27.8  7.26090441E-46
  27.9  7.47366663E-46
  28.  7.69103554E-46
  28.1  7.91303094E-46
  28.2  8.13966843E-46
  28.3  8.37095917E-46
  28.4  8.60690972E-46
  28.5  8.84752179E-46
  28.6  9.09279206E-46
  28.7  9.34271191E-46
  28.8  9.59726729E-46
  28.9  9.85643842E-46
  29.  1.01201997E-45
  29.1  1.03885192E-45
  29.2  1.06613591E-45
  29.3  1.09386746E-45
  29.4  1.12204146E-45
  29.5  1.15065207E-45
  29.6  1.17969277E-45
  29.7  1.2091563E-45
  29.8  1.23903465E-45
  29.9  1.26931907E-45
  30.  1.3E-45
  30.1  1.33117449E-45
  30.2  1.36294977E-45
  30.3  1.39533082E-45
  30.4  1.42832235E-45
  30.5  1.4619288E-45
  30.6  1.49615435E-45
  30.7  1.53100284E-45
  30.8  1.56647784E-45
  30.9  1.60258257E-45
  31.  1.6393199E-45
  31.1  1.67669235E-45
  31.2  1.71470206E-45
  31.3  1.75335076E-45
  31.4  1.7926398E-45
  31.5  1.83257008E-45
  31.6  1.87314205E-45
  31.7  1.91435572E-45
  31.8  1.95621061E-45
  31.9  1.99870575E-45
  32.  2.04183965E-45
  32.1  2.08561029E-45
  32.2  2.1300151E-45
  32.3  2.17505098E-45
  32.4  2.2207142E-45
  32.5  2.26700046E-45
  32.6  2.31390484E-45
  32.7  2.3614218E-45
  32.8  2.40954513E-45
  32.9  2.45826799E-45
  33.  2.50758283E-45
  33.1  2.55748143E-45
  33.2  2.60795484E-45
  33.3  2.6589934E-45
  33.4  2.71058673E-45
  33.5  2.76272365E-45
  33.6  2.81539227E-45
  33.7  2.8685799E-45
  33.8  2.92227306E-45
  33.9  2.97645748E-45
  34.  3.03111806E-45
  34.1  3.08623892E-45
  34.2  3.14180332E-45
  34.3  3.19779369E-45
  34.4  3.25419163E-45
  34.5  3.31097789E-45
  34.6  3.36813235E-45
  34.7  3.42563405E-45
  34.8  3.48346116E-45
  34.9  3.54159099E-45
  35.  3.6E-45
  35.1  3.65897181E-45
  35.2  3.71880944E-45
  35.3  3.77951761E-45
  35.4  3.84110071E-45
  35.5  3.90356284E-45
  35.6  3.96690774E-45
  35.7  4.03113886E-45
  35.8  4.09625926E-45
  35.9  4.16227162E-45
  36.  4.22917827E-45
  36.1  4.29698111E-45
  36.2  4.36568164E-45
  36.3  4.43528091E-45
  36.4  4.50577953E-45
  36.5  4.57717766E-45
  36.6  4.64947494E-45
  36.7  4.72267056E-45
  36.8  4.79676316E-45
  36.9  4.87175085E-45
  37.  4.94763122E-45
  37.1  5.02440127E-45
  37.2  5.10205742E-45
  37.3  5.18059551E-45
  37.4  5.26001073E-45
  37.5  5.34029766E-45
  37.6  5.42145024E-45
  37.7  5.50346172E-45
  37.8  5.58632468E-45
  37.9  5.67003099E-45
  38.  5.75457182E-45
  38.1  5.83993758E-45
  38.2  5.92611795E-45
  38.3  6.01310183E-45
  38.4  6.10087736E-45
  38.5  6.18943186E-45
  38.6  6.27875185E-45
  38.7  6.36882301E-45
  38.8  6.45963019E-45
  38.9  6.55115737E-45
  39.  6.64338767E-45
  39.1  6.73630333E-45
  39.2  6.82988567E-45
  39.3  6.92411512E-45
  39.4  7.01897119E-45
  39.5  7.11443244E-45
  39.6  7.21047651E-45
  39.7  7.30708008E-45
  39.8  7.40421885E-45
  39.9  7.50186757E-45
  40.  7.6E-45
  40.1  7.6989767E-45
  40.2  7.7991771E-45
  40.3  7.90060215E-45
  40.4  8.00325227E-45
  40.5  8.1071273E-45
  40.6  8.21222653E-45
  40.7  8.31854866E-45
  40.8  8.42609174E-45
  40.9  8.53485322E-45
  41.  8.64482987E-45
  41.1  8.7560178E-45
  41.2  8.8684124E-45
  41.3  8.98200837E-45
  41.4  9.09679964E-45
  41.5  9.21277941E-45
  41.6  9.32994008E-45
  41.7  9.44827325E-45
  41.8  9.5677697E-45
  41.9  9.68841937E-45
  42.  9.81021132E-45
  42.1  9.93313374E-45
  42.2  1.00571739E-44
  42.3  1.01823181E-44
  42.4  1.03085519E-44
  42.5  1.04358595E-44
  42.6  1.05642246E-44
  42.7  1.06936294E-44
  42.8  1.08240554E-44
  42.9  1.0955483E-44
  43.  1.10878915E-44
  43.1  1.1221259E-44
  43.2  1.13555626E-44
  43.3  1.14907785E-44
  43.4  1.16268813E-44
  43.5  1.17638449E-44
  43.6  1.19016416E-44
  43.7  1.2040243E-44
  43.8  1.2179619E-44
  43.9  1.23197387E-44
  44.  1.24605697E-44
  44.1  1.26020785E-44
  44.2  1.27442304E-44
  44.3  1.28869892E-44
  44.4  1.30303177E-44
  44.5  1.31741772E-44
  44.6  1.3318528E-44
  44.7  1.34633287E-44
  44.8  1.3608537E-44
  44.9  1.37541092E-44
  45.  1.39E-44
  45.1  1.40466228E-44
  45.2  1.41944215E-44
  45.3  1.43433958E-44
  45.4  1.44935453E-44
  45.5  1.46448693E-44
  45.6  1.47973667E-44
  45.7  1.49510365E-44
  45.8  1.5105877E-44
  45.9  1.52618864E-44
  46.  1.54190628E-44
  46.1  1.55774038E-44
  46.2  1.57369068E-44
  46.3  1.58975689E-44
  46.4  1.60593868E-44
  46.5  1.62223571E-44
  46.6  1.6386476E-44
  46.7  1.65517393E-44
  46.8  1.67181425E-44
  46.9  1.6885681E-44
  47.  1.70543496E-44
  47.1  1.72241429E-44
  47.2  1.73950551E-44
  47.3  1.75670802E-44
  47.4  1.77402118E-44
  47.5  1.79144429E-44
  47.6  1.80897665E-44
  47.7  1.82661751E-44
  47.8  1.84436607E-44
  47.9  1.86222152E-44
  48.  1.88018299E-44
  48.1  1.89824958E-44
  48.2  1.91642035E-44
  48.3  1.93469434E-44
  48.4  1.95307051E-44
  48.5  1.97154782E-44
  48.6  1.99012517E-44
  48.7  2.00880143E-44
  48.8  2.02757541E-44
  48.9  2.0464459E-44
  49.  2.06541164E-44
  49.1  2.08447133E-44
  49.2  2.10362362E-44
  49.3  2.12286713E-44
  49.4  2.14220042E-44
  49.5  2.16162202E-44
  49.6  2.18113041E-44
  49.7  2.20072403E-44
  49.8  2.22040128E-44
  49.9  2.2401605E-44
  50.  2.26E-44
  50.1  2.27995475E-44
  50.2  2.30006058E-44
  50.3  2.32031695E-44
  50.4  2.34072332E-44
  50.5  2.36127907E-44
  50.6  2.38198354E-44
  50.7  2.40283603E-44
  50.8  2.42383577E-44
  50.9  2.44498196E-44
  51.  2.46627373E-44
  51.1  2.48771017E-44
  51.2  2.50929032E-44
  51.3  2.53101314E-44
  51.4  2.55287755E-44
  51.5  2.57488242E-44
  51.6  2.59702656E-44
  51.7  2.61930871E-44
  51.8  2.64172755E-44
  51.9  2.66428172E-44
  52.  2.68696977E-44
  52.1  2.70979021E-44
  52.2  2.73274148E-44
  52.3  2.75582195E-44
  52.4  2.77902994E-44
  52.5  2.80236367E-44
  52.6  2.82582135E-44
  52.7  2.84940106E-44
  52.8  2.87310086E-44
  52.9  2.89691872E-44
  53.  2.92085254E-44
  53.1  2.94490014E-44
  53.2  2.9690593E-44
  53.3  2.99332769E-44
  53.4  3.01770294E-44
  53.5  3.04218258E-44
  53.6  3.06676409E-44
  53.7  3.09144485E-44
  53.8  3.11622217E-44
  53.9  3.14109331E-44
  54.  3.16605542E-44
  54.1  3.19110559E-44
  54.2  3.21624083E-44
  54.3  3.24145806E-44
  54.4  3.26675414E-44
  54.5  3.29212584E-44
  54.6  3.31756985E-44
  54.7  3.34308278E-44
  54.8  3.36866116E-44
  54.9  3.39430145E-44
  55.  3.42E-44
  55.1  3.44579234E-44
  55.2  3.47171602E-44
  55.3  3.49777035E-44
  55.4  3.52395463E-44
  55.5  3.55026812E-44
  55.6  3.57671006E-44
  55.7  3.60327965E-44
  55.8  3.62997607E-44
  55.9  3.65679845E-44
  56.  3.68374593E-44
  56.1  3.71081757E-44
  56.2  3.73801244E-44
  56.3  3.76532956E-44
  56.4  3.79276792E-44
  56.5  3.82032647E-44
  56.6  3.84800415E-44
  56.7  3.87579985E-44
  56.8  3.90371242E-44
  56.9  3.9317407E-44
  57.  3.95988348E-44
  57.1  3.98813953E-44
  57.2  4.01650757E-44
  57.3  4.04498629E-44
  57.4  4.07357435E-44
  57.5  4.10227039E-44
  57.6  4.13107298E-44
  57.7  4.15998068E-44
  57.8  4.18899201E-44
  57.9  4.21810545E-44
  58.  4.24731946E-44
  58.1  4.27663244E-44
  58.2  4.30604277E-44
  58.3  4.33554878E-44
  58.4  4.36514878E-44
  58.5  4.39484103E-44
  58.6  4.42462376E-44
  58.7  4.45449516E-44
  58.8  4.48445339E-44
  58.9  4.51449655E-44
  59.  4.54462273E-44
  59.1  4.57482996E-44
  59.2  4.60511625E-44
  59.3  4.63547955E-44
  59.4  4.6659178E-44
  59.5  4.69642888E-44
  59.6  4.72701064E-44
  59.7  4.75766088E-44
  59.8  4.78837737E-44
  59.9  4.81915785E-44
  60.  4.85E-44
  60.1  4.88094304E-44
  60.2  4.91202703E-44
  60.3  4.94325091E-44
  60.4  4.97461357E-44
  60.5  5.00611388E-44
  60.6  5.03775066E-44
  60.7  5.0695227E-44
  60.8  5.10142876E-44
  60.9  5.13346754E-44
  61.  5.16563773E-44
  61.1  5.19793797E-44
  61.2  5.23036684E-44
  61.3  5.26292293E-44
  61.4  5.29560475E-44
  61.5  5.32841078E-44
  61.6  5.36133947E-44
  61.7  5.39438921E-44
  61.8  5.42755839E-44
  61.9  5.4608453E-44
  62.  5.49424825E-44
  62.1  5.52776546E-44
  62.2  5.56139514E-44
  62.3  5.59513543E-44
  62.4  5.62898446E-44
  62.5  5.6629403E-44
  62.6  5.69700096E-44
  62.7  5.73116445E-44
  62.8  5.76542869E-44
  62.9  5.79979158E-44
  63.  5.83425099E-44
  63.1  5.86880471E-44
  63.2  5.90345051E-44
  63.3  5.93818611E-44
  63.4  5.97300919E-44
  63.5  6.00791737E-44
  63.6  6.04290825E-44
  63.7  6.07797934E-44
  63.8  6.11312816E-44
  63.9  6.14835214E-44
  64.  6.18364869E-44
  64.1  6.21901515E-44
  64.2  6.25444884E-44
  64.3  6.28994703E-44
  64.4  6.32550691E-44
  64.5  6.36112566E-44
  64.6  6.3968004E-44
  64.7  6.4325282E-44
  64.8  6.46830609E-44
  64.9  6.50413105E-44
  65.  6.54E-44
  65.1  6.57595516E-44
  65.2  6.61204013E-44
  65.3  6.64825386E-44
  65.4  6.68459531E-44
  65.5  6.72106336E-44
  65.6  6.75765692E-44
  65.7  6.79437484E-44
  65.8  6.83121594E-44
  65.9  6.86817904E-44
  66.  6.9052629E-44
  66.1  6.94246627E-44
  66.2  6.97978787E-44
  66.3  7.01722641E-44
  66.4  7.05478053E-44
  66.5  7.09244887E-44
  66.6  7.13023005E-44
  66.7  7.16812263E-44
  66.8  7.20612517E-44
  66.9  7.24423619E-44
  67.  7.28245418E-44
  67.1  7.32077759E-44
  67.2  7.35920486E-44
  67.3  7.39773439E-44
  67.4  7.43636456E-44
  67.5  7.47509369E-44
  67.6  7.51392011E-44
  67.7  7.55284209E-44
  67.8  7.59185788E-44
  67.9  7.6309657E-44
  68.  7.67016374E-44
  68.1  7.70945015E-44
  68.2  7.74882307E-44
  68.3  7.78828058E-44
  68.4  7.82782074E-44
  68.5  7.86744159E-44
  68.6  7.90714113E-44
  68.7  7.94691732E-44
  68.8  7.9867681E-44
  68.9  8.02669138E-44
  69.  8.06668502E-44
  69.1  8.10674686E-44
  69.2  8.14687471E-44
  69.3  8.18706635E-44
  69.4  8.22731951E-44
  69.5  8.26763191E-44
  69.6  8.30800122E-44
  69.7  8.34842509E-44
  69.8  8.38890113E-44
  69.9  8.42942692E-44
  70.  8.47E-44
  70.1  8.51065744E-44
  70.2  8.55143708E-44
  70.3  8.59233759E-44
  70.4  8.63335763E-44
  70.5  8.67449579E-44
  70.6  8.71575069E-44
  70.7  8.75712087E-44
  70.8  8.79860488E-44
  70.9  8.84020123E-44
  71.  8.88190838E-44
  71.1  8.9237248E-44
  71.2  8.96564891E-44
  71.3  9.00767911E-44
  71.4  9.04981375E-44
  71.5  9.09205119E-44
  71.6  9.13438971E-44
  71.7  9.17682762E-44
  71.8  9.21936315E-44
  71.9  9.26199453E-44
  72.  9.30471994E-44
  72.1  9.34753756E-44
  72.2  9.39044551E-44
  72.3  9.4334419E-44
  72.4  9.47652479E-44
  72.5  9.51969223E-44
  72.6  9.56294223E-44
  72.7  9.60627278E-44
  72.8  9.64968182E-44
  72.9  9.69316727E-44
  73.  9.73672702E-44
  73.1  9.78035894E-44
  73.2  9.82406084E-44
  73.3  9.86783053E-44
  73.4  9.91166577E-44
  73.5  9.9555643E-44
  73.6  9.99952382E-44
  73.7  1.0043542E-43
  73.8  1.00876165E-43
  73.9  1.01317449E-43
  74.  1.01759248E-43
  74.1  1.02201537E-43
  74.2  1.02644291E-43
  74.3  1.03087486E-43
  74.4  1.03531096E-43
  74.5  1.03975095E-43
  74.6  1.04419457E-43
  74.7  1.04864155E-43
  74.8  1.05309163E-43
  74.9  1.05754454E-43
  75.  1.062E-43
  75.1  1.06646155E-43
  75.2  1.07093281E-43
  75.3  1.07541368E-43
  75.4  1.079904E-43
  75.5  1.08440365E-43
  75.6  1.08891249E-43
  75.7  1.0934304E-43
  75.8  1.09795722E-43
  75.9  1.10249283E-43
  76.  1.10703707E-43
  76.1  1.11158981E-43
  76.2  1.11615089E-43
  76.3  1.12072017E-43
  76.4  1.1252975E-43
  76.5  1.12988272E-43
  76.6  1.13447568E-43
  76.7  1.13907623E-43
  76.8  1.1436842E-43
  76.9  1.14829943E-43
  77.  1.15292177E-43
  77.1  1.15755104E-43
  77.2  1.16218708E-43
  77.3  1.16682973E-43
  77.4  1.1714788E-43
  77.5  1.17613412E-43
  77.6  1.18079553E-43
  77.7  1.18546284E-43
  77.8  1.19013587E-43
  77.9  1.19481445E-43
  78.  1.19949838E-43
  78.1  1.20418748E-43
  78.2  1.20888157E-43
  78.3  1.21358045E-43
  78.4  1.21828393E-43
  78.5  1.22299181E-43
  78.6  1.22770391E-43
  78.7  1.23242002E-43
  78.8  1.23713993E-43
  78.9  1.24186345E-43
  79.  1.24659038E-43
  79.1  1.25132049E-43
  79.2  1.25605359E-43
  79.3  1.26078947E-43
  79.4  1.2655279E-43
  79.5  1.27026868E-43
  79.6  1.27501158E-43
  79.7  1.27975639E-43
  79.8  1.28450288E-43
  79.9  1.28925082E-43
  80.  1.294E-43
  80.1  1.298754E-43
  80.2  1.30351648E-43
  80.3  1.30828729E-43
  80.4  1.31306631E-43
  80.5  1.31785339E-43
  80.6  1.32264839E-43
  80.7  1.32745118E-43
  80.8  1.33226159E-43
  80.9  1.33707949E-43
  81.  1.34190474E-43
  81.1  1.34673717E-43
  81.2  1.35157663E-43
  81.3  1.35642298E-43
  81.4  1.36127606E-43
  81.5  1.36613571E-43
  81.6  1.37100177E-43
  81.7  1.37587407E-43
  81.8  1.38075246E-43
  81.9  1.38563678E-43
  82.  1.39052685E-43
  82.1  1.3954225E-43
  82.2  1.40032357E-43
  82.3  1.40522988E-43
  82.4  1.41014125E-43
  82.5  1.41505752E-43
  82.6  1.41997851E-43
  82.7  1.42490402E-43
  82.8  1.42983389E-43
  82.9  1.43476793E-43
  83.  1.43970595E-43
  83.1  1.44464777E-43
  83.2  1.44959319E-43
  83.3  1.45454202E-43
  83.4  1.45949408E-43
  83.5  1.46444916E-43
  83.6  1.46940707E-43
  83.7  1.47436761E-43
  83.8  1.47933058E-43
  83.9  1.48429578E-43
  84.  1.489263E-43
  84.1  1.49423203E-43
  84.2  1.49920267E-43
  84.3  1.50417471E-43
  84.4  1.50914793E-43
  84.5  1.51412212E-43
  84.6  1.51909706E-43
  84.7  1.52407254E-43
  84.8  1.52904834E-43
  84.9  1.53402424E-43
  85.  1.539E-43
  85.1  1.54397868E-43
  85.2  1.54896338E-43
  85.3  1.55395401E-43
  85.4  1.55895045E-43
  85.5  1.56395261E-43
  85.6  1.56896036E-43
  85.7  1.5739736E-43
  85.8  1.57899222E-43
  85.9  1.58401611E-43
  86.  1.58904515E-43
  86.1  1.59407922E-43
  86.2  1.59911822E-43
  86.3  1.60416203E-43
  86.4  1.60921052E-43
  86.5  1.61426358E-43
  86.6  1.6193211E-43
  86.7  1.62438294E-43
  86.8  1.629449E-43
  86.9  1.63451913E-43
  87.  1.63959323E-43
  87.1  1.64467117E-43
  87.2  1.64975281E-43
  87.3  1.65483804E-43
  87.4  1.65992672E-43
  87.5  1.66501873E-43
  87.6  1.67011393E-43
  87.7  1.6752122E-43
  87.8  1.6803134E-43
  87.9  1.6854174E-43
  88.  1.69052406E-43
  88.1  1.69563325E-43
  88.2  1.70074483E-43
  88.3  1.70585867E-43
  88.4  1.71097461E-43
  88.5  1.71609254E-43
  88.6  1.7212123E-43
  88.7  1.72633375E-43
  88.8  1.73145674E-43
  88.9  1.73658115E-43
  89.  1.74170681E-43
  89.1  1.74683358E-43
  89.2  1.75196132E-43
  89.3  1.75708988E-43
  89.4  1.76221911E-43
  89.5  1.76734885E-43
  89.6  1.77247896E-43
  89.7  1.77760929E-43
  89.8  1.78273967E-43
  89.9  1.78786996E-43
  90.  1.793E-43
  90.1  1.79813139E-43
  90.2  1.80326578E-43
  90.3  1.80840306E-43
  90.4  1.81354313E-43
  90.5  1.81868587E-43
  90.6  1.82383118E-43
  90.7  1.82897896E-43
  90.8  1.83412908E-43
  90.9  1.83928145E-43
  91.  1.84443595E-43
  91.1  1.84959247E-43
  91.2  1.8547509E-43
  91.3  1.85991112E-43
  91.4  1.86507303E-43
  91.5  1.8702365E-43
  91.6  1.87540142E-43
  91.7  1.88056767E-43
  91.8  1.88573515E-43
  91.9  1.89090373E-43
  92.  1.89607329E-43
  92.1  1.90124371E-43
  92.2  1.90641487E-43
  92.3  1.91158666E-43
  92.4  1.91675896E-43
  92.5  1.92193163E-43
  92.6  1.92710456E-43
  92.7  1.93227762E-43
  92.8  1.93745069E-43
  92.9  1.94262365E-43
  93.  1.94779637E-43
  93.1  1.95296872E-43
  93.2  1.95814057E-43
  93.3  1.9633118E-43
  93.4  1.96848228E-43
  93.5  1.97365188E-43
  93.6  1.97882047E-43
  93.7  1.98398792E-43
  93.8  1.98915409E-43
  93.9  1.99431886E-43
  94.  1.99948209E-43
  94.1  2.00464365E-43
  94.2  2.0098034E-43
  94.3  2.01496121E-43
  94.4  2.02011694E-43
  94.5  2.02527045E-43
  94.6  2.03042162E-43
  94.7  2.0355703E-43
  94.8  2.04071635E-43
  94.9  2.04585963E-43
  95.  2.051E-43
  95.1  2.05613733E-43
  95.2  2.06127146E-43
  95.3  2.06640227E-43
  95.4  2.0715296E-43
  95.5  2.07665331E-43
  95.6  2.08177326E-43
  95.7  2.0868893E-43
  95.8  2.09200129E-43
  95.9  2.09710908E-43
  96.  2.10221253E-43
  96.1  2.10731149E-43
  96.2  2.1124058E-43
  96.3  2.11749532E-43
  96.4  2.12257991E-43
  96.5  2.12765941E-43
  96.6  2.13273366E-43
  96.7  2.13780253E-43
  96.8  2.14286585E-43
  96.9  2.14792348E-43
  97.  2.15297526E-43
  97.1  2.15802104E-43
  97.2  2.16306067E-43
  97.3  2.16809398E-43
  97.4  2.17312082E-43
  97.5  2.17814104E-43
  97.6  2.18315448E-43
  97.7  2.18816098E-43
  97.8  2.19316039E-43
  97.9  2.19815255E-43
  98.  2.20313729E-43
  98.1  2.20811446E-43
  98.2  2.2130839E-43
  98.3  2.21804544E-43
  98.4  2.22299893E-43
  98.5  2.22794421E-43
  98.6  2.2328811E-43
  98.7  2.23780945E-43
  98.8  2.2427291E-43
  98.9  2.24763988E-43
  99.  2.25254163E-43
  99.1  2.25743418E-43
  99.2  2.26231736E-43
  99.3  2.26719102E-43
  99.4  2.27205498E-43
  99.5  2.27690907E-43
  99.6  2.28175314E-43
  99.7  2.286587E-43
  99.8  2.29141051E-43
  99.9  2.29622347E-43
  100.  2.30102573E-43
  100.1  2.30581712E-43
  100.2  2.31059746E-43
  100.3  2.31536659E-43
  100.4  2.32012433E-43
  100.5  2.32487052E-43
  100.6  2.32960497E-43
  100.7  2.33432753E-43
  100.8  2.33903801E-43
  100.9  2.34373625E-43
  101.  2.34842206E-43
  101.1  2.35309529E-43
  101.2  2.35775574E-43
  101.3  2.36240325E-43
  101.4  2.36703765E-43
  101.5  2.37165875E-43
  101.6  2.37626639E-43
  101.7  2.38086039E-43
  101.8  2.38544056E-43
  101.9  2.39000674E-43
  102.  2.39455875E-43
  102.1  2.39909641E-43
  102.2  2.40361955E-43
  102.3  2.40812798E-43
  102.4  2.41262153E-43
  102.5  2.41710002E-43
  102.6  2.42156327E-43
  102.7  2.42601111E-43
  102.8  2.43044335E-43
  102.9  2.43485982E-43
  103.  2.43926033E-43
  103.1  2.44364472E-43
  103.2  2.44801279E-43
  103.3  2.45236437E-43
  103.4  2.45669928E-43
  103.5  2.46101734E-43
  103.6  2.46531836E-43
  103.7  2.46960218E-43
  103.8  2.4738686E-43
  103.9  2.47811745E-43
  104.  2.48234855E-43
  104.1  2.48656171E-43
  104.2  2.49075676E-43
  104.3  2.49493351E-43
  104.4  2.49909179E-43
  104.5  2.5032314E-43
  104.6  2.50735218E-43
  104.7  2.51145394E-43
  104.8  2.51553649E-43
  104.9  2.51959966E-43
  105.  2.52364327E-43
  105.1  2.52766712E-43
  105.2  2.53167106E-43
  105.3  2.53565488E-43
  105.4  2.53961842E-43
  105.5  2.54356148E-43
  105.6  2.54748389E-43
  105.7  2.55138547E-43
  105.8  2.55526603E-43
  105.9  2.5591254E-43
  106.  2.56296339E-43
  106.1  2.56677983E-43
  106.2  2.57057453E-43
  106.3  2.57434731E-43
  106.4  2.57809799E-43
  106.5  2.5818264E-43
  106.6  2.58553234E-43
  106.7  2.58921565E-43
  106.8  2.59287614E-43
  106.9  2.59651363E-43
  107.  2.60012795E-43
  107.1  2.60371891E-43
  107.2  2.60728634E-43
  107.3  2.61083005E-43
  107.4  2.61434988E-43
  107.5  2.61784563E-43
  107.6  2.62131714E-43
  107.7  2.62476422E-43
  107.8  2.6281867E-43
  107.9  2.6315844E-43
  108.  2.63495715E-43
  108.1  2.63830476E-43
  108.2  2.64162707E-43
  108.3  2.6449239E-43
  108.4  2.64819507E-43
  108.5  2.65144041E-43
  108.6  2.65465974E-43
  108.7  2.65785289E-43
  108.8  2.66101969E-43
  108.9  2.66415996E-43
  109.  2.66727353E-43
  109.1  2.67036023E-43
  109.2  2.67341989E-43
  109.3  2.67645233E-43
  109.4  2.67945739E-43
  109.5  2.6824349E-43
  109.6  2.68538468E-43
  109.7  2.68830656E-43
  109.8  2.69120039E-43
  109.9  2.69406599E-43
  110.  2.69690319E-43
  110.1  2.69971182E-43
  110.2  2.70249173E-43
  110.3  2.70524274E-43
  110.4  2.7079647E-43
  110.5  2.71065742E-43
  110.6  2.71332076E-43
  110.7  2.71595455E-43
  110.8  2.71855863E-43
  110.9  2.72113283E-43
  111.  2.723677E-43
  111.1  2.72619097E-43
  111.2  2.72867459E-43
  111.3  2.7311277E-43
  111.4  2.73355013E-43
  111.5  2.73594174E-43
  111.6  2.73830236E-43
  111.7  2.74063184E-43
  111.8  2.74293003E-43
  111.9  2.74519677E-43
  112.  2.74743191E-43
  112.1  2.74963529E-43
  112.2  2.75180678E-43
  112.3  2.7539462E-43
  112.4  2.75605342E-43
  112.5  2.75812829E-43
  112.6  2.76017066E-43
  112.7  2.76218038E-43
  112.8  2.76415731E-43
  112.9  2.7661013E-43
  113.  2.76801221E-43
  113.1  2.76988989E-43
  113.2  2.77173421E-43
  113.3  2.77354502E-43
  113.4  2.77532218E-43
  113.5  2.77706555E-43
  113.6  2.77877501E-43
  113.7  2.7804504E-43
  113.8  2.78209159E-43
  113.9  2.78369846E-43
  114.  2.78527086E-43
  114.1  2.78680866E-43
  114.2  2.78831174E-43
  114.3  2.78977996E-43
  114.4  2.79121319E-43
  114.5  2.79261131E-43
  114.6  2.79397418E-43
  114.7  2.79530169E-43
  114.8  2.79659371E-43
  114.9  2.79785012E-43
  115.  2.79907079E-43
  115.1  2.8002556E-43
  115.2  2.80140444E-43
  115.3  2.80251719E-43
  115.4  2.80359373E-43
  115.5  2.80463394E-43
  115.6  2.80563772E-43
  115.7  2.80660494E-43
  115.8  2.80753549E-43
  115.9  2.80842928E-43
  116.  2.80928618E-43
  116.1  2.81010609E-43
  116.2  2.81088891E-43
  116.3  2.81163453E-43
  116.4  2.81234284E-43
  116.5  2.81301375E-43
  116.6  2.81364715E-43
  116.7  2.81424294E-43
  116.8  2.81480104E-43
  116.9  2.81532133E-43
  117.  2.81580373E-43
  117.1  2.81624815E-43
  117.2  2.81665449E-43
  117.3  2.81702265E-43
  117.4  2.81735257E-43
  117.5  2.81764413E-43
  117.6  2.81789727E-43
  117.7  2.81811189E-43
  117.8  2.81828792E-43
  117.9  2.81842527E-43
  118.  2.81852386E-43
  118.1  2.81858362E-43
  118.2  2.81860447E-43
  118.3  2.81858633E-43
  118.4  2.81852914E-43
  118.5  2.81843281E-43
  118.6  2.81829729E-43
  118.7  2.8181225E-43
  118.8  2.81790837E-43
  118.9  2.81765485E-43
  119.  2.81736187E-43
  119.1  2.81702936E-43
  119.2  2.81665727E-43
  119.3  2.81624554E-43
  119.4  2.81579411E-43
  119.5  2.81530293E-43
  119.6  2.81477195E-43
  119.7  2.81420112E-43
  119.8  2.81359037E-43
  119.9  2.81293968E-43
  120.  2.81224899E-43
  120.1  2.81151826E-43
  120.2  2.81074744E-43
  120.3  2.8099365E-43
  120.4  2.8090854E-43
  120.5  2.8081941E-43
  120.6  2.80726256E-43
  120.7  2.80629076E-43
  120.8  2.80527865E-43
  120.9  2.80422622E-43
  121.  2.80313343E-43
  121.1  2.80200026E-43
  121.2  2.80082668E-43
  121.3  2.79961268E-43
  121.4  2.79835823E-43
  121.5  2.79706331E-43
  121.6  2.7957279E-43
  121.7  2.794352E-43
  121.8  2.7929356E-43
  121.9  2.79147866E-43
  122.  2.78998121E-43
  122.1  2.78844321E-43
  122.2  2.78686467E-43
  122.3  2.78524559E-43
  122.4  2.78358596E-43
  122.5  2.78188579E-43
  122.6  2.78014508E-43
  122.7  2.77836383E-43
  122.8  2.77654204E-43
  122.9  2.77467974E-43
  123.  2.77277693E-43
  123.1  2.77083362E-43
  123.2  2.76884982E-43
  123.3  2.76682556E-43
  123.4  2.76476085E-43
  123.5  2.76265571E-43
  123.6  2.76051016E-43
  123.7  2.75832423E-43
  123.8  2.75609795E-43
  123.9  2.75383135E-43
  124.  2.75152444E-43
  124.1  2.74917728E-43
  124.2  2.74678988E-43
  124.3  2.7443623E-43
  124.4  2.74189456E-43
  124.5  2.7393867E-43
  124.6  2.73683878E-43
  124.7  2.73425083E-43
  124.8  2.7316229E-43
  124.9  2.72895504E-43
  125.  2.72624731E-43
  125.1  2.72349974E-43
  125.2  2.7207124E-43
  125.3  2.71788535E-43
  125.4  2.71501864E-43
  125.5  2.71211233E-43
  125.6  2.7091665E-43
  125.7  2.70618119E-43
  125.8  2.70315648E-43
  125.9  2.70009244E-43
  126.  2.69698913E-43
  126.1  2.69384664E-43
  126.2  2.69066504E-43
  126.3  2.68744439E-43
  126.4  2.68418479E-43
  126.5  2.68088632E-43
  126.6  2.67754905E-43
  126.7  2.67417307E-43
  126.8  2.67075847E-43
  126.9  2.66730534E-43
  127.  2.66381376E-43
  127.1  2.66028384E-43
  127.2  2.65671567E-43
  127.3  2.65310934E-43
  127.4  2.64946495E-43
  127.5  2.64578261E-43
  127.6  2.64206242E-43
  127.7  2.63830448E-43
  127.8  2.6345089E-43
  127.9  2.63067579E-43
  128.  2.62680526E-43
  128.1  2.62289742E-43
  128.2  2.61895239E-43
  128.3  2.61497029E-43
  128.4  2.61095123E-43
  128.5  2.60689534E-43
  128.6  2.60280273E-43
  128.7  2.59867354E-43
  128.8  2.59450789E-43
  128.9  2.59030591E-43
  129.  2.58606772E-43
  129.1  2.58179347E-43
  129.2  2.57748328E-43
  129.3  2.5731373E-43
  129.4  2.56875566E-43
  129.5  2.5643385E-43
  129.6  2.55988596E-43
  129.7  2.55539819E-43
  129.8  2.55087533E-43
  129.9  2.54631753E-43
  130.  2.54172494E-43
  130.1  2.53709772E-43
  130.2  2.53243601E-43
  130.3  2.52773996E-43
  130.4  2.52300975E-43
  130.5  2.51824552E-43
  130.6  2.51344744E-43
  130.7  2.50861566E-43
  130.8  2.50375036E-43
  130.9  2.4988517E-43
  131.  2.49391984E-43
  131.1  2.48895496E-43
  131.2  2.48395722E-43
  131.3  2.47892681E-43
  131.4  2.47386388E-43
  131.5  2.46876863E-43
  131.6  2.46364123E-43
  131.7  2.45848186E-43
  131.8  2.4532907E-43
  131.9  2.44806793E-43
  132.  2.44281373E-43
  132.1  2.43752831E-43
  132.2  2.43221183E-43
  132.3  2.4268645E-43
  132.4  2.4214865E-43
  132.5  2.41607803E-43
  132.6  2.41063928E-43
  132.7  2.40517045E-43
  132.8  2.39967173E-43
  132.9  2.39414333E-43
  133.  2.38858545E-43
  133.1  2.38299828E-43
  133.2  2.37738203E-43
  133.3  2.37173691E-43
  133.4  2.36606313E-43
  133.5  2.36036088E-43
  133.6  2.35463039E-43
  133.7  2.34887187E-43
  133.8  2.34308552E-43
  133.9  2.33727155E-43
  134.  2.3314302E-43
  134.1  2.32556167E-43
  134.2  2.31966618E-43
  134.3  2.31374395E-43
  134.4  2.3077952E-43
  134.5  2.30182016E-43
  134.6  2.29581905E-43
  134.7  2.28979208E-43
  134.8  2.2837395E-43
  134.9  2.27766152E-43
  135.  2.27155838E-43
  135.1  2.26543031E-43
  135.2  2.25927753E-43
  135.3  2.25310028E-43
  135.4  2.2468988E-43
  135.5  2.24067331E-43
  135.6  2.23442405E-43
  135.7  2.22815127E-43
  135.8  2.22185519E-43
  135.9  2.21553607E-43
  136.  2.20919413E-43
  136.1  2.20282962E-43
  136.2  2.19644279E-43
  136.3  2.19003387E-43
  136.4  2.18360311E-43
  136.5  2.17715076E-43
  136.6  2.17067706E-43
  136.7  2.16418227E-43
  136.8  2.15766662E-43
  136.9  2.15113037E-43
  137.  2.14457377E-43
  137.1  2.13799707E-43
  137.2  2.13140053E-43
  137.3  2.12478439E-43
  137.4  2.1181489E-43
  137.5  2.11149434E-43
  137.6  2.10482094E-43
  137.7  2.09812896E-43
  137.8  2.09141867E-43
  137.9  2.08469032E-43
  138.  2.07794417E-43
  138.1  2.07118048E-43
  138.2  2.0643995E-43
  138.3  2.0576015E-43
  138.4  2.05078675E-43
  138.5  2.04395549E-43
  138.6  2.03710799E-43
  138.7  2.03024453E-43
  138.8  2.02336535E-43
  138.9  2.01647073E-43
  139.  2.00956092E-43
  139.1  2.0026362E-43
  139.2  1.99569683E-43
  139.3  1.98874308E-43
  139.4  1.9817752E-43
  139.5  1.97479348E-43
  139.6  1.96779817E-43
  139.7  1.96078955E-43
  139.8  1.95376788E-43
  139.9  1.94673343E-43
  140.  1.93968647E-43
  140.1  1.93262727E-43
  140.2  1.9255561E-43
  140.3  1.91847323E-43
  140.4  1.91137893E-43
  140.5  1.90427346E-43
  140.6  1.8971571E-43
  140.7  1.89003013E-43
  140.8  1.8828928E-43
  140.9  1.87574539E-43
  141.  1.86858818E-43
  141.1  1.86142143E-43
  141.2  1.85424542E-43
  141.3  1.84706041E-43
  141.4  1.83986668E-43
  141.5  1.83266449E-43
  141.6  1.82545413E-43
  141.7  1.81823586E-43
  141.8  1.81100996E-43
  141.9  1.80377668E-43
  142.  1.79653631E-43
  142.1  1.78928912E-43
  142.2  1.78203538E-43
  142.3  1.77477536E-43
  142.4  1.76750932E-43
  142.5  1.76023755E-43
  142.6  1.7529603E-43
  142.7  1.74567786E-43
  142.8  1.73839049E-43
  142.9  1.73109845E-43
  143.  1.72380203E-43
  143.1  1.71650148E-43
  143.2  1.70919708E-43
  143.3  1.7018891E-43
  143.4  1.6945778E-43
  143.5  1.68726346E-43
  143.6  1.67994633E-43
  143.7  1.67262669E-43
  143.8  1.6653048E-43
  143.9  1.65798092E-43
  144.  1.65065534E-43
  144.1  1.6433283E-43
  144.2  1.63600007E-43
  144.3  1.62867092E-43
  144.4  1.62134112E-43
  144.5  1.61401091E-43
  144.6  1.60668058E-43
  144.7  1.59935037E-43
  144.8  1.59202055E-43
  144.9  1.58469138E-43
  145.  1.57736311E-43
  145.1  1.57003602E-43
  145.2  1.56271035E-43
  145.3  1.55538637E-43
  145.4  1.54806433E-43
  145.5  1.54074449E-43
  145.6  1.53342709E-43
  145.7  1.52611241E-43
  145.8  1.51880069E-43
  145.9  1.51149218E-43
  146.  1.50418714E-43
  146.1  1.49688581E-43
  146.2  1.48958846E-43
  146.3  1.48229532E-43
  146.4  1.47500665E-43
  146.5  1.46772269E-43
  146.6  1.46044369E-43
  146.7  1.4531699E-43
  146.8  1.44590156E-43
  146.9  1.43863891E-43
  147.  1.4313822E-43
  147.1  1.42413167E-43
  147.2  1.41688756E-43
  147.3  1.40965011E-43
  147.4  1.40241956E-43
  147.5  1.39519614E-43
  147.6  1.38798009E-43
  147.7  1.38077165E-43
  147.8  1.37357105E-43
  147.9  1.36637853E-43
  148.  1.35919431E-43
  148.1  1.35201862E-43
  148.2  1.34485171E-43
  148.3  1.33769378E-43
  148.4  1.33054507E-43
  148.5  1.32340581E-43
  148.6  1.31627622E-43
  148.7  1.30915652E-43
  148.8  1.30204694E-43
  148.9  1.29494769E-43
  149.  1.287859E-43
  149.1  1.28078108E-43
  149.2  1.27371415E-43
  149.3  1.26665842E-43
  149.4  1.2596141E-43
  149.5  1.25258142E-43
  149.6  1.24556058E-43
  149.7  1.23855179E-43
  149.8  1.23155526E-43
  149.9  1.22457119E-43
  150.  1.21759979E-43
  150.1  1.21064127E-43
  150.2  1.20369582E-43
  150.3  1.19676365E-43
  150.4  1.18984495E-43
  150.5  1.18293993E-43
  150.6  1.17604878E-43
  150.7  1.1691717E-43
  150.8  1.16230887E-43
  150.9  1.1554605E-43
  151.  1.14862676E-43
  151.1  1.14180785E-43
  151.2  1.13500396E-43
  151.3  1.12821527E-43
  151.4  1.12144197E-43
  151.5  1.11468423E-43
  151.6  1.10794224E-43
  151.7  1.10121618E-43
  151.8  1.09450622E-43
  151.9  1.08781255E-43
  152.  1.08113532E-43
  152.1  1.07447472E-43
  152.2  1.06783092E-43
  152.3  1.06120409E-43
  152.4  1.05459439E-43
  152.5  1.04800199E-43
  152.6  1.04142705E-43
  152.7  1.03486973E-43
  152.8  1.02833021E-43
  152.9  1.02180862E-43
  153.  1.01530514E-43
  153.1  1.00881992E-43
  153.2  1.0023531E-43
  153.3  9.95904854E-44
  153.4  9.89475318E-44
  153.5  9.83064642E-44
  153.6  9.76672975E-44
  153.7  9.70300461E-44
  153.8  9.63947243E-44
  153.9  9.57613462E-44
  154.  9.51299259E-44
  154.1  9.4500477E-44
  154.2  9.38730133E-44
  154.3  9.32475481E-44
  154.4  9.26240946E-44
  154.5  9.2002666E-44
  154.6  9.1383275E-44
  154.7  9.07659345E-44
  154.8  9.0150657E-44
  154.9  8.95374547E-44
  155.  8.89263399E-44
  155.1  8.83173245E-44
  155.2  8.77104203E-44
  155.3  8.7105639E-44
  155.4  8.6502992E-44
  155.5  8.59024905E-44
  155.6  8.53041456E-44
  155.7  8.47079682E-44
  155.8  8.4113969E-44
  155.9  8.35221586E-44
  156.  8.29325472E-44
  156.1  8.23451451E-44
  156.2  8.17599622E-44
  156.3  8.11770083E-44
  156.4  8.0596293E-44
  156.5  8.00178258E-44
  156.6  7.94416159E-44
  156.7  7.88676724E-44
  156.8  7.82960041E-44
  156.9  7.77266197E-44
  157.  7.71595279E-44
  157.1  7.65947368E-44
  157.2  7.60322548E-44
  157.3  7.54720897E-44
  157.4  7.49142493E-44
  157.5  7.43587412E-44
  157.6  7.3805573E-44
  157.7  7.32547518E-44
  157.8  7.27062847E-44
  157.9  7.21601786E-44
  158.  7.16164402E-44
  158.1  7.10750761E-44
  158.2  7.05360926E-44
  158.3  6.99994958E-44
  158.4  6.94652919E-44
  158.5  6.89334865E-44
  158.6  6.84040853E-44
  158.7  6.78770939E-44
  158.8  6.73525174E-44
  158.9  6.6830361E-44
  159.  6.63106297E-44
  159.1  6.57933282E-44
  159.2  6.52784611E-44
  159.3  6.47660328E-44
  159.4  6.42560475E-44
  159.5  6.37485093E-44
  159.6  6.32434222E-44
  159.7  6.27407898E-44
  159.8  6.22406156E-44
  159.9  6.17429032E-44
  160.  6.12476556E-44
  160.1  6.07548759E-44
  160.2  6.02645671E-44
  160.3  5.97767317E-44
  160.4  5.92913724E-44
  160.5  5.88084915E-44
  160.6  5.83280913E-44
  160.7  5.78501737E-44
  160.8  5.73747407E-44
  160.9  5.69017939E-44
  161.  5.6431335E-44
  161.1  5.59633652E-44
  161.2  5.54978859E-44
  161.3  5.50348982E-44
  161.4  5.45744028E-44
  161.5  5.41164007E-44
  161.6  5.36608923E-44
  161.7  5.32078781E-44
  161.8  5.27573584E-44
  161.9  5.23093333E-44
  162.  5.18638028E-44
  162.1  5.14207668E-44
  162.2  5.09802248E-44
  162.3  5.05421764E-44
  162.4  5.0106621E-44
  162.5  4.96735578E-44
  162.6  4.92429859E-44
  162.7  4.88149041E-44
  162.8  4.83893113E-44
  162.9  4.7966206E-44
  163.  4.75455868E-44
  163.1  4.71274521E-44
  163.2  4.67117999E-44
  163.3  4.62986284E-44
  163.4  4.58879355E-44
  163.5  4.5479719E-44
  163.6  4.50739765E-44
  163.7  4.46707055E-44
  163.8  4.42699033E-44
  163.9  4.38715673E-44
  164.  4.34756946E-44
  164.1  4.3082282E-44
  164.2  4.26913264E-44
  164.3  4.23028246E-44
  164.4  4.1916773E-44
  164.5  4.15331683E-44
  164.6  4.11520066E-44
  164.7  4.07732841E-44
  164.8  4.03969971E-44
  164.9  4.00231413E-44
  165.  3.96517127E-44
  165.1  3.92827068E-44
  165.2  3.89161194E-44
  165.3  3.85519459E-44
  165.4  3.81901816E-44
  165.5  3.78308218E-44
  165.6  3.74738616E-44
  165.7  3.71192959E-44
  165.8  3.67671198E-44
  165.9  3.64173279E-44
  166.  3.60699149E-44
  166.1  3.57248755E-44
  166.2  3.5382204E-44
  166.3  3.50418948E-44
  166.4  3.47039421E-44
  166.5  3.43683401E-44
  166.6  3.40350828E-44
  166.7  3.37041642E-44
  166.8  3.33755781E-44
  166.9  3.30493182E-44
  167.  3.27253782E-44
  167.1  3.24037516E-44
  167.2  3.20844318E-44
  167.3  3.17674122E-44
  167.4  3.14526861E-44
  167.5  3.11402467E-44
  167.6  3.08300869E-44
  167.7  3.05221999E-44
  167.8  3.02165784E-44
  167.9  2.99132154E-44
  168.  2.96121036E-44
  168.1  2.93132356E-44
  168.2  2.90166039E-44
  168.3  2.87222011E-44
  168.4  2.84300196E-44
  168.5  2.81400516E-44
  168.6  2.78522895E-44
  168.7  2.75667254E-44
  168.8  2.72833515E-44
  168.9  2.70021596E-44
  169.  2.67231419E-44
  169.1  2.64462901E-44
  169.2  2.61715962E-44
  169.3  2.58990517E-44
  169.4  2.56286485E-44
  169.5  2.53603781E-44
  169.6  2.50942321E-44
  169.7  2.48302019E-44
  169.8  2.4568279E-44
  169.9  2.43084547E-44
  170.  2.40507204E-44
