  0.1  0.
  0.2  0.
  0.3  0.
  0.4  0.
  0.5  0.
  0.6  0.
  0.7  0.
  0.8  0.
  0.9  0.
  1.  0.
  1.1  0.
  1.2  0.
  1.3  0.
  1.4  0.
  1.5  0.
  1.6  0.
  1.7  5.9045632E-50
  1.8  6.45055156E-50
  1.9  7.04013879E-50
  2.  7.67603856E-50
  2.1  8.36105147E-50
  2.2  9.09805866E-50
  2.3  9.89001428E-50
  2.4  1.07399367E-49
  2.5  1.1650898E-49
  2.6  1.26260128E-49
  2.7  1.36684245E-49
  2.8  1.47812909E-49
  2.9  1.59677677E-49
  3.  1.72309907E-49
  3.1  1.85740563E-49
  3.2  2.E-49
  3.3  2.15117741E-49
  3.4  2.3112223E-49
  3.5  2.48040578E-49
  3.6  2.65898284E-49
  3.7  2.8471896E-49
  3.8  3.04524022E-49
  3.9  3.25332392E-49
  4.  3.47160176E-49
  4.1  3.70020345E-49
  4.2  3.93922402E-49
  4.3  4.18872061E-49
  4.4  4.44870911E-49
  4.5  4.71916097E-49
  4.6  5.E-49
  4.7  5.29240116E-49
  4.8  5.59749877E-49
  4.9  5.91502795E-49
  5.  6.24459365E-49
  5.1  6.58565835E-49
  5.2  6.93753018E-49
  5.3  7.29935177E-49
  5.4  7.67009011E-49
  5.5  8.04852775E-49
  5.6  8.43325587E-49
  5.7  8.82266937E-49
  5.8  9.2149646E-49
  5.9  9.60813998E-49
  6.  1.E-48
  6.1  1.03958008E-48
  6.2  1.0802409E-48
  6.3  1.12198966E-48
  6.4  1.16483262E-48
  6.5  1.20877502E-48
  6.6  1.25382108E-48
  6.7  1.29997395E-48
  6.8  1.3472357E-48
  6.9  1.39560724E-48
  7.  1.44508837E-48
  7.1  1.49567766E-48
  7.2  1.54737251E-48
  7.3  1.60016905E-48
  7.4  1.65406218E-48
  7.5  1.70904552E-48
  7.6  1.76511137E-48
  7.7  1.82225074E-48
  7.8  1.88045331E-48
  7.9  1.9397074E-48
  8.  2.E-48
  8.1  2.06196353E-48
  8.2  2.1262032E-48
  8.3  2.19265318E-48
  8.4  2.26123183E-48
  8.5  2.33184024E-48
  8.6  2.40436078E-48
  8.7  2.47865567E-48
  8.8  2.55456567E-48
  8.9  2.63190879E-48
  9.  2.71047916E-48
  9.1  2.79004604E-48
  9.2  2.870353E-48
  9.3  2.95111733E-48
  9.4  3.03202972E-48
  9.5  3.11275419E-48
  9.6  3.19292838E-48
  9.7  3.27216421E-48
  9.8  3.35004893E-48
  9.9  3.42614658E-48
  10.  3.5E-48
  10.1  3.57258579E-48
  10.2  3.64529147E-48
  10.3  3.71827307E-48
  10.4  3.79170194E-48
  10.5  3.86576495E-48
  10.6  3.94066486E-48
  10.7  4.01662067E-48
  10.8  4.09386819E-48
  10.9  4.17266069E-48
  11.  4.25326968E-48
  11.1  4.33598591E-48
  11.2  4.42112055E-48
  11.3  4.50900649E-48
  11.4  4.6E-48
  11.5  4.69406339E-48
  11.6  4.79088811E-48
  11.7  4.89043765E-48
  11.8  4.99266817E-48
  11.9  5.09752795E-48
  12.  5.20495675E-48
  12.1  5.31488522E-48
  12.2  5.42723426E-48
  12.3  5.54191448E-48
  12.4  5.65882551E-48
  12.5  5.77785551E-48
  12.6  5.89888054E-48
  12.7  6.02176404E-48
  12.8  6.14635633E-48
  12.9  6.2724941E-48
  13.  6.4E-48
  13.1  6.52775181E-48
  13.2  6.65472033E-48
  13.3  6.7808614E-48
  13.4  6.90613684E-48
  13.5  7.03051459E-48
  13.6  7.15396876E-48
  13.7  7.27647976E-48
  13.8  7.3980343E-48
  13.9  7.5186255E-48
  14.  7.6382529E-48
  14.1  7.75692246E-48
  14.2  7.87464658E-48
  14.3  7.99144412E-48
  14.4  8.10734036E-48
  14.5  8.22236698E-48
  14.6  8.33656207E-48
  14.7  8.44997006E-48
  14.8  8.56264169E-48
  14.9  8.674634E-48
  15.  8.78601026E-48
  15.1  8.89683996E-48
  15.2  9.00719874E-48
  15.3  9.1171684E-48
  15.4  9.22683683E-48
  15.5  9.33629803E-48
  15.6  9.44565206E-48
  15.7  9.55500505E-48
  15.8  9.66446921E-48
  15.9  9.77416286E-48
  16.  9.88421041E-48
  16.1  9.99474248E-48
  16.2  1.01058959E-47
  16.3  1.02178138E-47
  16.4  1.03306459E-47
  16.5  1.04445481E-47
  16.6  1.05596834E-47
  16.7  1.06762213E-47
  16.8  1.07943386E-47
  16.9  1.09142193E-47
  17.  1.10360549E-47
  17.1  1.11600446E-47
  17.2  1.12863961E-47
  17.3  1.14153252E-47
  17.4  1.15470567E-47
  17.5  1.16818249E-47
  17.6  1.18198737E-47
  17.7  1.19614575E-47
  17.8  1.21068415E-47
  17.9  1.22563024E-47
  18.  1.24101292E-47
  18.1  1.25686241E-47
  18.2  1.27321028E-47
  18.3  1.29008958E-47
  18.4  1.30753494E-47
  18.5  1.32558264E-47
  18.6  1.34427077E-47
  18.7  1.36363931E-47
  18.8  1.38373029E-47
  18.9  1.40458793E-47
  19.  1.42625878E-47
  19.1  1.44879192E-47
  19.2  1.47223913E-47
  19.3  1.49665506E-47
  19.4  1.52209751E-47
  19.5  1.54862759E-47
  19.6  1.57631004E-47
  19.7  1.60521345E-47
  19.8  1.63541059E-47
  19.9  1.66697874E-47
  20.  1.7E-47
  20.1  1.73434773E-47
  20.2  1.76985987E-47
  20.3  1.80657013E-47
  20.4  1.84451325E-47
  20.5  1.88372513E-47
  20.6  1.92424274E-47
  20.7  1.96610424E-47
  20.8  2.00934891E-47
  20.9  2.05401727E-47
  21.  2.100151E-47
  21.1  2.14779303E-47
  21.2  2.19698753E-47
  21.3  2.24777996E-47
  21.4  2.30021703E-47
  21.5  2.35434679E-47
  21.6  2.41021859E-47
  21.7  2.46788312E-47
  21.8  2.52739245E-47
  21.9  2.5888E-47
  22.  2.65216058E-47
  22.1  2.71753041E-47
  22.2  2.78496711E-47
  22.3  2.85452972E-47
  22.4  2.92627872E-47
  22.5  3.00027602E-47
  22.6  3.07658498E-47
  22.7  3.15527039E-47
  22.8  3.23639851E-47
  22.9  3.32003701E-47
  23.  3.40625504E-47
  23.1  3.49512316E-47
  23.2  3.58671335E-47
  23.3  3.68109902E-47
  23.4  3.77835496E-47
  23.5  3.87855734E-47
  23.6  3.98178369E-47
  23.7  4.08811285E-47
  23.8  4.19762498E-47
  23.9  4.31040147E-47
  24.  4.42652494E-47
  24.1  4.5460792E-47
  24.2  4.66914914E-47
  24.3  4.79582077E-47
  24.4  4.92618107E-47
  24.5  5.06031796E-47
  24.6  5.19832024E-47
  24.7  5.3402775E-47
  24.8  5.48628002E-47
  24.9  5.63641867E-47
  25.  5.79078487E-47
  25.1  5.9494704E-47
  25.2  6.11256734E-47
  25.3  6.28016793E-47
  25.4  6.45236445E-47
  25.5  6.62924905E-47
  25.6  6.81091363E-47
  25.7  6.99744969E-47
  25.8  7.18894813E-47
  25.9  7.38549909E-47
  26.  7.58719179E-47
  26.1  7.79411431E-47
  26.2  8.00635337E-47
  26.3  8.22399415E-47
  26.4  8.44712007E-47
  26.5  8.67581251E-47
  26.6  8.91015062E-47
  26.7  9.15021101E-47
  26.8  9.39606756E-47
  26.9  9.64779106E-47
  27.  9.905449E-47
  27.1  1.01691052E-46
  27.2  1.04388197E-46
  27.3  1.0714648E-46
  27.4  1.09966413E-46
  27.5  1.12848459E-46
  27.6  1.15793026E-46
  27.7  1.18800469E-46
  27.8  1.21871082E-46
  27.9  1.25005097E-46
  28.  1.28202678E-46
  28.1  1.31463919E-46
  28.2  1.34788839E-46
  28.3  1.38177381E-46
  28.4  1.41629402E-46
  28.5  1.45144675E-46
  28.6  1.48722885E-46
  28.7  1.52363618E-46
  28.8  1.56066365E-46
  28.9  1.59830516E-46
  29.  1.63655351E-46
  29.1  1.67540044E-46
  29.2  1.71483653E-46
  29.3  1.75485118E-46
  29.4  1.7954326E-46
  29.5  1.83656772E-46
  29.6  1.8782422E-46
  29.7  1.92044038E-46
  29.8  1.96314524E-46
  29.9  2.00633838E-46
  30.  2.05E-46
  30.1  2.09436236E-46
  30.2  2.13968339E-46
  30.3  2.18598085E-46
  30.4  2.2332727E-46
  30.5  2.28157708E-46
  30.6  2.33091231E-46
  30.7  2.38129689E-46
  30.8  2.43274951E-46
  30.9  2.485289E-46
  31.  2.53893438E-46
  31.1  2.59370482E-46
  31.2  2.64961962E-46
  31.3  2.70669826E-46
  31.4  2.76496031E-46
  31.5  2.82442552E-46
  31.6  2.88511371E-46
  31.7  2.94704484E-46
  31.8  3.01023897E-46
  31.9  3.07471624E-46
  32.  3.14049687E-46
  32.1  3.20760117E-46
  32.2  3.2760495E-46
  32.3  3.34586225E-46
  32.4  3.41705986E-46
  32.5  3.48966281E-46
  32.6  3.56369156E-46
  32.7  3.63916658E-46
  32.8  3.71610831E-46
  32.9  3.79453717E-46
  33.  3.87447353E-46
  33.1  3.95593767E-46
  33.2  4.03894982E-46
  33.3  4.12353008E-46
  33.4  4.20969844E-46
  33.5  4.29747477E-46
  33.6  4.38687876E-46
  33.7  4.47792992E-46
  33.8  4.57064759E-46
  33.9  4.66505087E-46
  34.  4.76115861E-46
  34.1  4.85898942E-46
  34.2  4.9585616E-46
  34.3  5.05989317E-46
  34.4  5.16300177E-46
  34.5  5.26790472E-46
  34.6  5.37461892E-46
  34.7  5.4831609E-46
  34.8  5.5935467E-46
  34.9  5.70579191E-46
  35.  5.81991165E-46
  35.1  5.93592048E-46
  35.2  6.05383242E-46
  35.3  6.1736609E-46
  35.4  6.29541873E-46
  35.5  6.41911807E-46
  35.6  6.54477043E-46
  35.7  6.67238657E-46
  35.8  6.80197652E-46
  35.9  6.93354953E-46
  36.  7.06711404E-46
  36.1  7.20267763E-46
  36.2  7.34024702E-46
  36.3  7.479828E-46
  36.4  7.6214254E-46
  36.5  7.76504306E-46
  36.6  7.91068382E-46
  36.7  8.05834942E-46
  36.8  8.20804052E-46
  36.9  8.35975665E-46
  37.  8.51349615E-46
  37.1  8.66925616E-46
  37.2  8.82703256E-46
  37.3  8.98681996E-46
  37.4  9.14861162E-46
  37.5  9.31239946E-46
  37.6  9.47817399E-46
  37.7  9.64592429E-46
  37.8  9.81563795E-46
  37.9  9.98730107E-46
  38.  1.01608982E-45
  38.1  1.03364122E-45
  38.2  1.05138246E-45
  38.3  1.06931149E-45
  38.4  1.08742612E-45
  38.5  1.10572397E-45
  38.6  1.12420249E-45
  38.7  1.14285895E-45
  38.8  1.16169045E-45
  38.9  1.18069389E-45
  39.  1.19986598E-45
  39.1  1.21920324E-45
  39.2  1.23870202E-45
  39.3  1.25835843E-45
  39.4  1.27816841E-45
  39.5  1.29812771E-45
  39.6  1.31823183E-45
  39.7  1.33847612E-45
  39.8  1.35885567E-45
  39.9  1.3793654E-45
  40.  1.4E-45
  40.1  1.42080823E-45
  40.2  1.44184335E-45
  40.3  1.46310667E-45
  40.4  1.48459948E-45
  40.5  1.50632306E-45
  40.6  1.5282787E-45
  40.7  1.55046767E-45
  40.8  1.57289125E-45
  40.9  1.59555071E-45
  41.  1.61844731E-45
  41.1  1.64158231E-45
  41.2  1.66495697E-45
  41.3  1.68857255E-45
  41.4  1.71243027E-45
  41.5  1.7365314E-45
  41.6  1.76087717E-45
  41.7  1.7854688E-45
  41.8  1.81030753E-45
  41.9  1.83539459E-45
  42.  1.86073119E-45
  42.1  1.88631856E-45
  42.2  1.91215789E-45
  42.3  1.93825041E-45
  42.4  1.96459732E-45
  42.5  1.99119981E-45
  42.6  2.01805908E-45
  42.7  2.04517632E-45
  42.8  2.07255273E-45
  42.9  2.10018948E-45
  43.  2.12808777E-45
  43.1  2.15624875E-45
  43.2  2.18467362E-45
  43.3  2.21336355E-45
  43.4  2.24231969E-45
  43.5  2.27154322E-45
  43.6  2.30103529E-45
  43.7  2.33079707E-45
  43.8  2.36082972E-45
  43.9  2.39113438E-45
  44.  2.42171222E-45
  44.1  2.45256437E-45
  44.2  2.48369199E-45
  44.3  2.51509623E-45
  44.4  2.54677822E-45
  44.5  2.57873911E-45
  44.6  2.61098004E-45
  44.7  2.64350215E-45
  44.8  2.67630659E-45
  44.9  2.70939448E-45
  45.  2.74276697E-45
  45.1  2.77642519E-45
  45.2  2.81037028E-45
  45.3  2.84460338E-45
  45.4  2.87912562E-45
  45.5  2.91393815E-45
  45.6  2.94904209E-45
  45.7  2.9844386E-45
  45.8  3.0201288E-45
  45.9  3.05611385E-45
  46.  3.09239488E-45
  46.1  3.12897305E-45
  46.2  3.1658495E-45
  46.3  3.20302537E-45
  46.4  3.24050183E-45
  46.5  3.27828003E-45
  46.6  3.31636112E-45
  46.7  3.35474628E-45
  46.8  3.39343666E-45
  46.9  3.43243345E-45
  47.  3.4717378E-45
  47.1  3.51135091E-45
  47.2  3.55127397E-45
  47.3  3.59150815E-45
  47.4  3.63205466E-45
  47.5  3.6729147E-45
  47.6  3.71408948E-45
  47.7  3.75558022E-45
  47.8  3.79738814E-45
  47.9  3.83951446E-45
  48.  3.88196044E-45
  48.1  3.92472731E-45
  48.2  3.96781633E-45
  48.3  4.01122877E-45
  48.4  4.0549659E-45
  48.5  4.099029E-45
  48.6  4.14341937E-45
  48.7  4.18813832E-45
  48.8  4.23318715E-45
  48.9  4.27856719E-45
  49.  4.32427979E-45
  49.1  4.37032629E-45
  49.2  4.41670805E-45
  49.3  4.46342647E-45
  49.4  4.51048291E-45
  49.5  4.5578788E-45
  49.6  4.60561554E-45
  49.7  4.65369458E-45
  49.8  4.70211735E-45
  49.9  4.75088533E-45
  50.  4.8E-45
  50.1  4.84958056E-45
  50.2  4.89974655E-45
  50.3  4.95049987E-45
  50.4  5.00184226E-45
  50.5  5.05377535E-45
  50.6  5.10630062E-45
  50.7  5.15941941E-45
  50.8  5.2131329E-45
  50.9  5.26744212E-45
  51.  5.32234792E-45
  51.1  5.377851E-45
  51.2  5.43395187E-45
  51.3  5.49065087E-45
  51.4  5.54794815E-45
  51.5  5.60584366E-45
  51.6  5.66433715E-45
  51.7  5.72342819E-45
  51.8  5.78311609E-45
  51.9  5.84339999E-45
  52.  5.90427877E-45
  52.1  5.9657511E-45
  52.2  6.02781541E-45
  52.3  6.09046987E-45
  52.4  6.15371242E-45
  52.5  6.21754073E-45
  52.6  6.2819522E-45
  52.7  6.34694399E-45
  52.8  6.41251294E-45
  52.9  6.47865564E-45
  53.  6.54536838E-45
  53.1  6.61264713E-45
  53.2  6.6804876E-45
  53.3  6.74888514E-45
  53.4  6.81783483E-45
  53.5  6.88733139E-45
  53.6  6.95736922E-45
  53.7  7.02794239E-45
  53.8  7.09904462E-45
  53.9  7.17066928E-45
  54.  7.24280938E-45
  54.1  7.31545758E-45
  54.2  7.38860615E-45
  54.3  7.462247E-45
  54.4  7.53637166E-45
  54.5  7.61097124E-45
  54.6  7.68603651E-45
  54.7  7.76155778E-45
  54.8  7.83752501E-45
  54.9  7.91392772E-45
  55.  7.990755E-45
  55.1  8.06799555E-45
  55.2  8.14563763E-45
  55.3  8.22366905E-45
  55.4  8.30207721E-45
  55.5  8.38084905E-45
  55.6  8.45997107E-45
  55.7  8.53942933E-45
  55.8  8.61920942E-45
  55.9  8.69929648E-45
  56.  8.77967519E-45
  56.1  8.86032976E-45
  56.2  8.94124394E-45
  56.3  9.022401E-45
  56.4  9.10378374E-45
  56.5  9.1853745E-45
  56.6  9.26715512E-45
  56.7  9.34910699E-45
  56.8  9.43121099E-45
  56.9  9.51344755E-45
  57.  9.59579659E-45
  57.1  9.67823758E-45
  57.2  9.76074949E-45
  57.3  9.84331082E-45
  57.4  9.9258996E-45
  57.5  1.00084934E-44
  57.6  1.00910692E-44
  57.7  1.01736037E-44
  57.8  1.02560729E-44
  57.9  1.03384526E-44
  58.  1.0420718E-44
  58.1  1.05028438E-44
  58.2  1.05848043E-44
  58.3  1.06665733E-44
  58.4  1.07481243E-44
  58.5  1.08294302E-44
  58.6  1.09104636E-44
  58.7  1.09911966E-44
  58.8  1.1071601E-44
  58.9  1.1151648E-44
  59.  1.12313085E-44
  59.1  1.13105531E-44
  59.2  1.13893519E-44
  59.3  1.14676748E-44
  59.4  1.15454912E-44
  59.5  1.16227701E-44
  59.6  1.16994804E-44
  59.7  1.17755906E-44
  59.8  1.18510687E-44
  59.9  1.19258826E-44
  60.  1.2E-44
  60.1  1.20737509E-44
  60.2  1.21474895E-44
  60.3  1.22212191E-44
  60.4  1.22949435E-44
  60.5  1.23686666E-44
  60.6  1.24423924E-44
  60.7  1.25161252E-44
  60.8  1.25898694E-44
  60.9  1.26636297E-44
  61.  1.27374108E-44
  61.1  1.2811218E-44
  61.2  1.28850563E-44
  61.3  1.29589312E-44
  61.4  1.30328483E-44
  61.5  1.31068134E-44
  61.6  1.31808325E-44
  61.7  1.32549119E-44
  61.8  1.33290579E-44
  61.9  1.34032772E-44
  62.  1.34775766E-44
  62.1  1.3551963E-44
  62.2  1.36264436E-44
  62.3  1.3701026E-44
  62.4  1.37757177E-44
  62.5  1.38505265E-44
  62.6  1.39254604E-44
  62.7  1.40005277E-44
  62.8  1.40757368E-44
  62.9  1.41510964E-44
  63.  1.42266152E-44
  63.1  1.43023025E-44
  63.2  1.43781674E-44
  63.3  1.44542194E-44
  63.4  1.45304683E-44
  63.5  1.4606924E-44
  63.6  1.46835966E-44
  63.7  1.47604964E-44
  63.8  1.48376342E-44
  63.9  1.49150205E-44
  64.  1.49926666E-44
  64.1  1.50705835E-44
  64.2  1.51487829E-44
  64.3  1.52272764E-44
  64.4  1.5306076E-44
  64.5  1.53851938E-44
  64.6  1.54646423E-44
  64.7  1.55444341E-44
  64.8  1.56245821E-44
  64.9  1.57050994E-44
  65.  1.57859995E-44
  65.1  1.5867296E-44
  65.2  1.59490028E-44
  65.3  1.6031134E-44
  65.4  1.6113704E-44
  65.5  1.61967275E-44
  65.6  1.62802194E-44
  65.7  1.6364195E-44
  65.8  1.64486697E-44
  65.9  1.65336593E-44
  66.  1.66191798E-44
  66.1  1.67052475E-44
  66.2  1.67918792E-44
  66.3  1.68790915E-44
  66.4  1.69669019E-44
  66.5  1.70553277E-44
  66.6  1.71443869E-44
  66.7  1.72340975E-44
  66.8  1.7324478E-44
  66.9  1.74155472E-44
  67.  1.75073242E-44
  67.1  1.75998284E-44
  67.2  1.76930796E-44
  67.3  1.7787098E-44
  67.4  1.7881904E-44
  67.5  1.79775185E-44
  67.6  1.80739628E-44
  67.7  1.81712584E-44
  67.8  1.82694273E-44
  67.9  1.83684919E-44
  68.  1.8468475E-44
  68.1  1.85693997E-44
  68.2  1.86712896E-44
  68.3  1.87741688E-44
  68.4  1.88780617E-44
  68.5  1.89829932E-44
  68.6  1.90889886E-44
  68.7  1.91960738E-44
  68.8  1.93042751E-44
  68.9  1.94136191E-44
  69.  1.95241333E-44
  69.1  1.96358452E-44
  69.2  1.97487832E-44
  69.3  1.98629762E-44
  69.4  1.99784533E-44
  69.5  2.00952447E-44
  69.6  2.02133806E-44
  69.7  2.03328921E-44
  69.8  2.0453811E-44
  69.9  2.05761693E-44
  70.  2.07E-44
  70.1  2.08251291E-44
  70.2  2.09513621E-44
  70.3  2.10787009E-44
  70.4  2.12071479E-44
  70.5  2.13367049E-44
  70.6  2.14673738E-44
  70.7  2.15991565E-44
  70.8  2.17320546E-44
  70.9  2.18660698E-44
  71.  2.20012034E-44
  71.1  2.21374569E-44
  71.2  2.22748315E-44
  71.3  2.24133284E-44
  71.4  2.25529485E-44
  71.5  2.26936927E-44
  71.6  2.28355617E-44
  71.7  2.29785563E-44
  71.8  2.31226767E-44
  71.9  2.32679234E-44
  72.  2.34142966E-44
  72.1  2.35617963E-44
  72.2  2.37104223E-44
  72.3  2.38601744E-44
  72.4  2.40110521E-44
  72.5  2.41630549E-44
  72.6  2.4316182E-44
  72.7  2.44704325E-44
  72.8  2.46258051E-44
  72.9  2.47822987E-44
  73.  2.49399118E-44
  73.1  2.50986426E-44
  73.2  2.52584893E-44
  73.3  2.541945E-44
  73.4  2.55815222E-44
  73.5  2.57447036E-44
  73.6  2.59089914E-44
  73.7  2.60743829E-44
  73.8  2.62408749E-44
  73.9  2.6408464E-44
  74.  2.65771469E-44
  74.1  2.67469196E-44
  74.2  2.69177781E-44
  74.3  2.70897183E-44
  74.4  2.72627357E-44
  74.5  2.74368255E-44
  74.6  2.76119827E-44
  74.7  2.77882022E-44
  74.8  2.79654783E-44
  74.9  2.81438055E-44
  75.  2.83231776E-44
  75.1  2.85035884E-44
  75.2  2.86850312E-44
  75.3  2.88674994E-44
  75.4  2.90509856E-44
  75.5  2.92354825E-44
  75.6  2.94209825E-44
  75.7  2.96074774E-44
  75.8  2.97949591E-44
  75.9  2.99834188E-44
  76.  3.01728476E-44
  76.1  3.03632364E-44
  76.2  3.05545756E-44
  76.3  3.07468553E-44
  76.4  3.09400652E-44
  76.5  3.1134195E-44
  76.6  3.13292337E-44
  76.7  3.15251701E-44
  76.8  3.17219928E-44
  76.9  3.19196897E-44
  77.  3.21182488E-44
  77.1  3.23176573E-44
  77.2  3.25179024E-44
  77.3  3.27189708E-44
  77.4  3.29208488E-44
  77.5  3.31235224E-44
  77.6  3.33269772E-44
  77.7  3.35311984E-44
  77.8  3.37361709E-44
  77.9  3.39418791E-44
  78.  3.41483071E-44
  78.1  3.43554386E-44
  78.2  3.4563257E-44
  78.3  3.47717451E-44
  78.4  3.49808855E-44
  78.5  3.51906602E-44
  78.6  3.54010511E-44
  78.7  3.56120394E-44
  78.8  3.5823606E-44
  78.9  3.60357314E-44
  79.  3.62483958E-44
  79.1  3.64615787E-44
  79.2  3.66752595E-44
  79.3  3.68894169E-44
  79.4  3.71040295E-44
  79.5  3.73190751E-44
  79.6  3.75345314E-44
  79.7  3.77503756E-44
  79.8  3.79665842E-44
  79.9  3.81831338E-44
  80.  3.84E-44
  80.1  3.86174066E-44
  80.2  3.88355939E-44
  80.3  3.90545625E-44
  80.4  3.9274313E-44
  80.5  3.9494846E-44
  80.6  3.97161621E-44
  80.7  3.99382618E-44
  80.8  4.01611458E-44
  80.9  4.03848146E-44
  81.  4.06092687E-44
  81.1  4.08345089E-44
  81.2  4.10605356E-44
  81.3  4.12873494E-44
  81.4  4.15149509E-44
  81.5  4.17433407E-44
  81.6  4.19725193E-44
  81.7  4.22024873E-44
  81.8  4.24332452E-44
  81.9  4.26647937E-44
  82.  4.28971333E-44
  82.1  4.31302645E-44
  82.2  4.33641879E-44
  82.3  4.35989041E-44
  82.4  4.38344136E-44
  82.5  4.40707171E-44
  82.6  4.4307815E-44
  82.7  4.45457079E-44
  82.8  4.47843964E-44
  82.9  4.5023881E-44
  83.  4.52641624E-44
  83.1  4.5505241E-44
  83.2  4.57471175E-44
  83.3  4.59897924E-44
  83.4  4.62332662E-44
  83.5  4.64775396E-44
  83.6  4.6722613E-44
  83.7  4.69684872E-44
  83.8  4.72151625E-44
  83.9  4.74626397E-44
  84.  4.77109193E-44
  84.1  4.79600019E-44
  84.2  4.8209888E-44
  84.3  4.84605782E-44
  84.4  4.87120731E-44
  84.5  4.89643733E-44
  84.6  4.92174794E-44
  84.7  4.9471392E-44
  84.8  4.97261116E-44
  84.9  4.99816389E-44
  85.  5.02379745E-44
  85.1  5.04951189E-44
  85.2  5.07530728E-44
  85.3  5.10118368E-44
  85.4  5.12714115E-44
  85.5  5.15317975E-44
  85.6  5.17929955E-44
  85.7  5.2055006E-44
  85.8  5.23178297E-44
  85.9  5.25814673E-44
  86.  5.28459193E-44
  86.1  5.31111865E-44
  86.2  5.33772694E-44
  86.3  5.36441688E-44
  86.4  5.39118853E-44
  86.5  5.41804195E-44
  86.6  5.44497722E-44
  86.7  5.4719944E-44
  86.8  5.49909356E-44
  86.9  5.52627477E-44
  87.  5.5535381E-44
  87.1  5.58088361E-44
  87.2  5.60831139E-44
  87.3  5.6358215E-44
  87.4  5.66341401E-44
  87.5  5.69108901E-44
  87.6  5.71884655E-44
  87.7  5.74668672E-44
  87.8  5.77460959E-44
  87.9  5.80261524E-44
  88.  5.83070375E-44
  88.1  5.85887519E-44
  88.2  5.88712964E-44
  88.3  5.91546718E-44
  88.4  5.9438879E-44
  88.5  5.97239187E-44
  88.6  6.00097917E-44
  88.7  6.02964989E-44
  88.8  6.05840411E-44
  88.9  6.08724193E-44
  89.  6.11616341E-44
  89.1  6.14516866E-44
  89.2  6.17425776E-44
  89.3  6.20343079E-44
  89.4  6.23268785E-44
  89.5  6.26202903E-44
  89.6  6.29145443E-44
  89.7  6.32096412E-44
  89.8  6.35055822E-44
  89.9  6.38023681E-44
  90.  6.41E-44
  90.1  6.43986487E-44
  90.2  6.46984843E-44
  90.3  6.49995066E-44
  90.4  6.53017155E-44
  90.5  6.56051106E-44
  90.6  6.59096915E-44
  90.7  6.62154578E-44
  90.8  6.6522409E-44
  90.9  6.68305445E-44
  91.  6.71398636E-44
  91.1  6.74503656E-44
  91.2  6.77620497E-44
  91.3  6.80749151E-44
  91.4  6.83889609E-44
  91.5  6.87041859E-44
  91.6  6.90205891E-44
  91.7  6.93381694E-44
  91.8  6.96569256E-44
  91.9  6.99768563E-44
  92.  7.029796E-44
  92.1  7.06202355E-44
  92.2  7.09436811E-44
  92.3  7.12682952E-44
  92.4  7.1594076E-44
  92.5  7.19210219E-44
  92.6  7.22491309E-44
  92.7  7.25784011E-44
  92.8  7.29088305E-44
  92.9  7.3240417E-44
  93.  7.35731583E-44
  93.1  7.39070521E-44
  93.2  7.42420962E-44
  93.3  7.4578288E-44
  93.4  7.4915625E-44
  93.5  7.52541046E-44
  93.6  7.5593724E-44
  93.7  7.59344805E-44
  93.8  7.62763711E-44
  93.9  7.66193929E-44
  94.  7.69635427E-44
  94.1  7.73088174E-44
  94.2  7.76552137E-44
  94.3  7.80027283E-44
  94.4  7.83513576E-44
  94.5  7.87010983E-44
  94.6  7.90519465E-44
  94.7  7.94038985E-44
  94.8  7.97569505E-44
  94.9  8.01110986E-44
  95.  8.04663387E-44
  95.1  8.08226667E-44
  95.2  8.11800783E-44
  95.3  8.15385691E-44
  95.4  8.18981348E-44
  95.5  8.22587708E-44
  95.6  8.26204724E-44
  95.7  8.29832348E-44
  95.8  8.33470533E-44
  95.9  8.37119228E-44
  96.  8.40778382E-44
  96.1  8.44447945E-44
  96.2  8.48127862E-44
  96.3  8.51818079E-44
  96.4  8.55518543E-44
  96.5  8.59229196E-44
  96.6  8.62949982E-44
  96.7  8.66680841E-44
  96.8  8.70421715E-44
  96.9  8.74172542E-44
  97.  8.77933262E-44
  97.1  8.8170381E-44
  97.2  8.85484123E-44
  97.3  8.89274136E-44
  97.4  8.93073782E-44
  97.5  8.96882994E-44
  97.6  9.00701703E-44
  97.7  9.0452984E-44
  97.8  9.08367332E-44
  97.9  9.12214108E-44
  98.  9.16070094E-44
  98.1  9.19935217E-44
  98.2  9.23809398E-44
  98.3  9.27692563E-44
  98.4  9.31584632E-44
  98.5  9.35485525E-44
  98.6  9.39395163E-44
  98.7  9.43313463E-44
  98.8  9.47240341E-44
  98.9  9.51175714E-44
  99.  9.55119495E-44
  99.1  9.59071598E-44
  99.2  9.63031934E-44
  99.3  9.67000413E-44
  99.4  9.70976946E-44
  99.5  9.74961439E-44
  99.6  9.78953799E-44
  99.7  9.82953932E-44
  99.8  9.86961741E-44
  99.9  9.9097713E-44
  100.  9.95E-44
  100.1  9.99033103E-44
  100.2  1.00307926E-43
  100.3  1.00713846E-43
  100.4  1.0112107E-43
  100.5  1.01529599E-43
  100.6  1.0193943E-43
  100.7  1.02350565E-43
  100.8  1.02763001E-43
  100.9  1.03176739E-43
  101.  1.03591778E-43
  101.1  1.04008116E-43
  101.2  1.04425754E-43
  101.3  1.0484469E-43
  101.4  1.05264923E-43
  101.5  1.05686452E-43
  101.6  1.06109277E-43
  101.7  1.06533395E-43
  101.8  1.06958806E-43
  101.9  1.07385509E-43
  102.  1.07813503E-43
  102.1  1.08242785E-43
  102.2  1.08673355E-43
  102.3  1.09105211E-43
  102.4  1.09538352E-43
  102.5  1.09972775E-43
  102.6  1.1040848E-43
  102.7  1.10845465E-43
  102.8  1.11283728E-43
  102.9  1.11723267E-43
  103.  1.12164079E-43
  103.1  1.12606165E-43
  103.2  1.1304952E-43
  103.3  1.13494143E-43
  103.4  1.13940033E-43
  103.5  1.14387186E-43
  103.6  1.14835601E-43
  103.7  1.15285275E-43
  103.8  1.15736205E-43
  103.9  1.1618839E-43
  104.  1.16641827E-43
  104.1  1.17096513E-43
  104.2  1.17552446E-43
  104.3  1.18009622E-43
  104.4  1.18468039E-43
  104.5  1.18927694E-43
  104.6  1.19388584E-43
  104.7  1.19850707E-43
  104.8  1.20314058E-43
  104.9  1.20778636E-43
  105.  1.21244436E-43
  105.1  1.21711455E-43
  105.2  1.22179691E-43
  105.3  1.22649139E-43
  105.4  1.23119796E-43
  105.5  1.23591658E-43
  105.6  1.24064722E-43
  105.7  1.24538985E-43
  105.8  1.25014441E-43
  105.9  1.25491088E-43
  106.  1.25968922E-43
  106.1  1.26447938E-43
  106.2  1.26928132E-43
  106.3  1.274095E-43
  106.4  1.27892038E-43
  106.5  1.28375742E-43
  106.6  1.28860606E-43
  106.7  1.29346627E-43
  106.8  1.29833801E-43
  106.9  1.30322121E-43
  107.  1.30811585E-43
  107.1  1.31302186E-43
  107.2  1.3179392E-43
  107.3  1.32286782E-43
  107.4  1.32780767E-43
  107.5  1.33275869E-43
  107.6  1.33772085E-43
  107.7  1.34269407E-43
  107.8  1.34767832E-43
  107.9  1.35267353E-43
  108.  1.35767965E-43
  108.1  1.36269662E-43
  108.2  1.36772438E-43
  108.3  1.37276289E-43
  108.4  1.37781207E-43
  108.5  1.38287187E-43
  108.6  1.38794223E-43
  108.7  1.39302309E-43
  108.8  1.39811438E-43
  108.9  1.40321605E-43
  109.  1.40832802E-43
  109.1  1.41345024E-43
  109.2  1.41858263E-43
  109.3  1.42372514E-43
  109.4  1.42887769E-43
  109.5  1.43404021E-43
  109.6  1.43921264E-43
  109.7  1.44439491E-43
  109.8  1.44958693E-43
  109.9  1.45478866E-43
  110.  1.46E-43
  110.1  1.46522366E-43
  110.2  1.47046236E-43
  110.3  1.4757161E-43
  110.4  1.48098483E-43
  110.5  1.48626854E-43
  110.6  1.4915672E-43
  110.7  1.4968808E-43
  110.8  1.50220929E-43
  110.9  1.50755266E-43
  111.  1.51291088E-43
  111.1  1.51828392E-43
  111.2  1.52367176E-43
  111.3  1.52907435E-43
  111.4  1.53449167E-43
  111.5  1.5399237E-43
  111.6  1.54537039E-43
  111.7  1.55083172E-43
  111.8  1.55630765E-43
  111.9  1.56179814E-43
  112.  1.56730317E-43
  112.1  1.57282269E-43
  112.2  1.57835667E-43
  112.3  1.58390507E-43
  112.4  1.58946785E-43
  112.5  1.59504497E-43
  112.6  1.6006364E-43
  112.7  1.60624208E-43
  112.8  1.61186199E-43
  112.9  1.61749607E-43
  113.  1.62314428E-43
  113.1  1.62880658E-43
  113.2  1.63448292E-43
  113.3  1.64017326E-43
  113.4  1.64587755E-43
  113.5  1.65159573E-43
  113.6  1.65732777E-43
  113.7  1.6630736E-43
  113.8  1.66883319E-43
  113.9  1.67460648E-43
  114.  1.68039341E-43
  114.1  1.68619393E-43
  114.2  1.69200799E-43
  114.3  1.69783553E-43
  114.4  1.7036765E-43
  114.5  1.70953083E-43
  114.6  1.71539848E-43
  114.7  1.72127937E-43
  114.8  1.72717345E-43
  114.9  1.73308067E-43
  115.  1.73900094E-43
  115.1  1.74493423E-43
  115.2  1.75088045E-43
  115.3  1.75683954E-43
  115.4  1.76281144E-43
  115.5  1.76879609E-43
  115.6  1.7747934E-43
  115.7  1.78080332E-43
  115.8  1.78682577E-43
  115.9  1.79286068E-43
  116.  1.79890799E-43
  116.1  1.8049676E-43
  116.2  1.81103947E-43
  116.3  1.81712349E-43
  116.4  1.82321961E-43
  116.5  1.82932774E-43
  116.6  1.83544781E-43
  116.7  1.84157973E-43
  116.8  1.84772343E-43
  116.9  1.85387882E-43
  117.  1.86004582E-43
  117.1  1.86622435E-43
  117.2  1.87241431E-43
  117.3  1.87861564E-43
  117.4  1.88482823E-43
  117.5  1.89105201E-43
  117.6  1.89728688E-43
  117.7  1.90353274E-43
  117.8  1.90978952E-43
  117.9  1.91605712E-43
  118.  1.92233544E-43
  118.1  1.92862439E-43
  118.2  1.93492388E-43
  118.3  1.9412338E-43
  118.4  1.94755407E-43
  118.5  1.95388457E-43
  118.6  1.96022521E-43
  118.7  1.96657589E-43
  118.8  1.9729365E-43
  118.9  1.97930695E-43
  119.  1.98568713E-43
  119.1  1.99207692E-43
  119.2  1.99847624E-43
  119.3  2.00488495E-43
  119.4  2.01130297E-43
  119.5  2.01773016E-43
  119.6  2.02416644E-43
  119.7  2.03061167E-43
  119.8  2.03706576E-43
  119.9  2.04352857E-43
  120.  2.05E-43
  120.1  2.05648312E-43
  120.2  2.06298107E-43
  120.3  2.06949385E-43
  120.4  2.07602146E-43
  120.5  2.08256389E-43
  120.6  2.08912114E-43
  120.7  2.0956932E-43
  120.8  2.10228007E-43
  120.9  2.10888175E-43
  121.  2.11549822E-43
  121.1  2.12212949E-43
  121.2  2.12877554E-43
  121.3  2.13543637E-43
  121.4  2.14211198E-43
  121.5  2.14880236E-43
  121.6  2.15550749E-43
  121.7  2.16222738E-43
  121.8  2.16896201E-43
  121.9  2.17571137E-43
  122.  2.18247547E-43
  122.1  2.18925429E-43
  122.2  2.19604781E-43
  122.3  2.20285604E-43
  122.4  2.20967896E-43
  122.5  2.21651656E-43
  122.6  2.22336884E-43
  122.7  2.23023577E-43
  122.8  2.23711736E-43
  122.9  2.24401358E-43
  123.  2.25092444E-43
  123.1  2.25784991E-43
  123.2  2.26478999E-43
  123.3  2.27174466E-43
  123.4  2.27871391E-43
  123.5  2.28569772E-43
  123.6  2.2926961E-43
  123.7  2.29970901E-43
  123.8  2.30673644E-43
  123.9  2.31377839E-43
  124.  2.32083484E-43
  124.1  2.32790577E-43
  124.2  2.33499117E-43
  124.3  2.34209102E-43
  124.4  2.34920531E-43
  124.5  2.35633402E-43
  124.6  2.36347713E-43
  124.7  2.37063463E-43
  124.8  2.37780649E-43
  124.9  2.38499271E-43
  125.  2.39219327E-43
  125.1  2.39940814E-43
  125.2  2.40663731E-43
  125.3  2.41388076E-43
  125.4  2.42113846E-43
  125.5  2.42841041E-43
  125.6  2.43569658E-43
  125.7  2.44299695E-43
  125.8  2.45031149E-43
  125.9  2.4576402E-43
  126.  2.46498304E-43
  126.1  2.47234E-43
  126.2  2.47971106E-43
  126.3  2.48709618E-43
  126.4  2.49449535E-43
  126.5  2.50190855E-43
  126.6  2.50933575E-43
  126.7  2.51677693E-43
  126.8  2.52423206E-43
  126.9  2.53170112E-43
  127.  2.53918409E-43
  127.1  2.54668093E-43
  127.2  2.55419163E-43
  127.3  2.56171616E-43
  127.4  2.56925449E-43
  127.5  2.57680659E-43
  127.6  2.58437244E-43
  127.7  2.59195202E-43
  127.8  2.59954528E-43
  127.9  2.60715221E-43
  128.  2.61477277E-43
  128.1  2.62240694E-43
  128.2  2.63005469E-43
  128.3  2.63771598E-43
  128.4  2.64539079E-43
  128.5  2.65307909E-43
  128.6  2.66078084E-43
  128.7  2.66849602E-43
  128.8  2.67622459E-43
  128.9  2.68396652E-43
  129.  2.69172178E-43
  129.1  2.69949034E-43
  129.2  2.70727215E-43
  129.3  2.7150672E-43
  129.4  2.72287544E-43
  129.5  2.73069684E-43
  129.6  2.73853136E-43
  129.7  2.74637898E-43
  129.8  2.75423965E-43
  129.9  2.76211333E-43
  130.  2.77E-43
  130.1  2.77790042E-43
  130.2  2.78581543E-43
  130.3  2.79374506E-43
  130.4  2.80168935E-43
  130.5  2.80964834E-43
  130.6  2.81762207E-43
  130.7  2.82561057E-43
  130.8  2.8336139E-43
  130.9  2.84163209E-43
  131.  2.84966518E-43
  131.1  2.85771321E-43
  131.2  2.86577623E-43
  131.3  2.87385428E-43
  131.4  2.8819474E-43
  131.5  2.89005563E-43
  131.6  2.89817901E-43
  131.7  2.9063176E-43
  131.8  2.91447144E-43
  131.9  2.92264056E-43
  132.  2.93082502E-43
  132.1  2.93902485E-43
  132.2  2.94724012E-43
  132.3  2.95547085E-43
  132.4  2.9637171E-43
  132.5  2.97197892E-43
  132.6  2.98025634E-43
  132.7  2.98854943E-43
  132.8  2.99685822E-43
  132.9  3.00518277E-43
  133.  3.01352313E-43
  133.1  3.02187933E-43
  133.2  3.03025144E-43
  133.3  3.03863951E-43
  133.4  3.04704357E-43
  133.5  3.0554637E-43
  133.6  3.06389992E-43
  133.7  3.07235231E-43
  133.8  3.0808209E-43
  133.9  3.08930576E-43
  134.  3.09780693E-43
  134.1  3.10632447E-43
  134.2  3.11485843E-43
  134.3  3.12340886E-43
  134.4  3.13197583E-43
  134.5  3.14055938E-43
  134.6  3.14915957E-43
  134.7  3.15777646E-43
  134.8  3.1664101E-43
  134.9  3.17506056E-43
  135.  3.18372788E-43
  135.1  3.19241212E-43
  135.2  3.20111335E-43
  135.3  3.20983161E-43
  135.4  3.21856698E-43
  135.5  3.22731951E-43
  135.6  3.23608926E-43
  135.7  3.24487629E-43
  135.8  3.25368065E-43
  135.9  3.26250242E-43
  136.  3.27134166E-43
  136.1  3.28019842E-43
  136.2  3.28907277E-43
  136.3  3.29796477E-43
  136.4  3.30687448E-43
  136.5  3.31580198E-43
  136.6  3.32474732E-43
  136.7  3.33371057E-43
  136.8  3.34269179E-43
  136.9  3.35169106E-43
  137.  3.36070843E-43
  137.1  3.36974397E-43
  137.2  3.37879776E-43
  137.3  3.38786986E-43
  137.4  3.39696033E-43
  137.5  3.40606925E-43
  137.6  3.41519669E-43
  137.7  3.42434272E-43
  137.8  3.4335074E-43
  137.9  3.44269081E-43
  138.  3.45189302E-43
  138.1  3.46111411E-43
  138.2  3.47035413E-43
  138.3  3.47961318E-43
  138.4  3.48889131E-43
  138.5  3.49818861E-43
  138.6  3.50750515E-43
  138.7  3.51684101E-43
  138.8  3.52619625E-43
  138.9  3.53557097E-43
  139.  3.54496522E-43
  139.1  3.5543791E-43
  139.2  3.56381268E-43
  139.3  3.57326603E-43
  139.4  3.58273925E-43
  139.5  3.59223239E-43
  139.6  3.60174556E-43
  139.7  3.61127882E-43
  139.8  3.62083226E-43
  139.9  3.63040596E-43
  140.  3.64E-43
  140.1  3.64960897E-43
  140.2  3.65922741E-43
  140.3  3.66885533E-43
  140.4  3.67849271E-43
  140.5  3.68813958E-43
  140.6  3.69779593E-43
  140.7  3.70746178E-43
  140.8  3.71713712E-43
  140.9  3.72682196E-43
  141.  3.73651631E-43
  141.1  3.74622017E-43
  141.2  3.75593356E-43
  141.3  3.76565648E-43
  141.4  3.77538894E-43
  141.5  3.78513094E-43
  141.6  3.7948825E-43
  141.7  3.80464362E-43
  141.8  3.81441432E-43
  141.9  3.8241946E-43
  142.  3.83398448E-43
  142.1  3.84378396E-43
  142.2  3.85359306E-43
  142.3  3.86341179E-43
  142.4  3.87324017E-43
  142.5  3.88307819E-43
  142.6  3.89292588E-43
  142.7  3.90278325E-43
  142.8  3.91265032E-43
  142.9  3.92252709E-43
  143.  3.93241359E-43
  143.1  3.94230982E-43
  143.2  3.95221581E-43
  143.3  3.96213157E-43
  143.4  3.97205711E-43
  143.5  3.98199246E-43
  143.6  3.99193762E-43
  143.7  4.00189263E-43
  143.8  4.01185748E-43
  143.9  4.02183222E-43
  144.  4.03181684E-43
  144.1  4.04181138E-43
  144.2  4.05181586E-43
  144.3  4.06183028E-43
  144.4  4.07185468E-43
  144.5  4.08188908E-43
  144.6  4.09193349E-43
  144.7  4.10198794E-43
  144.8  4.11205246E-43
  144.9  4.12212706E-43
  145.  4.13221177E-43
  145.1  4.14230661E-43
  145.2  4.15241161E-43
  145.3  4.16252679E-43
  145.4  4.17265218E-43
  145.5  4.1827878E-43
  145.6  4.19293369E-43
  145.7  4.20308986E-43
  145.8  4.21325635E-43
  145.9  4.22343318E-43
  146.  4.23362038E-43
  146.1  4.24381798E-43
  146.2  4.25402601E-43
  146.3  4.2642445E-43
  146.4  4.27447348E-43
  146.5  4.28471298E-43
  146.6  4.29496303E-43
  146.7  4.30522366E-43
  146.8  4.31549491E-43
  146.9  4.32577681E-43
  147.  4.33606939E-43
  147.1  4.34637268E-43
  147.2  4.35668673E-43
  147.3  4.36701156E-43
  147.4  4.37734721E-43
  147.5  4.38769371E-43
  147.6  4.39805111E-43
  147.7  4.40841944E-43
  147.8  4.41879873E-43
  147.9  4.42918903E-43
  148.  4.43959037E-43
  148.1  4.45000279E-43
  148.2  4.46042633E-43
  148.3  4.47086104E-43
  148.4  4.48130694E-43
  148.5  4.49176409E-43
  148.6  4.50223252E-43
  148.7  4.51271228E-43
  148.8  4.52320341E-43
  148.9  4.53370595E-43
  149.  4.54421995E-43
  149.1  4.55474544E-43
  149.2  4.56528249E-43
  149.3  4.57583112E-43
  149.4  4.58639139E-43
  149.5  4.59696334E-43
  149.6  4.60754702E-43
  149.7  4.61814248E-43
  149.8  4.62874976E-43
  149.9  4.63936892E-43
  150.  4.65E-43
  150.1  4.66064534E-43
  150.2  4.67130723E-43
  150.3  4.68198569E-43
  150.4  4.69268072E-43
  150.5  4.70339231E-43
  150.6  4.71412048E-43
  150.7  4.72486522E-43
  150.8  4.73562654E-43
  150.9  4.74640444E-43
  151.  4.75719892E-43
  151.1  4.76800999E-43
  151.2  4.77883765E-43
  151.3  4.7896819E-43
  151.4  4.80054275E-43
  151.5  4.81142019E-43
  151.6  4.82231423E-43
  151.7  4.83322488E-43
  151.8  4.84415212E-43
  151.9  4.85509597E-43
  152.  4.86605643E-43
  152.1  4.87703351E-43
  152.2  4.88802719E-43
  152.3  4.89903748E-43
  152.4  4.9100644E-43
  152.5  4.92110793E-43
  152.6  4.93216807E-43
  152.7  4.94324484E-43
  152.8  4.95433824E-43
  152.9  4.96544825E-43
  153.  4.97657489E-43
  153.1  4.98771816E-43
  153.2  4.99887806E-43
  153.3  5.01005458E-43
  153.4  5.02124774E-43
  153.5  5.03245753E-43
  153.6  5.04368395E-43
  153.7  5.054927E-43
  153.8  5.06618668E-43
  153.9  5.07746301E-43
  154.  5.08875596E-43
  154.1  5.10006555E-43
  154.2  5.11139178E-43
  154.3  5.12273465E-43
  154.4  5.13409415E-43
  154.5  5.14547029E-43
  154.6  5.15686307E-43
  154.7  5.16827249E-43
  154.8  5.17969854E-43
  154.9  5.19114124E-43
  155.  5.20260057E-43
  155.1  5.21407654E-43
  155.2  5.22556915E-43
  155.3  5.23707839E-43
  155.4  5.24860427E-43
  155.5  5.26014679E-43
  155.6  5.27170595E-43
  155.7  5.28328174E-43
  155.8  5.29487416E-43
  155.9  5.30648322E-43
  156.  5.31810892E-43
  156.1  5.32975124E-43
  156.2  5.3414102E-43
  156.3  5.35308579E-43
  156.4  5.36477801E-43
  156.5  5.37648685E-43
  156.6  5.38821232E-43
  156.7  5.39995442E-43
  156.8  5.41171314E-43
  156.9  5.42348849E-43
  157.  5.43528045E-43
  157.1  5.44708904E-43
  157.2  5.45891424E-43
  157.3  5.47075606E-43
  157.4  5.48261449E-43
  157.5  5.49448954E-43
  157.6  5.50638119E-43
  157.7  5.51828945E-43
  157.8  5.53021432E-43
  157.9  5.54215579E-43
  158.  5.55411386E-43
  158.1  5.56608853E-43
  158.2  5.57807979E-43
  158.3  5.59008765E-43
  158.4  5.6021121E-43
  158.5  5.61415314E-43
  158.6  5.62621076E-43
  158.7  5.63828497E-43
  158.8  5.65037575E-43
  158.9  5.66248311E-43
  159.  5.67460704E-43
  159.1  5.68674754E-43
  159.2  5.69890461E-43
  159.3  5.71107824E-43
  159.4  5.72326843E-43
  159.5  5.73547517E-43
  159.6  5.74769847E-43
  159.7  5.75993832E-43
  159.8  5.77219471E-43
  159.9  5.78446764E-43
  160.  5.79675711E-43
  160.1  5.80906311E-43
  160.2  5.82138564E-43
  160.3  5.83372469E-43
  160.4  5.84608026E-43
  160.5  5.85845235E-43
  160.6  5.87084095E-43
  160.7  5.88324606E-43
  160.8  5.89566767E-43
  160.9  5.90810577E-43
  161.  5.92056037E-43
  161.1  5.93303146E-43
  161.2  5.94551903E-43
  161.3  5.95802307E-43
  161.4  5.97054359E-43
  161.5  5.98308058E-43
  161.6  5.99563403E-43
  161.7  6.00820393E-43
  161.8  6.02079028E-43
  161.9  6.03339309E-43
  162.  6.04601233E-43
  162.1  6.058648E-43
  162.2  6.0713001E-43
  162.3  6.08396863E-43
  162.4  6.09665357E-43
  162.5  6.10935493E-43
  162.6  6.12207268E-43
  162.7  6.13480684E-43
  162.8  6.14755739E-43
  162.9  6.16032432E-43
  163.  6.17310763E-43
  163.1  6.18590732E-43
  163.2  6.19872337E-43
  163.3  6.21155578E-43
  163.4  6.22440454E-43
  163.5  6.23726964E-43
  163.6  6.25015109E-43
  163.7  6.26304887E-43
  163.8  6.27596297E-43
  163.9  6.28889338E-43
  164.  6.30184011E-43
  164.1  6.31480314E-43
  164.2  6.32778247E-43
  164.3  6.34077808E-43
  164.4  6.35378997E-43
  164.5  6.36681813E-43
  164.6  6.37986256E-43
  164.7  6.39292324E-43
  164.8  6.40600017E-43
  164.9  6.41909334E-43
  165.  6.43220274E-43
  165.1  6.44532836E-43
  165.2  6.4584702E-43
  165.3  6.47162825E-43
  165.4  6.48480249E-43
  165.5  6.49799292E-43
  165.6  6.51119954E-43
  165.7  6.52442232E-43
  165.8  6.53766127E-43
  165.9  6.55091637E-43
  166.  6.56418762E-43
  166.1  6.577475E-43
  166.2  6.59077851E-43
  166.3  6.60409813E-43
  166.4  6.61743387E-43
  166.5  6.6307857E-43
  166.6  6.64415362E-43
  166.7  6.65753762E-43
  166.8  6.67093769E-43
  166.9  6.68435381E-43
  167.  6.69778599E-43
  167.1  6.7112342E-43
  167.2  6.72469845E-43
  167.3  6.73817871E-43
  167.4  6.75167498E-43
  167.5  6.76518725E-43
  167.6  6.77871551E-43
  167.7  6.79225974E-43
  167.8  6.80581995E-43
  167.9  6.8193961E-43
  168.  6.8329882E-43
  168.1  6.84659624E-43
  168.2  6.8602202E-43
  168.3  6.87386006E-43
  168.4  6.88751583E-43
  168.5  6.90118749E-43
  168.6  6.91487503E-43
  168.7  6.92857843E-43
  168.8  6.94229769E-43
  168.9  6.95603279E-43
  169.  6.96978372E-43
  169.1  6.98355047E-43
  169.2  6.99733303E-43
  169.3  7.01113139E-43
  169.4  7.02494552E-43
  169.5  7.03877543E-43
  169.6  7.0526211E-43
  169.7  7.06648251E-43
  169.8  7.08035966E-43
  169.9  7.09425253E-43
  170.  7.10816111E-43
