  0.1  0.
  0.2  0.
  0.3  0.
  0.4  0.
  0.5  0.
  0.6  0.
  0.7  0.
  0.8  0.
  0.9  0.
  1.  0.
  1.1  0.
  1.2  0.
  1.3  0.
  1.4  0.
  1.5  0.
  1.6  0.
  1.7  0.
  1.8  0.
  1.9  0.
  2.  0.
  2.1  0.
  2.2  0.
  2.3  0.
  2.4  0.
  2.5  0.
  2.6  0.
  2.7  0.
  2.8  0.
  2.9  0.
  3.  0.
  3.1  0.
  3.2  0.
  3.3  0.
  3.4  0.
  3.5  0.
  3.6  0.
  3.7  0.
  3.8  0.
  3.9  0.
  4.  0.
  4.1  0.
  4.2  0.
  4.3  0.
  4.4  0.
  4.5  0.
  4.6  0.
  4.7  0.
  4.8  0.
  4.9  0.
  5.  0.
  5.1  0.
  5.2  0.
  5.3  0.
  5.4  0.
  5.5  0.
  5.6  0.
  5.7  0.
  5.8  0.
  5.9  0.
  6.  0.
  6.1  0.
  6.2  0.
  6.3  0.
  6.4  0.
  6.5  0.
  6.6  0.
  6.7  0.
  6.8  0.
  6.9  0.
  7.  0.
  7.1  0.
  7.2  0.
  7.3  0.
  7.4  0.
  7.5  0.
  7.6  0.
  7.7  0.
  7.8  0.
  7.9  0.
  8.  0.
  8.1  0.
  8.2  0.
  8.3  0.
  8.4  0.
  8.5  0.
  8.6  0.
  8.7  0.
  8.8  0.
  8.9  0.
  9.  0.
  9.1  0.
  9.2  0.
  9.3  0.
  9.4  0.
  9.5  0.
  9.6  0.
  9.7  0.
  9.8  0.
  9.9  0.
  10.  0.
  10.1  0.
  10.2  0.
  10.3  0.
  10.4  0.
  10.5  0.
  10.6  0.
  10.7  0.
  10.8  0.
  10.9  0.
  11.  0.
  11.1  0.
  11.2  0.
  11.3  0.
  11.4  0.
  11.5  0.
  11.6  0.
  11.7  0.
  11.8  0.
  11.9  0.
  12.  0.
  12.1  0.
  12.2  0.
  12.3  0.
  12.4  0.
  12.5  0.
  12.6  0.
  12.7  0.
  12.8  0.
  12.9  0.
  13.  0.
  13.1  0.
  13.2  0.
  13.3  0.
  13.4  0.
  13.5  0.
  13.6  0.
  13.7  0.
  13.8  0.
  13.9  0.
  14.  0.
  14.1  0.
  14.2  0.
  14.3  0.
  14.4  0.
  14.5  0.
  14.6  0.
  14.7  0.
  14.8  0.
  14.9  0.
  15.  0.
  15.1  0.
  15.2  0.
  15.3  0.
  15.4  0.
  15.5  0.
  15.6  0.
  15.7  0.
  15.8  0.
  15.9  0.
  16.  0.
  16.1  0.
  16.2  0.
  16.3  0.
  16.4  0.
  16.5  0.
  16.6  0.
  16.7  0.
  16.8  0.
  16.9  0.
  17.  0.
  17.1  0.
  17.2  0.
  17.3  0.
  17.4  0.
  17.5  0.
  17.6  0.
  17.7  0.
  17.8  0.
  17.9  0.
  18.  0.
  18.1  0.
  18.2  0.
  18.3  0.
  18.4  0.
  18.5  0.
  18.6  0.
  18.7  0.
  18.8  0.
  18.9  0.
  19.  0.
  19.1  0.
  19.2  0.
  19.3  0.
  19.4  0.
  19.5  0.
  19.6  0.
  19.7  0.
  19.8  0.
  19.9  0.
  20.  0.
  20.1  0.
  20.2  0.
  20.3  0.
  20.4  0.
  20.5  0.
  20.6  0.
  20.7  0.
  20.8  0.
  20.9  0.
  21.  0.
  21.1  0.
  21.2  0.
  21.3  0.
  21.4  0.
  21.5  0.
  21.6  0.
  21.7  0.
  21.8  0.
  21.9  0.
  22.  0.
  22.1  0.
  22.2  0.
  22.3  0.
  22.4  0.
  22.5  0.
  22.6  0.
  22.7  0.
  22.8  0.
  22.9  0.
  23.  0.
  23.1  0.
  23.2  0.
  23.3  0.
  23.4  0.
  23.5  0.
  23.6  0.
  23.7  0.
  23.8  0.
  23.9  0.
  24.  0.
  24.1  0.
  24.2  0.
  24.3  0.
  24.4  0.
  24.5  0.
  24.6  0.
  24.7  0.
  24.8  0.
  24.9  0.
  25.  0.
  25.1  0.
  25.2  0.
  25.3  0.
  25.4  0.
  25.5  0.
  25.6  0.
  25.7  0.
  25.8  0.
  25.9  0.
  26.  0.
  26.1  4.51350765E-46
  26.2  4.67923381E-46
  26.3  4.85005357E-46
  26.4  5.02605214E-46
  26.5  5.20731138E-46
  26.6  5.39390941E-46
  26.7  5.58592027E-46
  26.8  5.78341341E-46
  26.9  5.98645336E-46
  27.  6.19509926E-46
  27.1  6.40940441E-46
  27.2  6.62941579E-46
  27.3  6.85517364E-46
  27.4  7.08671093E-46
  27.5  7.3240529E-46
  27.6  7.56721655E-46
  27.7  7.81621013E-46
  27.8  8.07103265E-46
  27.9  8.33167336E-46
  28.  8.59811121E-46
  28.1  8.87031439E-46
  28.2  9.14823975E-46
  28.3  9.43183235E-46
  28.4  9.72102492E-46
  28.5  1.00157374E-45
  28.6  1.03158763E-45
  28.7  1.06213347E-45
  28.8  1.0931991E-45
  28.9  1.12477093E-45
  29.  1.15683384E-45
  29.1  1.18937118E-45
  29.2  1.22236469E-45
  29.3  1.25579453E-45
  29.4  1.28963917E-45
  29.5  1.32387545E-45
  29.6  1.35847846E-45
  29.7  1.39342163E-45
  29.8  1.42867661E-45
  29.9  1.46421334E-45
  30.  1.5E-45
  30.1  1.53623989E-45
  30.2  1.57316256E-45
  30.3  1.61077411E-45
  30.4  1.64908045E-45
  30.5  1.68808732E-45
  30.6  1.7278002E-45
  30.7  1.76822439E-45
  30.8  1.80936492E-45
  30.9  1.8512266E-45
  31.  1.89381397E-45
  31.1  1.9371313E-45
  31.2  1.98118259E-45
  31.3  2.02597155E-45
  31.4  2.07150156E-45
  31.5  2.11777571E-45
  31.6  2.16479677E-45
  31.7  2.21256715E-45
  31.8  2.26108892E-45
  31.9  2.31036377E-45
  32.  2.36039305E-45
  32.1  2.41117769E-45
  32.2  2.46271823E-45
  32.3  2.51501479E-45
  32.4  2.5680671E-45
  32.5  2.62187441E-45
  32.6  2.67643555E-45
  32.7  2.73174888E-45
  32.8  2.78781228E-45
  32.9  2.84462317E-45
  33.  2.90217845E-45
  33.1  2.96047453E-45
  33.2  3.0195073E-45
  33.3  3.0792721E-45
  33.4  3.13976376E-45
  33.5  3.20097654E-45
  33.6  3.26290413E-45
  33.7  3.32553968E-45
  33.8  3.38887573E-45
  33.9  3.45290423E-45
  34.  3.51761654E-45
  34.1  3.5830034E-45
  34.2  3.64905494E-45
  34.3  3.71576065E-45
  34.4  3.7831094E-45
  34.5  3.85108941E-45
  34.6  3.91968824E-45
  34.7  3.9888928E-45
  34.8  4.05868934E-45
  34.9  4.12906344E-45
  35.  4.2E-45
  35.1  4.27183569E-45
  35.2  4.34492366E-45
  35.3  4.41927269E-45
  35.4  4.49489102E-45
  35.5  4.57178636E-45
  35.6  4.6499658E-45
  35.7  4.72943586E-45
  35.8  4.81020236E-45
  35.9  4.89227045E-45
  36.  4.97564457E-45
  36.1  5.06032838E-45
  36.2  5.14632474E-45
  36.3  5.23363569E-45
  36.4  5.32226237E-45
  36.5  5.41220503E-45
  36.6  5.50346295E-45
  36.7  5.59603442E-45
  36.8  5.68991669E-45
  36.9  5.78510595E-45
  37.  5.88159725E-45
  37.1  5.97938449E-45
  37.2  6.07846038E-45
  37.3  6.17881636E-45
  37.4  6.28044261E-45
  37.5  6.38332796E-45
  37.6  6.48745989E-45
  37.7  6.59282444E-45
  37.8  6.69940622E-45
  37.9  6.80718833E-45
  38.  6.91615234E-45
  38.1  7.02627824E-45
  38.2  7.13754438E-45
  38.3  7.24992749E-45
  38.4  7.36340256E-45
  38.5  7.47794288E-45
  38.6  7.59351995E-45
  38.7  7.71010345E-45
  38.8  7.82766125E-45
  38.9  7.94615932E-45
  39.  8.06556172E-45
  39.1  8.18583058E-45
  39.2  8.30692606E-45
  39.3  8.42880634E-45
  39.4  8.55142756E-45
  39.5  8.67474384E-45
  39.6  8.79870724E-45
  39.7  8.92326772E-45
  39.8  9.04837317E-45
  39.9  9.17396938E-45
  40.  9.3E-45
  40.1  9.42696461E-45
  40.2  9.55540425E-45
  40.3  9.68532294E-45
  40.4  9.81672425E-45
  40.5  9.94961128E-45
  40.6  1.00839867E-44
  40.7  1.02198526E-44
  40.8  1.03572108E-44
  40.9  1.04960623E-44
  41.  1.06364079E-44
  41.1  1.07782475E-44
  41.2  1.09215807E-44
  41.3  1.10664065E-44
  41.4  1.12127232E-44
  41.5  1.13605286E-44
  41.6  1.15098198E-44
  41.7  1.16605932E-44
  41.8  1.18128448E-44
  41.9  1.19665697E-44
  42.  1.21217623E-44
  42.1  1.22784165E-44
  42.2  1.24365252E-44
  42.3  1.25960808E-44
  42.4  1.27570749E-44
  42.5  1.29194981E-44
  42.6  1.30833406E-44
  42.7  1.32485915E-44
  42.8  1.34152392E-44
  42.9  1.35832713E-44
  43.  1.37526743E-44
  43.1  1.39234343E-44
  43.2  1.4095536E-44
  43.3  1.42689636E-44
  43.4  1.44437002E-44
  43.5  1.4619728E-44
  43.6  1.47970283E-44
  43.7  1.49755815E-44
  43.8  1.51553667E-44
  43.9  1.53363625E-44
  44.  1.55185461E-44
  44.1  1.5701894E-44
  44.2  1.58863815E-44
  44.3  1.60719829E-44
  44.4  1.62586714E-44
  44.5  1.64464192E-44
  44.6  1.66351975E-44
  44.7  1.68249763E-44
  44.8  1.70157246E-44
  44.9  1.72074102E-44
  45.  1.74E-44
  45.1  1.75939676E-44
  45.2  1.77898111E-44
  45.3  1.79875327E-44
  45.4  1.81871341E-44
  45.5  1.83886166E-44
  45.6  1.85919808E-44
  45.7  1.8797227E-44
  45.8  1.90043548E-44
  45.9  1.92133634E-44
  46.  1.94242513E-44
  46.1  1.96370164E-44
  46.2  1.98516563E-44
  46.3  2.00681676E-44
  46.4  2.02865466E-44
  46.5  2.05067888E-44
  46.6  2.07288891E-44
  46.7  2.09528418E-44
  46.8  2.11786405E-44
  46.9  2.14062781E-44
  47.  2.16357467E-44
  47.1  2.18670379E-44
  47.2  2.21001423E-44
  47.3  2.23350501E-44
  47.4  2.25717504E-44
  47.5  2.28102318E-44
  47.6  2.30504819E-44
  47.7  2.32924876E-44
  47.8  2.35362351E-44
  47.9  2.37817096E-44
  48.  2.40288954E-44
  48.1  2.42777762E-44
  48.2  2.45283347E-44
  48.3  2.47805526E-44
  48.4  2.50344109E-44
  48.5  2.52898897E-44
  48.6  2.55469678E-44
  48.7  2.58056237E-44
  48.8  2.60658343E-44
  48.9  2.63275761E-44
  49.  2.65908242E-44
  49.1  2.6855553E-44
  49.2  2.71217358E-44
  49.3  2.73893448E-44
  49.4  2.76583514E-44
  49.5  2.79287258E-44
  49.6  2.82004371E-44
  49.7  2.84734537E-44
  49.8  2.87477425E-44
  49.9  2.90232696E-44
  50.  2.93E-44
  50.1  2.95783951E-44
  50.2  2.98589374E-44
  50.3  3.01416223E-44
  50.4  3.04264449E-44
  50.5  3.07133992E-44
  50.6  3.10024789E-44
  50.7  3.12936772E-44
  50.8  3.15869862E-44
  50.9  3.18823979E-44
  51.  3.21799032E-44
  51.1  3.24794926E-44
  51.2  3.27811558E-44
  51.3  3.30848817E-44
  51.4  3.33906586E-44
  51.5  3.36984743E-44
  51.6  3.40083154E-44
  51.7  3.43201681E-44
  51.8  3.46340178E-44
  51.9  3.49498489E-44
  52.  3.52676454E-44
  52.1  3.55873901E-44
  52.2  3.59090654E-44
  52.3  3.62326525E-44
  52.4  3.65581321E-44
  52.5  3.68854838E-44
  52.6  3.72146865E-44
  52.7  3.75457182E-44
  52.8  3.78785561E-44
  52.9  3.82131763E-44
  53.  3.85495544E-44
  53.1  3.88876646E-44
  53.2  3.92274807E-44
  53.3  3.95689752E-44
  53.4  3.99121197E-44
  53.5  4.02568851E-44
  53.6  4.06032412E-44
  53.7  4.09511568E-44
  53.8  4.13005998E-44
  53.9  4.1651537E-44
  54.  4.20039344E-44
  54.1  4.2357757E-44
  54.2  4.27129685E-44
  54.3  4.3069532E-44
  54.4  4.34274093E-44
  54.5  4.37865613E-44
  54.6  4.41469479E-44
  54.7  4.45085278E-44
  54.8  4.48712588E-44
  54.9  4.52350977E-44
  55.  4.56E-44
  55.1  4.59664862E-44
  55.2  4.63351027E-44
  55.3  4.67058431E-44
  55.4  4.70787004E-44
  55.5  4.74536674E-44
  55.6  4.78307363E-44
  55.7  4.82098991E-44
  55.8  4.85911471E-44
  55.9  4.89744713E-44
  56.  4.93598623E-44
  56.1  4.97473101E-44
  56.2  5.01368042E-44
  56.3  5.05283339E-44
  56.4  5.09218879E-44
  56.5  5.13174542E-44
  56.6  5.17150206E-44
  56.7  5.21145743E-44
  56.8  5.2516102E-44
  56.9  5.29195901E-44
  57.  5.3325024E-44
  57.1  5.37323892E-44
  57.2  5.41416702E-44
  57.3  5.45528512E-44
  57.4  5.49659159E-44
  57.5  5.53808474E-44
  57.6  5.57976282E-44
  57.7  5.62162404E-44
  57.8  5.66366655E-44
  57.9  5.70588844E-44
  58.  5.74828775E-44
  58.1  5.79086247E-44
  58.2  5.8336105E-44
  58.3  5.87652974E-44
  58.4  5.91961798E-44
  58.5  5.96287298E-44
  58.6  6.00629244E-44
  58.7  6.04987399E-44
  58.8  6.09361521E-44
  58.9  6.13751362E-44
  59.  6.18156667E-44
  59.1  6.22577177E-44
  59.2  6.27012625E-44
  59.3  6.31462738E-44
  59.4  6.35927239E-44
  59.5  6.40405842E-44
  59.6  6.44898258E-44
  59.7  6.49404187E-44
  59.8  6.53923329E-44
  59.9  6.58455371E-44
  60.  6.63E-44
  60.1  6.6756282E-44
  60.2  6.72149579E-44
  60.3  6.76760167E-44
  60.4  6.8139447E-44
  60.5  6.86052366E-44
  60.6  6.90733731E-44
  60.7  6.95438432E-44
  60.8  7.00166335E-44
  60.9  7.04917297E-44
  61.  7.09691171E-44
  61.1  7.14487805E-44
  61.2  7.19307039E-44
  61.3  7.24148711E-44
  61.4  7.2901265E-44
  61.5  7.33898681E-44
  61.6  7.38806621E-44
  61.7  7.43736285E-44
  61.8  7.48687478E-44
  61.9  7.53660002E-44
  62.  7.58653649E-44
  62.1  7.6366821E-44
  62.2  7.68703465E-44
  62.3  7.7375919E-44
  62.4  7.78835155E-44
  62.5  7.83931122E-44
  62.6  7.89046849E-44
  62.7  7.94182085E-44
  62.8  7.99336573E-44
  62.9  8.0451005E-44
  63.  8.09702246E-44
  63.1  8.14912884E-44
  63.2  8.20141681E-44
  63.3  8.25388346E-44
  63.4  8.30652583E-44
  63.5  8.35934086E-44
  63.6  8.41232545E-44
  63.7  8.46547641E-44
  63.8  8.51879049E-44
  63.9  8.57226436E-44
  64.  8.62589464E-44
  64.1  8.67967784E-44
  64.2  8.73361043E-44
  64.3  8.7876888E-44
  64.4  8.84190925E-44
  64.5  8.89626803E-44
  64.6  8.9507613E-44
  64.7  9.00538516E-44
  64.8  9.06013561E-44
  64.9  9.1150086E-44
  65.  9.17E-44
  65.1  9.22516427E-44
  65.2  9.28055774E-44
  65.3  9.336179E-44
  65.4  9.39202656E-44
  65.5  9.44809892E-44
  65.6  9.50439452E-44
  65.7  9.56091175E-44
  65.8  9.61764896E-44
  65.9  9.67460446E-44
  66.  9.7317765E-44
  66.1  9.7891633E-44
  66.2  9.846763E-44
  66.3  9.90457373E-44
  66.4  9.96259355E-44
  66.5  1.00208205E-43
  66.6  1.00792525E-43
  66.7  1.01378874E-43
  66.8  1.01967233E-43
  66.9  1.02557578E-43
  67.  1.03149887E-43
  67.1  1.03744138E-43
  67.2  1.04340307E-43
  67.3  1.0493837E-43
  67.4  1.05538303E-43
  67.5  1.06140081E-43
  67.6  1.06743679E-43
  67.7  1.07349069E-43
  67.8  1.07956227E-43
  67.9  1.08565124E-43
  68.  1.09175733E-43
  68.1  1.09788027E-43
  68.2  1.10401975E-43
  68.3  1.1101755E-43
  68.4  1.1163472E-43
  68.5  1.12253457E-43
  68.6  1.12873728E-43
  68.7  1.13495502E-43
  68.8  1.14118748E-43
  68.9  1.14743433E-43
  69.  1.15369522E-43
  69.1  1.15996984E-43
  69.2  1.16625782E-43
  69.3  1.17255883E-43
  69.4  1.17887251E-43
  69.5  1.1851985E-43
  69.6  1.19153643E-43
  69.7  1.19788592E-43
  69.8  1.2042466E-43
  69.9  1.21061809E-43
  70.  1.217E-43
  70.1  1.22339771E-43
  70.2  1.22981678E-43
  70.3  1.23625705E-43
  70.4  1.24271836E-43
  70.5  1.24920053E-43
  70.6  1.2557034E-43
  70.7  1.26222678E-43
  70.8  1.26877051E-43
  70.9  1.2753344E-43
  71.  1.28191826E-43
  71.1  1.2885219E-43
  71.2  1.29514512E-43
  71.3  1.30178774E-43
  71.4  1.30844954E-43
  71.5  1.31513032E-43
  71.6  1.32182986E-43
  71.7  1.32854797E-43
  71.8  1.3352844E-43
  71.9  1.34203895E-43
  72.  1.34881138E-43
  72.1  1.35560147E-43
  72.2  1.36240898E-43
  72.3  1.36923366E-43
  72.4  1.37607528E-43
  72.5  1.38293359E-43
  72.6  1.38980833E-43
  72.7  1.39669925E-43
  72.8  1.40360609E-43
  72.9  1.41052858E-43
  73.  1.41746646E-43
  73.1  1.42441944E-43
  73.2  1.43138725E-43
  73.3  1.43836961E-43
  73.4  1.44536623E-43
  73.5  1.45237682E-43
  73.6  1.45940108E-43
  73.7  1.46643872E-43
  73.8  1.47348942E-43
  73.9  1.48055288E-43
  74.  1.48762879E-43
  74.1  1.49471682E-43
  74.2  1.50181666E-43
  74.3  1.50892797E-43
  74.4  1.51605042E-43
  74.5  1.52318368E-43
  74.6  1.53032741E-43
  74.7  1.53748126E-43
  74.8  1.54464488E-43
  74.9  1.55181791E-43
  75.  1.559E-43
  75.1  1.56619681E-43
  75.2  1.57341411E-43
  75.3  1.5806517E-43
  75.4  1.58790937E-43
  75.5  1.5951869E-43
  75.6  1.6024841E-43
  75.7  1.60980072E-43
  75.8  1.61713656E-43
  75.9  1.62449138E-43
  76.  1.63186495E-43
  76.1  1.63925703E-43
  76.2  1.64666739E-43
  76.3  1.65409579E-43
  76.4  1.66154197E-43
  76.5  1.66900567E-43
  76.6  1.67648666E-43
  76.7  1.68398466E-43
  76.8  1.6914994E-43
  76.9  1.69903063E-43
  77.  1.70657806E-43
  77.1  1.71414142E-43
  77.2  1.72172043E-43
  77.3  1.7293148E-43
  77.4  1.73692423E-43
  77.5  1.74454844E-43
  77.6  1.75218713E-43
  77.7  1.75983998E-43
  77.8  1.7675067E-43
  77.9  1.77518696E-43
  78.  1.78288045E-43
  78.1  1.79058686E-43
  78.2  1.79830584E-43
  78.3  1.80603708E-43
  78.4  1.81378023E-43
  78.5  1.82153496E-43
  78.6  1.82930093E-43
  78.7  1.83707777E-43
  78.8  1.84486515E-43
  78.9  1.85266269E-43
  79.  1.86047005E-43
  79.1  1.86828684E-43
  79.2  1.87611271E-43
  79.3  1.88394727E-43
  79.4  1.89179014E-43
  79.5  1.89964094E-43
  79.6  1.90749927E-43
  79.7  1.91536475E-43
  79.8  1.92323696E-43
  79.9  1.93111552E-43
  80.  1.939E-43
  80.1  1.94689612E-43
  80.2  1.95480975E-43
  80.3  1.9627407E-43
  80.4  1.97068879E-43
  80.5  1.97865382E-43
  80.6  1.98663561E-43
  80.7  1.99463397E-43
  80.8  2.00264869E-43
  80.9  2.01067957E-43
  81.  2.01872642E-43
  81.1  2.02678902E-43
  81.2  2.03486718E-43
  81.3  2.04296067E-43
  81.4  2.05106928E-43
  81.5  2.0591928E-43
  81.6  2.06733101E-43
  81.7  2.07548368E-43
  81.8  2.08365058E-43
  81.9  2.0918315E-43
  82.  2.10002619E-43
  82.1  2.10823443E-43
  82.2  2.11645596E-43
  82.3  2.12469056E-43
  82.4  2.13293799E-43
  82.5  2.14119798E-43
  82.6  2.1494703E-43
  82.7  2.15775468E-43
  82.8  2.16605088E-43
  82.9  2.17435864E-43
  83.  2.18267769E-43
  83.1  2.19100777E-43
  83.2  2.19934861E-43
  83.3  2.20769994E-43
  83.4  2.21606149E-43
  83.5  2.22443298E-43
  83.6  2.23281412E-43
  83.7  2.24120464E-43
  83.8  2.24960425E-43
  83.9  2.25801265E-43
  84.  2.26642957E-43
  84.1  2.27485469E-43
  84.2  2.28328773E-43
  84.3  2.29172838E-43
  84.4  2.30017633E-43
  84.5  2.30863128E-43
  84.6  2.31709292E-43
  84.7  2.32556093E-43
  84.8  2.33403499E-43
  84.9  2.34251479E-43
  85.  2.351E-43
  85.1  2.35949519E-43
  85.2  2.36800506E-43
  85.3  2.37652942E-43
  85.4  2.38506812E-43
  85.5  2.39362098E-43
  85.6  2.40218784E-43
  85.7  2.41076851E-43
  85.8  2.41936282E-43
  85.9  2.4279706E-43
  86.  2.43659166E-43
  86.1  2.44522583E-43
  86.2  2.4538729E-43
  86.3  2.46253271E-43
  86.4  2.47120507E-43
  86.5  2.47988977E-43
  86.6  2.48858663E-43
  86.7  2.49729546E-43
  86.8  2.50601605E-43
  86.9  2.51474821E-43
  87.  2.52349174E-43
  87.1  2.53224643E-43
  87.2  2.54101209E-43
  87.3  2.54978849E-43
  87.4  2.55857544E-43
  87.5  2.56737272E-43
  87.6  2.57618011E-43
  87.7  2.58499741E-43
  87.8  2.59382439E-43
  87.9  2.60266084E-43
  88.  2.61150653E-43
  88.1  2.62036123E-43
  88.2  2.62922473E-43
  88.3  2.63809679E-43
  88.4  2.64697718E-43
  88.5  2.65586567E-43
  88.6  2.66476202E-43
  88.7  2.673666E-43
  88.8  2.68257737E-43
  88.9  2.69149589E-43
  89.  2.70042131E-43
  89.1  2.70935338E-43
  89.2  2.71829186E-43
  89.3  2.72723651E-43
  89.4  2.73618705E-43
  89.5  2.74514326E-43
  89.6  2.75410485E-43
  89.7  2.76307159E-43
  89.8  2.7720432E-43
  89.9  2.78101943E-43
  90.  2.79E-43
  90.1  2.79898725E-43
  90.2  2.80798356E-43
  90.3  2.81698877E-43
  90.4  2.82600273E-43
  90.5  2.83502526E-43
  90.6  2.8440562E-43
  90.7  2.85309539E-43
  90.8  2.86214266E-43
  90.9  2.87119784E-43
  91.  2.88026075E-43
  91.1  2.88933122E-43
  91.2  2.89840909E-43
  91.3  2.90749417E-43
  91.4  2.9165863E-43
  91.5  2.92568529E-43
  91.6  2.93479096E-43
  91.7  2.94390314E-43
  91.8  2.95302164E-43
  91.9  2.96214629E-43
  92.  2.97127689E-43
  92.1  2.98041327E-43
  92.2  2.98955523E-43
  92.3  2.99870259E-43
  92.4  3.00785516E-43
  92.5  3.01701275E-43
  92.6  3.02617516E-43
  92.7  3.03534221E-43
  92.8  3.0445137E-43
  92.9  3.05368943E-43
  93.  3.06286921E-43
  93.1  3.07205284E-43
  93.2  3.08124012E-43
  93.3  3.09043085E-43
  93.4  3.09962483E-43
  93.5  3.10882184E-43
  93.6  3.1180217E-43
  93.7  3.12722419E-43
  93.8  3.1364291E-43
  93.9  3.14563623E-43
  94.  3.15484537E-43
  94.1  3.1640563E-43
  94.2  3.17326881E-43
  94.3  3.18248269E-43
  94.4  3.19169773E-43
  94.5  3.20091371E-43
  94.6  3.2101304E-43
  94.7  3.2193476E-43
  94.8  3.22856508E-43
  94.9  3.23778262E-43
  95.  3.247E-43
  95.1  3.25621699E-43
  95.2  3.26543337E-43
  95.3  3.27464892E-43
  95.4  3.28386339E-43
  95.5  3.29307658E-43
  95.6  3.30228824E-43
  95.7  3.31149814E-43
  95.8  3.32070606E-43
  95.9  3.32991176E-43
  96.  3.339115E-43
  96.1  3.34831555E-43
  96.2  3.35751317E-43
  96.3  3.36670763E-43
  96.4  3.37589867E-43
  96.5  3.38508607E-43
  96.6  3.39426957E-43
  96.7  3.40344895E-43
  96.8  3.41262394E-43
  96.9  3.42179431E-43
  97.  3.43095982E-43
  97.1  3.4401202E-43
  97.2  3.44927522E-43
  97.3  3.45842462E-43
  97.4  3.46756815E-43
  97.5  3.47670556E-43
  97.6  3.4858366E-43
  97.7  3.494961E-43
  97.8  3.50407853E-43
  97.9  3.51318891E-43
  98.  3.52229189E-43
  98.1  3.53138721E-43
  98.2  3.54047462E-43
  98.3  3.54955384E-43
  98.4  3.55862463E-43
  98.5  3.56768671E-43
  98.6  3.57673982E-43
  98.7  3.58578369E-43
  98.8  3.59481806E-43
  98.9  3.60384267E-43
  99.  3.61285723E-43
  99.1  3.62186149E-43
  99.2  3.63085518E-43
  99.3  3.63983801E-43
  99.4  3.64880973E-43
  99.5  3.65777005E-43
  99.6  3.6667187E-43
  99.7  3.67565541E-43
  99.8  3.6845799E-43
  99.9  3.69349189E-43
  100.  3.7023911E-43
  100.1  3.71127727E-43
  100.2  3.72015009E-43
  100.3  3.72900931E-43
  100.4  3.73785462E-43
  100.5  3.74668576E-43
  100.6  3.75550243E-43
  100.7  3.76430436E-43
  100.8  3.77309126E-43
  100.9  3.78186283E-43
  101.  3.79061881E-43
  101.1  3.79935889E-43
  101.2  3.80808279E-43
  101.3  3.81679022E-43
  101.4  3.82548089E-43
  101.5  3.83415451E-43
  101.6  3.84281079E-43
  101.7  3.85144943E-43
  101.8  3.86007015E-43
  101.9  3.86867265E-43
  102.  3.87725663E-43
  102.1  3.88582181E-43
  102.2  3.89436788E-43
  102.3  3.90289454E-43
  102.4  3.91140151E-43
  102.5  3.91988848E-43
  102.6  3.92835516E-43
  102.7  3.93680124E-43
  102.8  3.94522643E-43
  102.9  3.95363042E-43
  103.  3.96201293E-43
  103.1  3.97037363E-43
  103.2  3.97871224E-43
  103.3  3.98702845E-43
  103.4  3.99532196E-43
  103.5  4.00359247E-43
  103.6  4.01183966E-43
  103.7  4.02006324E-43
  103.8  4.0282629E-43
  103.9  4.03643834E-43
  104.  4.04458925E-43
  104.1  4.05271533E-43
  104.2  4.06081626E-43
  104.3  4.06889175E-43
  104.4  4.07694148E-43
  104.5  4.08496514E-43
  104.6  4.09296244E-43
  104.7  4.10093305E-43
  104.8  4.10887668E-43
  104.9  4.11679301E-43
  105.  4.12468174E-43
  105.1  4.13254255E-43
  105.2  4.14037514E-43
  105.3  4.14817919E-43
  105.4  4.15595439E-43
  105.5  4.16370044E-43
  105.6  4.17141703E-43
  105.7  4.17910384E-43
  105.8  4.18676056E-43
  105.9  4.19438688E-43
  106.  4.2019825E-43
  106.1  4.2095471E-43
  106.2  4.21708036E-43
  106.3  4.22458198E-43
  106.4  4.23205165E-43
  106.5  4.23948905E-43
  106.6  4.24689388E-43
  106.7  4.25426582E-43
  106.8  4.26160456E-43
  106.9  4.26890979E-43
  107.  4.2761812E-43
  107.1  4.28341847E-43
  107.2  4.2906213E-43
  107.3  4.29778938E-43
  107.4  4.30492239E-43
  107.5  4.31202003E-43
  107.6  4.31908198E-43
  107.7  4.32610793E-43
  107.8  4.33309757E-43
  107.9  4.3400506E-43
  108.  4.34696671E-43
  108.1  4.35384557E-43
  108.2  4.3606869E-43
  108.3  4.36749037E-43
  108.4  4.37425567E-43
  108.5  4.38098251E-43
  108.6  4.38767057E-43
  108.7  4.39431955E-43
  108.8  4.40092913E-43
  108.9  4.40749902E-43
  109.  4.4140289E-43
  109.1  4.42051847E-43
  109.2  4.42696743E-43
  109.3  4.43337547E-43
  109.4  4.43974229E-43
  109.5  4.44606757E-43
  109.6  4.45235103E-43
  109.7  4.45859236E-43
  109.8  4.46479125E-43
  109.9  4.4709474E-43
  110.  4.47706052E-43
  110.1  4.4831303E-43
  110.2  4.48915645E-43
  110.3  4.49513867E-43
  110.4  4.50107665E-43
  110.5  4.50697011E-43
  110.6  4.51281874E-43
  110.7  4.51862225E-43
  110.8  4.52438034E-43
  110.9  4.53009273E-43
  111.  4.53575911E-43
  111.1  4.5413792E-43
  111.2  4.54695271E-43
  111.3  4.55247934E-43
  111.4  4.55795881E-43
  111.5  4.56339082E-43
  111.6  4.56877509E-43
  111.7  4.57411134E-43
  111.8  4.57939927E-43
  111.9  4.58463861E-43
  112.  4.58982907E-43
  112.1  4.59497036E-43
  112.2  4.60006221E-43
  112.3  4.60510434E-43
  112.4  4.61009646E-43
  112.5  4.61503831E-43
  112.6  4.6199296E-43
  112.7  4.62477005E-43
  112.8  4.6295594E-43
  112.9  4.63429737E-43
  113.  4.63898369E-43
  113.1  4.64361809E-43
  113.2  4.6482003E-43
  113.3  4.65273005E-43
  113.4  4.65720708E-43
  113.5  4.66163112E-43
  113.6  4.66600191E-43
  113.7  4.67031918E-43
  113.8  4.67458268E-43
  113.9  4.67879215E-43
  114.  4.68294732E-43
  114.1  4.68704795E-43
  114.2  4.69109378E-43
  114.3  4.69508455E-43
  114.4  4.69902001E-43
  114.5  4.70289992E-43
  114.6  4.70672402E-43
  114.7  4.71049207E-43
  114.8  4.71420383E-43
  114.9  4.71785904E-43
  115.  4.72145748E-43
  115.1  4.72499889E-43
  115.2  4.72848305E-43
  115.3  4.73190971E-43
  115.4  4.73527863E-43
  115.5  4.7385896E-43
  115.6  4.74184237E-43
  115.7  4.74503672E-43
  115.8  4.74817242E-43
  115.9  4.75124925E-43
  116.  4.75426697E-43
  116.1  4.75722538E-43
  116.2  4.76012425E-43
  116.3  4.76296335E-43
  116.4  4.76574249E-43
  116.5  4.76846144E-43
  116.6  4.77111999E-43
  116.7  4.77371794E-43
  116.8  4.77625506E-43
  116.9  4.77873117E-43
  117.  4.78114606E-43
  117.1  4.78349952E-43
  117.2  4.78579136E-43
  117.3  4.78802138E-43
  117.4  4.79018938E-43
  117.5  4.79229518E-43
  117.6  4.79433858E-43
  117.7  4.7963194E-43
  117.8  4.79823745E-43
  117.9  4.80009254E-43
  118.  4.8018845E-43
  118.1  4.80361314E-43
  118.2  4.8052783E-43
  118.3  4.80687979E-43
  118.4  4.80841745E-43
  118.5  4.8098911E-43
  118.6  4.81130058E-43
  118.7  4.81264573E-43
  118.8  4.81392638E-43
  118.9  4.81514238E-43
  119.  4.81629356E-43
  119.1  4.81737977E-43
  119.2  4.81840087E-43
  119.3  4.8193567E-43
  119.4  4.82024711E-43
  119.5  4.82107196E-43
  119.6  4.82183111E-43
  119.7  4.82252442E-43
  119.8  4.82315176E-43
  119.9  4.82371299E-43
  120.  4.82420797E-43
  120.1  4.82463659E-43
  120.2  4.82499872E-43
  120.3  4.82529422E-43
  120.4  4.82552299E-43
  120.5  4.82568491E-43
  120.6  4.82577985E-43
  120.7  4.82580771E-43
  120.8  4.82576839E-43
  120.9  4.82566176E-43
  121.  4.82548774E-43
  121.1  4.82524622E-43
  121.2  4.8249371E-43
  121.3  4.82456028E-43
  121.4  4.82411568E-43
  121.5  4.82360321E-43
  121.6  4.82302277E-43
  121.7  4.82237429E-43
  121.8  4.82165769E-43
  121.9  4.82087288E-43
  122.  4.8200198E-43
  122.1  4.81909838E-43
  122.2  4.81810853E-43
  122.3  4.81705021E-43
  122.4  4.81592334E-43
  122.5  4.81472787E-43
  122.6  4.81346374E-43
  122.7  4.8121309E-43
  122.8  4.81072929E-43
  122.9  4.80925887E-43
  123.  4.8077196E-43
  123.1  4.80611143E-43
  123.2  4.80443433E-43
  123.3  4.80268826E-43
  123.4  4.80087319E-43
  123.5  4.79898909E-43
  123.6  4.79703594E-43
  123.7  4.79501371E-43
  123.8  4.79292238E-43
  123.9  4.79076195E-43
  124.  4.78853239E-43
  124.1  4.78623369E-43
  124.2  4.78386586E-43
  124.3  4.78142888E-43
  124.4  4.77892276E-43
  124.5  4.7763475E-43
  124.6  4.7737031E-43
  124.7  4.77098958E-43
  124.8  4.76820695E-43
  124.9  4.76535523E-43
  125.  4.76243443E-43
  125.1  4.75944458E-43
  125.2  4.7563857E-43
  125.3  4.75325782E-43
  125.4  4.75006098E-43
  125.5  4.74679521E-43
  125.6  4.74346055E-43
  125.7  4.74005704E-43
  125.8  4.73658473E-43
  125.9  4.73304366E-43
  126.  4.7294339E-43
  126.1  4.72575549E-43
  126.2  4.7220085E-43
  126.3  4.71819298E-43
  126.4  4.714309E-43
  126.5  4.71035664E-43
  126.6  4.70633595E-43
  126.7  4.70224703E-43
  126.8  4.69808994E-43
  126.9  4.69386477E-43
  127.  4.68957161E-43
  127.1  4.68521054E-43
  127.2  4.68078165E-43
  127.3  4.67628505E-43
  127.4  4.67172083E-43
  127.5  4.66708909E-43
  127.6  4.66238993E-43
  127.7  4.65762348E-43
  127.8  4.65278983E-43
  127.9  4.64788911E-43
  128.  4.64292143E-43
  128.1  4.63788691E-43
  128.2  4.63278569E-43
  128.3  4.62761788E-43
  128.4  4.62238362E-43
  128.5  4.61708306E-43
  128.6  4.61171631E-43
  128.7  4.60628354E-43
  128.8  4.60078488E-43
  128.9  4.59522047E-43
  129.  4.58959049E-43
  129.1  4.58389506E-43
  129.2  4.57813437E-43
  129.3  4.57230857E-43
  129.4  4.56641781E-43
  129.5  4.56046229E-43
  129.6  4.55444215E-43
  129.7  4.54835758E-43
  129.8  4.54220876E-43
  129.9  4.53599586E-43
  130.  4.52971908E-43
  130.1  4.5233786E-43
  130.2  4.5169746E-43
  130.3  4.5105073E-43
  130.4  4.50397687E-43
  130.5  4.49738353E-43
  130.6  4.49072747E-43
  130.7  4.48400891E-43
  130.8  4.47722805E-43
  130.9  4.4703851E-43
  131.  4.46348029E-43
  131.1  4.45651384E-43
  131.2  4.44948595E-43
  131.3  4.44239687E-43
  131.4  4.43524682E-43
  131.5  4.42803603E-43
  131.6  4.42076474E-43
  131.7  4.41343318E-43
  131.8  4.4060416E-43
  131.9  4.39859023E-43
  132.  4.39107934E-43
  132.1  4.38350916E-43
  132.2  4.37587995E-43
  132.3  4.36819197E-43
  132.4  4.36044548E-43
  132.5  4.35264073E-43
  132.6  4.344778E-43
  132.7  4.33685755E-43
  132.8  4.32887965E-43
  132.9  4.32084458E-43
  133.  4.3127526E-43
  133.1  4.30460401E-43
  133.2  4.29639909E-43
  133.3  4.28813811E-43
  133.4  4.27982138E-43
  133.5  4.27144917E-43
  133.6  4.26302178E-43
  133.7  4.25453951E-43
  133.8  4.24600266E-43
  133.9  4.23741153E-43
  134.  4.22876642E-43
  134.1  4.22006765E-43
  134.2  4.21131551E-43
  134.3  4.20251033E-43
  134.4  4.19365242E-43
  134.5  4.18474209E-43
  134.6  4.17577967E-43
  134.7  4.16676548E-43
  134.8  4.15769985E-43
  134.9  4.1485831E-43
  135.  4.13941556E-43
  135.1  4.13019757E-43
  135.2  4.12092946E-43
  135.3  4.11161158E-43
  135.4  4.10224425E-43
  135.5  4.09282783E-43
  135.6  4.08336266E-43
  135.7  4.07384908E-43
  135.8  4.06428745E-43
  135.9  4.05467811E-43
  136.  4.04502143E-43
  136.1  4.03531776E-43
  136.2  4.02556746E-43
  136.3  4.01577089E-43
  136.4  4.0059284E-43
  136.5  3.99604038E-43
  136.6  3.98610718E-43
  136.7  3.97612918E-43
  136.8  3.96610675E-43
  136.9  3.95604025E-43
  137.  3.94593008E-43
  137.1  3.9357766E-43
  137.2  3.92558019E-43
  137.3  3.91534124E-43
  137.4  3.90506013E-43
  137.5  3.89473725E-43
  137.6  3.88437298E-43
  137.7  3.87396772E-43
  137.8  3.86352185E-43
  137.9  3.85303577E-43
  138.  3.84250987E-43
  138.1  3.83194455E-43
  138.2  3.82134021E-43
  138.3  3.81069725E-43
  138.4  3.80001607E-43
  138.5  3.78929707E-43
  138.6  3.77854066E-43
  138.7  3.76774724E-43
  138.8  3.75691723E-43
  138.9  3.74605103E-43
  139.  3.73514905E-43
  139.1  3.72421171E-43
  139.2  3.71323942E-43
  139.3  3.70223259E-43
  139.4  3.69119165E-43
  139.5  3.68011701E-43
  139.6  3.66900909E-43
  139.7  3.6578683E-43
  139.8  3.64669508E-43
  139.9  3.63548985E-43
  140.  3.62425303E-43
  140.1  3.61298504E-43
  140.2  3.60168632E-43
  140.3  3.59035728E-43
  140.4  3.57899837E-43
  140.5  3.56761001E-43
  140.6  3.55619262E-43
  140.7  3.54474665E-43
  140.8  3.53327252E-43
  140.9  3.52177068E-43
  141.  3.51024154E-43
  141.1  3.49868556E-43
  141.2  3.48710316E-43
  141.3  3.47549479E-43
  141.4  3.46386087E-43
  141.5  3.45220186E-43
  141.6  3.44051819E-43
  141.7  3.42881029E-43
  141.8  3.41707861E-43
  141.9  3.4053236E-43
  142.  3.39354569E-43
  142.1  3.38174532E-43
  142.2  3.36992295E-43
  142.3  3.358079E-43
  142.4  3.34621394E-43
  142.5  3.33432819E-43
  142.6  3.3224222E-43
  142.7  3.31049643E-43
  142.8  3.29855131E-43
  142.9  3.2865873E-43
  143.  3.27460483E-43
  143.1  3.26260435E-43
  143.2  3.25058631E-43
  143.3  3.23855116E-43
  143.4  3.22649934E-43
  143.5  3.2144313E-43
  143.6  3.20234748E-43
  143.7  3.19024834E-43
  143.8  3.17813432E-43
  143.9  3.16600586E-43
  144.  3.15386342E-43
  144.1  3.14170743E-43
  144.2  3.12953835E-43
  144.3  3.11735663E-43
  144.4  3.1051627E-43
  144.5  3.09295702E-43
  144.6  3.08074002E-43
  144.7  3.06851216E-43
  144.8  3.05627388E-43
  144.9  3.04402563E-43
  145.  3.03176785E-43
  145.1  3.01950098E-43
  145.2  3.00722546E-43
  145.3  2.99494175E-43
  145.4  2.98265027E-43
  145.5  2.97035149E-43
  145.6  2.95804582E-43
  145.7  2.94573372E-43
  145.8  2.93341563E-43
  145.9  2.92109199E-43
  146.  2.90876323E-43
  146.1  2.89642979E-43
  146.2  2.88409211E-43
  146.3  2.87175063E-43
  146.4  2.85940578E-43
  146.5  2.84705799E-43
  146.6  2.83470771E-43
  146.7  2.82235536E-43
  146.8  2.81000138E-43
  146.9  2.79764619E-43
  147.  2.78529023E-43
  147.1  2.77293393E-43
  147.2  2.76057771E-43
  147.3  2.74822201E-43
  147.4  2.73586724E-43
  147.5  2.72351383E-43
  147.6  2.71116221E-43
  147.7  2.6988128E-43
  147.8  2.68646602E-43
  147.9  2.67412229E-43
  148.  2.66178203E-43
  148.1  2.64944565E-43
  148.2  2.63711357E-43
  148.3  2.62478621E-43
  148.4  2.61246398E-43
  148.5  2.60014729E-43
  148.6  2.58783655E-43
  148.7  2.57553217E-43
  148.8  2.56323456E-43
  148.9  2.55094412E-43
  149.  2.53866126E-43
  149.1  2.52638638E-43
  149.2  2.51411989E-43
  149.3  2.50186217E-43
  149.4  2.48961364E-43
  149.5  2.47737468E-43
  149.6  2.46514569E-43
  149.7  2.45292706E-43
  149.8  2.44071919E-43
  149.9  2.42852246E-43
  150.  2.41633726E-43
  150.1  2.40416397E-43
  150.2  2.39200299E-43
  150.3  2.37985469E-43
  150.4  2.36771944E-43
  150.5  2.35559764E-43
  150.6  2.34348965E-43
  150.7  2.33139585E-43
  150.8  2.31931662E-43
  150.9  2.30725231E-43
  151.  2.29520331E-43
  151.1  2.28316997E-43
  151.2  2.27115266E-43
  151.3  2.25915174E-43
  151.4  2.24716757E-43
  151.5  2.23520051E-43
  151.6  2.22325091E-43
  151.7  2.21131913E-43
  151.8  2.19940552E-43
  151.9  2.18751043E-43
  152.  2.1756342E-43
  152.1  2.16377718E-43
  152.2  2.1519397E-43
  152.3  2.14012212E-43
  152.4  2.12832476E-43
  152.5  2.11654797E-43
  152.6  2.10479207E-43
  152.7  2.09305739E-43
  152.8  2.08134427E-43
  152.9  2.06965302E-43
  153.  2.05798398E-43
  153.1  2.04633745E-43
  153.2  2.03471377E-43
  153.3  2.02311324E-43
  153.4  2.01153619E-43
  153.5  1.99998291E-43
  153.6  1.98845372E-43
  153.7  1.97694892E-43
  153.8  1.96546882E-43
  153.9  1.95401371E-43
  154.  1.94258391E-43
  154.1  1.93117969E-43
  154.2  1.91980135E-43
  154.3  1.90844919E-43
  154.4  1.89712349E-43
  154.5  1.88582454E-43
  154.6  1.87455261E-43
  154.7  1.863308E-43
  154.8  1.85209096E-43
  154.9  1.84090179E-43
  155.  1.82974074E-43
  155.1  1.8186081E-43
  155.2  1.80750412E-43
  155.3  1.79642907E-43
  155.4  1.78538321E-43
  155.5  1.77436679E-43
  155.6  1.76338008E-43
  155.7  1.75242333E-43
  155.8  1.74149677E-43
  155.9  1.73060067E-43
  156.  1.71973526E-43
  156.1  1.70890079E-43
  156.2  1.6980975E-43
  156.3  1.68732561E-43
  156.4  1.67658536E-43
  156.5  1.66587699E-43
  156.6  1.65520072E-43
  156.7  1.64455677E-43
  156.8  1.63394537E-43
  156.9  1.62336673E-43
  157.  1.61282107E-43
  157.1  1.6023086E-43
  157.2  1.59182954E-43
  157.3  1.58138408E-43
  157.4  1.57097244E-43
  157.5  1.56059481E-43
  157.6  1.5502514E-43
  157.7  1.53994239E-43
  157.8  1.52966798E-43
  157.9  1.51942837E-43
  158.  1.50922373E-43
  158.1  1.49905426E-43
  158.2  1.48892013E-43
  158.3  1.47882151E-43
  158.4  1.4687586E-43
  158.5  1.45873155E-43
  158.6  1.44874054E-43
  158.7  1.43878574E-43
  158.8  1.4288673E-43
  158.9  1.4189854E-43
  159.  1.40914018E-43
  159.1  1.3993318E-43
  159.2  1.38956042E-43
  159.3  1.37982617E-43
  159.4  1.37012922E-43
  159.5  1.3604697E-43
  159.6  1.35084776E-43
  159.7  1.34126352E-43
  159.8  1.33171713E-43
  159.9  1.32220872E-43
  160.  1.31273841E-43
  160.1  1.30330634E-43
  160.2  1.29391262E-43
  160.3  1.28455738E-43
  160.4  1.27524073E-43
  160.5  1.26596279E-43
  160.6  1.25672367E-43
  160.7  1.24752348E-43
  160.8  1.23836232E-43
  160.9  1.22924031E-43
  161.  1.22015753E-43
  161.1  1.21111409E-43
  161.2  1.20211007E-43
  161.3  1.19314559E-43
  161.4  1.18422071E-43
  161.5  1.17533554E-43
  161.6  1.16649014E-43
  161.7  1.15768461E-43
  161.8  1.14891902E-43
  161.9  1.14019345E-43
  162.  1.13150797E-43
  162.1  1.12286265E-43
  162.2  1.11425755E-43
  162.3  1.10569275E-43
  162.4  1.09716829E-43
  162.5  1.08868425E-43
  162.6  1.08024068E-43
  162.7  1.07183763E-43
  162.8  1.06347515E-43
  162.9  1.05515329E-43
  163.  1.0468721E-43
  163.1  1.03863162E-43
  163.2  1.03043188E-43
  163.3  1.02227293E-43
  163.4  1.01415481E-43
  163.5  1.00607754E-43
  163.6  9.98041157E-44
  163.7  9.90045685E-44
  163.8  9.82091149E-44
  163.9  9.74177573E-44
  164.  9.66304976E-44
  164.1  9.58473375E-44
  164.2  9.50682785E-44
  164.3  9.42933218E-44
  164.4  9.35224684E-44
  164.5  9.27557189E-44
  164.6  9.1993074E-44
  164.7  9.12345338E-44
  164.8  9.04800983E-44
  164.9  8.97297673E-44
  165.  8.89835402E-44
  165.1  8.82414165E-44
  165.2  8.7503395E-44
  165.3  8.67694747E-44
  165.4  8.6039654E-44
  165.5  8.53139314E-44
  165.6  8.45923049E-44
  165.7  8.38747725E-44
  165.8  8.31613317E-44
  165.9  8.245198E-44
  166.  8.17467147E-44
  166.1  8.10455326E-44
  166.2  8.03484306E-44
  166.3  7.96554052E-44
  166.4  7.89664527E-44
  166.5  7.82815693E-44
  166.6  7.76007508E-44
  166.7  7.69239929E-44
  166.8  7.62512911E-44
  166.9  7.55826407E-44
  167.  7.49180368E-44
  167.1  7.42574741E-44
  167.2  7.36009473E-44
  167.3  7.29484509E-44
  167.4  7.22999791E-44
  167.5  7.1655526E-44
  167.6  7.10150855E-44
  167.7  7.03786511E-44
  167.8  6.97462164E-44
  167.9  6.91177747E-44
  168.  6.84933189E-44
  168.1  6.78728421E-44
  168.2  6.7256337E-44
  168.3  6.6643796E-44
  168.4  6.60352115E-44
  168.5  6.54305757E-44
  168.6  6.48298806E-44
  168.7  6.4233118E-44
  168.8  6.36402796E-44
  168.9  6.30513568E-44
  169.  6.24663408E-44
  169.1  6.1885223E-44
  169.2  6.13079941E-44
  169.3  6.07346451E-44
  169.4  6.01651665E-44
  169.5  5.95995488E-44
  169.6  5.90377824E-44
  169.7  5.84798574E-44
  169.8  5.79257638E-44
  169.9  5.73754915E-44
  170.  5.68290302E-44
