  0.1  0.
  0.2  0.
  0.3  0.
  0.4  0.
  0.5  0.
  0.6  0.
  0.7  0.
  0.8  0.
  0.9  0.
  1.  0.
  1.1  0.
  1.2  0.
  1.3  0.
  1.4  0.
  1.5  0.
  1.6  0.
  1.7  0.
  1.8  0.
  1.9  0.
  2.  0.
  2.1  0.
  2.2  0.
  2.3  0.
  2.4  0.
  2.5  0.
  2.6  0.
  2.7  0.
  2.8  0.
  2.9  0.
  3.  0.
  3.1  0.
  3.2  0.
  3.3  0.
  3.4  0.
  3.5  0.
  3.6  0.
  3.7  0.
  3.8  0.
  3.9  0.
  4.  0.
  4.1  0.
  4.2  0.
  4.3  0.
  4.4  0.
  4.5  0.
  4.6  0.
  4.7  0.
  4.8  0.
  4.9  0.
  5.  0.
  5.1  0.
  5.2  0.
  5.3  0.
  5.4  0.
  5.5  0.
  5.6  0.
  5.7  0.
  5.8  0.
  5.9  0.
  6.  0.
  6.1  0.
  6.2  0.
  6.3  0.
  6.4  0.
  6.5  0.
  6.6  0.
  6.7  0.
  6.8  0.
  6.9  0.
  7.  0.
  7.1  0.
  7.2  0.
  7.3  0.
  7.4  0.
  7.5  0.
  7.6  0.
  7.7  0.
  7.8  0.
  7.9  0.
  8.  0.
  8.1  0.
  8.2  0.
  8.3  0.
  8.4  0.
  8.5  0.
  8.6  0.
  8.7  0.
  8.8  0.
  8.9  0.
  9.  0.
  9.1  0.
  9.2  0.
  9.3  0.
  9.4  0.
  9.5  0.
  9.6  0.
  9.7  0.
  9.8  0.
  9.9  0.
  10.  0.
  10.1  0.
  10.2  0.
  10.3  0.
  10.4  0.
  10.5  0.
  10.6  0.
  10.7  0.
  10.8  0.
  10.9  0.
  11.  0.
  11.1  0.
  11.2  0.
  11.3  0.
  11.4  0.
  11.5  0.
  11.6  0.
  11.7  0.
  11.8  0.
  11.9  0.
  12.  0.
  12.1  0.
  12.2  0.
  12.3  0.
  12.4  0.
  12.5  0.
  12.6  0.
  12.7  0.
  12.8  0.
  12.9  0.
  13.  0.
  13.1  0.
  13.2  0.
  13.3  0.
  13.4  0.
  13.5  0.
  13.6  0.
  13.7  0.
  13.8  0.
  13.9  0.
  14.  0.
  14.1  0.
  14.2  0.
  14.3  0.
  14.4  0.
  14.5  0.
  14.6  0.
  14.7  0.
  14.8  0.
  14.9  0.
  15.  0.
  15.1  7.74939467E-57
  15.2  1.23990315E-55
  15.3  6.27700968E-55
  15.4  1.98384504E-54
  15.5  4.84337167E-54
  15.6  1.00432155E-53
  15.7  1.86062966E-53
  15.8  3.17415206E-53
  15.9  5.08437784E-53
  16.  7.74939467E-53
  16.1  1.13458887E-52
  16.2  1.60691448E-52
  16.3  2.21330461E-52
  16.4  2.97700746E-52
  16.5  3.92313105E-52
  16.6  5.07864329E-52
  16.7  6.47237192E-52
  16.8  8.13500455E-52
  16.9  1.00990886E-51
  17.  1.23990315E-51
  17.1  1.50711003E-51
  17.2  1.8153422E-51
  17.3  2.16859835E-51
  17.4  2.57106317E-51
  17.5  3.02710729E-51
  17.6  3.54128738E-51
  17.7  4.11834605E-51
  17.8  4.76321193E-51
  17.9  5.48099961E-51
  18.  6.27700968E-51
  18.1  7.15672872E-51
  18.2  8.12582927E-51
  18.3  9.19016988E-51
  18.4  1.03557951E-50
  18.5  1.16289354E-50
  18.6  1.30160073E-50
  18.7  1.45236133E-50
  18.8  1.61585418E-50
  18.9  1.79277674E-50
  19.  1.98384504E-50
  19.1  2.18979372E-50
  19.2  2.41137604E-50
  19.3  2.64936383E-50
  19.4  2.90454752E-50
  19.5  3.17773615E-50
  19.6  3.46975737E-50
  19.7  3.78145739E-50
  19.8  4.11370107E-50
  19.9  4.46737182E-50
  20.  4.84337167E-50
  20.1  5.24262126E-50
  20.2  5.66605981E-50
  20.3  6.11464514E-50
  20.4  6.58935369E-50
  20.5  7.09118046E-50
  20.6  7.62113909E-50
  20.7  8.18026179E-50
  20.8  8.76959938E-50
  20.9  9.39022128E-50
  21.  1.00432155E-49
  21.1  1.07296886E-49
  21.2  1.14507659E-49
  21.3  1.22075912E-49
  21.4  1.30013268E-49
  21.5  1.38331538E-49
  21.6  1.47042718E-49
  21.7  1.5615899E-49
  21.8  1.65692721E-49
  21.9  1.75656467E-49
  22.  1.86062966E-49
  22.1  1.96925145E-49
  22.2  2.08256116E-49
  22.3  2.20069177E-49
  22.4  2.32377812E-49
  22.5  2.45195691E-49
  22.6  2.58536669E-49
  22.7  2.72414789E-49
  22.8  2.86844278E-49
  22.9  3.0183955E-49
  23.  3.17415206E-49
  23.1  3.3358603E-49
  23.2  3.50366996E-49
  23.3  3.6777326E-49
  23.4  3.85820166E-49
  23.5  4.04523245E-49
  23.6  4.23898212E-49
  23.7  4.43960969E-49
  23.8  4.64727603E-49
  23.9  4.86214388E-49
  24.  5.08437784E-49
  24.1  5.31414437E-49
  24.2  5.55161179E-49
  24.3  5.79695026E-49
  24.4  6.05033183E-49
  24.5  6.31193039E-49
  24.6  6.58192171E-49
  24.7  6.86048338E-49
  24.8  7.1477949E-49
  24.9  7.4440376E-49
  25.  7.74939467E-49
  25.1  8.06405117E-49
  25.2  8.38819401E-49
  25.3  8.72201198E-49
  25.4  9.06569569E-49
  25.5  9.41943766E-49
  25.6  9.78343223E-49
  25.7  1.01578756E-48
  25.8  1.05429659E-48
  25.9  1.0938903E-48
  26.  1.13458887E-48
  26.1  1.17641267E-48
  26.2  1.21938225E-48
  26.3  1.26351835E-48
  26.4  1.30884189E-48
  26.5  1.35537397E-48
  26.6  1.4031359E-48
  26.7  1.45214916E-48
  26.8  1.5024354E-48
  26.9  1.5540165E-48
  27.  1.60691448E-48
  27.1  1.66115157E-48
  27.2  1.71675018E-48
  27.3  1.77373292E-48
  27.4  1.83212255E-48
  27.5  1.89194206E-48
  27.6  1.95321459E-48
  27.7  2.01596349E-48
  27.8  2.08021229E-48
  27.9  2.1459847E-48
  28.  2.21330461E-48
  28.1  2.28219612E-48
  28.2  2.35268349E-48
  28.3  2.42479118E-48
  28.4  2.49854384E-48
  28.5  2.57396628E-48
  28.6  2.65108354E-48
  28.7  2.72992081E-48
  28.8  2.81050347E-48
  28.9  2.8928571E-48
  29.  2.97700746E-48
  29.1  3.06298049E-48
  29.2  3.15080233E-48
  29.3  3.24049928E-48
  29.4  3.33209786E-48
  29.5  3.42562476E-48
  29.6  3.52110684E-48
  29.7  3.61857117E-48
  29.8  3.718045E-48
  29.9  3.81955575E-48
  30.  3.92313105E-48
  30.1  4.02879871E-48
  30.2  4.1365867E-48
  30.3  4.24652322E-48
  30.4  4.35863662E-48
  30.5  4.47295545E-48
  30.6  4.58950844E-48
  30.7  4.70832453E-48
  30.8  4.8294328E-48
  30.9  4.95286256E-48
  31.  5.07864329E-48
  31.1  5.20680465E-48
  31.2  5.33737649E-48
  31.3  5.47038884E-48
  31.4  5.60587193E-48
  31.5  5.74385617E-48
  31.6  5.88437216E-48
  31.7  6.02745067E-48
  31.8  6.17312266E-48
  31.9  6.3214193E-48
  32.  6.47237192E-48
  32.1  6.62601205E-48
  32.2  6.78237139E-48
  32.3  6.94148185E-48
  32.4  7.1033755E-48
  32.5  7.26808461E-48
  32.6  7.43564164E-48
  32.7  7.60607923E-48
  32.8  7.77943021E-48
  32.9  7.95572758E-48
  33.  8.13500455E-48
  33.1  8.3172945E-48
  33.2  8.502631E-48
  33.3  8.6910478E-48
  33.4  8.88257886E-48
  33.5  9.07725829E-48
  33.6  9.27512042E-48
  33.7  9.47619973E-48
  33.8  9.68053093E-48
  33.9  9.88814888E-48
  34.  1.00990886E-47
  34.1  1.03133854E-47
  34.2  1.05310747E-47
  34.3  1.07521921E-47
  34.4  1.09767734E-47
  34.5  1.12048546E-47
  34.6  1.14364718E-47
  34.7  1.16716615E-47
  34.8  1.19104602E-47
  34.9  1.21529045E-47
  35.  1.23990315E-47
  35.1  1.26488782E-47
  35.2  1.29024819E-47
  35.3  1.31598801E-47
  35.4  1.34211104E-47
  35.5  1.36862108E-47
  35.6  1.39552192E-47
  35.7  1.42281738E-47
  35.8  1.45051131E-47
  35.9  1.47860757E-47
  36.  1.50711003E-47
  36.1  1.53602258E-47
  36.2  1.56534916E-47
  36.3  1.59509368E-47
  36.4  1.6252601E-47
  36.5  1.65585239E-47
  36.6  1.68687454E-47
  36.7  1.71833056E-47
  36.8  1.75022448E-47
  36.9  1.78256034E-47
  37.  1.8153422E-47
  37.1  1.84857415E-47
  37.2  1.88226028E-47
  37.3  1.91640472E-47
  37.4  1.95101161E-47
  37.5  1.9860851E-47
  37.6  2.02162936E-47
  37.7  2.0576486E-47
  37.8  2.09414702E-47
  37.9  2.13112885E-47
  38.  2.16859835E-47
  38.1  2.20655979E-47
  38.2  2.24501744E-47
  38.3  2.28397562E-47
  38.4  2.32343865E-47
  38.5  2.36341087E-47
  38.6  2.40389665E-47
  38.7  2.44490036E-47
  38.8  2.4864264E-47
  38.9  2.52847919E-47
  39.  2.57106317E-47
  39.1  2.61418278E-47
  39.2  2.65784251E-47
  39.3  2.70204685E-47
  39.4  2.74680029E-47
  39.5  2.79210738E-47
  39.6  2.83797267E-47
  39.7  2.8844007E-47
  39.8  2.93139608E-47
  39.9  2.97896341E-47
  40.  3.02710729E-47
  40.1  3.07583239E-47
  40.2  3.12514335E-47
  40.3  3.17504485E-47
  40.4  3.22554159E-47
  40.5  3.27663829E-47
  40.6  3.32833967E-47
  40.7  3.38065049E-47
  40.8  3.43357552E-47
  40.9  3.48711955E-47
  41.  3.54128738E-47
  41.1  3.59608385E-47
  41.2  3.65151379E-47
  41.3  3.70758207E-47
  41.4  3.76429358E-47
  41.5  3.82165321E-47
  41.6  3.87966589E-47
  41.7  3.93833654E-47
  41.8  3.99767014E-47
  41.9  4.05767164E-47
  42.  4.11834605E-47
  42.1  4.17969838E-47
  42.2  4.24173366E-47
  42.3  4.30445694E-47
  42.4  4.36787329E-47
  42.5  4.43198779E-47
  42.6  4.49680555E-47
  42.7  4.56233169E-47
  42.8  4.62857136E-47
  42.9  4.69552971E-47
  43.  4.76321193E-47
  43.1  4.83162322E-47
  43.2  4.90076878E-47
  43.3  4.97065387E-47
  43.4  5.04128372E-47
  43.5  5.11266362E-47
  43.6  5.18479885E-47
  43.7  5.25769473E-47
  43.8  5.33135658E-47
  43.9  5.40578975E-47
  44.  5.48099961E-47
  44.1  5.55699154E-47
  44.2  5.63377094E-47
  44.3  5.71134324E-47
  44.4  5.78971387E-47
  44.5  5.8688883E-47
  44.6  5.94887199E-47
  44.7  6.02967046E-47
  44.8  6.1112892E-47
  44.9  6.19373376E-47
  45.  6.27700968E-47
  45.1  6.36112254E-47
  45.2  6.44607793E-47
  45.3  6.53188145E-47
  45.4  6.61853872E-47
  45.5  6.7060554E-47
  45.6  6.79443715E-47
  45.7  6.88368965E-47
  45.8  6.97381859E-47
  45.9  7.0648297E-47
  46.  7.15672872E-47
  46.1  7.2495214E-47
  46.2  7.34321351E-47
  46.3  7.43781086E-47
  46.4  7.53331924E-47
  46.5  7.6297445E-47
  46.6  7.72709248E-47
  46.7  7.82536906E-47
  46.8  7.9245801E-47
  46.9  8.02473153E-47
  47.  8.12582927E-47
  47.1  8.22787925E-47
  47.2  8.33088744E-47
  47.3  8.43485981E-47
  47.4  8.53980238E-47
  47.5  8.64572114E-47
  47.6  8.75262214E-47
  47.7  8.86051144E-47
  47.8  8.96939509E-47
  47.9  9.0792792E-47
  48.  9.19016988E-47
  48.1  9.30207325E-47
  48.2  9.41499545E-47
  48.3  9.52894266E-47
  48.4  9.64392107E-47
  48.5  9.75993686E-47
  48.6  9.87699626E-47
  48.7  9.99510552E-47
  48.8  1.01142709E-46
  48.9  1.02344986E-46
  49.  1.03557951E-46
  49.1  1.04781665E-46
  49.2  1.06016193E-46
  49.3  1.07261597E-46
  49.4  1.08517942E-46
  49.5  1.09785292E-46
  49.6  1.1106371E-46
  49.7  1.1235326E-46
  49.8  1.13654008E-46
  49.9  1.14966018E-46
  50.  1.16289354E-46
  50.1  1.17624082E-46
  50.2  1.18970266E-46
  50.3  1.20327973E-46
  50.4  1.21697268E-46
  50.5  1.23078216E-46
  50.6  1.24470883E-46
  50.7  1.25875336E-46
  50.8  1.27291641E-46
  50.9  1.28719865E-46
  51.  1.30160073E-46
  51.1  1.31612333E-46
  51.2  1.33076712E-46
  51.3  1.34553277E-46
  51.4  1.36042096E-46
  51.5  1.37543236E-46
  51.6  1.39056765E-46
  51.7  1.40582751E-46
  51.8  1.42121262E-46
  51.9  1.43672366E-46
  52.  1.45236133E-46
  52.1  1.4681263E-46
  52.2  1.48401927E-46
  52.3  1.50004092E-46
  52.4  1.51619196E-46
  52.5  1.53247307E-46
  52.6  1.54888495E-46
  52.7  1.5654283E-46
  52.8  1.58210382E-46
  52.9  1.59891221E-46
  53.  1.61585418E-46
  53.1  1.63293043E-46
  53.2  1.65014167E-46
  53.3  1.66748861E-46
  53.4  1.68497196E-46
  53.5  1.70259243E-46
  53.6  1.72035074E-46
  53.7  1.73824761E-46
  53.8  1.75628375E-46
  53.9  1.77445988E-46
  54.  1.79277674E-46
  54.1  1.81123503E-46
  54.2  1.8298355E-46
  54.3  1.84857886E-46
  54.4  1.86746584E-46
  54.5  1.88649719E-46
  54.6  1.90567363E-46
  54.7  1.92499589E-46
  54.8  1.94446472E-46
  54.9  1.96408086E-46
  55.  1.98384504E-46
  55.1  2.003758E-46
  55.2  2.02382051E-46
  55.3  2.04403329E-46
  55.4  2.0643971E-46
  55.5  2.08491269E-46
  55.6  2.10558081E-46
  55.7  2.12640222E-46
  55.8  2.14737767E-46
  55.9  2.16850792E-46
  56.  2.18979372E-46
  56.1  2.21123585E-46
  56.2  2.23283507E-46
  56.3  2.25459213E-46
  56.4  2.27650781E-46
  56.5  2.29858287E-46
  56.6  2.3208181E-46
  56.7  2.34321425E-46
  56.8  2.36577211E-46
  56.9  2.38849244E-46
  57.  2.41137604E-46
  57.1  2.43442368E-46
  57.2  2.45763613E-46
  57.3  2.4810142E-46
  57.4  2.50455865E-46
  57.5  2.52827028E-46
  57.6  2.55214988E-46
  57.7  2.57619824E-46
  57.8  2.60041616E-46
  57.9  2.62480442E-46
  58.  2.64936383E-46
  58.1  2.67409518E-46
  58.2  2.69899927E-46
  58.3  2.72407691E-46
  58.4  2.7493289E-46
  58.5  2.77475605E-46
  58.6  2.80035917E-46
  58.7  2.82613906E-46
  58.8  2.85209654E-46
  58.9  2.87823242E-46
  59.  2.90454752E-46
  59.1  2.93104265E-46
  59.2  2.95771863E-46
  59.3  2.98457629E-46
  59.4  3.01161645E-46
  59.5  3.03883993E-46
  59.6  3.06624755E-46
  59.7  3.09384016E-46
  59.8  3.12161857E-46
  59.9  3.14958362E-46
  60.  3.17773615E-46
  60.1  3.20607699E-46
  60.2  3.23460698E-46
  60.3  3.26332695E-46
  60.4  3.29223776E-46
  60.5  3.32134023E-46
  60.6  3.35063523E-46
  60.7  3.38012359E-46
  60.8  3.40980617E-46
  60.9  3.43968381E-46
  61.  3.46975737E-46
  61.1  3.5000277E-46
  61.2  3.53049566E-46
  61.3  3.56116211E-46
  61.4  3.59202791E-46
  61.5  3.62309391E-46
  61.6  3.65436099E-46
  61.7  3.68583001E-46
  61.8  3.71750184E-46
  61.9  3.74937734E-46
  62.  3.78145739E-46
  62.1  3.81374287E-46
  62.2  3.84623464E-46
  62.3  3.87893358E-46
  62.4  3.91184057E-46
  62.5  3.9449565E-46
  62.6  3.97828224E-46
  62.7  4.01181868E-46
  62.8  4.0455667E-46
  62.9  4.0795272E-46
  63.  4.11370107E-46
  63.1  4.14808919E-46
  63.2  4.18269245E-46
  63.3  4.21751177E-46
  63.4  4.25254802E-46
  63.5  4.28780212E-46
  63.6  4.32327495E-46
  63.7  4.35896744E-46
  63.8  4.39488047E-46
  63.9  4.43101496E-46
  64.  4.46737182E-46
  64.1  4.50395195E-46
  64.2  4.54075627E-46
  64.3  4.57778569E-46
  64.4  4.61504113E-46
  64.5  4.6525235E-46
  64.6  4.69023373E-46
  64.7  4.72817274E-46
  64.8  4.76634145E-46
  64.9  4.80474078E-46
  65.  4.84337167E-46
  65.1  4.88223504E-46
  65.2  4.92133182E-46
  65.3  4.96066295E-46
  65.4  5.00022936E-46
  65.5  5.04003198E-46
  65.6  5.08007176E-46
  65.7  5.12034964E-46
  65.8  5.16086655E-46
  65.9  5.20162344E-46
  66.  5.24262126E-46
  66.1  5.28386095E-46
  66.2  5.32534347E-46
  66.3  5.36706976E-46
  66.4  5.40904078E-46
  66.5  5.45125748E-46
  66.6  5.49372083E-46
  66.7  5.53643177E-46
  66.8  5.57939127E-46
  66.9  5.6226003E-46
  67.  5.66605981E-46
  67.1  5.70977077E-46
  67.2  5.75373415E-46
  67.3  5.79795093E-46
  67.4  5.84242206E-46
  67.5  5.88714854E-46
  67.6  5.93213132E-46
  67.7  5.97737139E-46
  67.8  6.02286973E-46
  67.9  6.06862732E-46
  68.  6.11464514E-46
  68.1  6.16092418E-46
  68.2  6.20746542E-46
  68.3  6.25426985E-46
  68.4  6.30133847E-46
  68.5  6.34867226E-46
  68.6  6.39627222E-46
  68.7  6.44413934E-46
  68.8  6.49227463E-46
  68.9  6.54067907E-46
  69.  6.58935369E-46
  69.1  6.63829946E-46
  69.2  6.68751741E-46
  69.3  6.73700854E-46
  69.4  6.78677386E-46
  69.5  6.83681438E-46
  69.6  6.88713111E-46
  69.7  6.93772506E-46
  69.8  6.98859726E-46
  69.9  7.03974872E-46
  70.  7.09118046E-46
  70.1  7.14289351E-46
  70.2  7.19488888E-46
  70.3  7.2471676E-46
  70.4  7.2997307E-46
  70.5  7.35257922E-46
  70.6  7.40571417E-46
  70.7  7.4591366E-46
  70.8  7.51284754E-46
  70.9  7.56684802E-46
  71.  7.62113909E-46
  71.1  7.67572178E-46
  71.2  7.73059715E-46
  71.3  7.78576622E-46
  71.4  7.84123005E-46
  71.5  7.89698969E-46
  71.6  7.95304619E-46
  71.7  8.00940059E-46
  71.8  8.06605395E-46
  71.9  8.12300733E-46
  72.  8.18026179E-46
  72.1  8.23781838E-46
  72.2  8.29567816E-46
  72.3  8.35384221E-46
  72.4  8.41231157E-46
  72.5  8.47108732E-46
  72.6  8.53017053E-46
  72.7  8.58956227E-46
  72.8  8.64926361E-46
  72.9  8.70927562E-46
  73.  8.76959938E-46
  73.1  8.83023597E-46
  73.2  8.89118647E-46
  73.3  8.95245195E-46
  73.4  9.01403351E-46
  73.5  9.07593223E-46
  73.6  9.13814919E-46
  73.7  9.20068548E-46
  73.8  9.2635422E-46
  73.9  9.32672043E-46
  74.  9.39022128E-46
  74.1  9.45404583E-46
  74.2  9.51819519E-46
  74.3  9.58267046E-46
  74.4  9.64747273E-46
  74.5  9.71260312E-46
  74.6  9.77806272E-46
  74.7  9.84385265E-46
  74.8  9.90997402E-46
  74.9  9.97642793E-46
  75.  1.00432155E-45
  75.1  1.01103378E-45
  75.2  1.01777961E-45
  75.3  1.02455913E-45
  75.4  1.03137247E-45
  75.5  1.03821973E-45
  75.6  1.04510103E-45
  75.7  1.05201648E-45
  75.8  1.0589662E-45
  75.9  1.06595029E-45
  76.  1.07296886E-45
  76.1  1.08002205E-45
  76.2  1.08710994E-45
  76.3  1.09423267E-45
  76.4  1.10139034E-45
  76.5  1.10858307E-45
  76.6  1.11581097E-45
  76.7  1.12307416E-45
  76.8  1.13037275E-45
  76.9  1.13770686E-45
  77.  1.14507659E-45
  77.1  1.15248208E-45
  77.2  1.15992342E-45
  77.3  1.16740075E-45
  77.4  1.17491416E-45
  77.5  1.18246379E-45
  77.6  1.19004974E-45
  77.7  1.19767213E-45
  77.8  1.20533108E-45
  77.9  1.2130267E-45
  78.  1.22075912E-45
  78.1  1.22852845E-45
  78.2  1.2363348E-45
  78.3  1.24417829E-45
  78.4  1.25205905E-45
  78.5  1.25997718E-45
  78.6  1.26793282E-45
  78.7  1.27592606E-45
  78.8  1.28395705E-45
  78.9  1.29202588E-45
  79.  1.30013268E-45
  79.1  1.30827758E-45
  79.2  1.31646068E-45
  79.3  1.32468211E-45
  79.4  1.33294199E-45
  79.5  1.34124044E-45
  79.6  1.34957757E-45
  79.7  1.35795351E-45
  79.8  1.36636838E-45
  79.9  1.3748223E-45
  80.  1.38331538E-45
  80.1  1.39184776E-45
  80.2  1.40041954E-45
  80.3  1.40903086E-45
  80.4  1.41768183E-45
  80.5  1.42637257E-45
  80.6  1.43510321E-45
  80.7  1.44387387E-45
  80.8  1.45268467E-45
  80.9  1.46153573E-45
  81.  1.47042718E-45
  81.1  1.47935913E-45
  81.2  1.48833172E-45
  81.3  1.49734506E-45
  81.4  1.50639927E-45
  81.5  1.51549449E-45
  81.6  1.52463083E-45
  81.7  1.53380841E-45
  81.8  1.54302737E-45
  81.9  1.55228782E-45
  82.  1.5615899E-45
  82.1  1.57093371E-45
  82.2  1.5803194E-45
  82.3  1.58974708E-45
  82.4  1.59921688E-45
  82.5  1.60872893E-45
  82.6  1.61828334E-45
  82.7  1.62788025E-45
  82.8  1.63751978E-45
  82.9  1.64720206E-45
  83.  1.65692721E-45
  83.1  1.66669536E-45
  83.2  1.67650664E-45
  83.3  1.68636117E-45
  83.4  1.69625908E-45
  83.5  1.7062005E-45
  83.6  1.71618556E-45
  83.7  1.72621437E-45
  83.8  1.73628708E-45
  83.9  1.7464038E-45
  84.  1.75656467E-45
  84.1  1.76676981E-45
  84.2  1.77701935E-45
  84.3  1.78731343E-45
  84.4  1.79765216E-45
  84.5  1.80803569E-45
  84.6  1.81846413E-45
  84.7  1.82893762E-45
  84.8  1.83945628E-45
  84.9  1.85002025E-45
  85.  1.86062966E-45
  85.1  1.87128464E-45
  85.2  1.88198531E-45
  85.3  1.8927318E-45
  85.4  1.90352426E-45
  85.5  1.91436281E-45
  85.6  1.92524757E-45
  85.7  1.93617869E-45
  85.8  1.94715628E-45
  85.9  1.9581805E-45
  86.  1.96925145E-45
  86.1  1.98036929E-45
  86.2  1.99153413E-45
  86.3  2.00274612E-45
  86.4  2.01400538E-45
  86.5  2.02531205E-45
  86.6  2.03666626E-45
  86.7  2.04806814E-45
  86.8  2.05951783E-45
  86.9  2.07101546E-45
  87.  2.08256116E-45
  87.1  2.09415508E-45
  87.2  2.10579733E-45
  87.3  2.11748805E-45
  87.4  2.12922739E-45
  87.5  2.14101547E-45
  87.6  2.15285244E-45
  87.7  2.16473841E-45
  87.8  2.17667354E-45
  87.9  2.18865795E-45
  88.  2.20069177E-45
  88.1  2.21277516E-45
  88.2  2.22490824E-45
  88.3  2.23709114E-45
  88.4  2.24932401E-45
  88.5  2.26160698E-45
  88.6  2.27394019E-45
  88.7  2.28632377E-45
  88.8  2.29875786E-45
  88.9  2.3112426E-45
  89.  2.32377812E-45
  89.1  2.33636457E-45
  89.2  2.34900208E-45
  89.3  2.36169078E-45
  89.4  2.37443083E-45
  89.5  2.38722234E-45
  89.6  2.40006548E-45
  89.7  2.41296036E-45
  89.8  2.42590713E-45
  89.9  2.43890594E-45
  90.  2.45195691E-45
  90.1  2.46506019E-45
  90.2  2.47821592E-45
  90.3  2.49142423E-45
  90.4  2.50468528E-45
  90.5  2.51799919E-45
  90.6  2.53136611E-45
  90.7  2.54478618E-45
  90.8  2.55825954E-45
  90.9  2.57178633E-45
  91.  2.58536669E-45
  91.1  2.59900076E-45
  91.2  2.61268869E-45
  91.3  2.62643061E-45
  91.4  2.64022667E-45
  91.5  2.65407701E-45
  91.6  2.66798177E-45
  91.7  2.6819411E-45
  91.8  2.69595513E-45
  91.9  2.71002401E-45
  92.  2.72414789E-45
  92.1  2.7383269E-45
  92.2  2.75256118E-45
  92.3  2.76685089E-45
  92.4  2.78119617E-45
  92.5  2.79559715E-45
  92.6  2.81005399E-45
  92.7  2.82456683E-45
  92.8  2.83913581E-45
  92.9  2.85376108E-45
  93.  2.86844278E-45
  93.1  2.88318105E-45
  93.2  2.89797605E-45
  93.3  2.91282792E-45
  93.4  2.92773679E-45
  93.5  2.94270283E-45
  93.6  2.95772617E-45
  93.7  2.97280696E-45
  93.8  2.98794535E-45
  93.9  3.00314148E-45
  94.  3.0183955E-45
  94.1  3.03370756E-45
  94.2  3.0490778E-45
  94.3  3.06450637E-45
  94.4  3.07999343E-45
  94.5  3.0955391E-45
  94.6  3.11114355E-45
  94.7  3.12680693E-45
  94.8  3.14252937E-45
  94.9  3.15831103E-45
  95.  3.17415206E-45
  95.1  3.1900526E-45
  95.2  3.20601281E-45
  95.3  3.22203283E-45
  95.4  3.23811281E-45
  95.5  3.25425291E-45
  95.6  3.27045326E-45
  95.7  3.28671403E-45
  95.8  3.30303536E-45
  95.9  3.3194174E-45
  96.  3.3358603E-45
  96.1  3.35236422E-45
  96.2  3.3689293E-45
  96.3  3.38555569E-45
  96.4  3.40224355E-45
  96.5  3.41899302E-45
  96.6  3.43580427E-45
  96.7  3.45267743E-45
  96.8  3.46961267E-45
  96.9  3.48661012E-45
  97.  3.50366996E-45
  97.1  3.52079232E-45
  97.2  3.53797736E-45
  97.3  3.55522524E-45
  97.4  3.57253611E-45
  97.5  3.58991011E-45
  97.6  3.60734741E-45
  97.7  3.62484815E-45
  97.8  3.64241249E-45
  97.9  3.66004059E-45
  98.  3.6777326E-45
  98.1  3.69548867E-45
  98.2  3.71330896E-45
  98.3  3.73119361E-45
  98.4  3.7491428E-45
  98.5  3.76715667E-45
  98.6  3.78523537E-45
  98.7  3.80337907E-45
  98.8  3.82158791E-45
  98.9  3.83986206E-45
  99.  3.85820166E-45
  99.1  3.87660689E-45
  99.2  3.89507788E-45
  99.3  3.91361481E-45
  99.4  3.93221781E-45
  99.5  3.95088706E-45
  99.6  3.96962271E-45
  99.7  3.98842492E-45
  99.8  4.00729384E-45
  99.9  4.02622963E-45
  100.  4.04523245E-45
  100.1  4.06430246E-45
  100.2  4.08343981E-45
  100.3  4.10264467E-45
  100.4  4.12191719E-45
  100.5  4.14125753E-45
  100.6  4.16066585E-45
  100.7  4.18014231E-45
  100.8  4.19968707E-45
  100.9  4.21930029E-45
  101.  4.23898212E-45
  101.1  4.25873273E-45
  101.2  4.27855228E-45
  101.3  4.29844093E-45
  101.4  4.31839883E-45
  101.5  4.33842615E-45
  101.6  4.35852306E-45
  101.7  4.3786897E-45
  101.8  4.39892625E-45
  101.9  4.41923285E-45
  102.  4.43960969E-45
  102.1  4.46005691E-45
  102.2  4.48057467E-45
  102.3  4.50116315E-45
  102.4  4.5218225E-45
  102.5  4.54255288E-45
  102.6  4.56335446E-45
  102.7  4.58422741E-45
  102.8  4.60517187E-45
  102.9  4.62618803E-45
  103.  4.64727603E-45
  103.1  4.66843604E-45
  103.2  4.68966824E-45
  103.3  4.71097277E-45
  103.4  4.73234981E-45
  103.5  4.75379952E-45
  103.6  4.77532207E-45
  103.7  4.79691761E-45
  103.8  4.81858632E-45
  103.9  4.84032835E-45
  104.  4.86214388E-45
  104.1  4.88403307E-45
  104.2  4.90599609E-45
  104.3  4.92803309E-45
  104.4  4.95014425E-45
  104.5  4.97232974E-45
  104.6  4.99458971E-45
  104.7  5.01692435E-45
  104.8  5.0393338E-45
  104.9  5.06181824E-45
  105.  5.08437784E-45
  105.1  5.10701277E-45
  105.2  5.12972319E-45
  105.3  5.15250926E-45
  105.4  5.17537116E-45
  105.5  5.19830906E-45
  105.6  5.22132312E-45
  105.7  5.24441352E-45
  105.8  5.26758041E-45
  105.9  5.29082397E-45
  106.  5.31414437E-45
  106.1  5.33754178E-45
  106.2  5.36101637E-45
  106.3  5.3845683E-45
  106.4  5.40819774E-45
  106.5  5.43190488E-45
  106.6  5.45568987E-45
  106.7  5.47955288E-45
  106.8  5.50349409E-45
  106.9  5.52751367E-45
  107.  5.55161179E-45
  107.1  5.57578861E-45
  107.2  5.60004432E-45
  107.3  5.62437908E-45
  107.4  5.64879306E-45
  107.5  5.67328643E-45
  107.6  5.69785938E-45
  107.7  5.72251206E-45
  107.8  5.74724465E-45
  107.9  5.77205733E-45
  108.  5.79695026E-45
  108.1  5.82192362E-45
  108.2  5.84697759E-45
  108.3  5.87211233E-45
  108.4  5.89732802E-45
  108.5  5.92262483E-45
  108.6  5.94800294E-45
  108.7  5.97346252E-45
  108.8  5.99900375E-45
  108.9  6.02462679E-45
  109.  6.05033183E-45
  109.1  6.07611904E-45
  109.2  6.10198859E-45
  109.3  6.12794065E-45
  109.4  6.15397542E-45
  109.5  6.18009305E-45
  109.6  6.20629372E-45
  109.7  6.23257762E-45
  109.8  6.25894491E-45
  109.9  6.28539578E-45
  110.  6.31193039E-45
  110.1  6.33854894E-45
  110.2  6.36525158E-45
  110.3  6.3920385E-45
  110.4  6.41890988E-45
  110.5  6.4458659E-45
  110.6  6.47290673E-45
  110.7  6.50003254E-45
  110.8  6.52724353E-45
  110.9  6.55453985E-45
  111.  6.58192171E-45
  111.1  6.60938926E-45
  111.2  6.6369427E-45
  111.3  6.66458219E-45
  111.4  6.69230792E-45
  111.5  6.72012008E-45
  111.6  6.74801882E-45
  111.7  6.77600435E-45
  111.8  6.80407683E-45
  111.9  6.83223645E-45
  112.  6.86048338E-45
  112.1  6.88881782E-45
  112.2  6.91723993E-45
  112.3  6.94574989E-45
  112.4  6.9743479E-45
  112.5  7.00303412E-45
  112.6  7.03180875E-45
  112.7  7.06067196E-45
  112.8  7.08962394E-45
  112.9  7.11866486E-45
  113.  7.1477949E-45
  113.1  7.17701426E-45
  113.2  7.20632311E-45
  113.3  7.23572164E-45
  113.4  7.26521002E-45
  113.5  7.29478845E-45
  113.6  7.3244571E-45
  113.7  7.35421615E-45
  113.8  7.3840658E-45
  113.9  7.41400622E-45
  114.  7.4440376E-45
  114.1  7.47416012E-45
  114.2  7.50437397E-45
  114.3  7.53467933E-45
  114.4  7.56507638E-45
  114.5  7.59556532E-45
  114.6  7.62614632E-45
  114.7  7.65681957E-45
  114.8  7.68758525E-45
  114.9  7.71844356E-45
  115.  7.74939467E-45
  115.1  7.78043878E-45
  115.2  7.81157606E-45
  115.3  7.84280671E-45
  115.4  7.87413091E-45
  115.5  7.90554885E-45
  115.6  7.93706072E-45
  115.7  7.9686667E-45
  115.8  8.00036697E-45
  115.9  8.03216173E-45
  116.  8.06405117E-45
  116.1  8.09603547E-45
  116.2  8.12811482E-45
  116.3  8.1602894E-45
  116.4  8.19255942E-45
  116.5  8.22492504E-45
  116.6  8.25738647E-45
  116.7  8.2899439E-45
  116.8  8.3225975E-45
  116.9  8.35534748E-45
  117.  8.38819401E-45
  117.1  8.4211373E-45
  117.2  8.45417752E-45
  117.3  8.48731488E-45
  117.4  8.52054955E-45
  117.5  8.55388173E-45
  117.6  8.58731162E-45
  117.7  8.62083939E-45
  117.8  8.65446525E-45
  117.9  8.68818938E-45
  118.  8.72201198E-45
  118.1  8.75593323E-45
  118.2  8.78995333E-45
  118.3  8.82407246E-45
  118.4  8.85829083E-45
  118.5  8.89260863E-45
  118.6  8.92702604E-45
  118.7  8.96154326E-45
  118.8  8.99616048E-45
  118.9  9.03087789E-45
  119.  9.06569569E-45
  119.1  9.10061407E-45
  119.2  9.13563323E-45
  119.3  9.17075336E-45
  119.4  9.20597465E-45
  119.5  9.24129729E-45
  119.6  9.27672148E-45
  119.7  9.31224742E-45
  119.8  9.3478753E-45
  119.9  9.38360531E-45
  120.  9.41943766E-45
  120.1  9.45537252E-45
  120.2  9.49141011E-45
  120.3  9.52755061E-45
  120.4  9.56379423E-45
  120.5  9.60014115E-45
  120.6  9.63659157E-45
  120.7  9.67314569E-45
  120.8  9.70980371E-45
  120.9  9.74656583E-45
  121.  9.78343223E-45
  121.1  9.82040312E-45
  121.2  9.85747869E-45
  121.3  9.89465914E-45
  121.4  9.93194467E-45
  121.5  9.96933548E-45
  121.6  1.00068318E-44
  121.7  1.00444337E-44
  121.8  1.00821416E-44
  121.9  1.01199554E-44
  122.  1.01578756E-44
  122.1  1.01959022E-44
  122.2  1.02340355E-44
  122.3  1.02722757E-44
  122.4  1.03106229E-44
  122.5  1.03490774E-44
  122.6  1.03876394E-44
  122.7  1.0426309E-44
  122.8  1.04650865E-44
  122.9  1.05039721E-44
  123.  1.05429659E-44
  123.1  1.05820682E-44
  123.2  1.06212791E-44
  123.3  1.0660599E-44
  123.4  1.07000279E-44
  123.5  1.0739566E-44
  123.6  1.07792137E-44
  123.7  1.0818971E-44
  123.8  1.08588382E-44
  123.9  1.08988155E-44
  124.  1.0938903E-44
  124.1  1.0979101E-44
  124.2  1.10194098E-44
  124.3  1.10598294E-44
  124.4  1.11003601E-44
  124.5  1.11410021E-44
  124.6  1.11817556E-44
  124.7  1.12226208E-44
  124.8  1.1263598E-44
  124.9  1.13046872E-44
  125.  1.13458887E-44
  125.1  1.13872028E-44
  125.2  1.14286296E-44
  125.3  1.14701693E-44
  125.4  1.15118222E-44
  125.5  1.15535884E-44
  125.6  1.15954682E-44
  125.7  1.16374617E-44
  125.8  1.16795691E-44
  125.9  1.17217908E-44
  126.  1.17641267E-44
  126.1  1.18065773E-44
  126.2  1.18491427E-44
  126.3  1.1891823E-44
  126.4  1.19346186E-44
  126.5  1.19775295E-44
  126.6  1.20205561E-44
  126.7  1.20636984E-44
  126.8  1.21069568E-44
  126.9  1.21503315E-44
  127.  1.21938225E-44
  127.1  1.22374303E-44
  127.2  1.22811549E-44
  127.3  1.23249965E-44
  127.4  1.23689554E-44
  127.5  1.24130318E-44
  127.6  1.2457226E-44
  127.7  1.2501538E-44
  127.8  1.25459681E-44
  127.9  1.25905165E-44
  128.  1.26351835E-44
  128.1  1.26799692E-44
  128.2  1.27248739E-44
  128.3  1.27698977E-44
  128.4  1.28150409E-44
  128.5  1.28603037E-44
  128.6  1.29056863E-44
  128.7  1.29511889E-44
  128.8  1.29968117E-44
  128.9  1.3042555E-44
  129.  1.30884189E-44
  129.1  1.31344036E-44
  129.2  1.31805094E-44
  129.3  1.32267365E-44
  129.4  1.32730851E-44
  129.5  1.33195553E-44
  129.6  1.33661475E-44
  129.7  1.34128618E-44
  129.8  1.34596985E-44
  129.9  1.35066577E-44
  130.  1.35537397E-44
  130.1  1.36009447E-44
  130.2  1.36482729E-44
  130.3  1.36957244E-44
  130.4  1.37432996E-44
  130.5  1.37909987E-44
  130.6  1.38388218E-44
  130.7  1.38867691E-44
  130.8  1.3934841E-44
  130.9  1.39830375E-44
  131.  1.4031359E-44
  131.1  1.40798056E-44
  131.2  1.41283776E-44
  131.3  1.41770751E-44
  131.4  1.42258983E-44
  131.5  1.42748476E-44
  131.6  1.43239231E-44
  131.7  1.4373125E-44
  131.8  1.44224536E-44
  131.9  1.4471909E-44
  132.  1.45214916E-44
  132.1  1.45712014E-44
  132.2  1.46210387E-44
  132.3  1.46710038E-44
  132.4  1.47210968E-44
  132.5  1.47713179E-44
  132.6  1.48216675E-44
  132.7  1.48721457E-44
  132.8  1.49227527E-44
  132.9  1.49734887E-44
  133.  1.5024354E-44
  133.1  1.50753488E-44
  133.2  1.51264733E-44
  133.3  1.51777277E-44
  133.4  1.52291123E-44
  133.5  1.52806272E-44
  133.6  1.53322727E-44
  133.7  1.5384049E-44
  133.8  1.54359564E-44
  133.9  1.54879949E-44
  134.  1.5540165E-44
  134.1  1.55924667E-44
  134.2  1.56449004E-44
  134.3  1.56974661E-44
  134.4  1.57501642E-44
  134.5  1.58029949E-44
  134.6  1.58559584E-44
  134.7  1.59090549E-44
  134.8  1.59622847E-44
  134.9  1.60156479E-44
  135.  1.60691448E-44
  135.1  1.61227756E-44
  135.2  1.61765405E-44
  135.3  1.62304398E-44
  135.4  1.62844737E-44
  135.5  1.63386424E-44
  135.6  1.63929461E-44
  135.7  1.64473851E-44
  135.8  1.65019595E-44
  135.9  1.65566696E-44
  136.  1.66115157E-44
  136.1  1.66664979E-44
  136.2  1.67216165E-44
  136.3  1.67768717E-44
  136.4  1.68322637E-44
  136.5  1.68877928E-44
  136.6  1.69434591E-44
  136.7  1.6999263E-44
  136.8  1.70552046E-44
  136.9  1.71112841E-44
  137.  1.71675018E-44
  137.1  1.7223858E-44
  137.2  1.72803527E-44
  137.3  1.73369864E-44
  137.4  1.73937591E-44
  137.5  1.74506712E-44
  137.6  1.75077227E-44
  137.7  1.75649141E-44
  137.8  1.76222455E-44
  137.9  1.76797171E-44
  138.  1.77373292E-44
  138.1  1.77950819E-44
  138.2  1.78529756E-44
  138.3  1.79110104E-44
  138.4  1.79691866E-44
  138.5  1.80275044E-44
  138.6  1.8085964E-44
  138.7  1.81445657E-44
  138.8  1.82033097E-44
  138.9  1.82621962E-44
  139.  1.83212255E-44
  139.1  1.83803978E-44
  139.2  1.84397132E-44
  139.3  1.84991722E-44
  139.4  1.85587748E-44
  139.5  1.86185213E-44
  139.6  1.86784119E-44
  139.7  1.8738447E-44
  139.8  1.87986266E-44
  139.9  1.88589511E-44
  140.  1.89194206E-44
  140.1  1.89800354E-44
  140.2  1.90407958E-44
  140.3  1.91017019E-44
  140.4  1.91627541E-44
  140.5  1.92239524E-44
  140.6  1.92852973E-44
  140.7  1.93467888E-44
  140.8  1.94084273E-44
  140.9  1.94702129E-44
  141.  1.95321459E-44
  141.1  1.95942266E-44
  141.2  1.96564551E-44
  141.3  1.97188318E-44
  141.4  1.97813568E-44
  141.5  1.98440303E-44
  141.6  1.99068527E-44
  141.7  1.99698241E-44
  141.8  2.00329448E-44
  141.9  2.0096215E-44
  142.  2.01596349E-44
  142.1  2.02232049E-44
  142.2  2.02869251E-44
  142.3  2.03507957E-44
  142.4  2.0414817E-44
  142.5  2.04789893E-44
  142.6  2.05433127E-44
  142.7  2.06077876E-44
  142.8  2.06724141E-44
  142.9  2.07371924E-44
  143.  2.08021229E-44
  143.1  2.08672058E-44
  143.2  2.09324412E-44
  143.3  2.09978295E-44
  143.4  2.10633709E-44
  143.5  2.11290656E-44
  143.6  2.11949138E-44
  143.7  2.12609158E-44
  143.8  2.13270718E-44
  143.9  2.13933822E-44
  144.  2.1459847E-44
  144.1  2.15264666E-44
  144.2  2.15932411E-44
  144.3  2.16601709E-44
  144.4  2.17272562E-44
  144.5  2.17944972E-44
  144.6  2.18618941E-44
  144.7  2.19294472E-44
  144.8  2.19971568E-44
  144.9  2.2065023E-44
  145.  2.21330461E-44
  145.1  2.22012264E-44
  145.2  2.22695641E-44
  145.3  2.23380595E-44
  145.4  2.24067127E-44
  145.5  2.2475524E-44
  145.6  2.25444938E-44
  145.7  2.26136221E-44
  145.8  2.26829093E-44
  145.9  2.27523556E-44
  146.  2.28219612E-44
  146.1  2.28917264E-44
  146.2  2.29616514E-44
  146.3  2.30317365E-44
  146.4  2.3101982E-44
  146.5  2.3172388E-44
  146.6  2.32429548E-44
  146.7  2.33136826E-44
  146.8  2.33845717E-44
  146.9  2.34556224E-44
  147.  2.35268349E-44
  147.1  2.35982094E-44
  147.2  2.36697462E-44
  147.3  2.37414454E-44
  147.4  2.38133075E-44
  147.5  2.38853326E-44
  147.6  2.39575209E-44
  147.7  2.40298728E-44
  147.8  2.41023884E-44
  147.9  2.4175068E-44
  148.  2.42479118E-44
  148.1  2.43209201E-44
  148.2  2.43940932E-44
  148.3  2.44674313E-44
  148.4  2.45409346E-44
  148.5  2.46146034E-44
  148.6  2.46884379E-44
  148.7  2.47624384E-44
  148.8  2.48366052E-44
  148.9  2.49109384E-44
  149.  2.49854384E-44
  149.1  2.50601053E-44
  149.2  2.51349394E-44
  149.3  2.52099411E-44
  149.4  2.52851104E-44
  149.5  2.53604478E-44
  149.6  2.54359533E-44
  149.7  2.55116274E-44
  149.8  2.55874701E-44
  149.9  2.56634819E-44
  150.  2.57396628E-44
  150.1  2.58160133E-44
  150.2  2.58925335E-44
  150.3  2.59692236E-44
  150.4  2.6046084E-44
  150.5  2.61231149E-44
  150.6  2.62003165E-44
  150.7  2.62776891E-44
  150.8  2.6355233E-44
  150.9  2.64329483E-44
  151.  2.65108354E-44
  151.1  2.65888945E-44
  151.2  2.66671258E-44
  151.3  2.67455297E-44
  151.4  2.68241063E-44
  151.5  2.69028559E-44
  151.6  2.69817788E-44
  151.7  2.70608752E-44
  151.8  2.71401454E-44
  151.9  2.72195896E-44
  152.  2.72992081E-44
  152.1  2.73790011E-44
  152.2  2.74589689E-44
  152.3  2.75391118E-44
  152.4  2.76194299E-44
  152.5  2.76999237E-44
  152.6  2.77805932E-44
  152.7  2.78614388E-44
  152.8  2.79424608E-44
  152.9  2.80236593E-44
  153.  2.81050347E-44
  153.1  2.81865871E-44
  153.2  2.82683169E-44
  153.3  2.83502244E-44
  153.4  2.84323096E-44
  153.5  2.85145731E-44
  153.6  2.85970149E-44
  153.7  2.86796353E-44
  153.8  2.87624346E-44
  153.9  2.88454131E-44
  154.  2.8928571E-44
  154.1  2.90119085E-44
  154.2  2.9095426E-44
  154.3  2.91791237E-44
  154.4  2.92630019E-44
  154.5  2.93470607E-44
  154.6  2.94313005E-44
  154.7  2.95157215E-44
  154.8  2.9600324E-44
  154.9  2.96851083E-44
  155.  2.97700746E-44
  155.1  2.98552231E-44
  155.2  2.99405542E-44
  155.3  3.0026068E-44
  155.4  3.01117649E-44
  155.5  3.01976451E-44
  155.6  3.02837089E-44
  155.7  3.03699565E-44
  155.8  3.04563882E-44
  155.9  3.05430042E-44
  156.  3.06298049E-44
  156.1  3.07167904E-44
  156.2  3.08039611E-44
  156.3  3.08913172E-44
  156.4  3.0978859E-44
  156.5  3.10665867E-44
  156.6  3.11545005E-44
  156.7  3.12426009E-44
  156.8  3.13308879E-44
  156.9  3.1419362E-44
  157.  3.15080233E-44
  157.1  3.1596872E-44
  157.2  3.16859086E-44
  157.3  3.17751332E-44
  157.4  3.18645461E-44
  157.5  3.19541476E-44
  157.6  3.20439379E-44
  157.7  3.21339173E-44
  157.8  3.22240861E-44
  157.9  3.23144445E-44
  158.  3.24049928E-44
  158.1  3.24957313E-44
  158.2  3.25866602E-44
  158.3  3.26777798E-44
  158.4  3.27690903E-44
  158.5  3.28605921E-44
  158.6  3.29522853E-44
  158.7  3.30441703E-44
  158.8  3.31362474E-44
  158.9  3.32285167E-44
  159.  3.33209786E-44
  159.1  3.34136334E-44
  159.2  3.35064812E-44
  159.3  3.35995224E-44
  159.4  3.36927572E-44
  159.5  3.3786186E-44
  159.6  3.38798089E-44
  159.7  3.39736262E-44
  159.8  3.40676383E-44
  159.9  3.41618453E-44
  160.  3.42562476E-44
  160.1  3.43508454E-44
  160.2  3.4445639E-44
  160.3  3.45406286E-44
  160.4  3.46358146E-44
  160.5  3.47311971E-44
  160.6  3.48267766E-44
  160.7  3.49225531E-44
  160.8  3.50185271E-44
  160.9  3.51146988E-44
  161.  3.52110684E-44
  161.1  3.53076362E-44
  161.2  3.54044026E-44
  161.3  3.55013677E-44
  161.4  3.55985318E-44
  161.5  3.56958953E-44
  161.6  3.57934583E-44
  161.7  3.58912212E-44
  161.8  3.59891842E-44
  161.9  3.60873476E-44
  162.  3.61857117E-44
  162.1  3.62842767E-44
  162.2  3.6383043E-44
  162.3  3.64820108E-44
  162.4  3.65811803E-44
  162.5  3.66805519E-44
  162.6  3.67801258E-44
  162.7  3.68799022E-44
  162.8  3.69798816E-44
  162.9  3.70800641E-44
  163.  3.718045E-44
  163.1  3.72810396E-44
  163.2  3.73818331E-44
  163.3  3.74828309E-44
  163.4  3.75840332E-44
  163.5  3.76854404E-44
  163.6  3.77870525E-44
  163.7  3.78888701E-44
  163.8  3.79908932E-44
  163.9  3.80931223E-44
  164.  3.81955575E-44
  164.1  3.82981992E-44
  164.2  3.84010476E-44
  164.3  3.8504103E-44
  164.4  3.86073657E-44
  164.5  3.8710836E-44
  164.6  3.88145141E-44
  164.7  3.89184003E-44
  164.8  3.9022495E-44
  164.9  3.91267983E-44
  165.  3.92313105E-44
  165.1  3.9336032E-44
  165.2  3.9440963E-44
  165.3  3.95461038E-44
  165.4  3.96514547E-44
  165.5  3.97570159E-44
  165.6  3.98627878E-44
  165.7  3.99687705E-44
  165.8  4.00749645E-44
  165.9  4.01813699E-44
  166.  4.02879871E-44
  166.1  4.03948163E-44
  166.2  4.05018578E-44
  166.3  4.06091119E-44
  166.4  4.07165789E-44
  166.5  4.08242591E-44
  166.6  4.09321526E-44
  166.7  4.104026E-44
  166.8  4.11485813E-44
  166.9  4.12571169E-44
  167.  4.1365867E-44
  167.1  4.1474832E-44
  167.2  4.15840122E-44
  167.3  4.16934078E-44
  167.4  4.1803019E-44
  167.5  4.19128463E-44
  167.6  4.20228898E-44
  167.7  4.21331499E-44
  167.8  4.22436268E-44
  167.9  4.23543208E-44
  168.  4.24652322E-44
  168.1  4.25763613E-44
  168.2  4.26877084E-44
  168.3  4.27992737E-44
  168.4  4.29110576E-44
  168.5  4.30230603E-44
  168.6  4.31352821E-44
  168.7  4.32477233E-44
  168.8  4.33603842E-44
  168.9  4.34732651E-44
  169.  4.35863662E-44
  169.1  4.36996878E-44
  169.2  4.38132303E-44
  169.3  4.39269939E-44
  169.4  4.40409789E-44
  169.5  4.41551856E-44
  169.6  4.42696143E-44
  169.7  4.43842652E-44
  169.8  4.44991387E-44
  169.9  4.4614235E-44
  170.  4.47295545E-44
