  0.1  0.
  0.2  0.
  0.3  0.
  0.4  0.
  0.5  0.
  0.6  0.
  0.7  0.
  0.8  0.
  0.9  0.
  1.  0.
  1.1  0.
  1.2  0.
  1.3  0.
  1.4  0.
  1.5  0.
  1.6  0.
  1.7  0.
  1.8  0.
  1.9  0.
  2.  0.
  2.1  0.
  2.2  0.
  2.3  0.
  2.4  0.
  2.5  0.
  2.6  0.
  2.7  0.
  2.8  0.
  2.9  0.
  3.  0.
  3.1  0.
  3.2  0.
  3.3  0.
  3.4  0.
  3.5  0.
  3.6  0.
  3.7  0.
  3.8  0.
  3.9  0.
  4.  0.
  4.1  1.08574602E-61
  4.2  1.132E-49
  4.3  2.70460834E-49
  4.4  4.621E-49
  4.5  7.04973486E-49
  4.6  1.025E-48
  4.7  1.38436637E-48
  4.8  1.811E-48
  4.9  2.2901975E-48
  5.  2.836E-48
  5.1  3.4398965E-48
  5.2  4.111E-48
  5.3  4.84458413E-48
  5.4  5.647E-48
  5.5  6.51472452E-48
  5.6  7.453E-48
  5.7  8.45975842E-48
  5.8  9.537E-48
  5.9  1.06819713E-47
  6.  1.19E-47
  6.1  1.31914573E-47
  6.2  1.456E-47
  6.3  1.60032915E-47
  6.4  1.752E-47
  6.5  1.91074588E-47
  6.6  2.077E-47
  6.7  2.25100587E-47
  6.8  2.433E-47
  6.9  2.62272498E-47
  7.  2.82E-47
  7.1  3.02460385E-47
  7.2  3.237E-47
  7.3  3.45747804E-47
  7.4  3.686E-47
  7.5  3.9221733E-47
  7.6  4.166E-47
  7.7  4.41756704E-47
  7.8  4.677E-47
  7.9  4.9443337E-47
  8.  5.22E-47
  8.1  5.50398542E-47
  8.2  5.796E-47
  8.3  6.09561861E-47
  8.4  6.403E-47
  8.5  6.7184532E-47
  8.6  7.042E-47
  8.7  7.37351694E-47
  8.8  7.713E-47
  8.9  8.06037024E-47
  9.  8.416E-47
  9.1  8.78004716E-47
  9.2  9.152E-47
  9.3  9.5313531E-47
  9.4  9.919E-47
  9.5  1.0315817E-46
  9.6  1.072E-46
  9.7  1.11303072E-46
  9.8  1.155E-46
  9.9  1.19813956E-46
  10.  1.242E-46
  10.1  1.28614341E-46
  10.2  1.331E-46
  10.3  1.37700366E-46
  10.4  1.424E-46
  10.5  1.4716984E-46
  10.6  1.52E-46
  10.7  1.56902582E-46
  10.8  1.619E-46
  10.9  1.67002472E-46
  11.  1.722E-46
  11.1  1.77466496E-46
  11.2  1.828E-46
  11.3  1.88212419E-46
  11.4  1.937E-46
  11.5  1.99262425E-46
  11.6  2.049E-46
  11.7  2.1061578E-46
  11.8  2.164E-46
  11.9  2.22252584E-46
  12.  2.282E-46
  12.1  2.34252495E-46
  12.2  2.404E-46
  12.3  2.46616454E-46
  12.4  2.529E-46
  12.5  2.59262441E-46
  12.6  2.657E-46
  12.7  2.72208362E-46
  12.8  2.788E-46
  12.9  2.85464986E-46
  13.  2.922E-46
  13.1  2.99022624E-46
  13.2  3.05932545E-46
  13.3  3.12931081E-46
  13.4  3.20019695E-46
  13.5  3.272E-46
  13.6  3.34454955E-46
  13.7  3.41768565E-46
  13.8  3.49144467E-46
  13.9  3.56586756E-46
  14.  3.641E-46
  14.1  3.71695685E-46
  14.2  3.79378816E-46
  14.3  3.87144302E-46
  14.4  3.9498666E-46
  14.5  4.029E-46
  14.6  4.10894043E-46
  14.7  4.18978272E-46
  14.8  4.27145745E-46
  14.9  4.35388991E-46
  15.  4.437E-46
  15.1  4.52084767E-46
  15.2  4.60551956E-46
  15.3  4.69096918E-46
  15.4  4.77714692E-46
  15.5  4.864E-46
  15.6  4.95160843E-46
  15.7  5.04005996E-46
  15.8  5.1293088E-46
  15.9  5.21930611E-46
  16.  5.31E-46
  16.1  5.40147163E-46
  16.2  5.49378847E-46
  16.3  5.58687206E-46
  16.4  5.68063882E-46
  16.5  5.775E-46
  16.6  5.87003424E-46
  16.7  5.9658702E-46
  16.8  6.0624895E-46
  16.9  6.15987284E-46
  17.  6.258E-46
  17.1  6.356961E-46
  17.2  6.45681467E-46
  17.3  6.55749002E-46
  17.4  6.65891171E-46
  17.5  6.761E-46
  17.6  6.8637732E-46
  17.7  6.96728758E-46
  17.8  7.071516E-46
  17.9  7.17643005E-46
  18.  7.282E-46
  18.1  7.38831061E-46
  18.2  7.49542826E-46
  18.3  7.60329225E-46
  18.4  7.7118386E-46
  18.5  7.821E-46
  18.6  7.93085261E-46
  18.7  8.04150365E-46
  18.8  8.15292896E-46
  18.9  8.26510324E-46
  19.  8.378E-46
  19.1  8.49170036E-46
  19.2  8.60624481E-46
  19.3  8.72154148E-46
  19.4  8.83749372E-46
  19.5  8.954E-46
  19.6  9.07110927E-46
  19.7  9.18894947E-46
  19.8  9.30753455E-46
  19.9  9.42687943E-46
  20.  9.547E-46
  20.1  9.66793567E-46
  20.2  9.78971041E-46
  20.3  9.91231744E-46
  20.4  1.00357497E-45
  20.5  1.016E-45
  20.6  1.02851811E-45
  20.7  1.04111642E-45
  20.8  1.0537566E-45
  20.9  1.06639846E-45
  21.  1.079E-45
  21.1  1.09160433E-45
  21.2  1.10429239E-45
  21.3  1.11707796E-45
  21.4  1.12997547E-45
  21.5  1.143E-45
  21.6  1.15617028E-45
  21.7  1.16947953E-45
  21.8  1.18290421E-45
  21.9  1.19641964E-45
  22.  1.21E-45
  22.1  1.22357338E-45
  22.2  1.23711438E-45
  22.3  1.25066765E-45
  22.4  1.26427991E-45
  22.5  1.278E-45
  22.6  1.29186733E-45
  22.7  1.30585414E-45
  22.8  1.31990842E-45
  22.9  1.33397588E-45
  23.  1.348E-45
  23.1  1.36201458E-45
  23.2  1.37610373E-45
  23.3  1.39028523E-45
  23.4  1.40457757E-45
  23.5  1.419E-45
  23.6  1.43357034E-45
  23.7  1.4482786E-45
  23.8  1.46310217E-45
  23.9  1.47801749E-45
  24.  1.493E-45
  24.1  1.50797217E-45
  24.2  1.52290623E-45
  24.3  1.53785315E-45
  24.4  1.55286601E-45
  24.5  1.568E-45
  24.6  1.58325826E-45
  24.7  1.59859878E-45
  24.8  1.61401039E-45
  24.9  1.62948148E-45
  25.  1.645E-45
  25.1  1.66055582E-45
  25.2  1.67615049E-45
  25.3  1.69178937E-45
  25.4  1.70747805E-45
  25.5  1.72322238E-45
  25.6  1.73902842E-45
  25.7  1.75490251E-45
  25.8  1.77085122E-45
  25.9  1.78688136E-45
  26.  1.803E-45
  26.1  1.81920395E-45
  26.2  1.83548302E-45
  26.3  1.8518339E-45
  26.4  1.86825319E-45
  26.5  1.88473735E-45
  26.6  1.90128275E-45
  26.7  1.91788563E-45
  26.8  1.93454214E-45
  26.9  1.9512483E-45
  27.  1.968E-45
  27.1  1.98480587E-45
  27.2  2.00167726E-45
  27.3  2.01861409E-45
  27.4  2.0356163E-45
  27.5  2.05268384E-45
  27.6  2.06981664E-45
  27.7  2.08701468E-45
  27.8  2.10427793E-45
  27.9  2.12160637E-45
  28.  2.139E-45
  28.1  2.15646966E-45
  28.2  2.17402367E-45
  28.3  2.19165816E-45
  28.4  2.20936911E-45
  28.5  2.2271524E-45
  28.6  2.24500375E-45
  28.7  2.26291877E-45
  28.8  2.28089295E-45
  28.9  2.29892162E-45
  29.  2.317E-45
  29.1  2.33513552E-45
  29.2  2.35333717E-45
  29.3  2.3716023E-45
  29.4  2.38992824E-45
  29.5  2.40831219E-45
  29.6  2.42675131E-45
  29.7  2.44524269E-45
  29.8  2.46378332E-45
  29.9  2.48237014E-45
  30.  2.501E-45
  30.1  2.51968529E-45
  30.2  2.53844052E-45
  30.3  2.55726567E-45
  30.4  2.57616075E-45
  30.5  2.59512575E-45
  30.6  2.61416068E-45
  30.7  2.63326555E-45
  30.8  2.65244038E-45
  30.9  2.67168518E-45
  31.  2.691E-45
  31.1  2.71039291E-45
  31.2  2.72986859E-45
  31.3  2.74942185E-45
  31.4  2.76904736E-45
  31.5  2.78873964E-45
  31.6  2.80849305E-45
  31.7  2.82830181E-45
  31.8  2.84815998E-45
  31.9  2.86806146E-45
  32.  2.888E-45
  32.1  2.90797864E-45
  32.2  2.92800498E-45
  32.3  2.94807952E-45
  32.4  2.96820281E-45
  32.5  2.98837542E-45
  32.6  3.00859793E-45
  32.7  3.02887098E-45
  32.8  3.04919521E-45
  32.9  3.06957131E-45
  33.  3.09E-45
  33.1  3.11049514E-45
  33.2  3.13106783E-45
  33.3  3.15171455E-45
  33.4  3.1724317E-45
  33.5  3.19321558E-45
  33.6  3.2140624E-45
  33.7  3.23496828E-45
  33.8  3.25592923E-45
  33.9  3.2769412E-45
  34.  3.298E-45
  34.1  3.31911592E-45
  34.2  3.34030072E-45
  34.3  3.36155232E-45
  34.4  3.3828686E-45
  34.5  3.40424741E-45
  34.6  3.42568653E-45
  34.7  3.44718368E-45
  34.8  3.46873657E-45
  34.9  3.49034281E-45
  35.  3.512E-45
  35.1  3.53371478E-45
  35.2  3.55549496E-45
  35.3  3.5773398E-45
  35.4  3.59924857E-45
  35.5  3.62122049E-45
  35.6  3.6432548E-45
  35.7  3.66535072E-45
  35.8  3.68750743E-45
  35.9  3.70972414E-45
  36.  3.732E-45
  36.1  3.75434019E-45
  36.2  3.77674809E-45
  36.3  3.7992201E-45
  36.4  3.82175254E-45
  36.5  3.84434165E-45
  36.6  3.86698361E-45
  36.7  3.88967447E-45
  36.8  3.91241023E-45
  36.9  3.9351868E-45
  37.  3.958E-45
  37.1  3.98085601E-45
  37.2  4.0037643E-45
  37.3  4.02672554E-45
  37.4  4.04974046E-45
  37.5  4.07280979E-45
  37.6  4.09593429E-45
  37.7  4.11911474E-45
  37.8  4.14235195E-45
  37.9  4.16564675E-45
  38.  4.189E-45
  38.1  4.21242178E-45
  38.2  4.23591849E-45
  38.3  4.25948539E-45
  38.4  4.28311767E-45
  38.5  4.30681037E-45
  38.6  4.33055846E-45
  38.7  4.35435678E-45
  38.8  4.37820007E-45
  38.9  4.40208297E-45
  39.  4.426E-45
  39.1  4.4499576E-45
  39.2  4.47396652E-45
  39.3  4.49802766E-45
  39.4  4.52214196E-45
  39.5  4.54631038E-45
  39.6  4.57053392E-45
  39.7  4.5948136E-45
  39.8  4.61915045E-45
  39.9  4.64354555E-45
  40.  4.668E-45
  40.1  4.69252084E-45
  40.2  4.71711231E-45
  40.3  4.74177131E-45
  40.4  4.76649466E-45
  40.5  4.79127912E-45
  40.6  4.81612137E-45
  40.7  4.84101806E-45
  40.8  4.86596574E-45
  40.9  4.89096091E-45
  41.  4.916E-45
  41.1  4.94108449E-45
  41.2  4.96621799E-45
  41.3  4.99140008E-45
  41.4  5.01663035E-45
  41.5  5.04190838E-45
  41.6  5.06723374E-45
  41.7  5.09260601E-45
  41.8  5.11802476E-45
  41.9  5.14348957E-45
  42.  5.169E-45
  42.1  5.19456264E-45
  42.2  5.22018313E-45
  42.3  5.24585963E-45
  42.4  5.27159023E-45
  42.5  5.29737302E-45
  42.6  5.32320603E-45
  42.7  5.34908728E-45
  42.8  5.37501473E-45
  42.9  5.40098634E-45
  43.  5.427E-45
  43.1  5.45306329E-45
  43.2  5.47918404E-45
  43.3  5.50536047E-45
  43.4  5.5315908E-45
  43.5  5.55787319E-45
  43.6  5.58420578E-45
  43.7  5.6105867E-45
  43.8  5.63701401E-45
  43.9  5.66348577E-45
  44.  5.69E-45
  44.1  5.71656612E-45
  44.2  5.74319282E-45
  44.3  5.76987698E-45
  44.4  5.7966154E-45
  44.5  5.82340485E-45
  44.6  5.85024203E-45
  44.7  5.87712357E-45
  44.8  5.90404607E-45
  44.9  5.93100605E-45
  45.  5.958E-45
  45.1  5.98503573E-45
  45.2  6.01212474E-45
  45.3  6.039269E-45
  45.4  6.06647054E-45
  45.5  6.09373139E-45
  45.6  6.12105365E-45
  45.7  6.14843945E-45
  45.8  6.17589097E-45
  45.9  6.2034104E-45
  46.  6.231E-45
  46.1  6.2586653E-45
  46.2  6.28640498E-45
  46.3  6.31421097E-45
  46.4  6.34207502E-45
  46.5  6.36998879E-45
  46.6  6.39794373E-45
  46.7  6.42593121E-45
  46.8  6.4539424E-45
  46.9  6.48196837E-45
  47.  6.51E-45
  47.1  6.53803945E-45
  47.2  6.56609878E-45
  47.3  6.59418372E-45
  47.4  6.62230012E-45
  47.5  6.65045393E-45
  47.6  6.67865121E-45
  47.7  6.70689813E-45
  47.8  6.73520096E-45
  47.9  6.76356608E-45
  48.  6.792E-45
  48.1  6.82051322E-45
  48.2  6.84910767E-45
  48.3  6.87777698E-45
  48.4  6.90651466E-45
  48.5  6.93531414E-45
  48.6  6.96416871E-45
  48.7  6.99307155E-45
  48.8  7.02201575E-45
  48.9  7.05099428E-45
  49.  7.08E-45
  49.1  7.10903052E-45
  49.2  7.13809028E-45
  49.3  7.16718235E-45
  49.4  7.19630984E-45
  49.5  7.22547591E-45
  49.6  7.25468379E-45
  49.7  7.28393678E-45
  49.8  7.3132382E-45
  49.9  7.34259145E-45
  50.  7.372E-45
  50.1  7.40146797E-45
  50.2  7.43099528E-45
  50.3  7.46057911E-45
  50.4  7.49021655E-45
  50.5  7.51990468E-45
  50.6  7.54964053E-45
  50.7  7.57942107E-45
  50.8  7.60924324E-45
  50.9  7.63910394E-45
  51.  7.669E-45
  51.1  7.69893381E-45
  51.2  7.72890883E-45
  51.3  7.75892349E-45
  51.4  7.7889762E-45
  51.5  7.81906536E-45
  51.6  7.84918933E-45
  51.7  7.87934647E-45
  51.8  7.90953509E-45
  51.9  7.9397535E-45
  52.  7.97E-45
  52.1  8.00028406E-45
  52.2  8.03061628E-45
  52.3  8.06099659E-45
  52.4  8.09142492E-45
  52.5  8.12190122E-45
  52.6  8.15242541E-45
  52.7  8.18299744E-45
  52.8  8.21361726E-45
  52.9  8.24428479E-45
  53.  8.275E-45
  53.1  8.30575424E-45
  53.2  8.3365436E-45
  53.3  8.3673752E-45
  53.4  8.39825626E-45
  53.5  8.42919413E-45
  53.6  8.46019624E-45
  53.7  8.49127017E-45
  53.8  8.52242356E-45
  53.9  8.55366421E-45
  54.  8.585E-45
  54.1  8.61637453E-45
  54.2  8.64773163E-45
  54.3  8.67907972E-45
  54.4  8.71042737E-45
  54.5  8.74178326E-45
  54.6  8.77315622E-45
  54.7  8.80455521E-45
  54.8  8.83598933E-45
  54.9  8.86746781E-45
  55.  8.899E-45
  55.1  8.9305814E-45
  55.2  8.96220132E-45
  55.3  8.99385991E-45
  55.4  9.02555737E-45
  55.5  9.05729388E-45
  55.6  9.08906962E-45
  55.7  9.1208848E-45
  55.8  9.15273962E-45
  55.9  9.18463428E-45
  56.  9.216569E-45
  56.1  9.24854401E-45
  56.2  9.28055951E-45
  56.3  9.31261575E-45
  56.4  9.34471297E-45
  56.5  9.3768514E-45
  56.6  9.40903129E-45
  56.7  9.44125291E-45
  56.8  9.4735165E-45
  56.9  9.50582234E-45
  57.  9.5381707E-45
  57.1  9.57056186E-45
  57.2  9.6029961E-45
  57.3  9.63547371E-45
  57.4  9.667995E-45
  57.5  9.70056026E-45
  57.6  9.7331698E-45
  57.7  9.76582394E-45
  57.8  9.798523E-45
  57.9  9.83126732E-45
  58.  9.86405721E-45
  58.1  9.89689303E-45
  58.2  9.92977512E-45
  58.3  9.96270384E-45
  58.4  9.99567955E-45
  58.5  1.00287026E-44
  58.6  1.00617734E-44
  58.7  1.00948923E-44
  58.8  1.01280596E-44
  58.9  1.01612759E-44
  59.  1.01945414E-44
  59.1  1.02278567E-44
  59.2  1.0261222E-44
  59.3  1.02946379E-44
  59.4  1.03281046E-44
  59.5  1.03616228E-44
  59.6  1.03951928E-44
  59.7  1.04288151E-44
  59.8  1.046249E-44
  59.9  1.04962182E-44
  60.  1.053E-44
  60.1  1.05638182E-44
  60.2  1.05976554E-44
  60.3  1.06315119E-44
  60.4  1.06653878E-44
  60.5  1.06992833E-44
  60.6  1.07331987E-44
  60.7  1.07671343E-44
  60.8  1.08010903E-44
  60.9  1.08350668E-44
  61.  1.08690643E-44
  61.1  1.09030829E-44
  61.2  1.0937123E-44
  61.3  1.09711848E-44
  61.4  1.10052686E-44
  61.5  1.10393747E-44
  61.6  1.10735033E-44
  61.7  1.1107655E-44
  61.8  1.11418298E-44
  61.9  1.11760282E-44
  62.  1.12102505E-44
  62.1  1.12444971E-44
  62.2  1.12787682E-44
  62.3  1.13130643E-44
  62.4  1.13473857E-44
  62.5  1.13817327E-44
  62.6  1.14161058E-44
  62.7  1.14505054E-44
  62.8  1.14849318E-44
  62.9  1.15193855E-44
  63.  1.15538668E-44
  63.1  1.15883761E-44
  63.2  1.1622914E-44
  63.3  1.16574808E-44
  63.4  1.1692077E-44
  63.5  1.17267029E-44
  63.6  1.17613592E-44
  63.7  1.17960462E-44
  63.8  1.18307644E-44
  63.9  1.18655143E-44
  64.  1.19002964E-44
  64.1  1.19351111E-44
  64.2  1.1969959E-44
  64.3  1.20048406E-44
  64.4  1.20397565E-44
  64.5  1.2074707E-44
  64.6  1.21096929E-44
  64.7  1.21447145E-44
  64.8  1.21797726E-44
  64.9  1.22148675E-44
  65.  1.225E-44
  65.1  1.22851807E-44
  65.2  1.23204193E-44
  65.3  1.23557149E-44
  65.4  1.23910666E-44
  65.5  1.24264736E-44
  65.6  1.24619348E-44
  65.7  1.24974494E-44
  65.8  1.25330163E-44
  65.9  1.25686347E-44
  66.  1.26043036E-44
  66.1  1.26400219E-44
  66.2  1.26757888E-44
  66.3  1.27116031E-44
  66.4  1.27474639E-44
  66.5  1.27833702E-44
  66.6  1.28193209E-44
  66.7  1.2855315E-44
  66.8  1.28913514E-44
  66.9  1.29274291E-44
  67.  1.2963547E-44
  67.1  1.2999704E-44
  67.2  1.3035899E-44
  67.3  1.3072131E-44
  67.4  1.31083987E-44
  67.5  1.3144701E-44
  67.6  1.31810369E-44
  67.7  1.32174052E-44
  67.8  1.32538047E-44
  67.9  1.32902342E-44
  68.  1.33266926E-44
  68.1  1.33631786E-44
  68.2  1.33996911E-44
  68.3  1.34362288E-44
  68.4  1.34727905E-44
  68.5  1.3509375E-44
  68.6  1.35459811E-44
  68.7  1.35826073E-44
  68.8  1.36192526E-44
  68.9  1.36559156E-44
  69.  1.36925951E-44
  69.1  1.37292896E-44
  69.2  1.37659979E-44
  69.3  1.38027188E-44
  69.4  1.38394507E-44
  69.5  1.38761924E-44
  69.6  1.39129426E-44
  69.7  1.39496998E-44
  69.8  1.39864627E-44
  69.9  1.40232299E-44
  70.  1.406E-44
  70.1  1.40967919E-44
  70.2  1.41336253E-44
  70.3  1.41704996E-44
  70.4  1.42074144E-44
  70.5  1.42443692E-44
  70.6  1.42813634E-44
  70.7  1.43183967E-44
  70.8  1.43554685E-44
  70.9  1.43925783E-44
  71.  1.44297255E-44
  71.1  1.44669098E-44
  71.2  1.45041305E-44
  71.3  1.45413871E-44
  71.4  1.45786791E-44
  71.5  1.4616006E-44
  71.6  1.46533673E-44
  71.7  1.46907624E-44
  71.8  1.47281907E-44
  71.9  1.47656518E-44
  72.  1.48031451E-44
  72.1  1.48406699E-44
  72.2  1.48782259E-44
  72.3  1.49158123E-44
  72.4  1.49534286E-44
  72.5  1.49910743E-44
  72.6  1.50287488E-44
  72.7  1.50664515E-44
  72.8  1.51041818E-44
  72.9  1.51419392E-44
  73.  1.51797229E-44
  73.1  1.52175325E-44
  73.2  1.52553674E-44
  73.3  1.52932269E-44
  73.4  1.53311104E-44
  73.5  1.53690173E-44
  73.6  1.54069471E-44
  73.7  1.54448989E-44
  73.8  1.54828724E-44
  73.9  1.55208667E-44
  74.  1.55588813E-44
  74.1  1.55969156E-44
  74.2  1.56349689E-44
  74.3  1.56730405E-44
  74.4  1.57111297E-44
  74.5  1.57492361E-44
  74.6  1.57873588E-44
  74.7  1.58254972E-44
  74.8  1.58636507E-44
  74.9  1.59018185E-44
  75.  1.594E-44
  75.1  1.59782126E-44
  75.2  1.60164734E-44
  75.3  1.60547816E-44
  75.4  1.60931362E-44
  75.5  1.61315364E-44
  75.6  1.61699811E-44
  75.7  1.62084695E-44
  75.8  1.62470006E-44
  75.9  1.62855734E-44
  76.  1.6324187E-44
  76.1  1.63628404E-44
  76.2  1.64015326E-44
  76.3  1.64402626E-44
  76.4  1.64790294E-44
  76.5  1.65178321E-44
  76.6  1.65566696E-44
  76.7  1.65955408E-44
  76.8  1.66344447E-44
  76.9  1.66733804E-44
  77.  1.67123467E-44
  77.1  1.67513425E-44
  77.2  1.67903669E-44
  77.3  1.68294187E-44
  77.4  1.68684968E-44
  77.5  1.69076002E-44
  77.6  1.69467277E-44
  77.7  1.69858782E-44
  77.8  1.70250506E-44
  77.9  1.70642438E-44
  78.  1.71034567E-44
  78.1  1.7142688E-44
  78.2  1.71819366E-44
  78.3  1.72212014E-44
  78.4  1.72604811E-44
  78.5  1.72997747E-44
  78.6  1.73390808E-44
  78.7  1.73783984E-44
  78.8  1.74177261E-44
  78.9  1.74570628E-44
  79.  1.74964072E-44
  79.1  1.75357581E-44
  79.2  1.75751143E-44
  79.3  1.76144744E-44
  79.4  1.76538373E-44
  79.5  1.76932017E-44
  79.6  1.77325662E-44
  79.7  1.77719296E-44
  79.8  1.78112905E-44
  79.9  1.78506478E-44
  80.  1.789E-44
  80.1  1.79293654E-44
  80.2  1.79687628E-44
  80.3  1.80081918E-44
  80.4  1.80476522E-44
  80.5  1.80871436E-44
  80.6  1.81266655E-44
  80.7  1.81662177E-44
  80.8  1.82057997E-44
  80.9  1.82454112E-44
  81.  1.82850518E-44
  81.1  1.83247212E-44
  81.2  1.8364419E-44
  81.3  1.84041447E-44
  81.4  1.8443898E-44
  81.5  1.84836786E-44
  81.6  1.8523486E-44
  81.7  1.85633199E-44
  81.8  1.86031798E-44
  81.9  1.86430654E-44
  82.  1.86829762E-44
  82.1  1.8722912E-44
  82.2  1.87628722E-44
  82.3  1.88028565E-44
  82.4  1.88428645E-44
  82.5  1.88828957E-44
  82.6  1.89229498E-44
  82.7  1.89630263E-44
  82.8  1.90031249E-44
  82.9  1.9043245E-44
  83.  1.90833864E-44
  83.1  1.91235486E-44
  83.2  1.9163731E-44
  83.3  1.92039335E-44
  83.4  1.92441554E-44
  83.5  1.92843964E-44
  83.6  1.9324656E-44
  83.7  1.93649338E-44
  83.8  1.94052294E-44
  83.9  1.94455424E-44
  84.  1.94858722E-44
  84.1  1.95262184E-44
  84.2  1.95665807E-44
  84.3  1.96069584E-44
  84.4  1.96473513E-44
  84.5  1.96877588E-44
  84.6  1.97281805E-44
  84.7  1.9768616E-44
  84.8  1.98090647E-44
  84.9  1.98495262E-44
  85.  1.989E-44
  85.1  1.99305003E-44
  85.2  1.99710411E-44
  85.3  2.00116217E-44
  85.4  2.00522414E-44
  85.5  2.00928995E-44
  85.6  2.01335954E-44
  85.7  2.01743283E-44
  85.8  2.02150974E-44
  85.9  2.02559022E-44
  86.  2.02967419E-44
  86.1  2.03376157E-44
  86.2  2.03785229E-44
  86.3  2.04194628E-44
  86.4  2.04604346E-44
  86.5  2.05014377E-44
  86.6  2.05424712E-44
  86.7  2.05835343E-44
  86.8  2.06246264E-44
  86.9  2.06657467E-44
  87.  2.07068944E-44
  87.1  2.07480686E-44
  87.2  2.07892687E-44
  87.3  2.08304938E-44
  87.4  2.08717432E-44
  87.5  2.0913016E-44
  87.6  2.09543114E-44
  87.7  2.09956286E-44
  87.8  2.10369669E-44
  87.9  2.10783253E-44
  88.  2.11197031E-44
  88.1  2.11610994E-44
  88.2  2.12025134E-44
  88.3  2.12439443E-44
  88.4  2.12853911E-44
  88.5  2.1326853E-44
  88.6  2.13683293E-44
  88.7  2.14098189E-44
  88.8  2.14513211E-44
  88.9  2.14928349E-44
  89.  2.15343595E-44
  89.1  2.1575894E-44
  89.2  2.16174375E-44
  89.3  2.1658989E-44
  89.4  2.17005478E-44
  89.5  2.17421128E-44
  89.6  2.17836833E-44
  89.7  2.18252581E-44
  89.8  2.18668365E-44
  89.9  2.19084174E-44
  90.  2.195E-44
  90.1  2.19915965E-44
  90.2  2.20332196E-44
  90.3  2.20748686E-44
  90.4  2.21165429E-44
  90.5  2.2158242E-44
  90.6  2.21999652E-44
  90.7  2.2241712E-44
  90.8  2.22834817E-44
  90.9  2.23252738E-44
  91.  2.23670876E-44
  91.1  2.24089226E-44
  91.2  2.2450778E-44
  91.3  2.24926534E-44
  91.4  2.2534548E-44
  91.5  2.25764612E-44
  91.6  2.26183924E-44
  91.7  2.26603411E-44
  91.8  2.27023064E-44
  91.9  2.27442878E-44
  92.  2.27862847E-44
  92.1  2.28282963E-44
  92.2  2.28703221E-44
  92.3  2.29123613E-44
  92.4  2.29544133E-44
  92.5  2.29964775E-44
  92.6  2.30385532E-44
  92.7  2.30806396E-44
  92.8  2.31227362E-44
  92.9  2.31648422E-44
  93.  2.3206957E-44
  93.1  2.32490798E-44
  93.2  2.32912099E-44
  93.3  2.33333468E-44
  93.4  2.33754896E-44
  93.5  2.34176377E-44
  93.6  2.34597904E-44
  93.7  2.35019469E-44
  93.8  2.35441065E-44
  93.9  2.35862685E-44
  94.  2.36284322E-44
  94.1  2.36705969E-44
  94.2  2.37127618E-44
  94.3  2.37549261E-44
  94.4  2.37970893E-44
  94.5  2.38392504E-44
  94.6  2.38814088E-44
  94.7  2.39235637E-44
  94.8  2.39657144E-44
  94.9  2.40078601E-44
  95.  2.405E-44
  95.1  2.40921496E-44
  95.2  2.41343245E-44
  95.3  2.41765244E-44
  95.4  2.42187488E-44
  95.5  2.42609973E-44
  95.6  2.43032695E-44
  95.7  2.4345565E-44
  95.8  2.43878834E-44
  95.9  2.44302243E-44
  96.  2.44725871E-44
  96.1  2.45149715E-44
  96.2  2.45573772E-44
  96.3  2.45998035E-44
  96.4  2.46422502E-44
  96.5  2.46847167E-44
  96.6  2.47272026E-44
  96.7  2.47697076E-44
  96.8  2.4812231E-44
  96.9  2.48547726E-44
  97.  2.48973319E-44
  97.1  2.49399083E-44
  97.2  2.49825015E-44
  97.3  2.5025111E-44
  97.4  2.50677363E-44
  97.5  2.5110377E-44
  97.6  2.51530326E-44
  97.7  2.51957027E-44
  97.8  2.52383868E-44
  97.9  2.52810844E-44
  98.  2.5323795E-44
  98.1  2.53665182E-44
  98.2  2.54092535E-44
  98.3  2.54520004E-44
  98.4  2.54947584E-44
  98.5  2.55375271E-44
  98.6  2.5580306E-44
  98.7  2.56230945E-44
  98.8  2.56658923E-44
  98.9  2.57086987E-44
  99.  2.57515133E-44
  99.1  2.57943357E-44
  99.2  2.58371652E-44
  99.3  2.58800014E-44
  99.4  2.59228439E-44
  99.5  2.5965692E-44
  99.6  2.60085453E-44
  99.7  2.60514033E-44
  99.8  2.60942654E-44
  99.9  2.61371311E-44
  100.  2.618E-44
  100.1  2.62228864E-44
  100.2  2.62658047E-44
  100.3  2.63087542E-44
  100.4  2.63517344E-44
  100.5  2.63947445E-44
  100.6  2.64377839E-44
  100.7  2.6480852E-44
  100.8  2.65239481E-44
  100.9  2.65670716E-44
  101.  2.66102217E-44
  101.1  2.66533979E-44
  101.2  2.66965994E-44
  101.3  2.67398256E-44
  101.4  2.67830757E-44
  101.5  2.68263492E-44
  101.6  2.68696453E-44
  101.7  2.69129634E-44
  101.8  2.69563027E-44
  101.9  2.69996625E-44
  102.  2.70430421E-44
  102.1  2.70864409E-44
  102.2  2.71298581E-44
  102.3  2.7173293E-44
  102.4  2.72167448E-44
  102.5  2.7260213E-44
  102.6  2.73036966E-44
  102.7  2.73471951E-44
  102.8  2.73907076E-44
  102.9  2.74342334E-44
  103.  2.74777718E-44
  103.1  2.7521322E-44
  103.2  2.75648834E-44
  103.3  2.7608455E-44
  103.4  2.76520362E-44
  103.5  2.76956262E-44
  103.6  2.77392242E-44
  103.7  2.77828295E-44
  103.8  2.78264413E-44
  103.9  2.78700588E-44
  104.  2.79136812E-44
  104.1  2.79573077E-44
  104.2  2.80009375E-44
  104.3  2.80445699E-44
  104.4  2.8088204E-44
  104.5  2.81318391E-44
  104.6  2.81754743E-44
  104.7  2.82191088E-44
  104.8  2.82627418E-44
  104.9  2.83063725E-44
  105.  2.835E-44
  105.1  2.83936349E-44
  105.2  2.84372883E-44
  105.3  2.84809598E-44
  105.4  2.85246492E-44
  105.5  2.85683565E-44
  105.6  2.86120813E-44
  105.7  2.86558234E-44
  105.8  2.86995826E-44
  105.9  2.87433588E-44
  106.  2.87871516E-44
  106.1  2.8830961E-44
  106.2  2.88747866E-44
  106.3  2.89186283E-44
  106.4  2.89624858E-44
  106.5  2.90063589E-44
  106.6  2.90502474E-44
  106.7  2.9094151E-44
  106.8  2.91380697E-44
  106.9  2.91820031E-44
  107.  2.92259509E-44
  107.1  2.92699131E-44
  107.2  2.93138894E-44
  107.3  2.93578794E-44
  107.4  2.94018831E-44
  107.5  2.94459002E-44
  107.6  2.94899305E-44
  107.7  2.95339736E-44
  107.8  2.95780295E-44
  107.9  2.96220979E-44
  108.  2.96661785E-44
  108.1  2.97102711E-44
  108.2  2.97543755E-44
  108.3  2.97984914E-44
  108.4  2.98426187E-44
  108.5  2.98867571E-44
  108.6  2.99309062E-44
  108.7  2.9975066E-44
  108.8  3.00192362E-44
  108.9  3.00634165E-44
  109.  3.01076067E-44
  109.1  3.01518066E-44
  109.2  3.01960159E-44
  109.3  3.02402343E-44
  109.4  3.02844617E-44
  109.5  3.03286978E-44
  109.6  3.03729423E-44
  109.7  3.0417195E-44
  109.8  3.04614557E-44
  109.9  3.05057241E-44
  110.  3.055E-44
  110.1  3.05942903E-44
  110.2  3.06386019E-44
  110.3  3.06829342E-44
  110.4  3.07272868E-44
  110.5  3.07716591E-44
  110.6  3.08160506E-44
  110.7  3.08604608E-44
  110.8  3.09048892E-44
  110.9  3.09493352E-44
  111.  3.09937984E-44
  111.1  3.10382781E-44
  111.2  3.10827739E-44
  111.3  3.11272853E-44
  111.4  3.11718116E-44
  111.5  3.12163524E-44
  111.6  3.12609071E-44
  111.7  3.13054752E-44
  111.8  3.13500561E-44
  111.9  3.13946492E-44
  112.  3.14392541E-44
  112.1  3.14838701E-44
  112.2  3.15284968E-44
  112.3  3.15731335E-44
  112.4  3.16177796E-44
  112.5  3.16624347E-44
  112.6  3.17070982E-44
  112.7  3.17517694E-44
  112.8  3.17964478E-44
  112.9  3.18411328E-44
  113.  3.18858239E-44
  113.1  3.19305204E-44
  113.2  3.19752219E-44
  113.3  3.20199276E-44
  113.4  3.2064637E-44
  113.5  3.21093495E-44
  113.6  3.21540646E-44
  113.7  3.21987816E-44
  113.8  3.22434998E-44
  113.9  3.22882188E-44
  114.  3.2332938E-44
  114.1  3.23776566E-44
  114.2  3.24223741E-44
  114.3  3.24670899E-44
  114.4  3.25118033E-44
  114.5  3.25565138E-44
  114.6  3.26012207E-44
  114.7  3.26459234E-44
  114.8  3.26906213E-44
  114.9  3.27353137E-44
  115.  3.278E-44
  115.1  3.28246887E-44
  115.2  3.28693885E-44
  115.3  3.29140989E-44
  115.4  3.29588197E-44
  115.5  3.30035503E-44
  115.6  3.30482904E-44
  115.7  3.30930396E-44
  115.8  3.31377976E-44
  115.9  3.31825638E-44
  116.  3.3227338E-44
  116.1  3.32721196E-44
  116.2  3.33169084E-44
  116.3  3.33617039E-44
  116.4  3.34065056E-44
  116.5  3.34513133E-44
  116.6  3.34961264E-44
  116.7  3.35409446E-44
  116.8  3.35857675E-44
  116.9  3.36305946E-44
  117.  3.36754255E-44
  117.1  3.37202598E-44
  117.2  3.37650971E-44
  117.3  3.3809937E-44
  117.4  3.3854779E-44
  117.5  3.38996228E-44
  117.6  3.39444678E-44
  117.7  3.39893137E-44
  117.8  3.40341601E-44
  117.9  3.40790064E-44
  118.  3.41238523E-44
  118.1  3.41686974E-44
  118.2  3.42135411E-44
  118.3  3.42583832E-44
  118.4  3.4303223E-44
  118.5  3.43480602E-44
  118.6  3.43928944E-44
  118.7  3.44377251E-44
  118.8  3.44825518E-44
  118.9  3.45273742E-44
  119.  3.45721916E-44
  119.1  3.46170038E-44
  119.2  3.46618103E-44
  119.3  3.47066105E-44
  119.4  3.47514041E-44
  119.5  3.47961906E-44
  119.6  3.48409694E-44
  119.7  3.48857403E-44
  119.8  3.49305026E-44
  119.9  3.4975256E-44
  120.  3.502E-44
  120.1  3.50647471E-44
  120.2  3.51095099E-44
  120.3  3.51542882E-44
  120.4  3.51990816E-44
  120.5  3.52438898E-44
  120.6  3.52887124E-44
  120.7  3.53335491E-44
  120.8  3.53783997E-44
  120.9  3.54232637E-44
  121.  3.54681409E-44
  121.1  3.55130308E-44
  121.2  3.55579332E-44
  121.3  3.56028477E-44
  121.4  3.56477741E-44
  121.5  3.56927118E-44
  121.6  3.57376607E-44
  121.7  3.57826203E-44
  121.8  3.58275904E-44
  121.9  3.58725705E-44
  122.  3.59175604E-44
  122.1  3.59625596E-44
  122.2  3.60075678E-44
  122.3  3.60525848E-44
  122.4  3.609761E-44
  122.5  3.61426432E-44
  122.6  3.61876841E-44
  122.7  3.62327322E-44
  122.8  3.62777871E-44
  122.9  3.63228487E-44
  123.  3.63679164E-44
  123.1  3.64129899E-44
  123.2  3.64580689E-44
  123.3  3.65031529E-44
  123.4  3.65482417E-44
  123.5  3.65933349E-44
  123.6  3.6638432E-44
  123.7  3.66835327E-44
  123.8  3.67286367E-44
  123.9  3.67737436E-44
  124.  3.68188529E-44
  124.1  3.68639644E-44
  124.2  3.69090776E-44
  124.3  3.69541921E-44
  124.4  3.69993076E-44
  124.5  3.70444238E-44
  124.6  3.70895401E-44
  124.7  3.71346563E-44
  124.8  3.7179772E-44
  124.9  3.72248866E-44
  125.  3.727E-44
  125.1  3.73151225E-44
  125.2  3.73602645E-44
  125.3  3.74054255E-44
  125.4  3.74506051E-44
  125.5  3.74958027E-44
  125.6  3.75410179E-44
  125.7  3.75862502E-44
  125.8  3.7631499E-44
  125.9  3.76767639E-44
  126.  3.77220443E-44
  126.1  3.77673398E-44
  126.2  3.78126499E-44
  126.3  3.7857974E-44
  126.4  3.79033117E-44
  126.5  3.79486624E-44
  126.6  3.79940256E-44
  126.7  3.80394008E-44
  126.8  3.80847875E-44
  126.9  3.81301851E-44
  127.  3.81755932E-44
  127.1  3.82210112E-44
  127.2  3.82664385E-44
  127.3  3.83118747E-44
  127.4  3.83573192E-44
  127.5  3.84027716E-44
  127.6  3.84482311E-44
  127.7  3.84936974E-44
  127.8  3.85391698E-44
  127.9  3.85846478E-44
  128.  3.8630131E-44
  128.1  3.86756186E-44
  128.2  3.87211102E-44
  128.3  3.87666053E-44
  128.4  3.88121032E-44
  128.5  3.88576035E-44
  128.6  3.89031055E-44
  128.7  3.89486087E-44
  128.8  3.89941125E-44
  128.9  3.90396164E-44
  129.  3.90851198E-44
  129.1  3.91306222E-44
  129.2  3.91761229E-44
  129.3  3.92216214E-44
  129.4  3.92671171E-44
  129.5  3.93126094E-44
  129.6  3.93580977E-44
  129.7  3.94035816E-44
  129.8  3.94490603E-44
  129.9  3.94945333E-44
  130.  3.954E-44
  130.1  3.95854674E-44
  130.2  3.96309428E-44
  130.3  3.9676426E-44
  130.4  3.97219169E-44
  130.5  3.97674153E-44
  130.6  3.98129211E-44
  130.7  3.98584341E-44
  130.8  3.99039541E-44
  130.9  3.9949481E-44
  131.  3.99950147E-44
  131.1  4.00405549E-44
  131.2  4.00861015E-44
  131.3  4.01316543E-44
  131.4  4.01772133E-44
  131.5  4.02227781E-44
  131.6  4.02683488E-44
  131.7  4.0313925E-44
  131.8  4.03595067E-44
  131.9  4.04050937E-44
  132.  4.04506857E-44
  132.1  4.04962827E-44
  132.2  4.05418846E-44
  132.3  4.0587491E-44
  132.4  4.06331019E-44
  132.5  4.06787171E-44
  132.6  4.07243364E-44
  132.7  4.07699596E-44
  132.8  4.08155867E-44
  132.9  4.08612174E-44
  133.  4.09068515E-44
  133.1  4.0952489E-44
  133.2  4.09981296E-44
  133.3  4.10437731E-44
  133.4  4.10894194E-44
  133.5  4.11350683E-44
  133.6  4.11807197E-44
  133.7  4.12263734E-44
  133.8  4.12720291E-44
  133.9  4.13176868E-44
  134.  4.13633463E-44
  134.1  4.14090074E-44
  134.2  4.14546698E-44
  134.3  4.15003336E-44
  134.4  4.15459984E-44
  134.5  4.15916641E-44
  134.6  4.16373305E-44
  134.7  4.16829975E-44
  134.8  4.17286648E-44
  134.9  4.17743324E-44
  135.  4.182E-44
  135.1  4.18656753E-44
  135.2  4.19113656E-44
  135.3  4.19570703E-44
  135.4  4.20027889E-44
  135.5  4.20485208E-44
  135.6  4.20942653E-44
  135.7  4.21400219E-44
  135.8  4.21857899E-44
  135.9  4.22315688E-44
  136.  4.22773579E-44
  136.1  4.23231566E-44
  136.2  4.23689643E-44
  136.3  4.24147804E-44
  136.4  4.24606042E-44
  136.5  4.25064352E-44
  136.6  4.25522727E-44
  136.7  4.25981161E-44
  136.8  4.26439648E-44
  136.9  4.26898181E-44
  137.  4.27356753E-44
  137.1  4.27815359E-44
  137.2  4.28273993E-44
  137.3  4.28732647E-44
  137.4  4.29191315E-44
  137.5  4.29649991E-44
  137.6  4.30108669E-44
  137.7  4.30567341E-44
  137.8  4.31026001E-44
  137.9  4.31484643E-44
  138.  4.3194326E-44
  138.1  4.32401846E-44
  138.2  4.32860393E-44
  138.3  4.33318896E-44
  138.4  4.33777347E-44
  138.5  4.3423574E-44
  138.6  4.34694068E-44
  138.7  4.35152324E-44
  138.8  4.35610501E-44
  138.9  4.36068593E-44
  139.  4.36526593E-44
  139.1  4.36984494E-44
  139.2  4.37442289E-44
  139.3  4.37899971E-44
  139.4  4.38357533E-44
  139.5  4.38814969E-44
  139.6  4.39272271E-44
  139.7  4.39729432E-44
  139.8  4.40186445E-44
  139.9  4.40643303E-44
  140.  4.411E-44
  140.1  4.41556633E-44
  140.2  4.42013307E-44
  140.3  4.42470022E-44
  140.4  4.42926779E-44
  140.5  4.43383579E-44
  140.6  4.43840423E-44
  140.7  4.44297312E-44
  140.8  4.44754247E-44
  140.9  4.45211228E-44
  141.  4.45668257E-44
  141.1  4.46125335E-44
  141.2  4.46582463E-44
  141.3  4.4703964E-44
  141.4  4.4749687E-44
  141.5  4.47954152E-44
  141.6  4.48411487E-44
  141.7  4.48868877E-44
  141.8  4.49326321E-44
  141.9  4.49783823E-44
  142.  4.50241381E-44
  142.1  4.50698998E-44
  142.2  4.51156675E-44
  142.3  4.51614412E-44
  142.4  4.5207221E-44
  142.5  4.5253007E-44
  142.6  4.52987994E-44
  142.7  4.53445983E-44
  142.8  4.53904037E-44
  142.9  4.54362157E-44
  143.  4.54820346E-44
  143.1  4.55278603E-44
  143.2  4.55736929E-44
  143.3  4.56195327E-44
  143.4  4.56653796E-44
  143.5  4.57112339E-44
  143.6  4.57570956E-44
  143.7  4.58029647E-44
  143.8  4.58488416E-44
  143.9  4.58947261E-44
  144.  4.59406186E-44
  144.1  4.59865189E-44
  144.2  4.60324274E-44
  144.3  4.60783441E-44
  144.4  4.61242691E-44
  144.5  4.61702025E-44
  144.6  4.62161444E-44
  144.7  4.6262095E-44
  144.8  4.63080544E-44
  144.9  4.63540227E-44
  145.  4.64E-44
  145.1  4.64459925E-44
  145.2  4.64920057E-44
  145.3  4.6538039E-44
  145.4  4.65840916E-44
  145.5  4.66301627E-44
  145.6  4.66762517E-44
  145.7  4.67223577E-44
  145.8  4.676848E-44
  145.9  4.68146179E-44
  146.  4.68607706E-44
  146.1  4.69069374E-44
  146.2  4.69531175E-44
  146.3  4.69993101E-44
  146.4  4.70455144E-44
  146.5  4.70917298E-44
  146.6  4.71379553E-44
  146.7  4.71841904E-44
  146.8  4.7230434E-44
  146.9  4.72766856E-44
  147.  4.73229443E-44
  147.1  4.73692093E-44
  147.2  4.74154798E-44
  147.3  4.7461755E-44
  147.4  4.75080342E-44
  147.5  4.75543165E-44
  147.6  4.76006012E-44
  147.7  4.76468874E-44
  147.8  4.76931743E-44
  147.9  4.77394611E-44
  148.  4.77857471E-44
  148.1  4.78320313E-44
  148.2  4.7878313E-44
  148.3  4.79245913E-44
  148.4  4.79708655E-44
  148.5  4.80171346E-44
  148.6  4.8063398E-44
  148.7  4.81096546E-44
  148.8  4.81559038E-44
  148.9  4.82021446E-44
  149.  4.82483762E-44
  149.1  4.82945978E-44
  149.2  4.83408085E-44
  149.3  4.83870075E-44
  149.4  4.84331939E-44
  149.5  4.84793669E-44
  149.6  4.85255255E-44
  149.7  4.85716691E-44
  149.8  4.86177966E-44
  149.9  4.86639072E-44
  150.  4.871E-44
  150.1  4.87560822E-44
  150.2  4.88021615E-44
  150.3  4.88482378E-44
  150.4  4.88943111E-44
  150.5  4.89403814E-44
  150.6  4.89864486E-44
  150.7  4.90325127E-44
  150.8  4.90785738E-44
  150.9  4.91246317E-44
  151.  4.91706864E-44
  151.1  4.9216738E-44
  151.2  4.92627864E-44
  151.3  4.93088315E-44
  151.4  4.93548733E-44
  151.5  4.94009119E-44
  151.6  4.94469472E-44
  151.7  4.94929791E-44
  151.8  4.95390076E-44
  151.9  4.95850328E-44
  152.  4.96310545E-44
  152.1  4.96770728E-44
  152.2  4.97230876E-44
  152.3  4.97690989E-44
  152.4  4.98151068E-44
  152.5  4.9861111E-44
  152.6  4.99071117E-44
  152.7  4.99531089E-44
  152.8  4.99991024E-44
  152.9  5.00450923E-44
  153.  5.00910785E-44
  153.1  5.0137061E-44
  153.2  5.01830399E-44
  153.3  5.0229015E-44
  153.4  5.02749863E-44
  153.5  5.03209539E-44
  153.6  5.03669177E-44
  153.7  5.04128777E-44
  153.8  5.04588338E-44
  153.9  5.0504786E-44
  154.  5.05507344E-44
  154.1  5.05966789E-44
  154.2  5.06426195E-44
  154.3  5.06885561E-44
  154.4  5.07344887E-44
  154.5  5.07804173E-44
  154.6  5.0826342E-44
  154.7  5.08722626E-44
  154.8  5.09181791E-44
  154.9  5.09640916E-44
  155.  5.101E-44
  155.1  5.10559126E-44
  155.2  5.11018378E-44
  155.3  5.11477754E-44
  155.4  5.11937255E-44
  155.5  5.12396879E-44
  155.6  5.12856627E-44
  155.7  5.13316498E-44
  155.8  5.13776491E-44
  155.9  5.14236606E-44
  156.  5.14696843E-44
  156.1  5.151572E-44
  156.2  5.15617677E-44
  156.3  5.16078275E-44
  156.4  5.16538992E-44
  156.5  5.16999828E-44
  156.6  5.17460782E-44
  156.7  5.17921854E-44
  156.8  5.18383043E-44
  156.9  5.18844349E-44
  157.  5.19305772E-44
  157.1  5.1976731E-44
  157.2  5.20228964E-44
  157.3  5.20690732E-44
  157.4  5.21152615E-44
  157.5  5.21614612E-44
  157.6  5.22076722E-44
  157.7  5.22538945E-44
  157.8  5.2300128E-44
  157.9  5.23463726E-44
  158.  5.23926284E-44
  158.1  5.24388953E-44
  158.2  5.24851732E-44
  158.3  5.2531462E-44
  158.4  5.25777618E-44
  158.5  5.26240724E-44
  158.6  5.26703939E-44
  158.7  5.27167261E-44
  158.8  5.2763069E-44
  158.9  5.28094226E-44
  159.  5.28557867E-44
  159.1  5.29021615E-44
  159.2  5.29485467E-44
  159.3  5.29949423E-44
  159.4  5.30413484E-44
  159.5  5.30877648E-44
  159.6  5.31341915E-44
  159.7  5.31806284E-44
  159.8  5.32270755E-44
  159.9  5.32735327E-44
  160.  5.332E-44
  160.1  5.33664769E-44
  160.2  5.34129626E-44
  160.3  5.34594571E-44
  160.4  5.350596E-44
  160.5  5.35524712E-44
  160.6  5.35989903E-44
  160.7  5.36455172E-44
  160.8  5.36920516E-44
  160.9  5.37385932E-44
  161.  5.37851418E-44
  161.1  5.38316973E-44
  161.2  5.38782593E-44
  161.3  5.39248276E-44
  161.4  5.39714019E-44
  161.5  5.4017982E-44
  161.6  5.40645677E-44
  161.7  5.41111588E-44
  161.8  5.41577549E-44
  161.9  5.42043558E-44
  162.  5.42509613E-44
  162.1  5.42975712E-44
  162.2  5.43441851E-44
  162.3  5.43908029E-44
  162.4  5.44374242E-44
  162.5  5.44840489E-44
  162.6  5.45306767E-44
  162.7  5.45773073E-44
  162.8  5.46239404E-44
  162.9  5.46705759E-44
  163.  5.47172135E-44
  163.1  5.47638528E-44
  163.2  5.48104937E-44
  163.3  5.4857136E-44
  163.4  5.49037792E-44
  163.5  5.49504233E-44
  163.6  5.49970678E-44
  163.7  5.50437126E-44
  163.8  5.50903575E-44
  163.9  5.5137002E-44
  164.  5.51836461E-44
  164.1  5.52302894E-44
  164.2  5.52769316E-44
  164.3  5.53235725E-44
  164.4  5.53702119E-44
  164.5  5.54168494E-44
  164.6  5.54634848E-44
  164.7  5.55101178E-44
  164.8  5.55567482E-44
  164.9  5.56033757E-44
  165.  5.565E-44
  165.1  5.56966114E-44
  165.2  5.57432004E-44
  165.3  5.57897674E-44
  165.4  5.58363127E-44
  165.5  5.58828367E-44
  165.6  5.59293397E-44
  165.7  5.5975822E-44
  165.8  5.60222839E-44
  165.9  5.60687259E-44
  166.  5.61151482E-44
  166.1  5.61615512E-44
  166.2  5.62079352E-44
  166.3  5.62543006E-44
  166.4  5.63006476E-44
  166.5  5.63469768E-44
  166.6  5.63932883E-44
  166.7  5.64395827E-44
  166.8  5.64858601E-44
  166.9  5.6532121E-44
  167.  5.65783657E-44
  167.1  5.66245946E-44
  167.2  5.6670808E-44
  167.3  5.67170063E-44
  167.4  5.67631899E-44
  167.5  5.6809359E-44
  167.6  5.68555142E-44
  167.7  5.69016557E-44
  167.8  5.69477838E-44
  167.9  5.69938991E-44
  168.  5.70400018E-44
  168.1  5.70860923E-44
  168.2  5.7132171E-44
  168.3  5.71782383E-44
  168.4  5.72242945E-44
  168.5  5.727034E-44
  168.6  5.73163752E-44
  168.7  5.73624005E-44
  168.8  5.74084162E-44
  168.9  5.74544227E-44
  169.  5.75004205E-44
  169.1  5.75464098E-44
  169.2  5.75923911E-44
  169.3  5.76383648E-44
  169.4  5.76843313E-44
  169.5  5.77302909E-44
  169.6  5.77762441E-44
  169.7  5.78221911E-44
  169.8  5.78681326E-44
  169.9  5.79140687E-44
  170.  5.796E-44
