  0.1  7.36574309E-51
  0.2  2.01998788E-50
  0.3  3.41437873E-50
  0.4  4.82909157E-50
  0.5  6.24145081E-50
  0.6  7.64595509E-50
  0.7  9.04198418E-50
  0.8  1.04303009E-49
  0.9  1.18119668E-49
  1.  1.31880025E-49
  1.1  1.45592946E-49
  1.2  1.59265845E-49
  1.3  1.7290484E-49
  1.4  1.86514956E-49
  1.5  2.00100331E-49
  1.6  2.13664383E-49
  1.7  2.27209949E-49
  1.8  2.40739402E-49
  1.9  2.54254732E-49
  2.  2.67757624E-49
  2.1  2.81249508E-49
  2.2  2.94731608E-49
  2.3  3.08204974E-49
  2.4  3.21670515E-49
  2.5  3.35129016E-49
  2.6  3.48581164E-49
  2.7  3.62027561E-49
  2.8  3.75468732E-49
  2.9  3.88905146E-49
  3.  4.02337212E-49
  3.1  4.15765299E-49
  3.2  4.29189731E-49
  3.3  4.42610802E-49
  3.4  4.56028773E-49
  3.5  4.69443879E-49
  3.6  4.82856333E-49
  3.7  4.96266326E-49
  3.8  5.09674033E-49
  3.9  5.23079611E-49
  4.  5.36483204E-49
  4.1  5.49884944E-49
  4.2  5.6328495E-49
  4.3  5.76683331E-49
  4.4  5.9008019E-49
  4.5  6.03475617E-49
  4.6  6.16869699E-49
  4.7  6.30262515E-49
  4.8  6.43654136E-49
  4.9  6.5704463E-49
  5.  6.70434059E-49
  5.1  6.83822482E-49
  5.2  6.97209951E-49
  5.3  7.10596517E-49
  5.4  7.23982225E-49
  5.5  7.37367121E-49
  5.6  7.50751243E-49
  5.7  7.6413463E-49
  5.8  7.77517318E-49
  5.9  7.90899339E-49
  6.  8.04280724E-49
  6.1  8.17661504E-49
  6.2  8.31041705E-49
  6.3  8.44421352E-49
  6.4  8.57800472E-49
  6.5  8.71179085E-49
  6.6  8.84557215E-49
  6.7  8.97934881E-49
  6.8  9.11312103E-49
  6.9  9.24688898E-49
  7.  9.38065284E-49
  7.1  9.51441278E-49
  7.2  9.64816895E-49
  7.3  9.78192149E-49
  7.4  9.91567055E-49
  7.5  1.00494163E-48
  7.6  1.01831587E-48
  7.7  1.03168981E-48
  7.8  1.04506345E-48
  7.9  1.05843679E-48
  8.  1.07180986E-48
  8.1  1.08518267E-48
  8.2  1.09855521E-48
  8.3  1.1119275E-48
  8.4  1.12529955E-48
  8.5  1.13867137E-48
  8.6  1.15204296E-48
  8.7  1.16541433E-48
  8.8  1.17878549E-48
  8.9  1.19215644E-48
  9.  1.2055272E-48
  9.1  1.21889777E-48
  9.2  1.23226815E-48
  9.3  1.24563835E-48
  9.4  1.25900837E-48
  9.5  1.27237823E-48
  9.6  1.28574792E-48
  9.7  1.29911746E-48
  9.8  1.31248683E-48
  9.9  1.32585606E-48
  10.  1.33922514E-48
  10.1  1.35259408E-48
  10.2  1.36596289E-48
  10.3  1.37933156E-48
  10.4  1.3927001E-48
  10.5  1.40606851E-48
  10.6  1.4194368E-48
  10.7  1.43280497E-48
  10.8  1.44617302E-48
  10.9  1.45954096E-48
  11.  1.47290879E-48
  11.1  1.48627651E-48
  11.2  1.49964413E-48
  11.3  1.51301164E-48
  11.4  1.52637906E-48
  11.5  1.53974638E-48
  11.6  1.5531136E-48
  11.7  1.56648073E-48
  11.8  1.57984777E-48
  11.9  1.59321473E-48
  12.  1.6065816E-48
  12.1  1.61994838E-48
  12.2  1.63331508E-48
  12.3  1.64668171E-48
  12.4  1.66004825E-48
  12.5  1.67341472E-48
  12.6  1.68678112E-48
  12.7  1.70014744E-48
  12.8  1.71351369E-48
  12.9  1.72687987E-48
  13.  1.74024599E-48
  13.1  1.75361204E-48
  13.2  1.76697802E-48
  13.3  1.78034394E-48
  13.4  1.7937098E-48
  13.5  1.8070756E-48
  13.6  1.82044133E-48
  13.7  1.83380701E-48
  13.8  1.84717264E-48
  13.9  1.86053821E-48
  14.  1.87390372E-48
  14.1  1.88726918E-48
  14.2  1.90063459E-48
  14.3  1.91399994E-48
  14.4  1.92736525E-48
  14.5  1.9407305E-48
  14.6  1.95409571E-48
  14.7  1.96746087E-48
  14.8  1.98082599E-48
  14.9  1.99419106E-48
  15.  2.00755608E-48
  15.1  2.02092106E-48
  15.2  2.034286E-48
  15.3  2.0476509E-48
  15.4  2.06101576E-48
  15.5  2.07438057E-48
  15.6  2.08774535E-48
  15.7  2.10111008E-48
  15.8  2.11447478E-48
  15.9  2.12783944E-48
  16.  2.14120406E-48
  16.1  2.15456865E-48
  16.2  2.1679332E-48
  16.3  2.18129772E-48
  16.4  2.19466221E-48
  16.5  2.20802665E-48
  16.6  2.22139107E-48
  16.7  2.23475546E-48
  16.8  2.24811981E-48
  16.9  2.26148413E-48
  17.  2.27484842E-48
  17.1  2.28821268E-48
  17.2  2.30157691E-48
  17.3  2.31494111E-48
  17.4  2.32830528E-48
  17.5  2.34166942E-48
  17.6  2.35503354E-48
  17.7  2.36839763E-48
  17.8  2.38176169E-48
  17.9  2.39512573E-48
  18.  2.40848973E-48
  18.1  2.42185372E-48
  18.2  2.43521768E-48
  18.3  2.44858161E-48
  18.4  2.46194552E-48
  18.5  2.4753094E-48
  18.6  2.48867327E-48
  18.7  2.5020371E-48
  18.8  2.51540092E-48
  18.9  2.52876471E-48
  19.  2.54212848E-48
  19.1  2.55549223E-48
  19.2  2.56885596E-48
  19.3  2.58221967E-48
  19.4  2.59558335E-48
  19.5  2.60894702E-48
  19.6  2.62231066E-48
  19.7  2.63567429E-48
  19.8  2.64903789E-48
  19.9  2.66240148E-48
  20.  2.67576504E-48
  20.1  2.68912859E-48
  20.2  2.70249212E-48
  20.3  2.71585563E-48
  20.4  2.72921912E-48
  20.5  2.7425826E-48
  20.6  2.75594606E-48
  20.7  2.7693095E-48
  20.8  2.78267292E-48
  20.9  2.79603633E-48
  21.  2.80939972E-48
  21.1  2.82276309E-48
  21.2  2.83612645E-48
  21.3  2.8494898E-48
  21.4  2.86285312E-48
  21.5  2.87621643E-48
  21.6  2.88957973E-48
  21.7  2.90294301E-48
  21.8  2.91630628E-48
  21.9  2.92966953E-48
  22.  2.94303277E-48
  22.1  2.95639599E-48
  22.2  2.9697592E-48
  22.3  2.9831224E-48
  22.4  2.99648558E-48
  22.5  3.00984875E-48
  22.6  3.0232119E-48
  22.7  3.03657504E-48
  22.8  3.04993817E-48
  22.9  3.06330129E-48
  23.  3.07666439E-48
  23.1  3.09002748E-48
  23.2  3.10339056E-48
  23.3  3.11675363E-48
  23.4  3.13011668E-48
  23.5  3.14347973E-48
  23.6  3.15684276E-48
  23.7  3.17020578E-48
  23.8  3.18356879E-48
  23.9  3.19693178E-48
  24.  3.21029477E-48
  24.1  3.22365774E-48
  24.2  3.23702071E-48
  24.3  3.25038366E-48
  24.4  3.26374661E-48
  24.5  3.27710954E-48
  24.6  3.29047246E-48
  24.7  3.30383537E-48
  24.8  3.31719827E-48
  24.9  3.33056117E-48
  25.  3.34392405E-48
  25.1  3.35728692E-48
  25.2  3.37064978E-48
  25.3  3.38401264E-48
  25.4  3.39737548E-48
  25.5  3.41073832E-48
  25.6  3.42410114E-48
  25.7  3.43746396E-48
  25.8  3.45082676E-48
  25.9  3.46418956E-48
  26.  3.47755235E-48
  26.1  3.49091513E-48
  26.2  3.50427791E-48
  26.3  3.51764067E-48
  26.4  3.53100343E-48
  26.5  3.54436617E-48
  26.6  3.55772891E-48
  26.7  3.57109164E-48
  26.8  3.58445437E-48
  26.9  3.59781708E-48
  27.  3.61117979E-48
  27.1  3.62454249E-48
  27.2  3.63790518E-48
  27.3  3.65126786E-48
  27.4  3.66463054E-48
  27.5  3.67799321E-48
  27.6  3.69135587E-48
  27.7  3.70471853E-48
  27.8  3.71808118E-48
  27.9  3.73144382E-48
  28.  3.74480645E-48
  28.1  3.75816908E-48
  28.2  3.77153169E-48
  28.3  3.78489431E-48
  28.4  3.79825691E-48
  28.5  3.81161951E-48
  28.6  3.82498211E-48
  28.7  3.83834469E-48
  28.8  3.85170727E-48
  28.9  3.86506985E-48
  29.  3.87843241E-48
  29.1  3.89179497E-48
  29.2  3.90515753E-48
  29.3  3.91852008E-48
  29.4  3.93188262E-48
  29.5  3.94524515E-48
  29.6  3.95860768E-48
  29.7  3.97197021E-48
  29.8  3.98533273E-48
  29.9  3.99869524E-48
  30.  4.01205775E-48
  30.1  4.02542025E-48
  30.2  4.03878274E-48
  30.3  4.05214523E-48
  30.4  4.06550772E-48
  30.5  4.0788702E-48
  30.6  4.09223267E-48
  30.7  4.10559514E-48
  30.8  4.1189576E-48
  30.9  4.13232006E-48
  31.  4.14568251E-48
  31.1  4.15904496E-48
  31.2  4.1724074E-48
  31.3  4.18576984E-48
  31.4  4.19913227E-48
  31.5  4.2124947E-48
  31.6  4.22585712E-48
  31.7  4.23921954E-48
  31.8  4.25258195E-48
  31.9  4.26594436E-48
  32.  4.27930676E-48
  32.1  4.29266916E-48
  32.2  4.30603156E-48
  32.3  4.31939395E-48
  32.4  4.33275633E-48
  32.5  4.34611871E-48
  32.6  4.35948109E-48
  32.7  4.37284346E-48
  32.8  4.38620583E-48
  32.9  4.39956819E-48
  33.  4.41293055E-48
  33.1  4.4262929E-48
  33.2  4.43965525E-48
  33.3  4.4530176E-48
  33.4  4.46637994E-48
  33.5  4.47974227E-48
  33.6  4.49310461E-48
  33.7  4.50646694E-48
  33.8  4.51982926E-48
  33.9  4.53319158E-48
  34.  4.5465539E-48
  34.1  4.55991621E-48
  34.2  4.57327852E-48
  34.3  4.58664083E-48
  34.4  4.60000313E-48
  34.5  4.61336543E-48
  34.6  4.62672772E-48
  34.7  4.64009001E-48
  34.8  4.6534523E-48
  34.9  4.66681458E-48
  35.  4.68017686E-48
  35.1  4.69353914E-48
  35.2  4.70690141E-48
  35.3  4.72026368E-48
  35.4  4.73362594E-48
  35.5  4.74698821E-48
  35.6  4.76035046E-48
  35.7  4.77371272E-48
  35.8  4.78707497E-48
  35.9  4.80043722E-48
  36.  4.81379946E-48
  36.1  4.82716171E-48
  36.2  4.84052394E-48
  36.3  4.85388618E-48
  36.4  4.86724841E-48
  36.5  4.88061064E-48
  36.6  4.89397286E-48
  36.7  4.90733509E-48
  36.8  4.92069731E-48
  36.9  4.93405952E-48
  37.  4.94742174E-48
  37.1  4.96078394E-48
  37.2  4.97414615E-48
  37.3  4.98750836E-48
  37.4  5.00087056E-48
  37.5  5.01423275E-48
  37.6  5.02759495E-48
  37.7  5.04095714E-48
  37.8  5.05431933E-48
  37.9  5.06768152E-48
  38.  5.0810437E-48
  38.1  5.09440588E-48
  38.2  5.10776806E-48
  38.3  5.12113023E-48
  38.4  5.13449241E-48
  38.5  5.14785458E-48
  38.6  5.16121674E-48
  38.7  5.17457891E-48
  38.8  5.18794107E-48
  38.9  5.20130323E-48
  39.  5.21466539E-48
  39.1  5.22802754E-48
  39.2  5.24138969E-48
  39.3  5.25475184E-48
  39.4  5.26811398E-48
  39.5  5.28147613E-48
  39.6  5.29483827E-48
  39.7  5.30820041E-48
  39.8  5.32156254E-48
  39.9  5.33492468E-48
  40.  5.34828681E-48
  40.1  5.36164894E-48
  40.2  5.37501106E-48
  40.3  5.38837319E-48
  40.4  5.40173531E-48
  40.5  5.41509743E-48
  40.6  5.42845955E-48
  40.7  5.44182166E-48
  40.8  5.45518377E-48
  40.9  5.46854588E-48
  41.  5.48190799E-48
  41.1  5.4952701E-48
  41.2  5.5086322E-48
  41.3  5.5219943E-48
  41.4  5.5353564E-48
  41.5  5.5487185E-48
  41.6  5.56208059E-48
  41.7  5.57544268E-48
  41.8  5.58880477E-48
  41.9  5.60216686E-48
  42.  5.61552895E-48
  42.1  5.62889103E-48
  42.2  5.64225311E-48
  42.3  5.65561519E-48
  42.4  5.66897727E-48
  42.5  5.68233935E-48
  42.6  5.69570142E-48
  42.7  5.70906349E-48
  42.8  5.72242556E-48
  42.9  5.73578763E-48
  43.  5.74914969E-48
  43.1  5.76251176E-48
  43.2  5.77587382E-48
  43.3  5.78923588E-48
  43.4  5.80259794E-48
  43.5  5.81595999E-48
  43.6  5.82932205E-48
  43.7  5.8426841E-48
  43.8  5.85604615E-48
  43.9  5.8694082E-48
  44.  5.88277025E-48
  44.1  5.89613229E-48
  44.2  5.90949433E-48
  44.3  5.92285638E-48
  44.4  5.93621842E-48
  44.5  5.94958045E-48
  44.6  5.96294249E-48
  44.7  5.97630452E-48
  44.8  5.98966656E-48
  44.9  6.00302859E-48
  45.  6.01639062E-48
  45.1  6.02975264E-48
  45.2  6.04311467E-48
  45.3  6.05647669E-48
  45.4  6.06983872E-48
  45.5  6.08320074E-48
  45.6  6.09656276E-48
  45.7  6.10992477E-48
  45.8  6.12328679E-48
  45.9  6.1366488E-48
  46.  6.15001082E-48
  46.1  6.16337283E-48
  46.2  6.17673484E-48
  46.3  6.19009684E-48
  46.4  6.20345885E-48
  46.5  6.21682086E-48
  46.6  6.23018286E-48
  46.7  6.24354486E-48
  46.8  6.25690686E-48
  46.9  6.27026886E-48
  47.  6.28363086E-48
  47.1  6.29699285E-48
  47.2  6.31035485E-48
  47.3  6.32371684E-48
  47.4  6.33707883E-48
  47.5  6.35044082E-48
  47.6  6.36380281E-48
  47.7  6.37716479E-48
  47.8  6.39052678E-48
  47.9  6.40388876E-48
  48.  6.41725075E-48
  48.1  6.43061273E-48
  48.2  6.44397471E-48
  48.3  6.45733669E-48
  48.4  6.47069866E-48
  48.5  6.48406064E-48
  48.6  6.49742261E-48
  48.7  6.51078458E-48
  48.8  6.52414656E-48
  48.9  6.53750853E-48
  49.  6.5508705E-48
  49.1  6.56423246E-48
  49.2  6.57759443E-48
  49.3  6.59095639E-48
  49.4  6.60431836E-48
  49.5  6.61768032E-48
  49.6  6.63104228E-48
  49.7  6.64440424E-48
  49.8  6.6577662E-48
  49.9  6.67112816E-48
  50.  6.68449011E-48
  50.1  6.69785207E-48
  50.2  6.71121402E-48
  50.3  6.72457597E-48
  50.4  6.73793792E-48
  50.5  6.75129987E-48
  50.6  6.76466182E-48
  50.7  6.77802377E-48
  50.8  6.79138572E-48
  50.9  6.80474766E-48
  51.  6.8181096E-48
  51.1  6.83147155E-48
  51.2  6.84483349E-48
  51.3  6.85819543E-48
  51.4  6.87155737E-48
  51.5  6.88491931E-48
  51.6  6.89828124E-48
  51.7  6.91164318E-48
  51.8  6.92500511E-48
  51.9  6.93836705E-48
  52.  6.95172898E-48
  52.1  6.96509091E-48
  52.2  6.97845284E-48
  52.3  6.99181477E-48
  52.4  7.0051767E-48
  52.5  7.01853863E-48
  52.6  7.03190055E-48
  52.7  7.04526248E-48
  52.8  7.0586244E-48
  52.9  7.07198632E-48
  53.  7.08534824E-48
  53.1  7.09871016E-48
  53.2  7.11207208E-48
  53.3  7.125434E-48
  53.4  7.13879592E-48
  53.5  7.15215784E-48
  53.6  7.16551975E-48
  53.7  7.17888167E-48
  53.8  7.19224358E-48
  53.9  7.20560549E-48
  54.  7.2189674E-48
  54.1  7.23232931E-48
  54.2  7.24569122E-48
  54.3  7.25905313E-48
  54.4  7.27241504E-48
  54.5  7.28577695E-48
  54.6  7.29913885E-48
  54.7  7.31250076E-48
  54.8  7.32586266E-48
  54.9  7.33922456E-48
  55.  7.35258646E-48
  55.1  7.36594836E-48
  55.2  7.37931026E-48
  55.3  7.39267216E-48
  55.4  7.40603406E-48
  55.5  7.41939596E-48
  55.6  7.43275786E-48
  55.7  7.44611975E-48
  55.8  7.45948164E-48
  55.9  7.47284354E-48
  56.  7.48620543E-48
  56.1  7.49956732E-48
  56.2  7.51292921E-48
  56.3  7.5262911E-48
  56.4  7.53965299E-48
  56.5  7.55301488E-48
  56.6  7.56637677E-48
  56.7  7.57973865E-48
  56.8  7.59310054E-48
  56.9  7.60646242E-48
  57.  7.61982431E-48
  57.1  7.63318619E-48
  57.2  7.64654807E-48
  57.3  7.65990996E-48
  57.4  7.67327184E-48
  57.5  7.68663372E-48
  57.6  7.69999559E-48
  57.7  7.71335747E-48
  57.8  7.72671935E-48
  57.9  7.74008123E-48
  58.  7.7534431E-48
  58.1  7.76680498E-48
  58.2  7.78016685E-48
  58.3  7.79352872E-48
  58.4  7.8068906E-48
  58.5  7.82025247E-48
  58.6  7.83361434E-48
  58.7  7.84697621E-48
  58.8  7.86033808E-48
  58.9  7.87369995E-48
  59.  7.88706182E-48
  59.1  7.90042368E-48
  59.2  7.91378555E-48
  59.3  7.92714741E-48
  59.4  7.94050928E-48
  59.5  7.95387114E-48
  59.6  7.96723301E-48
  59.7  7.98059487E-48
  59.8  7.99395673E-48
  59.9  8.00731859E-48
  60.  8.02068045E-48
  60.1  8.03404231E-48
  60.2  8.04740417E-48
  60.3  8.06076603E-48
  60.4  8.07412789E-48
  60.5  8.08748974E-48
  60.6  8.1008516E-48
  60.7  8.11421346E-48
  60.8  8.12757531E-48
  60.9  8.14093716E-48
  61.  8.15429902E-48
  61.1  8.16766087E-48
  61.2  8.18102272E-48
  61.3  8.19438457E-48
  61.4  8.20774642E-48
  61.5  8.22110827E-48
  61.6  8.23447012E-48
  61.7  8.24783197E-48
  61.8  8.26119382E-48
  61.9  8.27455567E-48
  62.  8.28791751E-48
  62.1  8.30127936E-48
  62.2  8.3146412E-48
  62.3  8.32800305E-48
  62.4  8.34136489E-48
  62.5  8.35472674E-48
  62.6  8.36808858E-48
  62.7  8.38145042E-48
  62.8  8.39481226E-48
  62.9  8.4081741E-48
  63.  8.42153594E-48
  63.1  8.43489778E-48
  63.2  8.44825962E-48
  63.3  8.46162146E-48
  63.4  8.4749833E-48
  63.5  8.48834514E-48
  63.6  8.50170697E-48
  63.7  8.51506881E-48
  63.8  8.52843064E-48
  63.9  8.54179248E-48
  64.  8.55515431E-48
  64.1  8.56851614E-48
  64.2  8.58187798E-48
  64.3  8.59523981E-48
  64.4  8.60860164E-48
  64.5  8.62196347E-48
  64.6  8.6353253E-48
  64.7  8.64868713E-48
  64.8  8.66204896E-48
  64.9  8.67541079E-48
  65.  8.68877262E-48
  65.1  8.70213445E-48
  65.2  8.71549627E-48
  65.3  8.7288581E-48
  65.4  8.74221993E-48
  65.5  8.75558175E-48
  65.6  8.76894358E-48
  65.7  8.7823054E-48
  65.8  8.79566722E-48
  65.9  8.80902905E-48
  66.  8.82239087E-48
  66.1  8.83575269E-48
  66.2  8.84911451E-48
  66.3  8.86247634E-48
  66.4  8.87583816E-48
  66.5  8.88919998E-48
  66.6  8.90256179E-48
  66.7  8.91592361E-48
  66.8  8.92928543E-48
  66.9  8.94264725E-48
  67.  8.95600907E-48
  67.1  8.96937088E-48
  67.2  8.9827327E-48
  67.3  8.99609452E-48
  67.4  9.00945633E-48
  67.5  9.02281815E-48
  67.6  9.03617996E-48
  67.7  9.04954177E-48
  67.8  9.06290359E-48
  67.9  9.0762654E-48
  68.  9.08962721E-48
  68.1  9.10298902E-48
  68.2  9.11635083E-48
  68.3  9.12971265E-48
  68.4  9.14307446E-48
  68.5  9.15643627E-48
  68.6  9.16979807E-48
  68.7  9.18315988E-48
  68.8  9.19652169E-48
  68.9  9.2098835E-48
  69.  9.22324531E-48
  69.1  9.23660711E-48
  69.2  9.24996892E-48
  69.3  9.26333073E-48
  69.4  9.27669253E-48
  69.5  9.29005434E-48
  69.6  9.30341614E-48
  69.7  9.31677794E-48
  69.8  9.33013975E-48
  69.9  9.34350155E-48
  70.  9.35686335E-48
  70.1  9.37022516E-48
  70.2  9.38358696E-48
  70.3  9.39694876E-48
  70.4  9.41031056E-48
  70.5  9.42367236E-48
  70.6  9.43703416E-48
  70.7  9.45039596E-48
  70.8  9.46375776E-48
  70.9  9.47711956E-48
  71.  9.49048135E-48
  71.1  9.50384315E-48
  71.2  9.51720495E-48
  71.3  9.53056675E-48
  71.4  9.54392854E-48
  71.5  9.55729034E-48
  71.6  9.57065213E-48
  71.7  9.58401393E-48
  71.8  9.59737572E-48
  71.9  9.61073752E-48
  72.  9.62409931E-48
  72.1  9.63746111E-48
  72.2  9.6508229E-48
  72.3  9.66418469E-48
  72.4  9.67754648E-48
  72.5  9.69090827E-48
  72.6  9.70427007E-48
  72.7  9.71763186E-48
  72.8  9.73099365E-48
  72.9  9.74435544E-48
  73.  9.75771723E-48
  73.1  9.77107902E-48
  73.2  9.78444081E-48
  73.3  9.79780259E-48
  73.4  9.81116438E-48
  73.5  9.82452617E-48
  73.6  9.83788796E-48
  73.7  9.85124974E-48
  73.8  9.86461153E-48
  73.9  9.87797332E-48
  74.  9.8913351E-48
  74.1  9.90469689E-48
  74.2  9.91805867E-48
  74.3  9.93142046E-48
  74.4  9.94478224E-48
  74.5  9.95814403E-48
  74.6  9.97150581E-48
  74.7  9.98486759E-48
  74.8  9.99822937E-48
  74.9  1.00115912E-47
  75.  1.00249529E-47
  75.1  1.00383147E-47
  75.2  1.00516765E-47
  75.3  1.00650383E-47
  75.4  1.00784001E-47
  75.5  1.00917618E-47
  75.6  1.01051236E-47
  75.7  1.01184854E-47
  75.8  1.01318472E-47
  75.9  1.0145209E-47
  76.  1.01585707E-47
  76.1  1.01719325E-47
  76.2  1.01852943E-47
  76.3  1.01986561E-47
  76.4  1.02120178E-47
  76.5  1.02253796E-47
  76.6  1.02387414E-47
  76.7  1.02521032E-47
  76.8  1.0265465E-47
  76.9  1.02788267E-47
  77.  1.02921885E-47
  77.1  1.03055503E-47
  77.2  1.03189121E-47
  77.3  1.03322738E-47
  77.4  1.03456356E-47
  77.5  1.03589974E-47
  77.6  1.03723591E-47
  77.7  1.03857209E-47
  77.8  1.03990827E-47
  77.9  1.04124445E-47
  78.  1.04258062E-47
  78.1  1.0439168E-47
  78.2  1.04525298E-47
  78.3  1.04658915E-47
  78.4  1.04792533E-47
  78.5  1.04926151E-47
  78.6  1.05059769E-47
  78.7  1.05193386E-47
  78.8  1.05327004E-47
  78.9  1.05460622E-47
  79.  1.05594239E-47
  79.1  1.05727857E-47
  79.2  1.05861475E-47
  79.3  1.05995092E-47
  79.4  1.0612871E-47
  79.5  1.06262328E-47
  79.6  1.06395945E-47
  79.7  1.06529563E-47
  79.8  1.06663181E-47
  79.9  1.06796798E-47
  80.  1.06930416E-47
  80.1  1.07064034E-47
  80.2  1.07197651E-47
  80.3  1.07331269E-47
  80.4  1.07464886E-47
  80.5  1.07598504E-47
  80.6  1.07732122E-47
  80.7  1.07865739E-47
  80.8  1.07999357E-47
  80.9  1.08132975E-47
  81.  1.08266592E-47
  81.1  1.0840021E-47
  81.2  1.08533827E-47
  81.3  1.08667445E-47
  81.4  1.08801063E-47
  81.5  1.0893468E-47
  81.6  1.09068298E-47
  81.7  1.09201916E-47
  81.8  1.09335533E-47
  81.9  1.09469151E-47
  82.  1.09602768E-47
  82.1  1.09736386E-47
  82.2  1.09870003E-47
  82.3  1.10003621E-47
  82.4  1.10137239E-47
  82.5  1.10270856E-47
  82.6  1.10404474E-47
  82.7  1.10538091E-47
  82.8  1.10671709E-47
  82.9  1.10805326E-47
  83.  1.10938944E-47
  83.1  1.11072562E-47
  83.2  1.11206179E-47
  83.3  1.11339797E-47
  83.4  1.11473414E-47
  83.5  1.11607032E-47
  83.6  1.11740649E-47
  83.7  1.11874267E-47
  83.8  1.12007884E-47
  83.9  1.12141502E-47
  84.  1.1227512E-47
  84.1  1.12408737E-47
  84.2  1.12542355E-47
  84.3  1.12675972E-47
  84.4  1.1280959E-47
  84.5  1.12943207E-47
  84.6  1.13076825E-47
  84.7  1.13210442E-47
  84.8  1.1334406E-47
  84.9  1.13477677E-47
  85.  1.13611295E-47
  85.1  1.13744912E-47
  85.2  1.1387853E-47
  85.3  1.14012147E-47
  85.4  1.14145765E-47
  85.5  1.14279382E-47
  85.6  1.14413E-47
  85.7  1.14546617E-47
  85.8  1.14680235E-47
  85.9  1.14813852E-47
  86.  1.1494747E-47
  86.1  1.15081087E-47
  86.2  1.15214705E-47
  86.3  1.15348322E-47
  86.4  1.1548194E-47
  86.5  1.15615557E-47
  86.6  1.15749175E-47
  86.7  1.15882792E-47
  86.8  1.16016409E-47
  86.9  1.16150027E-47
  87.  1.16283644E-47
  87.1  1.16417262E-47
  87.2  1.16550879E-47
  87.3  1.16684497E-47
  87.4  1.16818114E-47
  87.5  1.16951732E-47
  87.6  1.17085349E-47
  87.7  1.17218967E-47
  87.8  1.17352584E-47
  87.9  1.17486201E-47
  88.  1.17619819E-47
  88.1  1.17753436E-47
  88.2  1.17887054E-47
  88.3  1.18020671E-47
  88.4  1.18154289E-47
  88.5  1.18287906E-47
  88.6  1.18421523E-47
  88.7  1.18555141E-47
  88.8  1.18688758E-47
  88.9  1.18822376E-47
  89.  1.18955993E-47
  89.1  1.19089611E-47
  89.2  1.19223228E-47
  89.3  1.19356845E-47
  89.4  1.19490463E-47
  89.5  1.1962408E-47
  89.6  1.19757698E-47
  89.7  1.19891315E-47
  89.8  1.20024932E-47
  89.9  1.2015855E-47
  90.  1.20292167E-47
  90.1  1.20425785E-47
  90.2  1.20559402E-47
  90.3  1.20693019E-47
  90.4  1.20826637E-47
  90.5  1.20960254E-47
  90.6  1.21093871E-47
  90.7  1.21227489E-47
  90.8  1.21361106E-47
  90.9  1.21494724E-47
  91.  1.21628341E-47
  91.1  1.21761958E-47
  91.2  1.21895576E-47
  91.3  1.22029193E-47
  91.4  1.2216281E-47
  91.5  1.22296428E-47
  91.6  1.22430045E-47
  91.7  1.22563662E-47
  91.8  1.2269728E-47
  91.9  1.22830897E-47
  92.  1.22964515E-47
  92.1  1.23098132E-47
  92.2  1.23231749E-47
  92.3  1.23365367E-47
  92.4  1.23498984E-47
  92.5  1.23632601E-47
  92.6  1.23766219E-47
  92.7  1.23899836E-47
  92.8  1.24033453E-47
  92.9  1.24167071E-47
  93.  1.24300688E-47
  93.1  1.24434305E-47
  93.2  1.24567923E-47
  93.3  1.2470154E-47
  93.4  1.24835157E-47
  93.5  1.24968775E-47
  93.6  1.25102392E-47
  93.7  1.25236009E-47
  93.8  1.25369626E-47
  93.9  1.25503244E-47
  94.  1.25636861E-47
  94.1  1.25770478E-47
  94.2  1.25904096E-47
  94.3  1.26037713E-47
  94.4  1.2617133E-47
  94.5  1.26304948E-47
  94.6  1.26438565E-47
  94.7  1.26572182E-47
  94.8  1.267058E-47
  94.9  1.26839417E-47
  95.  1.26973034E-47
  95.1  1.27106651E-47
  95.2  1.27240269E-47
  95.3  1.27373886E-47
  95.4  1.27507503E-47
  95.5  1.27641121E-47
  95.6  1.27774738E-47
  95.7  1.27908355E-47
  95.8  1.28041972E-47
  95.9  1.2817559E-47
  96.  1.28309207E-47
  96.1  1.28442824E-47
  96.2  1.28576441E-47
  96.3  1.28710059E-47
  96.4  1.28843676E-47
  96.5  1.28977293E-47
  96.6  1.29110911E-47
  96.7  1.29244528E-47
  96.8  1.29378145E-47
  96.9  1.29511762E-47
  97.  1.2964538E-47
  97.1  1.29778997E-47
  97.2  1.29912614E-47
  97.3  1.30046231E-47
  97.4  1.30179849E-47
  97.5  1.30313466E-47
  97.6  1.30447083E-47
  97.7  1.305807E-47
  97.8  1.30714318E-47
  97.9  1.30847935E-47
  98.  1.30981552E-47
  98.1  1.31115169E-47
  98.2  1.31248787E-47
  98.3  1.31382404E-47
  98.4  1.31516021E-47
  98.5  1.31649638E-47
  98.6  1.31783255E-47
  98.7  1.31916873E-47
  98.8  1.3205049E-47
  98.9  1.32184107E-47
  99.  1.32317724E-47
  99.1  1.32451342E-47
  99.2  1.32584959E-47
  99.3  1.32718576E-47
  99.4  1.32852193E-47
  99.5  1.3298581E-47
  99.6  1.33119428E-47
  99.7  1.33253045E-47
  99.8  1.33386662E-47
  99.9  1.33520279E-47
  100.  1.33653897E-47
  100.1  1.33787514E-47
  100.2  1.33921131E-47
  100.3  1.34054748E-47
  100.4  1.34188365E-47
  100.5  1.34321983E-47
  100.6  1.344556E-47
  100.7  1.34589217E-47
  100.8  1.34722834E-47
  100.9  1.34856451E-47
  101.  1.34990068E-47
  101.1  1.35123686E-47
  101.2  1.35257303E-47
  101.3  1.3539092E-47
  101.4  1.35524537E-47
  101.5  1.35658154E-47
  101.6  1.35791772E-47
  101.7  1.35925389E-47
  101.8  1.36059006E-47
  101.9  1.36192623E-47
  102.  1.3632624E-47
  102.1  1.36459857E-47
  102.2  1.36593475E-47
  102.3  1.36727092E-47
  102.4  1.36860709E-47
  102.5  1.36994326E-47
  102.6  1.37127943E-47
  102.7  1.37261561E-47
  102.8  1.37395178E-47
  102.9  1.37528795E-47
  103.  1.37662412E-47
  103.1  1.37796029E-47
  103.2  1.37929646E-47
  103.3  1.38063263E-47
  103.4  1.38196881E-47
  103.5  1.38330498E-47
  103.6  1.38464115E-47
  103.7  1.38597732E-47
  103.8  1.38731349E-47
  103.9  1.38864966E-47
  104.  1.38998584E-47
  104.1  1.39132201E-47
  104.2  1.39265818E-47
  104.3  1.39399435E-47
  104.4  1.39533052E-47
  104.5  1.39666669E-47
  104.6  1.39800286E-47
  104.7  1.39933904E-47
  104.8  1.40067521E-47
  104.9  1.40201138E-47
  105.  1.40334755E-47
  105.1  1.40468372E-47
  105.2  1.40601989E-47
  105.3  1.40735606E-47
  105.4  1.40869223E-47
  105.5  1.41002841E-47
  105.6  1.41136458E-47
  105.7  1.41270075E-47
  105.8  1.41403692E-47
  105.9  1.41537309E-47
  106.  1.41670926E-47
  106.1  1.41804543E-47
  106.2  1.4193816E-47
  106.3  1.42071778E-47
  106.4  1.42205395E-47
  106.5  1.42339012E-47
  106.6  1.42472629E-47
  106.7  1.42606246E-47
  106.8  1.42739863E-47
  106.9  1.4287348E-47
  107.  1.43007097E-47
  107.1  1.43140714E-47
  107.2  1.43274332E-47
  107.3  1.43407949E-47
  107.4  1.43541566E-47
  107.5  1.43675183E-47
  107.6  1.438088E-47
  107.7  1.43942417E-47
  107.8  1.44076034E-47
  107.9  1.44209651E-47
  108.  1.44343268E-47
  108.1  1.44476885E-47
  108.2  1.44610503E-47
  108.3  1.4474412E-47
  108.4  1.44877737E-47
  108.5  1.45011354E-47
  108.6  1.45144971E-47
  108.7  1.45278588E-47
  108.8  1.45412205E-47
  108.9  1.45545822E-47
  109.  1.45679439E-47
  109.1  1.45813056E-47
  109.2  1.45946673E-47
  109.3  1.4608029E-47
  109.4  1.46213908E-47
  109.5  1.46347525E-47
  109.6  1.46481142E-47
  109.7  1.46614759E-47
  109.8  1.46748376E-47
  109.9  1.46881993E-47
  110.  1.4701561E-47
  110.1  1.47149227E-47
  110.2  1.47282844E-47
  110.3  1.47416461E-47
  110.4  1.47550078E-47
  110.5  1.47683695E-47
  110.6  1.47817312E-47
  110.7  1.47950929E-47
  110.8  1.48084546E-47
  110.9  1.48218164E-47
  111.  1.48351781E-47
  111.1  1.48485398E-47
  111.2  1.48619015E-47
  111.3  1.48752632E-47
  111.4  1.48886249E-47
  111.5  1.49019866E-47
  111.6  1.49153483E-47
  111.7  1.492871E-47
  111.8  1.49420717E-47
  111.9  1.49554334E-47
  112.  1.49687951E-47
  112.1  1.49821568E-47
  112.2  1.49955185E-47
  112.3  1.50088802E-47
  112.4  1.50222419E-47
  112.5  1.50356036E-47
  112.6  1.50489653E-47
  112.7  1.5062327E-47
  112.8  1.50756887E-47
  112.9  1.50890505E-47
  113.  1.51024122E-47
  113.1  1.51157739E-47
  113.2  1.51291356E-47
  113.3  1.51424973E-47
  113.4  1.5155859E-47
  113.5  1.51692207E-47
  113.6  1.51825824E-47
  113.7  1.51959441E-47
  113.8  1.52093058E-47
  113.9  1.52226675E-47
  114.  1.52360292E-47
  114.1  1.52493909E-47
  114.2  1.52627526E-47
  114.3  1.52761143E-47
  114.4  1.5289476E-47
  114.5  1.53028377E-47
  114.6  1.53161994E-47
  114.7  1.53295611E-47
  114.8  1.53429228E-47
  114.9  1.53562845E-47
  115.  1.53696462E-47
  115.1  1.53830079E-47
  115.2  1.53963696E-47
  115.3  1.54097313E-47
  115.4  1.5423093E-47
  115.5  1.54364547E-47
  115.6  1.54498164E-47
  115.7  1.54631781E-47
  115.8  1.54765398E-47
  115.9  1.54899015E-47
  116.  1.55032632E-47
  116.1  1.55166249E-47
  116.2  1.55299866E-47
  116.3  1.55433483E-47
  116.4  1.555671E-47
  116.5  1.55700717E-47
  116.6  1.55834334E-47
  116.7  1.55967951E-47
  116.8  1.56101568E-47
  116.9  1.56235185E-47
  117.  1.56368802E-47
  117.1  1.56502419E-47
  117.2  1.56636036E-47
  117.3  1.56769653E-47
  117.4  1.5690327E-47
  117.5  1.57036887E-47
  117.6  1.57170504E-47
  117.7  1.57304121E-47
  117.8  1.57437738E-47
  117.9  1.57571355E-47
  118.  1.57704972E-47
  118.1  1.57838589E-47
  118.2  1.57972206E-47
  118.3  1.58105823E-47
  118.4  1.5823944E-47
  118.5  1.58373057E-47
  118.6  1.58506674E-47
  118.7  1.58640291E-47
  118.8  1.58773908E-47
  118.9  1.58907525E-47
  119.  1.59041142E-47
  119.1  1.59174759E-47
  119.2  1.59308376E-47
  119.3  1.59441993E-47
  119.4  1.5957561E-47
  119.5  1.59709227E-47
  119.6  1.59842844E-47
  119.7  1.59976461E-47
  119.8  1.60110078E-47
  119.9  1.60243695E-47
  120.  1.60377311E-47
  120.1  1.60510928E-47
  120.2  1.60644545E-47
  120.3  1.60778162E-47
  120.4  1.60911779E-47
  120.5  1.61045396E-47
  120.6  1.61179013E-47
  120.7  1.6131263E-47
  120.8  1.61446247E-47
  120.9  1.61579864E-47
  121.  1.61713481E-47
  121.1  1.61847098E-47
  121.2  1.61980715E-47
  121.3  1.62114332E-47
  121.4  1.62247949E-47
  121.5  1.62381566E-47
  121.6  1.62515183E-47
  121.7  1.626488E-47
  121.8  1.62782417E-47
  121.9  1.62916034E-47
  122.  1.63049651E-47
  122.1  1.63183268E-47
  122.2  1.63316885E-47
  122.3  1.63450501E-47
  122.4  1.63584118E-47
  122.5  1.63717735E-47
  122.6  1.63851352E-47
  122.7  1.63984969E-47
  122.8  1.64118586E-47
  122.9  1.64252203E-47
  123.  1.6438582E-47
  123.1  1.64519437E-47
  123.2  1.64653054E-47
  123.3  1.64786671E-47
  123.4  1.64920288E-47
  123.5  1.65053905E-47
  123.6  1.65187522E-47
  123.7  1.65321139E-47
  123.8  1.65454756E-47
  123.9  1.65588372E-47
  124.  1.65721989E-47
  124.1  1.65855606E-47
  124.2  1.65989223E-47
  124.3  1.6612284E-47
  124.4  1.66256457E-47
  124.5  1.66390074E-47
  124.6  1.66523691E-47
  124.7  1.66657308E-47
  124.8  1.66790925E-47
  124.9  1.66924542E-47
  125.  1.67058159E-47
  125.1  1.67191776E-47
  125.2  1.67325393E-47
  125.3  1.67459009E-47
  125.4  1.67592626E-47
  125.5  1.67726243E-47
  125.6  1.6785986E-47
  125.7  1.67993477E-47
  125.8  1.68127094E-47
  125.9  1.68260711E-47
  126.  1.68394328E-47
  126.1  1.68527945E-47
  126.2  1.68661562E-47
  126.3  1.68795179E-47
  126.4  1.68928796E-47
  126.5  1.69062412E-47
  126.6  1.69196029E-47
  126.7  1.69329646E-47
  126.8  1.69463263E-47
  126.9  1.6959688E-47
  127.  1.69730497E-47
  127.1  1.69864114E-47
  127.2  1.69997731E-47
  127.3  1.70131348E-47
  127.4  1.70264965E-47
  127.5  1.70398581E-47
  127.6  1.70532198E-47
  127.7  1.70665815E-47
  127.8  1.70799432E-47
  127.9  1.70933049E-47
  128.  1.71066666E-47
  128.1  1.71200283E-47
  128.2  1.713339E-47
  128.3  1.71467517E-47
  128.4  1.71601134E-47
  128.5  1.7173475E-47
  128.6  1.71868367E-47
  128.7  1.72001984E-47
  128.8  1.72135601E-47
  128.9  1.72269218E-47
  129.  1.72402835E-47
  129.1  1.72536452E-47
  129.2  1.72670069E-47
  129.3  1.72803686E-47
  129.4  1.72937303E-47
  129.5  1.73070919E-47
  129.6  1.73204536E-47
  129.7  1.73338153E-47
  129.8  1.7347177E-47
  129.9  1.73605387E-47
  130.  1.73739004E-47
  130.1  1.73872621E-47
  130.2  1.74006238E-47
  130.3  1.74139854E-47
  130.4  1.74273471E-47
  130.5  1.74407088E-47
  130.6  1.74540705E-47
  130.7  1.74674322E-47
  130.8  1.74807939E-47
  130.9  1.74941556E-47
  131.  1.75075173E-47
  131.1  1.7520879E-47
  131.2  1.75342406E-47
  131.3  1.75476023E-47
  131.4  1.7560964E-47
  131.5  1.75743257E-47
  131.6  1.75876874E-47
  131.7  1.76010491E-47
  131.8  1.76144108E-47
  131.9  1.76277724E-47
  132.  1.76411341E-47
  132.1  1.76544958E-47
  132.2  1.76678575E-47
  132.3  1.76812192E-47
  132.4  1.76945809E-47
  132.5  1.77079426E-47
  132.6  1.77213043E-47
  132.7  1.77346659E-47
  132.8  1.77480276E-47
  132.9  1.77613893E-47
  133.  1.7774751E-47
  133.1  1.77881127E-47
  133.2  1.78014744E-47
  133.3  1.78148361E-47
  133.4  1.78281977E-47
  133.5  1.78415594E-47
  133.6  1.78549211E-47
  133.7  1.78682828E-47
  133.8  1.78816445E-47
  133.9  1.78950062E-47
  134.  1.79083679E-47
  134.1  1.79217295E-47
  134.2  1.79350912E-47
  134.3  1.79484529E-47
  134.4  1.79618146E-47
  134.5  1.79751763E-47
  134.6  1.7988538E-47
  134.7  1.80018997E-47
  134.8  1.80152613E-47
  134.9  1.8028623E-47
  135.  1.80419847E-47
  135.1  1.80553464E-47
  135.2  1.80687081E-47
  135.3  1.80820698E-47
  135.4  1.80954315E-47
  135.5  1.81087931E-47
  135.6  1.81221548E-47
  135.7  1.81355165E-47
  135.8  1.81488782E-47
  135.9  1.81622399E-47
  136.  1.81756016E-47
  136.1  1.81889632E-47
  136.2  1.82023249E-47
  136.3  1.82156866E-47
  136.4  1.82290483E-47
  136.5  1.824241E-47
  136.6  1.82557717E-47
  136.7  1.82691334E-47
  136.8  1.8282495E-47
  136.9  1.82958567E-47
  137.  1.83092184E-47
  137.1  1.83225801E-47
  137.2  1.83359418E-47
  137.3  1.83493035E-47
  137.4  1.83626651E-47
  137.5  1.83760268E-47
  137.6  1.83893885E-47
  137.7  1.84027502E-47
  137.8  1.84161119E-47
  137.9  1.84294736E-47
  138.  1.84428352E-47
  138.1  1.84561969E-47
  138.2  1.84695586E-47
  138.3  1.84829203E-47
  138.4  1.8496282E-47
  138.5  1.85096437E-47
  138.6  1.85230053E-47
  138.7  1.8536367E-47
  138.8  1.85497287E-47
  138.9  1.85630904E-47
  139.  1.85764521E-47
  139.1  1.85898138E-47
  139.2  1.86031754E-47
  139.3  1.86165371E-47
  139.4  1.86298988E-47
  139.5  1.86432605E-47
  139.6  1.86566222E-47
  139.7  1.86699838E-47
  139.8  1.86833455E-47
  139.9  1.86967072E-47
  140.  1.87100689E-47
  140.1  1.87234306E-47
  140.2  1.87367923E-47
  140.3  1.87501539E-47
  140.4  1.87635156E-47
  140.5  1.87768773E-47
  140.6  1.8790239E-47
  140.7  1.88036007E-47
  140.8  1.88169623E-47
  140.9  1.8830324E-47
  141.  1.88436857E-47
  141.1  1.88570474E-47
  141.2  1.88704091E-47
  141.3  1.88837708E-47
  141.4  1.88971324E-47
  141.5  1.89104941E-47
  141.6  1.89238558E-47
  141.7  1.89372175E-47
  141.8  1.89505792E-47
  141.9  1.89639408E-47
  142.  1.89773025E-47
  142.1  1.89906642E-47
  142.2  1.90040259E-47
  142.3  1.90173876E-47
  142.4  1.90307492E-47
  142.5  1.90441109E-47
  142.6  1.90574726E-47
  142.7  1.90708343E-47
  142.8  1.9084196E-47
  142.9  1.90975576E-47
  143.  1.91109193E-47
  143.1  1.9124281E-47
  143.2  1.91376427E-47
  143.3  1.91510044E-47
  143.4  1.9164366E-47
  143.5  1.91777277E-47
  143.6  1.91910894E-47
  143.7  1.92044511E-47
  143.8  1.92178128E-47
  143.9  1.92311744E-47
  144.  1.92445361E-47
  144.1  1.92578978E-47
  144.2  1.92712595E-47
  144.3  1.92846212E-47
  144.4  1.92979828E-47
  144.5  1.93113445E-47
  144.6  1.93247062E-47
  144.7  1.93380679E-47
  144.8  1.93514296E-47
  144.9  1.93647912E-47
  145.  1.93781529E-47
  145.1  1.93915146E-47
  145.2  1.94048763E-47
  145.3  1.9418238E-47
  145.4  1.94315996E-47
  145.5  1.94449613E-47
  145.6  1.9458323E-47
  145.7  1.94716847E-47
  145.8  1.94850464E-47
  145.9  1.9498408E-47
  146.  1.95117697E-47
  146.1  1.95251314E-47
  146.2  1.95384931E-47
  146.3  1.95518547E-47
  146.4  1.95652164E-47
  146.5  1.95785781E-47
  146.6  1.95919398E-47
  146.7  1.96053015E-47
  146.8  1.96186631E-47
  146.9  1.96320248E-47
  147.  1.96453865E-47
  147.1  1.96587482E-47
  147.2  1.96721099E-47
  147.3  1.96854715E-47
  147.4  1.96988332E-47
  147.5  1.97121949E-47
  147.6  1.97255566E-47
  147.7  1.97389182E-47
  147.8  1.97522799E-47
  147.9  1.97656416E-47
  148.  1.97790033E-47
  148.1  1.9792365E-47
  148.2  1.98057266E-47
  148.3  1.98190883E-47
  148.4  1.983245E-47
  148.5  1.98458117E-47
  148.6  1.98591733E-47
  148.7  1.9872535E-47
  148.8  1.98858967E-47
  148.9  1.98992584E-47
  149.  1.99126201E-47
  149.1  1.99259817E-47
  149.2  1.99393434E-47
  149.3  1.99527051E-47
  149.4  1.99660668E-47
  149.5  1.99794284E-47
  149.6  1.99927901E-47
  149.7  2.00061518E-47
  149.8  2.00195135E-47
  149.9  2.00328751E-47
  150.  2.00462368E-47
  150.1  2.00595985E-47
  150.2  2.00729602E-47
  150.3  2.00863219E-47
  150.4  2.00996835E-47
  150.5  2.01130452E-47
  150.6  2.01264069E-47
  150.7  2.01397686E-47
  150.8  2.01531302E-47
  150.9  2.01664919E-47
  151.  2.01798536E-47
  151.1  2.01932153E-47
  151.2  2.02065769E-47
  151.3  2.02199386E-47
  151.4  2.02333003E-47
  151.5  2.0246662E-47
  151.6  2.02600236E-47
  151.7  2.02733853E-47
  151.8  2.0286747E-47
  151.9  2.03001087E-47
  152.  2.03134703E-47
  152.1  2.0326832E-47
  152.2  2.03401937E-47
  152.3  2.03535554E-47
  152.4  2.03669171E-47
  152.5  2.03802787E-47
  152.6  2.03936404E-47
  152.7  2.04070021E-47
  152.8  2.04203638E-47
  152.9  2.04337254E-47
  153.  2.04470871E-47
  153.1  2.04604488E-47
  153.2  2.04738105E-47
  153.3  2.04871721E-47
  153.4  2.05005338E-47
  153.5  2.05138955E-47
  153.6  2.05272572E-47
  153.7  2.05406188E-47
  153.8  2.05539805E-47
  153.9  2.05673422E-47
  154.  2.05807039E-47
  154.1  2.05940655E-47
  154.2  2.06074272E-47
  154.3  2.06207889E-47
  154.4  2.06341506E-47
  154.5  2.06475122E-47
  154.6  2.06608739E-47
  154.7  2.06742356E-47
  154.8  2.06875973E-47
  154.9  2.07009589E-47
  155.  2.07143206E-47
  155.1  2.07276823E-47
  155.2  2.0741044E-47
  155.3  2.07544056E-47
  155.4  2.07677673E-47
  155.5  2.0781129E-47
  155.6  2.07944907E-47
  155.7  2.08078523E-47
  155.8  2.0821214E-47
  155.9  2.08345757E-47
  156.  2.08479373E-47
  156.1  2.0861299E-47
  156.2  2.08746607E-47
  156.3  2.08880224E-47
  156.4  2.0901384E-47
  156.5  2.09147457E-47
  156.6  2.09281074E-47
  156.7  2.09414691E-47
  156.8  2.09548307E-47
  156.9  2.09681924E-47
  157.  2.09815541E-47
  157.1  2.09949158E-47
  157.2  2.10082774E-47
  157.3  2.10216391E-47
  157.4  2.10350008E-47
  157.5  2.10483625E-47
  157.6  2.10617241E-47
  157.7  2.10750858E-47
  157.8  2.10884475E-47
  157.9  2.11018091E-47
  158.  2.11151708E-47
  158.1  2.11285325E-47
  158.2  2.11418942E-47
  158.3  2.11552558E-47
  158.4  2.11686175E-47
  158.5  2.11819792E-47
  158.6  2.11953409E-47
  158.7  2.12087025E-47
  158.8  2.12220642E-47
  158.9  2.12354259E-47
  159.  2.12487876E-47
  159.1  2.12621492E-47
  159.2  2.12755109E-47
  159.3  2.12888726E-47
  159.4  2.13022342E-47
  159.5  2.13155959E-47
  159.6  2.13289576E-47
  159.7  2.13423193E-47
  159.8  2.13556809E-47
  159.9  2.13690426E-47
  160.  2.13824043E-47
  160.1  2.1395766E-47
  160.2  2.14091276E-47
  160.3  2.14224893E-47
  160.4  2.1435851E-47
  160.5  2.14492126E-47
  160.6  2.14625743E-47
  160.7  2.1475936E-47
  160.8  2.14892977E-47
  160.9  2.15026593E-47
  161.  2.1516021E-47
  161.1  2.15293827E-47
  161.2  2.15427443E-47
  161.3  2.1556106E-47
  161.4  2.15694677E-47
  161.5  2.15828294E-47
  161.6  2.1596191E-47
  161.7  2.16095527E-47
  161.8  2.16229144E-47
  161.9  2.16362761E-47
  162.  2.16496377E-47
  162.1  2.16629994E-47
  162.2  2.16763611E-47
  162.3  2.16897227E-47
  162.4  2.17030844E-47
  162.5  2.17164461E-47
  162.6  2.17298078E-47
  162.7  2.17431694E-47
  162.8  2.17565311E-47
  162.9  2.17698928E-47
  163.  2.17832544E-47
  163.1  2.17966161E-47
  163.2  2.18099778E-47
  163.3  2.18233395E-47
  163.4  2.18367011E-47
  163.5  2.18500628E-47
  163.6  2.18634245E-47
  163.7  2.18767861E-47
  163.8  2.18901478E-47
  163.9  2.19035095E-47
  164.  2.19168712E-47
  164.1  2.19302328E-47
  164.2  2.19435945E-47
  164.3  2.19569562E-47
  164.4  2.19703178E-47
  164.5  2.19836795E-47
  164.6  2.19970412E-47
  164.7  2.20104028E-47
  164.8  2.20237645E-47
  164.9  2.20371262E-47
  165.  2.20504879E-47
  165.1  2.20638495E-47
  165.2  2.20772112E-47
  165.3  2.20905729E-47
  165.4  2.21039345E-47
  165.5  2.21172962E-47
  165.6  2.21306579E-47
  165.7  2.21440196E-47
  165.8  2.21573812E-47
  165.9  2.21707429E-47
  166.  2.21841046E-47
  166.1  2.21974662E-47
  166.2  2.22108279E-47
  166.3  2.22241896E-47
  166.4  2.22375512E-47
  166.5  2.22509129E-47
  166.6  2.22642746E-47
  166.7  2.22776363E-47
  166.8  2.22909979E-47
  166.9  2.23043596E-47
  167.  2.23177213E-47
  167.1  2.23310829E-47
  167.2  2.23444446E-47
  167.3  2.23578063E-47
  167.4  2.23711679E-47
  167.5  2.23845296E-47
  167.6  2.23978913E-47
  167.7  2.2411253E-47
  167.8  2.24246146E-47
  167.9  2.24379763E-47
  168.  2.2451338E-47
  168.1  2.24646996E-47
  168.2  2.24780613E-47
  168.3  2.2491423E-47
  168.4  2.25047846E-47
  168.5  2.25181463E-47
  168.6  2.2531508E-47
  168.7  2.25448697E-47
  168.8  2.25582313E-47
  168.9  2.2571593E-47
  169.  2.25849547E-47
  169.1  2.25983163E-47
  169.2  2.2611678E-47
  169.3  2.26250397E-47
  169.4  2.26384013E-47
  169.5  2.2651763E-47
  169.6  2.26651247E-47
  169.7  2.26784863E-47
  169.8  2.2691848E-47
  169.9  2.27052097E-47
  170.  2.27185714E-47
